USER         PID %CPU %MEM    VSZ   RSS TTY      STAT START   TIME COMMAND
root           1  5.2  0.0  19080 11840 ?        Ss   18:55   0:00 /sbin/init
root           2  0.0  0.0      0     0 ?        S    18:55   0:00 [kthreadd]
root           3  0.0  0.0      0     0 ?        I<   18:55   0:00 [rcu_gp]
root           4  0.0  0.0      0     0 ?        I<   18:55   0:00 [rcu_par_gp]
root           5  0.0  0.0      0     0 ?        I    18:55   0:00 [kworker/0:0-events]
root           6  0.0  0.0      0     0 ?        I<   18:55   0:00 [kworker/0:0H-events_highpri]
root           7  0.2  0.0      0     0 ?        I    18:55   0:00 [kworker/u32:0-events_unbound]
root           8  0.0  0.0      0     0 ?        I<   18:55   0:00 [mm_percpu_wq]
root           9  3.5  0.0      0     0 ?        I    18:55   0:00 [kworker/u32:1-events_unbound]
root          10  0.0  0.0      0     0 ?        S    18:55   0:00 [rcu_tasks_kthre]
root          11  0.0  0.0      0     0 ?        S    18:55   0:00 [rcu_tasks_rude_]
root          12  0.0  0.0      0     0 ?        S    18:55   0:00 [rcu_tasks_trace]
root          13  0.1  0.0      0     0 ?        S    18:55   0:00 [ksoftirqd/0]
root          14  0.2  0.0      0     0 ?        R    18:55   0:00 [rcu_preempt]
root          15  0.0  0.0      0     0 ?        S    18:55   0:00 [rcub/0]
root          16  0.0  0.0      0     0 ?        S    18:55   0:00 [rcuc/0]
root          17  0.0  0.0      0     0 ?        S    18:55   0:00 [migration/0]
root          18  0.0  0.0      0     0 ?        S    18:55   0:00 [idle_inject/0]
root          19  0.0  0.0      0     0 ?        R    18:55   0:00 [kworker/0:1+events]
root          20  0.0  0.0      0     0 ?        S    18:55   0:00 [cpuhp/0]
root          21  0.0  0.0      0     0 ?        S    18:55   0:00 [cpuhp/1]
root          22  0.0  0.0      0     0 ?        S    18:55   0:00 [idle_inject/1]
root          23 13.0  0.0      0     0 ?        S    18:55   0:01 [migration/1]
root          24  0.0  0.0      0     0 ?        S    18:55   0:00 [rcuc/1]
root          25  0.1  0.0      0     0 ?        S    18:55   0:00 [ksoftirqd/1]
root          26  0.0  0.0      0     0 ?        I    18:55   0:00 [kworker/1:0-cgroup_destroy]
root          27  0.0  0.0      0     0 ?        I<   18:55   0:00 [kworker/1:0H-kblockd]
root          28  0.0  0.0      0     0 ?        S    18:55   0:00 [cpuhp/2]
root          29  0.0  0.0      0     0 ?        S    18:55   0:00 [idle_inject/2]
root          30 13.0  0.0      0     0 ?        S    18:55   0:01 [migration/2]
root          31  0.0  0.0      0     0 ?        S    18:55   0:00 [rcuc/2]
root          32  0.4  0.0      0     0 ?        S    18:55   0:00 [ksoftirqd/2]
root          33  0.0  0.0      0     0 ?        I    18:55   0:00 [kworker/2:0-rcu_gp]
root          34  0.0  0.0      0     0 ?        I<   18:55   0:00 [kworker/2:0H-events_highpri]
root          35  0.0  0.0      0     0 ?        S    18:55   0:00 [cpuhp/3]
root          36  0.0  0.0      0     0 ?        S    18:55   0:00 [idle_inject/3]
root          37  0.0  0.0      0     0 ?        S    18:55   0:00 [migration/3]
root          38  0.0  0.0      0     0 ?        S    18:55   0:00 [rcuc/3]
root          39  0.2  0.0      0     0 ?        S    18:55   0:00 [ksoftirqd/3]
root          40  0.0  0.0      0     0 ?        I    18:55   0:00 [kworker/3:0-events]
root          41  0.0  0.0      0     0 ?        I<   18:55   0:00 [kworker/3:0H-events_highpri]
root          42  0.0  0.0      0     0 ?        S    18:55   0:00 [cpuhp/4]
root          43  0.0  0.0      0     0 ?        S    18:55   0:00 [idle_inject/4]
root          44 13.0  0.0      0     0 ?        S    18:55   0:01 [migration/4]
root          45  0.0  0.0      0     0 ?        S    18:55   0:00 [rcuc/4]
root          46  0.0  0.0      0     0 ?        S    18:55   0:00 [ksoftirqd/4]
root          47  0.0  0.0      0     0 ?        I    18:55   0:00 [kworker/4:0-events]
root          48  0.0  0.0      0     0 ?        I<   18:55   0:00 [kworker/4:0H-kblockd]
root          49  0.0  0.0      0     0 ?        S    18:55   0:00 [cpuhp/5]
root          50  0.0  0.0      0     0 ?        S    18:55   0:00 [idle_inject/5]
root          51 13.0  0.0      0     0 ?        S    18:55   0:01 [migration/5]
root          52  0.0  0.0      0     0 ?        S    18:55   0:00 [rcuc/5]
root          53  0.2  0.0      0     0 ?        S    18:55   0:00 [ksoftirqd/5]
root          54  0.0  0.0      0     0 ?        I    18:55   0:00 [kworker/5:0-events]
root          55  0.0  0.0      0     0 ?        I<   18:55   0:00 [kworker/5:0H-events_highpri]
root          56  0.0  0.0      0     0 ?        S    18:55   0:00 [kdevtmpfs]
root          57  0.0  0.0      0     0 ?        I<   18:55   0:00 [netns]
root          58  0.0  0.0      0     0 ?        I<   18:55   0:00 [inet_frag_wq]
root          59  0.0  0.0      0     0 ?        S    18:55   0:00 [kauditd]
root          60  0.0  0.0      0     0 ?        S    18:55   0:00 [khungtaskd]
root          61  0.0  0.0      0     0 ?        S    18:55   0:00 [oom_reaper]
root          62  0.0  0.0      0     0 ?        I<   18:55   0:00 [writeback]
root          63  0.0  0.0      0     0 ?        S    18:55   0:00 [kcompactd0]
root          64  0.0  0.0      0     0 ?        SN   18:55   0:00 [ksmd]
root          65  0.0  0.0      0     0 ?        SN   18:55   0:00 [khugepaged]
root          66  0.0  0.0      0     0 ?        I<   18:55   0:00 [kintegrityd]
root          67  0.0  0.0      0     0 ?        I<   18:55   0:00 [kblockd]
root          68  0.0  0.0      0     0 ?        I<   18:55   0:00 [blkcg_punt_bio]
root          69  0.0  0.0      0     0 ?        I<   18:55   0:00 [ata_sff]
root          70  0.0  0.0      0     0 ?        I<   18:55   0:00 [edac-poller]
root          71  0.0  0.0      0     0 ?        I<   18:55   0:00 [devfreq_wq]
root          72  0.0  0.0      0     0 ?        S    18:55   0:00 [watchdogd]
root          73  0.0  0.0      0     0 ?        I    18:55   0:00 [kworker/4:1-events]
root          74  0.0  0.0      0     0 ?        I    18:55   0:00 [kworker/2:1-events]
root          75  0.0  0.0      0     0 ?        I<   18:55   0:00 [kworker/2:1H-kblockd]
root          76  0.0  0.0      0     0 ?        S    18:55   0:00 [irq/25-AMD-Vi]
root          77  0.0  0.0      0     0 ?        I    18:55   0:00 [kworker/1:1-cgroup_destroy]
root          78  0.0  0.0      0     0 ?        S    18:55   0:00 [kswapd0]
root          79  0.0  0.0      0     0 ?        I<   18:55   0:00 [kthrotld]
root          81  0.2  0.0      0     0 ?        I    18:55   0:00 [kworker/2:2-events]
root          82  0.0  0.0      0     0 ?        I    18:55   0:00 [kworker/3:1-events]
root          83  0.0  0.0      0     0 ?        I    18:55   0:00 [kworker/5:1-events]
root          84  0.0  0.0      0     0 ?        I<   18:55   0:00 [acpi_thermal_pm]
root          85  0.1  0.0      0     0 ?        I    18:55   0:00 [kworker/u32:2-events_unbound]
root          86  0.0  0.0      0     0 ?        I<   18:55   0:00 [amd_iommu_v2]
root          87  0.0  0.0      0     0 ?        I<   18:55   0:00 [nvme-wq]
root          88  0.0  0.0      0     0 ?        I<   18:55   0:00 [nvme-reset-wq]
root          89  0.0  0.0      0     0 ?        I<   18:55   0:00 [nvme-delete-wq]
root          90  0.0  0.0      0     0 ?        S    18:55   0:00 [scsi_eh_0]
root          91  0.0  0.0      0     0 ?        I<   18:55   0:00 [scsi_tmf_0]
root          92  0.2  0.0      0     0 ?        I    18:55   0:00 [kworker/u32:3-events_unbound]
root          93  0.0  0.0      0     0 ?        S    18:55   0:00 [scsi_eh_1]
root          94  0.0  0.0      0     0 ?        I<   18:55   0:00 [scsi_tmf_1]
root          95  0.0  0.0      0     0 ?        I    18:55   0:00 [kworker/u32:4-events_power_efficient]
root          96  0.0  0.0      0     0 ?        I<   18:55   0:00 [mld]
root          97  0.1  0.0      0     0 ?        S    18:55   0:00 [kworker/u32:5+events_unbound]
root          98  0.0  0.0      0     0 ?        I<   18:55   0:00 [ipv6_addrconf]
root         100  0.1  0.0      0     0 ?        I    18:55   0:00 [kworker/u32:6-events_unbound]
root         110  0.0  0.0      0     0 ?        I<   18:55   0:00 [kstrp]
root         114  0.0  0.0      0     0 ?        I<   18:55   0:00 [zswap1]
root         115  0.0  0.0      0     0 ?        I<   18:55   0:00 [zswap1]
root         116  0.0  0.0      0     0 ?        I<   18:55   0:00 [zswap-shrink]
root         117  0.0  0.0      0     0 ?        I<   18:55   0:00 [kworker/u33:0]
root         156  0.0  0.0      0     0 ?        I<   18:55   0:00 [charger_manager]
root         157  0.0  0.0      0     0 ?        I<   18:56   0:00 [kworker/4:1H-kblockd]
root         169  0.0  0.0      0     0 ?        I<   18:56   0:00 [kworker/0:1H-kblockd]
root         184  0.0  0.0      0     0 ?        I<   18:56   0:00 [kworker/5:1H-kblockd]
root         186  0.0  0.0      0     0 ?        I    18:56   0:00 [kworker/3:2-events]
root         187  0.0  0.0      0     0 ?        I<   18:56   0:00 [kworker/3:1H-kblockd]
root         188  0.0  0.0      0     0 ?        I    18:56   0:00 [kworker/2:3-events]
root         200  0.0  0.0      0     0 ?        I<   18:56   0:00 [reiserfs/sda2]
root         201  0.0  0.0      0     0 ?        I<   18:56   0:00 [kworker/1:1H-kblockd]
root         234  4.7  0.0  24076 12308 ?        Ss   18:56   0:00 /usr/lib/systemd/systemd-journald
root         239  0.0  0.0      0     0 ?        I    18:56   0:00 [kworker/5:2-events]
root         240  0.0  0.0      0     0 ?        I    18:56   0:00 [kworker/4:2-events]
root         245  0.0  0.0      0     0 ?        I<   18:56   0:00 [iprt-VBoxWQueue]
root         257  0.0  0.0      0     0 ?        S    18:56   0:00 [iprt-VBoxTscThr]
root         258  0.0  0.0      0     0 ?        R    18:56   0:00 [kworker/0:2-events]
root         264  4.5  0.0  32676 10232 ?        Ss   18:56   0:00 /usr/lib/systemd/systemd-udevd
root         269  6.0  0.0  31504  6116 ?        D    18:56   0:00 /usr/lib/systemd/systemd-udevd
root         270 14.3  0.0  33588  8872 ?        D    18:56   0:00 /usr/lib/systemd/systemd-udevd
root         271  7.0  0.0  33248  7332 ?        D    18:56   0:00 /usr/lib/systemd/systemd-udevd
root         272  7.6  0.0  31548  6912 ?        D    18:56   0:00 /usr/lib/systemd/systemd-udevd
root         273  5.3  0.0  31804  6460 ?        R    18:56   0:00 /usr/lib/systemd/systemd-udevd
root         274 10.3  0.0  33280  9136 ?        D    18:56   0:00 /usr/lib/systemd/systemd-udevd
root         275  9.6  0.0  31820  7384 ?        D    18:56   0:00 /usr/lib/systemd/systemd-udevd
root         276 11.3  0.0  33276  8648 ?        R    18:56   0:00 /usr/lib/systemd/systemd-udevd
root         277  5.3  0.0  32092  8352 ?        S    18:56   0:00 /usr/lib/systemd/systemd-udevd
root         278  1.6  0.0  31540  5700 ?        D    18:56   0:00 /usr/lib/systemd/systemd-udevd
root         279 11.3  0.0  33600  8712 ?        D    18:56   0:00 /usr/lib/systemd/systemd-udevd
root         280  9.0  0.0  33596  7460 ?        D    18:56   0:00 /usr/lib/systemd/systemd-udevd
root         282  1.0  0.0  31612  5744 ?        D    18:56   0:00 /usr/lib/systemd/systemd-udevd
root         283  4.6  0.0  31644  7520 ?        D    18:56   0:00 /usr/lib/systemd/systemd-udevd
root         284  2.6  0.0  31612  5744 ?        D    18:56   0:00 /usr/lib/systemd/systemd-udevd
root         285  2.6  0.0  31632  5508 ?        D    18:56   0:00 /usr/lib/systemd/systemd-udevd
root         286  3.6  0.0  31704  5984 ?        D    18:56   0:00 /usr/lib/systemd/systemd-udevd
root         287 46.0  0.1  49420 24592 ?        R    18:56   0:01 /usr/lib/systemd/systemd-udevd
root         288  2.0  0.0  31620  5732 ?        D    18:56   0:00 /usr/lib/systemd/systemd-udevd
root         289  5.0  0.0  31648  7392 ?        R    18:56   0:00 /usr/lib/systemd/systemd-udevd
root         290  2.0  0.0  31620  5752 ?        D    18:56   0:00 /usr/lib/systemd/systemd-udevd
root         291  1.6  0.0  31100  6720 ?        S    18:56   0:00 /usr/lib/systemd/systemd-udevd
root         292 12.3  0.0  31636  8068 ?        S    18:56   0:00 /usr/lib/systemd/systemd-udevd
root         293  9.6  0.0  32244  7820 ?        R    18:56   0:00 /usr/lib/systemd/systemd-udevd
root         294  1.6  0.0  31620  5752 ?        D    18:56   0:00 /usr/lib/systemd/systemd-udevd
root         295  0.3  0.0  31092  6572 ?        S    18:56   0:00 /usr/lib/systemd/systemd-udevd
root         296  4.6  0.0  31640  7204 ?        D    18:56   0:00 /usr/lib/systemd/systemd-udevd
root         297  6.6  0.0  31644  6156 ?        D    18:56   0:00 /usr/lib/systemd/systemd-udevd
root         303  0.0  0.0      0     0 ?        S    18:56   0:00 [irq/48-ACPI:Eve]
root         305  0.6  0.0      0     0 ?        I    18:56   0:00 [kworker/5:3-events]
root         306  0.0  0.0      0     0 ?        S    18:56   0:00 [irq/49-ACPI:Eve]
root         307  0.0  0.0      0     0 ?        S    18:56   0:00 [irq/50-ACPI:Eve]
root         309  0.0  0.0      0     0 ?        S    18:56   0:00 [irq/51-ACPI:Eve]
root         310  0.0  0.0      0     0 ?        S    18:56   0:00 [irq/52-ACPI:Eve]
root         312  0.0  0.0      0     0 ?        S    18:56   0:00 [irq/53-ACPI:Eve]
root         313  0.0  0.0      0     0 ?        S    18:56   0:00 [irq/54-ACPI:Eve]
root         314  0.0  0.0      0     0 ?        S    18:56   0:00 [irq/55-ACPI:Eve]
root         315  0.0  0.0      0     0 ?        S    18:56   0:00 [irq/56-ACPI:Eve]
root         316  0.0  0.0      0     0 ?        S    18:56   0:00 [irq/57-ACPI:Eve]
root         325  0.0  0.0      0     0 ?        S    18:56   0:00 [irq/58-GXT7863:]
root         328  0.0  0.0      0     0 ?        I<   18:56   0:00 [tpm_dev_wq]
root         341  0.3  0.0      0     0 ?        I    18:56   0:00 [kworker/1:2-events]
root         350  3.0  0.0   5356  4168 ?        S    18:56   0:00 /bin/sh /usr/bin/laptop_mode force
root         427  1.0  0.0   5356  4212 ?        S    18:56   0:00 /bin/sh /usr/bin/laptop_mode force
root         936  8.0  0.0   5480  2864 ?        D    18:56   0:00 /bin/sh /usr/bin/laptop_mode force
root        1064  0.0  0.0      0     0 ?        S    18:56   0:00 [gfx]
root        1065  0.0  0.0      0     0 ?        S    18:56   0:00 [comp_1.0.0]
root        1066  0.0  0.0      0     0 ?        S    18:56   0:00 [comp_1.1.0]
root        1067  0.0  0.0      0     0 ?        S    18:56   0:00 [comp_1.2.0]
root        1068  0.0  0.0      0     0 ?        S    18:56   0:00 [comp_1.3.0]
root        1069  0.0  0.0      0     0 ?        S    18:56   0:00 [comp_1.0.1]
root        1070  0.0  0.0      0     0 ?        S    18:56   0:00 [comp_1.1.1]
root        1071  0.0  0.0      0     0 ?        S    18:56   0:00 [comp_1.2.1]
root        1072  0.0  0.0      0     0 ?        S    18:56   0:00 [comp_1.3.1]
root        1073  0.0  0.0      0     0 ?        S    18:56   0:00 [sdma0]
systemd+    1074  2.0  0.0  15320  6212 ?        Ss   18:56   0:00 /usr/lib/systemd/systemd-oomd
systemd+    1075  2.5  0.0  89556  7000 ?        Ssl  18:56   0:00 /usr/lib/systemd/systemd-timesyncd
root        1076  0.0  0.0      0     0 ?        S    18:56   0:00 [vcn_dec]
root        1077  0.0  0.0      0     0 ?        S    18:56   0:00 [vcn_enc0]
root        1078  0.0  0.0      0     0 ?        S    18:56   0:00 [vcn_enc1]
root        1079  0.0  0.0      0     0 ?        S    18:56   0:00 [jpeg_dec]
root        1080  0.0  0.0  19032  2304 ?        S<sl 18:56   0:00 /usr/bin/auditd
root        1092  0.0  0.0   2680  1044 ?        Ds   18:56   0:00 /usr/bin/acpid --foreground --netlink
root        1093  0.0  0.0  10380  3196 ?        Ss   18:56   0:00 bash /usr/lib/systemd/scripts/chkboot-bootcheck
dbus        1094  2.0  0.0  13092  6304 ?        Ss   18:56   0:00 /usr/bin/dbus-daemon --system --address=systemd: --nofork --nopidfile --systemd-activation --syslog-only
earlyoom    1095  0.5  0.0   2656   916 ?        SLs  18:56   0:00 /usr/bin/earlyoom -r 3600 -n --avoid (^|/)(init|systemd|Xorg|sshd)$
root        1098  2.0  0.0   3380  1916 ?        Ds   18:56   0:00 /usr/bin/iptables-restore /etc/iptables/iptables.rules
root        1100  2.0  0.0  10516  4092 ?        S    18:56   0:00 bash /usr/bin/chkboot
root        1106  5.0  0.0  31808  6556 ?        Ss   18:56   0:00 /usr/lib/systemd/systemd-logind
root        1125  0.0  0.0      0     0 ?        I<   18:56   0:00 [cfg80211]
root        1135  0.0  0.0      0     0 ?        I    18:56   0:00 [kworker/4:3-events]
root        1165  1.0  0.0  84172   956 ?        Ss   18:56   0:00 gpg-agent --homedir /etc/pacman.d/gnupg --use-standard-socket --daemon
root        1179  0.0  0.0  10908  4432 ?        Ss   18:56   0:00 /usr/bin/bash /usr/bin/pacman-key --populate archlinux
root        1205 86.0  0.0  14724  6044 ?        RL   18:56   0:00 gpg --homedir /etc/pacman.d/gnupg/ --no-permission-warning --quiet --import /usr/share/pacman/keyrings/archlinux.gpg
root        1209  0.0  0.0      0     0 ?        I<   18:56   0:00 [cryptd]
root        1213  0.0  0.0   2704   980 ?        S    18:56   0:00 /usr/bin/flock -x -w 1 9
root        1338 14.0  0.0  11532  4440 ?        D    18:56   0:00 /sbin/modprobe -q -- ipt_conntrack
root        1344  0.0  0.0      0     0 ?        I    18:56   0:00 [kworker/1:3-events]
root        1533  0.0  0.0      0     0 ?        I<   18:56   0:00 [amdgpu_dm_hpd_r]
root        1534  0.0  0.0      0     0 ?        I<   18:56   0:00 [amdgpu_dm_hpd_r]
root        1535  0.0  0.0      0     0 ?        I<   18:56   0:00 [amdgpu_dm_hpd_r]
root        1537  0.0  0.0      0     0 ?        I<   18:56   0:00 [dm_vblank_contr]
root        1579  0.0  0.0      0     0 ?        S    18:56   0:00 [card0-crtc0]
root        1584  0.0  0.0      0     0 ?        S    18:56   0:00 [card0-crtc1]
root        1586  0.0  0.0      0     0 ?        S    18:56   0:00 [card0-crtc2]
root        1587  0.0  0.0      0     0 ?        S    18:56   0:00 [card0-crtc3]
root        1605  0.0  0.0  15640  6440 ?        Ss   18:56   0:00 udevadm settle
root        1643  0.0  0.0  10380  4032 ?        Ss   18:56   0:00 /bin/bash /home/max/.script/getsockets.sh
root        1655  0.0  0.0      0     0 ?        I    18:56   0:00 [kworker/0:3-events]
root        1659  0.0  0.0  15152  3328 ?        D    18:56   0:00 /usr/lib/systemd/systemd-vconsole-setup
root        1666  0.0  0.0  18788  5912 ?        R    18:56   0:00 ps aux
root        1668  0.0  0.0  10516  1724 ?        S    18:56   0:00 bash /usr/bin/chkboot
