(etherape:2192): GLib-GIO-DEBUG: 02:03:06.958: _g_io_module_get_default: Found default implementation local (GLocalVfs) for ‘gio-vfs’
EtherApe-INFO: 02:03:07.141: sctp protocol not supported
EtherApe-INFO: 02:03:07.141: dccp protocol not supported
EtherApe-INFO: 02:03:07.141: sctp protocol not supported
EtherApe-INFO: 02:03:07.141: sctp protocol not supported
EtherApe-INFO: 02:03:07.141: sctp protocol not supported
EtherApe-INFO: 02:03:07.141: sctp protocol not supported
EtherApe-INFO: 02:03:07.142: sctp protocol not supported
EtherApe-INFO: 02:03:07.142: sctp protocol not supported
EtherApe-INFO: 02:03:07.142: sctp protocol not supported
EtherApe-INFO: 02:03:07.142: dccp protocol not supported
EtherApe-INFO: 02:03:07.142: sctp protocol not supported
EtherApe-INFO: 02:03:07.142: dccp protocol not supported
EtherApe-INFO: 02:03:07.142: dccp protocol not supported
EtherApe-INFO: 02:03:07.142: sctp protocol not supported
EtherApe-INFO: 02:03:07.143: sctp protocol not supported
EtherApe-INFO: 02:03:07.143: sctp protocol not supported
EtherApe-INFO: 02:03:07.143: sctp protocol not supported
EtherApe-INFO: 02:03:07.144: sctp protocol not supported
EtherApe-INFO: 02:03:07.144: sctp protocol not supported
EtherApe-INFO: 02:03:07.144: sctp protocol not supported
EtherApe-INFO: 02:03:07.144: sctp protocol not supported
EtherApe-INFO: 02:03:07.144: sctp protocol not supported
EtherApe-INFO: 02:03:07.145: sctp protocol not supported
EtherApe-INFO: 02:03:07.145: sctp protocol not supported
EtherApe-INFO: 02:03:07.145: sctp protocol not supported
EtherApe-INFO: 02:03:07.145: sctp protocol not supported
EtherApe-INFO: 02:03:07.145: sctp protocol not supported
EtherApe-INFO: 02:03:07.146: sctp protocol not supported
EtherApe-INFO: 02:03:07.146: dccp protocol not supported
EtherApe-INFO: 02:03:07.146: sctp protocol not supported
EtherApe-INFO: 02:03:07.146: sctp protocol not supported
EtherApe-INFO: 02:03:07.146: dccp protocol not supported
EtherApe-INFO: 02:03:07.146: sctp protocol not supported
EtherApe-INFO: 02:03:07.146: sctp protocol not supported
EtherApe-INFO: 02:03:07.146: sctp protocol not supported
EtherApe-INFO: 02:03:07.146: dccp protocol not supported
EtherApe-INFO: 02:03:07.146: dccp protocol not supported
EtherApe-INFO: 02:03:07.146: sctp protocol not supported
EtherApe-INFO: 02:03:07.146: sctp protocol not supported
EtherApe-INFO: 02:03:07.146: sctp protocol not supported
EtherApe-INFO: 02:03:07.146: sctp protocol not supported
EtherApe-INFO: 02:03:07.146: sctp protocol not supported
EtherApe-INFO: 02:03:07.147: sctp protocol not supported
EtherApe-INFO: 02:03:07.147: sctp protocol not supported
EtherApe-INFO: 02:03:07.147: sctp protocol not supported
EtherApe-INFO: 02:03:07.147: sctp protocol not supported
EtherApe-INFO: 02:03:07.147: sctp protocol not supported
EtherApe-INFO: 02:03:07.147: sctp protocol not supported
EtherApe-INFO: 02:03:07.147: sctp protocol not supported
EtherApe-INFO: 02:03:07.147: sctp protocol not supported
EtherApe-INFO: 02:03:07.147: dccp protocol not supported
EtherApe-INFO: 02:03:07.147: sctp protocol not supported
EtherApe-INFO: 02:03:07.147: sctp protocol not supported
EtherApe-INFO: 02:03:07.147: sctp protocol not supported
EtherApe-INFO: 02:03:07.147: sctp protocol not supported
EtherApe-INFO: 02:03:07.147: sctp protocol not supported
EtherApe-INFO: 02:03:07.147: sctp protocol not supported
EtherApe-INFO: 02:03:07.147: sctp protocol not supported
EtherApe-INFO: 02:03:07.147: sctp protocol not supported
EtherApe-INFO: 02:03:07.147: sctp protocol not supported
EtherApe-INFO: 02:03:07.148: sctp protocol not supported
EtherApe-INFO: 02:03:07.148: sctp protocol not supported
EtherApe-INFO: 02:03:07.148: sctp protocol not supported
EtherApe-INFO: 02:03:07.148: sctp protocol not supported
EtherApe-INFO: 02:03:07.148: sctp protocol not supported
EtherApe-INFO: 02:03:07.148: sctp protocol not supported
EtherApe-INFO: 02:03:07.148: sctp protocol not supported
EtherApe-INFO: 02:03:07.148: sctp protocol not supported
EtherApe-INFO: 02:03:07.148: sctp protocol not supported
EtherApe-INFO: 02:03:07.148: sctp protocol not supported
EtherApe-INFO: 02:03:07.148: sctp protocol not supported
EtherApe-INFO: 02:03:07.148: sctp protocol not supported
EtherApe-INFO: 02:03:07.148: sctp protocol not supported
EtherApe-INFO: 02:03:07.148: sctp protocol not supported
EtherApe-INFO: 02:03:07.148: sctp protocol not supported
EtherApe-INFO: 02:03:07.148: sctp protocol not supported
EtherApe-INFO: 02:03:07.148: sctp protocol not supported
EtherApe-INFO: 02:03:07.148: sctp protocol not supported
EtherApe-INFO: 02:03:07.148: sctp protocol not supported
EtherApe-INFO: 02:03:07.148: sctp protocol not supported
EtherApe-INFO: 02:03:07.148: sctp protocol not supported
EtherApe-INFO: 02:03:07.148: sctp protocol not supported
EtherApe-INFO: 02:03:07.148: sctp protocol not supported
EtherApe-INFO: 02:03:07.148: sctp protocol not supported
EtherApe-INFO: 02:03:07.148: sctp protocol not supported
EtherApe-INFO: 02:03:07.148: sctp protocol not supported
EtherApe-INFO: 02:03:07.148: sctp protocol not supported
EtherApe-INFO: 02:03:07.160: get_interface result: ''
EtherApe-INFO: 02:03:07.160: Available interfaces for capture: dbus-session dbus-system nfqueue nflog bluetooth-monitor enp0s25 lo any wlp3s0
EtherApe-INFO: 02:03:07.175: Link type is LINUX_SLL
EtherApe-INFO: 02:03:07.176: Diagram started
EtherApe-INFO: 02:03:07.682: New node: IP: 192.168.2.133. Number of nodes 1
EtherApe-INFO: 02:03:07.682: New node: IP: 142.250.186.206. Number of nodes 2
EtherApe-INFO: 02:03:07.948: New node: IP: 176.122.113.14. Number of nodes 3
EtherApe-INFO: 02:03:07.949: New node: IP: 104.16.248.249. Number of nodes 4
EtherApe-INFO: 02:03:07.950: New node: IP: 104.81.107.51. Number of nodes 5
EtherApe-INFO: 02:03:08.217: New node: IP: 142.250.186.202. Number of nodes 6
EtherApe-INFO: 02:03:08.218: New node: IP: 172.217.16.42. Number of nodes 7
EtherApe-INFO: 02:03:08.219: New node: IP: 142.250.203.206. Number of nodes 8
EtherApe-INFO: 02:03:08.483: New node: IP: 192.168.2.1. Number of nodes 9
EtherApe-INFO: 02:03:08.484: New node: IP: 142.250.186.197. Number of nodes 10
EtherApe-INFO: 02:03:09.017: New node: IP: 142.250.203.142. Number of nodes 11
EtherApe-INFO: 02:03:09.282: New node: IP: 87.245.216.107. Number of nodes 12
EtherApe-INFO: 02:03:09.282: New node: IP: 162.159.200.123. Number of nodes 13
EtherApe-INFO: 02:03:09.552: New node: IP: 142.250.203.195. Number of nodes 14
EtherApe-INFO: 02:03:10.617: New node: IP: 216.58.209.3. Number of nodes 15
EtherApe-INFO: 02:03:10.882: New node: IP: 34.107.221.82. Number of nodes 16
EtherApe-INFO: 02:03:11.948: New node: IP: 216.58.215.78. Number of nodes 17
EtherApe-INFO: 02:03:12.748: New node: IP: 216.58.209.22. Number of nodes 18
EtherApe-INFO: 02:03:13.015: New node: IP: 15.188.95.229. Number of nodes 19
EtherApe-INFO: 02:03:13.015: New node: IP: 93.184.220.29. Number of nodes 20
EtherApe-INFO: 02:03:13.285: New node: IP: 2.18.110.106. Number of nodes 21
EtherApe-INFO: 02:03:13.816: New node: IP: 176.122.113.12. Number of nodes 22
EtherApe-INFO: 02:03:14.882: New node: IP: 54.149.143.77. Number of nodes 23
EtherApe-INFO: 02:03:14.882: New node: IP: 34.210.177.250. Number of nodes 24
EtherApe-INFO: 02:03:15.161: New node: IP: 149.154.167.51. Number of nodes 25
EtherApe-INFO: 02:03:15.166: New node: IP: 149.154.167.50. Number of nodes 26
EtherApe-INFO: 02:03:18.348: New node: IP: 216.58.209.1. Number of nodes 27
EtherApe-INFO: 02:03:18.349: New node: IP: 216.58.209.14. Number of nodes 28
EtherApe-INFO: 02:03:19.418: New node: IP: 216.58.215.110. Number of nodes 29
EtherApe-INFO: 02:03:20.215: New node: IP: 104.81.120.141. Number of nodes 30
EtherApe-INFO: 02:03:21.548: New node: IP: 87.245.212.11. Number of nodes 31
EtherApe-INFO: 02:03:21.549: New node: IP: 64.233.165.189. Number of nodes 32
EtherApe-INFO: 02:03:21.837: New node: IP: 2.23.108.23. Number of nodes 33
EtherApe-INFO: 02:03:30.615: New node: IP: 199.232.16.193. Number of nodes 34
EtherApe-INFO: 02:03:44.215: New node: IP: 34.120.208.123. Number of nodes 35
EtherApe-INFO: 02:03:50.348: New node: IP: 34.117.237.239. Number of nodes 36
EtherApe-INFO: 02:03:50.882: New node: IP: 149.154.167.92. Number of nodes 37
EtherApe-INFO: 02:03:51.415: New node: IP: 104.18.12.33. Number of nodes 38
EtherApe-INFO: 02:03:53.285: New node: IP: 185.199.108.154. Number of nodes 39
EtherApe-INFO: 02:03:54.348: New node: IP: 140.82.121.4. Number of nodes 40
EtherApe-INFO: 02:03:55.415: New node: IP: 142.250.75.8. Number of nodes 41
EtherApe-INFO: 02:03:55.415: New node: IP: 216.58.215.105. Number of nodes 42
EtherApe-INFO: 02:03:55.416: New node: IP: 142.250.75.1. Number of nodes 43
EtherApe-INFO: 02:03:55.416: New node: IP: 185.199.108.133. Number of nodes 44
EtherApe-INFO: 02:03:55.416: New node: IP: 142.250.203.193. Number of nodes 45
EtherApe-INFO: 02:03:56.481: New node: IP: 140.82.113.22. Number of nodes 46
EtherApe-INFO: 02:03:57.282: New node: IP: 216.58.208.194. Number of nodes 47
EtherApe-INFO: 02:03:57.282: New node: IP: 142.250.75.3. Number of nodes 48
EtherApe-INFO: 02:03:57.282: New node: IP: 140.82.121.6. Number of nodes 49
EtherApe-INFO: 02:03:57.282: New node: IP: 216.58.208.193. Number of nodes 50
EtherApe-INFO: 02:03:57.548: New node: IP: 140.82.112.26. Number of nodes 51
EtherApe-INFO: 02:03:58.349: New node: IP: 142.250.203.138. Number of nodes 52
EtherApe-INFO: 02:03:58.349: New node: IP: 216.58.209.10. Number of nodes 53
EtherApe-INFO: 02:04:00.482: New node: IP: 151.101.130.133. Number of nodes 54
EtherApe-INFO: 02:04:02.348: New node: IP: 35.186.227.140. Number of nodes 55
EtherApe-INFO: 02:04:04.482: New node: IP: 216.58.208.202. Number of nodes 56
EtherApe-INFO: 02:04:04.482: New node: IP: 142.250.75.14. Number of nodes 57
EtherApe-INFO: 02:04:04.482: New node: IP: 142.250.203.133. Number of nodes 58
EtherApe-INFO: 02:04:18.618: New node: IP: 149.154.165.111. Number of nodes 59
EtherApe-INFO: 02:04:50.882: New node: IP: 44.236.147.116. Number of nodes 60
EtherApe-INFO: 02:04:51.148: New node: IP: 142.250.75.22. Number of nodes 61
EtherApe-INFO: 02:04:51.948: New node: IP: 13.224.198.15. Number of nodes 62
EtherApe-INFO: 02:04:54.882: New node: IP: 52.84.198.25. Number of nodes 63
EtherApe-INFO: 02:04:55.693: New node: IP: 18.66.139.97. Number of nodes 64
EtherApe-INFO: 02:04:57.815: New node: IP: 52.84.106.85. Number of nodes 65
EtherApe-INFO: 02:04:58.082: New node: IP: 34.98.75.36. Number of nodes 66
EtherApe-INFO: 02:04:58.348: New node: IP: 52.41.176.227. Number of nodes 67
EtherApe-INFO: 02:04:58.615: New node: IP: 44.242.9.81. Number of nodes 68
EtherApe-INFO: 02:04:59.149: New node: IP: 18.66.97.117. Number of nodes 69
EtherApe-INFO: 02:05:00.753: New node: IP: 52.222.236.4. Number of nodes 70
EtherApe-INFO: 02:05:22.160: delete node: IP: 104.81.120.141. Number of nodes 69
EtherApe-INFO: 02:05:22.160: delete node: IP: 87.245.212.11. Number of nodes 68
EtherApe-INFO: 02:05:22.160: delete node: IP: 2.23.108.23. Number of nodes 67
EtherApe-INFO: 02:05:25.895: delete node: IP: 104.81.107.51. Number of nodes 66
EtherApe-INFO: 02:05:33.016: delete node: IP: 15.188.95.229. Number of nodes 65
EtherApe-INFO: 02:05:55.959: delete node: IP: 54.149.143.77. Number of nodes 64
EtherApe-INFO: 02:05:55.959: delete node: IP: 34.210.177.250. Number of nodes 63
EtherApe-INFO: 02:06:09.037: delete node: IP: 149.154.167.92. Number of nodes 62
EtherApe-INFO: 02:06:13.592: delete node: IP: 162.159.200.123. Number of nodes 61
EtherApe-INFO: 02:06:21.815: New node: IP: 162.159.200.123. Number of nodes 62
EtherApe-INFO: 02:06:38.138: delete node: IP: 149.154.165.111. Number of nodes 61
EtherApe-INFO: 02:06:53.838: delete node: IP: 142.250.75.22. Number of nodes 60
EtherApe-INFO: 02:06:54.894: delete node: IP: 176.122.113.14. Number of nodes 59
EtherApe-INFO: 02:06:59.238: delete node: IP: 2.18.110.106. Number of nodes 58
EtherApe-INFO: 02:06:59.760: delete node: IP: 52.41.176.227. Number of nodes 57
EtherApe-INFO: 02:07:03.975: delete node: IP: 18.66.97.117. Number of nodes 56
EtherApe-INFO: 02:07:08.232: New node: IP: 95.216.195.133. Number of nodes 57
EtherApe-INFO: 02:07:18.154: delete node: IP: 142.250.203.195. Number of nodes 56
EtherApe-INFO: 02:07:19.227: delete node: IP: 199.232.16.193. Number of nodes 55
EtherApe-INFO: 02:07:19.227: delete node: IP: 93.184.220.29. Number of nodes 54
EtherApe-INFO: 02:07:19.227: delete node: IP: 87.245.216.107. Number of nodes 53
EtherApe-INFO: 02:07:19.227: delete node: IP: 52.222.236.4. Number of nodes 52
EtherApe-INFO: 02:07:19.227: delete node: IP: 52.84.198.25. Number of nodes 51
EtherApe-INFO: 02:07:19.227: delete node: IP: 52.84.106.85. Number of nodes 50
EtherApe-INFO: 02:07:19.227: delete node: IP: 44.242.9.81. Number of nodes 49
EtherApe-INFO: 02:07:19.227: delete node: IP: 44.236.147.116. Number of nodes 48
EtherApe-INFO: 02:07:19.227: delete node: IP: 34.98.75.36. Number of nodes 47
EtherApe-INFO: 02:07:19.227: delete node: IP: 18.66.139.97. Number of nodes 46
EtherApe-INFO: 02:07:19.227: delete node: IP: 13.224.198.15. Number of nodes 45
EtherApe-INFO: 02:07:41.033: delete node: IP: 34.107.221.82. Number of nodes 44
EtherApe-INFO: 02:07:43.239: delete node: IP: 34.117.237.239. Number of nodes 43
EtherApe-INFO: 02:07:44.291: delete node: IP: 104.18.12.33. Number of nodes 42
EtherApe-INFO: 02:07:45.020: delete node: IP: 185.199.108.154. Number of nodes 41
EtherApe-INFO: 02:07:45.549: New node: IP: 34.117.237.239. Number of nodes 42
EtherApe-INFO: 02:07:47.240: delete node: IP: 142.250.203.193. Number of nodes 41
EtherApe-INFO: 02:07:47.240: delete node: IP: 142.250.75.1. Number of nodes 40
EtherApe-INFO: 02:07:47.240: delete node: IP: 140.82.121.4. Number of nodes 39
EtherApe-INFO: 02:07:48.293: delete node: IP: 185.199.108.133. Number of nodes 38
EtherApe-INFO: 02:07:48.293: delete node: IP: 142.250.75.8. Number of nodes 37
EtherApe-INFO: 02:07:48.293: delete node: IP: 140.82.113.22. Number of nodes 36
EtherApe-INFO: 02:07:49.026: delete node: IP: 140.82.121.6. Number of nodes 35
EtherApe-INFO: 02:07:52.307: delete node: IP: 216.58.215.105. Number of nodes 34
EtherApe-INFO: 02:07:52.307: delete node: IP: 216.58.209.10. Number of nodes 33
EtherApe-INFO: 02:07:52.307: delete node: IP: 216.58.208.193. Number of nodes 32
EtherApe-INFO: 02:07:52.307: delete node: IP: 142.250.203.138. Number of nodes 31
EtherApe-INFO: 02:07:53.356: delete node: IP: 151.101.130.133. Number of nodes 30
EtherApe-INFO: 02:07:53.357: delete node: IP: 142.250.203.206. Number of nodes 29
EtherApe-INFO: 02:07:54.620: delete node: IP: 35.186.227.140. Number of nodes 28
EtherApe-INFO: 02:07:54.885: New node: IP: 35.163.174.48. Number of nodes 29
EtherApe-INFO: 02:07:56.306: delete node: IP: 216.58.215.110. Number of nodes 28
EtherApe-INFO: 02:07:56.306: delete node: IP: 142.250.75.3. Number of nodes 27
EtherApe-INFO: 02:07:57.580: delete node: IP: 216.58.208.202. Number of nodes 26
EtherApe-INFO: 02:07:57.580: delete node: IP: 142.250.75.14. Number of nodes 25
EtherApe-INFO: 02:07:58.946: delete node: IP: 142.250.203.133. Number of nodes 24
EtherApe-INFO: 02:08:00.316: delete node: IP: 142.250.203.142. Number of nodes 23
EtherApe-INFO: 02:08:04.534: delete node: IP: 216.58.209.22. Number of nodes 22
EtherApe-INFO: 02:08:09.079: delete node: IP: 216.58.209.1. Number of nodes 21
EtherApe-INFO: 02:08:22.099: delete node: IP: 216.58.209.14. Number of nodes 20
EtherApe-INFO: 02:08:22.099: delete node: IP: 162.159.200.123. Number of nodes 19
EtherApe-INFO: 02:08:24.007: delete node: IP: 172.217.16.42. Number of nodes 18
EtherApe-INFO: 02:09:09.106: delete node: IP: 95.216.195.133. Number of nodes 17
EtherApe-INFO: 02:09:36.838: delete node: IP: 34.120.208.123. Number of nodes 16
EtherApe-INFO: 02:09:54.913: delete node: IP: 216.58.208.194. Number of nodes 15
EtherApe-INFO: 02:09:56.268: delete node: IP: 35.163.174.48. Number of nodes 14
EtherApe-INFO: 02:10:11.148: New node: IPv6: fe80::9ada:c4ff:febf:99a5. Number of nodes 15
EtherApe-INFO: 02:10:11.148: New node: IPv6: ff02::1. Number of nodes 16
EtherApe-INFO: 02:10:18.352: New node: IP: 172.217.16.54. Number of nodes 17
EtherApe-INFO: 02:10:38.081: New node: IP: 162.159.200.123. Number of nodes 18
EtherApe-INFO: 02:12:08.215: New node: IP: 95.216.195.133. Number of nodes 19
EtherApe-INFO: 02:12:13.321: delete node: IPv6: ff02::1. Number of nodes 18
EtherApe-INFO: 02:12:13.321: delete node: IPv6: fe80::9ada:c4ff:febf:99a5. Number of nodes 17
EtherApe-INFO: 02:12:33.282: New node: IP: 172.217.16.14. Number of nodes 18
EtherApe-INFO: 02:12:39.728: delete node: IP: 162.159.200.123. Number of nodes 17
EtherApe-INFO: 02:12:39.728: delete node: IP: 34.117.237.239. Number of nodes 16
EtherApe-INFO: 02:12:54.882: New node: IP: 35.163.174.48. Number of nodes 17
EtherApe-INFO: 02:14:13.020: delete node: IP: 95.216.195.133. Number of nodes 16
EtherApe-INFO: 02:14:26.442: delete node: IP: 142.250.186.206. Number of nodes 15
EtherApe-INFO: 02:14:55.515: delete node: IP: 35.163.174.48. Number of nodes 14
EtherApe-INFO: 02:15:26.615: New node: IP: 216.58.209.10. Number of nodes 15
EtherApe-INFO: 02:15:28.750: New node: IP: 142.250.203.129. Number of nodes 16
EtherApe-INFO: 02:16:05.283: New node: IP: 176.122.113.77. Number of nodes 17
EtherApe-INFO: 02:16:05.549: New node: IP: 216.58.215.118. Number of nodes 18
EtherApe-INFO: 02:16:05.551: New node: IP: 74.125.15.35. Number of nodes 19
EtherApe-INFO: 02:16:06.087: New node: IP: 216.58.208.202. Number of nodes 20
EtherApe-INFO: 02:17:05.552: New node: IP: 216.58.208.194. Number of nodes 21
EtherApe-INFO: 02:17:05.817: New node: IP: 142.250.203.196. Number of nodes 22
EtherApe-INFO: 02:17:06.082: New node: IP: 142.250.75.3. Number of nodes 23
EtherApe-INFO: 02:17:07.953: New node: IP: 142.250.75.14. Number of nodes 24
EtherApe-INFO: 02:17:07.954: New node: IP: 216.58.208.206. Number of nodes 25
EtherApe-INFO: 02:17:08.215: New node: IP: 95.216.195.133. Number of nodes 26
EtherApe-INFO: 02:17:10.351: New node: IP: 172.217.16.46. Number of nodes 27
EtherApe-INFO: 02:17:22.887: New node: IP: 176.122.110.204. Number of nodes 28
EtherApe-INFO: 02:17:26.967: delete node: IP: 216.58.209.10. Number of nodes 27
EtherApe-INFO: 02:17:55.148: New node: IP: 35.163.174.48. Number of nodes 28
EtherApe-INFO: 02:17:57.549: New node: IP: 34.120.208.123. Number of nodes 29
EtherApe-INFO: 02:18:06.882: New node: IP: 172.217.16.10. Number of nodes 30
EtherApe-INFO: 02:19:06.373: delete node: IP: 142.250.203.196. Number of nodes 29
EtherApe-INFO: 02:19:06.373: delete node: IP: 142.250.75.3. Number of nodes 28
EtherApe-INFO: 02:19:10.348: New node: IP: 162.159.200.123. Number of nodes 29
EtherApe-INFO: 02:19:10.366: delete node: IP: 216.58.208.206. Number of nodes 28
EtherApe-INFO: 02:19:10.366: delete node: IP: 142.250.75.14. Number of nodes 27
EtherApe-INFO: 02:19:10.366: delete node: IP: 95.216.195.133. Number of nodes 26
EtherApe-INFO: 02:19:19.215: delete node: IP: 172.217.16.46. Number of nodes 25
EtherApe-INFO: 02:19:21.121: delete node: IP: 176.122.113.12. Number of nodes 24
EtherApe-INFO: 02:19:49.548: New node: IPv6: fe80::9ada:c4ff:febf:99a5. Number of nodes 25
EtherApe-INFO: 02:19:49.548: New node: IPv6: ff02::1. Number of nodes 26
EtherApe-INFO: 02:19:56.043: delete node: IP: 35.163.174.48. Number of nodes 25
EtherApe-INFO: 02:20:01.364: delete node: IP: 176.122.113.77. Number of nodes 24
EtherApe-INFO: 02:20:01.364: delete node: IP: 74.125.15.35. Number of nodes 23
EtherApe-INFO: 02:20:12.035: delete node: IP: 142.250.186.197. Number of nodes 22
EtherApe-INFO: 02:20:19.148: New node: IP: 142.250.186.197. Number of nodes 23
EtherApe-INFO: 02:20:28.216: New node: IP: 176.122.113.77. Number of nodes 24
EtherApe-INFO: 02:20:28.216: New node: IP: 172.217.20.182. Number of nodes 25
EtherApe-INFO: 02:20:28.484: New node: IP: 173.194.2.26. Number of nodes 26
EtherApe-INFO: 02:20:32.487: New node: IP: 142.250.203.196. Number of nodes 27
EtherApe-INFO: 02:20:32.749: New node: IP: 142.250.75.3. Number of nodes 28
EtherApe-INFO: 02:20:57.646: delete node: IP: 216.58.208.202. Number of nodes 27
EtherApe-INFO: 02:21:13.889: delete node: IP: 162.159.200.123. Number of nodes 26
EtherApe-INFO: 02:21:52.296: delete node: IPv6: ff02::1. Number of nodes 25
EtherApe-INFO: 02:21:52.296: delete node: IPv6: fe80::9ada:c4ff:febf:99a5. Number of nodes 24
EtherApe-INFO: 02:22:08.215: New node: IP: 95.216.195.133. Number of nodes 25
EtherApe-INFO: 02:22:15.148: New node: IP: 142.250.75.14. Number of nodes 26
EtherApe-INFO: 02:22:15.208: delete node: IP: 216.58.215.118. Number of nodes 25
EtherApe-INFO: 02:22:22.176: delete node: IP: 176.122.110.204. Number of nodes 24
EtherApe-INFO: 02:22:29.884: delete node: IP: 173.194.2.26. Number of nodes 23
EtherApe-INFO: 02:22:37.297: delete node: IP: 142.250.203.196. Number of nodes 22
EtherApe-INFO: 02:22:37.297: delete node: IP: 142.250.75.3. Number of nodes 21
EtherApe-INFO: 02:22:45.549: New node: IP: 34.117.237.239. Number of nodes 22
EtherApe-INFO: 02:22:50.444: delete node: IP: 34.120.208.123. Number of nodes 21
EtherApe-INFO: 02:22:55.415: New node: IP: 35.163.174.48. Number of nodes 22
EtherApe-INFO: 02:22:59.434: delete node: IP: 172.217.16.10. Number of nodes 21
EtherApe-INFO: 02:23:44.254: delete node: IP: 216.58.215.78. Number of nodes 20
EtherApe-INFO: 02:24:04.009: delete node: IP: 176.122.113.77. Number of nodes 19
EtherApe-INFO: 02:24:10.115: delete node: IP: 95.216.195.133. Number of nodes 18
EtherApe-INFO: 02:24:57.645: delete node: IP: 35.163.174.48. Number of nodes 17
EtherApe-INFO: 02:25:19.792: delete node: IP: 172.217.20.182. Number of nodes 16
EtherApe-INFO: 02:25:26.710: delete node: IP: 216.58.208.194. Number of nodes 15
EtherApe-INFO: 02:25:26.710: delete node: IP: 172.217.16.54. Number of nodes 14
EtherApe-INFO: 02:25:26.710: delete node: IP: 142.250.203.129. Number of nodes 13
EtherApe-INFO: 02:27:08.215: New node: IP: 95.216.195.133. Number of nodes 14
EtherApe-INFO: 02:27:36.776: delete node: IP: 34.117.237.239. Number of nodes 13
EtherApe-INFO: 02:27:55.681: New node: IP: 35.163.174.48. Number of nodes 14
EtherApe-INFO: 02:28:26.349: New node: IP: 216.58.209.14. Number of nodes 15
EtherApe-INFO: 02:28:33.285: New node: IP: 176.122.113.77. Number of nodes 16
EtherApe-INFO: 02:29:02.615: New node: IP: 172.217.16.10. Number of nodes 17
EtherApe-INFO: 02:29:05.281: New node: IP: 216.58.208.195. Number of nodes 18
EtherApe-INFO: 02:29:05.282: New node: IP: 142.250.203.133. Number of nodes 19
EtherApe-INFO: 02:29:05.283: New node: IP: 142.250.186.196. Number of nodes 20
EtherApe-INFO: 02:29:08.539: delete node: IP: 95.216.195.133. Number of nodes 19
EtherApe-INFO: 02:29:10.348: New node: IP: 142.250.203.195. Number of nodes 20
EtherApe-INFO: 02:29:48.215: New node: IPv6: fe80::9ada:c4ff:febf:99a5. Number of nodes 21
EtherApe-INFO: 02:29:48.215: New node: IPv6: ff02::1. Number of nodes 22
EtherApe-INFO: 02:29:57.017: delete node: IP: 35.163.174.48. Number of nodes 21
EtherApe-INFO: 02:30:33.341: delete node: IP: 142.250.75.14. Number of nodes 20
EtherApe-INFO: 02:30:55.148: New node: IP: 34.120.208.123. Number of nodes 21
EtherApe-INFO: 02:31:02.617: New node: IP: 216.58.208.206. Number of nodes 22
EtherApe-INFO: 02:31:04.482: New node: IP: 142.250.203.206. Number of nodes 23
EtherApe-INFO: 02:31:04.752: New node: IP: 142.250.75.4. Number of nodes 24
EtherApe-INFO: 02:31:04.753: New node: IP: 142.250.203.193. Number of nodes 25
EtherApe-INFO: 02:31:06.087: New node: IP: 216.58.209.10. Number of nodes 26
EtherApe-INFO: 02:31:06.349: New node: IP: 172.217.16.42. Number of nodes 27
EtherApe-INFO: 02:31:06.942: delete node: IP: 142.250.186.196. Number of nodes 26
(etherape:2192): Gdk-DEBUG: 02:31:46.970: etherape: Fatal IO error 11 (Resource temporarily unavailable) on X server :0.

