(etherape:5633): GLib-GIO-DEBUG: 20:49:21.858: _g_io_module_get_default: Found default implementation local (GLocalVfs) for ‘gio-vfs’
EtherApe-INFO: 20:49:22.042: sctp protocol not supported
EtherApe-INFO: 20:49:22.042: dccp protocol not supported
EtherApe-INFO: 20:49:22.042: sctp protocol not supported
EtherApe-INFO: 20:49:22.042: sctp protocol not supported
EtherApe-INFO: 20:49:22.042: sctp protocol not supported
EtherApe-INFO: 20:49:22.042: sctp protocol not supported
EtherApe-INFO: 20:49:22.042: sctp protocol not supported
EtherApe-INFO: 20:49:22.042: sctp protocol not supported
EtherApe-INFO: 20:49:22.043: sctp protocol not supported
EtherApe-INFO: 20:49:22.043: dccp protocol not supported
EtherApe-INFO: 20:49:22.043: sctp protocol not supported
EtherApe-INFO: 20:49:22.043: dccp protocol not supported
EtherApe-INFO: 20:49:22.043: dccp protocol not supported
EtherApe-INFO: 20:49:22.043: sctp protocol not supported
EtherApe-INFO: 20:49:22.044: sctp protocol not supported
EtherApe-INFO: 20:49:22.044: sctp protocol not supported
EtherApe-INFO: 20:49:22.044: sctp protocol not supported
EtherApe-INFO: 20:49:22.045: sctp protocol not supported
EtherApe-INFO: 20:49:22.046: sctp protocol not supported
EtherApe-INFO: 20:49:22.046: sctp protocol not supported
EtherApe-INFO: 20:49:22.046: sctp protocol not supported
EtherApe-INFO: 20:49:22.046: sctp protocol not supported
EtherApe-INFO: 20:49:22.046: sctp protocol not supported
EtherApe-INFO: 20:49:22.047: sctp protocol not supported
EtherApe-INFO: 20:49:22.047: sctp protocol not supported
EtherApe-INFO: 20:49:22.047: sctp protocol not supported
EtherApe-INFO: 20:49:22.047: sctp protocol not supported
EtherApe-INFO: 20:49:22.047: sctp protocol not supported
EtherApe-INFO: 20:49:22.048: dccp protocol not supported
EtherApe-INFO: 20:49:22.048: sctp protocol not supported
EtherApe-INFO: 20:49:22.048: sctp protocol not supported
EtherApe-INFO: 20:49:22.048: dccp protocol not supported
EtherApe-INFO: 20:49:22.048: sctp protocol not supported
EtherApe-INFO: 20:49:22.048: sctp protocol not supported
EtherApe-INFO: 20:49:22.048: sctp protocol not supported
EtherApe-INFO: 20:49:22.048: dccp protocol not supported
EtherApe-INFO: 20:49:22.048: dccp protocol not supported
EtherApe-INFO: 20:49:22.048: sctp protocol not supported
EtherApe-INFO: 20:49:22.048: sctp protocol not supported
EtherApe-INFO: 20:49:22.048: sctp protocol not supported
EtherApe-INFO: 20:49:22.048: sctp protocol not supported
EtherApe-INFO: 20:49:22.048: sctp protocol not supported
EtherApe-INFO: 20:49:22.048: sctp protocol not supported
EtherApe-INFO: 20:49:22.049: sctp protocol not supported
EtherApe-INFO: 20:49:22.049: sctp protocol not supported
EtherApe-INFO: 20:49:22.049: sctp protocol not supported
EtherApe-INFO: 20:49:22.049: sctp protocol not supported
EtherApe-INFO: 20:49:22.049: sctp protocol not supported
EtherApe-INFO: 20:49:22.049: sctp protocol not supported
EtherApe-INFO: 20:49:22.049: sctp protocol not supported
EtherApe-INFO: 20:49:22.049: dccp protocol not supported
EtherApe-INFO: 20:49:22.049: sctp protocol not supported
EtherApe-INFO: 20:49:22.049: sctp protocol not supported
EtherApe-INFO: 20:49:22.049: sctp protocol not supported
EtherApe-INFO: 20:49:22.049: sctp protocol not supported
EtherApe-INFO: 20:49:22.049: sctp protocol not supported
EtherApe-INFO: 20:49:22.049: sctp protocol not supported
EtherApe-INFO: 20:49:22.049: sctp protocol not supported
EtherApe-INFO: 20:49:22.050: sctp protocol not supported
EtherApe-INFO: 20:49:22.050: sctp protocol not supported
EtherApe-INFO: 20:49:22.050: sctp protocol not supported
EtherApe-INFO: 20:49:22.050: sctp protocol not supported
EtherApe-INFO: 20:49:22.050: sctp protocol not supported
EtherApe-INFO: 20:49:22.050: sctp protocol not supported
EtherApe-INFO: 20:49:22.050: sctp protocol not supported
EtherApe-INFO: 20:49:22.050: sctp protocol not supported
EtherApe-INFO: 20:49:22.050: sctp protocol not supported
EtherApe-INFO: 20:49:22.050: sctp protocol not supported
EtherApe-INFO: 20:49:22.050: sctp protocol not supported
EtherApe-INFO: 20:49:22.050: sctp protocol not supported
EtherApe-INFO: 20:49:22.051: sctp protocol not supported
EtherApe-INFO: 20:49:22.051: sctp protocol not supported
EtherApe-INFO: 20:49:22.051: sctp protocol not supported
EtherApe-INFO: 20:49:22.051: sctp protocol not supported
EtherApe-INFO: 20:49:22.051: sctp protocol not supported
EtherApe-INFO: 20:49:22.051: sctp protocol not supported
EtherApe-INFO: 20:49:22.051: sctp protocol not supported
EtherApe-INFO: 20:49:22.051: sctp protocol not supported
EtherApe-INFO: 20:49:22.051: sctp protocol not supported
EtherApe-INFO: 20:49:22.051: sctp protocol not supported
EtherApe-INFO: 20:49:22.051: sctp protocol not supported
EtherApe-INFO: 20:49:22.051: sctp protocol not supported
EtherApe-INFO: 20:49:22.051: sctp protocol not supported
EtherApe-INFO: 20:49:22.051: sctp protocol not supported
EtherApe-INFO: 20:49:22.051: sctp protocol not supported
EtherApe-INFO: 20:49:22.051: sctp protocol not supported
EtherApe-INFO: 20:49:22.051: sctp protocol not supported
EtherApe-INFO: 20:49:22.065: get_interface result: ''
EtherApe-INFO: 20:49:22.066: Available interfaces for capture: dbus-session dbus-system nfqueue nflog bluetooth-monitor lo any wlp1s0f4u2
EtherApe-INFO: 20:49:22.088: Link type is LINUX_SLL
EtherApe-INFO: 20:49:22.088: Diagram started
EtherApe-INFO: 20:49:22.330: New node: IP: 156.146.54.69. Number of nodes 1
EtherApe-INFO: 20:49:22.330: New node: IP: 192.168.2.234. Number of nodes 2
EtherApe-INFO: 20:49:22.597: New node: IP: 142.250.186.206. Number of nodes 3
EtherApe-INFO: 20:49:22.597: New node: IP: 8.8.8.8. Number of nodes 4
EtherApe-INFO: 20:49:22.599: New node: IP: 172.217.16.4. Number of nodes 5
EtherApe-INFO: 20:49:23.665: New node: IP: 140.82.121.3. Number of nodes 6
EtherApe-INFO: 20:49:24.204: New node: IP: 151.101.112.193. Number of nodes 7
EtherApe-INFO: 20:49:26.864: New node: IP: 151.101.193.69. Number of nodes 8
EtherApe-INFO: 20:49:26.872: New node: IP: 192.168.1.126. Number of nodes 9
EtherApe-INFO: 20:49:27.665: New node: IP: 1.1.1.1. Number of nodes 10
EtherApe-INFO: 20:49:31.931: New node: IP: 156.146.54.67. Number of nodes 11
EtherApe-INFO: 20:49:32.731: New node: IP: 156.146.54.72. Number of nodes 12
EtherApe-INFO: 20:49:34.064: New node: IP: 149.154.167.50. Number of nodes 13
EtherApe-INFO: 20:49:38.597: New node: IP: 151.101.192.201. Number of nodes 14
EtherApe-INFO: 20:49:38.597: New node: IP: 151.101.1.164. Number of nodes 15
EtherApe-INFO: 20:49:38.597: New node: IP: 172.217.16.19. Number of nodes 16
EtherApe-INFO: 20:49:38.597: New node: IP: 104.17.50.74. Number of nodes 17
EtherApe-INFO: 20:49:38.598: New node: IP: 104.18.12.33. Number of nodes 18
EtherApe-INFO: 20:49:40.200: New node: IP: 64.233.161.188. Number of nodes 19
EtherApe-INFO: 20:49:40.201: New node: IP: 185.199.108.133. Number of nodes 20
EtherApe-INFO: 20:49:43.664: New node: IP: 142.250.203.138. Number of nodes 21
EtherApe-INFO: 20:49:43.664: New node: IP: 216.58.208.195. Number of nodes 22
EtherApe-INFO: 20:49:45.534: New node: IP: 198.252.206.25. Number of nodes 23
EtherApe-INFO: 20:49:45.534: New node: IP: 151.101.129.69. Number of nodes 24
EtherApe-INFO: 20:49:45.534: New node: IP: 142.250.75.14. Number of nodes 25
EtherApe-INFO: 20:49:45.535: New node: IP: 172.217.16.3. Number of nodes 26
EtherApe-INFO: 20:49:47.132: New node: IP: 104.18.120.34. Number of nodes 27
EtherApe-INFO: 20:49:51.130: New node: IP: 172.217.16.10. Number of nodes 28
EtherApe-INFO: 20:49:54.865: New node: IP: 18.205.130.116. Number of nodes 29
EtherApe-INFO: 20:50:01.264: New node: IP: 149.154.167.51. Number of nodes 30
EtherApe-INFO: 20:50:04.197: New node: IP: 52.16.211.198. Number of nodes 31
EtherApe-INFO: 20:50:05.001: New node: IP: 35.168.216.44. Number of nodes 32
EtherApe-INFO: 20:50:17.268: New node: IP: 216.58.215.74. Number of nodes 33
EtherApe-INFO: 20:50:43.931: New node: IP: 151.101.2.2. Number of nodes 34
EtherApe-INFO: 20:51:06.067: New node: IP: 216.58.209.13. Number of nodes 35
EtherApe-INFO: 20:51:10.330: New node: IP: 149.154.167.222. Number of nodes 36
EtherApe-INFO: 20:51:13.801: New node: IP: 239.255.255.250. Number of nodes 37
EtherApe-INFO: 20:51:19.131: New node: IP: 162.159.200.1. Number of nodes 38
EtherApe-INFO: 20:51:23.755: delete node: IP: 140.82.121.3. Number of nodes 37
EtherApe-INFO: 20:51:29.334: delete node: IP: 1.1.1.1. Number of nodes 36
EtherApe-INFO: 20:51:33.798: New node: IP: 156.146.54.51. Number of nodes 37
EtherApe-INFO: 20:51:44.201: New node: IPv6: fe80::9ada:c4ff:febf:99a5. Number of nodes 38
EtherApe-INFO: 20:51:44.201: New node: IPv6: ff02::1. Number of nodes 39
EtherApe-INFO: 20:51:54.678: delete node: IP: 151.101.112.193. Number of nodes 38
EtherApe-INFO: 20:51:55.217: delete node: IP: 18.205.130.116. Number of nodes 37
EtherApe-INFO: 20:51:57.265: New node: IP: 95.216.195.133. Number of nodes 38
EtherApe-INFO: 20:51:57.371: delete node: IP: 151.101.193.69. Number of nodes 37
EtherApe-INFO: 20:51:57.797: New node: IP: 18.205.130.116. Number of nodes 38
EtherApe-INFO: 20:51:58.064: New node: IP: 1.1.1.1. Number of nodes 39
EtherApe-INFO: 20:52:05.042: delete node: IP: 52.16.211.198. Number of nodes 38
EtherApe-INFO: 20:52:05.366: delete node: IP: 35.168.216.44. Number of nodes 37
EtherApe-INFO: 20:52:07.930: New node: IP: 35.168.216.44. Number of nodes 38
EtherApe-INFO: 20:52:17.268: delete node: IP: 216.58.215.74. Number of nodes 37
EtherApe-INFO: 20:52:53.862: delete node: IP: 198.252.206.25. Number of nodes 36
EtherApe-INFO: 20:53:06.641: delete node: IP: 216.58.209.13. Number of nodes 35
EtherApe-INFO: 20:53:15.734: delete node: IP: 151.101.2.2. Number of nodes 34
EtherApe-INFO: 20:53:21.286: delete node: IP: 162.159.200.1. Number of nodes 33
EtherApe-INFO: 20:53:23.420: delete node: IP: 156.146.54.72. Number of nodes 32
EtherApe-INFO: 20:53:29.622: delete node: IP: 142.250.75.14. Number of nodes 31
EtherApe-INFO: 20:53:44.286: delete node: IPv6: ff02::1. Number of nodes 30
EtherApe-INFO: 20:53:44.286: delete node: IPv6: fe80::9ada:c4ff:febf:99a5. Number of nodes 29
EtherApe-INFO: 20:53:59.763: delete node: IP: 95.216.195.133. Number of nodes 28
EtherApe-INFO: 20:53:59.763: delete node: IP: 18.205.130.116. Number of nodes 27
EtherApe-INFO: 20:53:59.763: delete node: IP: 1.1.1.1. Number of nodes 26
EtherApe-INFO: 20:54:00.734: New node: IP: 18.205.130.116. Number of nodes 27
EtherApe-INFO: 20:54:05.322: delete node: IP: 172.217.16.19. Number of nodes 26
EtherApe-INFO: 20:54:09.282: delete node: IP: 35.168.216.44. Number of nodes 25
EtherApe-INFO: 20:54:10.864: New node: IP: 35.168.216.44. Number of nodes 26
EtherApe-INFO: 20:54:12.495: delete node: IP: 142.250.203.138. Number of nodes 25
EtherApe-INFO: 20:54:15.174: delete node: IP: 216.58.208.195. Number of nodes 24
EtherApe-INFO: 20:54:15.174: delete node: IP: 172.217.16.3. Number of nodes 23
EtherApe-INFO: 20:54:40.464: New node: IP: 178.18.231.136. Number of nodes 24
EtherApe-INFO: 20:54:40.731: New node: IP: 1.1.1.1. Number of nodes 25
EtherApe-INFO: 20:54:56.250: delete node: IP: 149.154.167.222. Number of nodes 24
EtherApe-INFO: 20:55:13.530: New node: IP: 149.154.167.222. Number of nodes 25
EtherApe-INFO: 20:55:35.397: New node: IP: 162.159.200.1. Number of nodes 26
EtherApe-INFO: 20:56:00.473: delete node: IP: 104.17.50.74. Number of nodes 25
EtherApe-INFO: 20:56:00.792: delete node: IP: 18.205.130.116. Number of nodes 24
EtherApe-INFO: 20:56:03.397: New node: IP: 18.205.130.116. Number of nodes 25
EtherApe-INFO: 20:56:03.462: delete node: IP: 104.18.12.33. Number of nodes 24
EtherApe-INFO: 20:56:06.600: New node: IP: 185.199.111.154. Number of nodes 25
EtherApe-INFO: 20:56:10.422: delete node: IP: 104.18.120.34. Number of nodes 24
EtherApe-INFO: 20:56:11.171: delete node: IP: 35.168.216.44. Number of nodes 23
EtherApe-INFO: 20:56:13.797: New node: IP: 35.168.216.44. Number of nodes 24
EtherApe-INFO: 20:56:46.911: delete node: IP: 1.1.1.1. Number of nodes 23
EtherApe-INFO: 20:56:57.264: New node: IP: 95.216.195.133. Number of nodes 24
EtherApe-INFO: 20:56:57.275: delete node: IP: 178.18.231.136. Number of nodes 23
EtherApe-INFO: 20:57:17.264: New node: IP: 1.1.1.1. Number of nodes 24
EtherApe-INFO: 20:57:37.036: delete node: IP: 162.159.200.1. Number of nodes 23
EtherApe-INFO: 20:57:37.534: New node: IP: 216.58.215.110. Number of nodes 24
EtherApe-INFO: 20:57:43.132: New node: IP: 172.217.20.164. Number of nodes 25
EtherApe-INFO: 20:57:45.270: delete node: IP: 149.154.167.222. Number of nodes 24
EtherApe-INFO: 20:57:54.332: New node: IP: 216.58.215.100. Number of nodes 25
EtherApe-INFO: 20:58:03.665: delete node: IP: 18.205.130.116. Number of nodes 24
EtherApe-INFO: 20:58:06.330: New node: IP: 18.205.130.116. Number of nodes 25
EtherApe-INFO: 20:58:13.829: delete node: IP: 35.168.216.44. Number of nodes 24
EtherApe-INFO: 20:58:16.465: New node: IP: 35.168.216.44. Number of nodes 25
EtherApe-INFO: 20:58:37.041: delete node: IP: 185.199.111.154. Number of nodes 24
EtherApe-INFO: 20:58:56.197: New node: IP: 156.146.54.72. Number of nodes 25
EtherApe-INFO: 20:58:57.540: delete node: IP: 95.216.195.133. Number of nodes 24
EtherApe-INFO: 20:59:30.917: delete node: IP: 151.101.192.201. Number of nodes 23
EtherApe-INFO: 20:59:30.918: delete node: IP: 151.101.1.164. Number of nodes 22
EtherApe-INFO: 20:59:33.583: delete node: IP: 185.199.108.133. Number of nodes 21
EtherApe-INFO: 20:59:37.623: delete node: IP: 151.101.129.69. Number of nodes 20
EtherApe-INFO: 20:59:38.155: delete node: IP: 216.58.215.110. Number of nodes 19
EtherApe-INFO: 20:59:43.697: delete node: IP: 1.1.1.1. Number of nodes 18
EtherApe-INFO: 20:59:44.229: delete node: IP: 172.217.20.164. Number of nodes 17
EtherApe-INFO: 21:00:04.197: New node: IPv6: fe80::9ada:c4ff:febf:99a5. Number of nodes 18
EtherApe-INFO: 21:00:04.197: New node: IPv6: ff02::1. Number of nodes 19
EtherApe-INFO: 21:00:05.800: New node: IP: 156.146.54.53. Number of nodes 20
EtherApe-INFO: 21:00:06.383: delete node: IP: 18.205.130.116. Number of nodes 19
EtherApe-INFO: 21:00:09.264: New node: IP: 18.205.130.116. Number of nodes 20
EtherApe-INFO: 21:00:16.548: delete node: IP: 35.168.216.44. Number of nodes 19
EtherApe-INFO: 21:00:19.397: New node: IP: 35.168.216.44. Number of nodes 20
EtherApe-INFO: 21:00:42.601: New node: IP: 149.154.167.222. Number of nodes 21
EtherApe-INFO: 21:01:57.267: New node: IP: 95.216.195.133. Number of nodes 22
EtherApe-INFO: 21:02:04.260: delete node: IPv6: ff02::1. Number of nodes 21
EtherApe-INFO: 21:02:04.261: delete node: IPv6: fe80::9ada:c4ff:febf:99a5. Number of nodes 20
EtherApe-INFO: 21:02:09.273: delete node: IP: 18.205.130.116. Number of nodes 19
EtherApe-INFO: 21:02:19.721: delete node: IP: 35.168.216.44. Number of nodes 18
EtherApe-INFO: 21:02:33.581: delete node: IP: 156.146.54.72. Number of nodes 17
EtherApe-INFO: 21:02:33.802: New node: IP: 156.146.54.58. Number of nodes 18
EtherApe-INFO: 21:02:58.695: delete node: IP: 149.154.167.222. Number of nodes 17
EtherApe-INFO: 21:03:01.799: New node: IP: 149.154.167.222. Number of nodes 18
EtherApe-INFO: 21:04:00.520: delete node: IP: 95.216.195.133. Number of nodes 17
EtherApe-INFO: 21:04:07.663: New node: IP: 162.159.200.1. Number of nodes 18
EtherApe-INFO: 21:05:17.354: delete node: IP: 149.154.167.222. Number of nodes 17
EtherApe-INFO: 21:05:56.465: New node: IP: 156.146.54.74. Number of nodes 18
EtherApe-INFO: 21:06:08.010: delete node: IP: 162.159.200.1. Number of nodes 17
EtherApe-INFO: 21:06:57.269: New node: IP: 95.216.195.133. Number of nodes 18
EtherApe-INFO: 21:07:07.397: New node: IPv6: fe80::9ada:c4ff:febf:99a5. Number of nodes 19
EtherApe-INFO: 21:07:07.397: New node: IPv6: ff02::1. Number of nodes 20
EtherApe-INFO: 21:07:07.664: New node: IP: 172.217.16.14. Number of nodes 21
EtherApe-INFO: 21:07:48.731: New node: IP: 149.154.167.222. Number of nodes 22
EtherApe-INFO: 21:08:14.332: New node: IP: 156.146.54.56. Number of nodes 23
EtherApe-INFO: 21:08:26.738: New node: IP: 216.58.215.74. Number of nodes 24
EtherApe-INFO: 21:08:53.930: New node: IP: 1.1.1.1. Number of nodes 25
EtherApe-INFO: 21:08:53.932: New node: IP: 202.158.214.106. Number of nodes 26
EtherApe-INFO: 21:08:57.601: delete node: IP: 95.216.195.133. Number of nodes 25
EtherApe-INFO: 21:08:58.112: delete node: IP: 216.58.215.100. Number of nodes 24
EtherApe-INFO: 21:09:05.131: New node: IP: 95.216.144.15. Number of nodes 25
EtherApe-INFO: 21:09:07.816: delete node: IPv6: ff02::1. Number of nodes 24
EtherApe-INFO: 21:09:07.816: delete node: IPv6: fe80::9ada:c4ff:febf:99a5. Number of nodes 23
EtherApe-INFO: 21:10:08.659: delete node: IP: 172.217.16.14. Number of nodes 22
EtherApe-INFO: 21:10:15.834: delete node: IP: 156.146.54.74. Number of nodes 21
EtherApe-INFO: 21:10:15.834: delete node: IP: 156.146.54.53. Number of nodes 20
EtherApe-INFO: 21:10:20.093: delete node: IP: 156.146.54.56. Number of nodes 19
EtherApe-INFO: 21:10:20.413: delete node: IP: 149.154.167.222. Number of nodes 18
EtherApe-INFO: 21:10:53.995: delete node: IP: 1.1.1.1. Number of nodes 17
EtherApe-INFO: 21:11:00.160: delete node: IP: 202.158.214.106. Number of nodes 16
EtherApe-INFO: 21:11:05.766: delete node: IP: 95.216.144.15. Number of nodes 15
EtherApe-INFO: 21:11:39.804: New node: IP: 156.146.54.72. Number of nodes 16
EtherApe-INFO: 21:11:57.402: New node: IP: 95.216.195.133. Number of nodes 17
EtherApe-INFO: 21:12:14.547: delete node: IP: 216.58.215.74. Number of nodes 16
EtherApe-INFO: 21:12:53.204: delete node: IP: 156.146.54.58. Number of nodes 15
EtherApe-INFO: 21:13:07.530: New node: IP: 149.154.167.222. Number of nodes 16
EtherApe-INFO: 21:13:28.865: New node: IP: 216.58.215.100. Number of nodes 17
EtherApe-INFO: 21:13:43.797: New node: IPv6: fe80::9ada:c4ff:febf:99a5. Number of nodes 18
EtherApe-INFO: 21:13:43.797: New node: IPv6: ff02::1. Number of nodes 19
EtherApe-INFO: 21:13:48.337: New node: IP: 156.146.54.74. Number of nodes 20
EtherApe-INFO: 21:13:57.759: delete node: IP: 95.216.195.133. Number of nodes 19
EtherApe-INFO: 21:15:23.318: delete node: IP: 149.154.167.222. Number of nodes 18
EtherApe-INFO: 21:15:45.711: delete node: IPv6: ff02::1. Number of nodes 17
EtherApe-INFO: 21:15:45.712: delete node: IPv6: fe80::9ada:c4ff:febf:99a5. Number of nodes 16
EtherApe-INFO: 21:16:57.397: New node: IP: 95.216.195.133. Number of nodes 17
EtherApe-INFO: 21:17:13.931: New node: IP: 216.58.208.195. Number of nodes 18
EtherApe-INFO: 21:17:36.330: New node: IPv6: fe80::9ada:c4ff:febf:99a5. Number of nodes 19
EtherApe-INFO: 21:17:36.330: New node: IPv6: ff02::1:ff9f:3910. Number of nodes 20
EtherApe-INFO: 21:18:57.689: delete node: IP: 95.216.195.133. Number of nodes 19
EtherApe-INFO: 21:19:36.971: delete node: IPv6: ff02::1:ff9f:3910. Number of nodes 18
EtherApe-INFO: 21:19:36.971: delete node: IPv6: fe80::9ada:c4ff:febf:99a5. Number of nodes 17
EtherApe-INFO: 21:19:38.199: New node: IP: 156.146.54.53. Number of nodes 18
EtherApe-INFO: 21:19:59.264: New node: IP: 216.58.215.74. Number of nodes 19
EtherApe-INFO: 21:20:14.465: New node: IP: 149.154.167.222. Number of nodes 20
EtherApe-INFO: 21:20:32.095: delete node: IP: 216.58.208.195. Number of nodes 19
EtherApe-INFO: 21:21:11.797: New node: IP: 162.159.200.1. Number of nodes 20
EtherApe-INFO: 21:21:55.263: New node: IPv6: fe80::9ada:c4ff:febf:99a5. Number of nodes 21
EtherApe-INFO: 21:21:55.264: New node: IPv6: ff02::1. Number of nodes 22
EtherApe-INFO: 21:21:57.397: New node: IP: 95.216.195.133. Number of nodes 23
EtherApe-INFO: 21:21:59.558: delete node: IP: 216.58.215.74. Number of nodes 22
EtherApe-INFO: 21:22:30.022: delete node: IP: 149.154.167.222. Number of nodes 21
EtherApe-INFO: 21:23:12.069: delete node: IP: 162.159.200.1. Number of nodes 20
EtherApe-INFO: 21:23:55.610: delete node: IPv6: ff02::1. Number of nodes 19
EtherApe-INFO: 21:23:55.610: delete node: IPv6: fe80::9ada:c4ff:febf:99a5. Number of nodes 18
EtherApe-INFO: 21:23:57.951: delete node: IP: 95.216.195.133. Number of nodes 17
EtherApe-INFO: 21:24:44.081: delete node: IP: 216.58.215.100. Number of nodes 16
EtherApe-INFO: 21:25:29.402: New node: IP: 156.146.54.58. Number of nodes 17
EtherApe-INFO: 21:25:42.211: delete node: IP: 156.146.54.53. Number of nodes 16
EtherApe-INFO: 21:26:57.401: New node: IP: 95.216.195.133. Number of nodes 17
EtherApe-INFO: 21:26:59.264: New node: IP: 156.146.54.56. Number of nodes 18
EtherApe-INFO: 21:28:58.290: delete node: IP: 95.216.195.133. Number of nodes 17
EtherApe-INFO: 21:29:01.143: delete node: IP: 156.146.54.58. Number of nodes 16
EtherApe-INFO: 21:29:19.534: New node: IPv6: fe80::9ada:c4ff:febf:99a5. Number of nodes 17
EtherApe-INFO: 21:29:19.534: New node: IPv6: ff02::1. Number of nodes 18
EtherApe-INFO: 21:31:20.141: delete node: IPv6: ff02::1. Number of nodes 17
EtherApe-INFO: 21:31:20.142: delete node: IPv6: fe80::9ada:c4ff:febf:99a5. Number of nodes 16
EtherApe-INFO: 21:31:57.398: New node: IP: 95.216.195.133. Number of nodes 17
EtherApe-INFO: 21:32:27.802: New node: IP: 156.146.54.53. Number of nodes 18
EtherApe-INFO: 21:33:08.332: New node: IP: 172.217.16.14. Number of nodes 19
EtherApe-INFO: 21:33:11.534: New node: IP: 149.154.167.222. Number of nodes 20
EtherApe-INFO: 21:33:58.242: delete node: IP: 95.216.195.133. Number of nodes 19
EtherApe-INFO: 21:35:26.753: delete node: IP: 149.154.167.222. Number of nodes 18
EtherApe-INFO: 21:36:48.330: New node: IP: 1.1.1.1. Number of nodes 19
EtherApe-INFO: 21:36:57.397: New node: IP: 95.216.195.133. Number of nodes 20
EtherApe-INFO: 21:36:59.797: New node: IPv6: fe80::9ada:c4ff:febf:99a5. Number of nodes 21
EtherApe-INFO: 21:36:59.797: New node: IPv6: ff02::1. Number of nodes 22
EtherApe-INFO: 21:37:17.397: New node: IP: 216.58.215.74. Number of nodes 23
EtherApe-INFO: 21:37:55.531: New node: IP: 216.58.215.100. Number of nodes 24
EtherApe-INFO: 21:38:48.967: delete node: IP: 1.1.1.1. Number of nodes 23
EtherApe-INFO: 21:38:57.421: delete node: IP: 95.216.195.133. Number of nodes 22
EtherApe-INFO: 21:38:59.850: delete node: IPv6: ff02::1. Number of nodes 21
EtherApe-INFO: 21:38:59.850: delete node: IPv6: fe80::9ada:c4ff:febf:99a5. Number of nodes 20
EtherApe-INFO: 21:39:02.207: New node: IP: 1.1.1.1. Number of nodes 21
EtherApe-INFO: 21:39:15.829: delete node: IP: 172.217.16.14. Number of nodes 20
EtherApe-INFO: 21:39:17.416: delete node: IP: 216.58.215.74. Number of nodes 19
EtherApe-INFO: 21:39:20.297: delete node: IP: 156.146.54.56. Number of nodes 18
EtherApe-INFO: 21:39:24.250: New node: IP: 156.146.54.56. Number of nodes 19
EtherApe-INFO: 21:40:41.584: New node: IPv6: fe80::9ada:c4ff:febf:99a5. Number of nodes 20
EtherApe-INFO: 21:40:41.584: New node: IPv6: ff02::1. Number of nodes 21
EtherApe-INFO: 21:41:02.700: delete node: IP: 1.1.1.1. Number of nodes 20
EtherApe-INFO: 21:41:25.059: delete node: IP: 156.146.54.72. Number of nodes 19
EtherApe-INFO: 21:41:25.059: delete node: IP: 156.146.54.67. Number of nodes 18
EtherApe-INFO: 21:41:25.059: delete node: IP: 156.146.54.53. Number of nodes 17
EtherApe-INFO: 21:41:57.317: New node: IP: 95.216.195.133. Number of nodes 18
EtherApe-INFO: 21:42:41.648: delete node: IPv6: ff02::1. Number of nodes 17
EtherApe-INFO: 21:42:41.648: delete node: IPv6: fe80::9ada:c4ff:febf:99a5. Number of nodes 16
EtherApe-INFO: 21:43:14.385: New node: IP: 156.146.54.72. Number of nodes 17
EtherApe-INFO: 21:43:45.054: New node: IP: 149.154.167.222. Number of nodes 18
EtherApe-INFO: 21:43:57.632: delete node: IP: 95.216.195.133. Number of nodes 17
EtherApe-INFO: 21:44:02.917: New node: IP: 142.250.203.138. Number of nodes 18
EtherApe-INFO: 21:44:15.185: New node: IP: 156.146.54.67. Number of nodes 19
EtherApe-INFO: 21:44:33.851: New node: IP: 216.58.215.106. Number of nodes 20
EtherApe-INFO: 21:44:40.785: delete node: IP: 156.146.54.74. Number of nodes 19
EtherApe-INFO: 21:44:44.280: delete node: IP: 216.58.215.100. Number of nodes 18
EtherApe-INFO: 21:45:07.237: delete node: IP: 64.233.161.188. Number of nodes 17
EtherApe-INFO: 21:45:21.051: New node: IP: 156.146.54.53. Number of nodes 18
EtherApe-INFO: 21:45:34.385: New node: IP: 216.58.215.100. Number of nodes 19
EtherApe-INFO: 21:46:03.989: delete node: IP: 149.154.167.222. Number of nodes 18
EtherApe-INFO: 21:46:03.989: delete node: IP: 142.250.203.138. Number of nodes 17
EtherApe-INFO: 21:46:30.117: New node: IP: 156.146.54.58. Number of nodes 18
EtherApe-INFO: 21:46:39.453: New node: IP: 149.154.167.222. Number of nodes 19
EtherApe-INFO: 21:46:57.319: New node: IP: 95.216.195.133. Number of nodes 20
EtherApe-INFO: 21:47:06.138: delete node: IP: 172.217.16.10. Number of nodes 19
EtherApe-INFO: 21:47:13.852: New node: IP: 216.58.208.195. Number of nodes 20
EtherApe-INFO: 21:47:25.587: New node: IP: 172.217.16.42. Number of nodes 21
EtherApe-INFO: 21:47:25.851: New node: IP: 216.58.209.13. Number of nodes 22
EtherApe-INFO: 21:47:46.129: delete node: IP: 156.146.54.56. Number of nodes 21
EtherApe-INFO: 21:47:47.728: New node: IP: 216.58.215.74. Number of nodes 22
EtherApe-INFO: 21:48:00.250: New node: IP: 1.1.1.1. Number of nodes 23
EtherApe-INFO: 21:48:00.519: New node: IP: 172.217.20.164. Number of nodes 24
EtherApe-INFO: 21:48:19.246: delete node: IP: 156.146.54.51. Number of nodes 23
EtherApe-INFO: 21:48:22.384: New node: IP: 64.233.161.188. Number of nodes 24
EtherApe-INFO: 21:48:41.050: New node: IPv6: fe80::9ada:c4ff:febf:99a5. Number of nodes 25
EtherApe-INFO: 21:48:41.050: New node: IPv6: ff02::1. Number of nodes 26
EtherApe-INFO: 21:48:55.469: delete node: IP: 149.154.167.222. Number of nodes 25
EtherApe-INFO: 21:48:57.584: delete node: IP: 95.216.195.133. Number of nodes 24
EtherApe-INFO: 21:49:04.250: New node: IP: 156.146.54.74. Number of nodes 25
EtherApe-INFO: 21:49:26.206: delete node: IP: 216.58.215.100. Number of nodes 24
EtherApe-INFO: 21:49:47.717: New node: IP: 172.217.20.170. Number of nodes 25
EtherApe-INFO: 21:49:48.063: delete node: IP: 216.58.215.74. Number of nodes 24
EtherApe-INFO: 21:49:52.517: New node: IP: 172.217.16.14. Number of nodes 25
EtherApe-INFO: 21:50:00.883: delete node: IP: 216.58.215.106. Number of nodes 24
EtherApe-INFO: 21:50:01.413: delete node: IP: 172.217.20.164. Number of nodes 23
EtherApe-INFO: 21:50:06.703: delete node: IP: 156.146.54.69. Number of nodes 22
EtherApe-INFO: 21:50:17.603: delete node: IP: 216.58.208.195. Number of nodes 21
EtherApe-INFO: 21:50:25.318: delete node: IP: 216.58.209.13. Number of nodes 20
EtherApe-INFO: 21:50:28.277: delete node: IP: 64.233.161.188. Number of nodes 19
EtherApe-INFO: 21:50:41.152: delete node: IPv6: ff02::1. Number of nodes 18
EtherApe-INFO: 21:50:41.152: delete node: IPv6: fe80::9ada:c4ff:febf:99a5. Number of nodes 17
EtherApe-INFO: 21:50:47.485: delete node: IP: 156.146.54.53. Number of nodes 16
EtherApe-INFO: 21:51:01.585: New node: IP: 156.146.54.51. Number of nodes 17
EtherApe-INFO: 21:51:26.117: New node: IP: 216.58.209.13. Number of nodes 18
EtherApe-INFO: 21:51:31.717: New node: IP: 172.217.16.10. Number of nodes 19
EtherApe-INFO: 21:51:48.064: delete node: IP: 172.217.20.170. Number of nodes 18
EtherApe-INFO: 21:51:52.611: delete node: IP: 1.1.1.1. Number of nodes 17
EtherApe-INFO: 21:51:53.141: delete node: IP: 172.217.16.14. Number of nodes 16
EtherApe-INFO: 21:51:57.318: New node: IP: 95.216.195.133. Number of nodes 17
EtherApe-INFO: 21:52:20.254: New node: IP: 216.58.215.74. Number of nodes 18
EtherApe-INFO: 21:52:34.428: delete node: IP: 149.154.167.50. Number of nodes 17
EtherApe-INFO: 21:52:42.384: New node: IP: 172.217.16.14. Number of nodes 18
EtherApe-INFO: 21:52:44.518: New node: IP: 104.18.120.34. Number of nodes 19
EtherApe-INFO: 21:52:55.451: New node: IP: 104.18.121.34. Number of nodes 20
EtherApe-INFO: 21:53:30.938: delete node: IP: 172.217.16.42. Number of nodes 19
EtherApe-INFO: 21:53:57.929: delete node: IP: 95.216.195.133. Number of nodes 18
EtherApe-INFO: 21:54:17.890: delete node: IP: 156.146.54.58. Number of nodes 17
EtherApe-INFO: 21:54:20.842: delete node: IP: 216.58.215.74. Number of nodes 16
EtherApe-INFO: 21:54:23.786: delete node: IP: 216.58.209.13. Number of nodes 15
EtherApe-INFO: 21:54:56.049: delete node: IP: 104.18.121.34. Number of nodes 14
EtherApe-INFO: 21:55:06.918: delete node: IP: 104.18.120.34. Number of nodes 13
EtherApe-INFO: 21:55:20.250: New node: IP: 162.159.200.1. Number of nodes 14
EtherApe-INFO: 21:56:07.453: New node: IP: 156.146.54.58. Number of nodes 15
EtherApe-INFO: 21:56:11.983: New node: IP: 1.1.1.1. Number of nodes 16
EtherApe-INFO: 21:56:14.931: delete node: IP: 172.217.16.14. Number of nodes 15
EtherApe-INFO: 21:56:57.319: New node: IP: 95.216.195.133. Number of nodes 16
EtherApe-INFO: 21:57:00.791: New node: IPv6: fe80::9ada:c4ff:febf:99a5. Number of nodes 17
EtherApe-INFO: 21:57:00.791: New node: IPv6: ff02::1. Number of nodes 18
EtherApe-INFO: 21:57:01.060: New node: IP: 216.58.215.74. Number of nodes 19
EtherApe-INFO: 21:57:07.455: New node: IP: 156.146.54.69. Number of nodes 20
EtherApe-INFO: 21:57:20.356: delete node: IP: 162.159.200.1. Number of nodes 19
EtherApe-INFO: 21:57:46.650: New node: IP: 149.154.167.222. Number of nodes 20
EtherApe-INFO: 21:57:46.655: New node: IP: 149.154.167.92. Number of nodes 21
EtherApe-INFO: 21:58:07.721: New node: IP: 156.146.54.56. Number of nodes 22
EtherApe-INFO: 21:58:12.002: delete node: IP: 1.1.1.1. Number of nodes 21
EtherApe-INFO: 21:58:57.571: delete node: IP: 95.216.195.133. Number of nodes 20
EtherApe-INFO: 21:59:01.371: delete node: IPv6: ff02::1. Number of nodes 19
EtherApe-INFO: 21:59:01.371: delete node: IPv6: fe80::9ada:c4ff:febf:99a5. Number of nodes 18
EtherApe-INFO: 21:59:01.371: delete node: IP: 156.146.54.51. Number of nodes 17
EtherApe-INFO: 21:59:09.811: delete node: IP: 216.58.215.74. Number of nodes 16
EtherApe-INFO: 21:59:16.781: delete node: IP: 156.146.54.74. Number of nodes 15
EtherApe-INFO: 21:59:19.398: New node: IP: 156.146.54.51. Number of nodes 16
EtherApe-INFO: 21:59:32.202: New node: IP: 142.250.75.10. Number of nodes 17
EtherApe-INFO: 21:59:35.989: delete node: IP: 156.146.54.72. Number of nodes 16
EtherApe-INFO: 22:00:07.935: delete node: IP: 149.154.167.92. Number of nodes 15
EtherApe-INFO: 22:00:31.931: New node: IP: 172.217.16.14. Number of nodes 16
EtherApe-INFO: 22:00:47.130: New node: IP: 1.1.1.1. Number of nodes 17
EtherApe-INFO: 22:01:14.340: delete node: IP: 172.217.16.10. Number of nodes 16
EtherApe-INFO: 22:01:20.253: delete node: IP: 156.146.54.56. Number of nodes 15
EtherApe-INFO: 22:01:21.264: New node: IP: 216.58.215.74. Number of nodes 16
EtherApe-INFO: 22:01:22.345: New node: IP: 156.146.54.74. Number of nodes 17
EtherApe-INFO: 22:01:24.266: delete node: IP: 149.154.167.222. Number of nodes 16
EtherApe-INFO: 22:01:57.267: New node: IP: 95.216.195.133. Number of nodes 17
EtherApe-INFO: 22:02:47.401: delete node: IP: 1.1.1.1. Number of nodes 16
EtherApe-INFO: 22:02:50.596: New node: IP: 1.1.1.1. Number of nodes 17
EtherApe-INFO: 22:03:21.329: delete node: IP: 216.58.215.74. Number of nodes 16
EtherApe-INFO: 22:03:43.130: New node: IPv6: fe80::9ada:c4ff:febf:99a5. Number of nodes 17
EtherApe-INFO: 22:03:43.130: New node: IPv6: ff02::1. Number of nodes 18
EtherApe-INFO: 22:03:53.634: delete node: IP: 156.146.54.58. Number of nodes 17
EtherApe-INFO: 22:03:57.639: delete node: IP: 95.216.195.133. Number of nodes 16
EtherApe-INFO: 22:04:12.469: New node: IP: 216.58.215.74. Number of nodes 17
EtherApe-INFO: 22:04:14.609: delete node: IP: 172.217.16.14. Number of nodes 16
EtherApe-INFO: 22:04:34.602: New node: IP: 156.146.54.72. Number of nodes 17
EtherApe-INFO: 22:04:50.937: delete node: IP: 1.1.1.1. Number of nodes 16
EtherApe-INFO: 22:05:43.148: delete node: IPv6: ff02::1. Number of nodes 15
EtherApe-INFO: 22:05:43.148: delete node: IPv6: fe80::9ada:c4ff:febf:99a5. Number of nodes 14
EtherApe-INFO: 22:06:57.267: New node: IP: 95.216.195.133. Number of nodes 15
EtherApe-INFO: 22:08:00.541: delete node: IP: 156.146.54.72. Number of nodes 14
EtherApe-INFO: 22:08:23.933: New node: IP: 156.146.54.53. Number of nodes 15
EtherApe-INFO: 22:08:29.055: delete node: IP: 216.58.215.74. Number of nodes 14
EtherApe-INFO: 22:08:33.801: New node: IP: 216.58.215.74. Number of nodes 15
EtherApe-INFO: 22:08:58.083: delete node: IP: 95.216.195.133. Number of nodes 14
EtherApe-INFO: 22:10:33.530: New node: IP: 156.146.54.58. Number of nodes 15
EtherApe-INFO: 22:10:34.136: delete node: IP: 216.58.215.74. Number of nodes 14
EtherApe-INFO: 22:10:52.997: New node: IP: 1.1.1.1. Number of nodes 15
EtherApe-INFO: 22:10:52.997: New node: IP: 172.217.20.164. Number of nodes 16
EtherApe-INFO: 22:11:33.798: New node: IP: 156.146.54.72. Number of nodes 17
EtherApe-INFO: 22:11:57.264: New node: IP: 95.216.195.133. Number of nodes 18
EtherApe-INFO: 22:12:51.664: New node: IPv6: fe80::9ada:c4ff:febf:99a5. Number of nodes 19
EtherApe-INFO: 22:12:51.664: New node: IPv6: ff02::1. Number of nodes 20
EtherApe-INFO: 22:12:53.370: delete node: IP: 172.217.20.164. Number of nodes 19
EtherApe-INFO: 22:12:53.370: delete node: IP: 1.1.1.1. Number of nodes 18
EtherApe-INFO: 22:13:14.864: New node: IP: 1.1.1.1. Number of nodes 19
EtherApe-INFO: 22:13:51.398: New node: IP: 156.146.54.56. Number of nodes 20
EtherApe-INFO: 22:13:58.158: delete node: IP: 95.216.195.133. Number of nodes 19
EtherApe-INFO: 22:14:32.463: New node: IP: 172.217.16.14. Number of nodes 20
EtherApe-INFO: 22:14:36.466: delete node: IP: 156.146.54.69. Number of nodes 19
EtherApe-INFO: 22:14:51.755: delete node: IPv6: ff02::1. Number of nodes 18
EtherApe-INFO: 22:14:51.755: delete node: IPv6: fe80::9ada:c4ff:febf:99a5. Number of nodes 17
EtherApe-INFO: 22:14:57.531: New node: IP: 172.217.16.46. Number of nodes 18
EtherApe-INFO: 22:15:53.798: New node: IP: 216.58.215.100. Number of nodes 19
EtherApe-INFO: 22:16:33.801: delete node: IP: 172.217.16.14. Number of nodes 18
EtherApe-INFO: 22:16:57.000: New node: IPv6: fe80::9ada:c4ff:febf:99a5. Number of nodes 19
EtherApe-INFO: 22:16:57.000: New node: IPv6: ff02::1. Number of nodes 20
EtherApe-INFO: 22:16:57.264: New node: IP: 95.216.195.133. Number of nodes 21
EtherApe-INFO: 22:16:58.123: delete node: IP: 172.217.16.46. Number of nodes 20
EtherApe-INFO: 22:16:58.123: delete node: IP: 1.1.1.1. Number of nodes 19
EtherApe-INFO: 22:17:14.064: New node: IP: 216.58.208.195. Number of nodes 20
EtherApe-INFO: 22:17:15.930: New node: IP: 172.217.16.14. Number of nodes 21
EtherApe-INFO: 22:18:03.739: delete node: IP: 156.146.54.72. Number of nodes 20
EtherApe-INFO: 22:18:18.067: New node: IP: 149.154.167.50. Number of nodes 21
EtherApe-INFO: 22:18:57.360: delete node: IPv6: ff02::1. Number of nodes 20
EtherApe-INFO: 22:18:57.360: delete node: IPv6: fe80::9ada:c4ff:febf:99a5. Number of nodes 19
EtherApe-INFO: 22:18:58.416: delete node: IP: 95.216.195.133. Number of nodes 18
EtherApe-INFO: 22:19:00.464: New node: IP: 172.217.20.202. Number of nodes 19
EtherApe-INFO: 22:19:23.397: New node: IP: 1.1.1.1. Number of nodes 20
EtherApe-INFO: 22:19:47.956: delete node: IP: 216.58.215.100. Number of nodes 19
EtherApe-INFO: 22:19:50.387: delete node: IP: 156.146.54.56. Number of nodes 18
EtherApe-INFO: 22:20:11.664: New node: IP: 216.58.215.74. Number of nodes 19
EtherApe-INFO: 22:20:19.404: delete node: IP: 216.58.208.195. Number of nodes 18
EtherApe-INFO: 22:20:39.930: New node: IP: 95.216.144.15. Number of nodes 19
EtherApe-INFO: 22:20:40.467: New node: IP: 156.146.54.72. Number of nodes 20
EtherApe-INFO: 22:20:53.004: New node: IP: 202.158.214.106. Number of nodes 21
EtherApe-INFO: 22:20:58.597: New node: IP: 140.82.121.4. Number of nodes 22
EtherApe-INFO: 22:20:58.634: delete node: IP: 142.250.75.10. Number of nodes 21
EtherApe-INFO: 22:21:04.730: New node: IP: 156.146.54.56. Number of nodes 22
EtherApe-INFO: 22:21:47.406: New node: IP: 149.154.167.222. Number of nodes 23
EtherApe-INFO: 22:21:48.262: delete node: IP: 156.146.54.53. Number of nodes 22
EtherApe-INFO: 22:21:50.394: delete node: IP: 156.146.54.51. Number of nodes 21
EtherApe-INFO: 22:21:57.277: New node: IP: 95.216.195.133. Number of nodes 22
EtherApe-INFO: 22:22:11.406: New node: IP: 156.146.54.53. Number of nodes 23
EtherApe-INFO: 22:22:11.991: delete node: IP: 216.58.215.74. Number of nodes 22
EtherApe-INFO: 22:22:50.120: delete node: IP: 1.1.1.1. Number of nodes 21
EtherApe-INFO: 22:22:57.592: delete node: IP: 202.158.214.106. Number of nodes 20
EtherApe-INFO: 22:23:04.732: New node: IP: 172.217.20.196. Number of nodes 21
EtherApe-INFO: 22:23:11.457: delete node: IP: 172.217.16.14. Number of nodes 20
EtherApe-INFO: 22:23:49.855: delete node: IP: 95.216.144.15. Number of nodes 19
EtherApe-INFO: 22:23:57.540: delete node: IP: 95.216.195.133. Number of nodes 18
EtherApe-INFO: 22:24:08.526: delete node: IP: 149.154.167.222. Number of nodes 17
EtherApe-INFO: 22:24:12.730: New node: IP: 140.82.121.3. Number of nodes 18
EtherApe-INFO: 22:24:22.330: New node: IP: 156.146.54.51. Number of nodes 19
EtherApe-INFO: 22:24:37.266: New node: IP: 216.58.209.4. Number of nodes 20
EtherApe-INFO: 22:25:01.582: delete node: IP: 156.146.54.74. Number of nodes 19
EtherApe-INFO: 22:25:02.331: New node: IP: 156.146.54.74. Number of nodes 20
EtherApe-INFO: 22:25:36.197: New node: IP: 156.146.54.69. Number of nodes 21
EtherApe-INFO: 22:25:46.162: delete node: IP: 172.217.16.4. Number of nodes 20
