(etherape:12265): GLib-GIO-DEBUG: 21:41:29.128: _g_io_module_get_default: Found default implementation local (GLocalVfs) for ‘gio-vfs’
EtherApe-INFO: 21:41:29.232: sctp protocol not supported
EtherApe-INFO: 21:41:29.232: dccp protocol not supported
EtherApe-INFO: 21:41:29.232: sctp protocol not supported
EtherApe-INFO: 21:41:29.232: sctp protocol not supported
EtherApe-INFO: 21:41:29.232: sctp protocol not supported
EtherApe-INFO: 21:41:29.233: sctp protocol not supported
EtherApe-INFO: 21:41:29.233: sctp protocol not supported
EtherApe-INFO: 21:41:29.233: sctp protocol not supported
EtherApe-INFO: 21:41:29.234: sctp protocol not supported
EtherApe-INFO: 21:41:29.234: dccp protocol not supported
EtherApe-INFO: 21:41:29.234: sctp protocol not supported
EtherApe-INFO: 21:41:29.234: dccp protocol not supported
EtherApe-INFO: 21:41:29.234: dccp protocol not supported
EtherApe-INFO: 21:41:29.234: sctp protocol not supported
EtherApe-INFO: 21:41:29.235: sctp protocol not supported
EtherApe-INFO: 21:41:29.235: sctp protocol not supported
EtherApe-INFO: 21:41:29.236: sctp protocol not supported
EtherApe-INFO: 21:41:29.236: sctp protocol not supported
EtherApe-INFO: 21:41:29.238: sctp protocol not supported
EtherApe-INFO: 21:41:29.238: sctp protocol not supported
EtherApe-INFO: 21:41:29.238: sctp protocol not supported
EtherApe-INFO: 21:41:29.238: sctp protocol not supported
EtherApe-INFO: 21:41:29.238: sctp protocol not supported
EtherApe-INFO: 21:41:29.239: sctp protocol not supported
EtherApe-INFO: 21:41:29.240: sctp protocol not supported
EtherApe-INFO: 21:41:29.240: sctp protocol not supported
EtherApe-INFO: 21:41:29.240: sctp protocol not supported
EtherApe-INFO: 21:41:29.241: sctp protocol not supported
EtherApe-INFO: 21:41:29.241: dccp protocol not supported
EtherApe-INFO: 21:41:29.241: sctp protocol not supported
EtherApe-INFO: 21:41:29.241: sctp protocol not supported
EtherApe-INFO: 21:41:29.241: dccp protocol not supported
EtherApe-INFO: 21:41:29.241: sctp protocol not supported
EtherApe-INFO: 21:41:29.241: sctp protocol not supported
EtherApe-INFO: 21:41:29.241: sctp protocol not supported
EtherApe-INFO: 21:41:29.241: dccp protocol not supported
EtherApe-INFO: 21:41:29.241: dccp protocol not supported
EtherApe-INFO: 21:41:29.241: sctp protocol not supported
EtherApe-INFO: 21:41:29.241: sctp protocol not supported
EtherApe-INFO: 21:41:29.241: sctp protocol not supported
EtherApe-INFO: 21:41:29.241: sctp protocol not supported
EtherApe-INFO: 21:41:29.241: sctp protocol not supported
EtherApe-INFO: 21:41:29.241: sctp protocol not supported
EtherApe-INFO: 21:41:29.241: sctp protocol not supported
EtherApe-INFO: 21:41:29.241: sctp protocol not supported
EtherApe-INFO: 21:41:29.241: sctp protocol not supported
EtherApe-INFO: 21:41:29.241: sctp protocol not supported
EtherApe-INFO: 21:41:29.241: sctp protocol not supported
EtherApe-INFO: 21:41:29.241: sctp protocol not supported
EtherApe-INFO: 21:41:29.241: sctp protocol not supported
EtherApe-INFO: 21:41:29.241: dccp protocol not supported
EtherApe-INFO: 21:41:29.241: sctp protocol not supported
EtherApe-INFO: 21:41:29.241: sctp protocol not supported
EtherApe-INFO: 21:41:29.241: sctp protocol not supported
EtherApe-INFO: 21:41:29.242: sctp protocol not supported
EtherApe-INFO: 21:41:29.242: sctp protocol not supported
EtherApe-INFO: 21:41:29.242: sctp protocol not supported
EtherApe-INFO: 21:41:29.242: sctp protocol not supported
EtherApe-INFO: 21:41:29.242: sctp protocol not supported
EtherApe-INFO: 21:41:29.242: sctp protocol not supported
EtherApe-INFO: 21:41:29.242: sctp protocol not supported
EtherApe-INFO: 21:41:29.242: sctp protocol not supported
EtherApe-INFO: 21:41:29.242: sctp protocol not supported
EtherApe-INFO: 21:41:29.242: sctp protocol not supported
EtherApe-INFO: 21:41:29.242: sctp protocol not supported
EtherApe-INFO: 21:41:29.242: sctp protocol not supported
EtherApe-INFO: 21:41:29.242: sctp protocol not supported
EtherApe-INFO: 21:41:29.242: sctp protocol not supported
EtherApe-INFO: 21:41:29.242: sctp protocol not supported
EtherApe-INFO: 21:41:29.242: sctp protocol not supported
EtherApe-INFO: 21:41:29.242: sctp protocol not supported
EtherApe-INFO: 21:41:29.242: sctp protocol not supported
EtherApe-INFO: 21:41:29.242: sctp protocol not supported
EtherApe-INFO: 21:41:29.242: sctp protocol not supported
EtherApe-INFO: 21:41:29.242: sctp protocol not supported
EtherApe-INFO: 21:41:29.243: sctp protocol not supported
EtherApe-INFO: 21:41:29.243: sctp protocol not supported
EtherApe-INFO: 21:41:29.243: sctp protocol not supported
EtherApe-INFO: 21:41:29.243: sctp protocol not supported
EtherApe-INFO: 21:41:29.243: sctp protocol not supported
EtherApe-INFO: 21:41:29.243: sctp protocol not supported
EtherApe-INFO: 21:41:29.243: sctp protocol not supported
EtherApe-INFO: 21:41:29.243: sctp protocol not supported
EtherApe-INFO: 21:41:29.243: sctp protocol not supported
EtherApe-INFO: 21:41:29.243: sctp protocol not supported
EtherApe-INFO: 21:41:29.243: sctp protocol not supported
EtherApe-INFO: 21:41:29.243: sctp protocol not supported
EtherApe-INFO: 21:41:29.252: get_interface result: ''
EtherApe-INFO: 21:41:29.252: Available interfaces for capture: dbus-session dbus-system nfqueue nflog bluetooth-monitor lo any enp1s0f4u1u2
EtherApe-INFO: 21:41:29.266: Link type is LINUX_SLL
EtherApe-INFO: 21:41:29.267: Diagram started
EtherApe-INFO: 21:41:29.511: New node: IP: 185.202.220.100. Number of nodes 1
EtherApe-INFO: 21:41:29.511: New node: IP: 192.168.1.116. Number of nodes 2
EtherApe-INFO: 21:41:30.865: New node: IP: 8.8.8.8. Number of nodes 3
EtherApe-INFO: 21:41:31.089: New node: IP: 1.1.1.1. Number of nodes 4
EtherApe-INFO: 21:41:36.154: New node: IP: 79.142.192.4. Number of nodes 5
EtherApe-INFO: 21:41:40.421: New node: IP: 142.251.39.10. Number of nodes 6
EtherApe-INFO: 21:41:41.006: New node: IP: 142.250.180.238. Number of nodes 7
EtherApe-INFO: 21:41:41.492: New node: IP: 142.251.39.4. Number of nodes 8
EtherApe-INFO: 21:41:43.121: New node: IP: 149.154.167.50. Number of nodes 9
EtherApe-INFO: 21:41:53.507: New node: IP: 172.217.20.10. Number of nodes 10
EtherApe-INFO: 21:41:54.556: New node: IP: 149.154.167.51. Number of nodes 11
EtherApe-INFO: 21:41:57.751: New node: IPv6: fe80::86d8:1bff:fe8a:3173. Number of nodes 12
EtherApe-INFO: 21:41:57.752: New node: IPv6: ff02::1. Number of nodes 13
EtherApe-INFO: 21:42:00.419: New node: IP: 142.250.180.227. Number of nodes 14
EtherApe-INFO: 21:42:03.890: New node: IP: 142.251.39.74. Number of nodes 15
EtherApe-INFO: 21:42:10.847: New node: IP: 34.104.35.123. Number of nodes 16
EtherApe-INFO: 21:42:16.907: New node: IP: 172.217.19.106. Number of nodes 17
EtherApe-INFO: 21:42:50.503: New node: IP: 192.168.1.126. Number of nodes 18
EtherApe-INFO: 21:43:10.102: New node: IP: 239.255.255.250. Number of nodes 19
EtherApe-INFO: 21:43:32.515: delete node: IP: 1.1.1.1. Number of nodes 18
EtherApe-INFO: 21:43:36.026: delete node: IP: 79.142.192.4. Number of nodes 17
EtherApe-INFO: 21:43:44.238: New node: IP: 79.142.192.4. Number of nodes 18
EtherApe-INFO: 21:43:57.626: delete node: IPv6: ff02::1. Number of nodes 17
EtherApe-INFO: 21:43:57.626: delete node: IPv6: fe80::86d8:1bff:fe8a:3173. Number of nodes 16
EtherApe-INFO: 21:43:58.674: delete node: IP: 142.251.39.10. Number of nodes 15
EtherApe-INFO: 21:44:33.565: New node: IP: 95.216.195.133. Number of nodes 16
EtherApe-INFO: 21:44:50.703: delete node: IP: 192.168.1.126. Number of nodes 15
EtherApe-INFO: 21:44:51.039: delete node: IP: 172.217.20.10. Number of nodes 14
EtherApe-INFO: 21:45:44.579: delete node: IP: 79.142.192.4. Number of nodes 13
EtherApe-INFO: 21:46:18.817: delete node: IP: 34.104.35.123. Number of nodes 12
EtherApe-INFO: 21:46:34.830: delete node: IP: 95.216.195.133. Number of nodes 11
EtherApe-INFO: 21:46:39.806: New node: IP: 1.1.1.1. Number of nodes 12
EtherApe-INFO: 21:47:52.872: New node: IP: 173.194.222.106. Number of nodes 13
EtherApe-INFO: 21:48:00.609: New node: IP: 79.142.192.4. Number of nodes 14
EtherApe-INFO: 21:48:07.542: delete node: IP: 142.251.39.74. Number of nodes 13
EtherApe-INFO: 21:48:11.639: delete node: IP: 142.250.180.227. Number of nodes 12
EtherApe-INFO: 21:49:27.569: delete node: IP: 149.154.167.51. Number of nodes 11
EtherApe-INFO: 21:49:27.569: delete node: IP: 149.154.167.50. Number of nodes 10
EtherApe-INFO: 21:49:33.672: New node: IP: 95.216.195.133. Number of nodes 11
EtherApe-INFO: 21:49:53.157: delete node: IP: 1.1.1.1. Number of nodes 10
EtherApe-INFO: 21:49:53.469: delete node: IP: 173.194.222.106. Number of nodes 9
EtherApe-INFO: 21:50:01.221: delete node: IP: 79.142.192.4. Number of nodes 8
EtherApe-INFO: 21:51:27.805: New node: IPv6: fe80::86d8:1bff:fe8a:3173. Number of nodes 9
EtherApe-INFO: 21:51:27.805: New node: IPv6: ff02::1. Number of nodes 10
EtherApe-INFO: 21:51:33.672: delete node: IP: 95.216.195.133. Number of nodes 9
EtherApe-INFO: 21:51:51.805: New node: IP: 1.1.1.1. Number of nodes 10
EtherApe-INFO: 21:52:35.808: New node: IP: 142.251.39.74. Number of nodes 11
EtherApe-INFO: 21:53:07.538: New node: IP: 192.168.1.1. Number of nodes 12
EtherApe-INFO: 21:53:28.174: delete node: IPv6: ff02::1. Number of nodes 11
EtherApe-INFO: 21:53:28.175: delete node: IPv6: fe80::86d8:1bff:fe8a:3173. Number of nodes 10
EtherApe-INFO: 21:54:36.347: delete node: IP: 142.251.39.74. Number of nodes 9
EtherApe-INFO: 21:54:56.665: delete node: IP: 142.251.39.4. Number of nodes 8
EtherApe-INFO: 21:54:56.665: delete node: IP: 142.250.180.238. Number of nodes 7
EtherApe-INFO: 21:54:58.539: delete node: IP: 172.217.19.106. Number of nodes 6
EtherApe-INFO: 21:55:58.208: New node: IP: 192.168.1.255. Number of nodes 7
EtherApe-INFO: 21:56:25.675: New node: IP: 0.0.0.0. Number of nodes 8
EtherApe-INFO: 21:56:25.675: New node: IP: 255.255.255.255. Number of nodes 9
EtherApe-INFO: 21:56:32.871: New node: IP: 79.142.192.4. Number of nodes 10
EtherApe-INFO: 21:56:39.005: New node: IPv6: fe80::86d8:1bff:fe8a:3173. Number of nodes 11
EtherApe-INFO: 21:56:39.005: New node: IPv6: ff02::1. Number of nodes 12
EtherApe-INFO: 21:57:18.472: New node: IP: 94.158.46.150. Number of nodes 13
EtherApe-INFO: 21:57:28.875: New node: IP: 193.106.144.7. Number of nodes 14
EtherApe-INFO: 21:57:39.005: New node: IP: 79.135.194.236. Number of nodes 15
EtherApe-INFO: 21:57:59.592: delete node: IP: 192.168.1.255. Number of nodes 14
EtherApe-INFO: 21:58:22.526: delete node: IP: 192.168.1.1. Number of nodes 13
EtherApe-INFO: 21:58:25.677: delete node: IP: 255.255.255.255. Number of nodes 12
EtherApe-INFO: 21:58:25.678: delete node: IP: 0.0.0.0. Number of nodes 11
EtherApe-INFO: 21:59:08.710: delete node: IP: 79.142.192.4. Number of nodes 10
EtherApe-INFO: 21:59:18.482: delete node: IP: 94.158.46.150. Number of nodes 9
EtherApe-INFO: 21:59:29.507: delete node: IP: 193.106.144.7. Number of nodes 8
EtherApe-INFO: 21:59:39.601: delete node: IP: 79.135.194.236. Number of nodes 7
EtherApe-INFO: 22:00:24.338: New node: IP: 192.168.1.1. Number of nodes 8
EtherApe-INFO: 22:02:24.890: delete node: IP: 192.168.1.1. Number of nodes 7
EtherApe-INFO: 22:02:26.567: delete node: IP: 185.202.220.100. Number of nodes 6
EtherApe-INFO: 22:02:56.338: New node: IP: 192.168.1.1. Number of nodes 7
EtherApe-INFO: 22:04:56.414: delete node: IP: 192.168.1.1. Number of nodes 6
EtherApe-INFO: 22:05:28.338: New node: IP: 192.168.1.1. Number of nodes 7
EtherApe-INFO: 22:07:28.636: delete node: IP: 192.168.1.1. Number of nodes 6
EtherApe-INFO: 22:10:34.738: New node: IPv6: ::. Number of nodes 7
EtherApe-INFO: 22:10:34.738: New node: IPv6: ff02::16. Number of nodes 8
EtherApe-INFO: 22:10:35.005: New node: IPv6: ff02::1:ff27:9a64. Number of nodes 9
EtherApe-INFO: 22:10:36.071: New node: IPv6: fe80::85b:8fff:fe27:9a64. Number of nodes 10
EtherApe-INFO: 22:10:48.871: New node: IPv6: fe80::210:20ff:fe30:4050. Number of nodes 11
EtherApe-INFO: 22:11:04.338: New node: IP: 0.0.0.0. Number of nodes 12
EtherApe-INFO: 22:11:04.338: New node: IP: 255.255.255.255. Number of nodes 13
EtherApe-INFO: 22:11:04.338: New node: IP: 192.168.8.1. Number of nodes 14
EtherApe-INFO: 22:11:04.338: New node: IP: 192.168.8.123. Number of nodes 15
EtherApe-INFO: 22:11:04.609: New node: IP: 95.216.195.133. Number of nodes 16
EtherApe-INFO: 22:11:04.610: New node: IP: 185.202.220.100. Number of nodes 17
EtherApe-INFO: 22:11:04.874: New node: IP: 142.250.203.206. Number of nodes 18
EtherApe-INFO: 22:11:05.415: New node: IP: 216.58.215.68. Number of nodes 19
EtherApe-INFO: 22:11:10.205: New node: IP: 172.217.16.3. Number of nodes 20
EtherApe-INFO: 22:11:11.271: New node: IP: 224.0.0.251. Number of nodes 21
EtherApe-INFO: 22:12:17.675: New node: IP: 216.58.208.202. Number of nodes 22
EtherApe-INFO: 22:12:25.405: New node: IP: 142.250.180.228. Number of nodes 23
EtherApe-INFO: 22:12:35.317: delete node: IPv6: ff02::1:ff27:9a64. Number of nodes 22
EtherApe-INFO: 22:12:35.842: delete node: IPv6: ::. Number of nodes 21
EtherApe-INFO: 22:12:36.889: delete node: IPv6: ff02::16. Number of nodes 20
EtherApe-INFO: 22:12:36.889: delete node: IPv6: fe80::85b:8fff:fe27:9a64. Number of nodes 19
EtherApe-INFO: 22:12:59.611: delete node: IP: 192.168.1.116. Number of nodes 18
EtherApe-INFO: 22:13:04.361: delete node: IP: 255.255.255.255. Number of nodes 17
EtherApe-INFO: 22:13:04.361: delete node: IP: 0.0.0.0. Number of nodes 16
EtherApe-INFO: 22:13:04.676: delete node: IP: 192.168.8.1. Number of nodes 15
EtherApe-INFO: 22:13:04.887: delete node: IPv6: fe80::210:20ff:fe30:4050. Number of nodes 14
EtherApe-INFO: 22:13:04.887: delete node: IP: 95.216.195.133. Number of nodes 13
EtherApe-INFO: 22:13:11.272: New node: IP: 172.217.20.202. Number of nodes 14
EtherApe-INFO: 22:13:14.808: delete node: IP: 224.0.0.251. Number of nodes 13
EtherApe-INFO: 22:14:13.744: delete node: IP: 172.217.16.3. Number of nodes 12
EtherApe-INFO: 22:14:25.471: delete node: IP: 1.1.1.1. Number of nodes 11
EtherApe-INFO: 22:14:25.993: delete node: IP: 142.250.180.228. Number of nodes 10
EtherApe-INFO: 22:15:11.642: delete node: IP: 172.217.20.202. Number of nodes 9
EtherApe-INFO: 22:16:04.605: New node: IP: 95.216.195.133. Number of nodes 10
EtherApe-INFO: 22:16:13.676: New node: IP: 1.1.1.1. Number of nodes 11
EtherApe-INFO: 22:16:15.006: New node: IPv6: fe80::210:20ff:fe30:4050. Number of nodes 12
EtherApe-INFO: 22:16:34.738: New node: IP: 172.217.20.202. Number of nodes 13
EtherApe-INFO: 22:17:28.075: New node: IP: 142.250.180.228. Number of nodes 14
EtherApe-INFO: 22:18:04.881: delete node: IP: 95.216.195.133. Number of nodes 13
EtherApe-INFO: 22:18:15.369: delete node: IPv6: fe80::210:20ff:fe30:4050. Number of nodes 12
EtherApe-INFO: 22:18:16.630: delete node: IPv6: ff02::1. Number of nodes 11
EtherApe-INFO: 22:18:16.630: delete node: IPv6: fe80::86d8:1bff:fe8a:3173. Number of nodes 10
EtherApe-INFO: 22:18:34.777: delete node: IP: 172.217.20.202. Number of nodes 9
EtherApe-INFO: 22:19:28.650: delete node: IP: 142.250.180.228. Number of nodes 8
EtherApe-INFO: 22:20:38.225: delete node: IP: 1.1.1.1. Number of nodes 7
EtherApe-INFO: 22:20:58.472: New node: IP: 1.1.1.1. Number of nodes 8
EtherApe-INFO: 22:20:58.738: New node: IP: 142.250.187.206. Number of nodes 9
EtherApe-INFO: 22:21:04.609: New node: IP: 95.216.195.133. Number of nodes 10
EtherApe-INFO: 22:21:39.005: New node: IP: 142.250.179.238. Number of nodes 11
EtherApe-INFO: 22:21:44.072: New node: IP: 216.58.209.14. Number of nodes 12
EtherApe-INFO: 22:22:48.083: New node: IPv6: fe80::210:20ff:fe30:4050. Number of nodes 13
EtherApe-INFO: 22:22:48.083: New node: IPv6: ff02::1. Number of nodes 14
EtherApe-INFO: 22:22:59.019: delete node: IP: 142.250.187.206. Number of nodes 13
EtherApe-INFO: 22:23:04.924: delete node: IP: 95.216.195.133. Number of nodes 12
EtherApe-INFO: 22:23:39.088: delete node: IP: 1.1.1.1. Number of nodes 11
EtherApe-INFO: 22:23:39.297: delete node: IP: 142.250.179.238. Number of nodes 10
EtherApe-INFO: 22:24:45.143: delete node: IP: 142.250.203.206. Number of nodes 9
EtherApe-INFO: 22:24:48.379: delete node: IPv6: ff02::1. Number of nodes 8
EtherApe-INFO: 22:24:48.379: delete node: IPv6: fe80::210:20ff:fe30:4050. Number of nodes 7
EtherApe-INFO: 22:25:45.939: New node: IP: 193.34.155.3. Number of nodes 8
EtherApe-INFO: 22:26:04.605: New node: IP: 95.216.195.133. Number of nodes 9
EtherApe-INFO: 22:26:39.805: New node: IP: 1.1.1.1. Number of nodes 10
EtherApe-INFO: 22:26:54.740: New node: IP: 142.250.203.206. Number of nodes 11
EtherApe-INFO: 22:27:46.034: delete node: IP: 193.34.155.3. Number of nodes 10
EtherApe-INFO: 22:28:04.887: delete node: IP: 95.216.195.133. Number of nodes 9
EtherApe-INFO: 22:28:42.209: delete node: IP: 1.1.1.1. Number of nodes 8
EtherApe-INFO: 22:29:21.142: New node: IPv6: fe80::210:20ff:fe30:4050. Number of nodes 9
EtherApe-INFO: 22:29:21.142: New node: IPv6: ff02::1. Number of nodes 10
EtherApe-INFO: 22:29:55.634: delete node: IP: 216.58.209.14. Number of nodes 9
EtherApe-INFO: 22:31:04.605: New node: IP: 95.216.195.133. Number of nodes 10
EtherApe-INFO: 22:31:21.182: delete node: IPv6: ff02::1. Number of nodes 9
EtherApe-INFO: 22:31:21.182: delete node: IPv6: fe80::210:20ff:fe30:4050. Number of nodes 8
EtherApe-INFO: 22:31:52.339: New node: IP: 1.1.1.1. Number of nodes 9
EtherApe-INFO: 22:33:04.883: delete node: IP: 95.216.195.133. Number of nodes 8
EtherApe-INFO: 22:33:53.954: delete node: IP: 1.1.1.1. Number of nodes 7
EtherApe-INFO: 22:36:04.606: New node: IP: 95.216.195.133. Number of nodes 8
EtherApe-INFO: 22:36:11.272: New node: IP: 142.250.203.141. Number of nodes 9
EtherApe-INFO: 22:37:00.871: New node: IP: 1.1.1.1. Number of nodes 10
EtherApe-INFO: 22:37:52.071: New node: IPv6: fe80::210:20ff:fe30:4050. Number of nodes 11
EtherApe-INFO: 22:37:52.071: New node: IPv6: ff02::1. Number of nodes 12
EtherApe-INFO: 22:38:04.967: delete node: IP: 95.216.195.133. Number of nodes 11
EtherApe-INFO: 22:38:11.877: delete node: IP: 142.250.203.141. Number of nodes 10
EtherApe-INFO: 22:39:52.700: delete node: IPv6: ff02::1. Number of nodes 9
EtherApe-INFO: 22:39:52.700: delete node: IPv6: fe80::210:20ff:fe30:4050. Number of nodes 8
EtherApe-INFO: 22:40:11.538: New node: IP: 142.250.203.141. Number of nodes 9
EtherApe-INFO: 22:40:42.003: delete node: IP: 1.1.1.1. Number of nodes 8
EtherApe-INFO: 22:41:04.605: New node: IP: 95.216.195.133. Number of nodes 9
EtherApe-INFO: 22:41:10.204: New node: IP: 172.217.16.3. Number of nodes 10
EtherApe-INFO: 22:42:09.698: New node: IP: 1.1.1.1. Number of nodes 11
EtherApe-INFO: 22:42:11.817: delete node: IP: 142.250.203.141. Number of nodes 10
EtherApe-INFO: 22:42:17.141: New node: IPv6: fe80::210:20ff:fe30:4050. Number of nodes 11
EtherApe-INFO: 22:42:17.141: New node: IPv6: ff02::1. Number of nodes 12
EtherApe-INFO: 22:43:04.895: delete node: IP: 95.216.195.133. Number of nodes 11
EtherApe-INFO: 22:43:16.874: New node: IP: 142.250.200.14. Number of nodes 12
EtherApe-INFO: 22:43:37.405: New node: IP: 172.217.20.202. Number of nodes 13
EtherApe-INFO: 22:44:14.315: delete node: IP: 172.217.16.3. Number of nodes 12
EtherApe-INFO: 22:44:17.462: delete node: IPv6: ff02::1. Number of nodes 11
EtherApe-INFO: 22:44:17.462: delete node: IPv6: fe80::210:20ff:fe30:4050. Number of nodes 10
EtherApe-INFO: 22:45:17.491: delete node: IP: 142.250.200.14. Number of nodes 9
EtherApe-INFO: 22:45:17.491: delete node: IP: 1.1.1.1. Number of nodes 8
EtherApe-INFO: 22:46:04.609: New node: IP: 95.216.195.133. Number of nodes 9
EtherApe-INFO: 22:46:14.503: delete node: IP: 172.217.20.202. Number of nodes 8
EtherApe-INFO: 22:46:40.341: New node: IP: 192.168.1.126. Number of nodes 9
EtherApe-INFO: 22:46:57.405: New node: IPv6: fe80::210:20ff:fe30:4050. Number of nodes 10
EtherApe-INFO: 22:46:57.405: New node: IPv6: ff02::1. Number of nodes 11
EtherApe-INFO: 22:47:19.822: New node: IP: 1.1.1.1. Number of nodes 12
EtherApe-INFO: 22:48:04.907: delete node: IP: 95.216.195.133. Number of nodes 11
EtherApe-INFO: 22:48:57.490: delete node: IPv6: ff02::1. Number of nodes 10
EtherApe-INFO: 22:48:57.490: delete node: IPv6: fe80::210:20ff:fe30:4050. Number of nodes 9
EtherApe-INFO: 22:48:57.490: delete node: IP: 192.168.1.126. Number of nodes 8
EtherApe-INFO: 22:49:23.579: delete node: IP: 1.1.1.1. Number of nodes 7
EtherApe-INFO: 22:51:04.609: New node: IP: 95.216.195.133. Number of nodes 8
EtherApe-INFO: 22:51:57.938: New node: IP: 1.1.1.1. Number of nodes 9
EtherApe-INFO: 22:51:58.204: New node: IP: 142.250.187.206. Number of nodes 10
EtherApe-INFO: 22:53:04.978: delete node: IP: 95.216.195.133. Number of nodes 9
EtherApe-INFO: 22:53:28.877: New node: IP: 142.250.179.238. Number of nodes 10
EtherApe-INFO: 22:53:58.798: delete node: IP: 142.250.187.206. Number of nodes 9
EtherApe-INFO: 22:54:42.471: New node: IPv6: fe80::210:20ff:fe30:4050. Number of nodes 10
EtherApe-INFO: 22:54:42.471: New node: IPv6: ff02::1. Number of nodes 11
EtherApe-INFO: 22:55:28.903: delete node: IP: 1.1.1.1. Number of nodes 10
EtherApe-INFO: 22:55:29.949: delete node: IP: 142.250.179.238. Number of nodes 9
EtherApe-INFO: 22:55:50.205: New node: IP: 172.217.20.202. Number of nodes 10
EtherApe-INFO: 22:56:04.614: New node: IP: 95.216.195.133. Number of nodes 11
EtherApe-INFO: 22:56:42.480: delete node: IPv6: ff02::1. Number of nodes 10
EtherApe-INFO: 22:56:42.480: delete node: IPv6: fe80::210:20ff:fe30:4050. Number of nodes 9
EtherApe-INFO: 22:57:09.405: New node: IP: 1.1.1.1. Number of nodes 10
EtherApe-INFO: 22:57:09.938: New node: IP: 202.158.214.106. Number of nodes 11
EtherApe-INFO: 22:58:04.965: delete node: IP: 95.216.195.133. Number of nodes 10
EtherApe-INFO: 22:59:38.038: delete node: IP: 172.217.20.202. Number of nodes 9
EtherApe-INFO: 22:59:42.218: delete node: IP: 1.1.1.1. Number of nodes 8
EtherApe-INFO: 22:59:52.871: New node: IP: 1.1.1.1. Number of nodes 9
EtherApe-INFO: 22:59:52.871: New node: IP: 142.250.180.228. Number of nodes 10
EtherApe-INFO: 22:59:53.938: New node: IP: 193.34.155.3. Number of nodes 11
EtherApe-INFO: 23:00:34.476: New node: IPv6: fe80::210:20ff:fe30:4050. Number of nodes 12
EtherApe-INFO: 23:00:34.476: New node: IPv6: ff02::1. Number of nodes 13
EtherApe-INFO: 23:01:04.606: New node: IP: 95.216.195.133. Number of nodes 14
EtherApe-INFO: 23:01:53.746: delete node: IP: 142.250.180.228. Number of nodes 13
EtherApe-INFO: 23:01:56.366: delete node: IP: 193.34.155.3. Number of nodes 12
EtherApe-INFO: 23:02:35.291: delete node: IPv6: ff02::1. Number of nodes 11
EtherApe-INFO: 23:02:35.291: delete node: IPv6: fe80::210:20ff:fe30:4050. Number of nodes 10
EtherApe-INFO: 23:03:04.948: delete node: IP: 95.216.195.133. Number of nodes 9
EtherApe-INFO: 23:03:25.676: New node: IP: 172.217.20.202. Number of nodes 10
EtherApe-INFO: 23:04:43.311: delete node: IP: 202.158.214.106. Number of nodes 9
EtherApe-INFO: 23:05:25.989: delete node: IP: 172.217.20.202. Number of nodes 8
EtherApe-INFO: 23:05:36.874: New node: IP: 142.250.187.206. Number of nodes 9
EtherApe-INFO: 23:06:04.605: New node: IP: 95.216.195.133. Number of nodes 10
EtherApe-INFO: 23:06:20.608: New node: IP: 202.158.214.106. Number of nodes 11
EtherApe-INFO: 23:06:54.474: New node: IPv6: fe80::210:20ff:fe30:4050. Number of nodes 12
EtherApe-INFO: 23:06:54.474: New node: IPv6: ff02::1. Number of nodes 13
EtherApe-INFO: 23:07:36.880: delete node: IP: 1.1.1.1. Number of nodes 12
EtherApe-INFO: 23:07:37.200: delete node: IP: 142.250.187.206. Number of nodes 11
EtherApe-INFO: 23:07:59.805: New node: IP: 1.1.1.1. Number of nodes 12
EtherApe-INFO: 23:08:04.974: delete node: IP: 95.216.195.133. Number of nodes 11
EtherApe-INFO: 23:08:54.522: delete node: IPv6: ff02::1. Number of nodes 10
EtherApe-INFO: 23:08:54.523: delete node: IPv6: fe80::210:20ff:fe30:4050. Number of nodes 9
EtherApe-INFO: 23:08:58.738: New node: IP: 142.250.180.228. Number of nodes 10
EtherApe-INFO: 23:09:16.896: New node: IP: 95.216.144.15. Number of nodes 11
EtherApe-INFO: 23:09:21.138: New node: IP: 172.217.20.202. Number of nodes 12
EtherApe-INFO: 23:11:00.418: delete node: IP: 142.250.180.228. Number of nodes 11
EtherApe-INFO: 23:11:00.418: delete node: IP: 1.1.1.1. Number of nodes 10
EtherApe-INFO: 23:11:04.605: New node: IP: 95.216.195.133. Number of nodes 11
EtherApe-INFO: 23:11:10.208: New node: IP: 172.217.16.3. Number of nodes 12
EtherApe-INFO: 23:11:13.157: delete node: IP: 202.158.214.106. Number of nodes 11
EtherApe-INFO: 23:11:19.007: delete node: IP: 95.216.144.15. Number of nodes 10
EtherApe-INFO: 23:11:21.411: delete node: IP: 172.217.20.202. Number of nodes 9
EtherApe-INFO: 23:12:27.537: New node: IPv6: fe80::210:20ff:fe30:4050. Number of nodes 10
EtherApe-INFO: 23:12:27.538: New node: IPv6: ff02::1. Number of nodes 11
EtherApe-INFO: 23:12:43.005: New node: IP: 172.217.20.170. Number of nodes 12
EtherApe-INFO: 23:13:04.906: delete node: IP: 95.216.195.133. Number of nodes 11
EtherApe-INFO: 23:13:10.208: New node: IP: 1.1.1.1. Number of nodes 12
EtherApe-INFO: 23:13:40.608: New node: IP: 172.217.20.202. Number of nodes 13
EtherApe-INFO: 23:14:15.098: delete node: IP: 172.217.16.3. Number of nodes 12
EtherApe-INFO: 23:14:25.205: delete node: IP: 216.58.208.202. Number of nodes 11
EtherApe-INFO: 23:14:30.212: delete node: IPv6: ff02::1. Number of nodes 10
EtherApe-INFO: 23:14:30.212: delete node: IPv6: fe80::210:20ff:fe30:4050. Number of nodes 9
EtherApe-INFO: 23:15:12.392: delete node: IP: 1.1.1.1. Number of nodes 8
EtherApe-INFO: 23:15:40.608: New node: IP: 1.1.1.1. Number of nodes 9
EtherApe-INFO: 23:15:40.895: delete node: IP: 172.217.20.202. Number of nodes 8
EtherApe-INFO: 23:16:04.608: New node: IP: 95.216.195.133. Number of nodes 9
EtherApe-INFO: 23:17:18.476: New node: IP: 172.217.20.202. Number of nodes 10
EtherApe-INFO: 23:17:41.199: delete node: IP: 1.1.1.1. Number of nodes 9
EtherApe-INFO: 23:18:05.177: delete node: IP: 95.216.195.133. Number of nodes 8
EtherApe-INFO: 23:18:21.674: New node: IP: 1.1.1.1. Number of nodes 9
EtherApe-INFO: 23:18:40.605: New node: IPv6: fe80::210:20ff:fe30:4050. Number of nodes 10
EtherApe-INFO: 23:18:40.605: New node: IPv6: ff02::1. Number of nodes 11
EtherApe-INFO: 23:19:19.043: delete node: IP: 172.217.20.202. Number of nodes 10
EtherApe-INFO: 23:20:26.511: delete node: IP: 1.1.1.1. Number of nodes 9
EtherApe-INFO: 23:20:44.341: delete node: IPv6: ff02::1. Number of nodes 8
EtherApe-INFO: 23:20:44.341: delete node: IPv6: fe80::210:20ff:fe30:4050. Number of nodes 7
EtherApe-INFO: 23:21:04.605: New node: IP: 95.216.195.133. Number of nodes 8
EtherApe-INFO: 23:22:04.074: New node: IP: 1.1.1.1. Number of nodes 9
EtherApe-INFO: 23:22:04.341: New node: IP: 142.250.180.228. Number of nodes 10
EtherApe-INFO: 23:23:04.936: delete node: IP: 95.216.195.133. Number of nodes 9
EtherApe-INFO: 23:23:20.604: New node: IPv6: fe80::210:20ff:fe30:4050. Number of nodes 10
EtherApe-INFO: 23:23:20.604: New node: IPv6: ff02::1. Number of nodes 11
EtherApe-INFO: 23:24:05.407: delete node: IP: 142.250.180.228. Number of nodes 10
EtherApe-INFO: 23:25:15.005: New node: IP: 142.250.178.14. Number of nodes 11
EtherApe-INFO: 23:25:20.895: delete node: IPv6: ff02::1. Number of nodes 10
EtherApe-INFO: 23:25:20.895: delete node: IPv6: fe80::210:20ff:fe30:4050. Number of nodes 9
EtherApe-INFO: 23:25:45.138: New node: IP: 142.250.200.14. Number of nodes 10
EtherApe-INFO: 23:26:04.604: New node: IP: 95.216.195.133. Number of nodes 11
EtherApe-INFO: 23:27:15.597: delete node: IP: 142.250.178.14. Number of nodes 10
EtherApe-INFO: 23:27:46.549: delete node: IP: 1.1.1.1. Number of nodes 9
EtherApe-INFO: 23:27:49.465: delete node: IP: 142.250.200.14. Number of nodes 8
EtherApe-INFO: 23:27:50.738: New node: IPv6: fe80::210:20ff:fe30:4050. Number of nodes 9
EtherApe-INFO: 23:27:50.738: New node: IPv6: ff02::1. Number of nodes 10
EtherApe-INFO: 23:28:04.939: delete node: IP: 95.216.195.133. Number of nodes 9
EtherApe-INFO: 23:28:39.805: New node: IP: 1.1.1.1. Number of nodes 10
EtherApe-INFO: 23:28:58.754: New node: IP: 172.217.20.202. Number of nodes 11
EtherApe-INFO: 23:29:50.861: delete node: IPv6: ff02::1. Number of nodes 10
EtherApe-INFO: 23:29:50.861: delete node: IPv6: fe80::210:20ff:fe30:4050. Number of nodes 9
EtherApe-INFO: 23:30:08.338: New node: IP: 142.250.180.228. Number of nodes 10
EtherApe-INFO: 23:31:02.474: delete node: IP: 172.217.20.202. Number of nodes 9
EtherApe-INFO: 23:31:04.608: New node: IP: 95.216.195.133. Number of nodes 10
EtherApe-INFO: 23:32:09.033: delete node: IP: 142.250.180.228. Number of nodes 9
EtherApe-INFO: 23:33:01.671: New node: IPv6: fe80::210:20ff:fe30:4050. Number of nodes 10
EtherApe-INFO: 23:33:01.671: New node: IPv6: ff02::1. Number of nodes 11
EtherApe-INFO: 23:33:04.879: delete node: IP: 95.216.195.133. Number of nodes 10
EtherApe-INFO: 23:33:28.968: delete node: IP: 1.1.1.1. Number of nodes 9
EtherApe-INFO: 23:33:49.671: New node: IP: 1.1.1.1. Number of nodes 10
EtherApe-INFO: 23:34:02.209: New node: IP: 193.34.155.3. Number of nodes 11
EtherApe-INFO: 23:35:03.050: delete node: IPv6: ff02::1. Number of nodes 10
EtherApe-INFO: 23:35:03.050: delete node: IPv6: fe80::210:20ff:fe30:4050. Number of nodes 9
EtherApe-INFO: 23:35:53.482: delete node: IP: 1.1.1.1. Number of nodes 8
EtherApe-INFO: 23:36:03.293: delete node: IP: 193.34.155.3. Number of nodes 7
EtherApe-INFO: 23:36:04.605: New node: IP: 95.216.195.133. Number of nodes 8
EtherApe-INFO: 23:36:23.272: New node: IP: 142.250.203.141. Number of nodes 9
EtherApe-INFO: 23:38:04.957: delete node: IP: 95.216.195.133. Number of nodes 8
EtherApe-INFO: 23:38:31.554: New node: IP: 1.1.1.1. Number of nodes 9
EtherApe-INFO: 23:38:31.806: New node: IP: 142.250.180.228. Number of nodes 10
EtherApe-INFO: 23:38:52.871: New node: IPv6: fe80::210:20ff:fe30:4050. Number of nodes 11
EtherApe-INFO: 23:38:52.871: New node: IPv6: ff02::1. Number of nodes 12
EtherApe-INFO: 23:39:32.931: delete node: IP: 142.250.203.141. Number of nodes 11
EtherApe-INFO: 23:40:23.804: New node: IP: 142.250.203.141. Number of nodes 12
EtherApe-INFO: 23:40:33.987: delete node: IP: 142.250.180.228. Number of nodes 11
EtherApe-INFO: 23:40:53.460: delete node: IPv6: ff02::1. Number of nodes 10
EtherApe-INFO: 23:40:53.460: delete node: IPv6: fe80::210:20ff:fe30:4050. Number of nodes 9
EtherApe-INFO: 23:41:01.758: delete node: IP: 1.1.1.1. Number of nodes 8
EtherApe-INFO: 23:41:04.608: New node: IP: 95.216.195.133. Number of nodes 9
EtherApe-INFO: 23:41:10.204: New node: IP: 172.217.16.3. Number of nodes 10
EtherApe-INFO: 23:42:24.441: delete node: IP: 142.250.203.141. Number of nodes 9
EtherApe-INFO: 23:42:25.937: New node: IPv6: fe80::210:20ff:fe30:4050. Number of nodes 10
EtherApe-INFO: 23:42:25.937: New node: IPv6: ff02::1. Number of nodes 11
EtherApe-INFO: 23:43:04.908: delete node: IP: 95.216.195.133. Number of nodes 10
EtherApe-INFO: 23:43:34.741: New node: IP: 172.217.20.202. Number of nodes 11
EtherApe-INFO: 23:44:09.938: New node: IP: 1.1.1.1. Number of nodes 12
EtherApe-INFO: 23:44:26.572: delete node: IPv6: ff02::1. Number of nodes 11
EtherApe-INFO: 23:44:26.572: delete node: IPv6: fe80::210:20ff:fe30:4050. Number of nodes 10
EtherApe-INFO: 23:45:22.474: delete node: IP: 172.217.16.3. Number of nodes 9
EtherApe-INFO: 23:45:35.035: delete node: IP: 172.217.20.202. Number of nodes 8
EtherApe-INFO: 23:46:04.604: New node: IP: 95.216.195.133. Number of nodes 9
EtherApe-INFO: 23:46:11.286: delete node: IP: 1.1.1.1. Number of nodes 8
EtherApe-INFO: 23:48:04.919: delete node: IP: 95.216.195.133. Number of nodes 7
EtherApe-INFO: 23:49:22.472: New node: IP: 1.1.1.1. Number of nodes 8
EtherApe-INFO: 23:49:33.944: New node: IP: 172.217.20.202. Number of nodes 9
EtherApe-INFO: 23:49:49.937: New node: IPv6: fe80::210:20ff:fe30:4050. Number of nodes 10
EtherApe-INFO: 23:49:49.937: New node: IPv6: ff02::1. Number of nodes 11
EtherApe-INFO: 23:51:04.605: New node: IP: 95.216.195.133. Number of nodes 12
EtherApe-INFO: 23:51:24.360: delete node: IP: 1.1.1.1. Number of nodes 11
EtherApe-INFO: 23:51:35.851: delete node: IP: 172.217.20.202. Number of nodes 10
EtherApe-INFO: 23:51:49.996: delete node: IPv6: ff02::1. Number of nodes 9
EtherApe-INFO: 23:51:49.997: delete node: IPv6: fe80::210:20ff:fe30:4050. Number of nodes 8
EtherApe-INFO: 23:52:48.607: New node: IP: 172.217.20.202. Number of nodes 9
EtherApe-INFO: 23:52:52.337: New node: IP: 1.1.1.1. Number of nodes 10
EtherApe-INFO: 23:52:59.032: New node: IP: 192.168.1.126. Number of nodes 11
EtherApe-INFO: 23:53:04.951: delete node: IP: 95.216.195.133. Number of nodes 10
EtherApe-INFO: 23:53:16.071: New node: IPv6: fe80::210:20ff:fe30:4050. Number of nodes 11
EtherApe-INFO: 23:53:16.071: New node: IPv6: ff02::1. Number of nodes 12
EtherApe-INFO: 23:55:02.841: delete node: IP: 192.168.1.126. Number of nodes 11
EtherApe-INFO: 23:55:16.116: delete node: IPv6: ff02::1. Number of nodes 10
EtherApe-INFO: 23:55:16.116: delete node: IPv6: fe80::210:20ff:fe30:4050. Number of nodes 9
