(etherape:1799): GLib-GIO-DEBUG: 09:57:54.586: _g_io_module_get_default: Found default implementation local (GLocalVfs) for ‘gio-vfs’
EtherApe-INFO: 09:57:54.735: sctp protocol not supported
EtherApe-INFO: 09:57:54.735: dccp protocol not supported
EtherApe-INFO: 09:57:54.735: sctp protocol not supported
EtherApe-INFO: 09:57:54.735: sctp protocol not supported
EtherApe-INFO: 09:57:54.735: sctp protocol not supported
EtherApe-INFO: 09:57:54.735: sctp protocol not supported
EtherApe-INFO: 09:57:54.735: sctp protocol not supported
EtherApe-INFO: 09:57:54.735: sctp protocol not supported
EtherApe-INFO: 09:57:54.736: sctp protocol not supported
EtherApe-INFO: 09:57:54.736: dccp protocol not supported
EtherApe-INFO: 09:57:54.736: sctp protocol not supported
EtherApe-INFO: 09:57:54.736: dccp protocol not supported
EtherApe-INFO: 09:57:54.736: dccp protocol not supported
EtherApe-INFO: 09:57:54.736: sctp protocol not supported
EtherApe-INFO: 09:57:54.736: sctp protocol not supported
EtherApe-INFO: 09:57:54.737: sctp protocol not supported
EtherApe-INFO: 09:57:54.737: sctp protocol not supported
EtherApe-INFO: 09:57:54.737: sctp protocol not supported
EtherApe-INFO: 09:57:54.738: sctp protocol not supported
EtherApe-INFO: 09:57:54.738: sctp protocol not supported
EtherApe-INFO: 09:57:54.738: sctp protocol not supported
EtherApe-INFO: 09:57:54.738: sctp protocol not supported
EtherApe-INFO: 09:57:54.738: sctp protocol not supported
EtherApe-INFO: 09:57:54.739: sctp protocol not supported
EtherApe-INFO: 09:57:54.739: sctp protocol not supported
EtherApe-INFO: 09:57:54.739: sctp protocol not supported
EtherApe-INFO: 09:57:54.739: sctp protocol not supported
EtherApe-INFO: 09:57:54.739: sctp protocol not supported
EtherApe-INFO: 09:57:54.739: dccp protocol not supported
EtherApe-INFO: 09:57:54.739: sctp protocol not supported
EtherApe-INFO: 09:57:54.740: sctp protocol not supported
EtherApe-INFO: 09:57:54.740: dccp protocol not supported
EtherApe-INFO: 09:57:54.740: sctp protocol not supported
EtherApe-INFO: 09:57:54.740: sctp protocol not supported
EtherApe-INFO: 09:57:54.740: sctp protocol not supported
EtherApe-INFO: 09:57:54.740: dccp protocol not supported
EtherApe-INFO: 09:57:54.740: dccp protocol not supported
EtherApe-INFO: 09:57:54.740: sctp protocol not supported
EtherApe-INFO: 09:57:54.740: sctp protocol not supported
EtherApe-INFO: 09:57:54.740: sctp protocol not supported
EtherApe-INFO: 09:57:54.740: sctp protocol not supported
EtherApe-INFO: 09:57:54.740: sctp protocol not supported
EtherApe-INFO: 09:57:54.740: sctp protocol not supported
EtherApe-INFO: 09:57:54.740: sctp protocol not supported
EtherApe-INFO: 09:57:54.740: sctp protocol not supported
EtherApe-INFO: 09:57:54.740: sctp protocol not supported
EtherApe-INFO: 09:57:54.740: sctp protocol not supported
EtherApe-INFO: 09:57:54.740: sctp protocol not supported
EtherApe-INFO: 09:57:54.740: sctp protocol not supported
EtherApe-INFO: 09:57:54.740: sctp protocol not supported
EtherApe-INFO: 09:57:54.740: sctp protocol not supported
EtherApe-INFO: 09:57:54.740: sctp protocol not supported
EtherApe-INFO: 09:57:54.740: sctp protocol not supported
EtherApe-INFO: 09:57:54.740: sctp protocol not supported
EtherApe-INFO: 09:57:54.740: sctp protocol not supported
EtherApe-INFO: 09:57:54.740: sctp protocol not supported
EtherApe-INFO: 09:57:54.741: sctp protocol not supported
EtherApe-INFO: 09:57:54.741: dccp protocol not supported
EtherApe-INFO: 09:57:54.741: sctp protocol not supported
EtherApe-INFO: 09:57:54.741: sctp protocol not supported
EtherApe-INFO: 09:57:54.741: sctp protocol not supported
EtherApe-INFO: 09:57:54.741: sctp protocol not supported
EtherApe-INFO: 09:57:54.741: sctp protocol not supported
EtherApe-INFO: 09:57:54.741: sctp protocol not supported
EtherApe-INFO: 09:57:54.741: sctp protocol not supported
EtherApe-INFO: 09:57:54.741: sctp protocol not supported
EtherApe-INFO: 09:57:54.741: sctp protocol not supported
EtherApe-INFO: 09:57:54.741: sctp protocol not supported
EtherApe-INFO: 09:57:54.741: sctp protocol not supported
EtherApe-INFO: 09:57:54.741: sctp protocol not supported
EtherApe-INFO: 09:57:54.742: sctp protocol not supported
EtherApe-INFO: 09:57:54.742: sctp protocol not supported
EtherApe-INFO: 09:57:54.742: sctp protocol not supported
EtherApe-INFO: 09:57:54.742: sctp protocol not supported
EtherApe-INFO: 09:57:54.742: sctp protocol not supported
EtherApe-INFO: 09:57:54.742: sctp protocol not supported
EtherApe-INFO: 09:57:54.742: sctp protocol not supported
EtherApe-INFO: 09:57:54.742: sctp protocol not supported
EtherApe-INFO: 09:57:54.742: sctp protocol not supported
EtherApe-INFO: 09:57:54.742: sctp protocol not supported
EtherApe-INFO: 09:57:54.742: sctp protocol not supported
EtherApe-INFO: 09:57:54.742: sctp protocol not supported
EtherApe-INFO: 09:57:54.742: sctp protocol not supported
EtherApe-INFO: 09:57:54.742: sctp protocol not supported
EtherApe-INFO: 09:57:54.742: sctp protocol not supported
EtherApe-INFO: 09:57:54.742: sctp protocol not supported
EtherApe-INFO: 09:57:54.742: sctp protocol not supported
EtherApe-INFO: 09:57:54.742: sctp protocol not supported
EtherApe-INFO: 09:57:54.742: sctp protocol not supported
EtherApe-INFO: 09:57:54.742: sctp protocol not supported
EtherApe-INFO: 09:57:54.742: sctp protocol not supported
EtherApe-INFO: 09:57:54.742: sctp protocol not supported
EtherApe-INFO: 09:57:54.742: sctp protocol not supported
EtherApe-INFO: 09:57:54.742: sctp protocol not supported
EtherApe-INFO: 09:57:54.754: get_interface result: ''
EtherApe-INFO: 09:57:54.754: Available interfaces for capture: dbus-session dbus-system nfqueue nflog bluetooth-monitor wlp3s0 lo any enp0s25
EtherApe-INFO: 09:57:54.806: Link type is LINUX_SLL
EtherApe-INFO: 09:57:54.807: Diagram started
EtherApe-INFO: 09:57:57.356: New node: IP: 192.168.2.226. Number of nodes 1
EtherApe-INFO: 09:57:57.356: New node: IP: 149.154.167.51. Number of nodes 2
EtherApe-INFO: 09:58:00.496: New node: IP: 149.154.167.223. Number of nodes 3
EtherApe-INFO: 09:58:00.756: New node: IP: 192.168.2.1. Number of nodes 4
EtherApe-INFO: 09:58:31.037: New node: IP: 89.187.191.12. Number of nodes 5
EtherApe-INFO: 09:58:34.687: New node: IP: 91.236.251.14. Number of nodes 6
EtherApe-INFO: 09:59:24.810: New node: IP: 95.216.195.133. Number of nodes 7
EtherApe-INFO: 10:00:34.609: delete node: IP: 91.236.251.14. Number of nodes 6
EtherApe-INFO: 10:01:25.037: delete node: IP: 192.168.2.1. Number of nodes 5
EtherApe-INFO: 10:01:25.037: delete node: IP: 95.216.195.133. Number of nodes 4
EtherApe-INFO: 10:02:34.864: delete node: IP: 149.154.167.223. Number of nodes 3
EtherApe-INFO: 10:02:50.697: New node: IP: 91.236.251.14. Number of nodes 4
EtherApe-INFO: 10:02:52.791: New node: IP: 192.168.2.1. Number of nodes 5
EtherApe-INFO: 10:04:00.009: New node: IPv6: fe80::9ada:c4ff:febf:99a5. Number of nodes 6
EtherApe-INFO: 10:04:00.009: New node: IPv6: ff02::1. Number of nodes 7
EtherApe-INFO: 10:04:24.842: New node: IP: 95.216.195.133. Number of nodes 8
EtherApe-INFO: 10:04:50.792: delete node: IP: 91.236.251.14. Number of nodes 7
EtherApe-INFO: 10:05:10.940: New node: IP: 149.154.167.223. Number of nodes 8
EtherApe-INFO: 10:05:59.883: delete node: IPv6: ff02::1. Number of nodes 7
EtherApe-INFO: 10:05:59.883: delete node: IPv6: fe80::9ada:c4ff:febf:99a5. Number of nodes 6
EtherApe-INFO: 10:06:24.995: delete node: IP: 192.168.2.1. Number of nodes 5
EtherApe-INFO: 10:06:24.995: delete node: IP: 95.216.195.133. Number of nodes 4
EtherApe-INFO: 10:07:26.604: delete node: IP: 149.154.167.223. Number of nodes 3
EtherApe-INFO: 10:07:52.859: New node: IP: 192.168.2.1. Number of nodes 4
EtherApe-INFO: 10:08:02.509: New node: IP: 149.154.167.223. Number of nodes 5
EtherApe-INFO: 10:09:24.926: New node: IP: 95.216.195.133. Number of nodes 6
EtherApe-INFO: 10:10:25.470: delete node: IP: 149.154.167.223. Number of nodes 5
EtherApe-INFO: 10:10:40.236: New node: IPv6: fe80::9ada:c4ff:febf:99a5. Number of nodes 6
EtherApe-INFO: 10:10:40.236: New node: IPv6: ff02::1. Number of nodes 7
EtherApe-INFO: 10:11:07.537: New node: IP: 149.154.167.223. Number of nodes 8
EtherApe-INFO: 10:11:23.136: New node: IP: 91.236.251.14. Number of nodes 9
EtherApe-INFO: 10:11:25.050: delete node: IP: 192.168.2.1. Number of nodes 8
EtherApe-INFO: 10:11:27.658: delete node: IP: 95.216.195.133. Number of nodes 7
EtherApe-INFO: 10:12:30.746: New node: IP: 192.168.2.1. Number of nodes 8
EtherApe-INFO: 10:12:32.306: New node: IP: 95.216.144.15. Number of nodes 9
