(etherape:1754): GLib-GIO-DEBUG: 23:07:34.320: _g_io_module_get_default: Found default implementation local (GLocalVfs) for ‘gio-vfs’
EtherApe-INFO: 23:07:34.474: sctp protocol not supported
EtherApe-INFO: 23:07:34.475: dccp protocol not supported
EtherApe-INFO: 23:07:34.475: sctp protocol not supported
EtherApe-INFO: 23:07:34.475: sctp protocol not supported
EtherApe-INFO: 23:07:34.475: sctp protocol not supported
EtherApe-INFO: 23:07:34.475: sctp protocol not supported
EtherApe-INFO: 23:07:34.475: sctp protocol not supported
EtherApe-INFO: 23:07:34.475: sctp protocol not supported
EtherApe-INFO: 23:07:34.475: sctp protocol not supported
EtherApe-INFO: 23:07:34.475: dccp protocol not supported
EtherApe-INFO: 23:07:34.475: sctp protocol not supported
EtherApe-INFO: 23:07:34.475: dccp protocol not supported
EtherApe-INFO: 23:07:34.476: dccp protocol not supported
EtherApe-INFO: 23:07:34.476: sctp protocol not supported
EtherApe-INFO: 23:07:34.476: sctp protocol not supported
EtherApe-INFO: 23:07:34.476: sctp protocol not supported
EtherApe-INFO: 23:07:34.477: sctp protocol not supported
EtherApe-INFO: 23:07:34.477: sctp protocol not supported
EtherApe-INFO: 23:07:34.477: sctp protocol not supported
EtherApe-INFO: 23:07:34.477: sctp protocol not supported
EtherApe-INFO: 23:07:34.478: sctp protocol not supported
EtherApe-INFO: 23:07:34.478: sctp protocol not supported
EtherApe-INFO: 23:07:34.478: sctp protocol not supported
EtherApe-INFO: 23:07:34.478: sctp protocol not supported
EtherApe-INFO: 23:07:34.478: sctp protocol not supported
EtherApe-INFO: 23:07:34.479: sctp protocol not supported
EtherApe-INFO: 23:07:34.479: sctp protocol not supported
EtherApe-INFO: 23:07:34.479: sctp protocol not supported
EtherApe-INFO: 23:07:34.479: dccp protocol not supported
EtherApe-INFO: 23:07:34.479: sctp protocol not supported
EtherApe-INFO: 23:07:34.479: sctp protocol not supported
EtherApe-INFO: 23:07:34.479: dccp protocol not supported
EtherApe-INFO: 23:07:34.479: sctp protocol not supported
EtherApe-INFO: 23:07:34.479: sctp protocol not supported
EtherApe-INFO: 23:07:34.479: sctp protocol not supported
EtherApe-INFO: 23:07:34.479: dccp protocol not supported
EtherApe-INFO: 23:07:34.479: dccp protocol not supported
EtherApe-INFO: 23:07:34.479: sctp protocol not supported
EtherApe-INFO: 23:07:34.479: sctp protocol not supported
EtherApe-INFO: 23:07:34.479: sctp protocol not supported
EtherApe-INFO: 23:07:34.479: sctp protocol not supported
EtherApe-INFO: 23:07:34.480: sctp protocol not supported
EtherApe-INFO: 23:07:34.480: sctp protocol not supported
EtherApe-INFO: 23:07:34.480: sctp protocol not supported
EtherApe-INFO: 23:07:34.480: sctp protocol not supported
EtherApe-INFO: 23:07:34.480: sctp protocol not supported
EtherApe-INFO: 23:07:34.480: sctp protocol not supported
EtherApe-INFO: 23:07:34.480: sctp protocol not supported
EtherApe-INFO: 23:07:34.480: sctp protocol not supported
EtherApe-INFO: 23:07:34.480: sctp protocol not supported
EtherApe-INFO: 23:07:34.480: sctp protocol not supported
EtherApe-INFO: 23:07:34.480: sctp protocol not supported
EtherApe-INFO: 23:07:34.480: sctp protocol not supported
EtherApe-INFO: 23:07:34.480: sctp protocol not supported
EtherApe-INFO: 23:07:34.480: sctp protocol not supported
EtherApe-INFO: 23:07:34.480: sctp protocol not supported
EtherApe-INFO: 23:07:34.480: sctp protocol not supported
EtherApe-INFO: 23:07:34.480: dccp protocol not supported
EtherApe-INFO: 23:07:34.480: sctp protocol not supported
EtherApe-INFO: 23:07:34.480: sctp protocol not supported
EtherApe-INFO: 23:07:34.480: sctp protocol not supported
EtherApe-INFO: 23:07:34.480: sctp protocol not supported
EtherApe-INFO: 23:07:34.480: sctp protocol not supported
EtherApe-INFO: 23:07:34.480: sctp protocol not supported
EtherApe-INFO: 23:07:34.480: sctp protocol not supported
EtherApe-INFO: 23:07:34.481: sctp protocol not supported
EtherApe-INFO: 23:07:34.481: sctp protocol not supported
EtherApe-INFO: 23:07:34.481: sctp protocol not supported
EtherApe-INFO: 23:07:34.481: sctp protocol not supported
EtherApe-INFO: 23:07:34.481: sctp protocol not supported
EtherApe-INFO: 23:07:34.481: sctp protocol not supported
EtherApe-INFO: 23:07:34.481: sctp protocol not supported
EtherApe-INFO: 23:07:34.481: sctp protocol not supported
EtherApe-INFO: 23:07:34.481: sctp protocol not supported
EtherApe-INFO: 23:07:34.481: sctp protocol not supported
EtherApe-INFO: 23:07:34.481: sctp protocol not supported
EtherApe-INFO: 23:07:34.481: sctp protocol not supported
EtherApe-INFO: 23:07:34.481: sctp protocol not supported
EtherApe-INFO: 23:07:34.481: sctp protocol not supported
EtherApe-INFO: 23:07:34.481: sctp protocol not supported
EtherApe-INFO: 23:07:34.481: sctp protocol not supported
EtherApe-INFO: 23:07:34.482: sctp protocol not supported
EtherApe-INFO: 23:07:34.482: sctp protocol not supported
EtherApe-INFO: 23:07:34.482: sctp protocol not supported
EtherApe-INFO: 23:07:34.482: sctp protocol not supported
EtherApe-INFO: 23:07:34.482: sctp protocol not supported
EtherApe-INFO: 23:07:34.482: sctp protocol not supported
EtherApe-INFO: 23:07:34.482: sctp protocol not supported
EtherApe-INFO: 23:07:34.482: sctp protocol not supported
EtherApe-INFO: 23:07:34.482: sctp protocol not supported
EtherApe-INFO: 23:07:34.482: sctp protocol not supported
EtherApe-INFO: 23:07:34.482: sctp protocol not supported
EtherApe-INFO: 23:07:34.482: sctp protocol not supported
EtherApe-INFO: 23:07:34.482: sctp protocol not supported
EtherApe-INFO: 23:07:34.674: get_interface result: ''
EtherApe-INFO: 23:07:34.674: Available interfaces for capture: dbus-session dbus-system nfqueue nflog bluetooth-monitor wwp0s29u1u4i6 enp0s25 wlp3s0 lo any
EtherApe-INFO: 23:07:34.709: Link type is LINUX_SLL
EtherApe-INFO: 23:07:34.710: Diagram started
EtherApe-INFO: 23:07:35.449: New node: IP: 127.0.0.1. Number of nodes 1
EtherApe-INFO: 23:09:32.489: New node: IP: 0.0.0.0. Number of nodes 2
EtherApe-INFO: 23:09:32.489: New node: IP: 255.255.255.255. Number of nodes 3
EtherApe-INFO: 23:09:33.009: New node: IPv6: ::. Number of nodes 4
EtherApe-INFO: 23:09:33.009: New node: IPv6: ff02::1:ffec:101. Number of nodes 5
EtherApe-INFO: 23:11:36.874: delete node: IPv6: ff02::1:ffec:101. Number of nodes 4
EtherApe-INFO: 23:11:36.874: delete node: IPv6: ::. Number of nodes 3
EtherApe-INFO: 23:11:49.967: delete node: IP: 255.255.255.255. Number of nodes 2
EtherApe-INFO: 23:11:49.967: delete node: IP: 0.0.0.0. Number of nodes 1
EtherApe-INFO: 23:14:23.349: New node: IP: 0.0.0.0. Number of nodes 2
EtherApe-INFO: 23:14:23.349: New node: IP: 255.255.255.255. Number of nodes 3
EtherApe-INFO: 23:14:23.349: New node: IP: 192.168.1.1. Number of nodes 4
EtherApe-INFO: 23:14:23.349: New node: IP: 192.168.1.226. Number of nodes 5
EtherApe-INFO: 23:14:23.349: New node: IP: 192.168.1.149. Number of nodes 6
EtherApe-INFO: 23:14:24.909: New node: IP: 8.8.8.8. Number of nodes 7
EtherApe-INFO: 23:14:26.469: New node: IP: 95.216.195.133. Number of nodes 8
EtherApe-INFO: 23:14:28.319: New node: IP: 1.1.1.1. Number of nodes 9
EtherApe-INFO: 23:14:33.349: New node: IP: 193.106.144.7. Number of nodes 10
EtherApe-INFO: 23:15:30.809: New node: IPv6: fe80::86d8:1bff:fe8a:3173. Number of nodes 11
EtherApe-INFO: 23:15:30.809: New node: IPv6: ff02::1. Number of nodes 12
EtherApe-INFO: 23:15:44.699: New node: IP: 104.16.249.249. Number of nodes 13
EtherApe-INFO: 23:15:45.219: New node: IP: 34.107.221.82. Number of nodes 14
EtherApe-INFO: 23:15:45.479: New node: IP: 104.16.248.249. Number of nodes 15
EtherApe-INFO: 23:15:45.481: New node: IP: 34.117.237.239. Number of nodes 16
EtherApe-INFO: 23:15:45.481: New node: IP: 18.66.139.17. Number of nodes 17
EtherApe-INFO: 23:15:45.739: New node: IP: 87.245.216.9. Number of nodes 18
EtherApe-INFO: 23:15:46.009: New node: IP: 172.217.20.170. Number of nodes 19
EtherApe-INFO: 23:15:46.279: New node: IP: 216.58.215.67. Number of nodes 20
EtherApe-INFO: 23:15:46.280: New node: IP: 34.120.208.123. Number of nodes 21
EtherApe-INFO: 23:15:46.540: New node: IP: 35.83.91.138. Number of nodes 22
EtherApe-INFO: 23:15:46.540: New node: IP: 93.184.220.29. Number of nodes 23
EtherApe-INFO: 23:15:46.541: New node: IP: 52.36.0.217. Number of nodes 24
EtherApe-INFO: 23:15:46.544: New node: IP: 35.164.184.131. Number of nodes 25
EtherApe-INFO: 23:15:46.801: New node: IP: 44.240.237.74. Number of nodes 26
EtherApe-INFO: 23:15:47.061: New node: IP: 52.27.117.254. Number of nodes 27
EtherApe-INFO: 23:15:47.319: New node: IP: 35.166.39.67. Number of nodes 28
EtherApe-INFO: 23:15:47.849: New node: IP: 104.18.15.117. Number of nodes 29
EtherApe-INFO: 23:15:47.849: New node: IP: 104.18.13.33. Number of nodes 30
EtherApe-INFO: 23:15:47.850: New node: IP: 104.18.12.33. Number of nodes 31
EtherApe-INFO: 23:15:48.629: New node: IP: 104.18.14.117. Number of nodes 32
EtherApe-INFO: 23:15:48.633: New node: IP: 35.186.227.140. Number of nodes 33
EtherApe-INFO: 23:15:49.123: New node: IP: 193.34.169.9. Number of nodes 34
EtherApe-INFO: 23:15:49.128: New node: IP: 216.58.215.104. Number of nodes 35
EtherApe-INFO: 23:15:49.386: New node: IP: 172.64.155.188. Number of nodes 36
EtherApe-INFO: 23:15:50.940: New node: IP: 172.67.209.148. Number of nodes 37
EtherApe-INFO: 23:15:51.201: New node: IP: 140.82.121.4. Number of nodes 38
EtherApe-INFO: 23:15:52.239: New node: IP: 2.18.15.10. Number of nodes 39
EtherApe-INFO: 23:15:53.019: New node: IP: 185.199.110.154. Number of nodes 40
EtherApe-INFO: 23:15:53.548: New node: IP: 185.199.108.133. Number of nodes 41
EtherApe-INFO: 23:15:54.839: New node: IP: 140.82.113.21. Number of nodes 42
EtherApe-INFO: 23:15:55.099: New node: IP: 172.217.16.36. Number of nodes 43
EtherApe-INFO: 23:15:57.182: New node: IP: 172.217.20.163. Number of nodes 44
EtherApe-INFO: 23:15:58.751: New node: IP: 172.217.16.46. Number of nodes 45
EtherApe-INFO: 23:15:59.001: New node: IP: 142.250.203.194. Number of nodes 46
EtherApe-INFO: 23:15:59.259: New node: IP: 142.250.203.206. Number of nodes 47
EtherApe-INFO: 23:15:59.521: New node: IP: 142.250.203.130. Number of nodes 48
EtherApe-INFO: 23:16:00.559: New node: IP: 140.82.121.6. Number of nodes 49
EtherApe-INFO: 23:16:25.716: delete node: IP: 255.255.255.255. Number of nodes 48
EtherApe-INFO: 23:16:25.716: delete node: IP: 192.168.1.1. Number of nodes 47
EtherApe-INFO: 23:16:25.716: delete node: IP: 0.0.0.0. Number of nodes 46
EtherApe-INFO: 23:16:26.998: delete node: IP: 95.216.195.133. Number of nodes 45
EtherApe-INFO: 23:16:29.122: delete node: IP: 192.168.1.149. Number of nodes 44
EtherApe-INFO: 23:16:29.654: delete node: IP: 1.1.1.1. Number of nodes 43
EtherApe-INFO: 23:16:59.339: New node: IP: 0.0.0.0. Number of nodes 44
EtherApe-INFO: 23:16:59.339: New node: IP: 255.255.255.255. Number of nodes 45
EtherApe-INFO: 23:16:59.859: New node: IPv6: ::. Number of nodes 46
EtherApe-INFO: 23:16:59.859: New node: IPv6: ff02::1:ffec:101. Number of nodes 47
EtherApe-INFO: 23:17:31.672: delete node: IPv6: ff02::1. Number of nodes 46
EtherApe-INFO: 23:17:31.672: delete node: IPv6: fe80::86d8:1bff:fe8a:3173. Number of nodes 45
EtherApe-INFO: 23:17:48.933: delete node: IP: 104.18.14.117. Number of nodes 44
EtherApe-INFO: 23:17:48.933: delete node: IP: 104.18.13.33. Number of nodes 43
EtherApe-INFO: 23:17:48.933: delete node: IP: 35.83.91.138. Number of nodes 42
EtherApe-INFO: 23:17:50.210: delete node: IP: 44.240.237.74. Number of nodes 41
EtherApe-INFO: 23:17:50.210: delete node: IP: 35.166.39.67. Number of nodes 40
EtherApe-INFO: 23:17:52.849: delete node: IP: 216.58.215.104. Number of nodes 39
EtherApe-INFO: 23:18:03.899: delete node: IP: 172.217.20.170. Number of nodes 38
EtherApe-INFO: 23:18:03.899: delete node: IP: 172.217.20.163. Number of nodes 37
EtherApe-INFO: 23:18:03.899: delete node: IP: 172.217.16.46. Number of nodes 36
EtherApe-INFO: 23:18:03.899: delete node: IP: 142.250.203.206. Number of nodes 35
EtherApe-INFO: 23:18:03.899: delete node: IP: 142.250.203.194. Number of nodes 34
EtherApe-INFO: 23:18:03.899: delete node: IP: 35.164.184.131. Number of nodes 33
EtherApe-INFO: 23:18:07.570: delete node: IP: 127.0.0.1. Number of nodes 32
EtherApe-INFO: 23:18:17.754: delete node: IP: 193.106.144.7. Number of nodes 31
EtherApe-INFO: 23:18:17.909: New node: IP: 193.106.144.7. Number of nodes 32
EtherApe-INFO: 23:18:27.919: delete node: IP: 2.18.15.10. Number of nodes 31
EtherApe-INFO: 23:18:49.033: delete node: IP: 52.36.0.217. Number of nodes 30
EtherApe-INFO: 23:18:51.558: delete node: IP: 52.27.117.254. Number of nodes 29
EtherApe-INFO: 23:19:13.239: New node: IPv6: fe80::86d8:1bff:fe8a:3173. Number of nodes 30
EtherApe-INFO: 23:19:13.239: New node: IPv6: ff02::1. Number of nodes 31
EtherApe-INFO: 23:19:13.342: delete node: IPv6: ff02::1:ffec:101. Number of nodes 30
EtherApe-INFO: 23:19:13.342: delete node: IPv6: ::. Number of nodes 29
EtherApe-INFO: 23:19:13.342: delete node: IP: 255.255.255.255. Number of nodes 28
EtherApe-INFO: 23:19:13.342: delete node: IP: 0.0.0.0. Number of nodes 27
EtherApe-INFO: 23:19:26.279: New node: IP: 95.216.195.133. Number of nodes 28
EtherApe-INFO: 23:19:47.930: delete node: IP: 172.64.155.188. Number of nodes 27
EtherApe-INFO: 23:19:47.931: delete node: IP: 87.245.216.9. Number of nodes 26
EtherApe-INFO: 23:20:19.821: delete node: IP: 193.106.144.7. Number of nodes 25
EtherApe-INFO: 23:20:19.821: delete node: IP: 93.184.220.29. Number of nodes 24
EtherApe-INFO: 23:20:39.759: delete node: IP: 193.34.169.9. Number of nodes 23
EtherApe-INFO: 23:20:39.759: delete node: IP: 104.18.12.33. Number of nodes 22
EtherApe-INFO: 23:20:39.759: delete node: IP: 34.117.237.239. Number of nodes 21
EtherApe-INFO: 23:20:39.759: delete node: IP: 18.66.139.17. Number of nodes 20
EtherApe-INFO: 23:20:45.479: New node: IP: 34.117.237.239. Number of nodes 21
EtherApe-INFO: 23:20:45.548: delete node: IP: 172.67.209.148. Number of nodes 20
EtherApe-INFO: 23:20:45.548: delete node: IP: 104.18.15.117. Number of nodes 19
EtherApe-INFO: 23:20:45.548: delete node: IP: 34.107.221.82. Number of nodes 18
EtherApe-INFO: 23:20:45.756: delete node: IP: 172.217.16.36. Number of nodes 17
EtherApe-INFO: 23:20:45.756: delete node: IP: 35.186.227.140. Number of nodes 16
EtherApe-INFO: 23:20:47.819: New node: IP: 35.83.91.138. Number of nodes 17
EtherApe-INFO: 23:20:47.834: delete node: IP: 216.58.215.67. Number of nodes 16
EtherApe-INFO: 23:21:23.360: delete node: IPv6: ff02::1. Number of nodes 15
EtherApe-INFO: 23:21:23.360: delete node: IPv6: fe80::86d8:1bff:fe8a:3173. Number of nodes 14
EtherApe-INFO: 23:21:23.360: delete node: IP: 185.199.108.133. Number of nodes 13
EtherApe-INFO: 23:21:23.360: delete node: IP: 142.250.203.130. Number of nodes 12
EtherApe-INFO: 23:21:23.360: delete node: IP: 140.82.113.21. Number of nodes 11
EtherApe-INFO: 23:21:38.741: delete node: IP: 140.82.121.6. Number of nodes 10
EtherApe-INFO: 23:21:38.741: delete node: IP: 95.216.195.133. Number of nodes 9
EtherApe-INFO: 23:21:50.209: New node: IP: 185.199.108.133. Number of nodes 10
EtherApe-INFO: 23:21:51.529: New node: IP: 172.217.16.36. Number of nodes 11
EtherApe-INFO: 23:21:52.319: New node: IP: 172.217.20.163. Number of nodes 12
EtherApe-INFO: 23:21:52.579: New node: IP: 172.217.20.170. Number of nodes 13
EtherApe-INFO: 23:21:52.840: New node: IP: 142.250.203.206. Number of nodes 14
EtherApe-INFO: 23:21:52.841: New node: IP: 142.250.186.194. Number of nodes 15
EtherApe-INFO: 23:21:55.440: New node: IP: 216.58.215.77. Number of nodes 16
EtherApe-INFO: 23:21:55.699: New node: IP: 216.58.215.67. Number of nodes 17
EtherApe-INFO: 23:21:56.740: New node: IP: 172.217.16.3. Number of nodes 18
EtherApe-INFO: 23:21:56.999: New node: IP: 127.0.0.1. Number of nodes 19
EtherApe-INFO: 23:21:57.259: New node: IP: 172.217.20.195. Number of nodes 20
EtherApe-INFO: 23:21:57.259: New node: IP: 172.217.20.174. Number of nodes 21
EtherApe-INFO: 23:21:59.859: New node: IP: 216.58.215.97. Number of nodes 22
EtherApe-INFO: 23:22:04.020: New node: IP: 172.217.16.42. Number of nodes 23
EtherApe-INFO: 23:22:16.029: New node: IP: 216.58.215.99. Number of nodes 24
EtherApe-INFO: 23:22:18.110: New node: IP: 142.250.203.130. Number of nodes 25
EtherApe-INFO: 23:22:21.749: New node: IP: 142.250.186.206. Number of nodes 26
EtherApe-INFO: 23:22:34.279: New node: IP: 193.106.144.7. Number of nodes 27
EtherApe-INFO: 23:22:35.583: delete node: IP: 34.120.208.123. Number of nodes 26
EtherApe-INFO: 23:22:36.099: New node: IP: 104.21.36.86. Number of nodes 27
EtherApe-INFO: 23:22:36.102: New node: IP: 87.245.216.9. Number of nodes 28
EtherApe-INFO: 23:22:37.659: New node: IP: 104.16.87.20. Number of nodes 29
EtherApe-INFO: 23:22:37.659: New node: IP: 104.16.85.20. Number of nodes 30
EtherApe-INFO: 23:22:37.659: New node: IP: 104.16.86.20. Number of nodes 31
EtherApe-INFO: 23:22:37.661: New node: IP: 104.16.88.20. Number of nodes 32
EtherApe-INFO: 23:22:37.661: New node: IP: 104.16.89.20. Number of nodes 33
EtherApe-INFO: 23:22:43.129: New node: IP: 34.120.208.123. Number of nodes 34
EtherApe-INFO: 23:22:48.656: delete node: IP: 35.83.91.138. Number of nodes 33
EtherApe-INFO: 23:23:39.547: delete node: IP: 185.199.110.154. Number of nodes 32
EtherApe-INFO: 23:23:41.819: New node: IP: 72.52.77.8. Number of nodes 33
EtherApe-INFO: 23:23:42.079: New node: IP: 87.245.216.107. Number of nodes 34
EtherApe-INFO: 23:23:58.406: delete node: IP: 172.217.20.170. Number of nodes 33
EtherApe-INFO: 23:24:18.790: delete node: IP: 216.58.215.99. Number of nodes 32
EtherApe-INFO: 23:24:18.790: delete node: IP: 172.217.16.42. Number of nodes 31
EtherApe-INFO: 23:24:23.216: delete node: IP: 172.217.20.195. Number of nodes 30
EtherApe-INFO: 23:24:23.216: delete node: IP: 142.250.186.206. Number of nodes 29
EtherApe-INFO: 23:24:26.279: New node: IP: 95.216.195.133. Number of nodes 30
EtherApe-INFO: 23:24:27.339: New node: IP: 0.0.0.0. Number of nodes 31
EtherApe-INFO: 23:24:27.339: New node: IP: 255.255.255.255. Number of nodes 32
EtherApe-INFO: 23:24:27.859: New node: IPv6: ::. Number of nodes 33
EtherApe-INFO: 23:24:27.859: New node: IPv6: ff02::1:ffec:101. Number of nodes 34
EtherApe-INFO: 23:24:34.654: delete node: IP: 193.106.144.7. Number of nodes 33
EtherApe-INFO: 23:24:35.679: New node: IP: 216.58.215.68. Number of nodes 34
EtherApe-INFO: 23:24:37.844: delete node: IP: 104.16.89.20. Number of nodes 33
EtherApe-INFO: 23:24:37.844: delete node: IP: 104.16.87.20. Number of nodes 32
EtherApe-INFO: 23:24:38.892: delete node: IP: 104.16.85.20. Number of nodes 31
EtherApe-INFO: 23:24:39.326: New node: IP: 116.203.93.142. Number of nodes 32
EtherApe-INFO: 23:24:43.844: delete node: IP: 127.0.0.1. Number of nodes 31
EtherApe-INFO: 23:25:13.034: delete node: IP: 104.16.86.20. Number of nodes 30
EtherApe-INFO: 23:25:36.297: delete node: IP: 34.117.237.239. Number of nodes 29
EtherApe-INFO: 23:25:39.241: delete node: IP: 216.58.215.77. Number of nodes 28
EtherApe-INFO: 23:25:45.218: delete node: IP: 142.250.203.206. Number of nodes 27
EtherApe-INFO: 23:25:48.009: New node: IP: 35.83.91.138. Number of nodes 28
EtherApe-INFO: 23:26:33.207: delete node: IPv6: ff02::1:ffec:101. Number of nodes 27
EtherApe-INFO: 23:26:33.207: delete node: IPv6: ::. Number of nodes 26
EtherApe-INFO: 23:26:33.207: delete node: IP: 255.255.255.255. Number of nodes 25
EtherApe-INFO: 23:26:33.207: delete node: IP: 216.58.215.67. Number of nodes 24
EtherApe-INFO: 23:26:33.207: delete node: IP: 95.216.195.133. Number of nodes 23
EtherApe-INFO: 23:26:33.207: delete node: IP: 87.245.216.9. Number of nodes 22
EtherApe-INFO: 23:26:33.207: delete node: IP: 72.52.77.8. Number of nodes 21
EtherApe-INFO: 23:26:33.207: delete node: IP: 0.0.0.0. Number of nodes 20
EtherApe-INFO: 23:26:38.239: delete node: IP: 216.58.215.97. Number of nodes 19
EtherApe-INFO: 23:26:44.659: New node: IP: 0.0.0.0. Number of nodes 20
EtherApe-INFO: 23:26:44.659: New node: IP: 255.255.255.255. Number of nodes 21
EtherApe-INFO: 23:26:44.663: delete node: IP: 185.199.108.133. Number of nodes 20
EtherApe-INFO: 23:26:44.663: delete node: IP: 140.82.121.4. Number of nodes 19
EtherApe-INFO: 23:26:44.663: delete node: IP: 8.8.8.8. Number of nodes 18
EtherApe-INFO: 23:26:45.180: New node: IPv6: ::. Number of nodes 19
EtherApe-INFO: 23:26:45.180: New node: IPv6: ff02::1:ffec:101. Number of nodes 20
EtherApe-INFO: 23:26:55.155: delete node: IP: 172.217.16.3. Number of nodes 19
EtherApe-INFO: 23:27:26.081: delete node: IP: 172.217.20.174. Number of nodes 18
EtherApe-INFO: 23:27:26.081: delete node: IP: 172.217.20.163. Number of nodes 17
EtherApe-INFO: 23:27:27.339: New node: IPv6: fe80::86d8:1bff:fe8a:3173. Number of nodes 18
EtherApe-INFO: 23:27:27.339: New node: IPv6: ff02::1. Number of nodes 19
EtherApe-INFO: 23:27:28.993: delete node: IP: 104.21.36.86. Number of nodes 18
EtherApe-INFO: 23:27:28.993: delete node: IP: 104.16.88.20. Number of nodes 17
EtherApe-INFO: 23:27:54.459: New node: IP: 8.8.8.8. Number of nodes 18
EtherApe-INFO: 23:27:54.488: delete node: IP: 116.203.93.142. Number of nodes 17
EtherApe-INFO: 23:27:54.488: delete node: IP: 87.245.216.107. Number of nodes 16
EtherApe-INFO: 23:27:54.488: delete node: IP: 35.83.91.138. Number of nodes 15
EtherApe-INFO: 23:29:26.399: New node: IP: 95.216.195.133. Number of nodes 16
EtherApe-INFO: 23:29:26.451: delete node: IPv6: ff02::1:ffec:101. Number of nodes 15
EtherApe-INFO: 23:29:26.451: delete node: IPv6: ::. Number of nodes 14
EtherApe-INFO: 23:29:26.451: delete node: IP: 255.255.255.255. Number of nodes 13
EtherApe-INFO: 23:29:26.451: delete node: IP: 216.58.215.68. Number of nodes 12
EtherApe-INFO: 23:29:26.451: delete node: IP: 0.0.0.0. Number of nodes 11
EtherApe-INFO: 23:29:30.899: delete node: IPv6: ff02::1. Number of nodes 10
EtherApe-INFO: 23:29:30.899: delete node: IPv6: fe80::86d8:1bff:fe8a:3173. Number of nodes 9
EtherApe-INFO: 23:29:30.899: delete node: IP: 142.250.203.130. Number of nodes 8
EtherApe-INFO: 23:29:30.899: delete node: IP: 142.250.186.194. Number of nodes 7
EtherApe-INFO: 23:29:30.899: delete node: IP: 34.120.208.123. Number of nodes 6
EtherApe-INFO: 23:29:33.273: delete node: IP: 172.217.16.36. Number of nodes 5
EtherApe-INFO: 23:30:48.179: New node: IP: 35.83.91.138. Number of nodes 6
EtherApe-INFO: 23:31:06.459: New node: IP: 193.106.144.7. Number of nodes 7
EtherApe-INFO: 23:31:28.880: delete node: IP: 95.216.195.133. Number of nodes 6
EtherApe-INFO: 23:31:28.880: delete node: IP: 8.8.8.8. Number of nodes 5
EtherApe-INFO: 23:31:30.679: New node: IP: 8.8.8.8. Number of nodes 6
EtherApe-INFO: 23:31:33.559: New node: IP: 192.168.1.149. Number of nodes 7
EtherApe-INFO: 23:31:33.559: New node: IP: 192.168.1.1. Number of nodes 8
EtherApe-INFO: 23:31:34.619: New node: IP: 151.101.12.193. Number of nodes 9
EtherApe-INFO: 23:32:54.316: delete node: IP: 35.83.91.138. Number of nodes 8
EtherApe-INFO: 23:33:04.679: New node: IP: 54.192.231.104. Number of nodes 9
EtherApe-INFO: 23:33:04.680: New node: IP: 34.98.75.36. Number of nodes 10
EtherApe-INFO: 23:33:04.939: New node: IP: 127.0.0.1. Number of nodes 11
EtherApe-INFO: 23:33:04.939: New node: IP: 87.245.216.107. Number of nodes 12
EtherApe-INFO: 23:33:05.199: New node: IP: 18.66.139.97. Number of nodes 13
EtherApe-INFO: 23:33:09.952: delete node: IP: 193.106.144.7. Number of nodes 12
EtherApe-INFO: 23:33:35.533: delete node: IP: 192.168.1.149. Number of nodes 11
EtherApe-INFO: 23:33:35.533: delete node: IP: 192.168.1.1. Number of nodes 10
EtherApe-INFO: 23:34:03.762: delete node: IP: 151.101.12.193. Number of nodes 9
EtherApe-INFO: 23:34:26.459: New node: IP: 95.216.195.133. Number of nodes 10
EtherApe-INFO: 23:35:24.987: delete node: IP: 127.0.0.1. Number of nodes 9
EtherApe-INFO: 23:35:45.349: New node: IP: 34.117.237.239. Number of nodes 10
EtherApe-INFO: 23:35:48.489: New node: IP: 35.83.91.138. Number of nodes 11
EtherApe-INFO: 23:36:21.179: New node: IPv6: fe80::86d8:1bff:fe8a:3173. Number of nodes 12
EtherApe-INFO: 23:36:21.179: New node: IPv6: ff02::1. Number of nodes 13
EtherApe-INFO: 23:36:43.424: delete node: IP: 95.216.195.133. Number of nodes 12
EtherApe-INFO: 23:37:22.843: delete node: IP: 87.245.216.107. Number of nodes 11
EtherApe-INFO: 23:37:22.844: delete node: IP: 54.192.231.104. Number of nodes 10
EtherApe-INFO: 23:37:54.253: delete node: IP: 35.83.91.138. Number of nodes 9
EtherApe-INFO: 23:38:22.006: delete node: IPv6: ff02::1. Number of nodes 8
EtherApe-INFO: 23:38:22.006: delete node: IPv6: fe80::86d8:1bff:fe8a:3173. Number of nodes 7
EtherApe-INFO: 23:38:22.007: delete node: IP: 34.98.75.36. Number of nodes 6
EtherApe-INFO: 23:38:22.007: delete node: IP: 18.66.139.97. Number of nodes 5
EtherApe-INFO: 23:39:26.419: New node: IP: 95.216.195.133. Number of nodes 6
EtherApe-INFO: 23:40:39.342: delete node: IP: 34.117.237.239. Number of nodes 5
EtherApe-INFO: 23:40:48.659: New node: IP: 35.83.91.138. Number of nodes 6
EtherApe-INFO: 23:41:38.380: delete node: IP: 95.216.195.133. Number of nodes 5
EtherApe-INFO: 23:41:38.380: delete node: IP: 8.8.8.8. Number of nodes 4
EtherApe-INFO: 23:41:49.269: New node: IPv6: fe80::86d8:1bff:fe8a:3173. Number of nodes 5
EtherApe-INFO: 23:41:49.269: New node: IPv6: ff02::1. Number of nodes 6
EtherApe-INFO: 23:42:54.479: New node: IP: 8.8.8.8. Number of nodes 7
EtherApe-INFO: 23:42:54.575: delete node: IP: 35.83.91.138. Number of nodes 6
(etherape:1754): Gdk-DEBUG: 23:42:58.829: etherape: Fatal IO error 11 (Resource temporarily unavailable) on X server :0.

