(etherape:7235): GLib-GIO-DEBUG: 06:34:45.247: _g_io_module_get_default: Found default implementation local (GLocalVfs) for ‘gio-vfs’
EtherApe-INFO: 06:34:45.422: sctp protocol not supported
EtherApe-INFO: 06:34:45.423: dccp protocol not supported
EtherApe-INFO: 06:34:45.423: sctp protocol not supported
EtherApe-INFO: 06:34:45.423: sctp protocol not supported
EtherApe-INFO: 06:34:45.423: sctp protocol not supported
EtherApe-INFO: 06:34:45.423: sctp protocol not supported
EtherApe-INFO: 06:34:45.423: sctp protocol not supported
EtherApe-INFO: 06:34:45.424: sctp protocol not supported
EtherApe-INFO: 06:34:45.424: sctp protocol not supported
EtherApe-INFO: 06:34:45.424: dccp protocol not supported
EtherApe-INFO: 06:34:45.424: sctp protocol not supported
EtherApe-INFO: 06:34:45.424: dccp protocol not supported
EtherApe-INFO: 06:34:45.425: dccp protocol not supported
EtherApe-INFO: 06:34:45.425: sctp protocol not supported
EtherApe-INFO: 06:34:45.425: sctp protocol not supported
EtherApe-INFO: 06:34:45.426: sctp protocol not supported
EtherApe-INFO: 06:34:45.426: sctp protocol not supported
EtherApe-INFO: 06:34:45.427: sctp protocol not supported
EtherApe-INFO: 06:34:45.428: sctp protocol not supported
EtherApe-INFO: 06:34:45.428: sctp protocol not supported
EtherApe-INFO: 06:34:45.428: sctp protocol not supported
EtherApe-INFO: 06:34:45.428: sctp protocol not supported
EtherApe-INFO: 06:34:45.429: sctp protocol not supported
EtherApe-INFO: 06:34:45.430: sctp protocol not supported
EtherApe-INFO: 06:34:45.430: sctp protocol not supported
EtherApe-INFO: 06:34:45.430: sctp protocol not supported
EtherApe-INFO: 06:34:45.430: sctp protocol not supported
EtherApe-INFO: 06:34:45.431: sctp protocol not supported
EtherApe-INFO: 06:34:45.431: dccp protocol not supported
EtherApe-INFO: 06:34:45.431: sctp protocol not supported
EtherApe-INFO: 06:34:45.431: sctp protocol not supported
EtherApe-INFO: 06:34:45.431: dccp protocol not supported
EtherApe-INFO: 06:34:45.431: sctp protocol not supported
EtherApe-INFO: 06:34:45.431: sctp protocol not supported
EtherApe-INFO: 06:34:45.431: sctp protocol not supported
EtherApe-INFO: 06:34:45.431: dccp protocol not supported
EtherApe-INFO: 06:34:45.431: dccp protocol not supported
EtherApe-INFO: 06:34:45.431: sctp protocol not supported
EtherApe-INFO: 06:34:45.431: sctp protocol not supported
EtherApe-INFO: 06:34:45.431: sctp protocol not supported
EtherApe-INFO: 06:34:45.431: sctp protocol not supported
EtherApe-INFO: 06:34:45.431: sctp protocol not supported
EtherApe-INFO: 06:34:45.432: sctp protocol not supported
EtherApe-INFO: 06:34:45.432: sctp protocol not supported
EtherApe-INFO: 06:34:45.432: sctp protocol not supported
EtherApe-INFO: 06:34:45.432: sctp protocol not supported
EtherApe-INFO: 06:34:45.432: sctp protocol not supported
EtherApe-INFO: 06:34:45.432: sctp protocol not supported
EtherApe-INFO: 06:34:45.432: sctp protocol not supported
EtherApe-INFO: 06:34:45.432: sctp protocol not supported
EtherApe-INFO: 06:34:45.432: dccp protocol not supported
EtherApe-INFO: 06:34:45.432: sctp protocol not supported
EtherApe-INFO: 06:34:45.432: sctp protocol not supported
EtherApe-INFO: 06:34:45.432: sctp protocol not supported
EtherApe-INFO: 06:34:45.432: sctp protocol not supported
EtherApe-INFO: 06:34:45.432: sctp protocol not supported
EtherApe-INFO: 06:34:45.433: sctp protocol not supported
EtherApe-INFO: 06:34:45.433: sctp protocol not supported
EtherApe-INFO: 06:34:45.433: sctp protocol not supported
EtherApe-INFO: 06:34:45.433: sctp protocol not supported
EtherApe-INFO: 06:34:45.433: sctp protocol not supported
EtherApe-INFO: 06:34:45.433: sctp protocol not supported
EtherApe-INFO: 06:34:45.433: sctp protocol not supported
EtherApe-INFO: 06:34:45.433: sctp protocol not supported
EtherApe-INFO: 06:34:45.433: sctp protocol not supported
EtherApe-INFO: 06:34:45.433: sctp protocol not supported
EtherApe-INFO: 06:34:45.433: sctp protocol not supported
EtherApe-INFO: 06:34:45.433: sctp protocol not supported
EtherApe-INFO: 06:34:45.434: sctp protocol not supported
EtherApe-INFO: 06:34:45.434: sctp protocol not supported
EtherApe-INFO: 06:34:45.434: sctp protocol not supported
EtherApe-INFO: 06:34:45.434: sctp protocol not supported
EtherApe-INFO: 06:34:45.434: sctp protocol not supported
EtherApe-INFO: 06:34:45.434: sctp protocol not supported
EtherApe-INFO: 06:34:45.434: sctp protocol not supported
EtherApe-INFO: 06:34:45.434: sctp protocol not supported
EtherApe-INFO: 06:34:45.434: sctp protocol not supported
EtherApe-INFO: 06:34:45.434: sctp protocol not supported
EtherApe-INFO: 06:34:45.434: sctp protocol not supported
EtherApe-INFO: 06:34:45.434: sctp protocol not supported
EtherApe-INFO: 06:34:45.434: sctp protocol not supported
EtherApe-INFO: 06:34:45.434: sctp protocol not supported
EtherApe-INFO: 06:34:45.434: sctp protocol not supported
EtherApe-INFO: 06:34:45.434: sctp protocol not supported
EtherApe-INFO: 06:34:45.434: sctp protocol not supported
EtherApe-INFO: 06:34:45.434: sctp protocol not supported
EtherApe-INFO: 06:34:45.434: sctp protocol not supported
EtherApe-INFO: 06:34:45.481: get_interface result: ''
EtherApe-INFO: 06:34:45.482: Available interfaces for capture: dbus-session dbus-system nfqueue nflog bluetooth-monitor lo any wlp1s0
EtherApe-INFO: 06:34:45.493: Link type is LINUX_SLL
EtherApe-INFO: 06:34:45.493: Diagram started
EtherApe-INFO: 06:34:45.759: New node: IP: 64.233.165.189. Number of nodes 1
EtherApe-INFO: 06:34:45.759: New node: IP: 192.168.2.158. Number of nodes 2
EtherApe-INFO: 06:34:45.760: New node: IP: 149.154.167.50. Number of nodes 3
EtherApe-INFO: 06:34:46.026: New node: IP: 8.8.8.8. Number of nodes 4
EtherApe-INFO: 06:34:46.296: New node: IP: 178.79.232.14. Number of nodes 5
EtherApe-INFO: 06:34:46.665: New node: IP: 151.101.114.109. Number of nodes 6
EtherApe-INFO: 06:34:46.666: New node: IP: 199.232.136.157. Number of nodes 7
EtherApe-INFO: 06:34:46.667: New node: IP: 151.101.130.133. Number of nodes 8
EtherApe-INFO: 06:34:46.667: New node: IP: 104.16.18.94. Number of nodes 9
EtherApe-INFO: 06:34:47.093: New node: IP: 172.217.16.14. Number of nodes 10
EtherApe-INFO: 06:34:47.095: New node: IP: 216.58.215.100. Number of nodes 11
EtherApe-INFO: 06:34:47.626: New node: IP: 35.174.210.7. Number of nodes 12
EtherApe-INFO: 06:34:47.626: New node: IP: 54.159.166.46. Number of nodes 13
EtherApe-INFO: 06:34:48.437: New node: IP: 35.190.26.192. Number of nodes 14
EtherApe-INFO: 06:34:48.442: New node: IP: 35.190.68.134. Number of nodes 15
EtherApe-INFO: 06:34:48.443: New node: IP: 213.230.210.231. Number of nodes 16
EtherApe-INFO: 06:34:48.718: New node: IP: 216.58.209.14. Number of nodes 17
EtherApe-INFO: 06:34:48.966: New node: IP: 216.58.209.3. Number of nodes 18
EtherApe-INFO: 06:34:48.968: New node: IP: 239.255.255.250. Number of nodes 19
EtherApe-INFO: 06:34:49.230: New node: IP: 216.58.208.206. Number of nodes 20
EtherApe-INFO: 06:34:49.493: New node: IP: 172.217.16.42. Number of nodes 21
EtherApe-INFO: 06:34:50.026: New node: IP: 104.18.23.9. Number of nodes 22
EtherApe-INFO: 06:34:50.027: New node: IP: 185.199.109.133. Number of nodes 23
EtherApe-INFO: 06:34:50.028: New node: IP: 185.199.108.154. Number of nodes 24
EtherApe-INFO: 06:34:50.580: New node: IP: 216.58.215.78. Number of nodes 25
EtherApe-INFO: 06:34:51.629: New node: IP: 149.154.167.51. Number of nodes 26
EtherApe-INFO: 06:34:55.119: New node: IP: 172.217.16.46. Number of nodes 27
EtherApe-INFO: 06:34:56.986: New node: IP: 50.16.7.188. Number of nodes 28
EtherApe-INFO: 06:34:58.597: New node: IP: 151.101.0.176. Number of nodes 29
EtherApe-INFO: 06:35:00.452: New node: IP: 172.217.20.195. Number of nodes 30
EtherApe-INFO: 06:35:00.453: New node: IP: 52.84.198.97. Number of nodes 31
EtherApe-INFO: 06:35:02.052: New node: IP: 23.185.0.4. Number of nodes 32
EtherApe-INFO: 06:35:02.053: New node: IP: 104.21.22.28. Number of nodes 33
EtherApe-INFO: 06:35:03.656: New node: IP: 151.101.0.201. Number of nodes 34
EtherApe-INFO: 06:35:08.728: New node: IP: 216.58.215.74. Number of nodes 35
EtherApe-INFO: 06:35:08.989: New node: IP: 104.18.22.9. Number of nodes 36
EtherApe-INFO: 06:35:10.596: New node: IP: 52.84.198.107. Number of nodes 37
EtherApe-INFO: 06:35:10.858: New node: IP: 142.250.203.202. Number of nodes 38
EtherApe-INFO: 06:35:12.186: New node: IP: 52.84.198.117. Number of nodes 39
EtherApe-INFO: 06:35:12.187: New node: IP: 52.84.198.98. Number of nodes 40
EtherApe-INFO: 06:35:14.057: New node: IP: 216.239.38.117. Number of nodes 41
EtherApe-INFO: 06:35:15.653: New node: IP: 192.65.229.43. Number of nodes 42
EtherApe-INFO: 06:35:16.186: New node: IP: 104.19.148.8. Number of nodes 43
EtherApe-INFO: 06:35:17.519: New node: IP: 142.250.203.197. Number of nodes 44
EtherApe-INFO: 06:35:17.519: New node: IP: 108.177.14.188. Number of nodes 45
EtherApe-INFO: 06:35:20.737: New node: IP: 151.101.65.69. Number of nodes 46
EtherApe-INFO: 06:35:20.737: New node: IP: 151.101.2.137. Number of nodes 47
EtherApe-INFO: 06:35:22.586: New node: IP: 104.17.50.74. Number of nodes 48
EtherApe-INFO: 06:35:22.587: New node: IP: 104.17.168.30. Number of nodes 49
EtherApe-INFO: 06:35:22.587: New node: IP: 151.101.66.133. Number of nodes 50
EtherApe-INFO: 06:35:24.186: New node: IP: 140.82.112.25. Number of nodes 51
EtherApe-INFO: 06:35:24.186: New node: IP: 151.101.2.133. Number of nodes 52
EtherApe-INFO: 06:35:26.052: New node: IP: 151.101.1.2. Number of nodes 53
EtherApe-INFO: 06:35:27.652: New node: IP: 151.101.1.140. Number of nodes 54
EtherApe-INFO: 06:35:28.992: New node: IP: 35.236.238.213. Number of nodes 55
EtherApe-INFO: 06:35:50.054: New node: IP: 216.58.215.99. Number of nodes 56
EtherApe-INFO: 06:36:00.186: New node: IP: 1.1.1.1. Number of nodes 57
EtherApe-INFO: 06:36:00.187: New node: IP: 172.217.20.164. Number of nodes 58
EtherApe-INFO: 06:36:00.726: New node: IP: 104.16.19.94. Number of nodes 59
EtherApe-INFO: 06:36:12.187: New node: IP: 142.250.75.10. Number of nodes 60
EtherApe-INFO: 06:36:22.856: New node: IP: 142.250.203.195. Number of nodes 61
EtherApe-INFO: 06:36:48.529: delete node: IP: 213.230.210.231. Number of nodes 60
EtherApe-INFO: 06:36:48.529: delete node: IP: 35.190.68.134. Number of nodes 59
EtherApe-INFO: 06:37:01.015: New node: IP: 104.16.89.20. Number of nodes 60
EtherApe-INFO: 06:37:10.739: delete node: IP: 216.58.215.74. Number of nodes 59
EtherApe-INFO: 06:37:13.316: delete node: IP: 23.185.0.4. Number of nodes 58
EtherApe-INFO: 06:37:13.814: New node: IP: 142.250.203.138. Number of nodes 59
EtherApe-INFO: 06:37:16.762: delete node: IP: 104.19.148.8. Number of nodes 58
EtherApe-INFO: 06:37:17.297: delete node: IP: 192.65.229.43. Number of nodes 57
EtherApe-INFO: 06:37:21.920: delete node: IP: 52.84.198.117. Number of nodes 56
EtherApe-INFO: 06:37:26.640: New node: IP: 95.216.195.133. Number of nodes 57
EtherApe-INFO: 06:37:29.182: delete node: IP: 35.236.238.213. Number of nodes 56
EtherApe-INFO: 06:37:32.899: delete node: IP: 151.101.65.69. Number of nodes 55
EtherApe-INFO: 06:37:35.071: delete node: IP: 151.101.66.133. Number of nodes 54
EtherApe-INFO: 06:37:36.034: delete node: IP: 151.101.2.133. Number of nodes 53
EtherApe-INFO: 06:37:38.715: delete node: IP: 151.101.1.2. Number of nodes 52
EtherApe-INFO: 06:37:42.174: delete node: IP: 151.101.130.133. Number of nodes 51
EtherApe-INFO: 06:37:46.697: delete node: IP: 185.199.109.133. Number of nodes 50
EtherApe-INFO: 06:37:47.018: delete node: IP: 185.199.108.154. Number of nodes 49
EtherApe-INFO: 06:37:52.372: delete node: IP: 172.217.16.46. Number of nodes 48
EtherApe-INFO: 06:37:55.292: delete node: IP: 151.101.0.176. Number of nodes 47
EtherApe-INFO: 06:38:00.635: delete node: IP: 172.217.20.164. Number of nodes 46
EtherApe-INFO: 06:38:00.635: delete node: IP: 1.1.1.1. Number of nodes 45
EtherApe-INFO: 06:38:00.849: delete node: IP: 104.16.19.94. Number of nodes 44
EtherApe-INFO: 06:38:01.084: New node: IP: 104.16.19.94. Number of nodes 45
EtherApe-INFO: 06:38:14.224: delete node: IP: 216.239.38.117. Number of nodes 44
EtherApe-INFO: 06:38:14.224: delete node: IP: 216.58.209.3. Number of nodes 43
EtherApe-INFO: 06:38:18.418: delete node: IP: 142.250.75.10. Number of nodes 42
EtherApe-INFO: 06:38:20.800: New node: IP: 1.1.1.1. Number of nodes 43
EtherApe-INFO: 06:38:23.733: New node: IP: 142.250.203.131. Number of nodes 44
EtherApe-INFO: 06:38:29.345: New node: IP: 35.236.238.213. Number of nodes 45
EtherApe-INFO: 06:38:35.759: delete node: IP: 142.250.203.195. Number of nodes 44
EtherApe-INFO: 06:38:40.624: delete node: IP: 104.17.50.74. Number of nodes 43
EtherApe-INFO: 06:38:40.835: delete node: IP: 104.17.168.30. Number of nodes 42
EtherApe-INFO: 06:38:51.561: delete node: IP: 52.84.198.107. Number of nodes 41
EtherApe-INFO: 06:38:53.074: delete node: IP: 52.84.198.98. Number of nodes 40
EtherApe-INFO: 06:39:01.187: delete node: IP: 104.16.89.20. Number of nodes 39
EtherApe-INFO: 06:39:01.340: New node: IP: 104.16.88.20. Number of nodes 40
EtherApe-INFO: 06:39:26.749: delete node: IP: 95.216.195.133. Number of nodes 39
EtherApe-INFO: 06:39:38.166: delete node: IP: 104.16.18.94. Number of nodes 38
EtherApe-INFO: 06:39:50.133: New node: IP: 162.159.200.123. Number of nodes 39
EtherApe-INFO: 06:39:50.496: delete node: IP: 151.101.2.137. Number of nodes 38
EtherApe-INFO: 06:39:51.208: New node: IP: 192.168.1.126. Number of nodes 39
EtherApe-INFO: 06:40:02.189: delete node: IP: 104.16.19.94. Number of nodes 38
EtherApe-INFO: 06:40:02.933: New node: IP: 104.16.85.20. Number of nodes 39
EtherApe-INFO: 06:40:14.715: delete node: IP: 172.217.20.195. Number of nodes 38
EtherApe-INFO: 06:40:15.214: New node: IP: 172.217.16.10. Number of nodes 39
EtherApe-INFO: 06:40:15.474: New node: IP: 34.120.177.193. Number of nodes 40
EtherApe-INFO: 06:40:15.482: New node: IP: 172.217.16.46. Number of nodes 41
EtherApe-INFO: 06:40:20.850: delete node: IP: 1.1.1.1. Number of nodes 40
EtherApe-INFO: 06:40:24.800: New node: IP: 142.250.203.195. Number of nodes 41
EtherApe-INFO: 06:40:29.376: delete node: IP: 35.236.238.213. Number of nodes 40
EtherApe-INFO: 06:40:36.835: delete node: IP: 142.250.203.131. Number of nodes 39
EtherApe-INFO: 06:40:38.452: delete node: IP: 104.21.22.28. Number of nodes 38
EtherApe-INFO: 06:40:45.691: delete node: IP: 151.101.114.109. Number of nodes 37
EtherApe-INFO: 06:40:46.241: delete node: IP: 199.232.136.157. Number of nodes 36
EtherApe-INFO: 06:40:46.455: delete node: IP: 151.101.1.140. Number of nodes 35
EtherApe-INFO: 06:41:00.564: delete node: IP: 52.84.198.97. Number of nodes 34
EtherApe-INFO: 06:41:02.495: delete node: IP: 104.16.88.20. Number of nodes 33
EtherApe-INFO: 06:41:07.282: delete node: IP: 151.101.0.201. Number of nodes 32
EtherApe-INFO: 06:41:07.759: New node: IP: 1.1.1.1. Number of nodes 33
EtherApe-INFO: 06:41:08.002: New node: IP: 104.21.14.139. Number of nodes 34
EtherApe-INFO: 06:41:21.333: New node: IPv6: fe80::9ada:c4ff:febf:99a5. Number of nodes 35
EtherApe-INFO: 06:41:21.333: New node: IPv6: ff02::1. Number of nodes 36
EtherApe-INFO: 06:41:29.610: New node: IP: 35.236.238.213. Number of nodes 37
EtherApe-INFO: 06:41:50.694: delete node: IP: 162.159.200.123. Number of nodes 36
EtherApe-INFO: 06:41:51.373: delete node: IP: 35.190.26.192. Number of nodes 35
EtherApe-INFO: 06:41:55.774: New node: IP: 142.250.75.10. Number of nodes 36
EtherApe-INFO: 06:42:03.264: delete node: IP: 104.16.85.20. Number of nodes 35
EtherApe-INFO: 06:42:08.026: New node: IP: 185.199.108.153. Number of nodes 36
EtherApe-INFO: 06:42:15.536: delete node: IP: 172.217.16.10. Number of nodes 35
EtherApe-INFO: 06:42:23.514: New node: IP: 216.58.215.74. Number of nodes 36
EtherApe-INFO: 06:42:26.427: New node: IP: 95.216.195.133. Number of nodes 37
EtherApe-INFO: 06:42:29.427: delete node: IP: 172.217.16.46. Number of nodes 36
EtherApe-INFO: 06:42:49.980: delete node: IP: 216.58.209.14. Number of nodes 35
EtherApe-INFO: 06:42:50.693: New node: IP: 142.250.186.206. Number of nodes 36
EtherApe-INFO: 06:42:54.519: delete node: IP: 216.58.215.99. Number of nodes 35
EtherApe-INFO: 06:43:08.072: delete node: IP: 1.1.1.1. Number of nodes 34
EtherApe-INFO: 06:43:21.446: delete node: IPv6: ff02::1. Number of nodes 33
EtherApe-INFO: 06:43:21.446: delete node: IPv6: fe80::9ada:c4ff:febf:99a5. Number of nodes 32
EtherApe-INFO: 06:43:24.124: delete node: IP: 142.250.203.138. Number of nodes 31
EtherApe-INFO: 06:43:25.359: New node: IP: 142.250.186.202. Number of nodes 32
EtherApe-INFO: 06:43:29.723: delete node: IP: 35.236.238.213. Number of nodes 31
EtherApe-INFO: 06:43:37.896: New node: IP: 172.217.16.35. Number of nodes 32
EtherApe-INFO: 06:43:56.860: delete node: IP: 142.250.75.10. Number of nodes 31
EtherApe-INFO: 06:44:25.638: delete node: IP: 216.58.215.74. Number of nodes 30
EtherApe-INFO: 06:44:26.716: delete node: IP: 95.216.195.133. Number of nodes 29
EtherApe-INFO: 06:44:27.228: New node: IP: 142.250.203.138. Number of nodes 30
EtherApe-INFO: 06:44:29.900: New node: IP: 35.236.238.213. Number of nodes 31
EtherApe-INFO: 06:44:51.078: delete node: IP: 142.250.186.206. Number of nodes 30
EtherApe-INFO: 06:45:27.019: delete node: IP: 142.250.186.202. Number of nodes 29
EtherApe-INFO: 06:45:30.206: New node: IP: 216.58.215.74. Number of nodes 30
EtherApe-INFO: 06:45:57.932: New node: IP: 34.100.128.0. Number of nodes 31
EtherApe-INFO: 06:46:07.257: New node: IP: 216.58.208.196. Number of nodes 32
EtherApe-INFO: 06:46:14.186: New node: IP: 172.217.16.3. Number of nodes 33
EtherApe-INFO: 06:46:30.053: delete node: IP: 35.236.238.213. Number of nodes 32
EtherApe-INFO: 06:46:39.880: delete node: IP: 172.217.16.35. Number of nodes 31
EtherApe-INFO: 06:46:57.470: delete node: IP: 142.250.203.138. Number of nodes 30
EtherApe-INFO: 06:47:06.745: New node: IP: 149.154.167.222. Number of nodes 31
EtherApe-INFO: 06:47:26.501: New node: IP: 95.216.195.133. Number of nodes 32
EtherApe-INFO: 06:47:29.965: New node: IP: 35.236.238.213. Number of nodes 33
EtherApe-INFO: 06:47:32.624: New node: IPv6: fe80::9ada:c4ff:febf:99a5. Number of nodes 34
EtherApe-INFO: 06:47:32.624: New node: IPv6: ff02::1. Number of nodes 35
EtherApe-INFO: 06:47:33.414: New node: IP: 172.217.20.170. Number of nodes 36
EtherApe-INFO: 06:48:13.967: New node: IP: 216.239.32.116. Number of nodes 37
EtherApe-INFO: 06:48:16.981: delete node: IP: 34.120.177.193. Number of nodes 36
EtherApe-INFO: 06:48:22.492: New node: IP: 162.159.200.123. Number of nodes 37
EtherApe-INFO: 06:49:14.318: delete node: IP: 172.217.16.3. Number of nodes 36
EtherApe-INFO: 06:49:22.279: delete node: IP: 149.154.167.222. Number of nodes 35
EtherApe-INFO: 06:49:26.803: delete node: IP: 95.216.195.133. Number of nodes 34
EtherApe-INFO: 06:49:30.029: delete node: IP: 35.236.238.213. Number of nodes 33
EtherApe-INFO: 06:49:32.706: delete node: IPv6: ff02::1. Number of nodes 32
EtherApe-INFO: 06:49:32.706: delete node: IPv6: fe80::9ada:c4ff:febf:99a5. Number of nodes 31
EtherApe-INFO: 06:49:48.119: delete node: IP: 104.21.14.139. Number of nodes 30
EtherApe-INFO: 06:50:14.307: delete node: IP: 216.239.32.116. Number of nodes 29
EtherApe-INFO: 06:50:22.620: delete node: IP: 162.159.200.123. Number of nodes 28
EtherApe-INFO: 06:50:30.212: New node: IP: 35.236.238.213. Number of nodes 29
EtherApe-INFO: 06:51:02.562: delete node: IP: 216.58.215.74. Number of nodes 28
EtherApe-INFO: 06:51:37.528: delete node: IP: 216.58.208.196. Number of nodes 27
EtherApe-INFO: 06:51:40.110: New node: IP: 172.217.16.10. Number of nodes 28
EtherApe-INFO: 06:52:26.536: New node: IP: 95.216.195.133. Number of nodes 29
EtherApe-INFO: 06:52:30.356: delete node: IP: 35.236.238.213. Number of nodes 28
EtherApe-INFO: 06:52:54.566: New node: IP: 142.250.203.131. Number of nodes 29
EtherApe-INFO: 06:53:04.703: delete node: IP: 172.217.20.170. Number of nodes 28
EtherApe-INFO: 06:53:26.826: New node: IP: 52.84.198.31. Number of nodes 29
EtherApe-INFO: 06:53:29.496: New node: IP: 52.84.198.109. Number of nodes 30
EtherApe-INFO: 06:53:30.298: New node: IP: 52.84.198.4. Number of nodes 31
EtherApe-INFO: 06:53:30.302: New node: IP: 13.36.46.207. Number of nodes 32
EtherApe-INFO: 06:53:31.896: New node: IP: 142.250.203.138. Number of nodes 33
EtherApe-INFO: 06:53:31.958: New node: IP: 172.217.16.46. Number of nodes 34
EtherApe-INFO: 06:53:54.028: New node: IP: 216.58.215.74. Number of nodes 35
EtherApe-INFO: 06:53:56.452: delete node: IP: 216.58.208.206. Number of nodes 34
EtherApe-INFO: 06:54:18.313: New node: IP: 216.58.208.196. Number of nodes 35
EtherApe-INFO: 06:54:18.374: delete node: IP: 185.199.108.153. Number of nodes 34
EtherApe-INFO: 06:54:26.643: delete node: IP: 95.216.195.133. Number of nodes 33
EtherApe-INFO: 06:54:55.633: New node: IP: 216.58.208.206. Number of nodes 34
EtherApe-INFO: 06:55:33.559: delete node: IP: 172.217.16.46. Number of nodes 33
EtherApe-INFO: 06:55:47.104: New node: IPv6: fe80::9ada:c4ff:febf:99a5. Number of nodes 34
EtherApe-INFO: 06:55:47.104: New node: IPv6: ff02::1. Number of nodes 35
EtherApe-INFO: 06:55:53.544: delete node: IP: 142.250.203.131. Number of nodes 34
EtherApe-INFO: 06:56:07.719: delete node: IP: 216.58.215.74. Number of nodes 33
EtherApe-INFO: 06:56:14.297: New node: IP: 216.58.209.3. Number of nodes 34
EtherApe-INFO: 06:56:19.122: delete node: IP: 216.58.208.196. Number of nodes 33
EtherApe-INFO: 06:56:48.455: New node: IP: 216.58.208.196. Number of nodes 34
EtherApe-INFO: 06:56:55.668: New node: IP: 216.58.209.14. Number of nodes 35
EtherApe-INFO: 06:57:09.293: delete node: IP: 172.217.16.10. Number of nodes 34
EtherApe-INFO: 06:57:26.586: New node: IP: 95.216.195.133. Number of nodes 35
EtherApe-INFO: 06:57:47.689: delete node: IPv6: ff02::1. Number of nodes 34
EtherApe-INFO: 06:57:47.689: delete node: IPv6: fe80::9ada:c4ff:febf:99a5. Number of nodes 33
EtherApe-INFO: 06:57:59.126: New node: IP: 216.58.215.110. Number of nodes 34
EtherApe-INFO: 06:58:08.737: delete node: IP: 13.36.46.207. Number of nodes 33
EtherApe-INFO: 06:58:14.635: delete node: IP: 216.58.209.3. Number of nodes 32
EtherApe-INFO: 06:58:52.452: New node: IP: 52.84.198.117. Number of nodes 33
EtherApe-INFO: 06:58:52.465: New node: IP: 52.84.198.18. Number of nodes 34
EtherApe-INFO: 06:58:52.720: New node: IP: 52.84.198.88. Number of nodes 35
EtherApe-INFO: 06:58:53.259: New node: IP: 15.236.62.255. Number of nodes 36
EtherApe-INFO: 06:58:56.095: delete node: IP: 216.58.209.14. Number of nodes 35
EtherApe-INFO: 06:58:56.361: delete node: IP: 216.58.208.206. Number of nodes 34
EtherApe-INFO: 06:59:01.258: New node: IP: 216.58.208.202. Number of nodes 35
EtherApe-INFO: 06:59:01.531: New node: IP: 142.250.75.14. Number of nodes 36
EtherApe-INFO: 06:59:26.631: delete node: IP: 95.216.195.133. Number of nodes 35
EtherApe-INFO: 06:59:31.524: delete node: IP: 52.84.198.31. Number of nodes 34
EtherApe-INFO: 06:59:36.817: delete node: IP: 142.250.203.138. Number of nodes 33
EtherApe-INFO: 06:59:36.817: delete node: IP: 52.84.198.109. Number of nodes 32
EtherApe-INFO: 06:59:36.817: delete node: IP: 52.84.198.4. Number of nodes 31
EtherApe-INFO: 07:00:03.664: New node: IP: 142.250.75.10. Number of nodes 32
EtherApe-INFO: 07:00:56.772: New node: IP: 1.1.1.1. Number of nodes 33
EtherApe-INFO: 07:00:59.183: delete node: IP: 216.58.208.196. Number of nodes 32
EtherApe-INFO: 07:01:03.258: delete node: IP: 142.250.75.14. Number of nodes 31
EtherApe-INFO: 07:01:05.313: New node: IP: 216.58.215.99. Number of nodes 32
EtherApe-INFO: 07:01:05.322: New node: IP: 142.250.186.202. Number of nodes 33
EtherApe-INFO: 07:01:16.008: delete node: IP: 216.58.208.202. Number of nodes 32
EtherApe-INFO: 07:01:19.220: delete node: IP: 216.58.215.110. Number of nodes 31
EtherApe-INFO: 07:01:19.987: New node: IP: 216.58.215.110. Number of nodes 32
EtherApe-INFO: 07:01:53.844: New node: IP: 216.58.215.74. Number of nodes 33
EtherApe-INFO: 07:01:58.682: delete node: IP: 15.236.62.255. Number of nodes 32
EtherApe-INFO: 07:02:06.640: New node: IP: 216.58.208.202. Number of nodes 33
EtherApe-INFO: 07:02:09.847: New node: IP: 149.154.167.222. Number of nodes 34
EtherApe-INFO: 07:02:18.181: delete node: IP: 142.250.75.10. Number of nodes 33
EtherApe-INFO: 07:02:25.578: New node: IP: 172.217.16.36. Number of nodes 34
EtherApe-INFO: 07:02:26.640: New node: IP: 95.216.195.133. Number of nodes 35
EtherApe-INFO: 07:03:05.623: delete node: IP: 216.58.215.99. Number of nodes 34
EtherApe-INFO: 07:03:10.643: New node: IP: 216.239.32.116. Number of nodes 35
EtherApe-INFO: 07:03:20.276: delete node: IP: 216.58.215.110. Number of nodes 34
EtherApe-INFO: 07:03:54.222: delete node: IP: 216.58.215.74. Number of nodes 33
EtherApe-INFO: 07:04:09.336: New node: IP: 172.217.16.10. Number of nodes 34
EtherApe-INFO: 07:04:21.417: delete node: IP: 216.58.208.202. Number of nodes 33
EtherApe-INFO: 07:04:22.666: New node: IP: 172.217.16.46. Number of nodes 34
EtherApe-INFO: 07:04:25.726: delete node: IP: 172.217.16.36. Number of nodes 33
EtherApe-INFO: 07:04:25.727: delete node: IP: 1.1.1.1. Number of nodes 32
EtherApe-INFO: 07:04:26.685: delete node: IP: 95.216.195.133. Number of nodes 31
EtherApe-INFO: 07:04:34.195: delete node: IP: 149.154.167.222. Number of nodes 30
EtherApe-INFO: 07:04:52.652: delete node: IP: 52.84.198.117. Number of nodes 29
EtherApe-INFO: 07:05:06.693: New node: IP: 149.154.167.222. Number of nodes 30
EtherApe-INFO: 07:05:11.043: delete node: IP: 216.239.32.116. Number of nodes 29
EtherApe-INFO: 07:05:26.693: New node: IP: 162.159.200.123. Number of nodes 30
EtherApe-INFO: 07:06:12.826: New node: IP: 216.58.208.202. Number of nodes 31
EtherApe-INFO: 07:06:23.805: delete node: IP: 172.217.16.10. Number of nodes 30
EtherApe-INFO: 07:06:23.805: delete node: IP: 52.84.198.88. Number of nodes 29
EtherApe-INFO: 07:06:27.528: delete node: IP: 172.217.16.46. Number of nodes 28
EtherApe-INFO: 07:06:27.529: delete node: IP: 52.84.198.18. Number of nodes 27
EtherApe-INFO: 07:07:11.845: delete node: IP: 142.250.186.202. Number of nodes 26
EtherApe-INFO: 07:07:14.444: New node: IP: 142.250.186.202. Number of nodes 27
EtherApe-INFO: 07:07:26.449: New node: IP: 95.216.195.133. Number of nodes 28
EtherApe-INFO: 07:07:26.959: New node: IP: 1.1.1.1. Number of nodes 29
EtherApe-INFO: 07:07:26.959: New node: IP: 172.217.20.164. Number of nodes 30
EtherApe-INFO: 07:07:27.050: delete node: IP: 162.159.200.123. Number of nodes 29
EtherApe-INFO: 07:08:03.519: New node: IPv6: fe80::9ada:c4ff:febf:99a5. Number of nodes 30
EtherApe-INFO: 07:08:03.519: New node: IPv6: ff02::1. Number of nodes 31
EtherApe-INFO: 07:08:13.205: delete node: IP: 216.58.208.202. Number of nodes 30
EtherApe-INFO: 07:08:38.734: New node: IP: 142.250.203.131. Number of nodes 31
EtherApe-INFO: 07:08:52.145: delete node: IP: 149.154.167.222. Number of nodes 30
EtherApe-INFO: 07:09:01.734: delete node: IP: 142.250.203.195. Number of nodes 29
EtherApe-INFO: 07:09:15.336: delete node: IP: 142.250.186.202. Number of nodes 28
EtherApe-INFO: 07:09:17.921: New node: IP: 216.58.215.74. Number of nodes 29
EtherApe-INFO: 07:09:26.805: delete node: IP: 95.216.195.133. Number of nodes 28
EtherApe-INFO: 07:09:28.110: delete node: IP: 172.217.20.164. Number of nodes 27
EtherApe-INFO: 07:09:36.892: delete node: IP: 1.1.1.1. Number of nodes 26
EtherApe-INFO: 07:10:04.101: delete node: IPv6: ff02::1. Number of nodes 25
EtherApe-INFO: 07:10:04.101: delete node: IPv6: fe80::9ada:c4ff:febf:99a5. Number of nodes 24
EtherApe-INFO: 07:10:06.778: New node: IP: 216.239.32.116. Number of nodes 25
EtherApe-INFO: 07:10:19.282: New node: IP: 216.58.215.106. Number of nodes 26
EtherApe-INFO: 07:10:21.680: New node: IP: 149.154.167.222. Number of nodes 27
EtherApe-INFO: 07:11:18.511: delete node: IP: 216.58.215.74. Number of nodes 26
EtherApe-INFO: 07:11:20.352: New node: IP: 216.58.215.74. Number of nodes 27
EtherApe-INFO: 07:12:07.592: delete node: IP: 216.239.32.116. Number of nodes 26
EtherApe-INFO: 07:12:14.241: New node: IP: 142.250.75.14. Number of nodes 27
EtherApe-INFO: 07:12:26.508: New node: IP: 95.216.195.133. Number of nodes 28
EtherApe-INFO: 07:12:32.384: delete node: IP: 216.58.215.106. Number of nodes 27
EtherApe-INFO: 07:12:36.987: delete node: IP: 149.154.167.222. Number of nodes 26
EtherApe-INFO: 07:12:39.839: New node: IP: 172.217.16.37. Number of nodes 27
