(etherape:15157): GLib-GIO-DEBUG: 03:47:35.306: _g_io_module_get_default: Found default implementation local (GLocalVfs) for ‘gio-vfs’
EtherApe-INFO: 03:47:35.469: sctp protocol not supported
EtherApe-INFO: 03:47:35.469: dccp protocol not supported
EtherApe-INFO: 03:47:35.469: sctp protocol not supported
EtherApe-INFO: 03:47:35.469: sctp protocol not supported
EtherApe-INFO: 03:47:35.469: sctp protocol not supported
EtherApe-INFO: 03:47:35.469: sctp protocol not supported
EtherApe-INFO: 03:47:35.469: sctp protocol not supported
EtherApe-INFO: 03:47:35.470: sctp protocol not supported
EtherApe-INFO: 03:47:35.470: sctp protocol not supported
EtherApe-INFO: 03:47:35.470: dccp protocol not supported
EtherApe-INFO: 03:47:35.470: sctp protocol not supported
EtherApe-INFO: 03:47:35.470: dccp protocol not supported
EtherApe-INFO: 03:47:35.470: dccp protocol not supported
EtherApe-INFO: 03:47:35.470: sctp protocol not supported
EtherApe-INFO: 03:47:35.471: sctp protocol not supported
EtherApe-INFO: 03:47:35.471: sctp protocol not supported
EtherApe-INFO: 03:47:35.472: sctp protocol not supported
EtherApe-INFO: 03:47:35.472: sctp protocol not supported
EtherApe-INFO: 03:47:35.473: sctp protocol not supported
EtherApe-INFO: 03:47:35.473: sctp protocol not supported
EtherApe-INFO: 03:47:35.473: sctp protocol not supported
EtherApe-INFO: 03:47:35.473: sctp protocol not supported
EtherApe-INFO: 03:47:35.473: sctp protocol not supported
EtherApe-INFO: 03:47:35.474: sctp protocol not supported
EtherApe-INFO: 03:47:35.475: sctp protocol not supported
EtherApe-INFO: 03:47:35.475: sctp protocol not supported
EtherApe-INFO: 03:47:35.475: sctp protocol not supported
EtherApe-INFO: 03:47:35.475: sctp protocol not supported
EtherApe-INFO: 03:47:35.475: dccp protocol not supported
EtherApe-INFO: 03:47:35.475: sctp protocol not supported
EtherApe-INFO: 03:47:35.476: sctp protocol not supported
EtherApe-INFO: 03:47:35.476: dccp protocol not supported
EtherApe-INFO: 03:47:35.476: sctp protocol not supported
EtherApe-INFO: 03:47:35.476: sctp protocol not supported
EtherApe-INFO: 03:47:35.476: sctp protocol not supported
EtherApe-INFO: 03:47:35.476: dccp protocol not supported
EtherApe-INFO: 03:47:35.476: dccp protocol not supported
EtherApe-INFO: 03:47:35.476: sctp protocol not supported
EtherApe-INFO: 03:47:35.476: sctp protocol not supported
EtherApe-INFO: 03:47:35.476: sctp protocol not supported
EtherApe-INFO: 03:47:35.476: sctp protocol not supported
EtherApe-INFO: 03:47:35.476: sctp protocol not supported
EtherApe-INFO: 03:47:35.476: sctp protocol not supported
EtherApe-INFO: 03:47:35.477: sctp protocol not supported
EtherApe-INFO: 03:47:35.477: sctp protocol not supported
EtherApe-INFO: 03:47:35.477: sctp protocol not supported
EtherApe-INFO: 03:47:35.477: sctp protocol not supported
EtherApe-INFO: 03:47:35.477: sctp protocol not supported
EtherApe-INFO: 03:47:35.477: sctp protocol not supported
EtherApe-INFO: 03:47:35.477: sctp protocol not supported
EtherApe-INFO: 03:47:35.477: dccp protocol not supported
EtherApe-INFO: 03:47:35.477: sctp protocol not supported
EtherApe-INFO: 03:47:35.477: sctp protocol not supported
EtherApe-INFO: 03:47:35.477: sctp protocol not supported
EtherApe-INFO: 03:47:35.477: sctp protocol not supported
EtherApe-INFO: 03:47:35.478: sctp protocol not supported
EtherApe-INFO: 03:47:35.478: sctp protocol not supported
EtherApe-INFO: 03:47:35.478: sctp protocol not supported
EtherApe-INFO: 03:47:35.478: sctp protocol not supported
EtherApe-INFO: 03:47:35.478: sctp protocol not supported
EtherApe-INFO: 03:47:35.478: sctp protocol not supported
EtherApe-INFO: 03:47:35.478: sctp protocol not supported
EtherApe-INFO: 03:47:35.478: sctp protocol not supported
EtherApe-INFO: 03:47:35.478: sctp protocol not supported
EtherApe-INFO: 03:47:35.479: sctp protocol not supported
EtherApe-INFO: 03:47:35.479: sctp protocol not supported
EtherApe-INFO: 03:47:35.479: sctp protocol not supported
EtherApe-INFO: 03:47:35.479: sctp protocol not supported
EtherApe-INFO: 03:47:35.479: sctp protocol not supported
EtherApe-INFO: 03:47:35.479: sctp protocol not supported
EtherApe-INFO: 03:47:35.479: sctp protocol not supported
EtherApe-INFO: 03:47:35.479: sctp protocol not supported
EtherApe-INFO: 03:47:35.479: sctp protocol not supported
EtherApe-INFO: 03:47:35.479: sctp protocol not supported
EtherApe-INFO: 03:47:35.479: sctp protocol not supported
EtherApe-INFO: 03:47:35.480: sctp protocol not supported
EtherApe-INFO: 03:47:35.480: sctp protocol not supported
EtherApe-INFO: 03:47:35.480: sctp protocol not supported
EtherApe-INFO: 03:47:35.480: sctp protocol not supported
EtherApe-INFO: 03:47:35.480: sctp protocol not supported
EtherApe-INFO: 03:47:35.480: sctp protocol not supported
EtherApe-INFO: 03:47:35.480: sctp protocol not supported
EtherApe-INFO: 03:47:35.480: sctp protocol not supported
EtherApe-INFO: 03:47:35.480: sctp protocol not supported
EtherApe-INFO: 03:47:35.480: sctp protocol not supported
EtherApe-INFO: 03:47:35.480: sctp protocol not supported
EtherApe-INFO: 03:47:35.480: sctp protocol not supported
EtherApe-INFO: 03:47:35.530: get_interface result: ''
EtherApe-INFO: 03:47:35.530: Available interfaces for capture: dbus-session dbus-system nfqueue nflog bluetooth-monitor lo any wlp1s0f4u2
EtherApe-INFO: 03:47:35.549: Link type is LINUX_SLL
EtherApe-INFO: 03:47:35.550: Diagram started
EtherApe-INFO: 03:47:35.796: New node: IP: 142.250.180.202. Number of nodes 1
EtherApe-INFO: 03:47:35.796: New node: IP: 192.168.2.235. Number of nodes 2
EtherApe-INFO: 03:47:36.056: New node: IP: 8.8.8.8. Number of nodes 3
EtherApe-INFO: 03:47:36.856: New node: IP: 142.250.180.238. Number of nodes 4
EtherApe-INFO: 03:47:36.858: New node: IP: 142.251.39.36. Number of nodes 5
EtherApe-INFO: 03:47:41.736: New node: IP: 149.154.167.51. Number of nodes 6
EtherApe-INFO: 03:47:41.736: New node: IP: 149.154.167.50. Number of nodes 7
EtherApe-INFO: 03:47:42.004: New node: IP: 192.168.2.1. Number of nodes 8
EtherApe-INFO: 03:47:48.136: New node: IP: 95.216.144.15. Number of nodes 9
EtherApe-INFO: 03:48:16.670: New node: IP: 239.255.255.250. Number of nodes 10
EtherApe-INFO: 03:48:16.671: New node: IP: 172.217.20.14. Number of nodes 11
EtherApe-INFO: 03:48:16.936: New node: IP: 142.250.180.205. Number of nodes 12
EtherApe-INFO: 03:48:17.470: New node: IP: 176.122.113.12. Number of nodes 13
EtherApe-INFO: 03:48:17.471: New node: IP: 142.251.39.65. Number of nodes 14
EtherApe-INFO: 03:48:17.747: New node: IP: 1.1.1.1. Number of nodes 15
EtherApe-INFO: 03:48:17.750: New node: IP: 34.104.35.123. Number of nodes 16
EtherApe-INFO: 03:48:21.469: New node: IP: 46.175.86.153. Number of nodes 17
EtherApe-INFO: 03:48:26.006: New node: IP: 172.217.16.3. Number of nodes 18
EtherApe-INFO: 03:48:27.071: New node: IP: 172.217.19.110. Number of nodes 19
EtherApe-INFO: 03:48:27.075: New node: IP: 142.250.186.196. Number of nodes 20
EtherApe-INFO: 03:48:28.937: New node: IP: 142.250.180.195. Number of nodes 21
EtherApe-INFO: 03:48:28.939: New node: IP: 142.251.39.14. Number of nodes 22
EtherApe-INFO: 03:48:29.205: New node: IP: 142.250.180.206. Number of nodes 23
EtherApe-INFO: 03:48:31.872: New node: IP: 224.0.0.251. Number of nodes 24
EtherApe-INFO: 03:48:31.873: New node: IP: 224.0.0.22. Number of nodes 25
EtherApe-INFO: 03:49:11.337: New node: IP: 172.217.19.106. Number of nodes 26
EtherApe-INFO: 03:49:16.671: New node: IP: 142.251.39.3. Number of nodes 27
EtherApe-INFO: 03:49:26.270: New node: IP: 142.250.180.227. Number of nodes 28
EtherApe-INFO: 03:49:32.408: New node: IP: 172.217.19.109. Number of nodes 29
EtherApe-INFO: 03:49:57.248: delete node: IP: 142.250.180.202. Number of nodes 28
EtherApe-INFO: 03:50:05.486: delete node: IP: 95.216.144.15. Number of nodes 27
EtherApe-INFO: 03:50:17.555: delete node: IP: 142.251.39.36. Number of nodes 26
EtherApe-INFO: 03:50:17.767: delete node: IP: 8.8.8.8. Number of nodes 25
EtherApe-INFO: 03:50:18.303: delete node: IP: 192.168.2.1. Number of nodes 24
EtherApe-INFO: 03:50:23.108: delete node: IP: 46.175.86.153. Number of nodes 23
EtherApe-INFO: 03:50:33.473: New node: IP: 104.18.12.33. Number of nodes 24
EtherApe-INFO: 03:50:33.559: delete node: IP: 224.0.0.22. Number of nodes 23
EtherApe-INFO: 03:50:34.007: New node: IP: 192.168.2.1. Number of nodes 24
EtherApe-INFO: 03:50:36.976: delete node: IP: 224.0.0.251. Number of nodes 23
EtherApe-INFO: 03:50:50.010: New node: IP: 172.217.20.170. Number of nodes 24
EtherApe-INFO: 03:50:54.806: New node: IP: 142.251.39.74. Number of nodes 25
EtherApe-INFO: 03:51:15.884: New node: IP: 216.58.215.110. Number of nodes 26
EtherApe-INFO: 03:51:15.886: New node: IP: 142.251.39.78. Number of nodes 27
EtherApe-INFO: 03:51:15.892: New node: IP: 142.251.39.42. Number of nodes 28
EtherApe-INFO: 03:51:16.142: New node: IP: 216.58.215.65. Number of nodes 29
EtherApe-INFO: 03:51:16.147: New node: IP: 142.250.102.188. Number of nodes 30
EtherApe-INFO: 03:51:20.676: New node: IP: 142.250.203.138. Number of nodes 31
EtherApe-INFO: 03:51:21.767: New node: IP: 172.217.16.46. Number of nodes 32
EtherApe-INFO: 03:51:24.138: New node: IP: 142.251.39.46. Number of nodes 33
EtherApe-INFO: 03:51:24.404: New node: IP: 142.250.180.193. Number of nodes 34
EtherApe-INFO: 03:51:26.017: New node: IP: 172.67.194.55. Number of nodes 35
EtherApe-INFO: 03:51:26.339: New node: IP: 157.240.224.13. Number of nodes 36
EtherApe-INFO: 03:51:26.345: New node: IP: 104.21.74.3. Number of nodes 37
EtherApe-INFO: 03:51:26.346: New node: IP: 142.251.39.72. Number of nodes 38
EtherApe-INFO: 03:51:26.365: New node: IP: 52.222.236.100. Number of nodes 39
EtherApe-INFO: 03:51:26.594: New node: IP: 172.217.20.10. Number of nodes 40
EtherApe-INFO: 03:51:27.633: New node: IP: 142.250.180.234. Number of nodes 41
EtherApe-INFO: 03:51:27.638: New node: IP: 142.250.203.131. Number of nodes 42
EtherApe-INFO: 03:51:29.471: New node: IP: 142.251.39.69. Number of nodes 43
EtherApe-INFO: 03:51:30.007: New node: IP: 104.17.50.74. Number of nodes 44
EtherApe-INFO: 03:51:31.605: New node: IP: 75.2.60.5. Number of nodes 45
EtherApe-INFO: 03:51:31.635: New node: IP: 54.230.245.119. Number of nodes 46
EtherApe-INFO: 03:51:31.881: New node: IP: 52.84.198.16. Number of nodes 47
EtherApe-INFO: 03:51:32.147: New node: IP: 52.222.230.86. Number of nodes 48
EtherApe-INFO: 03:51:33.477: New node: IP: 18.66.97.103. Number of nodes 49
EtherApe-INFO: 03:51:34.026: New node: IP: 216.58.208.202. Number of nodes 50
EtherApe-INFO: 03:51:34.304: New node: IP: 172.217.20.214. Number of nodes 51
EtherApe-INFO: 03:51:34.323: New node: IP: 142.251.39.33. Number of nodes 52
EtherApe-INFO: 03:51:35.341: New node: IP: 142.250.180.202. Number of nodes 53
EtherApe-INFO: 03:51:35.343: New node: IP: 172.217.16.10. Number of nodes 54
EtherApe-INFO: 03:51:35.351: New node: IP: 142.250.75.14. Number of nodes 55
EtherApe-INFO: 03:51:37.757: New node: IP: 173.194.76.189. Number of nodes 56
EtherApe-INFO: 03:51:40.670: New node: IP: 95.216.195.133. Number of nodes 57
EtherApe-INFO: 03:52:05.216: delete node: IP: 176.122.113.12. Number of nodes 56
EtherApe-INFO: 03:52:48.404: New node: IP: 104.18.13.33. Number of nodes 57
EtherApe-INFO: 03:52:58.004: New node: IP: 142.250.186.206. Number of nodes 58
EtherApe-INFO: 03:53:00.941: New node: IP: 142.250.180.225. Number of nodes 59
EtherApe-INFO: 03:53:00.942: New node: IP: 172.217.20.1. Number of nodes 60
EtherApe-INFO: 03:53:00.943: New node: IP: 142.250.75.1. Number of nodes 61
EtherApe-INFO: 03:53:10.810: New node: IP: 146.59.26.8. Number of nodes 62
EtherApe-INFO: 03:53:12.939: New node: IP: 91.200.42.13. Number of nodes 63
EtherApe-INFO: 03:53:13.218: New node: IP: 95.213.253.92. Number of nodes 64
EtherApe-INFO: 03:53:13.485: New node: IP: 2.21.173.72. Number of nodes 65
EtherApe-INFO: 03:53:13.762: New node: IP: 159.69.36.224. Number of nodes 66
EtherApe-INFO: 03:53:13.763: New node: IP: 51.254.73.169. Number of nodes 67
EtherApe-INFO: 03:53:13.770: New node: IP: 2.21.89.66. Number of nodes 68
EtherApe-INFO: 03:53:14.611: New node: IP: 104.16.18.94. Number of nodes 69
EtherApe-INFO: 03:53:17.529: delete node: IP: 216.58.215.65. Number of nodes 68
EtherApe-INFO: 03:53:29.263: delete node: IP: 142.250.180.193. Number of nodes 67
EtherApe-INFO: 03:53:36.679: New node: IP: 142.250.186.202. Number of nodes 68
EtherApe-INFO: 03:53:37.773: delete node: IP: 172.217.19.109. Number of nodes 67
EtherApe-INFO: 03:53:40.821: delete node: IP: 95.216.195.133. Number of nodes 66
EtherApe-INFO: 03:53:43.608: New node: IP: 157.240.224.174. Number of nodes 67
EtherApe-INFO: 03:53:44.416: New node: IP: 157.240.224.35. Number of nodes 68
EtherApe-INFO: 03:53:44.940: New node: IP: 142.250.203.195. Number of nodes 69
EtherApe-INFO: 03:53:46.285: New node: IP: 104.18.23.9. Number of nodes 70
EtherApe-INFO: 03:53:47.872: New node: IP: 52.222.236.62. Number of nodes 71
EtherApe-INFO: 03:54:14.803: New node: IP: 172.67.202.47. Number of nodes 72
EtherApe-INFO: 03:54:15.875: New node: IP: 31.13.92.51. Number of nodes 73
EtherApe-INFO: 03:54:16.404: New node: IP: 31.43.58.32. Number of nodes 74
EtherApe-INFO: 03:54:17.245: delete node: IP: 142.250.180.205. Number of nodes 73
EtherApe-INFO: 03:54:17.797: delete node: IP: 142.251.39.65. Number of nodes 72
EtherApe-INFO: 03:54:20.717: delete node: IP: 34.104.35.123. Number of nodes 71
EtherApe-INFO: 03:54:20.941: New node: IP: 52.222.236.92. Number of nodes 72
EtherApe-INFO: 03:54:21.473: New node: IP: 104.18.22.9. Number of nodes 73
EtherApe-INFO: 03:54:45.797: delete node: IP: 75.2.60.5. Number of nodes 72
EtherApe-INFO: 03:55:00.990: delete node: IP: 142.250.180.225. Number of nodes 71
EtherApe-INFO: 03:55:01.321: delete node: IP: 172.217.20.1. Number of nodes 70
EtherApe-INFO: 03:55:01.321: delete node: IP: 142.250.75.1. Number of nodes 69
EtherApe-INFO: 03:55:09.767: delete node: IP: 142.250.180.195. Number of nodes 68
EtherApe-INFO: 03:55:10.877: delete node: IP: 142.250.180.206. Number of nodes 67
EtherApe-INFO: 03:55:10.877: delete node: IP: 104.21.74.3. Number of nodes 66
EtherApe-INFO: 03:55:11.648: delete node: IP: 172.217.19.106. Number of nodes 65
EtherApe-INFO: 03:55:13.299: delete node: IP: 172.217.20.14. Number of nodes 64
EtherApe-INFO: 03:55:18.674: delete node: IP: 159.69.36.224. Number of nodes 63
EtherApe-INFO: 03:55:20.429: New node: IP: 8.8.8.8. Number of nodes 64
EtherApe-INFO: 03:55:23.096: New node: IP: 142.251.39.36. Number of nodes 65
EtherApe-INFO: 03:55:23.735: New node: IP: 157.240.224.63. Number of nodes 66
EtherApe-INFO: 03:55:30.242: delete node: IP: 172.217.16.3. Number of nodes 65
EtherApe-INFO: 03:55:34.404: delete node: IP: 2.21.173.72. Number of nodes 64
EtherApe-INFO: 03:55:34.404: delete node: IP: 2.21.89.66. Number of nodes 63
EtherApe-INFO: 03:55:36.285: delete node: IP: 95.213.253.92. Number of nodes 62
EtherApe-INFO: 03:55:36.509: delete node: IP: 91.200.42.13. Number of nodes 61
EtherApe-INFO: 03:55:36.509: delete node: IP: 51.254.73.169. Number of nodes 60
EtherApe-INFO: 03:55:44.206: New node: IP: 142.251.39.4. Number of nodes 61
EtherApe-INFO: 03:55:44.475: delete node: IP: 157.240.224.13. Number of nodes 60
EtherApe-INFO: 03:55:45.259: New node: IP: 149.154.167.222. Number of nodes 61
EtherApe-INFO: 03:55:47.669: New node: IP: 172.217.20.4. Number of nodes 62
EtherApe-INFO: 03:55:48.776: New node: IP: 142.250.180.195. Number of nodes 63
EtherApe-INFO: 03:56:01.470: New node: IP: 142.251.39.10. Number of nodes 64
EtherApe-INFO: 03:56:22.536: New node: IPv6: fe80::9ada:c4ff:febf:99a5. Number of nodes 65
EtherApe-INFO: 03:56:22.536: New node: IPv6: ff02::1. Number of nodes 66
EtherApe-INFO: 03:56:23.340: New node: IP: 213.230.210.231. Number of nodes 67
EtherApe-INFO: 03:56:29.737: New node: IP: 31.13.92.174. Number of nodes 68
EtherApe-INFO: 03:56:31.604: New node: IP: 104.17.168.30. Number of nodes 69
EtherApe-INFO: 03:56:32.964: New node: IP: 31.13.64.52. Number of nodes 70
EtherApe-INFO: 03:56:32.981: New node: IP: 103.21.167.225. Number of nodes 71
EtherApe-INFO: 03:56:33.227: New node: IP: 31.13.81.52. Number of nodes 72
EtherApe-INFO: 03:56:34.541: New node: IP: 142.250.201.206. Number of nodes 73
EtherApe-INFO: 03:56:37.751: New node: IP: 172.217.16.42. Number of nodes 74
EtherApe-INFO: 03:56:40.669: New node: IP: 95.216.195.133. Number of nodes 75
EtherApe-INFO: 03:56:41.206: New node: IP: 172.217.20.14. Number of nodes 76
EtherApe-INFO: 03:56:44.410: New node: IP: 104.18.19.110. Number of nodes 77
EtherApe-INFO: 03:56:44.677: New node: IP: 104.18.31.182. Number of nodes 78
EtherApe-INFO: 03:56:46.032: delete node: IP: 142.250.203.195. Number of nodes 77
EtherApe-INFO: 03:56:48.763: delete node: IP: 157.240.224.174. Number of nodes 76
EtherApe-INFO: 03:56:51.962: delete node: IP: 157.240.224.35. Number of nodes 75
EtherApe-INFO: 03:56:53.469: New node: IP: 46.175.86.153. Number of nodes 76
EtherApe-INFO: 03:57:00.404: New node: IP: 172.217.19.106. Number of nodes 77
EtherApe-INFO: 03:57:23.185: delete node: IP: 172.217.16.46. Number of nodes 76
EtherApe-INFO: 03:57:23.186: delete node: IP: 142.251.39.42. Number of nodes 75
EtherApe-INFO: 03:57:23.186: delete node: IP: 142.250.186.196. Number of nodes 74
EtherApe-INFO: 03:57:23.735: delete node: IP: 142.251.39.36. Number of nodes 73
EtherApe-INFO: 03:57:23.735: delete node: IP: 31.13.92.51. Number of nodes 72
EtherApe-INFO: 03:57:23.900: New node: IP: 18.66.139.101. Number of nodes 73
EtherApe-INFO: 03:57:24.182: delete node: IP: 142.250.180.227. Number of nodes 72
EtherApe-INFO: 03:57:26.847: delete node: IP: 142.251.39.72. Number of nodes 71
EtherApe-INFO: 03:57:26.848: delete node: IP: 52.222.236.100. Number of nodes 70
EtherApe-INFO: 03:57:27.947: delete node: IP: 142.251.39.3. Number of nodes 69
EtherApe-INFO: 03:57:31.475: delete node: IP: 142.250.203.131. Number of nodes 68
EtherApe-INFO: 03:57:32.466: delete node: IP: 142.251.39.74. Number of nodes 67
EtherApe-INFO: 03:57:32.466: delete node: IP: 54.230.245.119. Number of nodes 66
EtherApe-INFO: 03:57:32.466: delete node: IP: 52.222.230.86. Number of nodes 65
EtherApe-INFO: 03:57:33.795: delete node: IP: 142.251.39.78. Number of nodes 64
EtherApe-INFO: 03:57:33.795: delete node: IP: 52.84.198.16. Number of nodes 63
EtherApe-INFO: 03:57:34.030: New node: IP: 157.240.224.174. Number of nodes 64
EtherApe-INFO: 03:57:35.130: delete node: IP: 8.8.8.8. Number of nodes 63
EtherApe-INFO: 03:57:44.521: delete node: IP: 216.58.215.110. Number of nodes 62
EtherApe-INFO: 03:57:44.521: delete node: IP: 216.58.208.202. Number of nodes 61
EtherApe-INFO: 03:57:44.521: delete node: IP: 172.217.20.214. Number of nodes 60
EtherApe-INFO: 03:57:44.521: delete node: IP: 172.217.20.10. Number of nodes 59
EtherApe-INFO: 03:57:44.521: delete node: IP: 142.251.39.33. Number of nodes 58
EtherApe-INFO: 03:57:55.097: New node: IP: 172.217.20.1. Number of nodes 59
EtherApe-INFO: 03:57:55.104: New node: IP: 142.250.203.202. Number of nodes 60
EtherApe-INFO: 03:58:04.972: New node: IP: 142.251.39.3. Number of nodes 61
EtherApe-INFO: 03:58:10.634: delete node: IP: 18.66.97.103. Number of nodes 60
EtherApe-INFO: 03:58:13.826: delete node: IP: 146.59.26.8. Number of nodes 59
EtherApe-INFO: 03:58:15.150: delete node: IP: 149.154.167.222. Number of nodes 58
EtherApe-INFO: 03:58:18.831: New node: IP: 149.154.167.222. Number of nodes 59
EtherApe-INFO: 03:58:20.878: delete node: IP: 142.250.75.14. Number of nodes 58
EtherApe-INFO: 03:58:22.576: delete node: IPv6: ff02::1. Number of nodes 57
EtherApe-INFO: 03:58:22.576: delete node: IPv6: fe80::9ada:c4ff:febf:99a5. Number of nodes 56
EtherApe-INFO: 03:58:24.673: New node: IP: 104.16.19.94. Number of nodes 57
EtherApe-INFO: 03:58:35.070: New node: IP: 149.154.167.92. Number of nodes 58
EtherApe-INFO: 03:58:35.137: delete node: IP: 142.250.201.206. Number of nodes 57
EtherApe-INFO: 03:58:37.812: delete node: IP: 172.217.16.42. Number of nodes 56
EtherApe-INFO: 03:58:38.617: delete node: IP: 31.13.92.174. Number of nodes 55
EtherApe-INFO: 03:58:40.956: delete node: IP: 95.216.195.133. Number of nodes 54
EtherApe-INFO: 03:58:43.403: delete node: IP: 172.217.19.110. Number of nodes 53
EtherApe-INFO: 03:58:49.486: New node: IP: 149.154.165.111. Number of nodes 54
EtherApe-INFO: 03:58:53.949: delete node: IP: 46.175.86.153. Number of nodes 53
EtherApe-INFO: 03:59:00.709: delete node: IP: 172.217.19.106. Number of nodes 52
EtherApe-INFO: 03:59:23.903: delete node: IP: 213.230.210.231. Number of nodes 51
EtherApe-INFO: 03:59:24.679: New node: IP: 172.67.159.169. Number of nodes 52
EtherApe-INFO: 03:59:37.203: New node: IP: 149.154.175.57. Number of nodes 53
EtherApe-INFO: 03:59:37.203: New node: IP: 149.154.175.54. Number of nodes 54
EtherApe-INFO: 03:59:37.282: delete node: IP: 172.217.20.170. Number of nodes 53
EtherApe-INFO: 03:59:37.282: delete node: IP: 142.250.186.202. Number of nodes 52
EtherApe-INFO: 03:59:38.595: delete node: IP: 31.13.81.52. Number of nodes 51
EtherApe-INFO: 03:59:46.660: delete node: IP: 157.240.224.174. Number of nodes 50
EtherApe-INFO: 03:59:55.069: New node: IPv6: fe80::9ada:c4ff:febf:99a5. Number of nodes 51
EtherApe-INFO: 03:59:55.069: New node: IPv6: ff02::1. Number of nodes 52
EtherApe-INFO: 03:59:56.692: delete node: IP: 172.217.20.1. Number of nodes 51
EtherApe-INFO: 03:59:56.692: delete node: IP: 142.250.203.202. Number of nodes 50
EtherApe-INFO: 03:59:56.692: delete node: IP: 103.21.167.225. Number of nodes 49
EtherApe-INFO: 03:59:56.692: delete node: IP: 31.13.64.52. Number of nodes 48
EtherApe-INFO: 04:00:05.229: delete node: IP: 142.251.39.14. Number of nodes 47
EtherApe-INFO: 04:00:05.229: delete node: IP: 142.251.39.3. Number of nodes 46
EtherApe-INFO: 04:00:08.468: delete node: IP: 172.217.20.14. Number of nodes 45
EtherApe-INFO: 04:00:08.468: delete node: IP: 172.67.194.55. Number of nodes 44
EtherApe-INFO: 04:00:12.798: delete node: IP: 142.250.180.238. Number of nodes 43
EtherApe-INFO: 04:00:20.697: New node: IP: 216.58.215.110. Number of nodes 44
EtherApe-INFO: 04:00:21.810: delete node: IP: 172.217.16.10. Number of nodes 43
EtherApe-INFO: 04:00:24.200: delete node: IP: 52.222.236.92. Number of nodes 42
EtherApe-INFO: 04:00:24.963: New node: IP: 104.21.235.38. Number of nodes 43
EtherApe-INFO: 04:00:24.965: delete node: IP: 104.16.19.94. Number of nodes 42
EtherApe-INFO: 04:00:31.708: delete node: IP: 31.43.58.32. Number of nodes 41
EtherApe-INFO: 04:00:41.502: New node: IP: 2.18.12.41. Number of nodes 42
EtherApe-INFO: 04:00:42.575: delete node: IP: 142.250.180.202. Number of nodes 41
EtherApe-INFO: 04:00:54.831: New node: IP: 35.190.80.1. Number of nodes 42
EtherApe-INFO: 04:00:54.831: New node: IP: 104.16.87.20. Number of nodes 43
EtherApe-INFO: 04:01:10.032: New node: IP: 46.175.86.153. Number of nodes 44
EtherApe-INFO: 04:01:11.097: New node: IP: 216.58.208.202. Number of nodes 45
EtherApe-INFO: 04:01:21.804: delete node: IP: 149.154.167.92. Number of nodes 44
EtherApe-INFO: 04:01:23.966: delete node: IP: 52.222.236.62. Number of nodes 43
EtherApe-INFO: 04:01:25.049: delete node: IP: 142.251.39.46. Number of nodes 42
EtherApe-INFO: 04:01:29.597: delete node: IP: 104.18.12.33. Number of nodes 41
EtherApe-INFO: 04:01:35.368: New node: IP: 185.161.175.26. Number of nodes 42
EtherApe-INFO: 04:01:37.003: New node: IP: 149.56.97.241. Number of nodes 43
EtherApe-INFO: 04:01:40.696: New node: IP: 95.216.195.133. Number of nodes 44
EtherApe-INFO: 04:01:41.497: New node: IP: 95.216.144.15. Number of nodes 45
EtherApe-INFO: 04:01:51.717: delete node: IP: 172.217.20.4. Number of nodes 44
EtherApe-INFO: 04:01:51.717: delete node: IP: 142.250.180.234. Number of nodes 43
EtherApe-INFO: 04:01:55.179: delete node: IPv6: ff02::1. Number of nodes 42
EtherApe-INFO: 04:01:55.180: delete node: IPv6: fe80::9ada:c4ff:febf:99a5. Number of nodes 41
EtherApe-INFO: 04:02:09.555: delete node: IP: 142.251.39.10. Number of nodes 40
EtherApe-INFO: 04:02:09.766: New node: IP: 52.84.198.19. Number of nodes 41
EtherApe-INFO: 04:02:15.366: New node: IP: 172.217.19.110. Number of nodes 42
EtherApe-INFO: 04:02:20.969: New node: IP: 18.66.122.79. Number of nodes 43
EtherApe-INFO: 04:02:21.785: New node: IP: 52.222.236.20. Number of nodes 44
EtherApe-INFO: 04:02:21.789: New node: IP: 15.236.10.140. Number of nodes 45
EtherApe-INFO: 04:02:21.894: delete node: IP: 142.250.180.195. Number of nodes 44
EtherApe-INFO: 04:02:22.563: New node: IP: 142.250.180.195. Number of nodes 45
EtherApe-INFO: 04:02:22.831: New node: IP: 178.79.227.36. Number of nodes 46
EtherApe-INFO: 04:02:25.507: New node: IP: 142.250.203.202. Number of nodes 47
EtherApe-INFO: 04:02:29.781: New node: IP: 142.251.39.74. Number of nodes 48
EtherApe-INFO: 04:02:30.030: New node: IP: 142.251.39.78. Number of nodes 49
EtherApe-INFO: 04:02:40.298: delete node: IP: 149.154.175.54. Number of nodes 48
EtherApe-INFO: 04:02:42.566: New node: IP: 142.250.180.202. Number of nodes 49
EtherApe-INFO: 04:02:45.689: delete node: IP: 2.18.12.41. Number of nodes 48
EtherApe-INFO: 04:02:56.106: delete node: IP: 149.154.175.57. Number of nodes 47
EtherApe-INFO: 04:03:05.686: delete node: IP: 104.18.23.9. Number of nodes 46
EtherApe-INFO: 04:03:10.231: delete node: IP: 46.175.86.153. Number of nodes 45
EtherApe-INFO: 04:03:24.511: delete node: IP: 18.66.139.101. Number of nodes 44
EtherApe-INFO: 04:03:25.406: New node: IP: 142.250.203.142. Number of nodes 45
EtherApe-INFO: 04:03:41.759: delete node: IP: 185.161.175.26. Number of nodes 44
EtherApe-INFO: 04:03:41.759: delete node: IP: 149.56.97.241. Number of nodes 43
EtherApe-INFO: 04:03:41.759: delete node: IP: 95.216.195.133. Number of nodes 42
EtherApe-INFO: 04:03:42.832: delete node: IP: 95.216.144.15. Number of nodes 41
EtherApe-INFO: 04:03:55.759: delete node: IP: 104.16.18.94. Number of nodes 40
EtherApe-INFO: 04:03:56.084: delete node: IP: 172.67.202.47. Number of nodes 39
EtherApe-INFO: 04:04:05.471: delete node: IP: 142.250.186.206. Number of nodes 38
EtherApe-INFO: 04:04:08.064: delete node: IP: 104.18.31.182. Number of nodes 37
EtherApe-INFO: 04:04:20.856: New node: IP: 8.8.8.8. Number of nodes 38
EtherApe-INFO: 04:04:22.516: delete node: IP: 192.168.2.1. Number of nodes 37
EtherApe-INFO: 04:04:22.730: delete node: IP: 142.250.180.195. Number of nodes 36
EtherApe-INFO: 04:04:25.717: delete node: IP: 142.250.203.202. Number of nodes 35
EtherApe-INFO: 04:04:30.556: delete node: IP: 142.251.39.78. Number of nodes 34
EtherApe-INFO: 04:04:30.556: delete node: IP: 142.251.39.74. Number of nodes 33
EtherApe-INFO: 04:04:33.656: New node: IP: 149.154.175.100. Number of nodes 34
EtherApe-INFO: 04:04:41.659: New node: IP: 149.154.167.92. Number of nodes 35
EtherApe-INFO: 04:04:42.722: New node: IP: 149.154.167.91. Number of nodes 36
EtherApe-INFO: 04:04:42.745: delete node: IP: 142.250.180.202. Number of nodes 35
EtherApe-INFO: 04:04:49.660: New node: IP: 91.108.56.145. Number of nodes 36
EtherApe-INFO: 04:04:50.722: New node: IP: 91.108.56.188. Number of nodes 37
EtherApe-INFO: 04:04:57.656: New node: IP: 149.154.175.57. Number of nodes 38
EtherApe-INFO: 04:04:57.656: New node: IP: 149.154.175.54. Number of nodes 39
EtherApe-INFO: 04:04:58.723: New node: IP: 149.154.175.50. Number of nodes 40
EtherApe-INFO: 04:05:06.248: delete node: IP: 216.58.215.110. Number of nodes 39
EtherApe-INFO: 04:05:09.708: delete node: IP: 149.154.165.111. Number of nodes 38
EtherApe-INFO: 04:05:11.877: delete node: IP: 104.17.168.30. Number of nodes 37
EtherApe-INFO: 04:05:15.580: delete node: IP: 172.217.19.110. Number of nodes 36
EtherApe-INFO: 04:05:26.750: New node: IP: 192.168.2.1. Number of nodes 37
EtherApe-INFO: 04:05:27.126: New node: IP: 185.199.108.153. Number of nodes 38
EtherApe-INFO: 04:05:27.130: New node: IP: 31.13.92.51. Number of nodes 39
EtherApe-INFO: 04:05:27.131: New node: IP: 172.217.16.42. Number of nodes 40
EtherApe-INFO: 04:05:27.132: New node: IP: 104.16.248.249. Number of nodes 41
EtherApe-INFO: 04:05:27.281: New node: IP: 142.250.180.195. Number of nodes 42
EtherApe-INFO: 04:05:27.291: New node: IP: 142.251.39.74. Number of nodes 43
EtherApe-INFO: 04:05:27.322: New node: IP: 5.28.195.66. Number of nodes 44
EtherApe-INFO: 04:05:29.660: New node: IP: 64.233.164.189. Number of nodes 45
EtherApe-INFO: 04:05:29.925: New node: IP: 104.18.12.33. Number of nodes 46
EtherApe-INFO: 04:05:31.526: New node: IP: 35.185.44.232. Number of nodes 47
EtherApe-INFO: 04:05:31.527: New node: IP: 142.250.203.195. Number of nodes 48
EtherApe-INFO: 04:05:31.528: New node: IP: 216.58.208.196. Number of nodes 49
EtherApe-INFO: 04:05:33.391: New node: IP: 31.13.92.174. Number of nodes 50
EtherApe-INFO: 04:05:33.392: New node: IP: 79.124.240.33. Number of nodes 51
EtherApe-INFO: 04:05:39.793: New node: IP: 142.250.180.202. Number of nodes 52
EtherApe-INFO: 04:05:39.794: New node: IP: 216.58.209.10. Number of nodes 53
EtherApe-INFO: 04:05:43.809: New node: IP: 216.58.215.110. Number of nodes 54
EtherApe-INFO: 04:05:53.926: New node: IP: 157.240.224.35. Number of nodes 55
EtherApe-INFO: 04:05:55.862: delete node: IP: 142.251.39.4. Number of nodes 54
EtherApe-INFO: 04:05:56.058: New node: IP: 172.217.20.170. Number of nodes 55
EtherApe-INFO: 04:05:56.323: New node: IP: 31.43.58.32. Number of nodes 56
EtherApe-INFO: 04:06:03.269: New node: IPv6: fe80::9ada:c4ff:febf:99a5. Number of nodes 57
EtherApe-INFO: 04:06:03.269: New node: IPv6: ff02::1. Number of nodes 58
EtherApe-INFO: 04:06:06.990: New node: IP: 172.217.20.14. Number of nodes 59
EtherApe-INFO: 04:06:15.801: delete node: IP: 15.236.10.140. Number of nodes 58
EtherApe-INFO: 04:06:16.686: delete node: IP: 142.250.203.138. Number of nodes 57
EtherApe-INFO: 04:06:45.389: New node: IP: 224.0.0.22. Number of nodes 58
EtherApe-INFO: 04:06:45.390: New node: IP: 224.0.0.252. Number of nodes 59
EtherApe-INFO: 04:06:45.923: New node: IP: 224.0.0.251. Number of nodes 60
EtherApe-INFO: 04:06:46.190: New node: IP: 157.240.224.174. Number of nodes 61
EtherApe-INFO: 04:06:46.724: New node: IP: 64.233.163.188. Number of nodes 62
EtherApe-INFO: 04:06:46.725: New node: IP: 142.250.186.206. Number of nodes 63
EtherApe-INFO: 04:06:47.522: New node: IP: 95.216.195.133. Number of nodes 64
EtherApe-INFO: 04:06:51.793: New node: IP: 142.251.39.4. Number of nodes 65
EtherApe-INFO: 04:06:58.723: New node: IP: 142.250.186.202. Number of nodes 66
EtherApe-INFO: 04:07:07.789: New node: IP: 90.255.253.97. Number of nodes 67
EtherApe-INFO: 04:07:19.600: New node: IP: 95.209.203.225. Number of nodes 68
EtherApe-INFO: 04:07:27.018: delete node: IP: 173.194.76.189. Number of nodes 67
EtherApe-INFO: 04:07:27.018: delete node: IP: 104.18.19.110. Number of nodes 66
EtherApe-INFO: 04:07:27.018: delete node: IP: 104.17.50.74. Number of nodes 65
EtherApe-INFO: 04:07:28.109: delete node: IP: 216.58.208.202. Number of nodes 64
EtherApe-INFO: 04:07:28.109: delete node: IP: 178.79.227.36. Number of nodes 63
EtherApe-INFO: 04:07:28.109: delete node: IP: 149.154.175.100. Number of nodes 62
EtherApe-INFO: 04:07:28.109: delete node: IP: 149.154.175.57. Number of nodes 61
EtherApe-INFO: 04:07:28.109: delete node: IP: 149.154.175.54. Number of nodes 60
EtherApe-INFO: 04:07:28.109: delete node: IP: 149.154.175.50. Number of nodes 59
EtherApe-INFO: 04:07:28.109: delete node: IP: 149.154.167.92. Number of nodes 58
EtherApe-INFO: 04:07:28.109: delete node: IP: 149.154.167.91. Number of nodes 57
EtherApe-INFO: 04:07:28.109: delete node: IP: 142.251.39.74. Number of nodes 56
EtherApe-INFO: 04:07:28.109: delete node: IP: 104.16.248.249. Number of nodes 55
EtherApe-INFO: 04:07:28.109: delete node: IP: 91.108.56.188. Number of nodes 54
EtherApe-INFO: 04:07:28.109: delete node: IP: 91.108.56.145. Number of nodes 53
EtherApe-INFO: 04:07:28.109: delete node: IP: 5.28.195.66. Number of nodes 52
EtherApe-INFO: 04:07:31.257: New node: IP: 142.251.39.74. Number of nodes 53
EtherApe-INFO: 04:07:43.872: delete node: IP: 216.58.215.110. Number of nodes 52
EtherApe-INFO: 04:07:57.163: delete node: IP: 172.217.20.170. Number of nodes 51
EtherApe-INFO: 04:08:02.234: delete node: IP: 216.58.208.196. Number of nodes 50
EtherApe-INFO: 04:08:02.234: delete node: IP: 149.154.167.222. Number of nodes 49
EtherApe-INFO: 04:08:03.315: delete node: IPv6: ff02::1. Number of nodes 48
EtherApe-INFO: 04:08:03.315: delete node: IPv6: fe80::9ada:c4ff:febf:99a5. Number of nodes 47
EtherApe-INFO: 04:08:35.574: delete node: IP: 172.217.20.14. Number of nodes 46
EtherApe-INFO: 04:08:35.574: delete node: IP: 157.240.224.35. Number of nodes 45
EtherApe-INFO: 04:08:39.340: delete node: IP: 142.250.180.202. Number of nodes 44
EtherApe-INFO: 04:08:46.753: delete node: IP: 224.0.0.252. Number of nodes 43
EtherApe-INFO: 04:08:46.753: delete node: IP: 142.250.102.188. Number of nodes 42
EtherApe-INFO: 04:08:47.824: delete node: IP: 95.216.195.133. Number of nodes 41
EtherApe-INFO: 04:08:48.894: delete node: IP: 142.250.203.195. Number of nodes 40
EtherApe-INFO: 04:08:49.751: delete node: IP: 172.217.16.42. Number of nodes 39
EtherApe-INFO: 04:08:49.751: delete node: IP: 104.18.13.33. Number of nodes 38
EtherApe-INFO: 04:08:50.287: delete node: IP: 224.0.0.22. Number of nodes 37
EtherApe-INFO: 04:08:51.040: delete node: IP: 185.199.108.153. Number of nodes 36
EtherApe-INFO: 04:08:52.867: delete node: IP: 224.0.0.251. Number of nodes 35
EtherApe-INFO: 04:08:55.547: delete node: IP: 35.190.80.1. Number of nodes 34
EtherApe-INFO: 04:08:55.582: New node: IP: 142.250.180.238. Number of nodes 35
EtherApe-INFO: 04:08:55.587: New node: IP: 172.217.19.106. Number of nodes 36
EtherApe-INFO: 04:08:55.597: New node: IP: 142.251.39.36. Number of nodes 37
EtherApe-INFO: 04:08:57.980: delete node: IP: 52.222.236.20. Number of nodes 36
EtherApe-INFO: 04:08:57.981: delete node: IP: 18.66.122.79. Number of nodes 35
EtherApe-INFO: 04:08:59.060: delete node: IP: 31.13.92.174. Number of nodes 34
EtherApe-INFO: 04:08:59.816: delete node: IP: 52.84.198.19. Number of nodes 33
EtherApe-INFO: 04:09:03.060: delete node: IP: 35.185.44.232. Number of nodes 32
EtherApe-INFO: 04:09:12.623: delete node: IP: 216.58.209.10. Number of nodes 31
EtherApe-INFO: 04:09:20.146: delete node: IP: 192.168.2.1. Number of nodes 30
EtherApe-INFO: 04:09:20.146: delete node: IP: 31.13.92.51. Number of nodes 29
EtherApe-INFO: 04:09:32.063: delete node: IP: 142.251.39.74. Number of nodes 28
EtherApe-INFO: 04:09:33.995: delete node: IP: 79.124.240.33. Number of nodes 27
EtherApe-INFO: 04:09:35.281: delete node: IP: 104.21.235.38. Number of nodes 26
EtherApe-INFO: 04:09:35.281: delete node: IP: 104.16.87.20. Number of nodes 25
EtherApe-INFO: 04:09:35.281: delete node: IP: 31.43.58.32. Number of nodes 24
EtherApe-INFO: 04:09:38.288: delete node: IP: 142.250.186.206. Number of nodes 23
EtherApe-INFO: 04:09:42.192: New node: IP: 46.175.86.153. Number of nodes 24
EtherApe-INFO: 04:10:02.722: New node: IP: 142.251.39.74. Number of nodes 25
EtherApe-INFO: 04:10:04.595: New node: IP: 142.251.39.67. Number of nodes 26
EtherApe-INFO: 04:10:17.406: delete node: IP: 142.251.39.4. Number of nodes 25
EtherApe-INFO: 04:10:17.406: delete node: IP: 142.250.203.142. Number of nodes 24
EtherApe-INFO: 04:10:55.067: New node: IP: 172.217.20.10. Number of nodes 25
EtherApe-INFO: 04:10:55.067: New node: IP: 74.125.131.189. Number of nodes 26
EtherApe-INFO: 04:10:55.265: New node: IP: 192.168.2.1. Number of nodes 27
EtherApe-INFO: 04:10:55.837: delete node: IP: 142.250.186.202. Number of nodes 26
EtherApe-INFO: 04:11:03.522: New node: IP: 216.58.209.10. Number of nodes 27
EtherApe-INFO: 04:11:08.124: delete node: IP: 90.255.253.97. Number of nodes 26
EtherApe-INFO: 04:11:14.801: delete node: IP: 104.18.22.9. Number of nodes 25
EtherApe-INFO: 04:11:20.091: New node: IP: 31.43.58.32. Number of nodes 26
EtherApe-INFO: 04:11:24.134: delete node: IP: 95.209.203.225. Number of nodes 25
