(etherape:3695): GLib-GIO-DEBUG: 03:32:34.569: _g_io_module_get_default: Found default implementation local (GLocalVfs) for ‘gio-vfs’
EtherApe-INFO: 03:32:34.730: sctp protocol not supported
EtherApe-INFO: 03:32:34.730: dccp protocol not supported
EtherApe-INFO: 03:32:34.730: sctp protocol not supported
EtherApe-INFO: 03:32:34.730: sctp protocol not supported
EtherApe-INFO: 03:32:34.730: sctp protocol not supported
EtherApe-INFO: 03:32:34.731: sctp protocol not supported
EtherApe-INFO: 03:32:34.731: sctp protocol not supported
EtherApe-INFO: 03:32:34.732: sctp protocol not supported
EtherApe-INFO: 03:32:34.733: sctp protocol not supported
EtherApe-INFO: 03:32:34.733: dccp protocol not supported
EtherApe-INFO: 03:32:34.733: sctp protocol not supported
EtherApe-INFO: 03:32:34.733: dccp protocol not supported
EtherApe-INFO: 03:32:34.733: dccp protocol not supported
EtherApe-INFO: 03:32:34.733: sctp protocol not supported
EtherApe-INFO: 03:32:34.734: sctp protocol not supported
EtherApe-INFO: 03:32:34.734: sctp protocol not supported
EtherApe-INFO: 03:32:34.735: sctp protocol not supported
EtherApe-INFO: 03:32:34.735: sctp protocol not supported
EtherApe-INFO: 03:32:34.736: sctp protocol not supported
EtherApe-INFO: 03:32:34.736: sctp protocol not supported
EtherApe-INFO: 03:32:34.736: sctp protocol not supported
EtherApe-INFO: 03:32:34.736: sctp protocol not supported
EtherApe-INFO: 03:32:34.737: sctp protocol not supported
EtherApe-INFO: 03:32:34.738: sctp protocol not supported
EtherApe-INFO: 03:32:34.738: sctp protocol not supported
EtherApe-INFO: 03:32:34.738: sctp protocol not supported
EtherApe-INFO: 03:32:34.738: sctp protocol not supported
EtherApe-INFO: 03:32:34.739: sctp protocol not supported
EtherApe-INFO: 03:32:34.739: dccp protocol not supported
EtherApe-INFO: 03:32:34.739: sctp protocol not supported
EtherApe-INFO: 03:32:34.739: sctp protocol not supported
EtherApe-INFO: 03:32:34.739: dccp protocol not supported
EtherApe-INFO: 03:32:34.739: sctp protocol not supported
EtherApe-INFO: 03:32:34.739: sctp protocol not supported
EtherApe-INFO: 03:32:34.739: sctp protocol not supported
EtherApe-INFO: 03:32:34.739: dccp protocol not supported
EtherApe-INFO: 03:32:34.739: dccp protocol not supported
EtherApe-INFO: 03:32:34.739: sctp protocol not supported
EtherApe-INFO: 03:32:34.739: sctp protocol not supported
EtherApe-INFO: 03:32:34.739: sctp protocol not supported
EtherApe-INFO: 03:32:34.739: sctp protocol not supported
EtherApe-INFO: 03:32:34.739: sctp protocol not supported
EtherApe-INFO: 03:32:34.740: sctp protocol not supported
EtherApe-INFO: 03:32:34.740: sctp protocol not supported
EtherApe-INFO: 03:32:34.740: sctp protocol not supported
EtherApe-INFO: 03:32:34.740: sctp protocol not supported
EtherApe-INFO: 03:32:34.740: sctp protocol not supported
EtherApe-INFO: 03:32:34.740: sctp protocol not supported
EtherApe-INFO: 03:32:34.740: sctp protocol not supported
EtherApe-INFO: 03:32:34.740: sctp protocol not supported
EtherApe-INFO: 03:32:34.740: dccp protocol not supported
EtherApe-INFO: 03:32:34.740: sctp protocol not supported
EtherApe-INFO: 03:32:34.740: sctp protocol not supported
EtherApe-INFO: 03:32:34.740: sctp protocol not supported
EtherApe-INFO: 03:32:34.740: sctp protocol not supported
EtherApe-INFO: 03:32:34.741: sctp protocol not supported
EtherApe-INFO: 03:32:34.741: sctp protocol not supported
EtherApe-INFO: 03:32:34.741: sctp protocol not supported
EtherApe-INFO: 03:32:34.741: sctp protocol not supported
EtherApe-INFO: 03:32:34.741: sctp protocol not supported
EtherApe-INFO: 03:32:34.741: sctp protocol not supported
EtherApe-INFO: 03:32:34.741: sctp protocol not supported
EtherApe-INFO: 03:32:34.741: sctp protocol not supported
EtherApe-INFO: 03:32:34.741: sctp protocol not supported
EtherApe-INFO: 03:32:34.741: sctp protocol not supported
EtherApe-INFO: 03:32:34.741: sctp protocol not supported
EtherApe-INFO: 03:32:34.741: sctp protocol not supported
EtherApe-INFO: 03:32:34.741: sctp protocol not supported
EtherApe-INFO: 03:32:34.741: sctp protocol not supported
EtherApe-INFO: 03:32:34.742: sctp protocol not supported
EtherApe-INFO: 03:32:34.742: sctp protocol not supported
EtherApe-INFO: 03:32:34.742: sctp protocol not supported
EtherApe-INFO: 03:32:34.742: sctp protocol not supported
EtherApe-INFO: 03:32:34.742: sctp protocol not supported
EtherApe-INFO: 03:32:34.742: sctp protocol not supported
EtherApe-INFO: 03:32:34.742: sctp protocol not supported
EtherApe-INFO: 03:32:34.742: sctp protocol not supported
EtherApe-INFO: 03:32:34.742: sctp protocol not supported
EtherApe-INFO: 03:32:34.742: sctp protocol not supported
EtherApe-INFO: 03:32:34.742: sctp protocol not supported
EtherApe-INFO: 03:32:34.742: sctp protocol not supported
EtherApe-INFO: 03:32:34.742: sctp protocol not supported
EtherApe-INFO: 03:32:34.742: sctp protocol not supported
EtherApe-INFO: 03:32:34.742: sctp protocol not supported
EtherApe-INFO: 03:32:34.742: sctp protocol not supported
EtherApe-INFO: 03:32:34.742: sctp protocol not supported
EtherApe-INFO: 03:32:34.742: sctp protocol not supported
EtherApe-INFO: 03:32:34.755: get_interface result: ''
EtherApe-INFO: 03:32:34.756: Available interfaces for capture: dbus-session dbus-system nfqueue nflog bluetooth-monitor lo any
EtherApe-INFO: 03:32:34.802: Link type is LINUX_SLL
EtherApe-INFO: 03:32:34.803: Diagram started
EtherApe-INFO: 03:33:11.297: New node: IP: 0.0.0.0. Number of nodes 1
EtherApe-INFO: 03:33:11.298: New node: IP: 255.255.255.255. Number of nodes 2
EtherApe-INFO: 03:33:11.299: New node: IP: 192.168.2.1. Number of nodes 3
EtherApe-INFO: 03:33:11.299: New node: IP: 192.168.2.234. Number of nodes 4
EtherApe-INFO: 03:33:13.162: New node: IP: 149.154.175.57. Number of nodes 5
EtherApe-INFO: 03:33:13.162: New node: IP: 8.8.8.8. Number of nodes 6
EtherApe-INFO: 03:33:13.162: New node: IP: 142.250.203.202. Number of nodes 7
EtherApe-INFO: 03:33:13.430: New node: IP: 5.28.194.241. Number of nodes 8
EtherApe-INFO: 03:33:13.432: New node: IP: 149.154.167.50. Number of nodes 9
EtherApe-INFO: 03:33:13.432: New node: IP: 149.154.167.51. Number of nodes 10
EtherApe-INFO: 03:33:13.433: New node: IP: 149.154.175.50. Number of nodes 11
EtherApe-INFO: 03:33:13.433: New node: IP: 149.154.175.54. Number of nodes 12
EtherApe-INFO: 03:33:15.030: New node: IP: 151.101.112.223. Number of nodes 13
EtherApe-INFO: 03:33:15.031: New node: IP: 3.216.211.240. Number of nodes 14
EtherApe-INFO: 03:33:15.564: New node: IP: 140.82.121.3. Number of nodes 15
EtherApe-INFO: 03:33:15.828: New node: IP: 239.255.255.250. Number of nodes 16
EtherApe-INFO: 03:33:15.833: New node: IP: 216.58.208.206. Number of nodes 17
EtherApe-INFO: 03:33:15.834: New node: IP: 104.26.2.23. Number of nodes 18
EtherApe-INFO: 03:33:16.366: New node: IP: 1.1.1.1. Number of nodes 19
EtherApe-INFO: 03:33:16.895: New node: IP: 2.17.157.67. Number of nodes 20
EtherApe-INFO: 03:33:16.898: New node: IP: 140.82.113.25. Number of nodes 21
EtherApe-INFO: 03:33:17.435: New node: IP: 18.235.137.51. Number of nodes 22
EtherApe-INFO: 03:33:17.703: New node: IP: 140.82.121.5. Number of nodes 23
EtherApe-INFO: 03:33:17.703: New node: IP: 224.0.0.251. Number of nodes 24
EtherApe-INFO: 03:33:17.704: New node: IP: 185.199.108.133. Number of nodes 25
EtherApe-INFO: 03:33:18.233: New node: IP: 104.17.50.74. Number of nodes 26
EtherApe-INFO: 03:33:19.563: New node: IP: 64.233.165.188. Number of nodes 27
EtherApe-INFO: 03:33:19.563: New node: IP: 142.250.186.202. Number of nodes 28
EtherApe-INFO: 03:33:19.829: New node: IP: 142.250.203.141. Number of nodes 29
EtherApe-INFO: 03:33:19.830: New node: IP: 142.250.203.195. Number of nodes 30
EtherApe-INFO: 03:33:19.832: New node: IP: 142.250.203.205. Number of nodes 31
EtherApe-INFO: 03:33:19.845: New node: IP: 185.199.111.154. Number of nodes 32
EtherApe-INFO: 03:33:20.100: New node: IP: 142.250.203.131. Number of nodes 33
EtherApe-INFO: 03:33:21.431: New node: IP: 157.245.26.125. Number of nodes 34
EtherApe-INFO: 03:33:21.966: New node: IP: 52.46.131.253. Number of nodes 35
EtherApe-INFO: 03:33:21.967: New node: IP: 216.58.215.69. Number of nodes 36
EtherApe-INFO: 03:33:22.228: New node: IP: 34.226.55.11. Number of nodes 37
EtherApe-INFO: 03:33:22.242: New node: IP: 216.58.208.195. Number of nodes 38
EtherApe-INFO: 03:33:22.500: New node: IP: 95.216.195.133. Number of nodes 39
EtherApe-INFO: 03:33:22.763: New node: IP: 52.84.198.88. Number of nodes 40
EtherApe-INFO: 03:33:23.032: New node: IP: 216.58.215.67. Number of nodes 41
EtherApe-INFO: 03:33:23.033: New node: IP: 52.84.198.82. Number of nodes 42
EtherApe-INFO: 03:33:24.097: New node: IP: 142.250.186.206. Number of nodes 43
EtherApe-INFO: 03:33:24.364: New node: IP: 172.217.20.196. Number of nodes 44
EtherApe-INFO: 03:33:25.164: New node: IP: 216.58.215.74. Number of nodes 45
EtherApe-INFO: 03:33:25.165: New node: IP: 142.250.203.142. Number of nodes 46
EtherApe-INFO: 03:33:26.254: New node: IP: 142.250.203.206. Number of nodes 47
EtherApe-INFO: 03:33:26.254: New node: IP: 216.58.215.112. Number of nodes 48
EtherApe-INFO: 03:33:26.255: New node: IP: 172.217.16.33. Number of nodes 49
EtherApe-INFO: 03:33:26.262: New node: IP: 91.236.251.12. Number of nodes 50
EtherApe-INFO: 03:33:26.270: New node: IP: 142.250.203.136. Number of nodes 51
EtherApe-INFO: 03:33:26.508: New node: IP: 142.250.75.17. Number of nodes 52
EtherApe-INFO: 03:33:26.761: New node: IP: 216.58.209.10. Number of nodes 53
EtherApe-INFO: 03:33:27.246: New node: IP: 192.168.1.126. Number of nodes 54
EtherApe-INFO: 03:33:28.781: New node: IP: 52.84.198.19. Number of nodes 55
EtherApe-INFO: 03:33:29.318: New node: IP: 172.217.16.14. Number of nodes 56
EtherApe-INFO: 03:33:29.561: New node: IP: 104.18.23.9. Number of nodes 57
EtherApe-INFO: 03:33:31.426: New node: IP: 172.217.16.42. Number of nodes 58
EtherApe-INFO: 03:33:33.834: New node: IP: 104.18.12.33. Number of nodes 59
EtherApe-INFO: 03:33:34.644: New node: IP: 104.18.13.33. Number of nodes 60
EtherApe-INFO: 03:33:43.160: New node: IP: 142.250.75.14. Number of nodes 61
EtherApe-INFO: 03:33:44.497: New node: IP: 142.250.203.138. Number of nodes 62
EtherApe-INFO: 03:33:47.699: New node: IP: 172.217.16.10. Number of nodes 63
EtherApe-INFO: 03:33:52.494: New node: IP: 204.79.197.200. Number of nodes 64
EtherApe-INFO: 03:34:11.698: New node: IP: 172.217.16.46. Number of nodes 65
EtherApe-INFO: 03:34:12.493: New node: IP: 172.217.20.170. Number of nodes 66
EtherApe-INFO: 03:34:22.369: New node: IP: 173.194.222.189. Number of nodes 67
EtherApe-INFO: 03:34:22.637: New node: IP: 216.58.209.13. Number of nodes 68
EtherApe-INFO: 03:34:23.697: New node: IP: 35.201.123.198. Number of nodes 69
EtherApe-INFO: 03:34:30.365: New node: IP: 185.199.108.154. Number of nodes 70
EtherApe-INFO: 03:34:34.626: New node: IP: 212.82.100.137. Number of nodes 71
EtherApe-INFO: 03:34:37.298: New node: IP: 216.58.215.110. Number of nodes 72
EtherApe-INFO: 03:34:37.303: New node: IP: 216.58.208.202. Number of nodes 73
EtherApe-INFO: 03:34:41.563: New node: IP: 64.233.165.189. Number of nodes 74
EtherApe-INFO: 03:34:42.364: New node: IP: 192.0.73.2. Number of nodes 75
EtherApe-INFO: 03:34:42.633: New node: IP: 50.116.36.110. Number of nodes 76
EtherApe-INFO: 03:34:42.636: New node: IP: 172.66.42.236. Number of nodes 77
EtherApe-INFO: 03:34:45.030: New node: IP: 104.16.68.125. Number of nodes 78
EtherApe-INFO: 03:34:46.362: New node: IP: 151.101.0.176. Number of nodes 79
EtherApe-INFO: 03:34:48.509: New node: IP: 52.39.149.236. Number of nodes 80
EtherApe-INFO: 03:34:53.560: New node: IP: 216.58.215.106. Number of nodes 81
EtherApe-INFO: 03:35:11.515: delete node: IP: 255.255.255.255. Number of nodes 80
EtherApe-INFO: 03:35:11.516: delete node: IP: 192.168.2.1. Number of nodes 79
EtherApe-INFO: 03:35:11.516: delete node: IP: 0.0.0.0. Number of nodes 78
EtherApe-INFO: 03:35:13.302: delete node: IP: 142.250.203.202. Number of nodes 77
EtherApe-INFO: 03:35:14.203: delete node: IP: 149.154.175.50. Number of nodes 76
EtherApe-INFO: 03:35:14.664: delete node: IP: 149.154.175.57. Number of nodes 75
EtherApe-INFO: 03:35:14.664: delete node: IP: 149.154.175.54. Number of nodes 74
EtherApe-INFO: 03:35:14.665: delete node: IP: 5.28.194.241. Number of nodes 73
EtherApe-INFO: 03:35:20.878: delete node: IP: 224.0.0.251. Number of nodes 72
EtherApe-INFO: 03:35:22.651: delete node: IP: 95.216.195.133. Number of nodes 71
EtherApe-INFO: 03:35:29.340: delete node: IP: 1.1.1.1. Number of nodes 70
EtherApe-INFO: 03:35:32.539: delete node: IP: 172.217.16.14. Number of nodes 69
EtherApe-INFO: 03:35:40.336: New node: IP: 34.64.152.2. Number of nodes 70
EtherApe-INFO: 03:35:48.901: delete node: IP: 2.17.157.67. Number of nodes 69
EtherApe-INFO: 03:35:50.228: delete node: IP: 142.250.203.138. Number of nodes 68
EtherApe-INFO: 03:36:19.004: New node: IP: 149.154.167.222. Number of nodes 69
EtherApe-INFO: 03:36:19.004: New node: IP: 149.154.165.111. Number of nodes 70
EtherApe-INFO: 03:36:20.960: delete node: IP: 185.199.111.154. Number of nodes 69
EtherApe-INFO: 03:36:23.002: New node: IP: 172.217.16.14. Number of nodes 70
EtherApe-INFO: 03:36:23.269: New node: IP: 216.239.32.116. Number of nodes 71
EtherApe-INFO: 03:36:23.270: New node: IP: 216.58.215.99. Number of nodes 72
EtherApe-INFO: 03:36:27.800: New node: IP: 35.231.178.72. Number of nodes 73
EtherApe-INFO: 03:36:32.378: delete node: IP: 216.58.215.112. Number of nodes 72
EtherApe-INFO: 03:36:37.400: New node: IP: 52.73.243.8. Number of nodes 73
EtherApe-INFO: 03:36:43.000: New node: IP: 142.250.203.138. Number of nodes 74
EtherApe-INFO: 03:36:43.266: New node: IP: 140.82.121.4. Number of nodes 75
EtherApe-INFO: 03:36:43.803: New node: IP: 142.250.203.202. Number of nodes 76
EtherApe-INFO: 03:36:44.708: delete node: IP: 104.18.12.33. Number of nodes 75
EtherApe-INFO: 03:36:47.627: delete node: IP: 142.250.203.131. Number of nodes 74
EtherApe-INFO: 03:37:02.835: delete node: IP: 91.236.251.12. Number of nodes 73
EtherApe-INFO: 03:37:04.067: New node: IP: 140.82.113.26. Number of nodes 74
EtherApe-INFO: 03:37:10.734: New node: IP: 91.236.251.12. Number of nodes 75
EtherApe-INFO: 03:37:12.683: delete node: IP: 192.0.73.2. Number of nodes 74
EtherApe-INFO: 03:37:22.742: delete node: IP: 172.217.16.42. Number of nodes 73
EtherApe-INFO: 03:37:22.742: delete node: IP: 172.217.16.10. Number of nodes 72
EtherApe-INFO: 03:37:23.298: delete node: IP: 140.82.121.5. Number of nodes 71
EtherApe-INFO: 03:37:23.630: delete node: IP: 216.58.209.13. Number of nodes 70
EtherApe-INFO: 03:37:23.630: delete node: IP: 34.226.55.11. Number of nodes 69
EtherApe-INFO: 03:37:24.074: delete node: IP: 142.250.75.17. Number of nodes 68
EtherApe-INFO: 03:37:31.047: delete node: IP: 172.217.16.33. Number of nodes 67
EtherApe-INFO: 03:37:38.732: New node: IP: 1.1.1.1. Number of nodes 68
EtherApe-INFO: 03:37:40.976: delete node: IP: 216.58.215.110. Number of nodes 67
EtherApe-INFO: 03:37:40.976: delete node: IP: 142.250.203.206. Number of nodes 66
EtherApe-INFO: 03:37:40.976: delete node: IP: 142.250.203.136. Number of nodes 65
EtherApe-INFO: 03:37:45.171: delete node: IP: 50.116.36.110. Number of nodes 64
EtherApe-INFO: 03:37:49.149: delete node: IP: 52.39.149.236. Number of nodes 63
EtherApe-INFO: 03:37:51.534: New node: IP: 172.217.16.10. Number of nodes 64
EtherApe-INFO: 03:38:04.386: delete node: IP: 3.216.211.240. Number of nodes 63
EtherApe-INFO: 03:38:18.999: New node: IP: 95.216.195.133. Number of nodes 64
EtherApe-INFO: 03:38:22.263: delete node: IP: 157.245.26.125. Number of nodes 63
EtherApe-INFO: 03:38:23.001: New node: IP: 172.217.161.227. Number of nodes 64
EtherApe-INFO: 03:38:23.032: delete node: IP: 216.58.215.106. Number of nodes 63
EtherApe-INFO: 03:38:23.032: delete node: IP: 35.201.123.198. Number of nodes 62
EtherApe-INFO: 03:38:23.367: delete node: IP: 172.217.16.14. Number of nodes 61
EtherApe-INFO: 03:38:28.674: delete node: IP: 18.235.137.51. Number of nodes 60
EtherApe-INFO: 03:38:31.072: delete node: IP: 140.82.121.3. Number of nodes 59
EtherApe-INFO: 03:38:36.108: delete node: IP: 149.154.167.222. Number of nodes 58
EtherApe-INFO: 03:38:36.108: delete node: IP: 149.154.165.111. Number of nodes 57
EtherApe-INFO: 03:38:42.768: delete node: IP: 34.64.152.2. Number of nodes 56
EtherApe-INFO: 03:38:46.819: delete node: IP: 172.217.20.170. Number of nodes 55
EtherApe-INFO: 03:39:00.149: delete node: IP: 142.250.186.202. Number of nodes 54
EtherApe-INFO: 03:39:03.266: New node: IPv6: fe80::9ada:c4ff:febf:99a5. Number of nodes 55
EtherApe-INFO: 03:39:03.266: New node: IPv6: ff02::1. Number of nodes 56
EtherApe-INFO: 03:39:07.593: delete node: IP: 142.250.203.202. Number of nodes 55
EtherApe-INFO: 03:39:10.004: delete node: IP: 142.250.203.138. Number of nodes 54
EtherApe-INFO: 03:39:10.771: delete node: IP: 91.236.251.12. Number of nodes 53
EtherApe-INFO: 03:39:13.407: delete node: IP: 172.217.16.46. Number of nodes 52
EtherApe-INFO: 03:39:21.666: New node: IP: 216.58.209.13. Number of nodes 53
EtherApe-INFO: 03:39:21.736: delete node: IP: 216.58.208.206. Number of nodes 52
EtherApe-INFO: 03:39:23.061: delete node: IP: 216.58.208.195. Number of nodes 51
EtherApe-INFO: 03:39:23.061: delete node: IP: 142.250.203.195. Number of nodes 50
EtherApe-INFO: 03:39:23.266: New node: IP: 142.250.75.17. Number of nodes 51
EtherApe-INFO: 03:39:23.284: delete node: IP: 52.84.198.88. Number of nodes 50
EtherApe-INFO: 03:39:23.615: delete node: IP: 52.84.198.82. Number of nodes 49
EtherApe-INFO: 03:39:26.243: delete node: IP: 216.58.215.74. Number of nodes 48
EtherApe-INFO: 03:39:39.040: delete node: IP: 1.1.1.1. Number of nodes 47
EtherApe-INFO: 03:39:40.605: New node: IP: 216.58.215.74. Number of nodes 48
EtherApe-INFO: 03:39:55.030: New node: IP: 142.250.203.202. Number of nodes 49
EtherApe-INFO: 03:40:02.844: delete node: IP: 172.217.16.10. Number of nodes 48
EtherApe-INFO: 03:40:11.034: delete node: IP: 142.250.203.205. Number of nodes 47
EtherApe-INFO: 03:40:11.034: delete node: IP: 142.250.203.141. Number of nodes 46
EtherApe-INFO: 03:40:11.034: delete node: IP: 52.73.243.8. Number of nodes 45
EtherApe-INFO: 03:40:18.493: New node: IP: 172.217.16.33. Number of nodes 46
EtherApe-INFO: 03:40:19.652: delete node: IP: 95.216.195.133. Number of nodes 45
EtherApe-INFO: 03:40:23.125: delete node: IP: 173.194.222.189. Number of nodes 44
EtherApe-INFO: 03:40:23.344: delete node: IP: 185.199.108.154. Number of nodes 43
EtherApe-INFO: 03:40:23.344: delete node: IP: 142.250.186.206. Number of nodes 42
EtherApe-INFO: 03:40:23.344: delete node: IP: 52.46.131.253. Number of nodes 41
EtherApe-INFO: 03:40:56.896: New node: IP: 74.125.173.104. Number of nodes 42
EtherApe-INFO: 03:41:04.428: delete node: IPv6: ff02::1. Number of nodes 41
EtherApe-INFO: 03:41:04.428: delete node: IPv6: fe80::9ada:c4ff:febf:99a5. Number of nodes 40
EtherApe-INFO: 03:41:08.637: New node: IP: 216.58.208.195. Number of nodes 41
EtherApe-INFO: 03:41:10.518: delete node: IP: 52.84.198.19. Number of nodes 40
EtherApe-INFO: 03:41:11.062: delete node: IP: 140.82.121.4. Number of nodes 39
EtherApe-INFO: 03:41:22.038: delete node: IP: 216.58.209.13. Number of nodes 38
EtherApe-INFO: 03:41:23.561: delete node: IP: 142.250.75.17. Number of nodes 37
EtherApe-INFO: 03:41:27.026: New node: IP: 91.236.251.12. Number of nodes 38
EtherApe-INFO: 03:41:59.026: New node: IP: 142.250.203.138. Number of nodes 39
EtherApe-INFO: 03:42:15.063: delete node: IP: 104.18.13.33. Number of nodes 38
EtherApe-INFO: 03:42:20.168: delete node: IP: 216.58.215.74. Number of nodes 37
EtherApe-INFO: 03:42:23.027: New node: IP: 178.18.231.154. Number of nodes 38
EtherApe-INFO: 03:42:23.293: New node: IP: 142.250.186.206. Number of nodes 39
EtherApe-INFO: 03:42:23.293: New node: IP: 1.1.1.1. Number of nodes 40
EtherApe-INFO: 03:42:23.320: delete node: IP: 216.58.215.99. Number of nodes 39
EtherApe-INFO: 03:42:49.693: New node: IP: 0.0.0.0. Number of nodes 40
EtherApe-INFO: 03:42:49.693: New node: IP: 255.255.255.255. Number of nodes 41
EtherApe-INFO: 03:42:57.189: delete node: IP: 172.217.16.33. Number of nodes 40
EtherApe-INFO: 03:42:57.189: delete node: IP: 74.125.173.104. Number of nodes 39
EtherApe-INFO: 03:43:02.290: delete node: IP: 104.26.2.23. Number of nodes 38
EtherApe-INFO: 03:43:19.030: New node: IP: 95.216.195.133. Number of nodes 39
EtherApe-INFO: 03:43:23.141: delete node: IP: 172.66.42.236. Number of nodes 38
EtherApe-INFO: 03:43:23.292: New node: IP: 216.58.196.35. Number of nodes 39
EtherApe-INFO: 03:43:23.576: delete node: IP: 216.239.32.116. Number of nodes 38
EtherApe-INFO: 03:43:26.068: delete node: IP: 104.16.68.125. Number of nodes 37
EtherApe-INFO: 03:43:27.360: delete node: IP: 91.236.251.12. Number of nodes 36
EtherApe-INFO: 03:43:41.472: delete node: IP: 216.58.208.195. Number of nodes 35
EtherApe-INFO: 03:43:52.735: delete node: IP: 104.18.23.9. Number of nodes 34
EtherApe-INFO: 03:44:06.844: delete node: IP: 142.250.203.138. Number of nodes 33
EtherApe-INFO: 03:44:12.990: delete node: IP: 104.17.50.74. Number of nodes 32
EtherApe-INFO: 03:44:21.692: New node: IP: 172.217.16.46. Number of nodes 33
EtherApe-INFO: 03:44:22.502: New node: IP: 142.250.203.131. Number of nodes 34
EtherApe-INFO: 03:44:23.294: New node: IP: 216.239.32.116. Number of nodes 35
EtherApe-INFO: 03:44:23.359: delete node: IP: 142.250.186.206. Number of nodes 34
EtherApe-INFO: 03:44:24.898: New node: IP: 172.217.16.33. Number of nodes 35
EtherApe-INFO: 03:44:25.012: delete node: IP: 172.217.161.227. Number of nodes 34
EtherApe-INFO: 03:44:27.829: New node: IP: 216.58.215.74. Number of nodes 35
EtherApe-INFO: 03:44:29.469: delete node: IP: 1.1.1.1. Number of nodes 34
EtherApe-INFO: 03:44:49.400: New node: IP: 142.250.186.206. Number of nodes 35
EtherApe-INFO: 03:45:01.157: delete node: IP: 255.255.255.255. Number of nodes 34
EtherApe-INFO: 03:45:01.157: delete node: IP: 0.0.0.0. Number of nodes 33
EtherApe-INFO: 03:45:19.369: delete node: IP: 95.216.195.133. Number of nodes 32
EtherApe-INFO: 03:45:26.515: delete node: IP: 151.101.112.223. Number of nodes 31
EtherApe-INFO: 03:46:11.533: New node: IP: 1.1.1.1. Number of nodes 32
EtherApe-INFO: 03:46:17.400: New node: IP: 142.250.203.132. Number of nodes 33
EtherApe-INFO: 03:46:23.601: delete node: IP: 216.239.32.116. Number of nodes 32
EtherApe-INFO: 03:46:28.132: delete node: IP: 216.58.215.74. Number of nodes 31
EtherApe-INFO: 03:46:30.466: New node: IPv6: fe80::9ada:c4ff:febf:99a5. Number of nodes 32
EtherApe-INFO: 03:46:30.466: New node: IPv6: ff02::1. Number of nodes 33
EtherApe-INFO: 03:46:45.399: New node: IP: 172.217.16.42. Number of nodes 34
EtherApe-INFO: 03:46:57.940: delete node: IP: 151.101.0.176. Number of nodes 33
EtherApe-INFO: 03:46:59.535: New node: IP: 35.207.191.46. Number of nodes 34
EtherApe-INFO: 03:47:02.466: New node: IP: 34.92.53.177. Number of nodes 35
EtherApe-INFO: 03:47:11.267: New node: IP: 35.217.93.191. Number of nodes 36
EtherApe-INFO: 03:47:11.871: delete node: IP: 142.250.203.202. Number of nodes 35
EtherApe-INFO: 03:47:23.266: New node: IP: 216.239.32.116. Number of nodes 36
EtherApe-INFO: 03:48:17.430: delete node: IP: 142.250.203.132. Number of nodes 35
EtherApe-INFO: 03:48:19.003: New node: IP: 95.216.195.133. Number of nodes 36
EtherApe-INFO: 03:48:30.509: delete node: IPv6: ff02::1. Number of nodes 35
EtherApe-INFO: 03:48:30.509: delete node: IPv6: fe80::9ada:c4ff:febf:99a5. Number of nodes 34
EtherApe-INFO: 03:49:00.601: delete node: IP: 172.217.16.46. Number of nodes 33
EtherApe-INFO: 03:49:00.601: delete node: IP: 172.217.16.33. Number of nodes 32
EtherApe-INFO: 03:49:00.601: delete node: IP: 142.250.203.131. Number of nodes 31
EtherApe-INFO: 03:49:00.601: delete node: IP: 142.250.186.206. Number of nodes 30
EtherApe-INFO: 03:49:04.895: delete node: IP: 35.207.191.46. Number of nodes 29
EtherApe-INFO: 03:49:12.102: delete node: IP: 216.58.196.35. Number of nodes 28
EtherApe-INFO: 03:49:12.873: New node: IP: 172.217.16.14. Number of nodes 29
EtherApe-INFO: 03:49:14.257: delete node: IP: 172.217.16.42. Number of nodes 28
EtherApe-INFO: 03:49:16.334: New node: IP: 216.58.208.206. Number of nodes 29
EtherApe-INFO: 03:49:21.174: delete node: IP: 185.199.108.133. Number of nodes 28
EtherApe-INFO: 03:49:23.334: delete node: IP: 216.239.32.116. Number of nodes 27
EtherApe-INFO: 03:49:49.133: New node: IP: 172.217.16.42. Number of nodes 28
EtherApe-INFO: 03:49:59.266: New node: IP: 91.236.251.12. Number of nodes 29
EtherApe-INFO: 03:50:19.610: delete node: IP: 95.216.195.133. Number of nodes 28
EtherApe-INFO: 03:50:40.334: New node: IP: 142.250.203.202. Number of nodes 29
EtherApe-INFO: 03:51:14.523: delete node: IP: 172.217.16.14. Number of nodes 28
EtherApe-INFO: 03:51:17.204: delete node: IP: 216.58.208.206. Number of nodes 27
EtherApe-INFO: 03:51:23.559: delete node: IP: 1.1.1.1. Number of nodes 26
EtherApe-INFO: 03:51:45.670: delete node: IP: 178.18.231.154. Number of nodes 25
EtherApe-INFO: 03:51:45.670: delete node: IP: 35.217.93.191. Number of nodes 24
EtherApe-INFO: 03:51:45.670: delete node: IP: 34.92.53.177. Number of nodes 23
EtherApe-INFO: 03:51:52.332: New node: IP: 216.58.215.74. Number of nodes 24
EtherApe-INFO: 03:51:59.289: delete node: IP: 91.236.251.12. Number of nodes 23
EtherApe-INFO: 03:52:39.268: New node: IP: 172.217.16.4. Number of nodes 24
EtherApe-INFO: 03:52:41.686: delete node: IP: 142.250.203.202. Number of nodes 23
EtherApe-INFO: 03:53:18.797: delete node: IP: 172.217.16.42. Number of nodes 22
EtherApe-INFO: 03:53:18.999: New node: IP: 95.216.195.133. Number of nodes 23
EtherApe-INFO: 03:53:19.534: New node: IPv6: fe80::9ada:c4ff:febf:99a5. Number of nodes 24
EtherApe-INFO: 03:53:19.534: New node: IPv6: ff02::1. Number of nodes 25
EtherApe-INFO: 03:53:21.667: New node: IP: 142.250.203.202. Number of nodes 26
EtherApe-INFO: 03:54:42.512: delete node: IP: 216.58.215.74. Number of nodes 25
EtherApe-INFO: 03:54:54.466: New node: IP: 2.21.173.105. Number of nodes 26
EtherApe-INFO: 03:54:57.666: New node: IP: 142.250.186.206. Number of nodes 27
EtherApe-INFO: 03:54:58.199: New node: IP: 162.254.197.54. Number of nodes 28
EtherApe-INFO: 03:54:58.200: New node: IP: 162.254.197.39. Number of nodes 29
EtherApe-INFO: 03:54:58.200: New node: IP: 155.133.252.39. Number of nodes 30
EtherApe-INFO: 03:54:58.200: New node: IP: 155.133.226.75. Number of nodes 31
EtherApe-INFO: 03:55:03.269: New node: IP: 1.1.1.1. Number of nodes 32
EtherApe-INFO: 03:55:03.270: New node: IP: 176.122.110.204. Number of nodes 33
EtherApe-INFO: 03:55:06.733: New node: IP: 104.103.75.100. Number of nodes 34
EtherApe-INFO: 03:55:07.002: New node: IP: 78.154.186.226. Number of nodes 35
EtherApe-INFO: 03:55:07.266: New node: IP: 2.21.173.136. Number of nodes 36
EtherApe-INFO: 03:55:08.609: New node: IP: 104.103.104.45. Number of nodes 37
EtherApe-INFO: 03:55:10.733: New node: IP: 2.21.173.147. Number of nodes 38
EtherApe-INFO: 03:55:12.599: New node: IP: 95.100.176.105. Number of nodes 39
EtherApe-INFO: 03:55:13.667: New node: IP: 104.18.24.217. Number of nodes 40
EtherApe-INFO: 03:55:19.354: delete node: IP: 95.216.195.133. Number of nodes 39
EtherApe-INFO: 03:55:19.570: delete node: IPv6: ff02::1. Number of nodes 38
EtherApe-INFO: 03:55:19.570: delete node: IPv6: fe80::9ada:c4ff:febf:99a5. Number of nodes 37
EtherApe-INFO: 03:55:20.869: New node: IP: 208.64.203.173. Number of nodes 38
EtherApe-INFO: 03:55:21.671: New node: IP: 127.0.0.1. Number of nodes 39
EtherApe-INFO: 03:55:23.273: New node: IP: 172.217.163.163. Number of nodes 40
EtherApe-INFO: 03:55:32.069: New node: IP: 178.32.123.64. Number of nodes 41
EtherApe-INFO: 03:56:46.946: New node: IP: 216.58.215.106. Number of nodes 42
EtherApe-INFO: 03:56:55.817: delete node: IP: 2.21.173.105. Number of nodes 41
EtherApe-INFO: 03:56:59.226: delete node: IP: 155.133.252.39. Number of nodes 40
EtherApe-INFO: 03:56:59.226: delete node: IP: 155.133.226.75. Number of nodes 39
EtherApe-INFO: 03:57:09.182: delete node: IP: 162.254.197.39. Number of nodes 38
EtherApe-INFO: 03:57:11.213: New node: IP: 2.21.173.130. Number of nodes 39
EtherApe-INFO: 03:57:13.693: delete node: IP: 1.1.1.1. Number of nodes 38
EtherApe-INFO: 03:57:24.844: delete node: IP: 208.64.203.173. Number of nodes 37
EtherApe-INFO: 03:57:24.844: delete node: IP: 172.217.163.163. Number of nodes 36
EtherApe-INFO: 03:57:34.740: delete node: IP: 178.32.123.64. Number of nodes 35
EtherApe-INFO: 03:57:34.740: delete node: IP: 176.122.110.204. Number of nodes 34
EtherApe-INFO: 03:57:37.634: delete node: IP: 2.21.173.136. Number of nodes 33
EtherApe-INFO: 03:57:39.562: delete node: IP: 78.154.186.226. Number of nodes 32
EtherApe-INFO: 03:57:44.600: delete node: IP: 127.0.0.1. Number of nodes 31
EtherApe-INFO: 03:57:49.420: delete node: IP: 142.250.203.202. Number of nodes 30
EtherApe-INFO: 03:57:55.851: delete node: IP: 142.250.186.206. Number of nodes 29
EtherApe-INFO: 03:58:04.545: New node: IP: 1.1.1.1. Number of nodes 30
EtherApe-INFO: 03:58:04.546: New node: IP: 216.58.215.110. Number of nodes 31
EtherApe-INFO: 03:58:18.946: New node: IP: 95.216.195.133. Number of nodes 32
EtherApe-INFO: 03:58:30.679: New node: IP: 216.58.215.100. Number of nodes 33
EtherApe-INFO: 03:58:33.613: delete node: IP: 172.217.20.196. Number of nodes 32
EtherApe-INFO: 03:58:49.617: New node: IP: 172.217.16.10. Number of nodes 33
EtherApe-INFO: 03:58:52.812: New node: IP: 142.250.186.206. Number of nodes 34
EtherApe-INFO: 03:59:12.052: delete node: IP: 2.21.173.130. Number of nodes 33
EtherApe-INFO: 03:59:52.021: delete node: IP: 216.58.215.106. Number of nodes 32
EtherApe-INFO: 04:00:05.114: delete node: IP: 216.58.215.110. Number of nodes 31
EtherApe-INFO: 04:00:05.114: delete node: IP: 1.1.1.1. Number of nodes 30
EtherApe-INFO: 04:00:18.146: New node: IP: 140.82.112.25. Number of nodes 31
EtherApe-INFO: 04:00:21.159: delete node: IP: 95.216.195.133. Number of nodes 30
EtherApe-INFO: 04:00:23.212: New node: IP: 172.217.20.163. Number of nodes 31
EtherApe-INFO: 04:00:52.812: New node: IP: 172.217.16.46. Number of nodes 32
EtherApe-INFO: 04:00:57.115: delete node: IP: 142.250.186.206. Number of nodes 31
EtherApe-INFO: 04:01:08.546: New node: IP: 127.0.0.1. Number of nodes 32
EtherApe-INFO: 04:01:09.345: New node: IPv6: fe80::9ada:c4ff:febf:99a5. Number of nodes 33
EtherApe-INFO: 04:01:09.345: New node: IPv6: ff02::1. Number of nodes 34
EtherApe-INFO: 04:01:54.415: New node: IP: 35.211.225.161. Number of nodes 35
EtherApe-INFO: 04:01:54.681: New node: IP: 172.217.16.35. Number of nodes 36
EtherApe-INFO: 04:01:59.479: New node: IP: 142.250.186.206. Number of nodes 37
EtherApe-INFO: 04:02:15.782: delete node: IP: 35.231.178.72. Number of nodes 36
EtherApe-INFO: 04:02:18.477: delete node: IP: 140.82.113.25. Number of nodes 35
EtherApe-INFO: 04:02:25.616: New node: IP: 52.84.198.3. Number of nodes 36
EtherApe-INFO: 04:02:32.284: New node: IP: 142.250.186.202. Number of nodes 37
EtherApe-INFO: 04:03:10.697: delete node: IPv6: ff02::1. Number of nodes 36
EtherApe-INFO: 04:03:10.697: delete node: IPv6: fe80::9ada:c4ff:febf:99a5. Number of nodes 35
EtherApe-INFO: 04:03:14.679: New node: IP: 2.21.173.105. Number of nodes 36
EtherApe-INFO: 04:03:15.216: New node: IP: 216.58.208.195. Number of nodes 37
EtherApe-INFO: 04:03:18.949: New node: IP: 95.216.195.133. Number of nodes 38
EtherApe-INFO: 04:03:56.887: delete node: IP: 172.217.16.35. Number of nodes 37
EtherApe-INFO: 04:03:56.887: delete node: IP: 172.217.16.10. Number of nodes 36
EtherApe-INFO: 04:03:56.887: delete node: IP: 35.211.225.161. Number of nodes 35
EtherApe-INFO: 04:03:57.104: delete node: IP: 104.18.24.217. Number of nodes 34
EtherApe-INFO: 04:03:57.880: New node: IP: 172.217.16.10. Number of nodes 35
EtherApe-INFO: 04:04:00.329: delete node: IP: 142.250.186.206. Number of nodes 34
EtherApe-INFO: 04:04:27.498: delete node: IP: 172.217.16.46. Number of nodes 33
EtherApe-INFO: 04:04:32.836: delete node: IP: 216.58.215.100. Number of nodes 32
EtherApe-INFO: 04:04:39.213: New node: IP: 216.58.215.74. Number of nodes 33
EtherApe-INFO: 04:04:40.279: New node: IP: 172.217.16.46. Number of nodes 34
EtherApe-INFO: 04:04:58.679: New node: IP: 1.1.1.1. Number of nodes 35
EtherApe-INFO: 04:05:14.960: delete node: IP: 2.21.173.105. Number of nodes 34
EtherApe-INFO: 04:05:19.783: delete node: IP: 95.216.195.133. Number of nodes 33
EtherApe-INFO: 04:05:27.267: delete node: IP: 216.58.208.195. Number of nodes 32
EtherApe-INFO: 04:05:32.015: New node: IP: 2.21.173.130. Number of nodes 33
EtherApe-INFO: 04:05:49.151: delete node: IP: 127.0.0.1. Number of nodes 32
EtherApe-INFO: 04:05:58.451: delete node: IP: 172.217.16.10. Number of nodes 31
EtherApe-INFO: 04:06:14.949: New node: IP: 127.0.0.1. Number of nodes 32
EtherApe-INFO: 04:06:25.082: New node: IP: 0.0.0.0. Number of nodes 33
EtherApe-INFO: 04:06:25.082: New node: IP: 255.255.255.255. Number of nodes 34
EtherApe-INFO: 04:06:25.082: New node: IP: 192.168.2.1. Number of nodes 35
EtherApe-INFO: 04:06:25.618: New node: IP: 149.154.175.100. Number of nodes 36
EtherApe-INFO: 04:06:25.624: New node: IP: 216.58.215.99. Number of nodes 37
EtherApe-INFO: 04:06:25.627: New node: IP: 173.194.73.188. Number of nodes 38
EtherApe-INFO: 04:06:25.629: New node: IP: 172.217.20.164. Number of nodes 39
EtherApe-INFO: 04:06:25.630: New node: IP: 142.251.1.189. Number of nodes 40
EtherApe-INFO: 04:06:25.630: New node: IP: 162.254.198.104. Number of nodes 41
EtherApe-INFO: 04:06:25.631: New node: IP: 155.133.226.78. Number of nodes 42
EtherApe-INFO: 04:06:25.631: New node: IP: 104.16.249.249. Number of nodes 43
EtherApe-INFO: 04:06:25.634: New node: IP: 155.133.226.75. Number of nodes 44
EtherApe-INFO: 04:06:29.612: New node: IP: 224.0.0.251. Number of nodes 45
EtherApe-INFO: 04:06:40.912: delete node: IP: 172.217.16.46. Number of nodes 44
EtherApe-INFO: 04:06:42.414: New node: IP: 142.250.186.206. Number of nodes 45
EtherApe-INFO: 04:06:53.978: delete node: IP: 142.250.186.202. Number of nodes 44
EtherApe-INFO: 04:07:01.963: delete node: IP: 104.103.104.45. Number of nodes 43
EtherApe-INFO: 04:07:03.485: New node: IP: 91.236.251.12. Number of nodes 44
EtherApe-INFO: 04:07:03.586: delete node: IP: 2.21.173.147. Number of nodes 43
EtherApe-INFO: 04:07:08.887: delete node: IP: 104.103.75.100. Number of nodes 42
EtherApe-INFO: 04:07:16.898: delete node: IP: 95.100.176.105. Number of nodes 41
EtherApe-INFO: 04:07:32.029: delete node: IP: 2.21.173.130. Number of nodes 40
EtherApe-INFO: 04:07:38.241: delete node: IP: 216.58.215.74. Number of nodes 39
EtherApe-INFO: 04:07:41.657: delete node: IP: 216.58.215.67. Number of nodes 38
EtherApe-INFO: 04:07:59.213: New node: IP: 216.58.215.67. Number of nodes 39
EtherApe-INFO: 04:08:02.178: delete node: IP: 64.233.165.189. Number of nodes 38
EtherApe-INFO: 04:08:06.146: New node: IP: 108.177.127.94. Number of nodes 39
EtherApe-INFO: 04:08:18.949: New node: IP: 95.216.195.133. Number of nodes 40
EtherApe-INFO: 04:08:25.181: delete node: IP: 255.255.255.255. Number of nodes 39
EtherApe-INFO: 04:08:25.181: delete node: IP: 0.0.0.0. Number of nodes 38
EtherApe-INFO: 04:08:25.618: New node: IP: 216.58.215.106. Number of nodes 39
EtherApe-INFO: 04:08:25.715: delete node: IP: 216.58.208.202. Number of nodes 38
EtherApe-INFO: 04:08:25.715: delete node: IP: 192.168.2.1. Number of nodes 37
EtherApe-INFO: 04:08:25.715: delete node: IP: 52.84.198.3. Number of nodes 36
EtherApe-INFO: 04:08:25.931: delete node: IP: 149.154.175.100. Number of nodes 35
EtherApe-INFO: 04:08:25.931: delete node: IP: 104.16.249.249. Number of nodes 34
EtherApe-INFO: 04:08:28.612: delete node: IP: 64.233.165.188. Number of nodes 33
EtherApe-INFO: 04:08:31.495: delete node: IP: 162.254.198.104. Number of nodes 32
EtherApe-INFO: 04:08:31.495: delete node: IP: 155.133.226.78. Number of nodes 31
EtherApe-INFO: 04:08:31.495: delete node: IP: 155.133.226.75. Number of nodes 30
EtherApe-INFO: 04:08:32.580: delete node: IP: 224.0.0.251. Number of nodes 29
EtherApe-INFO: 04:09:02.946: New node: IP: 216.58.215.100. Number of nodes 30
EtherApe-INFO: 04:09:05.146: delete node: IP: 91.236.251.12. Number of nodes 29
EtherApe-INFO: 04:09:06.434: delete node: IP: 142.250.186.206. Number of nodes 28
EtherApe-INFO: 04:09:15.002: delete node: IP: 140.82.113.26. Number of nodes 27
EtherApe-INFO: 04:09:19.298: delete node: IP: 172.217.20.164. Number of nodes 26
EtherApe-INFO: 04:09:19.299: delete node: IP: 1.1.1.1. Number of nodes 25
EtherApe-INFO: 04:09:22.500: delete node: IP: 216.58.215.99. Number of nodes 24
EtherApe-INFO: 04:10:08.321: delete node: IP: 108.177.127.94. Number of nodes 23
EtherApe-INFO: 04:10:16.549: New node: IPv6: fe80::9ada:c4ff:febf:99a5. Number of nodes 24
EtherApe-INFO: 04:10:16.549: New node: IPv6: ff02::1. Number of nodes 25
EtherApe-INFO: 04:10:19.218: delete node: IP: 95.216.195.133. Number of nodes 24
EtherApe-INFO: 04:10:28.551: New node: IP: 172.217.16.10. Number of nodes 25
EtherApe-INFO: 04:10:31.833: delete node: IP: 127.0.0.1. Number of nodes 24
EtherApe-INFO: 04:11:01.079: New node: IP: 127.0.0.1. Number of nodes 25
EtherApe-INFO: 04:11:03.038: delete node: IP: 216.58.215.100. Number of nodes 24
EtherApe-INFO: 04:11:06.146: New node: IP: 172.217.16.35. Number of nodes 25
EtherApe-INFO: 04:11:07.746: New node: IP: 140.82.114.25. Number of nodes 26
EtherApe-INFO: 04:11:29.357: delete node: IP: 216.58.215.106. Number of nodes 25
EtherApe-INFO: 04:11:30.418: New node: IP: 216.58.208.202. Number of nodes 26
EtherApe-INFO: 04:11:59.213: New node: IP: 216.58.215.110. Number of nodes 27
EtherApe-INFO: 04:12:14.412: New node: IP: 216.58.215.100. Number of nodes 28
EtherApe-INFO: 04:12:16.917: delete node: IPv6: ff02::1. Number of nodes 27
EtherApe-INFO: 04:12:16.918: delete node: IPv6: fe80::9ada:c4ff:febf:99a5. Number of nodes 26
EtherApe-INFO: 04:12:25.612: New node: IP: 52.22.205.89. Number of nodes 27
EtherApe-INFO: 04:12:31.590: delete node: IP: 172.217.16.10. Number of nodes 26
EtherApe-INFO: 04:12:42.146: New node: IP: 35.227.215.13. Number of nodes 27
EtherApe-INFO: 04:12:42.680: New node: IP: 172.217.16.10. Number of nodes 28
EtherApe-INFO: 04:12:59.485: New node: IP: 216.239.32.116. Number of nodes 29
EtherApe-INFO: 04:13:03.749: New node: IP: 172.217.16.14. Number of nodes 30
EtherApe-INFO: 04:13:07.324: delete node: IP: 172.217.16.35. Number of nodes 29
EtherApe-INFO: 04:13:18.946: New node: IP: 95.216.195.133. Number of nodes 30
EtherApe-INFO: 04:13:22.682: New node: IP: 216.58.215.74. Number of nodes 31
EtherApe-INFO: 04:13:59.479: New node: IP: 172.217.27.195. Number of nodes 32
EtherApe-INFO: 04:13:59.517: delete node: IP: 216.58.215.110. Number of nodes 31
EtherApe-INFO: 04:14:05.964: delete node: IP: 127.0.0.1. Number of nodes 30
EtherApe-INFO: 04:14:17.350: New node: IP: 216.58.209.13. Number of nodes 31
EtherApe-INFO: 04:14:29.079: New node: IP: 151.101.193.69. Number of nodes 32
EtherApe-INFO: 04:14:29.884: New node: IP: 3.216.211.240. Number of nodes 33
EtherApe-INFO: 04:14:46.165: delete node: IP: 35.227.215.13. Number of nodes 32
EtherApe-INFO: 04:15:01.721: delete node: IP: 216.239.32.116. Number of nodes 31
EtherApe-INFO: 04:15:03.853: delete node: IP: 172.217.16.14. Number of nodes 30
EtherApe-INFO: 04:15:19.845: delete node: IP: 95.216.195.133. Number of nodes 29
EtherApe-INFO: 04:15:23.490: delete node: IP: 216.58.215.74. Number of nodes 28
EtherApe-INFO: 04:15:26.487: delete node: IP: 52.22.205.89. Number of nodes 27
EtherApe-INFO: 04:15:33.985: delete node: IP: 216.58.215.100. Number of nodes 26
EtherApe-INFO: 04:15:34.146: New node: IP: 172.217.16.14. Number of nodes 27
EtherApe-INFO: 04:15:46.949: New node: IP: 142.250.186.202. Number of nodes 28
EtherApe-INFO: 04:16:01.188: delete node: IP: 216.58.208.202. Number of nodes 27
EtherApe-INFO: 04:16:01.188: delete node: IP: 172.217.27.195. Number of nodes 26
EtherApe-INFO: 04:16:17.892: delete node: IP: 216.58.209.13. Number of nodes 25
EtherApe-INFO: 04:16:40.279: New node: IP: 216.58.208.202. Number of nodes 26
EtherApe-INFO: 04:17:03.235: delete node: IP: 172.217.16.10. Number of nodes 25
EtherApe-INFO: 04:17:31.284: delete node: IP: 3.216.211.240. Number of nodes 24
EtherApe-INFO: 04:18:04.279: delete node: IP: 172.217.16.14. Number of nodes 23
EtherApe-INFO: 04:18:04.549: New node: IP: 127.0.0.1. Number of nodes 24
EtherApe-INFO: 04:18:17.612: New node: IP: 216.58.209.13. Number of nodes 25
EtherApe-INFO: 04:18:18.949: New node: IP: 95.216.195.133. Number of nodes 26
EtherApe-INFO: 04:18:19.482: New node: IP: 1.1.1.1. Number of nodes 27
EtherApe-INFO: 04:18:19.482: New node: IP: 216.58.209.4. Number of nodes 28
EtherApe-INFO: 04:18:29.083: New node: IP: 35.155.130.111. Number of nodes 29
EtherApe-INFO: 04:18:32.280: New node: IP: 3.216.211.240. Number of nodes 30
EtherApe-INFO: 04:18:40.812: New node: IPv6: fe80::9ada:c4ff:febf:99a5. Number of nodes 31
EtherApe-INFO: 04:18:40.812: New node: IPv6: ff02::1. Number of nodes 32
EtherApe-INFO: 04:18:40.903: delete node: IP: 216.58.208.202. Number of nodes 31
EtherApe-INFO: 04:19:12.642: delete node: IP: 216.58.215.67. Number of nodes 30
EtherApe-INFO: 04:19:13.346: New node: IP: 216.58.208.195. Number of nodes 31
EtherApe-INFO: 04:19:29.079: New node: IP: 23.185.0.1. Number of nodes 32
EtherApe-INFO: 04:20:08.081: delete node: IP: 127.0.0.1. Number of nodes 31
EtherApe-INFO: 04:20:19.043: delete node: IP: 216.58.209.13. Number of nodes 30
EtherApe-INFO: 04:20:19.258: delete node: IP: 95.216.195.133. Number of nodes 29
EtherApe-INFO: 04:20:19.746: New node: IP: 127.0.0.1. Number of nodes 30
EtherApe-INFO: 04:20:19.791: delete node: IP: 216.58.209.4. Number of nodes 29
EtherApe-INFO: 04:20:29.349: New node: IP: 169.237.212.78. Number of nodes 30
EtherApe-INFO: 04:20:43.765: delete node: IPv6: ff02::1. Number of nodes 29
EtherApe-INFO: 04:20:43.765: delete node: IPv6: fe80::9ada:c4ff:febf:99a5. Number of nodes 28
EtherApe-INFO: 04:20:49.717: delete node: IP: 1.1.1.1. Number of nodes 27
EtherApe-INFO: 04:20:52.546: New node: IP: 172.217.16.10. Number of nodes 28
EtherApe-INFO: 04:21:08.599: delete node: IP: 142.250.186.202. Number of nodes 27
EtherApe-INFO: 04:21:13.624: delete node: IP: 216.58.208.195. Number of nodes 26
EtherApe-INFO: 04:21:14.146: New node: IP: 216.58.215.67. Number of nodes 27
EtherApe-INFO: 04:21:29.346: New node: IP: 207.150.218.207. Number of nodes 28
EtherApe-INFO: 04:21:29.881: New node: IP: 1.1.1.1. Number of nodes 29
EtherApe-INFO: 04:21:38.412: New node: IP: 142.250.186.197. Number of nodes 30
EtherApe-INFO: 04:21:55.242: delete node: IP: 35.155.130.111. Number of nodes 29
EtherApe-INFO: 04:21:59.217: New node: IP: 216.58.215.110. Number of nodes 30
EtherApe-INFO: 04:21:59.480: New node: IP: 142.250.186.206. Number of nodes 31
EtherApe-INFO: 04:22:01.079: New node: IP: 142.250.75.10. Number of nodes 32
EtherApe-INFO: 04:22:30.146: New node: IP: 4.31.198.44. Number of nodes 33
EtherApe-INFO: 04:22:39.826: delete node: IP: 216.58.215.69. Number of nodes 32
EtherApe-INFO: 04:23:10.770: delete node: IP: 172.217.16.10. Number of nodes 31
EtherApe-INFO: 04:23:18.946: New node: IP: 95.216.195.133. Number of nodes 32
EtherApe-INFO: 04:23:29.345: New node: IP: 185.17.10.59. Number of nodes 33
EtherApe-INFO: 04:23:38.711: delete node: IP: 169.237.212.78. Number of nodes 32
EtherApe-INFO: 04:23:43.827: delete node: IP: 1.1.1.1. Number of nodes 31
EtherApe-INFO: 04:24:03.254: delete node: IP: 216.58.215.110. Number of nodes 30
EtherApe-INFO: 04:24:29.346: New node: IP: 192.0.78.25. Number of nodes 31
EtherApe-INFO: 04:24:31.302: delete node: IP: 207.150.218.207. Number of nodes 30
EtherApe-INFO: 04:24:32.279: New node: IP: 52.73.243.8. Number of nodes 31
EtherApe-INFO: 04:24:56.556: delete node: IP: 142.250.186.206. Number of nodes 30
EtherApe-INFO: 04:25:05.612: New node: IP: 172.217.16.10. Number of nodes 31
EtherApe-INFO: 04:25:14.487: delete node: IP: 142.250.75.10. Number of nodes 30
EtherApe-INFO: 04:25:16.080: delete node: IP: 216.58.215.67. Number of nodes 29
EtherApe-INFO: 04:25:20.019: delete node: IP: 95.216.195.133. Number of nodes 28
EtherApe-INFO: 04:25:21.620: delete node: IP: 4.31.198.44. Number of nodes 27
EtherApe-INFO: 04:25:22.146: New node: IP: 216.58.215.67. Number of nodes 28
EtherApe-INFO: 04:25:26.149: New node: IP: 1.1.1.1. Number of nodes 29
EtherApe-INFO: 04:25:33.879: New node: IP: 142.250.186.206. Number of nodes 30
EtherApe-INFO: 04:26:29.346: New node: IP: 178.248.237.68. Number of nodes 31
EtherApe-INFO: 04:26:29.366: delete node: IP: 185.17.10.59. Number of nodes 30
EtherApe-INFO: 04:26:32.036: delete node: IP: 3.216.211.240. Number of nodes 29
EtherApe-INFO: 04:26:39.479: New node: IP: 216.58.215.69. Number of nodes 30
EtherApe-INFO: 04:26:40.056: delete node: IP: 151.101.193.69. Number of nodes 29
EtherApe-INFO: 04:26:59.749: New node: IP: 216.58.215.110. Number of nodes 30
EtherApe-INFO: 04:27:08.018: New node: IP: 142.250.203.202. Number of nodes 31
EtherApe-INFO: 04:27:29.612: New node: IP: 192.0.66.96. Number of nodes 32
EtherApe-INFO: 04:27:32.284: New node: IP: 52.22.205.89. Number of nodes 33
EtherApe-INFO: 04:27:39.288: delete node: IP: 142.250.186.206. Number of nodes 32
EtherApe-INFO: 04:27:39.288: delete node: IP: 142.250.186.197. Number of nodes 31
EtherApe-INFO: 04:27:46.955: delete node: IP: 1.1.1.1. Number of nodes 30
EtherApe-INFO: 04:28:00.812: New node: IPv6: fe80::9ada:c4ff:febf:99a5. Number of nodes 31
EtherApe-INFO: 04:28:00.812: New node: IPv6: ff02::1. Number of nodes 32
EtherApe-INFO: 04:28:18.949: New node: IP: 95.216.195.133. Number of nodes 33
EtherApe-INFO: 04:28:19.318: delete node: IP: 172.217.16.10. Number of nodes 32
EtherApe-INFO: 04:28:29.612: New node: IP: 92.243.18.11. Number of nodes 33
EtherApe-INFO: 04:28:45.090: delete node: IP: 192.0.78.25. Number of nodes 32
EtherApe-INFO: 04:29:00.047: delete node: IP: 216.58.215.110. Number of nodes 31
EtherApe-INFO: 04:29:29.612: New node: IP: 66.228.47.22. Number of nodes 32
EtherApe-INFO: 04:29:29.679: delete node: IP: 178.248.237.68. Number of nodes 31
EtherApe-INFO: 04:29:32.283: New node: IP: 3.216.211.240. Number of nodes 32
EtherApe-INFO: 04:29:32.349: delete node: IP: 52.73.243.8. Number of nodes 31
EtherApe-INFO: 04:29:40.550: New node: IP: 142.250.75.10. Number of nodes 32
EtherApe-INFO: 04:30:00.884: delete node: IPv6: ff02::1. Number of nodes 31
EtherApe-INFO: 04:30:00.884: delete node: IPv6: fe80::9ada:c4ff:febf:99a5. Number of nodes 30
EtherApe-INFO: 04:30:19.230: delete node: IP: 95.216.195.133. Number of nodes 29
EtherApe-INFO: 04:30:23.747: New node: IP: 142.250.186.206. Number of nodes 30
EtherApe-INFO: 04:30:29.879: New node: IP: 108.179.209.177. Number of nodes 31
EtherApe-INFO: 04:30:39.849: delete node: IP: 192.0.66.96. Number of nodes 30
EtherApe-INFO: 04:31:29.346: New node: IP: 172.217.16.10. Number of nodes 31
EtherApe-INFO: 04:31:29.614: New node: IP: 128.2.42.95. Number of nodes 32
EtherApe-INFO: 04:31:29.658: delete node: IP: 92.243.18.11. Number of nodes 31
EtherApe-INFO: 04:31:30.198: delete node: IP: 52.22.205.89. Number of nodes 30
EtherApe-INFO: 04:31:34.416: New node: IP: 178.32.123.64. Number of nodes 31
EtherApe-INFO: 04:31:40.898: delete node: IP: 23.185.0.1. Number of nodes 30
EtherApe-INFO: 04:31:41.079: New node: IP: 1.1.1.1. Number of nodes 31
EtherApe-INFO: 04:31:41.079: New node: IP: 172.217.20.196. Number of nodes 32
EtherApe-INFO: 04:31:54.498: delete node: IP: 142.250.203.202. Number of nodes 31
EtherApe-INFO: 04:32:23.799: New node: IP: 216.239.32.116. Number of nodes 32
EtherApe-INFO: 04:32:26.732: New node: IP: 140.82.112.26. Number of nodes 33
EtherApe-INFO: 04:32:29.666: New node: IP: 104.16.181.15. Number of nodes 34
EtherApe-INFO: 04:32:29.748: delete node: IP: 66.228.47.22. Number of nodes 33
EtherApe-INFO: 04:32:31.534: New node: IP: 52.22.205.89. Number of nodes 34
EtherApe-INFO: 04:32:44.344: delete node: IP: 142.250.186.206. Number of nodes 33
EtherApe-INFO: 04:32:44.665: delete node: IP: 142.250.75.10. Number of nodes 32
EtherApe-INFO: 04:33:15.268: New node: IP: 216.58.208.195. Number of nodes 33
EtherApe-INFO: 04:33:18.999: New node: IP: 95.216.195.133. Number of nodes 34
EtherApe-INFO: 04:33:29.932: New node: IP: 195.42.179.202. Number of nodes 35
EtherApe-INFO: 04:33:37.413: delete node: IP: 178.32.123.64. Number of nodes 34
EtherApe-INFO: 04:33:41.459: delete node: IP: 108.179.209.177. Number of nodes 33
EtherApe-INFO: 04:33:41.460: delete node: IP: 1.1.1.1. Number of nodes 32
EtherApe-INFO: 04:33:41.671: delete node: IP: 172.217.20.196. Number of nodes 31
EtherApe-INFO: 04:34:01.666: New node: IPv6: fe80::9ada:c4ff:febf:99a5. Number of nodes 32
EtherApe-INFO: 04:34:01.666: New node: IPv6: ff02::1. Number of nodes 33
EtherApe-INFO: 04:34:05.666: New node: IP: 142.250.203.202. Number of nodes 34
EtherApe-INFO: 04:34:08.120: delete node: IP: 127.0.0.1. Number of nodes 33
EtherApe-INFO: 04:34:24.358: delete node: IP: 216.239.32.116. Number of nodes 32
EtherApe-INFO: 04:34:27.024: delete node: IP: 140.82.112.25. Number of nodes 31
EtherApe-INFO: 04:34:29.666: New node: IP: 104.21.56.141. Number of nodes 32
EtherApe-INFO: 04:34:32.896: delete node: IP: 128.2.42.95. Number of nodes 31
EtherApe-INFO: 04:34:32.896: delete node: IP: 3.216.211.240. Number of nodes 30
EtherApe-INFO: 04:34:33.136: New node: IP: 216.58.215.106. Number of nodes 31
EtherApe-INFO: 04:34:39.266: New node: IP: 142.250.186.206. Number of nodes 32
EtherApe-INFO: 04:34:40.336: New node: IP: 216.58.215.78. Number of nodes 33
EtherApe-INFO: 04:34:40.337: New node: IP: 142.250.75.10. Number of nodes 34
EtherApe-INFO: 04:34:44.065: New node: IP: 127.0.0.1. Number of nodes 35
EtherApe-INFO: 04:35:19.008: delete node: IP: 95.216.195.133. Number of nodes 34
EtherApe-INFO: 04:35:27.006: delete node: IP: 216.58.215.67. Number of nodes 33
EtherApe-INFO: 04:35:27.006: delete node: IP: 216.58.208.195. Number of nodes 32
EtherApe-INFO: 04:35:27.266: New node: IP: 216.58.215.67. Number of nodes 33
EtherApe-INFO: 04:35:29.932: New node: IP: 104.26.2.18. Number of nodes 34
EtherApe-INFO: 04:35:49.143: New node: IP: 142.250.186.202. Number of nodes 35
EtherApe-INFO: 04:36:01.979: delete node: IPv6: ff02::1. Number of nodes 34
EtherApe-INFO: 04:36:01.980: delete node: IPv6: fe80::9ada:c4ff:febf:99a5. Number of nodes 33
EtherApe-INFO: 04:36:05.932: New node: IP: 178.18.231.136. Number of nodes 34
EtherApe-INFO: 04:36:05.935: delete node: IP: 142.250.203.202. Number of nodes 33
EtherApe-INFO: 04:36:06.199: New node: IP: 1.1.1.1. Number of nodes 34
EtherApe-INFO: 04:36:30.732: New node: IP: 46.4.4.180. Number of nodes 35
EtherApe-INFO: 04:36:35.532: New node: IP: 142.250.203.202. Number of nodes 36
EtherApe-INFO: 04:36:40.102: delete node: IP: 142.250.186.206. Number of nodes 35
EtherApe-INFO: 04:36:40.639: delete node: IP: 216.58.215.78. Number of nodes 34
EtherApe-INFO: 04:36:42.466: New node: IP: 178.32.123.64. Number of nodes 35
EtherApe-INFO: 04:36:44.389: delete node: IP: 127.0.0.1. Number of nodes 34
EtherApe-INFO: 04:36:47.266: New node: IP: 127.0.0.1. Number of nodes 35
EtherApe-INFO: 04:36:59.479: New node: IP: 216.58.215.110. Number of nodes 36
EtherApe-INFO: 04:37:05.160: delete node: IP: 216.58.215.106. Number of nodes 35
EtherApe-INFO: 04:37:31.051: delete node: IP: 195.42.179.202. Number of nodes 34
EtherApe-INFO: 04:37:36.813: New node: IP: 216.58.215.106. Number of nodes 35
EtherApe-INFO: 04:37:39.747: New node: IP: 142.250.186.206. Number of nodes 36
EtherApe-INFO: 04:37:40.898: delete node: IP: 142.250.75.10. Number of nodes 35
EtherApe-INFO: 04:37:49.357: delete node: IP: 142.250.186.202. Number of nodes 34
EtherApe-INFO: 04:37:57.158: delete node: IP: 172.217.20.163. Number of nodes 33
EtherApe-INFO: 04:38:00.017: New node: IP: 172.217.16.35. Number of nodes 34
EtherApe-INFO: 04:38:05.397: delete node: IP: 172.217.16.10. Number of nodes 33
EtherApe-INFO: 04:38:17.914: delete node: IP: 1.1.1.1. Number of nodes 32
EtherApe-INFO: 04:38:18.949: New node: IP: 95.216.195.133. Number of nodes 33
EtherApe-INFO: 04:38:44.027: delete node: IP: 178.32.123.64. Number of nodes 32
EtherApe-INFO: 04:38:49.615: New node: IP: 216.58.215.74. Number of nodes 33
EtherApe-INFO: 04:39:00.280: New node: IP: 142.250.101.94. Number of nodes 34
EtherApe-INFO: 04:39:06.485: delete node: IP: 142.250.203.202. Number of nodes 33
EtherApe-INFO: 04:39:29.157: delete node: IP: 52.22.205.89. Number of nodes 32
EtherApe-INFO: 04:39:40.014: New node: IP: 142.250.203.202. Number of nodes 33
EtherApe-INFO: 04:39:40.574: delete node: IP: 142.250.186.206. Number of nodes 32
EtherApe-INFO: 04:39:41.108: delete node: IP: 216.58.215.110. Number of nodes 31
                                                                                                                                                                                                                                                                                                                          