(etherape:1609): GLib-GIO-DEBUG: 19:09:17.663: _g_io_module_get_default: Found default implementation local (GLocalVfs) for ‘gio-vfs’
EtherApe-INFO: 19:09:17.823: sctp protocol not supported
EtherApe-INFO: 19:09:17.823: dccp protocol not supported
EtherApe-INFO: 19:09:17.823: sctp protocol not supported
EtherApe-INFO: 19:09:17.823: sctp protocol not supported
EtherApe-INFO: 19:09:17.823: sctp protocol not supported
EtherApe-INFO: 19:09:17.824: sctp protocol not supported
EtherApe-INFO: 19:09:17.824: sctp protocol not supported
EtherApe-INFO: 19:09:17.824: sctp protocol not supported
EtherApe-INFO: 19:09:17.824: sctp protocol not supported
EtherApe-INFO: 19:09:17.824: dccp protocol not supported
EtherApe-INFO: 19:09:17.824: sctp protocol not supported
EtherApe-INFO: 19:09:17.824: dccp protocol not supported
EtherApe-INFO: 19:09:17.824: dccp protocol not supported
EtherApe-INFO: 19:09:17.825: sctp protocol not supported
EtherApe-INFO: 19:09:17.825: sctp protocol not supported
EtherApe-INFO: 19:09:17.825: sctp protocol not supported
EtherApe-INFO: 19:09:17.826: sctp protocol not supported
EtherApe-INFO: 19:09:17.826: sctp protocol not supported
EtherApe-INFO: 19:09:17.827: sctp protocol not supported
EtherApe-INFO: 19:09:17.827: sctp protocol not supported
EtherApe-INFO: 19:09:17.827: sctp protocol not supported
EtherApe-INFO: 19:09:17.827: sctp protocol not supported
EtherApe-INFO: 19:09:17.827: sctp protocol not supported
EtherApe-INFO: 19:09:17.828: sctp protocol not supported
EtherApe-INFO: 19:09:17.828: sctp protocol not supported
EtherApe-INFO: 19:09:17.828: sctp protocol not supported
EtherApe-INFO: 19:09:17.828: sctp protocol not supported
EtherApe-INFO: 19:09:17.828: sctp protocol not supported
EtherApe-INFO: 19:09:17.828: dccp protocol not supported
EtherApe-INFO: 19:09:17.828: sctp protocol not supported
EtherApe-INFO: 19:09:17.829: sctp protocol not supported
EtherApe-INFO: 19:09:17.829: dccp protocol not supported
EtherApe-INFO: 19:09:17.829: sctp protocol not supported
EtherApe-INFO: 19:09:17.829: sctp protocol not supported
EtherApe-INFO: 19:09:17.829: sctp protocol not supported
EtherApe-INFO: 19:09:17.829: dccp protocol not supported
EtherApe-INFO: 19:09:17.829: dccp protocol not supported
EtherApe-INFO: 19:09:17.829: sctp protocol not supported
EtherApe-INFO: 19:09:17.829: sctp protocol not supported
EtherApe-INFO: 19:09:17.829: sctp protocol not supported
EtherApe-INFO: 19:09:17.829: sctp protocol not supported
EtherApe-INFO: 19:09:17.829: sctp protocol not supported
EtherApe-INFO: 19:09:17.829: sctp protocol not supported
EtherApe-INFO: 19:09:17.829: sctp protocol not supported
EtherApe-INFO: 19:09:17.829: sctp protocol not supported
EtherApe-INFO: 19:09:17.829: sctp protocol not supported
EtherApe-INFO: 19:09:17.829: sctp protocol not supported
EtherApe-INFO: 19:09:17.829: sctp protocol not supported
EtherApe-INFO: 19:09:17.829: sctp protocol not supported
EtherApe-INFO: 19:09:17.829: sctp protocol not supported
EtherApe-INFO: 19:09:17.830: dccp protocol not supported
EtherApe-INFO: 19:09:17.830: sctp protocol not supported
EtherApe-INFO: 19:09:17.830: sctp protocol not supported
EtherApe-INFO: 19:09:17.830: sctp protocol not supported
EtherApe-INFO: 19:09:17.830: sctp protocol not supported
EtherApe-INFO: 19:09:17.830: sctp protocol not supported
EtherApe-INFO: 19:09:17.830: sctp protocol not supported
EtherApe-INFO: 19:09:17.830: sctp protocol not supported
EtherApe-INFO: 19:09:17.830: sctp protocol not supported
EtherApe-INFO: 19:09:17.830: sctp protocol not supported
EtherApe-INFO: 19:09:17.830: sctp protocol not supported
EtherApe-INFO: 19:09:17.830: sctp protocol not supported
EtherApe-INFO: 19:09:17.830: sctp protocol not supported
EtherApe-INFO: 19:09:17.830: sctp protocol not supported
EtherApe-INFO: 19:09:17.831: sctp protocol not supported
EtherApe-INFO: 19:09:17.831: sctp protocol not supported
EtherApe-INFO: 19:09:17.831: sctp protocol not supported
EtherApe-INFO: 19:09:17.831: sctp protocol not supported
EtherApe-INFO: 19:09:17.831: sctp protocol not supported
EtherApe-INFO: 19:09:17.831: sctp protocol not supported
EtherApe-INFO: 19:09:17.831: sctp protocol not supported
EtherApe-INFO: 19:09:17.831: sctp protocol not supported
EtherApe-INFO: 19:09:17.831: sctp protocol not supported
EtherApe-INFO: 19:09:17.831: sctp protocol not supported
EtherApe-INFO: 19:09:17.831: sctp protocol not supported
EtherApe-INFO: 19:09:17.831: sctp protocol not supported
EtherApe-INFO: 19:09:17.831: sctp protocol not supported
EtherApe-INFO: 19:09:17.831: sctp protocol not supported
EtherApe-INFO: 19:09:17.831: sctp protocol not supported
EtherApe-INFO: 19:09:17.831: sctp protocol not supported
EtherApe-INFO: 19:09:17.831: sctp protocol not supported
EtherApe-INFO: 19:09:17.831: sctp protocol not supported
EtherApe-INFO: 19:09:17.831: sctp protocol not supported
EtherApe-INFO: 19:09:17.831: sctp protocol not supported
EtherApe-INFO: 19:09:17.831: sctp protocol not supported
EtherApe-INFO: 19:09:17.831: sctp protocol not supported
EtherApe-INFO: 19:09:17.831: sctp protocol not supported
EtherApe-INFO: 19:09:18.308: get_interface result: ''
EtherApe-INFO: 19:09:18.309: Available interfaces for capture: wwp0s29u1u4i6 dbus-session dbus-system nfqueue nflog bluetooth-monitor wlp3s0 enp0s25 lo any
EtherApe-INFO: 19:09:18.348: Link type is LINUX_SLL
EtherApe-INFO: 19:09:18.348: Diagram started
EtherApe-INFO: 19:09:55.668: New node: IP: 0.0.0.0. Number of nodes 1
EtherApe-INFO: 19:09:55.668: New node: IP: 255.255.255.255. Number of nodes 2
EtherApe-INFO: 19:09:55.668: New node: IP: 192.168.2.1. Number of nodes 3
EtherApe-INFO: 19:09:55.668: New node: IP: 192.168.2.226. Number of nodes 4
EtherApe-INFO: 19:09:55.938: New node: IP: 149.154.175.57. Number of nodes 5
EtherApe-INFO: 19:09:55.938: New node: IP: 149.154.175.54. Number of nodes 6
EtherApe-INFO: 19:09:55.938: New node: IP: 149.154.167.50. Number of nodes 7
EtherApe-INFO: 19:09:55.942: New node: IP: 149.154.167.51. Number of nodes 8
EtherApe-INFO: 19:09:55.942: New node: IP: 149.154.175.50. Number of nodes 9
EtherApe-INFO: 19:09:55.944: New node: IP: 217.138.213.219. Number of nodes 10
EtherApe-INFO: 19:09:56.468: New node: IP: 138.201.90.19. Number of nodes 11
EtherApe-INFO: 19:09:56.994: New node: IP: 149.154.167.223. Number of nodes 12
EtherApe-INFO: 19:09:57.508: New node: IP: 239.255.255.250. Number of nodes 13
EtherApe-INFO: 19:09:57.508: New node: IP: 142.250.185.195. Number of nodes 14
EtherApe-INFO: 19:10:02.778: New node: IP: 224.0.0.251. Number of nodes 15
EtherApe-INFO: 19:10:31.898: New node: IP: 95.216.195.133. Number of nodes 16
EtherApe-INFO: 19:10:58.140: New node: IP: 192.168.2.176. Number of nodes 17
EtherApe-INFO: 19:10:58.141: New node: IPv6: fe80::18f0:cb63:f8d4:4a0e. Number of nodes 18
EtherApe-INFO: 19:10:58.141: New node: IPv6: ff02::fb. Number of nodes 19
EtherApe-INFO: 19:10:58.918: New node: IP: 216.58.215.78. Number of nodes 20
EtherApe-INFO: 19:10:59.642: New node: IP: 172.217.16.3. Number of nodes 21
EtherApe-INFO: 19:11:00.129: New node: IP: 34.104.35.123. Number of nodes 22
EtherApe-INFO: 19:11:16.778: New node: IP: 149.154.167.92. Number of nodes 23
EtherApe-INFO: 19:11:55.845: delete node: IP: 255.255.255.255. Number of nodes 22
EtherApe-INFO: 19:11:55.845: delete node: IP: 0.0.0.0. Number of nodes 21
EtherApe-INFO: 19:11:56.692: delete node: IP: 149.154.175.54. Number of nodes 20
EtherApe-INFO: 19:11:56.692: delete node: IP: 149.154.175.50. Number of nodes 19
EtherApe-INFO: 19:11:57.213: delete node: IP: 149.154.175.57. Number of nodes 18
EtherApe-INFO: 19:12:02.786: delete node: IP: 239.255.255.250. Number of nodes 17
EtherApe-INFO: 19:12:04.008: New node: IP: 239.255.255.250. Number of nodes 18
EtherApe-INFO: 19:12:32.156: delete node: IP: 95.216.195.133. Number of nodes 17
EtherApe-INFO: 19:13:01.589: delete node: IP: 138.201.90.19. Number of nodes 16
EtherApe-INFO: 19:13:08.798: New node: IP: 138.201.90.19. Number of nodes 17
EtherApe-INFO: 19:13:38.690: delete node: IPv6: ff02::fb. Number of nodes 16
EtherApe-INFO: 19:13:38.690: delete node: IPv6: fe80::18f0:cb63:f8d4:4a0e. Number of nodes 15
EtherApe-INFO: 19:13:38.690: delete node: IP: 224.0.0.251. Number of nodes 14
EtherApe-INFO: 19:13:38.690: delete node: IP: 192.168.2.176. Number of nodes 13
EtherApe-INFO: 19:13:41.708: New node: IPv6: fe80::9ada:c4ff:febf:99a5. Number of nodes 14
EtherApe-INFO: 19:13:41.708: New node: IPv6: ff02::1. Number of nodes 15
EtherApe-INFO: 19:13:50.548: New node: IP: 151.101.130.49. Number of nodes 16
EtherApe-INFO: 19:13:51.378: delete node: IP: 149.154.167.92. Number of nodes 15
EtherApe-INFO: 19:14:07.708: New node: IP: 216.58.208.202. Number of nodes 16
EtherApe-INFO: 19:14:07.724: delete node: IP: 149.154.167.223. Number of nodes 15
EtherApe-INFO: 19:15:08.832: delete node: IP: 138.201.90.19. Number of nodes 14
EtherApe-INFO: 19:15:26.748: New node: IP: 95.216.195.133. Number of nodes 15
EtherApe-INFO: 19:15:42.361: delete node: IPv6: ff02::1. Number of nodes 14
EtherApe-INFO: 19:15:42.361: delete node: IPv6: fe80::9ada:c4ff:febf:99a5. Number of nodes 13
EtherApe-INFO: 19:15:51.740: delete node: IP: 151.101.130.49. Number of nodes 12
EtherApe-INFO: 19:15:59.342: delete node: IP: 34.104.35.123. Number of nodes 11
EtherApe-INFO: 19:16:07.656: delete node: IP: 142.250.185.195. Number of nodes 10
EtherApe-INFO: 19:17:01.236: delete node: IP: 216.58.215.78. Number of nodes 9
EtherApe-INFO: 19:17:01.236: delete node: IP: 172.217.16.3. Number of nodes 8
EtherApe-INFO: 19:17:24.968: New node: IP: 138.201.90.19. Number of nodes 9
EtherApe-INFO: 19:17:27.133: delete node: IP: 95.216.195.133. Number of nodes 8
EtherApe-INFO: 19:19:26.693: delete node: IP: 138.201.90.19. Number of nodes 7
EtherApe-INFO: 19:20:07.891: delete node: IP: 216.58.208.202. Number of nodes 6
EtherApe-INFO: 19:20:26.938: New node: IP: 95.216.195.133. Number of nodes 7
EtherApe-INFO: 19:21:55.359: New node: IP: 192.168.2.176. Number of nodes 8
EtherApe-INFO: 19:21:55.359: New node: IP: 224.0.0.251. Number of nodes 9
EtherApe-INFO: 19:21:55.359: New node: IPv6: fe80::18f0:cb63:f8d4:4a0e. Number of nodes 10
EtherApe-INFO: 19:21:55.359: New node: IPv6: ff02::fb. Number of nodes 11
EtherApe-INFO: 19:22:30.706: delete node: IP: 95.216.195.133. Number of nodes 10
EtherApe-INFO: 19:22:54.938: New node: IP: 192.168.1.2. Number of nodes 11
EtherApe-INFO: 19:23:21.308: New node: IPv6: fe80::9ada:c4ff:febf:99a5. Number of nodes 12
EtherApe-INFO: 19:23:21.308: New node: IPv6: ff02::1. Number of nodes 13
EtherApe-INFO: 19:23:59.431: delete node: IPv6: ff02::fb. Number of nodes 12
EtherApe-INFO: 19:23:59.431: delete node: IPv6: fe80::18f0:cb63:f8d4:4a0e. Number of nodes 11
EtherApe-INFO: 19:23:59.431: delete node: IP: 224.0.0.251. Number of nodes 10
EtherApe-INFO: 19:23:59.432: delete node: IP: 192.168.2.176. Number of nodes 9
EtherApe-INFO: 19:24:52.888: New node: IP: 192.168.2.176. Number of nodes 10
EtherApe-INFO: 19:24:52.888: New node: IP: 224.0.0.251. Number of nodes 11
EtherApe-INFO: 19:24:52.888: New node: IPv6: fe80::18f0:cb63:f8d4:4a0e. Number of nodes 12
EtherApe-INFO: 19:24:52.888: New node: IPv6: ff02::fb. Number of nodes 13
