(etherape:1344): GLib-GIO-DEBUG: 02:41:44.343: _g_io_module_get_default: Found default implementation local (GLocalVfs) for ‘gio-vfs’
EtherApe-INFO: 02:41:44.482: sctp protocol not supported
EtherApe-INFO: 02:41:44.482: dccp protocol not supported
EtherApe-INFO: 02:41:44.482: sctp protocol not supported
EtherApe-INFO: 02:41:44.482: sctp protocol not supported
EtherApe-INFO: 02:41:44.482: sctp protocol not supported
EtherApe-INFO: 02:41:44.482: sctp protocol not supported
EtherApe-INFO: 02:41:44.482: sctp protocol not supported
EtherApe-INFO: 02:41:44.483: sctp protocol not supported
EtherApe-INFO: 02:41:44.483: sctp protocol not supported
EtherApe-INFO: 02:41:44.483: dccp protocol not supported
EtherApe-INFO: 02:41:44.483: sctp protocol not supported
EtherApe-INFO: 02:41:44.483: dccp protocol not supported
EtherApe-INFO: 02:41:44.483: dccp protocol not supported
EtherApe-INFO: 02:41:44.483: sctp protocol not supported
EtherApe-INFO: 02:41:44.484: sctp protocol not supported
EtherApe-INFO: 02:41:44.484: sctp protocol not supported
EtherApe-INFO: 02:41:44.484: sctp protocol not supported
EtherApe-INFO: 02:41:44.484: sctp protocol not supported
EtherApe-INFO: 02:41:44.485: sctp protocol not supported
EtherApe-INFO: 02:41:44.485: sctp protocol not supported
EtherApe-INFO: 02:41:44.485: sctp protocol not supported
EtherApe-INFO: 02:41:44.485: sctp protocol not supported
EtherApe-INFO: 02:41:44.485: sctp protocol not supported
EtherApe-INFO: 02:41:44.486: sctp protocol not supported
EtherApe-INFO: 02:41:44.486: sctp protocol not supported
EtherApe-INFO: 02:41:44.486: sctp protocol not supported
EtherApe-INFO: 02:41:44.486: sctp protocol not supported
EtherApe-INFO: 02:41:44.487: sctp protocol not supported
EtherApe-INFO: 02:41:44.487: dccp protocol not supported
EtherApe-INFO: 02:41:44.487: sctp protocol not supported
EtherApe-INFO: 02:41:44.487: sctp protocol not supported
EtherApe-INFO: 02:41:44.487: dccp protocol not supported
EtherApe-INFO: 02:41:44.487: sctp protocol not supported
EtherApe-INFO: 02:41:44.487: sctp protocol not supported
EtherApe-INFO: 02:41:44.487: sctp protocol not supported
EtherApe-INFO: 02:41:44.487: dccp protocol not supported
EtherApe-INFO: 02:41:44.487: dccp protocol not supported
EtherApe-INFO: 02:41:44.487: sctp protocol not supported
EtherApe-INFO: 02:41:44.487: sctp protocol not supported
EtherApe-INFO: 02:41:44.487: sctp protocol not supported
EtherApe-INFO: 02:41:44.487: sctp protocol not supported
EtherApe-INFO: 02:41:44.487: sctp protocol not supported
EtherApe-INFO: 02:41:44.487: sctp protocol not supported
EtherApe-INFO: 02:41:44.487: sctp protocol not supported
EtherApe-INFO: 02:41:44.487: sctp protocol not supported
EtherApe-INFO: 02:41:44.487: sctp protocol not supported
EtherApe-INFO: 02:41:44.487: sctp protocol not supported
EtherApe-INFO: 02:41:44.487: sctp protocol not supported
EtherApe-INFO: 02:41:44.487: sctp protocol not supported
EtherApe-INFO: 02:41:44.487: sctp protocol not supported
EtherApe-INFO: 02:41:44.488: dccp protocol not supported
EtherApe-INFO: 02:41:44.488: sctp protocol not supported
EtherApe-INFO: 02:41:44.488: sctp protocol not supported
EtherApe-INFO: 02:41:44.488: sctp protocol not supported
EtherApe-INFO: 02:41:44.488: sctp protocol not supported
EtherApe-INFO: 02:41:44.488: sctp protocol not supported
EtherApe-INFO: 02:41:44.488: sctp protocol not supported
EtherApe-INFO: 02:41:44.488: sctp protocol not supported
EtherApe-INFO: 02:41:44.488: sctp protocol not supported
EtherApe-INFO: 02:41:44.488: sctp protocol not supported
EtherApe-INFO: 02:41:44.488: sctp protocol not supported
EtherApe-INFO: 02:41:44.488: sctp protocol not supported
EtherApe-INFO: 02:41:44.488: sctp protocol not supported
EtherApe-INFO: 02:41:44.488: sctp protocol not supported
EtherApe-INFO: 02:41:44.489: sctp protocol not supported
EtherApe-INFO: 02:41:44.489: sctp protocol not supported
EtherApe-INFO: 02:41:44.489: sctp protocol not supported
EtherApe-INFO: 02:41:44.489: sctp protocol not supported
EtherApe-INFO: 02:41:44.489: sctp protocol not supported
EtherApe-INFO: 02:41:44.489: sctp protocol not supported
EtherApe-INFO: 02:41:44.489: sctp protocol not supported
EtherApe-INFO: 02:41:44.489: sctp protocol not supported
EtherApe-INFO: 02:41:44.489: sctp protocol not supported
EtherApe-INFO: 02:41:44.489: sctp protocol not supported
EtherApe-INFO: 02:41:44.489: sctp protocol not supported
EtherApe-INFO: 02:41:44.489: sctp protocol not supported
EtherApe-INFO: 02:41:44.489: sctp protocol not supported
EtherApe-INFO: 02:41:44.489: sctp protocol not supported
EtherApe-INFO: 02:41:44.489: sctp protocol not supported
EtherApe-INFO: 02:41:44.489: sctp protocol not supported
EtherApe-INFO: 02:41:44.489: sctp protocol not supported
EtherApe-INFO: 02:41:44.489: sctp protocol not supported
EtherApe-INFO: 02:41:44.489: sctp protocol not supported
EtherApe-INFO: 02:41:44.489: sctp protocol not supported
EtherApe-INFO: 02:41:44.489: sctp protocol not supported
EtherApe-INFO: 02:41:44.489: sctp protocol not supported
EtherApe-INFO: 02:41:44.489: sctp protocol not supported
EtherApe-INFO: 02:41:44.533: get_interface result: ''
EtherApe-INFO: 02:41:44.534: Available interfaces for capture: dbus-session dbus-system nfqueue nflog bluetooth-monitor wlp3s0 lo any enp0s25
EtherApe-INFO: 02:41:44.555: Link type is LINUX_SLL
EtherApe-INFO: 02:41:44.556: Diagram started
EtherApe-INFO: 02:41:44.798: New node: IP: 192.168.2.227. Number of nodes 1
EtherApe-INFO: 02:41:44.799: New node: IP: 149.154.175.57. Number of nodes 2
EtherApe-INFO: 02:41:44.800: New node: IP: 149.154.175.54. Number of nodes 3
EtherApe-INFO: 02:41:44.800: New node: IP: 192.168.2.1. Number of nodes 4
EtherApe-INFO: 02:41:44.801: New node: IP: 149.154.167.51. Number of nodes 5
EtherApe-INFO: 02:41:44.801: New node: IP: 149.154.167.50. Number of nodes 6
EtherApe-INFO: 02:41:45.329: New node: IP: 127.0.0.1. Number of nodes 7
EtherApe-INFO: 02:41:49.862: New node: IP: 192.168.1.1. Number of nodes 8
EtherApe-INFO: 02:41:50.016: Nodes: 8 (shown 8)
EtherApe-INFO: 02:41:59.729: New node: IP: 149.154.175.100. Number of nodes 9
EtherApe-INFO: 02:42:07.729: New node: IP: 149.154.167.92. Number of nodes 10
EtherApe-INFO: 02:42:15.728: New node: IP: 91.108.56.145. Number of nodes 11
EtherApe-INFO: 02:42:40.232: Nodes: 11 (shown 11)
EtherApe-INFO: 02:46:37.328: New node: IPv6: fe80::9ada:c4ff:febf:99a5. Number of nodes 12
EtherApe-INFO: 02:46:37.329: New node: IPv6: ff02::1. Number of nodes 13
EtherApe-INFO: 02:48:37.347: delete node: IPv6: ff02::1. Number of nodes 12
EtherApe-INFO: 02:48:37.347: delete node: IPv6: fe80::9ada:c4ff:febf:99a5. Number of nodes 11
EtherApe-INFO: 02:50:16.264: New node: IP: 149.154.167.223. Number of nodes 12
EtherApe-INFO: 14:15:06.532: New node: IP: 193.106.144.6. Number of nodes 13
EtherApe-INFO: 14:15:06.532: New node: IP: 104.16.248.249. Number of nodes 14
EtherApe-INFO: 14:15:06.582: delete node: IP: 193.106.144.6. Number of nodes 13
EtherApe-INFO: 14:15:06.582: delete node: IP: 192.168.1.1. Number of nodes 12
EtherApe-INFO: 14:15:06.582: delete node: IP: 149.154.175.100. Number of nodes 11
EtherApe-INFO: 14:15:06.582: delete node: IP: 149.154.175.57. Number of nodes 10
EtherApe-INFO: 14:15:06.583: delete node: IP: 149.154.175.54. Number of nodes 9
EtherApe-INFO: 14:15:06.583: delete node: IP: 149.154.167.223. Number of nodes 8
EtherApe-INFO: 14:15:06.583: delete node: IP: 149.154.167.92. Number of nodes 7
EtherApe-INFO: 14:15:06.583: delete node: IP: 149.154.167.51. Number of nodes 6
EtherApe-INFO: 14:15:06.583: delete node: IP: 149.154.167.50. Number of nodes 5
EtherApe-INFO: 14:15:06.583: delete node: IP: 127.0.0.1. Number of nodes 4
EtherApe-INFO: 14:15:06.583: delete node: IP: 91.108.56.145. Number of nodes 3
EtherApe-INFO: 14:15:07.332: New node: IP: 34.107.221.82. Number of nodes 4
EtherApe-INFO: 14:15:07.333: New node: IP: 34.117.237.239. Number of nodes 5
EtherApe-INFO: 14:15:07.333: New node: IP: 52.84.106.56. Number of nodes 6
EtherApe-INFO: 14:15:07.333: New node: IP: 172.217.16.42. Number of nodes 7
EtherApe-INFO: 14:15:07.333: New node: IP: 34.120.208.123. Number of nodes 8
EtherApe-INFO: 14:15:07.334: New node: IP: 18.66.248.55. Number of nodes 9
EtherApe-INFO: 14:15:07.334: New node: IP: 54.149.143.77. Number of nodes 10
EtherApe-INFO: 14:15:07.335: New node: IP: 52.88.225.96. Number of nodes 11
EtherApe-INFO: 14:15:07.335: New node: IP: 52.34.119.3. Number of nodes 12
EtherApe-INFO: 14:15:07.335: New node: IP: 104.18.12.33. Number of nodes 13
EtherApe-INFO: 14:15:07.340: New node: IP: 216.58.209.14. Number of nodes 14
EtherApe-INFO: 14:15:07.340: New node: IP: 172.217.16.5. Number of nodes 15
EtherApe-INFO: 14:15:07.340: New node: IP: 104.16.249.249. Number of nodes 16
EtherApe-INFO: 14:15:07.345: New node: IP: 140.82.113.22. Number of nodes 17
EtherApe-INFO: 14:15:07.603: New node: IP: 172.217.16.34. Number of nodes 18
EtherApe-INFO: 14:15:07.603: New node: IP: 216.58.215.98. Number of nodes 19
EtherApe-INFO: 14:15:07.604: New node: IP: 172.66.43.53. Number of nodes 20
EtherApe-INFO: 14:15:07.605: New node: IP: 142.250.186.194. Number of nodes 21
EtherApe-INFO: 14:15:07.605: New node: IP: 142.250.203.194. Number of nodes 22
EtherApe-INFO: 14:15:07.605: New node: IP: 34.214.110.180. Number of nodes 23
EtherApe-INFO: 14:15:08.933: New node: IP: 87.245.216.107. Number of nodes 24
EtherApe-INFO: 14:15:08.935: New node: IP: 93.184.220.29. Number of nodes 25
EtherApe-INFO: 14:15:08.935: New node: IP: 140.82.114.26. Number of nodes 26
EtherApe-INFO: 14:15:08.943: New node: IP: 140.82.121.6. Number of nodes 27
EtherApe-INFO: 14:15:09.198: New node: IP: 216.58.215.99. Number of nodes 28
EtherApe-INFO: 14:15:10.318: New node: IP: 216.58.209.2. Number of nodes 29
EtherApe-INFO: 14:15:10.853: New node: IP: 216.58.209.22. Number of nodes 30
EtherApe-INFO: 14:15:11.919: New node: IP: 172.217.16.2. Number of nodes 31
EtherApe-INFO: 14:15:11.920: New node: IP: 172.217.16.4. Number of nodes 32
EtherApe-INFO: 14:15:12.185: New node: IP: 142.250.203.129. Number of nodes 33
EtherApe-INFO: 14:15:12.452: New node: IP: 142.250.186.195. Number of nodes 34
EtherApe-INFO: 14:15:12.453: New node: IP: 172.217.16.35. Number of nodes 35
EtherApe-INFO: 14:15:12.719: New node: IP: 35.186.227.140. Number of nodes 36
EtherApe-INFO: 14:15:12.985: New node: IP: 140.82.121.4. Number of nodes 37
EtherApe-INFO: 14:15:12.990: New node: IP: 216.58.209.6. Number of nodes 38
EtherApe-INFO: 14:15:12.990: New node: IP: 142.250.203.130. Number of nodes 39
EtherApe-INFO: 14:15:13.254: New node: IP: 184.51.9.98. Number of nodes 40
EtherApe-INFO: 14:15:13.256: New node: IP: 185.33.223.38. Number of nodes 41
EtherApe-INFO: 14:15:15.118: New node: IP: 172.217.16.3. Number of nodes 42
EtherApe-INFO: 14:15:15.118: New node: IP: 149.154.167.223. Number of nodes 43
EtherApe-INFO: 14:15:15.385: New node: IP: 142.250.75.8. Number of nodes 44
EtherApe-INFO: 14:15:15.652: New node: IP: 172.217.16.14. Number of nodes 45
EtherApe-INFO: 14:15:15.919: New node: IP: 216.58.215.74. Number of nodes 46
EtherApe-INFO: 14:15:16.190: New node: IP: 142.250.203.142. Number of nodes 47
EtherApe-INFO: 14:15:16.992: New node: IP: 35.244.159.8. Number of nodes 48
EtherApe-INFO: 14:15:16.993: New node: IP: 52.69.118.226. Number of nodes 49
EtherApe-INFO: 14:15:17.253: New node: IP: 18.66.97.60. Number of nodes 50
EtherApe-INFO: 14:15:17.254: New node: IP: 2.23.108.250. Number of nodes 51
EtherApe-INFO: 14:15:17.254: New node: IP: 34.98.67.61. Number of nodes 52
EtherApe-INFO: 14:15:17.254: New node: IP: 198.47.127.19. Number of nodes 53
EtherApe-INFO: 14:15:17.518: New node: IP: 63.33.35.114. Number of nodes 54
EtherApe-INFO: 14:15:17.519: New node: IP: 69.173.144.165. Number of nodes 55
EtherApe-INFO: 14:15:18.585: New node: IP: 172.217.16.46. Number of nodes 56
EtherApe-INFO: 14:15:18.852: New node: IP: 108.156.253.141. Number of nodes 57
EtherApe-INFO: 14:15:18.855: New node: IP: 64.233.162.156. Number of nodes 58
EtherApe-INFO: 14:15:19.119: New node: IP: 104.81.120.141. Number of nodes 59
EtherApe-INFO: 14:15:19.388: New node: IP: 173.231.180.197. Number of nodes 60
EtherApe-INFO: 14:15:19.936: New node: IP: 104.18.32.68. Number of nodes 61
EtherApe-INFO: 14:15:19.937: New node: IP: 142.250.203.131. Number of nodes 62
EtherApe-INFO: 14:15:20.186: New node: IP: 3.11.61.122. Number of nodes 63
EtherApe-INFO: 14:15:20.473: New node: IP: 52.208.186.118. Number of nodes 64
EtherApe-INFO: 14:15:20.719: New node: IP: 87.245.212.11. Number of nodes 65
EtherApe-INFO: 14:15:20.720: New node: IP: 184.51.9.85. Number of nodes 66
EtherApe-INFO: 14:15:20.998: New node: IP: 52.210.138.219. Number of nodes 67
EtherApe-INFO: 14:15:21.000: New node: IP: 18.66.97.20. Number of nodes 68
EtherApe-INFO: 14:15:21.001: New node: IP: 104.81.107.51. Number of nodes 69
EtherApe-INFO: 14:15:21.261: New node: IP: 52.214.59.248. Number of nodes 70
EtherApe-INFO: 14:15:21.270: New node: IP: 142.250.75.10. Number of nodes 71
EtherApe-INFO: 14:15:21.519: New node: IP: 87.245.216.121. Number of nodes 72
EtherApe-INFO: 14:15:21.520: New node: IP: 31.13.81.13. Number of nodes 73
EtherApe-INFO: 14:15:21.525: New node: IP: 108.138.17.117. Number of nodes 74
EtherApe-INFO: 14:15:21.526: New node: IP: 54.230.229.46. Number of nodes 75
EtherApe-INFO: 14:15:21.526: New node: IP: 104.22.70.197. Number of nodes 76
EtherApe-INFO: 14:15:21.798: New node: IP: 13.107.42.14. Number of nodes 77
EtherApe-INFO: 14:15:22.058: New node: IP: 99.86.4.6. Number of nodes 78
EtherApe-INFO: 14:15:22.059: New node: IP: 3.221.23.137. Number of nodes 79
EtherApe-INFO: 14:15:22.319: New node: IP: 31.13.81.36. Number of nodes 80
EtherApe-INFO: 14:15:22.853: New node: IP: 18.66.139.84. Number of nodes 81
EtherApe-INFO: 14:15:23.119: New node: IP: 52.222.236.68. Number of nodes 82
EtherApe-INFO: 14:15:23.661: New node: IP: 34.251.55.29. Number of nodes 83
EtherApe-INFO: 14:15:23.667: New node: IP: 63.35.85.99. Number of nodes 84
EtherApe-INFO: 14:15:23.922: New node: IP: 34.98.75.36. Number of nodes 85
EtherApe-INFO: 14:15:23.925: New node: IP: 99.86.4.118. Number of nodes 86
EtherApe-INFO: 14:15:23.927: New node: IP: 15.236.176.210. Number of nodes 87
EtherApe-INFO: 14:15:23.929: New node: IP: 209.167.231.15. Number of nodes 88
EtherApe-INFO: 14:15:24.986: New node: IP: 2.18.110.106. Number of nodes 89
EtherApe-INFO: 14:15:24.986: New node: IP: 151.101.130.137. Number of nodes 90
EtherApe-INFO: 14:15:25.268: New node: IP: 142.0.173.130. Number of nodes 91
EtherApe-INFO: 14:15:25.274: New node: IP: 104.244.42.195. Number of nodes 92
EtherApe-INFO: 14:15:25.523: New node: IP: 52.223.40.198. Number of nodes 93
EtherApe-INFO: 14:15:25.523: New node: IP: 34.111.234.236. Number of nodes 94
EtherApe-INFO: 14:15:25.526: New node: IP: 52.208.250.69. Number of nodes 95
EtherApe-INFO: 14:15:25.789: New node: IP: 104.18.21.226. Number of nodes 96
EtherApe-INFO: 14:15:26.876: New node: IP: 162.247.242.20. Number of nodes 97
EtherApe-INFO: 14:15:26.877: New node: IP: 142.0.173.23. Number of nodes 98
EtherApe-INFO: 14:15:27.119: New node: IP: 99.86.4.41. Number of nodes 99
EtherApe-INFO: 14:15:27.919: New node: IP: 216.58.215.69. Number of nodes 100
EtherApe-INFO: 14:15:28.453: New node: IP: 142.250.75.14. Number of nodes 101
EtherApe-INFO: 14:15:28.457: New node: IP: 172.217.16.10. Number of nodes 102
EtherApe-INFO: 14:15:28.734: New node: IP: 142.250.203.138. Number of nodes 103
EtherApe-INFO: 14:15:29.254: New node: IP: 142.250.186.206. Number of nodes 104
EtherApe-INFO: 14:15:29.520: New node: IP: 142.250.186.193. Number of nodes 105
EtherApe-INFO: 14:15:29.520: New node: IP: 142.250.203.202. Number of nodes 106
EtherApe-INFO: 14:15:36.452: New node: IP: 74.125.205.189. Number of nodes 107
EtherApe-INFO: 14:15:38.585: New node: IP: 193.106.144.6. Number of nodes 108
EtherApe-INFO: 14:15:45.518: New node: IP: 185.199.110.154. Number of nodes 109
EtherApe-INFO: 14:15:45.806: New node: IP: 185.199.111.133. Number of nodes 110
EtherApe-INFO: 14:15:48.192: New node: IP: 149.154.167.51. Number of nodes 111
EtherApe-INFO: 14:17:01.518: New node: IP: 127.0.0.1. Number of nodes 112
EtherApe-INFO: 14:17:09.276: delete node: IP: 172.217.16.42. Number of nodes 111
EtherApe-INFO: 14:17:11.961: delete node: IP: 34.214.110.180. Number of nodes 110
EtherApe-INFO: 14:17:12.779: delete node: IP: 172.217.16.2. Number of nodes 109
EtherApe-INFO: 14:17:16.508: delete node: IP: 142.250.75.8. Number of nodes 108
EtherApe-INFO: 14:17:19.504: delete node: IP: 34.98.67.61. Number of nodes 107
EtherApe-INFO: 14:17:20.210: delete node: IP: 35.244.159.8. Number of nodes 106
EtherApe-INFO: 14:17:21.323: delete node: IP: 142.250.75.10. Number of nodes 105
EtherApe-INFO: 14:17:22.324: delete node: IP: 31.13.81.13. Number of nodes 104
EtherApe-INFO: 14:17:23.169: delete node: IP: 216.58.209.2. Number of nodes 103
EtherApe-INFO: 14:17:23.169: delete node: IP: 172.66.43.53. Number of nodes 102
EtherApe-INFO: 14:17:23.169: delete node: IP: 52.88.225.96. Number of nodes 101
EtherApe-INFO: 14:17:23.169: delete node: IP: 31.13.81.36. Number of nodes 100
EtherApe-INFO: 14:17:25.039: delete node: IP: 185.33.223.38. Number of nodes 99
EtherApe-INFO: 14:17:26.417: delete node: IP: 34.111.234.236. Number of nodes 98
EtherApe-INFO: 14:17:32.208: delete node: IP: 173.231.180.197. Number of nodes 97
EtherApe-INFO: 14:17:32.208: delete node: IP: 104.81.107.51. Number of nodes 96
EtherApe-INFO: 14:17:32.208: delete node: IP: 52.208.250.69. Number of nodes 95
EtherApe-INFO: 14:17:40.511: delete node: IP: 2.23.108.250. Number of nodes 94
EtherApe-INFO: 14:17:41.573: delete node: IP: 87.245.212.11. Number of nodes 93
EtherApe-INFO: 14:17:46.136: delete node: IP: 184.51.9.85. Number of nodes 92
EtherApe-INFO: 14:17:46.140: delete node: IP: 104.81.120.141. Number of nodes 91
EtherApe-INFO: 14:17:51.486: delete node: IP: 142.250.203.202. Number of nodes 90
EtherApe-INFO: 14:17:54.852: New node: IP: 142.250.75.10. Number of nodes 91
EtherApe-INFO: 14:17:54.882: delete node: IP: 15.236.176.210. Number of nodes 90
EtherApe-INFO: 14:17:56.260: delete node: IP: 142.250.186.195. Number of nodes 89
EtherApe-INFO: 14:17:59.118: New node: IP: 35.244.181.201. Number of nodes 90
EtherApe-INFO: 14:18:11.430: delete node: IP: 54.149.143.77. Number of nodes 89
EtherApe-INFO: 14:18:13.342: delete node: IP: 52.34.119.3. Number of nodes 88
EtherApe-INFO: 14:18:19.752: delete node: IP: 63.33.35.114. Number of nodes 87
EtherApe-INFO: 14:18:28.520: delete node: IP: 63.35.85.99. Number of nodes 86
EtherApe-INFO: 14:18:28.520: delete node: IP: 52.210.138.219. Number of nodes 85
EtherApe-INFO: 14:18:28.520: delete node: IP: 34.251.55.29. Number of nodes 84
EtherApe-INFO: 14:18:43.720: delete node: IP: 193.106.144.6. Number of nodes 83
EtherApe-INFO: 14:18:51.118: New node: IP: 193.106.144.6. Number of nodes 84
EtherApe-INFO: 14:19:00.985: New node: IPv6: fe80::9ada:c4ff:febf:99a5. Number of nodes 85
EtherApe-INFO: 14:19:00.985: New node: IPv6: ff02::1. Number of nodes 86
EtherApe-INFO: 14:19:07.933: delete node: IP: 127.0.0.1. Number of nodes 85
EtherApe-INFO: 14:19:10.058: delete node: IP: 18.66.248.55. Number of nodes 84
EtherApe-INFO: 14:19:14.627: delete node: IP: 69.173.144.165. Number of nodes 83
EtherApe-INFO: 14:19:15.736: delete node: IP: 184.51.9.98. Number of nodes 82
EtherApe-INFO: 14:19:18.694: delete node: IP: 87.245.216.121. Number of nodes 81
EtherApe-INFO: 14:19:18.694: delete node: IP: 52.222.236.68. Number of nodes 80
EtherApe-INFO: 14:19:19.474: delete node: IP: 87.245.216.107. Number of nodes 79
EtherApe-INFO: 14:19:25.295: delete node: IP: 209.167.231.15. Number of nodes 78
EtherApe-INFO: 14:19:25.295: delete node: IP: 149.154.167.223. Number of nodes 77
EtherApe-INFO: 14:19:25.295: delete node: IP: 142.0.173.130. Number of nodes 76
EtherApe-INFO: 14:19:25.295: delete node: IP: 142.0.173.23. Number of nodes 75
EtherApe-INFO: 14:19:25.295: delete node: IP: 108.156.253.141. Number of nodes 74
EtherApe-INFO: 14:19:25.295: delete node: IP: 104.18.32.68. Number of nodes 73
EtherApe-INFO: 14:19:25.295: delete node: IP: 104.18.21.226. Number of nodes 72
EtherApe-INFO: 14:19:25.295: delete node: IP: 99.86.4.118. Number of nodes 71
EtherApe-INFO: 14:19:25.295: delete node: IP: 99.86.4.41. Number of nodes 70
EtherApe-INFO: 14:19:25.295: delete node: IP: 13.107.42.14. Number of nodes 69
EtherApe-INFO: 14:19:25.295: delete node: IP: 2.18.110.106. Number of nodes 68
EtherApe-INFO: 14:19:36.718: New node: IP: 149.154.167.223. Number of nodes 69
EtherApe-INFO: 14:19:39.120: New node: IP: 95.216.195.133. Number of nodes 70
EtherApe-INFO: 14:19:39.120: New node: IP: 149.154.167.50. Number of nodes 71
EtherApe-INFO: 14:19:48.208: delete node: IP: 142.250.203.142. Number of nodes 70
EtherApe-INFO: 14:19:49.605: delete node: IP: 34.107.221.82. Number of nodes 69
EtherApe-INFO: 14:19:56.461: delete node: IP: 142.250.75.10. Number of nodes 68
EtherApe-INFO: 14:20:01.254: delete node: IP: 172.217.16.34. Number of nodes 67
EtherApe-INFO: 14:20:01.254: delete node: IP: 142.250.203.194. Number of nodes 66
EtherApe-INFO: 14:20:01.254: delete node: IP: 142.250.186.194. Number of nodes 65
EtherApe-INFO: 14:20:01.255: delete node: IP: 104.18.12.33. Number of nodes 64
EtherApe-INFO: 14:20:03.198: delete node: IP: 216.58.209.22. Number of nodes 63
EtherApe-INFO: 14:20:03.957: delete node: IP: 142.250.203.129. Number of nodes 62
EtherApe-INFO: 14:20:06.107: delete node: IP: 216.58.209.6. Number of nodes 61
EtherApe-INFO: 14:20:06.107: delete node: IP: 142.250.203.130. Number of nodes 60
EtherApe-INFO: 14:20:07.940: delete node: IP: 216.58.215.74. Number of nodes 59
EtherApe-INFO: 14:20:07.940: delete node: IP: 172.217.16.4. Number of nodes 58
EtherApe-INFO: 14:20:10.423: delete node: IP: 198.47.127.19. Number of nodes 57
EtherApe-INFO: 14:20:10.423: delete node: IP: 172.217.16.46. Number of nodes 56
EtherApe-INFO: 14:20:10.423: delete node: IP: 172.217.16.35. Number of nodes 55
EtherApe-INFO: 14:20:10.423: delete node: IP: 142.250.203.131. Number of nodes 54
EtherApe-INFO: 14:20:10.423: delete node: IP: 64.233.162.156. Number of nodes 53
EtherApe-INFO: 14:20:10.423: delete node: IP: 18.66.97.60. Number of nodes 52
EtherApe-INFO: 14:20:10.584: New node: IP: 34.214.110.180. Number of nodes 53
EtherApe-INFO: 14:20:10.853: New node: IP: 104.18.13.33. Number of nodes 54
EtherApe-INFO: 14:20:10.854: New node: IP: 104.18.12.33. Number of nodes 55
EtherApe-INFO: 14:20:11.967: delete node: IP: 52.208.186.118. Number of nodes 54
EtherApe-INFO: 14:20:11.967: delete node: IP: 52.69.118.226. Number of nodes 53
EtherApe-INFO: 14:20:11.967: delete node: IP: 18.66.97.20. Number of nodes 52
EtherApe-INFO: 14:20:11.967: delete node: IP: 3.11.61.122. Number of nodes 51
EtherApe-INFO: 14:20:12.736: delete node: IP: 108.138.17.117. Number of nodes 50
EtherApe-INFO: 14:20:12.736: delete node: IP: 104.22.70.197. Number of nodes 49
EtherApe-INFO: 14:20:12.736: delete node: IP: 99.86.4.6. Number of nodes 48
EtherApe-INFO: 14:20:12.736: delete node: IP: 54.230.229.46. Number of nodes 47
EtherApe-INFO: 14:20:12.736: delete node: IP: 52.214.59.248. Number of nodes 46
EtherApe-INFO: 14:20:14.944: delete node: IP: 35.186.227.140. Number of nodes 45
EtherApe-INFO: 14:20:14.944: delete node: IP: 18.66.139.84. Number of nodes 44
EtherApe-INFO: 14:20:16.985: New node: IP: 172.217.16.46. Number of nodes 45
EtherApe-INFO: 14:20:17.058: delete node: IP: 151.101.130.137. Number of nodes 44
EtherApe-INFO: 14:20:17.059: delete node: IP: 104.244.42.195. Number of nodes 43
EtherApe-INFO: 14:20:17.059: delete node: IP: 52.223.40.198. Number of nodes 42
EtherApe-INFO: 14:20:17.059: delete node: IP: 52.84.106.56. Number of nodes 41
EtherApe-INFO: 14:20:17.059: delete node: IP: 34.98.75.36. Number of nodes 40
EtherApe-INFO: 14:20:17.252: New node: IP: 142.250.203.132. Number of nodes 41
EtherApe-INFO: 14:20:19.426: delete node: IP: 142.250.75.14. Number of nodes 40
EtherApe-INFO: 14:20:20.513: delete node: IP: 216.58.215.69. Number of nodes 39
EtherApe-INFO: 14:20:20.513: delete node: IP: 172.217.16.3. Number of nodes 38
EtherApe-INFO: 14:20:20.513: delete node: IP: 142.250.186.193. Number of nodes 37
EtherApe-INFO: 14:20:22.116: delete node: IP: 172.217.16.14. Number of nodes 36
EtherApe-INFO: 14:20:35.196: delete node: IP: 216.58.209.14. Number of nodes 35
EtherApe-INFO: 14:20:42.933: delete node: IP: 34.120.208.123. Number of nodes 34
EtherApe-INFO: 14:20:47.183: delete node: IP: 185.199.111.133. Number of nodes 33
EtherApe-INFO: 14:20:47.183: delete node: IP: 142.250.203.138. Number of nodes 32
EtherApe-INFO: 14:20:51.155: delete node: IP: 193.106.144.6. Number of nodes 31
EtherApe-INFO: 14:21:01.053: delete node: IPv6: ff02::1. Number of nodes 30
EtherApe-INFO: 14:21:01.053: delete node: IPv6: fe80::9ada:c4ff:febf:99a5. Number of nodes 29
EtherApe-INFO: 14:21:13.255: New node: IP: 149.154.165.111. Number of nodes 30
EtherApe-INFO: 14:21:19.994: delete node: IP: 216.58.215.98. Number of nodes 29
EtherApe-INFO: 14:21:32.471: delete node: IP: 185.199.110.154. Number of nodes 28
EtherApe-INFO: 14:21:32.471: delete node: IP: 140.82.113.22. Number of nodes 27
EtherApe-INFO: 14:21:33.986: delete node: IP: 140.82.121.4. Number of nodes 26
EtherApe-INFO: 14:21:40.431: delete node: IP: 149.154.167.51. Number of nodes 25
EtherApe-INFO: 14:21:40.431: delete node: IP: 95.216.195.133. Number of nodes 24
EtherApe-INFO: 14:21:52.389: delete node: IP: 140.82.121.6. Number of nodes 23
EtherApe-INFO: 14:21:55.305: New node: IP: 89.187.191.12. Number of nodes 24
EtherApe-INFO: 14:21:55.400: delete node: IP: 93.184.220.29. Number of nodes 23
EtherApe-INFO: 14:22:11.049: delete node: IP: 104.18.13.33. Number of nodes 22
EtherApe-INFO: 14:22:11.050: delete node: IP: 34.214.110.180. Number of nodes 21
EtherApe-INFO: 14:22:13.705: New node: IP: 199.232.16.193. Number of nodes 22
EtherApe-INFO: 14:22:17.242: delete node: IP: 142.250.203.132. Number of nodes 21
EtherApe-INFO: 14:22:38.505: New node: IP: 95.216.144.15. Number of nodes 22
EtherApe-INFO: 14:22:39.575: New node: IP: 149.154.175.57. Number of nodes 23
EtherApe-INFO: 14:22:39.575: New node: IP: 149.154.175.54. Number of nodes 24
EtherApe-INFO: 14:22:50.521: delete node: IP: 35.244.181.201. Number of nodes 23
EtherApe-INFO: 14:22:51.306: New node: IP: 140.82.121.3. Number of nodes 24
EtherApe-INFO: 14:23:04.638: New node: IPv6: fe80::9ada:c4ff:febf:99a5. Number of nodes 25
EtherApe-INFO: 14:23:04.638: New node: IPv6: ff02::1. Number of nodes 26
EtherApe-INFO: 14:23:07.305: New node: IP: 193.106.144.6. Number of nodes 27
EtherApe-INFO: 14:23:35.388: New node: IP: 0.0.0.0. Number of nodes 28
EtherApe-INFO: 14:23:35.388: New node: IP: 255.255.255.255. Number of nodes 29
EtherApe-INFO: 14:23:36.945: delete node: IP: 0.0.0.0. Number of nodes 28
EtherApe-INFO: 14:23:36.945: delete node: IP: 3.221.23.137. Number of nodes 27
EtherApe-INFO: 14:23:36.945: delete node: IP: 34.117.237.239. Number of nodes 26
EtherApe-INFO: 14:23:36.945: delete node: IP: 74.125.205.189. Number of nodes 25
EtherApe-INFO: 14:23:36.945: delete node: IP: 89.187.191.12. Number of nodes 24
EtherApe-INFO: 14:23:36.945: delete node: IP: 95.216.144.15. Number of nodes 23
EtherApe-INFO: 14:23:36.945: delete node: IP: 104.16.248.249. Number of nodes 22
EtherApe-INFO: 14:23:36.945: delete node: IP: 104.16.249.249. Number of nodes 21
EtherApe-INFO: 14:23:36.945: delete node: IP: 104.18.12.33. Number of nodes 20
EtherApe-INFO: 14:23:36.945: delete node: IP: 140.82.114.26. Number of nodes 19
EtherApe-INFO: 14:23:36.945: delete node: IP: 140.82.121.3. Number of nodes 18
EtherApe-INFO: 14:23:36.945: delete node: IP: 142.250.186.206. Number of nodes 17
EtherApe-INFO: 14:23:36.945: delete node: IP: 149.154.165.111. Number of nodes 16
EtherApe-INFO: 14:23:36.945: delete node: IP: 149.154.167.50. Number of nodes 15
EtherApe-INFO: 14:23:36.945: delete node: IP: 149.154.167.223. Number of nodes 14
EtherApe-INFO: 14:23:36.945: delete node: IP: 149.154.175.54. Number of nodes 13
EtherApe-INFO: 14:23:36.945: delete node: IP: 149.154.175.57. Number of nodes 12
EtherApe-INFO: 14:23:36.945: delete node: IP: 162.247.242.20. Number of nodes 11
EtherApe-INFO: 14:23:36.945: delete node: IP: 172.217.16.5. Number of nodes 10
EtherApe-INFO: 14:23:36.945: delete node: IP: 172.217.16.10. Number of nodes 9
EtherApe-INFO: 14:23:36.945: delete node: IP: 172.217.16.46. Number of nodes 8
EtherApe-INFO: 14:23:36.945: delete node: IP: 192.168.2.1. Number of nodes 7
EtherApe-INFO: 14:23:36.945: delete node: IP: 192.168.2.227. Number of nodes 6
EtherApe-INFO: 14:23:36.945: delete node: IP: 193.106.144.6. Number of nodes 5
EtherApe-INFO: 14:23:36.945: delete node: IP: 199.232.16.193. Number of nodes 4
EtherApe-INFO: 14:23:36.945: delete node: IP: 216.58.215.99. Number of nodes 3
EtherApe-INFO: 14:23:36.945: delete node: IP: 255.255.255.255. Number of nodes 2
EtherApe-INFO: 14:23:36.945: delete node: IPv6: fe80::9ada:c4ff:febf:99a5. Number of nodes 1
EtherApe-INFO: 14:23:36.945: delete node: IPv6: ff02::1. Number of nodes 0
