EtherApe-INFO: 02:15:38.161: sctp protocol not supported
EtherApe-INFO: 02:15:38.161: dccp protocol not supported
EtherApe-INFO: 02:15:38.161: sctp protocol not supported
EtherApe-INFO: 02:15:38.161: sctp protocol not supported
EtherApe-INFO: 02:15:38.161: sctp protocol not supported
EtherApe-INFO: 02:15:38.161: sctp protocol not supported
EtherApe-INFO: 02:15:38.161: sctp protocol not supported
EtherApe-INFO: 02:15:38.161: sctp protocol not supported
EtherApe-INFO: 02:15:38.161: sctp protocol not supported
EtherApe-INFO: 02:15:38.161: dccp protocol not supported
EtherApe-INFO: 02:15:38.161: sctp protocol not supported
EtherApe-INFO: 02:15:38.161: dccp protocol not supported
EtherApe-INFO: 02:15:38.161: dccp protocol not supported
EtherApe-INFO: 02:15:38.161: sctp protocol not supported
EtherApe-INFO: 02:15:38.162: sctp protocol not supported
EtherApe-INFO: 02:15:38.162: sctp protocol not supported
EtherApe-INFO: 02:15:38.162: sctp protocol not supported
EtherApe-INFO: 02:15:38.162: sctp protocol not supported
EtherApe-INFO: 02:15:38.163: sctp protocol not supported
EtherApe-INFO: 02:15:38.163: sctp protocol not supported
EtherApe-INFO: 02:15:38.163: sctp protocol not supported
EtherApe-INFO: 02:15:38.163: sctp protocol not supported
EtherApe-INFO: 02:15:38.163: sctp protocol not supported
EtherApe-INFO: 02:15:38.164: sctp protocol not supported
EtherApe-INFO: 02:15:38.164: sctp protocol not supported
EtherApe-INFO: 02:15:38.164: sctp protocol not supported
EtherApe-INFO: 02:15:38.164: sctp protocol not supported
EtherApe-INFO: 02:15:38.164: sctp protocol not supported
EtherApe-INFO: 02:15:38.164: dccp protocol not supported
EtherApe-INFO: 02:15:38.164: sctp protocol not supported
EtherApe-INFO: 02:15:38.164: sctp protocol not supported
EtherApe-INFO: 02:15:38.164: dccp protocol not supported
EtherApe-INFO: 02:15:38.164: sctp protocol not supported
EtherApe-INFO: 02:15:38.164: sctp protocol not supported
EtherApe-INFO: 02:15:38.164: sctp protocol not supported
EtherApe-INFO: 02:15:38.165: dccp protocol not supported
EtherApe-INFO: 02:15:38.165: dccp protocol not supported
EtherApe-INFO: 02:15:38.165: sctp protocol not supported
EtherApe-INFO: 02:15:38.165: sctp protocol not supported
EtherApe-INFO: 02:15:38.165: sctp protocol not supported
EtherApe-INFO: 02:15:38.165: sctp protocol not supported
EtherApe-INFO: 02:15:38.165: sctp protocol not supported
EtherApe-INFO: 02:15:38.165: sctp protocol not supported
EtherApe-INFO: 02:15:38.165: sctp protocol not supported
EtherApe-INFO: 02:15:38.165: sctp protocol not supported
EtherApe-INFO: 02:15:38.165: sctp protocol not supported
EtherApe-INFO: 02:15:38.165: sctp protocol not supported
EtherApe-INFO: 02:15:38.165: sctp protocol not supported
EtherApe-INFO: 02:15:38.165: sctp protocol not supported
EtherApe-INFO: 02:15:38.165: sctp protocol not supported
EtherApe-INFO: 02:15:38.165: dccp protocol not supported
EtherApe-INFO: 02:15:38.165: sctp protocol not supported
EtherApe-INFO: 02:15:38.165: sctp protocol not supported
EtherApe-INFO: 02:15:38.165: sctp protocol not supported
EtherApe-INFO: 02:15:38.165: sctp protocol not supported
EtherApe-INFO: 02:15:38.165: sctp protocol not supported
EtherApe-INFO: 02:15:38.165: sctp protocol not supported
EtherApe-INFO: 02:15:38.165: sctp protocol not supported
EtherApe-INFO: 02:15:38.165: sctp protocol not supported
EtherApe-INFO: 02:15:38.166: sctp protocol not supported
EtherApe-INFO: 02:15:38.166: sctp protocol not supported
EtherApe-INFO: 02:15:38.166: sctp protocol not supported
EtherApe-INFO: 02:15:38.166: sctp protocol not supported
EtherApe-INFO: 02:15:38.166: sctp protocol not supported
EtherApe-INFO: 02:15:38.166: sctp protocol not supported
EtherApe-INFO: 02:15:38.166: sctp protocol not supported
EtherApe-INFO: 02:15:38.166: sctp protocol not supported
EtherApe-INFO: 02:15:38.166: sctp protocol not supported
EtherApe-INFO: 02:15:38.166: sctp protocol not supported
EtherApe-INFO: 02:15:38.166: sctp protocol not supported
EtherApe-INFO: 02:15:38.166: sctp protocol not supported
EtherApe-INFO: 02:15:38.166: sctp protocol not supported
EtherApe-INFO: 02:15:38.166: sctp protocol not supported
EtherApe-INFO: 02:15:38.166: sctp protocol not supported
EtherApe-INFO: 02:15:38.166: sctp protocol not supported
EtherApe-INFO: 02:15:38.166: sctp protocol not supported
EtherApe-INFO: 02:15:38.166: sctp protocol not supported
EtherApe-INFO: 02:15:38.166: sctp protocol not supported
EtherApe-INFO: 02:15:38.166: sctp protocol not supported
EtherApe-INFO: 02:15:38.166: sctp protocol not supported
EtherApe-INFO: 02:15:38.166: sctp protocol not supported
EtherApe-INFO: 02:15:38.166: sctp protocol not supported
EtherApe-INFO: 02:15:38.166: sctp protocol not supported
EtherApe-INFO: 02:15:38.166: sctp protocol not supported
EtherApe-INFO: 02:15:38.166: sctp protocol not supported
EtherApe-INFO: 02:15:38.166: sctp protocol not supported
EtherApe-INFO: 02:15:38.166: sctp protocol not supported
EtherApe-INFO: 02:15:38.198: get_interface result: ''
EtherApe-INFO: 02:15:38.199: Available interfaces for capture: dbus-session dbus-system nfqueue nflog bluetooth-monitor wlp1s0f3u2 lo any
EtherApe-INFO: 02:15:38.213: Link type is LINUX_SLL
EtherApe-INFO: 02:15:38.213: Diagram started
EtherApe-INFO: 02:15:38.453: New node: IP: 0.0.0.0. Number of nodes 1
EtherApe-INFO: 02:15:38.453: New node: IP: 255.255.255.255. Number of nodes 2
EtherApe-INFO: 02:15:38.453: New node: IP: 192.168.43.252. Number of nodes 3
EtherApe-INFO: 02:15:38.453: New node: IP: 192.168.43.250. Number of nodes 4
EtherApe-INFO: 02:15:38.453: New node: IPv6: ::. Number of nodes 5
EtherApe-INFO: 02:15:38.453: New node: IPv6: ff02::16. Number of nodes 6
EtherApe-INFO: 02:15:39.516: New node: IPv6: ff02::1:ff64:8770. Number of nodes 7
EtherApe-INFO: 02:15:40.053: New node: IP: 149.154.175.100. Number of nodes 8
EtherApe-INFO: 02:15:40.583: New node: IPv6: fe80::4bd2:2ccc:b764:8770. Number of nodes 9
EtherApe-INFO: 02:15:40.583: New node: IP: 149.154.167.51. Number of nodes 10
EtherApe-INFO: 02:15:40.583: New node: IP: 149.154.167.50. Number of nodes 11
EtherApe-INFO: 02:15:40.583: New node: IPv6: ff02::2. Number of nodes 12
EtherApe-INFO: 02:15:41.117: New node: IP: 8.8.8.8. Number of nodes 13
EtherApe-INFO: 02:15:41.383: New node: IP: 35.201.97.85. Number of nodes 14
EtherApe-INFO: 02:15:41.383: New node: IP: 172.217.20.202. Number of nodes 15
EtherApe-INFO: 02:15:41.650: New node: IP: 5.28.194.186. Number of nodes 16
EtherApe-INFO: 02:15:42.185: New node: IP: 149.154.167.151. Number of nodes 17
EtherApe-INFO: 02:15:42.454: New node: IP: 239.255.255.250. Number of nodes 18
EtherApe-INFO: 02:15:43.517: New node: IP: 1.1.1.1. Number of nodes 19
EtherApe-INFO: 02:15:45.653: New node: IP: 224.0.0.251. Number of nodes 20
EtherApe-INFO: 02:15:45.653: New node: IP: 37.19.218.167. Number of nodes 21
EtherApe-INFO: 02:15:48.320: New node: IP: 142.250.75.10. Number of nodes 22
EtherApe-INFO: 02:15:51.643: Nodes: 22 (shown 22)
EtherApe-INFO: 02:15:52.050: New node: IPv6: fe80::d672:26ff:fe6c:e667. Number of nodes 23
EtherApe-INFO: 02:15:52.585: New node: IP: 142.250.203.142. Number of nodes 24
EtherApe-INFO: 02:15:53.120: New node: IP: 142.250.203.132. Number of nodes 25
EtherApe-INFO: 02:15:53.652: New node: IP: 95.216.195.133. Number of nodes 26
EtherApe-INFO: 02:15:53.916: New node: IP: 142.250.203.202. Number of nodes 27
EtherApe-INFO: 02:15:55.784: New node: IP: 172.217.20.170. Number of nodes 28
EtherApe-INFO: 02:15:56.816: Nodes: 28 (shown 28)
EtherApe-INFO: 02:15:57.117: New node: IP: 172.217.16.46. Number of nodes 29
EtherApe-INFO: 02:15:57.653: New node: IP: 142.250.186.196. Number of nodes 30
EtherApe-INFO: 02:16:37.570: New node: IP: 155.133.226.75. Number of nodes 31
EtherApe-INFO: 02:16:42.637: New node: IP: 155.133.226.78. Number of nodes 32
EtherApe-INFO: 02:16:42.639: New node: IP: 162.254.198.104. Number of nodes 33
EtherApe-INFO: 02:16:42.905: New node: IP: 155.133.252.54. Number of nodes 34
EtherApe-INFO: 02:16:43.439: New node: IP: 162.254.197.39. Number of nodes 35
EtherApe-INFO: 02:16:43.704: New node: IP: 162.254.197.54. Number of nodes 36
EtherApe-INFO: 02:16:43.971: New node: IP: 155.133.252.39. Number of nodes 37
EtherApe-INFO: 02:16:46.104: New node: IP: 94.153.123.179. Number of nodes 38
EtherApe-INFO: 02:16:46.636: New node: IP: 104.64.126.192. Number of nodes 39
EtherApe-INFO: 02:16:46.903: New node: IP: 94.153.123.137. Number of nodes 40
EtherApe-INFO: 02:16:46.904: New node: IP: 2.21.173.123. Number of nodes 41
EtherApe-INFO: 02:16:53.836: New node: IP: 2.18.15.221. Number of nodes 42
EtherApe-INFO: 02:16:53.837: New node: IP: 23.197.104.71. Number of nodes 43
EtherApe-INFO: 02:17:00.773: New node: IP: 2.21.173.105. Number of nodes 44
EtherApe-INFO: 02:17:07.970: New node: IP: 2.21.89.80. Number of nodes 45
EtherApe-INFO: 02:17:12.777: New node: IP: 162.254.198.44. Number of nodes 46
EtherApe-INFO: 02:17:37.306: New node: IP: 172.217.16.4. Number of nodes 47
EtherApe-INFO: 02:17:38.689: delete node: IP: 255.255.255.255. Number of nodes 46
EtherApe-INFO: 02:17:38.689: delete node: IP: 192.168.43.252. Number of nodes 45
EtherApe-INFO: 02:17:38.689: delete node: IP: 0.0.0.0. Number of nodes 44
EtherApe-INFO: 02:17:39.447: delete node: IPv6: ff02::1:ff64:8770. Number of nodes 43
EtherApe-INFO: 02:17:39.447: delete node: IPv6: ::. Number of nodes 42
EtherApe-INFO: 02:17:41.072: delete node: IPv6: ff02::16. Number of nodes 41
EtherApe-INFO: 02:17:42.473: delete node: IP: 172.217.20.202. Number of nodes 40
EtherApe-INFO: 02:17:42.473: delete node: IP: 149.154.175.100. Number of nodes 39
EtherApe-INFO: 02:17:42.473: delete node: IP: 35.201.97.85. Number of nodes 38
EtherApe-INFO: 02:17:42.473: delete node: IP: 5.28.194.186. Number of nodes 37
EtherApe-INFO: 02:17:48.589: delete node: IP: 224.0.0.251. Number of nodes 36
EtherApe-INFO: 02:17:54.177: delete node: IP: 95.216.195.133. Number of nodes 35
EtherApe-INFO: 02:17:56.295: delete node: IP: 172.217.20.170. Number of nodes 34
EtherApe-INFO: 02:17:59.498: delete node: IP: 149.154.167.151. Number of nodes 33
EtherApe-INFO: 02:18:12.236: New node: IP: 92.123.36.111. Number of nodes 34
EtherApe-INFO: 02:18:32.472: Nodes: 34 (shown 20)
EtherApe-INFO: 02:18:35.378: Nodes: 34 (shown 21)
EtherApe-INFO: 02:18:37.666: delete node: IP: 155.133.226.75. Number of nodes 33
EtherApe-INFO: 02:18:37.931: Nodes: 33 (shown 20)
EtherApe-INFO: 02:18:42.958: Nodes: 33 (shown 20)
EtherApe-INFO: 02:18:53.054: delete node: IPv6: fe80::d672:26ff:fe6c:e667. Number of nodes 32
EtherApe-INFO: 02:18:54.416: delete node: IP: 155.133.252.54. Number of nodes 31
EtherApe-INFO: 02:18:57.250: New node: IP: 149.154.167.151. Number of nodes 32
EtherApe-INFO: 02:19:00.453: New node: IP: 149.154.167.92. Number of nodes 33
EtherApe-INFO: 02:19:00.749: delete node: IP: 162.254.197.39. Number of nodes 32
EtherApe-INFO: 02:19:01.250: New node: IP: 149.154.175.57. Number of nodes 33
EtherApe-INFO: 02:19:01.251: New node: IP: 149.154.175.54. Number of nodes 34
EtherApe-INFO: 02:19:07.916: New node: IP: 149.154.165.111. Number of nodes 35
EtherApe-INFO: 02:19:09.051: delete node: IP: 2.21.173.105. Number of nodes 34
EtherApe-INFO: 02:19:13.566: delete node: IP: 1.1.1.1. Number of nodes 33
EtherApe-INFO: 02:19:14.615: delete node: IP: 162.254.198.44. Number of nodes 32
EtherApe-INFO: 02:19:15.042: delete node: IP: 155.133.252.39. Number of nodes 31
EtherApe-INFO: 02:19:19.810: New node: IP: 1.1.1.1. Number of nodes 32
EtherApe-INFO: 02:19:20.144: delete node: IP: 94.153.123.179. Number of nodes 31
EtherApe-INFO: 02:19:20.665: delete node: IP: 94.153.123.137. Number of nodes 30
EtherApe-INFO: 02:19:21.723: delete node: IP: 162.254.198.104. Number of nodes 29
EtherApe-INFO: 02:19:21.723: delete node: IP: 2.21.173.123. Number of nodes 28
EtherApe-INFO: 02:19:30.838: delete node: IP: 2.18.15.221. Number of nodes 27
EtherApe-INFO: 02:19:46.499: delete node: IPv6: ff02::2. Number of nodes 26
EtherApe-INFO: 02:19:46.499: delete node: IPv6: fe80::4bd2:2ccc:b764:8770. Number of nodes 25
EtherApe-INFO: 02:19:47.010: New node: IP: 142.250.203.131. Number of nodes 26
EtherApe-INFO: 02:19:49.410: New node: IPv6: fe80::4bd2:2ccc:b764:8770. Number of nodes 27
EtherApe-INFO: 02:19:49.410: New node: IPv6: ff02::2. Number of nodes 28
EtherApe-INFO: 02:19:54.002: delete node: IP: 162.254.197.54. Number of nodes 27
EtherApe-INFO: 02:19:56.343: New node: IP: 172.217.20.170. Number of nodes 28
EtherApe-INFO: 02:20:02.571: delete node: IP: 104.64.126.192. Number of nodes 27
EtherApe-INFO: 02:20:34.170: New node: IP: 172.217.16.42. Number of nodes 28
EtherApe-INFO: 02:20:35.566: delete node: IP: 142.250.186.196. Number of nodes 27
EtherApe-INFO: 02:20:58.693: New node: IP: 95.216.195.133. Number of nodes 28
EtherApe-INFO: 02:21:02.714: delete node: IP: 149.154.175.54. Number of nodes 27
EtherApe-INFO: 02:21:02.714: delete node: IP: 149.154.167.50. Number of nodes 26
EtherApe-INFO: 02:21:22.222: delete node: IP: 149.154.175.57. Number of nodes 25
EtherApe-INFO: 02:21:42.162: delete node: IP: 149.154.167.92. Number of nodes 24
EtherApe-INFO: 02:21:42.162: delete node: IP: 149.154.165.111. Number of nodes 23
EtherApe-INFO: 02:21:49.390: delete node: IP: 149.154.167.151. Number of nodes 22
EtherApe-INFO: 02:21:49.707: delete node: IPv6: ff02::2. Number of nodes 21
EtherApe-INFO: 02:21:49.707: delete node: IPv6: fe80::4bd2:2ccc:b764:8770. Number of nodes 20
EtherApe-INFO: 02:21:52.882: delete node: IP: 142.250.75.10. Number of nodes 19
EtherApe-INFO: 02:22:10.699: delete node: IP: 172.217.20.170. Number of nodes 18
EtherApe-INFO: 02:22:37.679: delete node: IP: 1.1.1.1. Number of nodes 17
EtherApe-INFO: 02:22:49.090: New node: IP: 1.1.1.1. Number of nodes 18
EtherApe-INFO: 02:22:54.225: delete node: IP: 172.217.16.42. Number of nodes 17
EtherApe-INFO: 02:22:59.527: delete node: IP: 95.216.195.133. Number of nodes 16
EtherApe-INFO: 02:24:02.160: New node: IP: 224.0.0.251. Number of nodes 17
EtherApe-INFO: 02:24:05.091: New node: IPv6: fe80::4bd2:2ccc:b764:8770. Number of nodes 18
EtherApe-INFO: 02:24:05.091: New node: IPv6: ff02::2. Number of nodes 19
EtherApe-INFO: 02:24:05.626: New node: IP: 216.58.215.109. Number of nodes 20
EtherApe-INFO: 02:24:49.371: delete node: IP: 1.1.1.1. Number of nodes 19
EtherApe-INFO: 02:25:00.290: New node: IP: 172.217.20.195. Number of nodes 20
EtherApe-INFO: 02:25:00.291: New node: IP: 172.217.16.3. Number of nodes 21
EtherApe-INFO: 02:25:01.359: New node: IP: 34.104.35.123. Number of nodes 22
EtherApe-INFO: 02:25:10.695: New node: IP: 1.1.1.1. Number of nodes 23
EtherApe-INFO: 02:25:29.093: New node: IP: 2.21.173.105. Number of nodes 24
EtherApe-INFO: 02:25:32.028: New node: IP: 149.154.167.50. Number of nodes 25
EtherApe-INFO: 02:25:40.623: delete node: IP: 92.123.36.111. Number of nodes 24
EtherApe-INFO: 02:25:40.623: delete node: IP: 2.21.89.80. Number of nodes 23
EtherApe-INFO: 02:25:47.582: delete node: IP: 142.250.203.142. Number of nodes 22
EtherApe-INFO: 02:25:53.638: New node: IP: 95.216.195.133. Number of nodes 23
EtherApe-INFO: 02:26:05.124: delete node: IPv6: ff02::2. Number of nodes 22
EtherApe-INFO: 02:26:05.124: delete node: IPv6: fe80::4bd2:2ccc:b764:8770. Number of nodes 21
EtherApe-INFO: 02:26:05.436: delete node: IP: 224.0.0.251. Number of nodes 20
EtherApe-INFO: 02:26:16.827: New node: IP: 92.123.36.111. Number of nodes 21
EtherApe-INFO: 02:26:17.341: New node: IP: 94.153.123.137. Number of nodes 22
EtherApe-INFO: 02:28:14.930: New node: IP: 0.0.0.0. Number of nodes 23
EtherApe-INFO: 02:28:14.930: New node: IP: 255.255.255.255. Number of nodes 24
EtherApe-INFO: 02:28:14.930: New node: IP: 192.168.43.252. Number of nodes 25
EtherApe-INFO: 02:28:14.930: New node: IPv6: ::. Number of nodes 26
EtherApe-INFO: 02:28:14.930: New node: IPv6: ff02::16. Number of nodes 27
EtherApe-INFO: 02:28:14.931: New node: IP: 149.154.167.92. Number of nodes 28
EtherApe-INFO: 02:28:14.931: New node: IP: 149.154.167.91. Number of nodes 29
EtherApe-INFO: 02:28:14.947: delete node: IP: 239.255.255.250. Number of nodes 28
EtherApe-INFO: 02:28:14.947: delete node: IP: 172.217.20.195. Number of nodes 27
EtherApe-INFO: 02:28:14.947: delete node: IP: 172.217.16.4. Number of nodes 26
EtherApe-INFO: 02:28:14.947: delete node: IP: 172.217.16.3. Number of nodes 25
EtherApe-INFO: 02:28:14.947: delete node: IP: 142.250.203.202. Number of nodes 24
EtherApe-INFO: 02:28:14.947: delete node: IP: 142.250.203.132. Number of nodes 23
EtherApe-INFO: 02:28:14.947: delete node: IP: 142.250.203.131. Number of nodes 22
EtherApe-INFO: 02:28:14.947: delete node: IP: 95.216.195.133. Number of nodes 21
EtherApe-INFO: 02:28:14.947: delete node: IP: 34.104.35.123. Number of nodes 20
EtherApe-INFO: 02:28:14.947: delete node: IP: 2.21.173.105. Number of nodes 19
EtherApe-INFO: 02:28:14.947: delete node: IP: 1.1.1.1. Number of nodes 18
EtherApe-INFO: 02:28:15.200: New node: IPv6: ff02::1:ff64:8770. Number of nodes 19
EtherApe-INFO: 02:28:15.201: New node: IP: 35.201.97.85. Number of nodes 20
EtherApe-INFO: 02:28:15.202: New node: IP: 172.217.20.202. Number of nodes 21
EtherApe-INFO: 02:28:15.999: New node: IP: 95.216.195.133. Number of nodes 22
EtherApe-INFO: 02:28:16.266: New node: IPv6: fe80::4bd2:2ccc:b764:8770. Number of nodes 23
EtherApe-INFO: 02:28:17.134: delete node: IP: 23.197.104.71. Number of nodes 22
EtherApe-INFO: 02:28:17.342: delete node: IP: 92.123.36.111. Number of nodes 21
EtherApe-INFO: 02:28:18.135: New node: IP: 239.255.255.250. Number of nodes 22
EtherApe-INFO: 02:28:18.704: delete node: IP: 94.153.123.137. Number of nodes 21
EtherApe-INFO: 02:28:19.755: delete node: IP: 155.133.226.78. Number of nodes 20
EtherApe-INFO: 02:28:21.070: New node: IP: 224.0.0.251. Number of nodes 21
EtherApe-INFO: 02:28:24.263: New node: IP: 1.1.1.1. Number of nodes 22
EtherApe-INFO: 02:28:24.796: New node: IP: 172.217.16.4. Number of nodes 23
EtherApe-INFO: 02:28:25.063: New node: IPv6: ff02::2. Number of nodes 24
EtherApe-INFO: 02:28:30.396: New node: IP: 172.217.16.42. Number of nodes 25
EtherApe-INFO: 02:28:34.664: New node: IP: 155.133.226.75. Number of nodes 26
EtherApe-INFO: 02:28:39.466: New node: IP: 142.250.203.202. Number of nodes 27
EtherApe-INFO: 02:28:51.997: New node: IP: 142.250.201.206. Number of nodes 28
EtherApe-INFO: 02:29:00.533: New node: IP: 172.217.16.3. Number of nodes 29
EtherApe-INFO: 02:29:00.796: New node: IP: 142.250.203.132. Number of nodes 30
EtherApe-INFO: 02:29:02.130: New node: IP: 172.217.20.195. Number of nodes 31
EtherApe-INFO: 02:29:06.932: New node: IP: 162.254.198.44. Number of nodes 32
EtherApe-INFO: 02:29:06.932: New node: IP: 155.133.226.78. Number of nodes 33
EtherApe-INFO: 02:29:06.932: New node: IP: 155.133.252.39. Number of nodes 34
EtherApe-INFO: 02:29:22.933: New node: IP: 142.250.186.196. Number of nodes 35
EtherApe-INFO: 02:30:14.958: delete node: IP: 255.255.255.255. Number of nodes 34
EtherApe-INFO: 02:30:14.958: delete node: IP: 192.168.43.252. Number of nodes 33
EtherApe-INFO: 02:30:14.958: delete node: IP: 0.0.0.0. Number of nodes 32
EtherApe-INFO: 02:30:16.018: delete node: IPv6: ff02::1:ff64:8770. Number of nodes 31
EtherApe-INFO: 02:30:16.018: delete node: IPv6: ::. Number of nodes 30
EtherApe-INFO: 02:30:16.018: delete node: IP: 172.217.20.202. Number of nodes 29
EtherApe-INFO: 02:30:16.018: delete node: IP: 149.154.167.92. Number of nodes 28
EtherApe-INFO: 02:30:16.018: delete node: IP: 149.154.167.91. Number of nodes 27
EtherApe-INFO: 02:30:16.018: delete node: IP: 35.201.97.85. Number of nodes 26
EtherApe-INFO: 02:30:24.356: delete node: IP: 224.0.0.251. Number of nodes 25
EtherApe-INFO: 02:30:25.416: delete node: IP: 172.217.16.4. Number of nodes 24
EtherApe-INFO: 02:30:26.479: delete node: IPv6: ff02::16. Number of nodes 23
EtherApe-INFO: 02:30:26.480: delete node: IP: 95.216.195.133. Number of nodes 22
EtherApe-INFO: 02:30:44.264: New node: IP: 172.217.16.4. Number of nodes 23
EtherApe-INFO: 02:30:46.933: New node: IPv6: fe80::d672:26ff:fe6c:e667. Number of nodes 24
EtherApe-INFO: 02:30:52.573: delete node: IP: 1.1.1.1. Number of nodes 23
EtherApe-INFO: 02:30:57.356: delete node: IP: 216.58.215.109. Number of nodes 22
EtherApe-INFO: 02:30:57.356: delete node: IP: 155.133.226.75. Number of nodes 21
EtherApe-INFO: 02:30:57.356: delete node: IP: 142.250.201.206. Number of nodes 20
EtherApe-INFO: 02:30:58.710: delete node: IP: 149.154.167.50. Number of nodes 19
EtherApe-INFO: 02:31:12.632: delete node: IP: 162.254.198.44. Number of nodes 18
EtherApe-INFO: 02:31:12.632: delete node: IP: 155.133.252.39. Number of nodes 17
EtherApe-INFO: 02:31:41.650: delete node: IP: 172.217.16.3. Number of nodes 16
EtherApe-INFO: 02:31:54.957: delete node: IP: 172.217.20.195. Number of nodes 15
EtherApe-INFO: 02:32:41.956: delete node: IPv6: fe80::4bd2:2ccc:b764:8770. Number of nodes 14
EtherApe-INFO: 02:32:47.750: delete node: IPv6: ff02::2. Number of nodes 13
EtherApe-INFO: 02:32:47.751: delete node: IPv6: fe80::d672:26ff:fe6c:e667. Number of nodes 12
EtherApe-INFO: 02:32:57.066: New node: IP: 216.58.215.109. Number of nodes 13
EtherApe-INFO: 02:32:58.930: New node: IPv6: fe80::4bd2:2ccc:b764:8770. Number of nodes 14
EtherApe-INFO: 02:32:58.930: New node: IPv6: ff02::2. Number of nodes 15
EtherApe-INFO: 02:33:25.064: New node: IP: 95.216.195.133. Number of nodes 16
EtherApe-INFO: 02:33:56.361: delete node: IP: 142.250.203.132. Number of nodes 15
EtherApe-INFO: 02:34:01.063: New node: IP: 1.1.1.1. Number of nodes 16
EtherApe-INFO: 02:34:37.063: New node: IP: 23.197.104.71. Number of nodes 17
EtherApe-INFO: 02:34:37.330: New node: IP: 92.123.36.111. Number of nodes 18
EtherApe-INFO: 02:34:46.461: delete node: IP: 172.217.16.42. Number of nodes 17
EtherApe-INFO: 02:34:57.367: delete node: IP: 216.58.215.109. Number of nodes 16
EtherApe-INFO: 02:34:58.959: delete node: IPv6: ff02::2. Number of nodes 15
EtherApe-INFO: 02:34:58.959: delete node: IPv6: fe80::4bd2:2ccc:b764:8770. Number of nodes 14
EtherApe-INFO: 02:35:25.661: delete node: IP: 95.216.195.133. Number of nodes 13
EtherApe-INFO: 02:36:01.399: delete node: IP: 1.1.1.1. Number of nodes 12
EtherApe-INFO: 02:36:56.812: delete node: IP: 92.123.36.111. Number of nodes 11
EtherApe-INFO: 02:36:56.812: delete node: IP: 23.197.104.71. Number of nodes 10
EtherApe-INFO: 02:37:23.730: New node: IPv6: fe80::4bd2:2ccc:b764:8770. Number of nodes 11
EtherApe-INFO: 02:37:23.730: New node: IPv6: ff02::2. Number of nodes 12
EtherApe-INFO: 02:38:25.066: New node: IP: 95.216.195.133. Number of nodes 13
EtherApe-INFO: 02:39:24.800: delete node: IPv6: ff02::2. Number of nodes 12
EtherApe-INFO: 02:39:24.800: delete node: IPv6: fe80::4bd2:2ccc:b764:8770. Number of nodes 11
EtherApe-INFO: 02:40:25.630: delete node: IP: 95.216.195.133. Number of nodes 10
EtherApe-INFO: 02:41:17.330: New node: IP: 149.154.167.151. Number of nodes 11
EtherApe-INFO: 02:41:22.129: New node: IP: 1.1.1.1. Number of nodes 12
EtherApe-INFO: 02:41:26.930: New node: IP: 149.154.167.50. Number of nodes 13
EtherApe-INFO: 02:41:29.868: New node: IP: 142.250.203.132. Number of nodes 14
EtherApe-INFO: 02:41:51.463: New node: IP: 23.59.84.82. Number of nodes 15
EtherApe-INFO: 02:41:59.197: New node: IP: 104.64.126.192. Number of nodes 16
EtherApe-INFO: 02:43:18.168: delete node: IP: 142.250.186.196. Number of nodes 15
EtherApe-INFO: 02:43:25.063: New node: IP: 95.216.195.133. Number of nodes 16
EtherApe-INFO: 02:43:39.818: delete node: IP: 149.154.167.151. Number of nodes 15
EtherApe-INFO: 02:44:28.542: delete node: IP: 1.1.1.1. Number of nodes 14
EtherApe-INFO: 02:44:45.876: delete node: IP: 104.64.126.192. Number of nodes 13
EtherApe-INFO: 02:44:50.133: New node: IP: 142.250.203.142. Number of nodes 14
EtherApe-INFO: 02:44:50.133: New node: IP: 172.217.20.163. Number of nodes 15
EtherApe-INFO: 02:45:25.604: delete node: IP: 95.216.195.133. Number of nodes 14
EtherApe-INFO: 02:45:49.906: delete node: IP: 23.59.84.82. Number of nodes 13
EtherApe-INFO: 02:46:34.396: New node: IPv6: fe80::4bd2:2ccc:b764:8770. Number of nodes 14
EtherApe-INFO: 02:46:34.396: New node: IPv6: ff02::2. Number of nodes 15
EtherApe-INFO: 02:46:51.248: delete node: IP: 142.250.203.142. Number of nodes 14
EtherApe-INFO: 02:46:52.796: New node: IP: 142.250.75.10. Number of nodes 15
EtherApe-INFO: 02:47:42.744: delete node: IP: 172.217.20.163. Number of nodes 14
EtherApe-INFO: 02:48:25.333: New node: IP: 95.216.195.133. Number of nodes 15
EtherApe-INFO: 02:48:26.962: delete node: IP: 142.250.203.132. Number of nodes 14
EtherApe-INFO: 02:48:34.410: delete node: IPv6: ff02::2. Number of nodes 13
EtherApe-INFO: 02:48:34.411: delete node: IPv6: fe80::4bd2:2ccc:b764:8770. Number of nodes 12
EtherApe-INFO: 02:48:53.701: delete node: IP: 142.250.75.10. Number of nodes 11
EtherApe-INFO: 02:50:25.666: delete node: IP: 95.216.195.133. Number of nodes 10
EtherApe-INFO: 02:50:58.666: New node: IP: 142.250.203.142. Number of nodes 11
EtherApe-INFO: 02:53:30.131: New node: IP: 95.216.195.133. Number of nodes 12
EtherApe-INFO: 02:55:30.748: delete node: IP: 95.216.195.133. Number of nodes 11
EtherApe-INFO: 02:56:10.744: delete node: IP: 142.250.203.142. Number of nodes 10
EtherApe-INFO: 02:58:14.930: New node: IP: 192.168.43.252. Number of nodes 11
EtherApe-INFO: 02:58:25.064: New node: IP: 95.216.195.133. Number of nodes 12
EtherApe-INFO: 02:58:34.129: New node: IP: 172.217.16.42. Number of nodes 13
EtherApe-INFO: 03:00:14.987: delete node: IP: 192.168.43.252. Number of nodes 12
EtherApe-INFO: 03:00:27.551: delete node: IP: 95.216.195.133. Number of nodes 11
EtherApe-INFO: 03:01:04.063: delete node: IP: 172.217.16.42. Number of nodes 10
EtherApe-INFO: 03:02:18.398: New node: IP: 1.1.1.1. Number of nodes 11
EtherApe-INFO: 03:02:18.398: New node: IP: 172.217.19.100. Number of nodes 12
EtherApe-INFO: 03:02:36.530: New node: IP: 172.217.16.42. Number of nodes 13
EtherApe-INFO: 03:02:43.996: New node: IP: 103.107.196.171. Number of nodes 14
EtherApe-INFO: 03:02:43.997: New node: IP: 142.250.203.132. Number of nodes 15
EtherApe-INFO: 03:02:44.797: New node: IP: 104.17.50.74. Number of nodes 16
EtherApe-INFO: 03:02:44.797: New node: IP: 216.58.215.110. Number of nodes 17
EtherApe-INFO: 03:02:46.667: New node: IP: 172.217.20.174. Number of nodes 18
EtherApe-INFO: 03:02:50.929: New node: IP: 185.180.12.242. Number of nodes 19
EtherApe-INFO: 03:03:25.063: New node: IP: 95.216.195.133. Number of nodes 20
