(etherape:2014): GLib-GIO-DEBUG: 20:11:55.689: _g_io_module_get_default: Found default implementation local (GLocalVfs) for ‘gio-vfs’
EtherApe-INFO: 20:11:55.838: sctp protocol not supported
EtherApe-INFO: 20:11:55.838: dccp protocol not supported
EtherApe-INFO: 20:11:55.838: sctp protocol not supported
EtherApe-INFO: 20:11:55.838: sctp protocol not supported
EtherApe-INFO: 20:11:55.838: sctp protocol not supported
EtherApe-INFO: 20:11:55.838: sctp protocol not supported
EtherApe-INFO: 20:11:55.838: sctp protocol not supported
EtherApe-INFO: 20:11:55.838: sctp protocol not supported
EtherApe-INFO: 20:11:55.839: sctp protocol not supported
EtherApe-INFO: 20:11:55.839: dccp protocol not supported
EtherApe-INFO: 20:11:55.839: sctp protocol not supported
EtherApe-INFO: 20:11:55.839: dccp protocol not supported
EtherApe-INFO: 20:11:55.839: dccp protocol not supported
EtherApe-INFO: 20:11:55.839: sctp protocol not supported
EtherApe-INFO: 20:11:55.839: sctp protocol not supported
EtherApe-INFO: 20:11:55.840: sctp protocol not supported
EtherApe-INFO: 20:11:55.840: sctp protocol not supported
EtherApe-INFO: 20:11:55.840: sctp protocol not supported
EtherApe-INFO: 20:11:55.841: sctp protocol not supported
EtherApe-INFO: 20:11:55.841: sctp protocol not supported
EtherApe-INFO: 20:11:55.841: sctp protocol not supported
EtherApe-INFO: 20:11:55.841: sctp protocol not supported
EtherApe-INFO: 20:11:55.841: sctp protocol not supported
EtherApe-INFO: 20:11:55.842: sctp protocol not supported
EtherApe-INFO: 20:11:55.842: sctp protocol not supported
EtherApe-INFO: 20:11:55.842: sctp protocol not supported
EtherApe-INFO: 20:11:55.842: sctp protocol not supported
EtherApe-INFO: 20:11:55.843: sctp protocol not supported
EtherApe-INFO: 20:11:55.843: dccp protocol not supported
EtherApe-INFO: 20:11:55.843: sctp protocol not supported
EtherApe-INFO: 20:11:55.843: sctp protocol not supported
EtherApe-INFO: 20:11:55.843: dccp protocol not supported
EtherApe-INFO: 20:11:55.843: sctp protocol not supported
EtherApe-INFO: 20:11:55.843: sctp protocol not supported
EtherApe-INFO: 20:11:55.843: sctp protocol not supported
EtherApe-INFO: 20:11:55.843: dccp protocol not supported
EtherApe-INFO: 20:11:55.843: dccp protocol not supported
EtherApe-INFO: 20:11:55.843: sctp protocol not supported
EtherApe-INFO: 20:11:55.843: sctp protocol not supported
EtherApe-INFO: 20:11:55.843: sctp protocol not supported
EtherApe-INFO: 20:11:55.843: sctp protocol not supported
EtherApe-INFO: 20:11:55.843: sctp protocol not supported
EtherApe-INFO: 20:11:55.844: sctp protocol not supported
EtherApe-INFO: 20:11:55.844: sctp protocol not supported
EtherApe-INFO: 20:11:55.844: sctp protocol not supported
EtherApe-INFO: 20:11:55.844: sctp protocol not supported
EtherApe-INFO: 20:11:55.844: sctp protocol not supported
EtherApe-INFO: 20:11:55.844: sctp protocol not supported
EtherApe-INFO: 20:11:55.844: sctp protocol not supported
EtherApe-INFO: 20:11:55.844: sctp protocol not supported
EtherApe-INFO: 20:11:55.844: dccp protocol not supported
EtherApe-INFO: 20:11:55.844: sctp protocol not supported
EtherApe-INFO: 20:11:55.844: sctp protocol not supported
EtherApe-INFO: 20:11:55.844: sctp protocol not supported
EtherApe-INFO: 20:11:55.844: sctp protocol not supported
EtherApe-INFO: 20:11:55.844: sctp protocol not supported
EtherApe-INFO: 20:11:55.844: sctp protocol not supported
EtherApe-INFO: 20:11:55.844: sctp protocol not supported
EtherApe-INFO: 20:11:55.845: sctp protocol not supported
EtherApe-INFO: 20:11:55.845: sctp protocol not supported
EtherApe-INFO: 20:11:55.845: sctp protocol not supported
EtherApe-INFO: 20:11:55.845: sctp protocol not supported
EtherApe-INFO: 20:11:55.845: sctp protocol not supported
EtherApe-INFO: 20:11:55.845: sctp protocol not supported
EtherApe-INFO: 20:11:55.845: sctp protocol not supported
EtherApe-INFO: 20:11:55.845: sctp protocol not supported
EtherApe-INFO: 20:11:55.845: sctp protocol not supported
EtherApe-INFO: 20:11:55.845: sctp protocol not supported
EtherApe-INFO: 20:11:55.845: sctp protocol not supported
EtherApe-INFO: 20:11:55.845: sctp protocol not supported
EtherApe-INFO: 20:11:55.845: sctp protocol not supported
EtherApe-INFO: 20:11:55.846: sctp protocol not supported
EtherApe-INFO: 20:11:55.846: sctp protocol not supported
EtherApe-INFO: 20:11:55.846: sctp protocol not supported
EtherApe-INFO: 20:11:55.846: sctp protocol not supported
EtherApe-INFO: 20:11:55.846: sctp protocol not supported
EtherApe-INFO: 20:11:55.846: sctp protocol not supported
EtherApe-INFO: 20:11:55.846: sctp protocol not supported
EtherApe-INFO: 20:11:55.846: sctp protocol not supported
EtherApe-INFO: 20:11:55.846: sctp protocol not supported
EtherApe-INFO: 20:11:55.846: sctp protocol not supported
EtherApe-INFO: 20:11:55.846: sctp protocol not supported
EtherApe-INFO: 20:11:55.846: sctp protocol not supported
EtherApe-INFO: 20:11:55.846: sctp protocol not supported
EtherApe-INFO: 20:11:55.846: sctp protocol not supported
EtherApe-INFO: 20:11:55.846: sctp protocol not supported
EtherApe-INFO: 20:11:55.846: sctp protocol not supported
EtherApe-INFO: 20:11:56.089: get_interface result: ''
EtherApe-INFO: 20:11:56.090: Available interfaces for capture: wwp0s20u4i6 dbus-session dbus-system nfqueue nflog bluetooth-monitor wlp3s0 lo any enp0s25
EtherApe-INFO: 20:11:56.101: Link type is LINUX_SLL
EtherApe-INFO: 20:11:56.102: Diagram started
EtherApe-INFO: 20:11:56.365: New node: IP: 149.154.167.223. Number of nodes 1
EtherApe-INFO: 20:11:56.365: New node: IP: 192.168.2.226. Number of nodes 2
EtherApe-INFO: 20:11:57.965: New node: IP: 192.168.2.1. Number of nodes 3
EtherApe-INFO: 20:12:00.395: New node: IP: 149.154.167.51. Number of nodes 4
EtherApe-INFO: 20:12:03.325: New node: IP: 172.217.20.206. Number of nodes 5
EtherApe-INFO: 20:12:07.325: New node: IP: 172.217.16.10. Number of nodes 6
EtherApe-INFO: 20:12:08.125: New node: IP: 216.58.209.14. Number of nodes 7
EtherApe-INFO: 20:12:08.125: New node: IP: 172.217.16.4. Number of nodes 8
EtherApe-INFO: 20:12:10.792: New node: IP: 216.58.215.106. Number of nodes 9
EtherApe-INFO: 20:12:18.258: New node: IP: 216.58.215.99. Number of nodes 10
EtherApe-INFO: 20:12:19.591: New node: IP: 172.217.16.13. Number of nodes 11
EtherApe-INFO: 20:12:19.900: New node: IP: 142.250.203.206. Number of nodes 12
EtherApe-INFO: 20:12:20.395: New node: IP: 216.58.215.67. Number of nodes 13
EtherApe-INFO: 20:12:20.395: New node: IP: 142.250.203.202. Number of nodes 14
EtherApe-INFO: 20:12:21.458: New node: IP: 142.250.75.10. Number of nodes 15
EtherApe-INFO: 20:12:21.458: New node: IP: 104.17.50.74. Number of nodes 16
EtherApe-INFO: 20:12:21.459: New node: IP: 35.188.42.15. Number of nodes 17
EtherApe-INFO: 20:12:21.995: New node: IP: 104.18.12.33. Number of nodes 18
EtherApe-INFO: 20:12:22.261: New node: IP: 185.102.185.67. Number of nodes 19
EtherApe-INFO: 20:12:23.325: New node: IP: 173.194.222.188. Number of nodes 20
EtherApe-INFO: 20:12:23.325: New node: IP: 135.181.27.174. Number of nodes 21
EtherApe-INFO: 20:12:26.795: New node: IP: 185.199.108.154. Number of nodes 22
EtherApe-INFO: 20:12:28.397: New node: IP: 216.58.209.3. Number of nodes 23
EtherApe-INFO: 20:12:33.459: New node: IP: 74.125.15.217. Number of nodes 24
EtherApe-INFO: 20:12:36.925: New node: IP: 142.250.203.138. Number of nodes 25
EtherApe-INFO: 20:12:38.258: New node: IP: 142.250.75.13. Number of nodes 26
EtherApe-INFO: 20:12:38.259: New node: IP: 140.82.121.3. Number of nodes 27
EtherApe-INFO: 20:12:38.528: New node: IP: 185.199.111.133. Number of nodes 28
EtherApe-INFO: 20:12:38.529: New node: IP: 185.199.109.133. Number of nodes 29
EtherApe-INFO: 20:12:38.529: New node: IP: 140.82.114.22. Number of nodes 30
EtherApe-INFO: 20:12:54.525: New node: IP: 172.217.20.195. Number of nodes 31
EtherApe-INFO: 20:12:54.526: New node: IP: 34.65.146.140. Number of nodes 32
EtherApe-INFO: 20:13:00.126: New node: IP: 142.250.186.195. Number of nodes 33
EtherApe-INFO: 20:13:00.660: New node: IP: 172.217.20.170. Number of nodes 34
EtherApe-INFO: 20:13:01.728: New node: IP: 142.250.186.206. Number of nodes 35
EtherApe-INFO: 20:13:04.926: New node: IP: 172.217.16.5. Number of nodes 36
EtherApe-INFO: 20:13:05.726: New node: IP: 216.58.208.206. Number of nodes 37
EtherApe-INFO: 20:13:06.259: New node: IP: 216.58.208.195. Number of nodes 38
EtherApe-INFO: 20:13:06.261: New node: IP: 216.58.215.78. Number of nodes 39
EtherApe-INFO: 20:13:06.265: New node: IP: 172.217.16.14. Number of nodes 40
EtherApe-INFO: 20:13:06.792: New node: IP: 142.250.203.129. Number of nodes 41
EtherApe-INFO: 20:13:07.058: New node: IP: 142.250.75.14. Number of nodes 42
EtherApe-INFO: 20:13:08.126: New node: IP: 216.58.209.10. Number of nodes 43
EtherApe-INFO: 20:13:13.995: New node: IP: 172.217.16.42. Number of nodes 44
EtherApe-INFO: 20:13:17.992: New node: IP: 216.58.215.110. Number of nodes 45
EtherApe-INFO: 20:13:27.330: New node: IP: 216.58.208.196. Number of nodes 46
EtherApe-INFO: 20:13:28.391: New node: IP: 239.255.255.250. Number of nodes 47
EtherApe-INFO: 20:13:55.592: New node: IP: 216.58.208.202. Number of nodes 48
EtherApe-INFO: 20:14:05.725: New node: IP: 31.13.81.174. Number of nodes 49
EtherApe-INFO: 20:14:08.125: New node: IP: 172.217.16.22. Number of nodes 50
EtherApe-INFO: 20:14:08.401: New node: IP: 176.122.113.76. Number of nodes 51
EtherApe-INFO: 20:14:09.565: New node: IP: 31.43.58.32. Number of nodes 52
EtherApe-INFO: 20:14:15.553: New node: IP: 216.58.215.74. Number of nodes 53
EtherApe-INFO: 20:14:32.926: New node: IP: 172.217.4.35. Number of nodes 54
EtherApe-INFO: 20:14:42.347: delete node: IP: 172.217.20.206. Number of nodes 53
EtherApe-INFO: 20:14:42.883: delete node: IP: 135.181.27.174. Number of nodes 52
EtherApe-INFO: 20:14:49.201: delete node: IP: 185.199.108.154. Number of nodes 51
EtherApe-INFO: 20:14:54.596: delete node: IP: 35.188.42.15. Number of nodes 50
EtherApe-INFO: 20:14:59.654: delete node: IP: 34.65.146.140. Number of nodes 49
EtherApe-INFO: 20:15:00.393: New node: IP: 172.217.16.1. Number of nodes 50
EtherApe-INFO: 20:15:00.399: New node: IP: 172.217.16.3. Number of nodes 51
EtherApe-INFO: 20:15:00.415: delete node: IP: 142.250.186.195. Number of nodes 50
EtherApe-INFO: 20:15:08.160: delete node: IP: 216.58.209.10. Number of nodes 49
EtherApe-INFO: 20:15:11.391: delete node: IP: 172.217.16.13. Number of nodes 48
EtherApe-INFO: 20:15:14.827: delete node: IP: 172.217.16.42. Number of nodes 47
EtherApe-INFO: 20:15:21.524: delete node: IP: 172.217.16.4. Number of nodes 46
EtherApe-INFO: 20:15:26.504: delete node: IP: 185.102.185.67. Number of nodes 45
EtherApe-INFO: 20:15:26.504: delete node: IP: 142.250.75.10. Number of nodes 44
EtherApe-INFO: 20:15:32.899: New node: IP: 216.239.32.116. Number of nodes 45
EtherApe-INFO: 20:15:34.765: New node: IP: 185.102.185.67. Number of nodes 46
EtherApe-INFO: 20:15:53.709: delete node: IP: 140.82.121.3. Number of nodes 45
EtherApe-INFO: 20:15:53.709: delete node: IP: 140.82.114.22. Number of nodes 44
EtherApe-INFO: 20:15:57.732: delete node: IP: 142.250.203.202. Number of nodes 43
EtherApe-INFO: 20:16:06.783: delete node: IP: 172.217.16.14. Number of nodes 42
EtherApe-INFO: 20:16:08.098: New node: IP: 95.216.195.133. Number of nodes 43
EtherApe-INFO: 20:16:08.161: delete node: IP: 216.58.215.78. Number of nodes 42
EtherApe-INFO: 20:16:08.161: delete node: IP: 142.250.203.129. Number of nodes 41
EtherApe-INFO: 20:16:08.161: delete node: IP: 142.250.186.206. Number of nodes 40
EtherApe-INFO: 20:16:11.350: delete node: IP: 31.43.58.32. Number of nodes 39
EtherApe-INFO: 20:16:12.203: delete node: IP: 216.58.208.202. Number of nodes 38
EtherApe-INFO: 20:16:12.203: delete node: IP: 74.125.15.217. Number of nodes 37
EtherApe-INFO: 20:16:12.203: delete node: IP: 31.13.81.174. Number of nodes 36
EtherApe-INFO: 20:16:13.791: delete node: IP: 216.58.208.195. Number of nodes 35
EtherApe-INFO: 20:16:18.272: delete node: IP: 216.58.215.74. Number of nodes 34
EtherApe-INFO: 20:16:19.126: delete node: IP: 216.58.208.206. Number of nodes 33
EtherApe-INFO: 20:16:33.169: delete node: IP: 216.58.215.110. Number of nodes 32
EtherApe-INFO: 20:16:33.169: delete node: IP: 216.58.215.106. Number of nodes 31
EtherApe-INFO: 20:16:41.698: New node: IP: 142.250.186.202. Number of nodes 32
EtherApe-INFO: 20:16:44.098: New node: IPv6: fe80::9ada:c4ff:febf:99a5. Number of nodes 33
EtherApe-INFO: 20:16:44.098: New node: IPv6: ff02::1. Number of nodes 34
EtherApe-INFO: 20:16:53.168: New node: IP: 216.58.208.206. Number of nodes 35
EtherApe-INFO: 20:17:03.610: delete node: IP: 172.217.16.1. Number of nodes 34
EtherApe-INFO: 20:17:22.866: delete node: IP: 176.122.113.76. Number of nodes 33
EtherApe-INFO: 20:17:33.199: delete node: IP: 216.239.32.116. Number of nodes 32
EtherApe-INFO: 20:17:34.783: delete node: IP: 185.102.185.67. Number of nodes 31
EtherApe-INFO: 20:17:46.005: delete node: IP: 142.250.75.13. Number of nodes 30
EtherApe-INFO: 20:17:46.232: New node: IP: 216.58.209.10. Number of nodes 31
EtherApe-INFO: 20:17:46.233: New node: IP: 94.153.206.97. Number of nodes 32
EtherApe-INFO: 20:17:46.234: New node: IP: 31.43.58.32. Number of nodes 33
EtherApe-INFO: 20:17:46.247: New node: IP: 31.13.81.174. Number of nodes 34
EtherApe-INFO: 20:17:54.765: New node: IP: 216.58.208.202. Number of nodes 35
EtherApe-INFO: 20:17:56.898: New node: IP: 142.250.186.206. Number of nodes 36
EtherApe-INFO: 20:18:08.727: delete node: IP: 95.216.195.133. Number of nodes 35
EtherApe-INFO: 20:18:21.165: New node: IP: 31.13.81.52. Number of nodes 36
EtherApe-INFO: 20:18:22.498: New node: IP: 31.13.81.36. Number of nodes 37
EtherApe-INFO: 20:18:28.664: delete node: IP: 216.58.209.3. Number of nodes 36
EtherApe-INFO: 20:18:37.967: New node: IP: 216.58.215.68. Number of nodes 37
EtherApe-INFO: 20:18:39.569: New node: IP: 172.217.20.206. Number of nodes 38
EtherApe-INFO: 20:18:42.814: delete node: IP: 216.58.209.14. Number of nodes 37
EtherApe-INFO: 20:18:43.031: New node: IP: 216.58.215.106. Number of nodes 38
EtherApe-INFO: 20:18:44.396: delete node: IPv6: ff02::1. Number of nodes 37
EtherApe-INFO: 20:18:44.396: delete node: IPv6: fe80::9ada:c4ff:febf:99a5. Number of nodes 36
EtherApe-INFO: 20:18:48.898: New node: IP: 172.217.20.202. Number of nodes 37
EtherApe-INFO: 20:18:48.899: New node: IP: 216.58.215.110. Number of nodes 38
EtherApe-INFO: 20:18:48.906: delete node: IP: 149.154.167.223. Number of nodes 37
EtherApe-INFO: 20:18:50.498: New node: IP: 172.217.20.174. Number of nodes 38
EtherApe-INFO: 20:18:50.766: New node: IP: 216.58.209.3. Number of nodes 39
EtherApe-INFO: 20:18:52.638: New node: IP: 216.58.215.78. Number of nodes 40
EtherApe-INFO: 20:18:53.165: New node: IP: 216.58.208.205. Number of nodes 41
EtherApe-INFO: 20:18:53.698: New node: IP: 108.177.14.189. Number of nodes 42
EtherApe-INFO: 20:18:57.965: New node: IP: 172.217.16.33. Number of nodes 43
EtherApe-INFO: 20:18:57.965: New node: IP: 142.250.203.129. Number of nodes 44
EtherApe-INFO: 20:18:57.965: New node: IP: 216.58.209.1. Number of nodes 45
EtherApe-INFO: 20:19:02.765: New node: IP: 172.217.16.14. Number of nodes 46
EtherApe-INFO: 20:19:08.898: New node: IP: 172.217.16.42. Number of nodes 47
EtherApe-INFO: 20:19:22.765: New node: IP: 149.154.167.223. Number of nodes 48
EtherApe-INFO: 20:19:23.032: New node: IP: 142.250.203.202. Number of nodes 49
EtherApe-INFO: 20:19:33.059: New node: IP: 172.217.20.163. Number of nodes 50
EtherApe-INFO: 20:19:46.268: delete node: IP: 172.217.16.22. Number of nodes 49
EtherApe-INFO: 20:19:46.268: delete node: IP: 172.217.16.3. Number of nodes 48
EtherApe-INFO: 20:19:46.268: delete node: IP: 172.217.4.35. Number of nodes 47
EtherApe-INFO: 20:19:51.058: New node: IP: 185.102.185.67. Number of nodes 48
EtherApe-INFO: 20:20:01.979: delete node: IP: 216.58.215.99. Number of nodes 47
EtherApe-INFO: 20:20:15.871: delete node: IP: 104.17.50.74. Number of nodes 46
EtherApe-INFO: 20:20:20.191: delete node: IP: 216.58.208.202. Number of nodes 45
EtherApe-INFO: 20:20:23.299: New node: IP: 192.168.2.255. Number of nodes 46
EtherApe-INFO: 20:20:32.902: New node: IP: 216.239.32.116. Number of nodes 47
EtherApe-INFO: 20:20:39.857: delete node: IP: 172.217.20.206. Number of nodes 46
EtherApe-INFO: 20:20:54.060: delete node: IP: 216.58.208.205. Number of nodes 45
EtherApe-INFO: 20:20:59.394: delete node: IP: 216.58.209.1. Number of nodes 44
EtherApe-INFO: 20:20:59.394: delete node: IP: 142.250.203.129. Number of nodes 43
EtherApe-INFO: 20:21:01.190: delete node: IP: 172.217.16.33. Number of nodes 42
EtherApe-INFO: 20:21:02.078: delete node: IP: 142.250.186.202. Number of nodes 41
EtherApe-INFO: 20:21:03.084: delete node: IP: 216.58.209.3. Number of nodes 40
EtherApe-INFO: 20:21:03.084: delete node: IP: 172.217.16.14. Number of nodes 39
EtherApe-INFO: 20:21:03.298: New node: IP: 142.250.75.1. Number of nodes 40
EtherApe-INFO: 20:21:03.299: New node: IP: 216.58.209.1. Number of nodes 41
EtherApe-INFO: 20:21:03.565: New node: IP: 142.250.203.129. Number of nodes 42
EtherApe-INFO: 20:21:03.566: New node: IP: 142.250.75.3. Number of nodes 43
EtherApe-INFO: 20:21:08.102: New node: IP: 95.216.195.133. Number of nodes 44
EtherApe-INFO: 20:21:15.832: New node: IP: 78.46.105.101. Number of nodes 45
EtherApe-INFO: 20:21:18.555: delete node: IP: 104.18.12.33. Number of nodes 44
EtherApe-INFO: 20:21:18.765: New node: IP: 3.2.9.2. Number of nodes 45
EtherApe-INFO: 20:21:20.900: New node: IP: 216.58.215.74. Number of nodes 46
EtherApe-INFO: 20:21:22.765: New node: IP: 104.81.110.27. Number of nodes 47
EtherApe-INFO: 20:21:23.032: New node: IP: 135.181.27.174. Number of nodes 48
EtherApe-INFO: 20:21:24.143: delete node: IP: 172.217.20.170. Number of nodes 47
EtherApe-INFO: 20:21:26.498: New node: IP: 54.192.228.134. Number of nodes 48
EtherApe-INFO: 20:21:30.765: New node: IP: 192.0.73.2. Number of nodes 49
EtherApe-INFO: 20:21:30.766: New node: IP: 151.101.193.69. Number of nodes 50
EtherApe-INFO: 20:21:32.632: New node: IP: 2.18.99.124. Number of nodes 51
EtherApe-INFO: 20:21:32.898: New node: IP: 23.0.40.235. Number of nodes 52
EtherApe-INFO: 20:21:33.211: delete node: IP: 31.13.81.36. Number of nodes 51
EtherApe-INFO: 20:21:33.698: New node: IP: 35.172.108.89. Number of nodes 52
EtherApe-INFO: 20:21:37.431: New node: IP: 173.194.222.102. Number of nodes 53
EtherApe-INFO: 20:21:39.032: New node: IP: 216.58.208.205. Number of nodes 54
EtherApe-INFO: 20:21:39.054: delete node: IP: 149.154.167.223. Number of nodes 53
EtherApe-INFO: 20:21:39.299: New node: IP: 173.194.222.100. Number of nodes 54
EtherApe-INFO: 20:21:39.832: New node: IP: 216.58.209.14. Number of nodes 55
EtherApe-INFO: 20:21:39.833: New node: IP: 173.194.73.189. Number of nodes 56
EtherApe-INFO: 20:21:46.280: delete node: IP: 94.153.206.97. Number of nodes 55
EtherApe-INFO: 20:21:50.232: New node: IP: 216.58.209.3. Number of nodes 56
EtherApe-INFO: 20:21:51.375: delete node: IP: 185.102.185.67. Number of nodes 55
EtherApe-INFO: 20:21:54.498: New node: IP: 172.217.20.206. Number of nodes 56
EtherApe-INFO: 20:21:59.032: New node: IP: 142.250.75.10. Number of nodes 57
EtherApe-INFO: 20:22:02.498: New node: IP: 173.194.221.189. Number of nodes 58
EtherApe-INFO: 20:22:04.957: delete node: IP: 31.13.81.174. Number of nodes 57
EtherApe-INFO: 20:22:11.832: New node: IP: 142.250.75.4. Number of nodes 58
EtherApe-INFO: 20:22:13.263: delete node: IP: 31.43.58.32. Number of nodes 57
EtherApe-INFO: 20:22:23.936: delete node: IP: 192.168.2.255. Number of nodes 56
EtherApe-INFO: 20:22:33.224: delete node: IP: 216.239.32.116. Number of nodes 55
EtherApe-INFO: 20:22:48.365: New node: IP: 142.250.203.195. Number of nodes 56
EtherApe-INFO: 20:22:56.919: delete node: IP: 31.13.81.52. Number of nodes 55
EtherApe-INFO: 20:23:03.640: delete node: IP: 216.58.209.1. Number of nodes 54
EtherApe-INFO: 20:23:08.369: delete node: IP: 95.216.195.133. Number of nodes 53
EtherApe-INFO: 20:23:43.103: delete node: IP: 216.58.215.68. Number of nodes 52
EtherApe-INFO: 20:23:43.103: delete node: IP: 192.0.73.2. Number of nodes 51
EtherApe-INFO: 20:23:43.103: delete node: IP: 185.199.111.133. Number of nodes 50
EtherApe-INFO: 20:23:43.103: delete node: IP: 185.199.109.133. Number of nodes 49
EtherApe-INFO: 20:23:43.103: delete node: IP: 173.194.222.102. Number of nodes 48
EtherApe-INFO: 20:23:43.103: delete node: IP: 172.217.20.163. Number of nodes 47
EtherApe-INFO: 20:23:43.103: delete node: IP: 172.217.16.10. Number of nodes 46
EtherApe-INFO: 20:23:43.103: delete node: IP: 151.101.193.69. Number of nodes 45
EtherApe-INFO: 20:23:43.103: delete node: IP: 142.250.75.1. Number of nodes 44
EtherApe-INFO: 20:23:43.103: delete node: IP: 135.181.27.174. Number of nodes 43
EtherApe-INFO: 20:23:43.103: delete node: IP: 108.177.14.189. Number of nodes 42
EtherApe-INFO: 20:23:43.103: delete node: IP: 78.46.105.101. Number of nodes 41
EtherApe-INFO: 20:23:43.103: delete node: IP: 54.192.228.134. Number of nodes 40
EtherApe-INFO: 20:23:43.103: delete node: IP: 23.0.40.235. Number of nodes 39
EtherApe-INFO: 20:23:43.103: delete node: IP: 3.2.9.2. Number of nodes 38
EtherApe-INFO: 20:23:43.103: delete node: IP: 2.18.99.124. Number of nodes 37
EtherApe-INFO: 20:23:46.773: New node: IP: 142.250.75.13. Number of nodes 38
EtherApe-INFO: 20:23:46.773: New node: IP: 172.217.20.170. Number of nodes 39
EtherApe-INFO: 20:24:05.445: New node: IP: 216.239.32.116. Number of nodes 40
EtherApe-INFO: 20:24:05.445: New node: IP: 142.250.203.142. Number of nodes 41
EtherApe-INFO: 20:24:16.282: New node: IP: 176.122.113.14. Number of nodes 42
EtherApe-INFO: 20:24:17.965: New node: IP: 176.122.110.205. Number of nodes 43
EtherApe-INFO: 20:24:22.388: delete node: IP: 142.250.75.10. Number of nodes 42
EtherApe-INFO: 20:24:44.007: delete node: IP: 35.172.108.89. Number of nodes 41
EtherApe-INFO: 20:24:49.245: New node: IPv6: fe80::9ada:c4ff:febf:99a5. Number of nodes 42
EtherApe-INFO: 20:24:49.245: New node: IPv6: ff02::1. Number of nodes 43
EtherApe-INFO: 20:24:50.611: delete node: IP: 104.81.110.27. Number of nodes 42
EtherApe-INFO: 20:25:05.511: New node: IP: 172.217.167.35. Number of nodes 43
EtherApe-INFO: 20:25:50.845: New node: IP: 149.154.167.223. Number of nodes 44
EtherApe-INFO: 20:26:08.178: New node: IP: 95.216.195.133. Number of nodes 45
EtherApe-INFO: 20:26:16.446: delete node: IP: 176.122.113.14. Number of nodes 44
EtherApe-INFO: 20:26:18.111: delete node: IP: 142.250.203.138. Number of nodes 43
EtherApe-INFO: 20:26:19.436: delete node: IP: 176.122.110.205. Number of nodes 42
EtherApe-INFO: 20:26:50.335: delete node: IPv6: ff02::1. Number of nodes 41
EtherApe-INFO: 20:26:50.335: delete node: IPv6: fe80::9ada:c4ff:febf:99a5. Number of nodes 40
EtherApe-INFO: 20:27:08.978: New node: IP: 142.250.203.196. Number of nodes 41
EtherApe-INFO: 20:27:39.446: delete node: IP: 216.58.208.205. Number of nodes 40
EtherApe-INFO: 20:27:39.662: delete node: IP: 173.194.222.100. Number of nodes 39
EtherApe-INFO: 20:27:40.758: delete node: IP: 216.58.208.196. Number of nodes 38
EtherApe-INFO: 20:27:40.758: delete node: IP: 173.194.73.189. Number of nodes 37
EtherApe-INFO: 20:27:41.856: delete node: IP: 142.250.75.14. Number of nodes 36
EtherApe-INFO: 20:27:42.403: delete node: IP: 216.58.215.74. Number of nodes 35
EtherApe-INFO: 20:27:43.163: delete node: IP: 172.217.20.174. Number of nodes 34
EtherApe-INFO: 20:27:44.783: delete node: IP: 216.58.215.106. Number of nodes 33
EtherApe-INFO: 20:27:50.325: delete node: IP: 216.58.209.3. Number of nodes 32
EtherApe-INFO: 20:27:50.326: delete node: IP: 142.250.75.3. Number of nodes 31
EtherApe-INFO: 20:27:53.284: delete node: IP: 142.250.203.129. Number of nodes 30
EtherApe-INFO: 20:27:55.145: delete node: IP: 216.58.215.110. Number of nodes 29
EtherApe-INFO: 20:27:55.145: delete node: IP: 172.217.20.206. Number of nodes 28
EtherApe-INFO: 20:27:55.145: delete node: IP: 142.250.203.206. Number of nodes 27
EtherApe-INFO: 20:27:59.175: delete node: IP: 216.58.209.10. Number of nodes 26
EtherApe-INFO: 20:27:59.175: delete node: IP: 142.250.203.202. Number of nodes 25
EtherApe-INFO: 20:28:01.866: delete node: IP: 216.58.215.78. Number of nodes 24
EtherApe-INFO: 20:28:09.033: delete node: IP: 95.216.195.133. Number of nodes 23
EtherApe-INFO: 20:28:23.111: New node: IP: 185.102.185.67. Number of nodes 24
EtherApe-INFO: 20:28:35.385: delete node: IP: 142.250.203.195. Number of nodes 23
EtherApe-INFO: 20:28:35.648: New node: IP: 142.250.203.206. Number of nodes 24
EtherApe-INFO: 20:28:40.178: New node: IP: 172.217.16.14. Number of nodes 25
EtherApe-INFO: 20:28:40.178: New node: IP: 216.58.215.110. Number of nodes 26
EtherApe-INFO: 20:28:40.446: New node: IP: 216.58.208.195. Number of nodes 27
EtherApe-INFO: 20:28:40.446: New node: IP: 142.250.203.129. Number of nodes 28
EtherApe-INFO: 20:28:44.280: delete node: IP: 142.250.186.206. Number of nodes 27
EtherApe-INFO: 20:28:51.378: New node: IP: 13.224.220.74. Number of nodes 28
EtherApe-INFO: 20:28:51.379: New node: IP: 151.101.193.69. Number of nodes 29
EtherApe-INFO: 20:28:52.711: New node: IP: 216.58.215.106. Number of nodes 30
EtherApe-INFO: 20:28:53.511: New node: IP: 135.181.27.174. Number of nodes 31
EtherApe-INFO: 20:28:53.782: New node: IP: 104.81.110.27. Number of nodes 32
EtherApe-INFO: 20:28:54.312: New node: IP: 142.250.203.202. Number of nodes 33
EtherApe-INFO: 20:28:56.183: New node: IP: 216.58.209.10. Number of nodes 34
EtherApe-INFO: 20:28:56.715: New node: IP: 172.217.20.197. Number of nodes 35
EtherApe-INFO: 20:28:56.720: New node: IP: 23.0.40.235. Number of nodes 36
EtherApe-INFO: 20:28:56.992: New node: IP: 2.18.99.124. Number of nodes 37
EtherApe-INFO: 20:28:57.247: New node: IP: 54.163.238.130. Number of nodes 38
EtherApe-INFO: 20:29:00.191: delete node: IP: 142.250.75.4. Number of nodes 37
EtherApe-INFO: 20:29:43.378: New node: IP: 216.58.215.74. Number of nodes 38
EtherApe-INFO: 20:30:11.112: New node: IP: 34.80.89.126. Number of nodes 39
EtherApe-INFO: 20:30:23.180: delete node: IP: 185.102.185.67. Number of nodes 38
EtherApe-INFO: 20:30:41.038: delete node: IP: 216.58.208.195. Number of nodes 37
EtherApe-INFO: 20:30:53.055: delete node: IP: 216.58.215.106. Number of nodes 36
EtherApe-INFO: 20:30:53.603: delete node: IP: 172.217.16.14. Number of nodes 35
EtherApe-INFO: 20:30:56.221: delete node: IP: 216.58.209.10. Number of nodes 34
EtherApe-INFO: 20:30:56.221: delete node: IP: 172.217.20.170. Number of nodes 33
EtherApe-INFO: 20:30:58.942: delete node: IP: 142.250.203.202. Number of nodes 32
EtherApe-INFO: 20:31:04.180: delete node: IP: 142.250.203.206. Number of nodes 31
EtherApe-INFO: 20:31:05.511: New node: IP: 172.217.166.3. Number of nodes 32
EtherApe-INFO: 20:31:07.440: delete node: IP: 172.217.167.35. Number of nodes 31
EtherApe-INFO: 20:31:08.178: New node: IP: 95.216.195.133. Number of nodes 32
EtherApe-INFO: 20:31:10.599: delete node: IP: 142.250.203.129. Number of nodes 31
EtherApe-INFO: 20:31:14.655: delete node: IP: 216.58.209.14. Number of nodes 30
EtherApe-INFO: 20:31:17.302: delete node: IP: 2.18.99.124. Number of nodes 29
EtherApe-INFO: 20:31:29.260: delete node: IP: 104.81.110.27. Number of nodes 28
EtherApe-INFO: 20:31:46.844: New node: IPv6: fe80::9ada:c4ff:febf:99a5. Number of nodes 29
EtherApe-INFO: 20:31:46.845: New node: IPv6: ff02::1. Number of nodes 30
EtherApe-INFO: 20:32:00.217: delete node: IP: 135.181.27.174. Number of nodes 29
EtherApe-INFO: 20:32:01.077: delete node: IP: 54.163.238.130. Number of nodes 28
EtherApe-INFO: 20:32:06.097: delete node: IP: 216.239.32.116. Number of nodes 27
EtherApe-INFO: 20:32:11.911: New node: IP: 216.58.208.205. Number of nodes 28
EtherApe-INFO: 20:32:12.979: New node: IP: 216.58.208.196. Number of nodes 29
EtherApe-INFO: 20:32:51.115: New node: IP: 216.58.208.202. Number of nodes 30
EtherApe-INFO: 20:33:02.048: New node: IP: 142.250.186.206. Number of nodes 31
EtherApe-INFO: 20:33:09.340: delete node: IP: 172.217.166.3. Number of nodes 30
EtherApe-INFO: 20:33:09.340: delete node: IP: 95.216.195.133. Number of nodes 29
EtherApe-INFO: 20:33:11.720: delete node: IP: 142.250.75.13. Number of nodes 28
EtherApe-INFO: 20:33:47.215: delete node: IPv6: ff02::1. Number of nodes 27
EtherApe-INFO: 20:33:47.215: delete node: IPv6: fe80::9ada:c4ff:febf:99a5. Number of nodes 26
EtherApe-INFO: 20:33:58.370: delete node: IP: 142.250.203.196. Number of nodes 25
EtherApe-INFO: 20:34:05.511: New node: IP: 142.250.203.206. Number of nodes 26
EtherApe-INFO: 20:34:19.126: delete node: IP: 216.58.215.110. Number of nodes 25
EtherApe-INFO: 20:34:33.247: delete node: IP: 172.217.20.202. Number of nodes 24
EtherApe-INFO: 20:34:44.178: New node: IP: 142.250.203.202. Number of nodes 25
EtherApe-INFO: 20:34:52.529: delete node: IP: 13.224.220.74. Number of nodes 24
EtherApe-INFO: 20:34:56.985: delete node: IP: 172.217.20.197. Number of nodes 23
EtherApe-INFO: 20:35:05.512: New node: IP: 173.194.196.94. Number of nodes 24
EtherApe-INFO: 20:35:12.979: New node: IP: 142.250.75.13. Number of nodes 25
EtherApe-INFO: 20:35:28.978: New node: IP: 216.58.209.10. Number of nodes 26
EtherApe-INFO: 20:35:31.378: New node: IP: 173.194.73.189. Number of nodes 27
EtherApe-INFO: 20:36:04.776: delete node: IP: 216.58.215.74. Number of nodes 26
EtherApe-INFO: 20:36:08.178: New node: IP: 95.216.195.133. Number of nodes 27
EtherApe-INFO: 20:36:12.718: delete node: IP: 216.58.208.205. Number of nodes 26
EtherApe-INFO: 20:36:22.316: delete node: IP: 149.154.167.223. Number of nodes 25
EtherApe-INFO: 20:36:42.602: delete node: IP: 142.250.203.142. Number of nodes 24
EtherApe-INFO: 20:36:49.245: New node: IP: 142.250.203.138. Number of nodes 25
EtherApe-INFO: 20:37:07.931: delete node: IP: 173.194.196.94. Number of nodes 24
EtherApe-INFO: 20:37:17.512: New node: IP: 142.250.75.4. Number of nodes 25
EtherApe-INFO: 20:37:29.269: delete node: IP: 173.194.221.189. Number of nodes 24
EtherApe-INFO: 20:37:32.748: delete node: IP: 142.250.203.206. Number of nodes 23
EtherApe-INFO: 20:37:47.112: New node: IPv6: fe80::9ada:c4ff:febf:99a5. Number of nodes 24
EtherApe-INFO: 20:37:47.112: New node: IPv6: ff02::1. Number of nodes 25
EtherApe-INFO: 20:37:48.457: delete node: IP: 216.58.209.10. Number of nodes 24
EtherApe-INFO: 20:38:09.588: delete node: IP: 95.216.195.133. Number of nodes 23
EtherApe-INFO: 20:38:50.646: delete node: IP: 142.250.203.138. Number of nodes 22
EtherApe-INFO: 20:38:57.782: New node: IP: 216.58.215.106. Number of nodes 23
EtherApe-INFO: 20:39:05.033: delete node: IP: 216.58.208.196. Number of nodes 22
EtherApe-INFO: 20:39:35.111: New node: IP: 142.250.203.129. Number of nodes 23
EtherApe-INFO: 20:39:44.978: New node: IP: 216.58.215.86. Number of nodes 24
EtherApe-INFO: 20:39:47.157: delete node: IPv6: ff02::1. Number of nodes 23
EtherApe-INFO: 20:39:47.157: delete node: IPv6: fe80::9ada:c4ff:febf:99a5. Number of nodes 22
EtherApe-INFO: 20:39:56.178: New node: IP: 172.217.16.14. Number of nodes 23
EtherApe-INFO: 20:39:59.645: New node: IP: 176.122.113.76. Number of nodes 24
EtherApe-INFO: 20:40:18.100: delete node: IP: 142.250.203.202. Number of nodes 23
EtherApe-INFO: 20:40:50.806: delete node: IP: 23.0.40.235. Number of nodes 22
EtherApe-INFO: 20:41:01.631: delete node: IP: 151.101.193.69. Number of nodes 21
EtherApe-INFO: 20:41:08.285: New node: IP: 95.216.195.133. Number of nodes 22
EtherApe-INFO: 20:41:14.152: New node: IP: 142.250.186.202. Number of nodes 23
EtherApe-INFO: 20:41:14.418: New node: IP: 216.58.208.195. Number of nodes 24
EtherApe-INFO: 20:41:28.365: New node: IP: 142.250.186.195. Number of nodes 25
EtherApe-INFO: 20:41:36.982: delete node: IP: 142.250.203.129. Number of nodes 24
EtherApe-INFO: 20:41:45.416: delete node: IP: 34.80.89.126. Number of nodes 23
EtherApe-INFO: 20:42:13.885: New node: IP: 216.58.208.196. Number of nodes 24
EtherApe-INFO: 20:42:17.351: New node: IP: 216.58.208.205. Number of nodes 25
EtherApe-INFO: 20:42:31.222: New node: IP: 142.250.203.206. Number of nodes 26
EtherApe-INFO: 20:43:05.701: New node: IP: 35.236.238.213. Number of nodes 27
EtherApe-INFO: 20:43:08.676: delete node: IP: 95.216.195.133. Number of nodes 26
EtherApe-INFO: 20:43:14.776: delete node: IP: 216.58.208.195. Number of nodes 25
EtherApe-INFO: 20:43:14.776: delete node: IP: 142.250.186.202. Number of nodes 24
EtherApe-INFO: 20:43:16.676: delete node: IP: 142.250.75.13. Number of nodes 23
EtherApe-INFO: 20:43:46.688: New node: IPv6: fe80::9ada:c4ff:febf:99a5. Number of nodes 24
EtherApe-INFO: 20:43:46.688: New node: IPv6: ff02::1. Number of nodes 25
EtherApe-INFO: 20:44:04.209: delete node: IP: 172.217.20.195. Number of nodes 24
EtherApe-INFO: 20:44:04.209: delete node: IP: 142.250.75.4. Number of nodes 23
EtherApe-INFO: 20:44:20.685: New node: IP: 216.58.209.10. Number of nodes 24
EtherApe-INFO: 20:44:31.716: delete node: IP: 142.250.203.206. Number of nodes 23
EtherApe-INFO: 20:44:31.716: delete node: IP: 142.250.186.195. Number of nodes 22
EtherApe-INFO: 20:44:49.328: New node: IP: 172.217.16.10. Number of nodes 23
EtherApe-INFO: 20:44:58.395: New node: IP: 142.250.203.142. Number of nodes 24
EtherApe-INFO: 20:45:05.591: New node: IP: 216.239.32.116. Number of nodes 25
EtherApe-INFO: 20:45:05.591: New node: IP: 142.250.203.206. Number of nodes 26
EtherApe-INFO: 20:45:15.193: New node: IP: 142.250.203.195. Number of nodes 27
EtherApe-INFO: 20:45:27.484: New node: IP: 185.102.185.67. Number of nodes 28
EtherApe-INFO: 20:45:45.476: delete node: IP: 216.58.215.86. Number of nodes 27
EtherApe-INFO: 20:45:47.426: delete node: IPv6: ff02::1. Number of nodes 26
EtherApe-INFO: 20:45:47.427: delete node: IPv6: fe80::9ada:c4ff:febf:99a5. Number of nodes 25
EtherApe-INFO: 20:46:08.128: New node: IP: 95.216.195.133. Number of nodes 26
EtherApe-INFO: 20:46:09.191: New node: IP: 149.154.167.223. Number of nodes 27
EtherApe-INFO: 20:46:17.292: delete node: IP: 216.58.215.67. Number of nodes 26
EtherApe-INFO: 20:46:45.766: delete node: IP: 172.217.16.14. Number of nodes 25
EtherApe-INFO: 20:46:50.079: delete node: IP: 216.58.208.206. Number of nodes 24
EtherApe-INFO: 20:46:50.079: delete node: IP: 172.217.16.10. Number of nodes 23
EtherApe-INFO: 20:47:05.458: New node: IP: 172.217.20.163. Number of nodes 24
EtherApe-INFO: 20:47:05.796: delete node: IP: 142.250.203.206. Number of nodes 23
EtherApe-INFO: 20:47:07.097: delete node: IP: 216.239.32.116. Number of nodes 22
EtherApe-INFO: 20:47:08.925: New node: IP: 142.250.75.4. Number of nodes 23
EtherApe-INFO: 20:47:28.146: delete node: IP: 185.102.185.67. Number of nodes 22
EtherApe-INFO: 20:47:34.277: delete node: IP: 216.58.209.10. Number of nodes 21
EtherApe-INFO: 20:48:06.864: New node: IP: 172.217.192.94. Number of nodes 22
EtherApe-INFO: 20:48:08.722: delete node: IP: 95.216.195.133. Number of nodes 21
EtherApe-INFO: 20:48:09.052: delete node: IP: 142.250.203.142. Number of nodes 20
EtherApe-INFO: 20:48:23.111: New node: IP: 142.250.75.14. Number of nodes 21
EtherApe-INFO: 20:48:26.634: delete node: IP: 149.154.167.223. Number of nodes 20
EtherApe-INFO: 20:49:01.720: delete node: IP: 216.58.208.196. Number of nodes 19
EtherApe-INFO: 20:49:07.034: delete node: IP: 172.217.20.163. Number of nodes 18
EtherApe-INFO: 20:49:09.351: New node: IP: 142.250.186.202. Number of nodes 19
EtherApe-INFO: 20:49:24.553: New node: IP: 142.250.75.13. Number of nodes 20
EtherApe-INFO: 20:50:06.418: New node: IP: 142.250.75.10. Number of nodes 21
EtherApe-INFO: 20:50:08.110: delete node: IP: 172.217.192.94. Number of nodes 20
EtherApe-INFO: 20:50:15.485: New node: IP: 142.250.203.142. Number of nodes 21
EtherApe-INFO: 20:50:17.618: New node: IP: 142.250.203.206. Number of nodes 22
EtherApe-INFO: 20:50:25.395: delete node: IP: 216.58.208.205. Number of nodes 21
EtherApe-INFO: 20:50:34.492: delete node: IP: 216.58.208.202. Number of nodes 20
EtherApe-INFO: 20:50:36.913: delete node: IP: 176.122.113.76. Number of nodes 19
EtherApe-INFO: 20:50:46.421: New node: IP: 35.213.86.143. Number of nodes 20
EtherApe-INFO: 20:50:48.551: New node: IP: 216.58.215.67. Number of nodes 21
EtherApe-INFO: 20:50:48.818: New node: IP: 35.206.47.41. Number of nodes 22
EtherApe-INFO: 20:50:50.418: New node: IP: 172.217.192.94. Number of nodes 23
EtherApe-INFO: 20:51:08.284: New node: IP: 95.216.195.133. Number of nodes 24
EtherApe-INFO: 20:51:14.685: New node: IP: 142.250.75.22. Number of nodes 25
EtherApe-INFO: 20:51:20.294: New node: IP: 176.122.113.12. Number of nodes 26
EtherApe-INFO: 20:51:26.419: New node: IP: 216.239.32.116. Number of nodes 27
EtherApe-INFO: 20:51:30.951: New node: IP: 172.217.16.14. Number of nodes 28
EtherApe-INFO: 20:51:32.552: New node: IP: 216.58.208.202. Number of nodes 29
EtherApe-INFO: 20:51:46.216: delete node: IP: 142.250.75.14. Number of nodes 28
EtherApe-INFO: 20:52:07.247: delete node: IP: 142.250.75.10. Number of nodes 27
EtherApe-INFO: 20:52:10.688: New node: IP: 216.58.208.196. Number of nodes 28
EtherApe-INFO: 20:52:16.552: New node: IP: 149.154.167.223. Number of nodes 29
EtherApe-INFO: 20:52:17.355: New node: IP: 142.250.203.202. Number of nodes 30
EtherApe-INFO: 20:52:49.372: delete node: IP: 216.58.215.67. Number of nodes 29
EtherApe-INFO: 20:52:52.643: delete node: IP: 172.217.192.94. Number of nodes 28
EtherApe-INFO: 20:53:00.555: New node: IP: 34.76.0.142. Number of nodes 29
EtherApe-INFO: 20:53:08.616: delete node: IP: 95.216.195.133. Number of nodes 28
EtherApe-INFO: 20:53:20.837: delete node: IP: 176.122.113.12. Number of nodes 27
EtherApe-INFO: 20:53:20.837: delete node: IP: 142.250.75.22. Number of nodes 26
EtherApe-INFO: 20:53:28.326: delete node: IP: 216.239.32.116. Number of nodes 25
EtherApe-INFO: 20:53:32.651: delete node: IP: 216.58.215.106. Number of nodes 24
EtherApe-INFO: 20:53:34.418: New node: IPv6: fe80::9ada:c4ff:febf:99a5. Number of nodes 25
EtherApe-INFO: 20:53:34.418: New node: IPv6: ff02::1. Number of nodes 26
EtherApe-INFO: 20:54:00.551: New node: IP: 216.58.215.67. Number of nodes 27
EtherApe-INFO: 20:54:00.854: delete node: IP: 142.250.75.4. Number of nodes 26
EtherApe-INFO: 20:54:17.679: delete node: IP: 142.250.203.202. Number of nodes 25
EtherApe-INFO: 20:54:45.351: New node: IP: 142.250.203.202. Number of nodes 26
EtherApe-INFO: 20:54:45.618: New node: IP: 172.217.16.1. Number of nodes 27
EtherApe-INFO: 20:54:45.619: New node: IP: 216.58.215.86. Number of nodes 28
EtherApe-INFO: 20:54:45.619: New node: IP: 176.122.113.12. Number of nodes 29
EtherApe-INFO: 20:55:00.741: delete node: IP: 142.250.203.142. Number of nodes 28
EtherApe-INFO: 20:55:00.741: delete node: IP: 35.236.238.213. Number of nodes 27
EtherApe-INFO: 20:55:00.741: delete node: IP: 35.213.86.143. Number of nodes 26
EtherApe-INFO: 20:55:00.741: delete node: IP: 35.206.47.41. Number of nodes 25
EtherApe-INFO: 20:55:13.591: New node: IP: 216.58.208.206. Number of nodes 26
EtherApe-INFO: 20:55:20.321: delete node: IP: 142.250.186.202. Number of nodes 25
EtherApe-INFO: 20:55:27.164: New node: IP: 0.0.0.0. Number of nodes 26
EtherApe-INFO: 20:55:27.164: New node: IP: 255.255.255.255. Number of nodes 27
EtherApe-INFO: 20:55:27.165: New node: IP: 192.168.2.132. Number of nodes 28
EtherApe-INFO: 20:55:27.165: New node: IP: 95.216.195.133. Number of nodes 29
EtherApe-INFO: 20:55:30.098: New node: IP: 173.194.73.188. Number of nodes 30
EtherApe-INFO: 20:55:33.031: New node: IP: 224.0.0.251. Number of nodes 31
EtherApe-INFO: 20:55:35.761: delete node: IPv6: ff02::1. Number of nodes 30
EtherApe-INFO: 20:55:35.761: delete node: IPv6: fe80::9ada:c4ff:febf:99a5. Number of nodes 29
EtherApe-INFO: 20:55:49.298: New node: IP: 142.250.203.197. Number of nodes 30
EtherApe-INFO: 20:56:17.378: New node: IP: 142.250.75.22. Number of nodes 31
EtherApe-INFO: 20:56:31.405: New node: IP: 142.250.186.205. Number of nodes 32
EtherApe-INFO: 20:56:38.967: delete node: IP: 149.154.167.223. Number of nodes 31
EtherApe-INFO: 20:56:49.633: delete node: IP: 172.217.16.5. Number of nodes 30
EtherApe-INFO: 20:56:49.633: delete node: IP: 142.250.203.202. Number of nodes 29
EtherApe-INFO: 20:56:53.118: delete node: IP: 216.58.215.86. Number of nodes 28
EtherApe-INFO: 20:57:00.257: New node: IP: 149.154.167.223. Number of nodes 29
EtherApe-INFO: 20:57:04.129: delete node: IP: 172.217.16.14. Number of nodes 28
EtherApe-INFO: 20:57:13.405: New node: IP: 142.250.203.196. Number of nodes 29
EtherApe-INFO: 20:57:28.389: delete node: IP: 255.255.255.255. Number of nodes 28
EtherApe-INFO: 20:57:28.389: delete node: IP: 192.168.2.132. Number of nodes 27
EtherApe-INFO: 20:57:28.389: delete node: IP: 172.217.16.1. Number of nodes 26
EtherApe-INFO: 20:57:28.389: delete node: IP: 0.0.0.0. Number of nodes 25
EtherApe-INFO: 20:57:31.029: delete node: IP: 173.194.222.188. Number of nodes 24
EtherApe-INFO: 20:57:37.777: delete node: IP: 224.0.0.251. Number of nodes 23
EtherApe-INFO: 20:57:50.624: delete node: IP: 142.250.75.13. Number of nodes 22
EtherApe-INFO: 20:58:12.206: delete node: IP: 216.58.208.206. Number of nodes 21
EtherApe-INFO: 20:58:12.206: delete node: IP: 95.216.195.133. Number of nodes 20
EtherApe-INFO: 20:58:18.937: delete node: IP: 142.250.75.22. Number of nodes 19
EtherApe-INFO: 20:58:23.989: delete node: IP: 142.250.203.195. Number of nodes 18
EtherApe-INFO: 20:59:04.272: delete node: IP: 216.58.208.196. Number of nodes 17
EtherApe-INFO: 20:59:15.222: New node: IP: 216.58.215.106. Number of nodes 18
EtherApe-INFO: 20:59:15.774: delete node: IP: 149.154.167.223. Number of nodes 17
EtherApe-INFO: 21:00:14.471: New node: IP: 172.217.16.14. Number of nodes 18
EtherApe-INFO: 21:00:27.004: New node: IPv6: fe80::9ada:c4ff:febf:99a5. Number of nodes 19
EtherApe-INFO: 21:00:27.004: New node: IPv6: ff02::1. Number of nodes 20
EtherApe-INFO: 21:00:35.541: New node: IP: 216.58.208.205. Number of nodes 21
EtherApe-INFO: 21:01:08.098: New node: IP: 95.216.195.133. Number of nodes 22
EtherApe-INFO: 21:01:35.622: delete node: IP: 142.250.186.205. Number of nodes 21
EtherApe-INFO: 21:02:06.246: delete node: IP: 142.250.186.206. Number of nodes 20
EtherApe-INFO: 21:02:16.871: New node: IP: 216.58.208.196. Number of nodes 21
EtherApe-INFO: 21:02:27.824: delete node: IPv6: ff02::1. Number of nodes 20
EtherApe-INFO: 21:02:27.824: delete node: IPv6: fe80::9ada:c4ff:febf:99a5. Number of nodes 19
EtherApe-INFO: 21:02:31.804: New node: IP: 185.102.185.67. Number of nodes 20
EtherApe-INFO: 21:03:10.190: delete node: IP: 95.216.195.133. Number of nodes 19
EtherApe-INFO: 21:03:19.247: New node: IP: 149.154.167.223. Number of nodes 20
EtherApe-INFO: 21:03:21.378: New node: IP: 142.250.186.206. Number of nodes 21
EtherApe-INFO: 21:03:24.311: New node: IP: 142.250.203.195. Number of nodes 22
EtherApe-INFO: 21:04:07.577: delete node: IP: 142.250.203.196. Number of nodes 21
EtherApe-INFO: 21:04:26.503: delete node: IP: 216.58.215.67. Number of nodes 20
EtherApe-INFO: 21:04:32.612: delete node: IP: 185.102.185.67. Number of nodes 19
EtherApe-INFO: 21:04:35.218: New node: IP: 216.58.215.67. Number of nodes 20
EtherApe-INFO: 21:05:01.618: New node: IP: 142.250.203.142. Number of nodes 21
EtherApe-INFO: 21:05:13.084: New node: IP: 216.58.209.10. Number of nodes 22
EtherApe-INFO: 21:05:29.218: New node: IP: 142.250.186.202. Number of nodes 23
EtherApe-INFO: 21:05:30.096: delete node: IP: 216.58.208.202. Number of nodes 22
EtherApe-INFO: 21:05:35.381: delete node: IP: 149.154.167.223. Number of nodes 21
EtherApe-INFO: 21:05:40.418: New node: IP: 142.250.75.13. Number of nodes 22
EtherApe-INFO: 21:05:45.751: New node: IP: 149.154.167.223. Number of nodes 23
EtherApe-INFO: 21:05:51.351: New node: IP: 172.217.16.5. Number of nodes 24
EtherApe-INFO: 21:06:08.151: New node: IP: 95.216.195.133. Number of nodes 25
EtherApe-INFO: 21:06:39.958: delete node: IP: 216.58.208.205. Number of nodes 24
EtherApe-INFO: 21:06:53.227: delete node: IP: 172.217.16.14. Number of nodes 23
EtherApe-INFO: 21:06:53.227: delete node: IP: 142.250.203.197. Number of nodes 22
EtherApe-INFO: 21:07:30.107: delete node: IP: 142.250.186.202. Number of nodes 21
EtherApe-INFO: 21:07:37.054: delete node: IP: 216.58.215.67. Number of nodes 20
EtherApe-INFO: 21:07:42.284: New node: IP: 142.250.75.14. Number of nodes 21
EtherApe-INFO: 21:08:02.646: delete node: IP: 149.154.167.223. Number of nodes 20
EtherApe-INFO: 21:08:10.099: delete node: IP: 95.216.195.133. Number of nodes 19
EtherApe-INFO: 21:08:17.251: delete node: IP: 176.122.113.12. Number of nodes 18
EtherApe-INFO: 21:08:25.218: New node: IP: 216.58.209.22. Number of nodes 19
EtherApe-INFO: 21:08:30.551: New node: IP: 176.122.113.76. Number of nodes 20
EtherApe-INFO: 21:08:30.887: New node: IP: 142.250.186.193. Number of nodes 21
EtherApe-INFO: 21:08:31.085: New node: IP: 142.250.203.202. Number of nodes 22
EtherApe-INFO: 21:08:33.724: New node: IP: 216.58.208.202. Number of nodes 23
EtherApe-INFO: 21:08:34.792: New node: IP: 172.217.20.206. Number of nodes 24
EtherApe-INFO: 21:08:34.793: New node: IP: 216.58.215.110. Number of nodes 25
EtherApe-INFO: 21:08:36.391: New node: IP: 216.58.208.195. Number of nodes 26
EtherApe-INFO: 21:08:37.194: New node: IP: 176.122.110.204. Number of nodes 27
EtherApe-INFO: 21:08:38.009: New node: IP: 216.58.209.3. Number of nodes 28
EtherApe-INFO: 21:09:05.493: New node: IP: 172.217.16.46. Number of nodes 29
EtherApe-INFO: 21:09:05.501: New node: IP: 176.122.113.77. Number of nodes 30
EtherApe-INFO: 21:09:33.378: New node: IP: 142.250.186.202. Number of nodes 31
EtherApe-INFO: 21:09:44.052: New node: IP: 108.177.111.94. Number of nodes 32
EtherApe-INFO: 21:09:44.578: New node: IP: 216.58.208.205. Number of nodes 33
EtherApe-INFO: 21:10:08.818: New node: IPv6: fe80::9ada:c4ff:febf:99a5. Number of nodes 34
EtherApe-INFO: 21:10:08.818: New node: IPv6: ff02::1. Number of nodes 35
EtherApe-INFO: 21:10:34.258: New node: IP: 149.154.167.223. Number of nodes 36
EtherApe-INFO: 21:10:34.330: delete node: IP: 176.122.113.76. Number of nodes 35
EtherApe-INFO: 21:10:39.118: delete node: IP: 216.58.208.195. Number of nodes 34
EtherApe-INFO: 21:10:40.176: delete node: IP: 142.250.203.202. Number of nodes 33
EtherApe-INFO: 21:10:42.082: delete node: IP: 216.58.209.10. Number of nodes 32
EtherApe-INFO: 21:10:43.670: delete node: IP: 142.250.75.13. Number of nodes 31
EtherApe-INFO: 21:10:49.191: New node: IP: 142.250.203.138. Number of nodes 32
EtherApe-INFO: 21:10:50.799: delete node: IP: 142.250.186.193. Number of nodes 31
EtherApe-INFO: 21:10:58.342: delete node: IP: 176.122.110.204. Number of nodes 30
EtherApe-INFO: 21:11:06.816: delete node: IP: 216.58.209.3. Number of nodes 29
EtherApe-INFO: 21:11:06.816: delete node: IP: 216.58.208.202. Number of nodes 28
EtherApe-INFO: 21:11:07.028: delete node: IP: 216.58.209.22. Number of nodes 27
EtherApe-INFO: 21:11:08.311: New node: IP: 95.216.195.133. Number of nodes 28
EtherApe-INFO: 21:11:28.311: New node: IP: 142.250.186.195. Number of nodes 29
EtherApe-INFO: 21:11:44.045: New node: IP: 172.217.20.195. Number of nodes 30
EtherApe-INFO: 21:11:44.592: delete node: IP: 108.177.111.94. Number of nodes 29
EtherApe-INFO: 21:12:02.711: New node: IP: 142.250.186.196. Number of nodes 30
EtherApe-INFO: 21:12:09.177: delete node: IPv6: ff02::1. Number of nodes 29
EtherApe-INFO: 21:12:09.177: delete node: IPv6: fe80::9ada:c4ff:febf:99a5. Number of nodes 28
EtherApe-INFO: 21:12:44.217: delete node: IP: 142.250.203.142. Number of nodes 27
EtherApe-INFO: 21:12:45.478: delete node: IP: 142.250.75.14. Number of nodes 26
EtherApe-INFO: 21:12:51.695: delete node: IP: 142.250.203.138. Number of nodes 25
EtherApe-INFO: 21:13:09.727: delete node: IP: 95.216.195.133. Number of nodes 24
EtherApe-INFO: 21:13:10.791: New node: IP: 216.58.215.74. Number of nodes 25
EtherApe-INFO: 21:13:44.559: delete node: IP: 172.217.20.195. Number of nodes 24
EtherApe-INFO: 21:13:48.526: New node: IP: 172.217.20.202. Number of nodes 25
EtherApe-INFO: 21:13:53.906: delete node: IP: 216.58.208.196. Number of nodes 24
EtherApe-INFO: 21:14:32.351: delete node: IP: 142.250.186.195. Number of nodes 23
EtherApe-INFO: 21:14:36.018: delete node: IP: 216.58.215.110. Number of nodes 22
EtherApe-INFO: 21:14:36.018: delete node: IP: 172.217.20.206. Number of nodes 21
EtherApe-INFO: 21:14:43.461: New node: IP: 216.58.215.110. Number of nodes 22
EtherApe-INFO: 21:14:49.592: New node: IP: 142.250.186.205. Number of nodes 23
EtherApe-INFO: 21:14:52.625: delete node: IP: 142.250.186.202. Number of nodes 22
EtherApe-INFO: 21:15:06.475: delete node: IP: 172.217.16.46. Number of nodes 21
EtherApe-INFO: 21:15:11.197: delete node: IP: 216.58.215.74. Number of nodes 20
EtherApe-INFO: 21:15:46.375: delete node: IP: 149.154.167.223. Number of nodes 19
EtherApe-INFO: 21:15:49.006: New node: IP: 216.58.208.206. Number of nodes 20
EtherApe-INFO: 21:15:49.106: delete node: IP: 216.58.208.205. Number of nodes 19
EtherApe-INFO: 21:15:49.635: delete node: IP: 142.250.203.206. Number of nodes 18
EtherApe-INFO: 21:16:08.204: New node: IP: 95.216.195.133. Number of nodes 19
EtherApe-INFO: 21:16:15.671: New node: IPv6: fe80::9ada:c4ff:febf:99a5. Number of nodes 20
EtherApe-INFO: 21:16:15.671: New node: IPv6: ff02::1. Number of nodes 21
EtherApe-INFO: 21:16:28.205: New node: IP: 149.154.167.223. Number of nodes 22
EtherApe-INFO: 21:16:51.138: New node: IP: 142.250.203.206. Number of nodes 23
EtherApe-INFO: 21:17:50.484: delete node: IP: 142.250.186.206. Number of nodes 22
EtherApe-INFO: 21:18:09.991: delete node: IP: 95.216.195.133. Number of nodes 21
EtherApe-INFO: 21:18:15.891: delete node: IPv6: ff02::1. Number of nodes 20
EtherApe-INFO: 21:18:15.891: delete node: IPv6: fe80::9ada:c4ff:febf:99a5. Number of nodes 19
EtherApe-INFO: 21:18:24.338: New node: IP: 34.88.201.232. Number of nodes 20
EtherApe-INFO: 21:18:24.605: New node: IP: 216.58.215.67. Number of nodes 21
EtherApe-INFO: 21:18:24.606: New node: IP: 34.92.53.177. Number of nodes 22
EtherApe-INFO: 21:18:28.605: New node: IP: 216.239.38.117. Number of nodes 23
EtherApe-INFO: 21:18:28.605: New node: IP: 34.97.218.27. Number of nodes 24
EtherApe-INFO: 21:18:34.204: New node: IP: 172.217.20.195. Number of nodes 25
EtherApe-INFO: 21:18:44.158: delete node: IP: 149.154.167.223. Number of nodes 24
EtherApe-INFO: 21:18:56.604: New node: IP: 142.250.203.202. Number of nodes 25
EtherApe-INFO: 21:19:54.551: New node: IP: 142.250.75.13. Number of nodes 26
EtherApe-INFO: 21:19:54.552: New node: IP: 216.239.36.117. Number of nodes 27
EtherApe-INFO: 21:20:05.485: New node: IP: 216.58.209.14. Number of nodes 28
EtherApe-INFO: 21:20:25.501: delete node: IP: 216.58.215.67. Number of nodes 27
EtherApe-INFO: 21:20:25.502: delete node: IP: 172.217.20.202. Number of nodes 26
EtherApe-INFO: 21:20:28.763: delete node: IP: 216.239.38.117. Number of nodes 25
EtherApe-INFO: 21:20:29.218: New node: IP: 149.154.167.223. Number of nodes 26
EtherApe-INFO: 21:20:29.852: delete node: IP: 34.88.201.232. Number of nodes 25
EtherApe-INFO: 21:20:34.621: delete node: IP: 172.217.20.195. Number of nodes 24
EtherApe-INFO: 21:20:53.808: delete node: IP: 142.250.186.205. Number of nodes 23
EtherApe-INFO: 21:21:02.284: New node: IP: 142.250.203.138. Number of nodes 24
EtherApe-INFO: 21:21:08.151: New node: IP: 95.216.195.133. Number of nodes 25
EtherApe-INFO: 21:21:30.818: New node: IP: 142.250.203.150. Number of nodes 26
EtherApe-INFO: 21:21:33.813: delete node: IP: 216.58.215.110. Number of nodes 25
EtherApe-INFO: 21:21:39.422: delete node: IP: 176.122.113.77. Number of nodes 24
EtherApe-INFO: 21:21:51.884: New node: IP: 176.122.113.77. Number of nodes 25
EtherApe-INFO: 21:22:32.552: New node: IP: 142.250.203.129. Number of nodes 26
EtherApe-INFO: 21:22:33.351: New node: IP: 216.58.209.3. Number of nodes 27
EtherApe-INFO: 21:22:35.485: New node: IP: 172.217.16.14. Number of nodes 28
EtherApe-INFO: 21:22:36.018: New node: IP: 142.250.186.202. Number of nodes 29
EtherApe-INFO: 21:22:36.818: New node: IP: 216.58.215.74. Number of nodes 30
EtherApe-INFO: 21:22:37.619: New node: IP: 216.58.208.195. Number of nodes 31
EtherApe-INFO: 21:22:38.953: New node: IP: 172.217.16.10. Number of nodes 32
EtherApe-INFO: 21:22:38.953: New node: IP: 172.217.20.202. Number of nodes 33
EtherApe-INFO: 21:22:39.218: New node: IP: 31.13.81.174. Number of nodes 34
EtherApe-INFO: 21:22:54.257: delete node: IP: 34.97.218.27. Number of nodes 33
EtherApe-INFO: 21:22:54.257: delete node: IP: 34.92.53.177. Number of nodes 32
EtherApe-INFO: 21:22:54.690: delete node: IP: 216.239.36.117. Number of nodes 31
EtherApe-INFO: 21:23:07.752: New node: IP: 23.152.160.16. Number of nodes 32
EtherApe-INFO: 21:23:08.384: delete node: IP: 95.216.195.133. Number of nodes 31
EtherApe-INFO: 21:23:30.967: delete node: IP: 142.250.203.150. Number of nodes 30
EtherApe-INFO: 21:23:43.941: New node: IP: 31.13.81.52. Number of nodes 31
EtherApe-INFO: 21:23:44.471: New node: IP: 31.43.58.32. Number of nodes 32
EtherApe-INFO: 21:23:44.739: New node: IP: 31.13.81.36. Number of nodes 33
EtherApe-INFO: 21:23:45.274: New node: IP: 31.13.81.13. Number of nodes 34
EtherApe-INFO: 21:23:49.539: New node: IP: 216.58.208.202. Number of nodes 35
EtherApe-INFO: 21:23:58.341: New node: IP: 142.250.75.14. Number of nodes 36
EtherApe-INFO: 21:24:10.366: delete node: IP: 172.217.16.42. Number of nodes 35
EtherApe-INFO: 21:24:33.611: delete node: IP: 142.250.203.129. Number of nodes 34
EtherApe-INFO: 21:24:39.177: delete node: IP: 216.58.209.3. Number of nodes 33
EtherApe-INFO: 21:24:39.177: delete node: IP: 216.58.208.195. Number of nodes 32
EtherApe-INFO: 21:24:39.177: delete node: IP: 172.217.20.202. Number of nodes 31
EtherApe-INFO: 21:24:40.765: delete node: IP: 149.154.167.223. Number of nodes 30
EtherApe-INFO: 21:25:07.378: New node: IPv6: fe80::9ada:c4ff:febf:99a5. Number of nodes 31
EtherApe-INFO: 21:25:07.378: New node: IPv6: ff02::1. Number of nodes 32
EtherApe-INFO: 21:25:09.248: New node: IP: 142.250.186.206. Number of nodes 33
EtherApe-INFO: 21:25:39.387: delete node: IP: 23.152.160.16. Number of nodes 32
EtherApe-INFO: 21:25:47.115: delete node: IP: 216.58.215.74. Number of nodes 31
EtherApe-INFO: 21:25:50.916: delete node: IP: 216.58.208.202. Number of nodes 30
EtherApe-INFO: 21:25:52.199: delete node: IP: 172.217.16.10. Number of nodes 29
EtherApe-INFO: 21:26:00.445: New node: IP: 172.217.16.42. Number of nodes 30
EtherApe-INFO: 21:26:00.445: New node: IP: 216.58.209.10. Number of nodes 31
EtherApe-INFO: 21:26:01.246: New node: IP: 142.250.203.129. Number of nodes 32
EtherApe-INFO: 21:26:01.246: New node: IP: 216.58.215.110. Number of nodes 33
EtherApe-INFO: 21:26:01.246: New node: IP: 142.250.203.142. Number of nodes 34
EtherApe-INFO: 21:26:01.246: New node: IP: 216.58.208.195. Number of nodes 35
EtherApe-INFO: 21:26:03.911: New node: IP: 172.217.20.202. Number of nodes 36
EtherApe-INFO: 21:26:08.178: New node: IP: 95.216.195.133. Number of nodes 37
EtherApe-INFO: 21:26:32.494: delete node: IP: 31.13.81.174. Number of nodes 36
EtherApe-INFO: 21:26:40.711: New node: IP: 142.250.186.193. Number of nodes 37
EtherApe-INFO: 21:26:51.098: delete node: IP: 31.13.81.36. Number of nodes 36
EtherApe-INFO: 21:26:51.098: delete node: IP: 31.13.81.13. Number of nodes 35
EtherApe-INFO: 21:26:59.592: delete node: IP: 216.58.208.206. Number of nodes 34
EtherApe-INFO: 21:27:03.300: New node: IP: 142.250.75.4. Number of nodes 35
EtherApe-INFO: 21:27:07.292: delete node: IPv6: ff02::1. Number of nodes 34
EtherApe-INFO: 21:27:07.292: delete node: IPv6: fe80::9ada:c4ff:febf:99a5. Number of nodes 33
EtherApe-INFO: 21:27:37.111: New node: IP: 216.58.215.67. Number of nodes 34
EtherApe-INFO: 21:27:57.911: New node: IP: 31.13.81.174. Number of nodes 35
EtherApe-INFO: 21:28:05.450: delete node: IP: 216.58.208.195. Number of nodes 34
EtherApe-INFO: 21:28:06.509: delete node: IP: 216.58.215.110. Number of nodes 33
EtherApe-INFO: 21:28:08.407: delete node: IP: 95.216.195.133. Number of nodes 32
EtherApe-INFO: 21:28:26.470: delete node: IP: 142.250.203.129. Number of nodes 31
EtherApe-INFO: 21:28:36.113: delete node: IP: 216.58.215.106. Number of nodes 30
EtherApe-INFO: 21:28:41.405: delete node: IP: 172.217.16.14. Number of nodes 29
EtherApe-INFO: 21:28:41.405: delete node: IP: 142.250.75.13. Number of nodes 28
EtherApe-INFO: 21:28:43.321: delete node: IP: 142.250.186.193. Number of nodes 27
EtherApe-INFO: 21:28:52.091: delete node: IP: 176.122.113.77. Number of nodes 26
EtherApe-INFO: 21:28:53.456: delete node: IP: 142.250.186.196. Number of nodes 25
EtherApe-INFO: 21:29:07.271: delete node: IP: 31.43.58.32. Number of nodes 24
EtherApe-INFO: 21:29:19.778: New node: IP: 172.217.16.54. Number of nodes 25
EtherApe-INFO: 21:29:20.045: New node: IP: 172.217.16.46. Number of nodes 26
EtherApe-INFO: 21:29:20.045: New node: IP: 176.122.110.206. Number of nodes 27
EtherApe-INFO: 21:29:20.046: New node: IP: 142.250.186.193. Number of nodes 28
EtherApe-INFO: 21:29:28.581: New node: IP: 149.154.167.223. Number of nodes 29
EtherApe-INFO: 21:29:31.446: New node: IP: 31.43.58.32. Number of nodes 30
EtherApe-INFO: 21:29:34.695: New node: IP: 176.122.113.77. Number of nodes 31
EtherApe-INFO: 21:29:37.426: delete node: IP: 216.58.215.67. Number of nodes 30
EtherApe-INFO: 21:29:51.218: New node: IP: 176.122.113.13. Number of nodes 31
EtherApe-INFO: 21:30:03.218: New node: IP: 172.217.16.14. Number of nodes 32
EtherApe-INFO: 21:30:12.578: New node: IPv6: fe80::9ada:c4ff:febf:99a5. Number of nodes 33
EtherApe-INFO: 21:30:12.578: New node: IPv6: ff02::1. Number of nodes 34
EtherApe-INFO: 21:30:17.911: New node: IP: 172.217.16.10. Number of nodes 35
EtherApe-INFO: 21:30:56.391: New node: IP: 142.250.203.197. Number of nodes 36
EtherApe-INFO: 21:30:58.684: New node: IP: 185.199.109.154. Number of nodes 37
EtherApe-INFO: 21:31:08.284: New node: IP: 95.216.195.133. Number of nodes 38
EtherApe-INFO: 21:31:09.354: New node: IP: 23.34.185.56. Number of nodes 39
EtherApe-INFO: 21:31:20.323: delete node: IP: 172.217.16.46. Number of nodes 38
EtherApe-INFO: 21:31:32.330: delete node: IP: 176.122.110.206. Number of nodes 37
EtherApe-INFO: 21:31:37.084: New node: IP: 216.58.215.99. Number of nodes 38
EtherApe-INFO: 21:31:44.972: delete node: IP: 176.122.113.77. Number of nodes 37
EtherApe-INFO: 21:31:44.972: delete node: IP: 142.250.186.193. Number of nodes 36
EtherApe-INFO: 21:31:54.797: delete node: IP: 172.217.16.54. Number of nodes 35
EtherApe-INFO: 21:31:55.867: delete node: IP: 172.217.16.5. Number of nodes 34
EtherApe-INFO: 21:32:05.187: delete node: IP: 172.217.20.202. Number of nodes 33
EtherApe-INFO: 21:32:05.408: New node: IP: 216.58.208.196. Number of nodes 34
EtherApe-INFO: 21:32:08.940: delete node: IP: 31.13.81.174. Number of nodes 33
EtherApe-INFO: 21:32:13.496: delete node: IPv6: ff02::1. Number of nodes 32
EtherApe-INFO: 21:32:13.497: delete node: IPv6: fe80::9ada:c4ff:febf:99a5. Number of nodes 31
EtherApe-INFO: 21:32:17.449: delete node: IP: 142.250.186.202. Number of nodes 30
EtherApe-INFO: 21:32:17.765: delete node: IP: 172.217.16.42. Number of nodes 29
EtherApe-INFO: 21:32:40.032: delete node: IP: 31.43.58.32. Number of nodes 28
EtherApe-INFO: 21:32:41.208: delete node: IP: 142.250.203.206. Number of nodes 27
EtherApe-INFO: 21:32:51.810: delete node: IP: 216.58.209.10. Number of nodes 26
EtherApe-INFO: 21:32:51.810: delete node: IP: 142.250.203.142. Number of nodes 25
EtherApe-INFO: 21:33:08.335: delete node: IP: 95.216.195.133. Number of nodes 24
EtherApe-INFO: 21:33:22.246: delete node: IP: 142.250.186.206. Number of nodes 23
EtherApe-INFO: 21:33:37.428: delete node: IP: 216.58.215.99. Number of nodes 22
EtherApe-INFO: 21:33:39.244: New node: IP: 216.58.215.67. Number of nodes 23
EtherApe-INFO: 21:33:55.284: delete node: IP: 142.250.75.4. Number of nodes 22
EtherApe-INFO: 21:33:59.831: delete node: IP: 149.154.167.223. Number of nodes 21
EtherApe-INFO: 21:34:41.358: delete node: IP: 142.250.203.195. Number of nodes 20
EtherApe-INFO: 21:34:52.616: New node: IP: 216.58.215.110. Number of nodes 21
EtherApe-INFO: 21:35:24.338: New node: IP: 216.58.208.202. Number of nodes 22
EtherApe-INFO: 21:35:30.204: New node: IP: 216.58.215.74. Number of nodes 23
EtherApe-INFO: 21:36:08.313: New node: IP: 95.216.195.133. Number of nodes 24
EtherApe-INFO: 21:36:15.317: delete node: IP: 216.58.209.14. Number of nodes 23
EtherApe-INFO: 21:36:40.044: New node: IP: 185.102.185.67. Number of nodes 24
EtherApe-INFO: 21:36:42.281: delete node: IP: 172.217.16.10. Number of nodes 23
EtherApe-INFO: 21:36:49.378: New node: IP: 172.217.20.202. Number of nodes 24
EtherApe-INFO: 21:37:00.391: New node: IP: 142.250.186.196. Number of nodes 25
EtherApe-INFO: 21:37:00.925: New node: IP: 142.250.186.214. Number of nodes 26
EtherApe-INFO: 21:37:01.458: New node: IP: 142.250.186.193. Number of nodes 27
EtherApe-INFO: 21:37:16.391: New node: IP: 142.250.186.202. Number of nodes 28
EtherApe-INFO: 21:37:31.129: delete node: IP: 216.58.215.74. Number of nodes 27
EtherApe-INFO: 21:38:08.542: delete node: IP: 95.216.195.133. Number of nodes 26
EtherApe-INFO: 21:38:37.671: New node: IPv6: fe80::9ada:c4ff:febf:99a5. Number of nodes 27
EtherApe-INFO: 21:38:37.671: New node: IPv6: ff02::1. Number of nodes 28
EtherApe-INFO: 21:38:41.196: delete node: IP: 185.102.185.67. Number of nodes 27
EtherApe-INFO: 21:38:49.501: delete node: IP: 142.250.203.197. Number of nodes 26
EtherApe-INFO: 21:38:51.072: delete node: IP: 216.58.208.196. Number of nodes 25
EtherApe-INFO: 21:39:09.228: delete node: IP: 142.250.203.138. Number of nodes 24
EtherApe-INFO: 21:39:17.760: delete node: IP: 142.250.186.202. Number of nodes 23
EtherApe-INFO: 21:39:24.401: delete node: IP: 142.250.186.193. Number of nodes 22
EtherApe-INFO: 21:39:42.204: New node: IP: 142.250.203.195. Number of nodes 23
EtherApe-INFO: 21:39:42.222: delete node: IP: 142.250.186.214. Number of nodes 22
EtherApe-INFO: 21:39:44.872: New node: IP: 172.217.16.10. Number of nodes 23
EtherApe-INFO: 21:40:03.271: New node: IP: 142.250.186.206. Number of nodes 24
EtherApe-INFO: 21:40:21.405: New node: IP: 172.217.16.54. Number of nodes 25
EtherApe-INFO: 21:40:23.849: delete node: IP: 176.122.113.13. Number of nodes 24
EtherApe-INFO: 21:40:42.247: delete node: IPv6: ff02::1. Number of nodes 23
EtherApe-INFO: 21:40:42.247: delete node: IPv6: fe80::9ada:c4ff:febf:99a5. Number of nodes 22
EtherApe-INFO: 21:40:44.354: delete node: IP: 216.58.215.67. Number of nodes 21
EtherApe-INFO: 21:40:58.204: New node: IP: 172.217.16.5. Number of nodes 22
EtherApe-INFO: 21:41:00.659: delete node: IP: 216.58.208.202. Number of nodes 21
EtherApe-INFO: 21:41:05.138: New node: IP: 142.250.203.138. Number of nodes 22
EtherApe-INFO: 21:41:08.071: New node: IP: 95.216.195.133. Number of nodes 23
EtherApe-INFO: 21:41:17.938: New node: IP: 172.217.16.46. Number of nodes 24
EtherApe-INFO: 21:41:17.939: New node: IP: 176.122.113.12. Number of nodes 25
EtherApe-INFO: 21:41:28.284: New node: IP: 142.250.186.195. Number of nodes 26
EtherApe-INFO: 21:41:33.218: New node: IP: 172.217.20.206. Number of nodes 27
EtherApe-INFO: 21:41:36.111: New node: IP: 216.58.208.195. Number of nodes 28
EtherApe-INFO: 21:41:37.937: New node: IP: 142.250.203.129. Number of nodes 29
EtherApe-INFO: 21:41:37.938: New node: IP: 216.58.215.65. Number of nodes 30
EtherApe-INFO: 21:41:38.845: New node: IP: 142.250.186.202. Number of nodes 31
EtherApe-INFO: 21:41:43.386: New node: IP: 142.250.75.1. Number of nodes 32
EtherApe-INFO: 21:41:43.992: New node: IP: 142.250.75.10. Number of nodes 33
EtherApe-INFO: 21:41:54.351: delete node: IP: 172.217.16.14. Number of nodes 32
EtherApe-INFO: 21:42:02.101: New node: IP: 95.216.144.15. Number of nodes 33
EtherApe-INFO: 21:42:03.808: New node: IP: 135.181.27.174. Number of nodes 34
EtherApe-INFO: 21:42:10.545: New node: IP: 216.58.208.196. Number of nodes 35
EtherApe-INFO: 21:42:19.831: New node: IP: 31.13.81.174. Number of nodes 36
EtherApe-INFO: 21:42:20.899: New node: IP: 31.43.58.32. Number of nodes 37
EtherApe-INFO: 21:42:59.118: delete node: IP: 23.34.185.56. Number of nodes 36
EtherApe-INFO: 21:43:08.627: delete node: IP: 95.216.195.133. Number of nodes 35
EtherApe-INFO: 21:43:09.861: New node: IP: 142.250.203.206. Number of nodes 36
EtherApe-INFO: 21:43:09.909: delete node: IP: 185.199.109.154. Number of nodes 35
EtherApe-INFO: 21:43:19.138: New node: IP: 95.217.163.246. Number of nodes 36
EtherApe-INFO: 21:43:19.214: delete node: IP: 172.217.16.54. Number of nodes 35
EtherApe-INFO: 21:43:22.071: New node: IP: 95.217.239.55. Number of nodes 36
EtherApe-INFO: 21:43:37.351: New node: IP: 216.58.215.67. Number of nodes 37
EtherApe-INFO: 21:43:44.263: delete node: IP: 216.58.215.65. Number of nodes 36
EtherApe-INFO: 21:43:44.263: delete node: IP: 216.58.208.195. Number of nodes 35
EtherApe-INFO: 21:43:44.263: delete node: IP: 142.250.75.1. Number of nodes 34
EtherApe-INFO: 21:43:47.802: delete node: IP: 172.217.20.206. Number of nodes 33
EtherApe-INFO: 21:43:59.228: delete node: IP: 142.250.186.196. Number of nodes 32
EtherApe-INFO: 21:44:10.967: delete node: IP: 142.250.203.129. Number of nodes 31
EtherApe-INFO: 21:44:21.405: delete node: IP: 172.217.20.202. Number of nodes 30
EtherApe-INFO: 21:44:29.959: delete node: IP: 31.43.58.32. Number of nodes 29
EtherApe-INFO: 21:44:29.959: delete node: IP: 31.13.81.174. Number of nodes 28
EtherApe-INFO: 21:44:32.633: delete node: IP: 142.250.186.195. Number of nodes 27
EtherApe-INFO: 21:44:34.755: delete node: IP: 216.58.215.110. Number of nodes 26
EtherApe-INFO: 21:44:47.217: New node: IP: 172.217.20.202. Number of nodes 27
EtherApe-INFO: 21:44:47.445: New node: IPv6: fe80::9ada:c4ff:febf:99a5. Number of nodes 28
EtherApe-INFO: 21:44:47.446: New node: IPv6: ff02::1. Number of nodes 29
EtherApe-INFO: 21:45:01.431: New node: IP: 23.152.160.16. Number of nodes 30
EtherApe-INFO: 21:45:08.637: delete node: IP: 95.216.144.15. Number of nodes 29
EtherApe-INFO: 21:45:15.567: New node: IP: 142.250.203.142. Number of nodes 30
EtherApe-INFO: 21:45:19.864: delete node: IP: 142.250.75.10. Number of nodes 29
EtherApe-INFO: 21:45:24.105: delete node: IP: 172.217.16.46. Number of nodes 28
EtherApe-INFO: 21:45:37.435: delete node: IP: 216.58.215.67. Number of nodes 27
EtherApe-INFO: 21:45:43.033: New node: IP: 216.58.209.10. Number of nodes 28
EtherApe-INFO: 21:45:43.034: New node: IP: 216.58.208.206. Number of nodes 29
EtherApe-INFO: 21:45:49.661: delete node: IP: 142.250.75.14. Number of nodes 28
EtherApe-INFO: 21:45:50.952: delete node: IP: 172.217.16.10. Number of nodes 27
EtherApe-INFO: 21:46:08.315: New node: IP: 95.216.195.133. Number of nodes 28
EtherApe-INFO: 21:46:25.481: delete node: IP: 95.217.163.246. Number of nodes 27
EtherApe-INFO: 21:46:29.960: delete node: IP: 135.181.27.174. Number of nodes 26
EtherApe-INFO: 21:46:47.591: delete node: IPv6: ff02::1. Number of nodes 25
EtherApe-INFO: 21:46:47.591: delete node: IPv6: fe80::9ada:c4ff:febf:99a5. Number of nodes 24
EtherApe-INFO: 21:47:00.845: New node: IP: 142.250.186.196. Number of nodes 25
EtherApe-INFO: 21:47:05.968: delete node: IP: 142.250.186.206. Number of nodes 24
EtherApe-INFO: 21:47:14.179: New node: IP: 149.154.167.223. Number of nodes 25
EtherApe-INFO: 21:47:21.912: New node: IP: 216.58.208.214. Number of nodes 26
EtherApe-INFO: 21:47:27.513: New node: IP: 176.122.113.78. Number of nodes 27
EtherApe-INFO: 21:47:37.114: New node: IP: 216.58.215.67. Number of nodes 28
EtherApe-INFO: 21:47:52.382: delete node: IP: 216.58.209.10. Number of nodes 27
EtherApe-INFO: 21:47:52.382: delete node: IP: 216.58.208.206. Number of nodes 26
EtherApe-INFO: 21:48:05.697: delete node: IP: 176.122.113.12. Number of nodes 25
EtherApe-INFO: 21:48:08.347: delete node: IP: 95.216.195.133. Number of nodes 24
EtherApe-INFO: 21:48:30.179: New node: IP: 216.58.208.206. Number of nodes 25
EtherApe-INFO: 21:48:30.180: New node: IP: 142.250.75.14. Number of nodes 26
EtherApe-INFO: 21:48:31.778: New node: IP: 216.58.215.74. Number of nodes 27
EtherApe-INFO: 21:48:34.711: New node: IP: 64.233.161.189. Number of nodes 28
EtherApe-INFO: 21:48:34.979: New node: IP: 216.58.209.14. Number of nodes 29
EtherApe-INFO: 21:48:37.112: New node: IP: 172.253.112.94. Number of nodes 30
EtherApe-INFO: 21:48:45.691: delete node: IP: 172.217.20.202. Number of nodes 29
EtherApe-INFO: 21:48:50.993: delete node: IP: 216.58.208.196. Number of nodes 28
EtherApe-INFO: 21:48:57.654: delete node: IP: 95.217.239.55. Number of nodes 27
EtherApe-INFO: 21:49:25.112: New node: IP: 172.217.20.206. Number of nodes 28
EtherApe-INFO: 21:49:25.113: New node: IP: 216.58.215.110. Number of nodes 29
EtherApe-INFO: 21:49:27.267: delete node: IP: 216.58.208.214. Number of nodes 28
EtherApe-INFO: 21:49:27.813: delete node: IP: 176.122.113.78. Number of nodes 27
EtherApe-INFO: 21:49:29.706: delete node: IP: 149.154.167.223. Number of nodes 26
EtherApe-INFO: 21:49:37.380: delete node: IP: 216.58.215.67. Number of nodes 25
EtherApe-INFO: 21:49:54.978: New node: IP: 0.0.0.0. Number of nodes 26
EtherApe-INFO: 21:49:54.978: New node: IP: 255.255.255.255. Number of nodes 27
EtherApe-INFO: 21:49:54.978: New node: IP: 192.168.2.132. Number of nodes 28
EtherApe-INFO: 21:49:54.980: New node: IP: 95.216.195.133. Number of nodes 29
EtherApe-INFO: 21:49:55.512: New node: IP: 173.194.222.188. Number of nodes 30
EtherApe-INFO: 21:49:57.378: New node: IP: 142.250.203.214. Number of nodes 31
EtherApe-INFO: 21:50:01.112: New node: IP: 224.0.0.251. Number of nodes 32
EtherApe-INFO: 21:50:30.474: delete node: IP: 142.250.203.195. Number of nodes 31
EtherApe-INFO: 21:50:30.796: delete node: IP: 173.194.73.189. Number of nodes 30
EtherApe-INFO: 21:50:32.104: delete node: IP: 216.58.215.74. Number of nodes 29
EtherApe-INFO: 21:50:34.730: delete node: IP: 216.58.208.206. Number of nodes 28
EtherApe-INFO: 21:50:35.278: delete node: IP: 216.58.209.14. Number of nodes 27
EtherApe-INFO: 21:50:37.647: delete node: IP: 172.253.112.94. Number of nodes 26
EtherApe-INFO: 21:50:39.778: New node: IP: 142.250.75.10. Number of nodes 27
EtherApe-INFO: 21:51:13.112: New node: IP: 172.217.20.214. Number of nodes 28
EtherApe-INFO: 21:51:18.182: New node: IP: 216.58.215.74. Number of nodes 29
EtherApe-INFO: 21:51:18.446: New node: IP: 216.58.209.14. Number of nodes 30
EtherApe-INFO: 21:51:18.736: New node: IP: 176.122.113.78. Number of nodes 31
EtherApe-INFO: 21:51:25.864: delete node: IP: 216.58.215.110. Number of nodes 30
EtherApe-INFO: 21:51:29.244: New node: IP: 142.250.186.206. Number of nodes 31
EtherApe-INFO: 21:51:37.319: delete node: IP: 142.250.203.138. Number of nodes 30
EtherApe-INFO: 21:51:57.829: delete node: IP: 255.255.255.255. Number of nodes 29
EtherApe-INFO: 21:51:57.829: delete node: IP: 173.194.73.188. Number of nodes 28
EtherApe-INFO: 21:51:57.829: delete node: IP: 172.217.20.206. Number of nodes 27
EtherApe-INFO: 21:51:57.829: delete node: IP: 172.217.16.5. Number of nodes 26
EtherApe-INFO: 21:51:57.829: delete node: IP: 142.250.203.214. Number of nodes 25
EtherApe-INFO: 21:51:57.829: delete node: IP: 142.250.75.14. Number of nodes 24
EtherApe-INFO: 21:51:57.829: delete node: IP: 34.76.0.142. Number of nodes 23
EtherApe-INFO: 21:51:57.829: delete node: IP: 0.0.0.0. Number of nodes 22
EtherApe-INFO: 21:52:00.535: delete node: IP: 192.168.2.132. Number of nodes 21
EtherApe-INFO: 21:52:01.591: New node: IP: 216.58.208.196. Number of nodes 22
EtherApe-INFO: 21:52:06.391: New node: IP: 142.250.75.13. Number of nodes 23
EtherApe-INFO: 21:52:09.406: delete node: IP: 224.0.0.251. Number of nodes 22
EtherApe-INFO: 21:53:08.370: delete node: IP: 95.216.195.133. Number of nodes 21
EtherApe-INFO: 21:53:18.500: delete node: IP: 216.58.215.74. Number of nodes 20
EtherApe-INFO: 21:53:18.821: delete node: IP: 216.58.209.14. Number of nodes 19
EtherApe-INFO: 21:53:20.127: delete node: IP: 172.217.20.214. Number of nodes 18
EtherApe-INFO: 21:53:24.044: New node: IP: 216.58.215.78. Number of nodes 19
EtherApe-INFO: 21:53:24.045: New node: IP: 74.125.15.34. Number of nodes 20
EtherApe-INFO: 21:53:38.924: New node: IP: 216.58.209.10. Number of nodes 21
EtherApe-INFO: 21:53:52.422: delete node: IP: 142.250.186.196. Number of nodes 20
EtherApe-INFO: 21:53:55.537: New node: IP: 149.154.167.223. Number of nodes 21
EtherApe-INFO: 21:54:01.431: New node: IP: 142.250.186.196. Number of nodes 22
EtherApe-INFO: 21:54:08.098: New node: IP: 173.194.222.113. Number of nodes 23
EtherApe-INFO: 21:54:09.645: New node: IP: 173.194.222.100. Number of nodes 24
EtherApe-INFO: 21:54:09.911: New node: IP: 74.125.205.189. Number of nodes 25
EtherApe-INFO: 21:54:09.912: New node: IP: 216.58.208.202. Number of nodes 26
EtherApe-INFO: 21:54:16.162: New node: IP: 216.58.215.67. Number of nodes 27
EtherApe-INFO: 21:54:16.162: New node: IP: 172.217.16.5. Number of nodes 28
EtherApe-INFO: 21:54:17.751: New node: IP: 216.58.215.65. Number of nodes 29
EtherApe-INFO: 21:54:17.753: New node: IP: 142.250.203.129. Number of nodes 30
EtherApe-INFO: 21:54:18.022: New node: IP: 142.250.186.193. Number of nodes 31
EtherApe-INFO: 21:54:18.285: New node: IP: 172.217.16.14. Number of nodes 32
EtherApe-INFO: 21:54:18.285: New node: IP: 216.58.215.74. Number of nodes 33
EtherApe-INFO: 21:54:21.234: New node: IP: 216.58.215.110. Number of nodes 34
EtherApe-INFO: 21:54:24.951: New node: IP: 216.58.208.195. Number of nodes 35
EtherApe-INFO: 21:54:25.484: New node: IPv6: fe80::9ada:c4ff:febf:99a5. Number of nodes 36
EtherApe-INFO: 21:54:25.484: New node: IPv6: ff02::1. Number of nodes 37
EtherApe-INFO: 21:54:27.085: New node: IP: 142.250.75.14. Number of nodes 38
EtherApe-INFO: 21:54:28.419: New node: IP: 216.58.208.206. Number of nodes 39
EtherApe-INFO: 21:54:38.661: New node: IP: 142.250.203.138. Number of nodes 40
EtherApe-INFO: 21:55:24.790: delete node: IP: 142.250.75.10. Number of nodes 39
EtherApe-INFO: 21:55:54.875: New node: IP: 172.217.16.3. Number of nodes 40
EtherApe-INFO: 21:55:54.876: New node: IP: 142.250.186.205. Number of nodes 41
EtherApe-INFO: 21:55:55.156: New node: IP: 34.84.111.50. Number of nodes 42
EtherApe-INFO: 21:55:55.160: New node: IP: 34.131.78.121. Number of nodes 43
EtherApe-INFO: 21:55:56.178: New node: IP: 172.217.16.35. Number of nodes 44
EtherApe-INFO: 21:55:56.377: New node: IP: 35.206.80.10. Number of nodes 45
EtherApe-INFO: 21:55:57.182: New node: IP: 172.217.167.67. Number of nodes 46
EtherApe-INFO: 21:55:58.497: New node: IP: 35.214.42.68. Number of nodes 47
EtherApe-INFO: 21:55:59.031: New node: IP: 216.58.215.106. Number of nodes 48
EtherApe-INFO: 21:55:59.031: New node: IP: 172.217.20.195. Number of nodes 49
EtherApe-INFO: 21:55:59.625: delete node: IP: 31.13.81.52. Number of nodes 48
EtherApe-INFO: 21:56:08.338: New node: IP: 95.216.195.133. Number of nodes 49
EtherApe-INFO: 21:56:08.339: New node: IP: 172.217.16.22. Number of nodes 50
EtherApe-INFO: 21:56:09.629: delete node: IP: 216.58.215.78. Number of nodes 49
EtherApe-INFO: 21:56:09.631: delete node: IP: 173.194.222.113. Number of nodes 48
EtherApe-INFO: 21:56:09.632: delete node: IP: 142.250.186.196. Number of nodes 47
EtherApe-INFO: 21:56:09.632: delete node: IP: 64.233.161.189. Number of nodes 46
EtherApe-INFO: 21:56:10.124: New node: IP: 172.217.16.10. Number of nodes 47
EtherApe-INFO: 21:56:10.717: delete node: IP: 149.154.167.223. Number of nodes 46
EtherApe-INFO: 21:56:20.258: New node: IP: 172.217.16.46. Number of nodes 47
EtherApe-INFO: 21:56:25.699: delete node: IPv6: ff02::1. Number of nodes 46
EtherApe-INFO: 21:56:25.699: delete node: IPv6: fe80::9ada:c4ff:febf:99a5. Number of nodes 45
EtherApe-INFO: 21:56:37.250: delete node: IP: 142.250.203.129. Number of nodes 44
EtherApe-INFO: 21:57:02.300: delete node: IP: 23.152.160.16. Number of nodes 43
EtherApe-INFO: 21:57:02.497: New node: IP: 142.250.203.196. Number of nodes 44
EtherApe-INFO: 21:57:03.031: New node: IP: 23.152.160.16. Number of nodes 45
EtherApe-INFO: 21:57:03.082: delete node: IP: 74.125.15.34. Number of nodes 44
EtherApe-INFO: 21:57:25.219: New node: IP: 142.250.203.129. Number of nodes 45
EtherApe-INFO: 21:57:35.085: New node: IP: 95.217.163.246. Number of nodes 46
EtherApe-INFO: 21:57:51.431: New node: IP: 95.216.144.15. Number of nodes 47
EtherApe-INFO: 21:58:03.972: delete node: IP: 35.214.42.68. Number of nodes 46
EtherApe-INFO: 21:58:08.775: delete node: IP: 95.216.195.133. Number of nodes 45
EtherApe-INFO: 21:59:03.252: New node: IP: 35.190.39.137. Number of nodes 46
EtherApe-INFO: 21:59:03.449: New node: IP: 216.58.208.205. Number of nodes 47
EtherApe-INFO: 21:59:16.231: New node: IP: 142.250.203.214. Number of nodes 48
EtherApe-INFO: 21:59:25.365: delete node: IP: 142.250.186.205. Number of nodes 47
EtherApe-INFO: 21:59:28.234: New node: IPv6: fe80::9ada:c4ff:febf:99a5. Number of nodes 48
EtherApe-INFO: 21:59:28.234: New node: IPv6: ff02::1. Number of nodes 49
EtherApe-INFO: 21:59:31.456: delete node: IP: 142.250.203.129. Number of nodes 48
EtherApe-INFO: 21:59:35.760: delete node: IP: 216.58.215.106. Number of nodes 47
EtherApe-INFO: 21:59:35.760: delete node: IP: 35.206.80.10. Number of nodes 46
EtherApe-INFO: 21:59:35.760: delete node: IP: 34.131.78.121. Number of nodes 45
EtherApe-INFO: 21:59:35.760: delete node: IP: 34.84.111.50. Number of nodes 44
EtherApe-INFO: 21:59:40.044: New node: IP: 149.154.167.223. Number of nodes 45
EtherApe-INFO: 21:59:53.977: delete node: IP: 95.216.144.15. Number of nodes 44
EtherApe-INFO: 21:59:54.978: New node: IP: 74.125.137.94. Number of nodes 45
EtherApe-INFO: 21:59:54.978: New node: IP: 216.239.32.116. Number of nodes 46
EtherApe-INFO: 22:00:10.513: delete node: IP: 216.58.208.196. Number of nodes 45
EtherApe-INFO: 22:00:10.513: delete node: IP: 173.194.222.100. Number of nodes 44
EtherApe-INFO: 22:00:10.513: delete node: IP: 142.250.75.13. Number of nodes 43
EtherApe-INFO: 22:00:10.513: delete node: IP: 74.125.205.189. Number of nodes 42
EtherApe-INFO: 22:00:16.372: delete node: IP: 216.58.215.67. Number of nodes 41
EtherApe-INFO: 22:00:19.604: delete node: IP: 216.58.215.74. Number of nodes 40
EtherApe-INFO: 22:00:19.604: delete node: IP: 216.58.215.65. Number of nodes 39
EtherApe-INFO: 22:00:19.604: delete node: IP: 172.217.16.14. Number of nodes 38
EtherApe-INFO: 22:00:19.604: delete node: IP: 142.250.203.142. Number of nodes 37
EtherApe-INFO: 22:00:22.183: delete node: IP: 216.58.215.110. Number of nodes 36
EtherApe-INFO: 22:00:25.378: New node: IP: 172.217.16.14. Number of nodes 37
EtherApe-INFO: 22:00:25.645: New node: IP: 142.250.203.129. Number of nodes 38
EtherApe-INFO: 22:00:28.684: delete node: IP: 142.250.203.206. Number of nodes 37
EtherApe-INFO: 22:00:28.684: delete node: IP: 142.250.75.14. Number of nodes 36
EtherApe-INFO: 22:00:30.711: New node: IP: 216.58.215.110. Number of nodes 37
EtherApe-INFO: 22:00:30.712: New node: IP: 142.250.203.195. Number of nodes 38
EtherApe-INFO: 22:00:30.712: New node: IP: 216.58.209.3. Number of nodes 39
EtherApe-INFO: 22:00:33.683: delete node: IP: 142.250.203.202. Number of nodes 38
EtherApe-INFO: 22:00:34.451: delete node: IP: 23.152.160.16. Number of nodes 37
EtherApe-INFO: 22:00:39.294: delete node: IP: 142.250.203.138. Number of nodes 36
EtherApe-INFO: 22:00:41.113: New node: IP: 13.224.231.111. Number of nodes 37
EtherApe-INFO: 22:00:41.234: delete node: IP: 95.217.163.246. Number of nodes 36
EtherApe-INFO: 22:00:41.915: New node: IP: 18.66.115.205. Number of nodes 37
EtherApe-INFO: 22:00:42.196: New node: IP: 3.209.218.39. Number of nodes 38
EtherApe-INFO: 22:00:43.511: New node: IP: 142.250.203.206. Number of nodes 39
EtherApe-INFO: 22:00:43.778: New node: IP: 52.94.243.89. Number of nodes 40
EtherApe-INFO: 22:01:03.620: delete node: IP: 35.190.39.137. Number of nodes 39
EtherApe-INFO: 22:01:05.377: New node: IP: 142.250.75.14. Number of nodes 40
EtherApe-INFO: 22:01:08.311: New node: IP: 95.216.195.133. Number of nodes 41
EtherApe-INFO: 22:01:27.857: New node: IP: 35.190.39.137. Number of nodes 42
EtherApe-INFO: 22:01:29.028: delete node: IPv6: ff02::1. Number of nodes 41
EtherApe-INFO: 22:01:29.028: delete node: IPv6: fe80::9ada:c4ff:febf:99a5. Number of nodes 40
EtherApe-INFO: 22:01:46.889: delete node: IP: 142.250.203.214. Number of nodes 39
EtherApe-INFO: 22:01:49.165: delete node: IP: 216.58.208.195. Number of nodes 38
EtherApe-INFO: 22:01:55.245: delete node: IP: 172.217.16.5. Number of nodes 37
EtherApe-INFO: 22:01:55.784: delete node: IP: 74.125.137.94. Number of nodes 36
EtherApe-INFO: 22:01:56.328: delete node: IP: 172.217.16.35. Number of nodes 35
EtherApe-INFO: 22:01:58.766: delete node: IP: 172.217.167.67. Number of nodes 34
EtherApe-INFO: 22:02:00.680: delete node: IP: 216.58.209.10. Number of nodes 33
EtherApe-INFO: 22:02:05.196: delete node: IP: 142.250.186.206. Number of nodes 32
EtherApe-INFO: 22:02:06.712: New node: IP: 172.217.20.202. Number of nodes 33
EtherApe-INFO: 22:02:11.778: New node: IP: 142.250.186.196. Number of nodes 34
EtherApe-INFO: 22:02:14.264: delete node: IP: 142.250.186.193. Number of nodes 33
EtherApe-INFO: 22:02:27.274: delete node: IP: 142.250.203.129. Number of nodes 32
EtherApe-INFO: 22:02:31.268: delete node: IP: 216.58.209.3. Number of nodes 31
EtherApe-INFO: 22:02:31.269: delete node: IP: 172.217.16.46. Number of nodes 30
EtherApe-INFO: 22:02:31.269: delete node: IP: 142.250.203.195. Number of nodes 29
EtherApe-INFO: 22:02:37.400: delete node: IP: 172.217.16.22. Number of nodes 28
EtherApe-INFO: 22:02:44.817: New node: IP: 142.250.186.193. Number of nodes 29
EtherApe-INFO: 22:02:45.085: New node: IP: 142.250.203.214. Number of nodes 30
EtherApe-INFO: 22:02:55.760: delete node: IP: 172.217.20.195. Number of nodes 29
EtherApe-INFO: 22:03:09.446: delete node: IP: 95.216.195.133. Number of nodes 28
EtherApe-INFO: 22:03:17.406: delete node: IP: 216.58.215.110. Number of nodes 27
EtherApe-INFO: 22:03:35.752: delete node: IP: 216.58.208.202. Number of nodes 26
EtherApe-INFO: 22:03:55.111: New node: IP: 216.58.215.78. Number of nodes 27
EtherApe-INFO: 22:03:59.965: delete node: IP: 142.250.203.196. Number of nodes 26
EtherApe-INFO: 22:04:08.251: delete node: IP: 172.217.20.202. Number of nodes 25
EtherApe-INFO: 22:04:37.320: delete node: IP: 35.190.39.137. Number of nodes 24
EtherApe-INFO: 22:04:47.382: delete node: IP: 142.250.203.214. Number of nodes 23
EtherApe-INFO: 22:04:47.382: delete node: IP: 142.250.186.193. Number of nodes 22
EtherApe-INFO: 22:04:54.332: delete node: IP: 142.250.203.206. Number of nodes 21
EtherApe-INFO: 22:05:03.721: delete node: IP: 172.217.16.3. Number of nodes 20
EtherApe-INFO: 22:05:07.626: New node: IP: 142.250.186.206. Number of nodes 21
EtherApe-INFO: 22:05:09.484: New node: IP: 142.250.186.205. Number of nodes 22
EtherApe-INFO: 22:05:51.352: New node: IP: 142.250.75.3. Number of nodes 23
EtherApe-INFO: 22:05:51.352: New node: IP: 216.58.215.67. Number of nodes 24
EtherApe-INFO: 22:05:51.887: New node: IP: 216.58.209.14. Number of nodes 25
EtherApe-INFO: 22:05:52.151: New node: IP: 216.58.209.10. Number of nodes 26
EtherApe-INFO: 22:05:54.019: New node: IP: 172.217.20.202. Number of nodes 27
EtherApe-INFO: 22:05:54.020: New node: IP: 216.58.215.66. Number of nodes 28
EtherApe-INFO: 22:05:55.353: delete node: IP: 216.239.32.116. Number of nodes 27
EtherApe-INFO: 22:05:56.687: New node: IP: 91.208.83.132. Number of nodes 28
EtherApe-INFO: 22:05:57.752: New node: IP: 142.250.203.138. Number of nodes 29
EtherApe-INFO: 22:06:03.354: New node: IP: 142.250.203.206. Number of nodes 30
EtherApe-INFO: 22:06:03.621: New node: IP: 142.250.203.142. Number of nodes 31
EtherApe-INFO: 22:06:08.151: New node: IP: 95.216.195.133. Number of nodes 32
EtherApe-INFO: 22:06:10.105: delete node: IP: 216.58.208.205. Number of nodes 31
EtherApe-INFO: 22:06:12.688: New node: IP: 185.199.108.153. Number of nodes 32
EtherApe-INFO: 22:06:17.488: New node: IP: 216.58.208.202. Number of nodes 33
EtherApe-INFO: 22:06:33.255: delete node: IP: 172.217.16.14. Number of nodes 32
EtherApe-INFO: 22:06:33.255: delete node: IP: 149.154.167.223. Number of nodes 31
EtherApe-INFO: 22:06:38.017: New node: IP: 172.66.43.53. Number of nodes 32
EtherApe-INFO: 22:06:38.284: New node: IP: 172.217.16.1. Number of nodes 33
EtherApe-INFO: 22:06:43.415: delete node: IP: 176.122.113.78. Number of nodes 32
EtherApe-INFO: 22:06:51.085: New node: IP: 104.16.0.17. Number of nodes 33
EtherApe-INFO: 22:06:52.151: New node: IP: 2.18.97.48. Number of nodes 34
EtherApe-INFO: 22:06:52.684: New node: IP: 142.250.186.214. Number of nodes 35
EtherApe-INFO: 22:06:52.685: New node: IP: 18.66.92.157. Number of nodes 36
EtherApe-INFO: 22:06:53.222: New node: IP: 176.122.110.205. Number of nodes 37
EtherApe-INFO: 22:06:55.033: New node: IP: 35.201.107.59. Number of nodes 38
EtherApe-INFO: 22:07:03.911: New node: IP: 216.58.208.196. Number of nodes 39
EtherApe-INFO: 22:07:13.414: delete node: IP: 3.209.218.39. Number of nodes 38
EtherApe-INFO: 22:07:17.884: New node: IP: 95.216.144.15. Number of nodes 39
EtherApe-INFO: 22:07:36.204: New node: IP: 23.152.160.16. Number of nodes 40
EtherApe-INFO: 22:07:44.015: New node: IP: 185.125.188.57. Number of nodes 41
EtherApe-INFO: 22:07:44.524: New node: IP: 91.189.91.42. Number of nodes 42
EtherApe-INFO: 22:07:48.832: delete node: IP: 142.250.186.206. Number of nodes 41
EtherApe-INFO: 22:07:51.191: New node: IPv6: fe80::9ada:c4ff:febf:99a5. Number of nodes 42
EtherApe-INFO: 22:07:51.191: New node: IPv6: ff02::1. Number of nodes 43
EtherApe-INFO: 22:07:54.190: delete node: IP: 172.217.20.202. Number of nodes 42
EtherApe-INFO: 22:07:54.190: delete node: IP: 52.94.243.89. Number of nodes 41
EtherApe-INFO: 22:07:55.007: New node: IP: 216.239.32.116. Number of nodes 42
EtherApe-INFO: 22:07:55.273: delete node: IP: 216.58.215.67. Number of nodes 41
EtherApe-INFO: 22:07:58.001: delete node: IP: 142.250.203.138. Number of nodes 40
EtherApe-INFO: 22:08:02.014: delete node: IP: 18.66.115.205. Number of nodes 39
EtherApe-INFO: 22:08:04.391: delete node: IP: 216.58.215.78. Number of nodes 38
EtherApe-INFO: 22:08:08.414: delete node: IP: 95.216.195.133. Number of nodes 37
EtherApe-INFO: 22:08:10.815: delete node: IP: 13.224.231.111. Number of nodes 36
EtherApe-INFO: 22:08:15.539: New node: IP: 142.250.203.138. Number of nodes 37
                                                                                  