(etherape:1750): GLib-GIO-DEBUG: 19:22:48.111: _g_io_module_get_default: Found default implementation local (GLocalVfs) for ‘gio-vfs’
EtherApe-INFO: 19:22:48.249: sctp protocol not supported
EtherApe-INFO: 19:22:48.249: dccp protocol not supported
EtherApe-INFO: 19:22:48.249: sctp protocol not supported
EtherApe-INFO: 19:22:48.249: sctp protocol not supported
EtherApe-INFO: 19:22:48.249: sctp protocol not supported
EtherApe-INFO: 19:22:48.249: sctp protocol not supported
EtherApe-INFO: 19:22:48.249: sctp protocol not supported
EtherApe-INFO: 19:22:48.249: sctp protocol not supported
EtherApe-INFO: 19:22:48.249: sctp protocol not supported
EtherApe-INFO: 19:22:48.249: dccp protocol not supported
EtherApe-INFO: 19:22:48.249: sctp protocol not supported
EtherApe-INFO: 19:22:48.249: dccp protocol not supported
EtherApe-INFO: 19:22:48.250: dccp protocol not supported
EtherApe-INFO: 19:22:48.250: sctp protocol not supported
EtherApe-INFO: 19:22:48.250: sctp protocol not supported
EtherApe-INFO: 19:22:48.250: sctp protocol not supported
EtherApe-INFO: 19:22:48.250: sctp protocol not supported
EtherApe-INFO: 19:22:48.251: sctp protocol not supported
EtherApe-INFO: 19:22:48.251: sctp protocol not supported
EtherApe-INFO: 19:22:48.251: sctp protocol not supported
EtherApe-INFO: 19:22:48.251: sctp protocol not supported
EtherApe-INFO: 19:22:48.251: sctp protocol not supported
EtherApe-INFO: 19:22:48.251: sctp protocol not supported
EtherApe-INFO: 19:22:48.252: sctp protocol not supported
EtherApe-INFO: 19:22:48.252: sctp protocol not supported
EtherApe-INFO: 19:22:48.252: sctp protocol not supported
EtherApe-INFO: 19:22:48.252: sctp protocol not supported
EtherApe-INFO: 19:22:48.252: sctp protocol not supported
EtherApe-INFO: 19:22:48.252: dccp protocol not supported
EtherApe-INFO: 19:22:48.252: sctp protocol not supported
EtherApe-INFO: 19:22:48.252: sctp protocol not supported
EtherApe-INFO: 19:22:48.252: dccp protocol not supported
EtherApe-INFO: 19:22:48.252: sctp protocol not supported
EtherApe-INFO: 19:22:48.252: sctp protocol not supported
EtherApe-INFO: 19:22:48.252: sctp protocol not supported
EtherApe-INFO: 19:22:48.253: dccp protocol not supported
EtherApe-INFO: 19:22:48.253: dccp protocol not supported
EtherApe-INFO: 19:22:48.253: sctp protocol not supported
EtherApe-INFO: 19:22:48.253: sctp protocol not supported
EtherApe-INFO: 19:22:48.253: sctp protocol not supported
EtherApe-INFO: 19:22:48.253: sctp protocol not supported
EtherApe-INFO: 19:22:48.253: sctp protocol not supported
EtherApe-INFO: 19:22:48.253: sctp protocol not supported
EtherApe-INFO: 19:22:48.253: sctp protocol not supported
EtherApe-INFO: 19:22:48.253: sctp protocol not supported
EtherApe-INFO: 19:22:48.253: sctp protocol not supported
EtherApe-INFO: 19:22:48.253: sctp protocol not supported
EtherApe-INFO: 19:22:48.253: sctp protocol not supported
EtherApe-INFO: 19:22:48.253: sctp protocol not supported
EtherApe-INFO: 19:22:48.253: sctp protocol not supported
EtherApe-INFO: 19:22:48.253: dccp protocol not supported
EtherApe-INFO: 19:22:48.253: sctp protocol not supported
EtherApe-INFO: 19:22:48.253: sctp protocol not supported
EtherApe-INFO: 19:22:48.253: sctp protocol not supported
EtherApe-INFO: 19:22:48.253: sctp protocol not supported
EtherApe-INFO: 19:22:48.253: sctp protocol not supported
EtherApe-INFO: 19:22:48.253: sctp protocol not supported
EtherApe-INFO: 19:22:48.253: sctp protocol not supported
EtherApe-INFO: 19:22:48.253: sctp protocol not supported
EtherApe-INFO: 19:22:48.254: sctp protocol not supported
EtherApe-INFO: 19:22:48.254: sctp protocol not supported
EtherApe-INFO: 19:22:48.254: sctp protocol not supported
EtherApe-INFO: 19:22:48.254: sctp protocol not supported
EtherApe-INFO: 19:22:48.254: sctp protocol not supported
EtherApe-INFO: 19:22:48.254: sctp protocol not supported
EtherApe-INFO: 19:22:48.254: sctp protocol not supported
EtherApe-INFO: 19:22:48.254: sctp protocol not supported
EtherApe-INFO: 19:22:48.254: sctp protocol not supported
EtherApe-INFO: 19:22:48.254: sctp protocol not supported
EtherApe-INFO: 19:22:48.254: sctp protocol not supported
EtherApe-INFO: 19:22:48.254: sctp protocol not supported
EtherApe-INFO: 19:22:48.254: sctp protocol not supported
EtherApe-INFO: 19:22:48.254: sctp protocol not supported
EtherApe-INFO: 19:22:48.254: sctp protocol not supported
EtherApe-INFO: 19:22:48.254: sctp protocol not supported
EtherApe-INFO: 19:22:48.254: sctp protocol not supported
EtherApe-INFO: 19:22:48.254: sctp protocol not supported
EtherApe-INFO: 19:22:48.254: sctp protocol not supported
EtherApe-INFO: 19:22:48.254: sctp protocol not supported
EtherApe-INFO: 19:22:48.254: sctp protocol not supported
EtherApe-INFO: 19:22:48.254: sctp protocol not supported
EtherApe-INFO: 19:22:48.254: sctp protocol not supported
EtherApe-INFO: 19:22:48.254: sctp protocol not supported
EtherApe-INFO: 19:22:48.254: sctp protocol not supported
EtherApe-INFO: 19:22:48.254: sctp protocol not supported
EtherApe-INFO: 19:22:48.254: sctp protocol not supported
EtherApe-INFO: 19:22:48.254: sctp protocol not supported
EtherApe-INFO: 19:22:48.263: get_interface result: ''
EtherApe-INFO: 19:22:48.263: Available interfaces for capture: dbus-session dbus-system nfqueue nflog bluetooth-monitor lo any enp1s0f4u2
EtherApe-INFO: 19:22:48.290: Link type is LINUX_SLL
EtherApe-INFO: 19:22:48.291: Diagram started
EtherApe-INFO: 19:22:48.536: New node: IP: 45.231.132.147. Number of nodes 1
EtherApe-INFO: 19:22:48.536: New node: IP: 192.168.8.122. Number of nodes 2
EtherApe-INFO: 19:22:48.804: New node: IP: 149.154.167.51. Number of nodes 3
EtherApe-INFO: 19:22:50.696: Nodes: 3 (shown 3)
EtherApe-INFO: 19:22:51.207: New node: IP: 149.154.165.111. Number of nodes 4
EtherApe-INFO: 19:22:51.207: New node: IP: 149.154.167.92. Number of nodes 5
EtherApe-INFO: 19:22:52.004: New node: IP: 8.8.8.8. Number of nodes 6
EtherApe-INFO: 19:22:53.874: New node: IP: 1.1.1.1. Number of nodes 7
EtherApe-INFO: 19:22:59.471: New node: IP: 172.217.16.10. Number of nodes 8
EtherApe-INFO: 19:23:00.546: New node: IP: 216.58.209.14. Number of nodes 9
EtherApe-INFO: 19:23:01.345: New node: IP: 172.217.16.36. Number of nodes 10
EtherApe-INFO: 19:23:24.004: New node: IP: 239.255.255.250. Number of nodes 11
EtherApe-INFO: 19:23:25.072: New node: IP: 224.0.0.251. Number of nodes 12
EtherApe-INFO: 19:23:27.742: New node: IP: 212.102.33.115. Number of nodes 13
EtherApe-INFO: 19:23:27.746: New node: IP: 142.250.203.131. Number of nodes 14
EtherApe-INFO: 19:23:33.878: New node: IP: 185.102.185.67. Number of nodes 15
EtherApe-INFO: 19:23:49.614: New node: IP: 216.58.209.10. Number of nodes 16
EtherApe-INFO: 19:23:58.938: New node: IPv6: fe80::6c65:a528:f44d:11c9. Number of nodes 17
EtherApe-INFO: 19:23:58.939: New node: IPv6: ff02::2. Number of nodes 18
EtherApe-INFO: 19:23:58.939: New node: IPv6: fe80::210:20ff:fe30:4050. Number of nodes 19
EtherApe-INFO: 19:23:58.939: New node: IPv6: ff02::1:ff4d:11c9. Number of nodes 20
EtherApe-INFO: 19:24:22.674: New node: IP: 216.58.208.206. Number of nodes 21
EtherApe-INFO: 19:24:22.676: New node: IP: 172.217.16.3. Number of nodes 22
EtherApe-INFO: 19:24:23.209: New node: IP: 34.104.35.123. Number of nodes 23
EtherApe-INFO: 19:24:28.004: New node: IP: 216.58.208.205. Number of nodes 24
EtherApe-INFO: 19:24:57.401: delete node: IP: 149.154.167.92. Number of nodes 23
EtherApe-INFO: 19:24:57.401: delete node: IP: 149.154.165.111. Number of nodes 22
EtherApe-INFO: 19:25:17.689: delete node: IP: 172.217.16.10. Number of nodes 21
EtherApe-INFO: 19:25:20.270: New node: IP: 95.216.195.133. Number of nodes 22
EtherApe-INFO: 19:25:29.907: delete node: IP: 224.0.0.251. Number of nodes 21
EtherApe-INFO: 19:25:29.907: delete node: IP: 1.1.1.1. Number of nodes 20
EtherApe-INFO: 19:25:35.277: delete node: IP: 185.102.185.67. Number of nodes 19
EtherApe-INFO: 19:25:42.138: New node: IP: 185.102.185.67. Number of nodes 20
EtherApe-INFO: 19:25:52.007: New node: IP: 216.58.208.202. Number of nodes 21
EtherApe-INFO: 19:25:59.505: delete node: IPv6: ff02::2. Number of nodes 20
EtherApe-INFO: 19:25:59.505: delete node: IPv6: fe80::6c65:a528:f44d:11c9. Number of nodes 19
EtherApe-INFO: 19:26:00.871: delete node: IPv6: ff02::1:ff4d:11c9. Number of nodes 18
EtherApe-INFO: 19:26:00.871: delete node: IPv6: fe80::210:20ff:fe30:4050. Number of nodes 17
EtherApe-INFO: 19:26:15.469: New node: IP: 192.168.1.1. Number of nodes 18
EtherApe-INFO: 19:26:18.936: New node: IP: 94.153.204.245. Number of nodes 19
EtherApe-INFO: 19:26:28.025: delete node: IP: 216.58.208.205. Number of nodes 18
EtherApe-INFO: 19:26:42.136: New node: IPv6: fe80::210:20ff:fe30:4050. Number of nodes 19
EtherApe-INFO: 19:26:42.136: New node: IPv6: ff02::1. Number of nodes 20
EtherApe-INFO: 19:27:22.707: delete node: IP: 95.216.195.133. Number of nodes 19
EtherApe-INFO: 19:27:42.137: New node: IPv6: fe80::6c65:a528:f44d:11c9. Number of nodes 20
EtherApe-INFO: 19:27:42.137: New node: IPv6: ff02::2. Number of nodes 21
EtherApe-INFO: 19:27:42.137: New node: IPv6: ff02::1:ff4d:11c9. Number of nodes 22
EtherApe-INFO: 19:27:42.191: delete node: IP: 185.102.185.67. Number of nodes 21
EtherApe-INFO: 19:27:52.036: delete node: IP: 34.104.35.123. Number of nodes 20
EtherApe-INFO: 19:28:19.004: delete node: IP: 192.168.1.1. Number of nodes 19
EtherApe-INFO: 19:28:19.215: delete node: IP: 94.153.204.245. Number of nodes 18
EtherApe-INFO: 19:28:31.739: New node: IP: 149.154.167.151. Number of nodes 19
EtherApe-INFO: 19:28:42.174: delete node: IPv6: ff02::1. Number of nodes 18
EtherApe-INFO: 19:29:42.692: delete node: IPv6: ff02::2. Number of nodes 17
EtherApe-INFO: 19:29:42.692: delete node: IPv6: fe80::6c65:a528:f44d:11c9. Number of nodes 16
EtherApe-INFO: 19:29:44.897: delete node: IPv6: ff02::1:ff4d:11c9. Number of nodes 15
EtherApe-INFO: 19:29:44.897: delete node: IPv6: fe80::210:20ff:fe30:4050. Number of nodes 14
EtherApe-INFO: 19:29:58.403: New node: IP: 185.102.185.67. Number of nodes 15
EtherApe-INFO: 19:30:13.891: delete node: IP: 45.231.132.147. Number of nodes 14
EtherApe-INFO: 19:30:20.274: New node: IP: 95.216.195.133. Number of nodes 15
EtherApe-INFO: 19:30:23.021: delete node: IP: 216.58.208.206. Number of nodes 14
EtherApe-INFO: 19:30:23.021: delete node: IP: 142.250.203.131. Number of nodes 13
EtherApe-INFO: 19:30:23.229: delete node: IP: 172.217.16.3. Number of nodes 12
EtherApe-INFO: 19:31:58.465: delete node: IP: 185.102.185.67. Number of nodes 11
EtherApe-INFO: 19:32:21.128: delete node: IP: 95.216.195.133. Number of nodes 10
EtherApe-INFO: 19:32:47.736: New node: IP: 192.168.1.1. Number of nodes 11
EtherApe-INFO: 19:32:48.810: New node: IP: 94.153.204.245. Number of nodes 12
EtherApe-INFO: 19:33:01.070: New node: IP: 149.154.165.111. Number of nodes 13
EtherApe-INFO: 19:33:02.139: New node: IPv6: fe80::210:20ff:fe30:4050. Number of nodes 14
EtherApe-INFO: 19:33:02.139: New node: IPv6: ff02::1. Number of nodes 15
EtherApe-INFO: 19:33:35.925: New node: IP: 149.154.175.57. Number of nodes 16
EtherApe-INFO: 19:33:35.925: New node: IP: 149.154.175.54. Number of nodes 17
