(etherape:6086): GLib-GIO-DEBUG: 19:29:32.122: _g_io_module_get_default: Found default implementation local (GLocalVfs) for ‘gio-vfs’
EtherApe-INFO: 19:29:32.254: sctp protocol not supported
EtherApe-INFO: 19:29:32.255: dccp protocol not supported
EtherApe-INFO: 19:29:32.255: sctp protocol not supported
EtherApe-INFO: 19:29:32.255: sctp protocol not supported
EtherApe-INFO: 19:29:32.255: sctp protocol not supported
EtherApe-INFO: 19:29:32.255: sctp protocol not supported
EtherApe-INFO: 19:29:32.255: sctp protocol not supported
EtherApe-INFO: 19:29:32.256: sctp protocol not supported
EtherApe-INFO: 19:29:32.257: sctp protocol not supported
EtherApe-INFO: 19:29:32.257: dccp protocol not supported
EtherApe-INFO: 19:29:32.257: sctp protocol not supported
EtherApe-INFO: 19:29:32.257: dccp protocol not supported
EtherApe-INFO: 19:29:32.257: dccp protocol not supported
EtherApe-INFO: 19:29:32.257: sctp protocol not supported
EtherApe-INFO: 19:29:32.258: sctp protocol not supported
EtherApe-INFO: 19:29:32.258: sctp protocol not supported
EtherApe-INFO: 19:29:32.259: sctp protocol not supported
EtherApe-INFO: 19:29:32.259: sctp protocol not supported
EtherApe-INFO: 19:29:32.261: sctp protocol not supported
EtherApe-INFO: 19:29:32.261: sctp protocol not supported
EtherApe-INFO: 19:29:32.261: sctp protocol not supported
EtherApe-INFO: 19:29:32.261: sctp protocol not supported
EtherApe-INFO: 19:29:32.261: sctp protocol not supported
EtherApe-INFO: 19:29:32.262: sctp protocol not supported
EtherApe-INFO: 19:29:32.262: sctp protocol not supported
EtherApe-INFO: 19:29:32.262: sctp protocol not supported
EtherApe-INFO: 19:29:32.262: sctp protocol not supported
EtherApe-INFO: 19:29:32.263: sctp protocol not supported
EtherApe-INFO: 19:29:32.263: dccp protocol not supported
EtherApe-INFO: 19:29:32.263: sctp protocol not supported
EtherApe-INFO: 19:29:32.263: sctp protocol not supported
EtherApe-INFO: 19:29:32.263: dccp protocol not supported
EtherApe-INFO: 19:29:32.263: sctp protocol not supported
EtherApe-INFO: 19:29:32.263: sctp protocol not supported
EtherApe-INFO: 19:29:32.263: sctp protocol not supported
EtherApe-INFO: 19:29:32.263: dccp protocol not supported
EtherApe-INFO: 19:29:32.263: dccp protocol not supported
EtherApe-INFO: 19:29:32.263: sctp protocol not supported
EtherApe-INFO: 19:29:32.263: sctp protocol not supported
EtherApe-INFO: 19:29:32.263: sctp protocol not supported
EtherApe-INFO: 19:29:32.263: sctp protocol not supported
EtherApe-INFO: 19:29:32.263: sctp protocol not supported
EtherApe-INFO: 19:29:32.263: sctp protocol not supported
EtherApe-INFO: 19:29:32.263: sctp protocol not supported
EtherApe-INFO: 19:29:32.263: sctp protocol not supported
EtherApe-INFO: 19:29:32.263: sctp protocol not supported
EtherApe-INFO: 19:29:32.263: sctp protocol not supported
EtherApe-INFO: 19:29:32.263: sctp protocol not supported
EtherApe-INFO: 19:29:32.263: sctp protocol not supported
EtherApe-INFO: 19:29:32.263: sctp protocol not supported
EtherApe-INFO: 19:29:32.264: dccp protocol not supported
EtherApe-INFO: 19:29:32.264: sctp protocol not supported
EtherApe-INFO: 19:29:32.264: sctp protocol not supported
EtherApe-INFO: 19:29:32.264: sctp protocol not supported
EtherApe-INFO: 19:29:32.264: sctp protocol not supported
EtherApe-INFO: 19:29:32.264: sctp protocol not supported
EtherApe-INFO: 19:29:32.264: sctp protocol not supported
EtherApe-INFO: 19:29:32.264: sctp protocol not supported
EtherApe-INFO: 19:29:32.264: sctp protocol not supported
EtherApe-INFO: 19:29:32.264: sctp protocol not supported
EtherApe-INFO: 19:29:32.264: sctp protocol not supported
EtherApe-INFO: 19:29:32.264: sctp protocol not supported
EtherApe-INFO: 19:29:32.264: sctp protocol not supported
EtherApe-INFO: 19:29:32.264: sctp protocol not supported
EtherApe-INFO: 19:29:32.264: sctp protocol not supported
EtherApe-INFO: 19:29:32.264: sctp protocol not supported
EtherApe-INFO: 19:29:32.264: sctp protocol not supported
EtherApe-INFO: 19:29:32.264: sctp protocol not supported
EtherApe-INFO: 19:29:32.264: sctp protocol not supported
EtherApe-INFO: 19:29:32.264: sctp protocol not supported
EtherApe-INFO: 19:29:32.265: sctp protocol not supported
EtherApe-INFO: 19:29:32.265: sctp protocol not supported
EtherApe-INFO: 19:29:32.265: sctp protocol not supported
EtherApe-INFO: 19:29:32.265: sctp protocol not supported
EtherApe-INFO: 19:29:32.265: sctp protocol not supported
EtherApe-INFO: 19:29:32.265: sctp protocol not supported
EtherApe-INFO: 19:29:32.265: sctp protocol not supported
EtherApe-INFO: 19:29:32.265: sctp protocol not supported
EtherApe-INFO: 19:29:32.265: sctp protocol not supported
EtherApe-INFO: 19:29:32.265: sctp protocol not supported
EtherApe-INFO: 19:29:32.265: sctp protocol not supported
EtherApe-INFO: 19:29:32.265: sctp protocol not supported
EtherApe-INFO: 19:29:32.265: sctp protocol not supported
EtherApe-INFO: 19:29:32.265: sctp protocol not supported
EtherApe-INFO: 19:29:32.265: sctp protocol not supported
EtherApe-INFO: 19:29:32.265: sctp protocol not supported
EtherApe-INFO: 19:29:32.265: sctp protocol not supported
EtherApe-INFO: 19:29:32.273: get_interface result: ''
EtherApe-INFO: 19:29:32.273: Available interfaces for capture: dbus-session dbus-system nfqueue nflog bluetooth-monitor lo any enp1s0f4u1u2
EtherApe-INFO: 19:29:32.301: Link type is LINUX_SLL
EtherApe-INFO: 19:29:32.302: Diagram started
EtherApe-INFO: 19:29:32.529: New node: IP: 37.19.218.180. Number of nodes 1
EtherApe-INFO: 19:29:32.529: New node: IP: 192.168.1.116. Number of nodes 2
EtherApe-INFO: 19:29:33.866: New node: IP: 8.8.8.8. Number of nodes 3
EtherApe-INFO: 19:29:33.866: New node: IP: 149.154.167.222. Number of nodes 4
EtherApe-INFO: 19:29:34.130: New node: IP: 142.250.180.238. Number of nodes 5
EtherApe-INFO: 19:29:34.398: New node: IP: 142.251.39.4. Number of nodes 6
EtherApe-INFO: 19:29:34.929: New node: IP: 149.154.167.51. Number of nodes 7
EtherApe-INFO: 19:29:49.599: New node: IPv6: fe80::86d8:1bff:fe8a:3173. Number of nodes 8
EtherApe-INFO: 19:29:49.599: New node: IPv6: ff02::1:ffbf:99a5. Number of nodes 9
EtherApe-INFO: 19:29:49.868: New node: IP: 216.58.215.77. Number of nodes 10
EtherApe-INFO: 19:29:49.868: New node: IP: 142.250.180.195. Number of nodes 11
EtherApe-INFO: 19:29:53.329: New node: IP: 142.251.39.42. Number of nodes 12
EtherApe-INFO: 19:29:57.070: New node: IP: 142.251.39.74. Number of nodes 13
EtherApe-INFO: 19:29:58.129: New node: IP: 202.158.214.106. Number of nodes 14
EtherApe-INFO: 19:29:59.996: New node: IP: 34.104.35.123. Number of nodes 15
EtherApe-INFO: 19:30:03.732: New node: IPv6: ff02::1. Number of nodes 16
EtherApe-INFO: 19:30:53.916: New node: IP: 91.236.251.5. Number of nodes 17
EtherApe-INFO: 19:30:58.182: New node: IP: 172.217.20.13. Number of nodes 18
EtherApe-INFO: 19:30:59.783: New node: IP: 239.255.255.250. Number of nodes 19
EtherApe-INFO: 19:31:38.183: New node: IP: 95.216.195.133. Number of nodes 20
EtherApe-INFO: 19:31:47.142: New node: IP: 1.1.1.1. Number of nodes 21
EtherApe-INFO: 19:32:03.781: delete node: IPv6: ff02::1. Number of nodes 20
EtherApe-INFO: 19:32:17.840: New node: IP: 95.216.144.15. Number of nodes 21
EtherApe-INFO: 19:32:54.200: delete node: IP: 91.236.251.5. Number of nodes 20
EtherApe-INFO: 19:32:58.141: delete node: IP: 172.217.20.13. Number of nodes 19
EtherApe-INFO: 19:33:38.721: delete node: IP: 95.216.195.133. Number of nodes 18
EtherApe-INFO: 19:33:48.005: delete node: IP: 1.1.1.1. Number of nodes 17
EtherApe-INFO: 19:34:13.941: delete node: IP: 202.158.214.106. Number of nodes 16
EtherApe-INFO: 19:34:18.692: delete node: IP: 95.216.144.15. Number of nodes 15
EtherApe-INFO: 19:34:19.969: New node: IP: 149.154.167.50. Number of nodes 16
EtherApe-INFO: 19:34:28.770: New node: IP: 149.154.167.92. Number of nodes 17
EtherApe-INFO: 19:34:33.844: New node: IP: 149.154.175.57. Number of nodes 18
EtherApe-INFO: 19:34:33.844: New node: IP: 149.154.175.54. Number of nodes 19
EtherApe-INFO: 19:34:57.731: delete node: IP: 34.104.35.123. Number of nodes 18
EtherApe-INFO: 19:34:58.901: New node: IP: 91.108.56.145. Number of nodes 19
EtherApe-INFO: 19:35:10.026: New node: IP: 91.236.251.5. Number of nodes 20
EtherApe-INFO: 19:35:26.823: New node: IP: 149.154.165.111. Number of nodes 21
EtherApe-INFO: 19:35:55.857: delete node: IP: 216.58.215.77. Number of nodes 20
EtherApe-INFO: 19:36:00.007: delete node: IP: 142.250.180.195. Number of nodes 19
EtherApe-INFO: 19:36:20.805: delete node: IP: 142.251.39.74. Number of nodes 18
EtherApe-INFO: 19:36:35.257: delete node: IP: 149.154.175.54. Number of nodes 17
EtherApe-INFO: 19:36:38.103: New node: IP: 95.216.195.133. Number of nodes 18
EtherApe-INFO: 19:36:47.712: delete node: IP: 149.154.167.92. Number of nodes 17
EtherApe-INFO: 19:36:53.836: delete node: IP: 149.154.175.57. Number of nodes 16
EtherApe-INFO: 19:37:10.106: New node: IP: 142.251.39.74. Number of nodes 17
EtherApe-INFO: 19:37:10.158: delete node: IP: 91.236.251.5. Number of nodes 16
EtherApe-INFO: 19:37:17.121: delete node: IP: 91.108.56.145. Number of nodes 15
EtherApe-INFO: 19:37:51.991: delete node: IP: 149.154.165.111. Number of nodes 14
EtherApe-INFO: 19:38:15.253: delete node: IP: 149.154.167.222. Number of nodes 13
EtherApe-INFO: 19:38:38.723: delete node: IP: 95.216.195.133. Number of nodes 12
EtherApe-INFO: 19:38:43.969: New node: IPv6: ff02::1. Number of nodes 13
EtherApe-INFO: 19:39:10.903: New node: IP: 149.154.167.222. Number of nodes 14
EtherApe-INFO: 19:39:32.003: delete node: IP: 142.251.39.74. Number of nodes 13
EtherApe-INFO: 19:40:44.062: delete node: IPv6: ff02::1. Number of nodes 12
EtherApe-INFO: 19:40:47.707: New node: IP: 142.251.39.74. Number of nodes 13
EtherApe-INFO: 19:41:38.156: New node: IP: 95.216.195.133. Number of nodes 14
EtherApe-INFO: 19:42:54.716: delete node: IP: 142.251.39.74. Number of nodes 13
EtherApe-INFO: 19:43:18.509: delete node: IP: 149.154.167.222. Number of nodes 12
EtherApe-INFO: 19:43:40.635: delete node: IP: 95.216.195.133. Number of nodes 11
EtherApe-INFO: 19:43:42.422: New node: IP: 91.236.251.5. Number of nodes 12
EtherApe-INFO: 19:45:42.451: delete node: IP: 91.236.251.5. Number of nodes 11
EtherApe-INFO: 19:46:38.156: New node: IP: 95.216.195.133. Number of nodes 12
EtherApe-INFO: 19:47:37.892: New node: IP: 1.1.1.1. Number of nodes 13
EtherApe-INFO: 19:48:30.955: New node: IPv6: ff02::1. Number of nodes 14
EtherApe-INFO: 19:48:38.992: delete node: IP: 95.216.195.133. Number of nodes 13
EtherApe-INFO: 19:49:09.367: New node: IP: 149.154.167.222. Number of nodes 14
EtherApe-INFO: 19:50:30.460: delete node: IP: 1.1.1.1. Number of nodes 13
EtherApe-INFO: 19:50:31.302: delete node: IPv6: ff02::1. Number of nodes 12
EtherApe-INFO: 19:51:22.957: New node: IP: 1.1.1.1. Number of nodes 13
EtherApe-INFO: 19:51:22.958: New node: IP: 172.217.16.46. Number of nodes 14
EtherApe-INFO: 19:51:27.490: delete node: IP: 149.154.167.222. Number of nodes 13
EtherApe-INFO: 19:51:38.161: New node: IP: 95.216.195.133. Number of nodes 14
EtherApe-INFO: 19:52:33.892: New node: IP: 142.251.39.74. Number of nodes 15
EtherApe-INFO: 19:53:14.956: New node: IP: 149.154.167.222. Number of nodes 16
EtherApe-INFO: 19:53:23.025: delete node: IP: 1.1.1.1. Number of nodes 15
EtherApe-INFO: 19:53:23.761: delete node: IP: 172.217.16.46. Number of nodes 14
EtherApe-INFO: 19:53:38.501: delete node: IP: 95.216.195.133. Number of nodes 13
EtherApe-INFO: 19:54:52.299: delete node: IP: 142.251.39.74. Number of nodes 12
EtherApe-INFO: 19:55:25.093: New node: IP: 172.217.19.106. Number of nodes 13
EtherApe-INFO: 19:55:30.161: delete node: IP: 149.154.167.222. Number of nodes 12
EtherApe-INFO: 19:55:39.756: New node: IP: 142.251.39.74. Number of nodes 13
EtherApe-INFO: 19:55:46.155: New node: IP: 149.154.167.92. Number of nodes 14
EtherApe-INFO: 19:55:47.489: New node: IP: 149.154.167.222. Number of nodes 15
EtherApe-INFO: 19:56:38.156: New node: IP: 95.216.195.133. Number of nodes 16
EtherApe-INFO: 19:57:24.556: New node: IPv6: ff02::1. Number of nodes 17
EtherApe-INFO: 19:57:25.162: delete node: IP: 142.251.39.42. Number of nodes 16
EtherApe-INFO: 19:57:39.779: delete node: IP: 142.251.39.74. Number of nodes 15
EtherApe-INFO: 19:58:02.510: delete node: IP: 149.154.167.92. Number of nodes 14
EtherApe-INFO: 19:58:09.971: delete node: IP: 149.154.167.222. Number of nodes 13
EtherApe-INFO: 19:58:38.474: delete node: IP: 95.216.195.133. Number of nodes 12
EtherApe-INFO: 19:58:48.557: New node: IP: 149.154.167.222. Number of nodes 13
EtherApe-INFO: 19:58:59.756: New node: IP: 142.250.180.195. Number of nodes 14
EtherApe-INFO: 19:59:24.900: delete node: IPv6: ff02::1. Number of nodes 13
EtherApe-INFO: 19:59:34.957: New node: IP: 142.251.39.74. Number of nodes 14
EtherApe-INFO: 20:00:05.623: New node: IP: 1.1.1.1. Number of nodes 15
EtherApe-INFO: 20:00:05.623: New node: IP: 216.58.215.110. Number of nodes 16
EtherApe-INFO: 20:00:46.689: New node: IP: 91.236.251.5. Number of nodes 17
EtherApe-INFO: 20:01:38.157: New node: IP: 95.216.195.133. Number of nodes 18
EtherApe-INFO: 20:02:03.044: delete node: IP: 142.250.180.195. Number of nodes 17
EtherApe-INFO: 20:02:05.673: delete node: IP: 1.1.1.1. Number of nodes 16
EtherApe-INFO: 20:02:05.989: delete node: IP: 216.58.215.110. Number of nodes 15
EtherApe-INFO: 20:02:19.843: delete node: IP: 149.154.167.222. Number of nodes 14
EtherApe-INFO: 20:02:26.426: New node: IP: 149.154.167.222. Number of nodes 15
EtherApe-INFO: 20:02:38.794: delete node: IP: 142.251.39.74. Number of nodes 14
EtherApe-INFO: 20:02:46.689: delete node: IP: 91.236.251.5. Number of nodes 13
EtherApe-INFO: 20:03:38.463: delete node: IP: 95.216.195.133. Number of nodes 12
EtherApe-INFO: 20:05:14.689: New node: IP: 0.0.0.0. Number of nodes 13
EtherApe-INFO: 20:05:14.689: New node: IP: 255.255.255.255. Number of nodes 14
EtherApe-INFO: 20:05:14.691: New node: IP: 192.168.1.1. Number of nodes 15
EtherApe-INFO: 20:05:14.691: New node: IP: 149.154.167.91. Number of nodes 16
EtherApe-INFO: 20:05:14.692: New node: IP: 149.154.167.92. Number of nodes 17
EtherApe-INFO: 20:05:14.692: New node: IP: 95.216.195.133. Number of nodes 18
EtherApe-INFO: 20:05:14.703: delete node: IP: 239.255.255.250. Number of nodes 17
EtherApe-INFO: 20:05:14.715: New node: IP: 149.154.165.111. Number of nodes 18
EtherApe-INFO: 20:05:17.892: New node: IP: 239.255.255.250. Number of nodes 19
EtherApe-INFO: 20:05:21.089: New node: IP: 224.0.0.251. Number of nodes 20
EtherApe-INFO: 20:05:47.756: New node: IPv6: ff02::1. Number of nodes 21
EtherApe-INFO: 20:05:49.423: delete node: IPv6: ff02::1:ffbf:99a5. Number of nodes 20
EtherApe-INFO: 20:05:50.156: New node: IPv6: ff02::1:ffbf:99a5. Number of nodes 21
EtherApe-INFO: 20:07:14.976: delete node: IP: 255.255.255.255. Number of nodes 20
EtherApe-INFO: 20:07:14.976: delete node: IP: 192.168.1.1. Number of nodes 19
EtherApe-INFO: 20:07:14.976: delete node: IP: 149.154.167.92. Number of nodes 18
EtherApe-INFO: 20:07:14.976: delete node: IP: 149.154.167.91. Number of nodes 17
EtherApe-INFO: 20:07:14.976: delete node: IP: 95.216.195.133. Number of nodes 16
EtherApe-INFO: 20:07:14.976: delete node: IP: 0.0.0.0. Number of nodes 15
EtherApe-INFO: 20:07:28.913: delete node: IP: 224.0.0.251. Number of nodes 14
EtherApe-INFO: 20:07:31.021: delete node: IP: 149.154.165.111. Number of nodes 13
EtherApe-INFO: 20:07:48.036: delete node: IPv6: ff02::1. Number of nodes 12
EtherApe-INFO: 20:08:03.253: delete node: IP: 149.154.167.222. Number of nodes 11
EtherApe-INFO: 20:09:19.759: New node: IP: 1.1.1.1. Number of nodes 12
EtherApe-INFO: 20:10:14.692: New node: IP: 95.216.195.133. Number of nodes 13
EtherApe-INFO: 20:10:59.222: New node: IPv6: ff02::1. Number of nodes 14
EtherApe-INFO: 20:11:19.850: delete node: IP: 1.1.1.1. Number of nodes 13
EtherApe-INFO: 20:12:14.967: delete node: IP: 95.216.195.133. Number of nodes 12
EtherApe-INFO: 20:12:59.524: delete node: IPv6: ff02::1. Number of nodes 11
EtherApe-INFO: 20:13:17.356: New node: IP: 149.154.167.222. Number of nodes 12
EtherApe-INFO: 20:15:14.689: New node: IP: 95.216.195.133. Number of nodes 13
EtherApe-INFO: 20:16:11.225: New node: IP: 1.1.1.1. Number of nodes 14
EtherApe-INFO: 20:17:14.700: delete node: IP: 95.216.195.133. Number of nodes 13
EtherApe-INFO: 20:17:53.089: New node: IPv6: ff02::1. Number of nodes 14
EtherApe-INFO: 20:18:04.290: New node: IP: 0.0.0.0. Number of nodes 15
EtherApe-INFO: 20:18:04.290: New node: IP: 255.255.255.255. Number of nodes 16
EtherApe-INFO: 20:18:04.290: New node: IP: 192.168.1.1. Number of nodes 17
EtherApe-INFO: 20:18:04.555: New node: IP: 224.0.0.251. Number of nodes 18
EtherApe-INFO: 20:19:49.146: delete node: IP: 149.154.167.222. Number of nodes 17
EtherApe-INFO: 20:19:54.520: delete node: IPv6: ff02::1. Number of nodes 16
EtherApe-INFO: 20:20:09.399: delete node: IP: 255.255.255.255. Number of nodes 15
EtherApe-INFO: 20:20:09.399: delete node: IP: 192.168.1.1. Number of nodes 14
EtherApe-INFO: 20:20:09.399: delete node: IP: 1.1.1.1. Number of nodes 13
EtherApe-INFO: 20:20:09.399: delete node: IP: 0.0.0.0. Number of nodes 12
EtherApe-INFO: 20:20:14.689: New node: IP: 95.216.195.133. Number of nodes 13
EtherApe-INFO: 20:20:16.053: delete node: IP: 224.0.0.251. Number of nodes 12
EtherApe-INFO: 20:22:15.018: delete node: IP: 95.216.195.133. Number of nodes 11
EtherApe-INFO: 20:24:44.822: New node: IPv6: ff02::1. Number of nodes 12
EtherApe-INFO: 20:25:14.689: New node: IP: 95.216.195.133. Number of nodes 13
EtherApe-INFO: 20:26:44.861: delete node: IPv6: ff02::1. Number of nodes 12
EtherApe-INFO: 20:27:04.289: New node: IP: 172.217.20.13. Number of nodes 13
EtherApe-INFO: 20:27:14.960: delete node: IP: 95.216.195.133. Number of nodes 12
EtherApe-INFO: 20:28:14.158: New node: IP: 149.154.167.222. Number of nodes 13
EtherApe-INFO: 20:28:32.822: New node: IPv6: ff02::1. Number of nodes 14
EtherApe-INFO: 20:28:46.422: New node: IP: 0.0.0.0. Number of nodes 15
EtherApe-INFO: 20:28:46.422: New node: IP: 255.255.255.255. Number of nodes 16
EtherApe-INFO: 20:28:46.425: New node: IP: 192.168.2.1. Number of nodes 17
EtherApe-INFO: 20:28:46.425: New node: IP: 192.168.2.234. Number of nodes 18
EtherApe-INFO: 20:28:46.690: New node: IP: 95.216.195.133. Number of nodes 19
EtherApe-INFO: 20:28:52.822: New node: IP: 224.0.0.251. Number of nodes 20
EtherApe-INFO: 20:28:59.759: New node: IP: 142.250.180.195. Number of nodes 21
EtherApe-INFO: 20:30:04.835: delete node: IP: 172.217.20.13. Number of nodes 20
EtherApe-INFO: 20:30:28.023: New node: IP: 142.251.39.74. Number of nodes 21
EtherApe-INFO: 20:30:32.850: delete node: IPv6: ff02::1. Number of nodes 20
EtherApe-INFO: 20:30:46.792: delete node: IP: 255.255.255.255. Number of nodes 19
EtherApe-INFO: 20:30:46.792: delete node: IP: 192.168.2.1. Number of nodes 18
EtherApe-INFO: 20:30:46.792: delete node: IP: 0.0.0.0. Number of nodes 17
EtherApe-INFO: 20:30:52.071: delete node: IP: 192.168.2.234. Number of nodes 16
EtherApe-INFO: 20:31:00.116: delete node: IP: 224.0.0.251. Number of nodes 15
EtherApe-INFO: 20:31:04.556: New node: IP: 172.217.20.13. Number of nodes 16
EtherApe-INFO: 20:32:03.224: delete node: IP: 142.250.180.195. Number of nodes 15
EtherApe-INFO: 20:32:16.321: delete node: IP: 95.216.195.133. Number of nodes 14
EtherApe-INFO: 20:32:38.255: delete node: IP: 149.154.167.222. Number of nodes 13
EtherApe-INFO: 20:33:05.370: delete node: IP: 172.217.20.13. Number of nodes 12
EtherApe-INFO: 20:33:50.425: New node: IP: 149.154.167.222. Number of nodes 13
EtherApe-INFO: 20:34:03.535: delete node: IP: 142.251.39.74. Number of nodes 12
EtherApe-INFO: 20:34:54.689: New node: IP: 91.236.251.5. Number of nodes 13
EtherApe-INFO: 20:35:14.692: New node: IP: 95.216.195.133. Number of nodes 14
EtherApe-INFO: 20:36:22.422: New node: IP: 0.0.0.0. Number of nodes 15
EtherApe-INFO: 20:36:22.422: New node: IP: 255.255.255.255. Number of nodes 16
EtherApe-INFO: 20:36:22.423: New node: IP: 192.168.2.1. Number of nodes 17
EtherApe-INFO: 20:36:22.423: New node: IP: 192.168.2.234. Number of nodes 18
EtherApe-INFO: 20:36:23.755: New node: IP: 192.168.2.224. Number of nodes 19
EtherApe-INFO: 20:36:29.355: New node: IP: 224.0.0.251. Number of nodes 20
EtherApe-INFO: 20:36:32.822: New node: IP: 192.168.1.126. Number of nodes 21
EtherApe-INFO: 20:36:36.022: New node: IP: 192.168.1.2. Number of nodes 22
EtherApe-INFO: 20:36:40.912: delete node: IP: 149.154.167.222. Number of nodes 21
EtherApe-INFO: 20:36:54.707: delete node: IP: 91.236.251.5. Number of nodes 20
EtherApe-INFO: 20:37:38.258: delete node: IPv6: ff02::1:ffbf:99a5. Number of nodes 19
EtherApe-INFO: 20:37:38.259: delete node: IPv6: fe80::86d8:1bff:fe8a:3173. Number of nodes 18
EtherApe-INFO: 20:37:40.556: New node: IP: 172.217.20.10. Number of nodes 19
EtherApe-INFO: 20:38:15.767: delete node: IP: 172.217.19.106. Number of nodes 18
EtherApe-INFO: 20:38:19.827: delete node: IP: 192.168.1.116. Number of nodes 17
EtherApe-INFO: 20:38:23.021: delete node: IP: 255.255.255.255. Number of nodes 16
EtherApe-INFO: 20:38:23.021: delete node: IP: 192.168.2.1. Number of nodes 15
EtherApe-INFO: 20:38:23.021: delete node: IP: 95.216.195.133. Number of nodes 14
EtherApe-INFO: 20:38:23.021: delete node: IP: 0.0.0.0. Number of nodes 13
EtherApe-INFO: 20:39:08.555: New node: IP: 149.154.167.222. Number of nodes 14
EtherApe-INFO: 20:39:12.023: New node: IP: 149.154.165.111. Number of nodes 15
EtherApe-INFO: 20:39:30.155: New node: IP: 1.1.1.1. Number of nodes 16
EtherApe-INFO: 20:39:30.422: New node: IP: 172.217.16.46. Number of nodes 17
EtherApe-INFO: 20:40:37.355: New node: IP: 0.0.0.0. Number of nodes 18
EtherApe-INFO: 20:40:37.356: New node: IP: 255.255.255.255. Number of nodes 19
EtherApe-INFO: 20:40:37.356: New node: IP: 172.217.19.106. Number of nodes 20
EtherApe-INFO: 20:40:37.356: New node: IP: 192.168.1.116. Number of nodes 21
EtherApe-INFO: 20:40:37.356: New node: IP: 192.168.1.1. Number of nodes 22
EtherApe-INFO: 20:40:37.358: New node: IP: 95.216.195.133. Number of nodes 23
EtherApe-INFO: 20:40:37.413: delete node: IP: 224.0.0.251. Number of nodes 22
EtherApe-INFO: 20:40:38.159: New node: IPv6: fe80::86d8:1bff:fe8a:3173. Number of nodes 23
EtherApe-INFO: 20:40:38.159: New node: IPv6: ff02::1:ffbf:99a5. Number of nodes 24
EtherApe-INFO: 20:40:44.025: New node: IP: 224.0.0.251. Number of nodes 25
EtherApe-INFO: 20:41:26.167: delete node: IP: 149.154.167.222. Number of nodes 24
EtherApe-INFO: 20:41:27.237: delete node: IP: 149.154.165.111. Number of nodes 23
EtherApe-INFO: 20:41:32.581: delete node: IP: 172.217.16.46. Number of nodes 22
EtherApe-INFO: 20:41:32.581: delete node: IP: 1.1.1.1. Number of nodes 21
EtherApe-INFO: 20:41:55.756: New node: IP: 142.251.39.74. Number of nodes 22
EtherApe-INFO: 20:42:20.055: delete node: IP: 172.217.20.10. Number of nodes 21
EtherApe-INFO: 20:42:24.091: delete node: IP: 192.168.1.126. Number of nodes 20
EtherApe-INFO: 20:42:24.836: delete node: IP: 192.168.2.224. Number of nodes 19
EtherApe-INFO: 20:42:26.964: delete node: IP: 192.168.1.2. Number of nodes 18
EtherApe-INFO: 20:42:30.260: delete node: IP: 192.168.2.234. Number of nodes 17
EtherApe-INFO: 20:42:37.682: delete node: IP: 255.255.255.255. Number of nodes 16
EtherApe-INFO: 20:42:37.682: delete node: IP: 192.168.1.1. Number of nodes 15
EtherApe-INFO: 20:42:37.682: delete node: IP: 95.216.195.133. Number of nodes 14
EtherApe-INFO: 20:42:37.682: delete node: IP: 0.0.0.0. Number of nodes 13
EtherApe-INFO: 20:42:38.216: delete node: IP: 172.217.19.106. Number of nodes 12
EtherApe-INFO: 20:42:47.037: delete node: IP: 224.0.0.251. Number of nodes 11
EtherApe-INFO: 20:45:18.955: New node: IPv6: ff02::1. Number of nodes 12
EtherApe-INFO: 20:45:37.356: New node: IP: 95.216.195.133. Number of nodes 13
EtherApe-INFO: 20:45:38.423: New node: IP: 149.154.167.222. Number of nodes 14
EtherApe-INFO: 20:46:11.489: New node: IP: 1.1.1.1. Number of nodes 15
EtherApe-INFO: 20:46:11.489: New node: IP: 172.217.20.164. Number of nodes 16
