(etherape:1394): GLib-GIO-DEBUG: 17:48:44.512: _g_io_module_get_default: Found default implementation local (GLocalVfs) for ‘gio-vfs’
EtherApe-INFO: 17:48:44.651: sctp protocol not supported
EtherApe-INFO: 17:48:44.651: dccp protocol not supported
EtherApe-INFO: 17:48:44.651: sctp protocol not supported
EtherApe-INFO: 17:48:44.651: sctp protocol not supported
EtherApe-INFO: 17:48:44.651: sctp protocol not supported
EtherApe-INFO: 17:48:44.651: sctp protocol not supported
EtherApe-INFO: 17:48:44.652: sctp protocol not supported
EtherApe-INFO: 17:48:44.652: sctp protocol not supported
EtherApe-INFO: 17:48:44.652: sctp protocol not supported
EtherApe-INFO: 17:48:44.652: dccp protocol not supported
EtherApe-INFO: 17:48:44.652: sctp protocol not supported
EtherApe-INFO: 17:48:44.652: dccp protocol not supported
EtherApe-INFO: 17:48:44.652: dccp protocol not supported
EtherApe-INFO: 17:48:44.652: sctp protocol not supported
EtherApe-INFO: 17:48:44.653: sctp protocol not supported
EtherApe-INFO: 17:48:44.653: sctp protocol not supported
EtherApe-INFO: 17:48:44.653: sctp protocol not supported
EtherApe-INFO: 17:48:44.654: sctp protocol not supported
EtherApe-INFO: 17:48:44.654: sctp protocol not supported
EtherApe-INFO: 17:48:44.654: sctp protocol not supported
EtherApe-INFO: 17:48:44.655: sctp protocol not supported
EtherApe-INFO: 17:48:44.655: sctp protocol not supported
EtherApe-INFO: 17:48:44.655: sctp protocol not supported
EtherApe-INFO: 17:48:44.655: sctp protocol not supported
EtherApe-INFO: 17:48:44.656: sctp protocol not supported
EtherApe-INFO: 17:48:44.656: sctp protocol not supported
EtherApe-INFO: 17:48:44.656: sctp protocol not supported
EtherApe-INFO: 17:48:44.656: sctp protocol not supported
EtherApe-INFO: 17:48:44.656: dccp protocol not supported
EtherApe-INFO: 17:48:44.656: sctp protocol not supported
EtherApe-INFO: 17:48:44.656: sctp protocol not supported
EtherApe-INFO: 17:48:44.656: dccp protocol not supported
EtherApe-INFO: 17:48:44.656: sctp protocol not supported
EtherApe-INFO: 17:48:44.656: sctp protocol not supported
EtherApe-INFO: 17:48:44.656: sctp protocol not supported
EtherApe-INFO: 17:48:44.656: dccp protocol not supported
EtherApe-INFO: 17:48:44.656: dccp protocol not supported
EtherApe-INFO: 17:48:44.656: sctp protocol not supported
EtherApe-INFO: 17:48:44.656: sctp protocol not supported
EtherApe-INFO: 17:48:44.656: sctp protocol not supported
EtherApe-INFO: 17:48:44.656: sctp protocol not supported
EtherApe-INFO: 17:48:44.657: sctp protocol not supported
EtherApe-INFO: 17:48:44.657: sctp protocol not supported
EtherApe-INFO: 17:48:44.657: sctp protocol not supported
EtherApe-INFO: 17:48:44.657: sctp protocol not supported
EtherApe-INFO: 17:48:44.657: sctp protocol not supported
EtherApe-INFO: 17:48:44.657: sctp protocol not supported
EtherApe-INFO: 17:48:44.657: sctp protocol not supported
EtherApe-INFO: 17:48:44.657: sctp protocol not supported
EtherApe-INFO: 17:48:44.657: sctp protocol not supported
EtherApe-INFO: 17:48:44.657: dccp protocol not supported
EtherApe-INFO: 17:48:44.657: sctp protocol not supported
EtherApe-INFO: 17:48:44.657: sctp protocol not supported
EtherApe-INFO: 17:48:44.657: sctp protocol not supported
EtherApe-INFO: 17:48:44.657: sctp protocol not supported
EtherApe-INFO: 17:48:44.657: sctp protocol not supported
EtherApe-INFO: 17:48:44.657: sctp protocol not supported
EtherApe-INFO: 17:48:44.657: sctp protocol not supported
EtherApe-INFO: 17:48:44.658: sctp protocol not supported
EtherApe-INFO: 17:48:44.658: sctp protocol not supported
EtherApe-INFO: 17:48:44.658: sctp protocol not supported
EtherApe-INFO: 17:48:44.658: sctp protocol not supported
EtherApe-INFO: 17:48:44.658: sctp protocol not supported
EtherApe-INFO: 17:48:44.658: sctp protocol not supported
EtherApe-INFO: 17:48:44.658: sctp protocol not supported
EtherApe-INFO: 17:48:44.658: sctp protocol not supported
EtherApe-INFO: 17:48:44.658: sctp protocol not supported
EtherApe-INFO: 17:48:44.658: sctp protocol not supported
EtherApe-INFO: 17:48:44.658: sctp protocol not supported
EtherApe-INFO: 17:48:44.658: sctp protocol not supported
EtherApe-INFO: 17:48:44.658: sctp protocol not supported
EtherApe-INFO: 17:48:44.658: sctp protocol not supported
EtherApe-INFO: 17:48:44.658: sctp protocol not supported
EtherApe-INFO: 17:48:44.658: sctp protocol not supported
EtherApe-INFO: 17:48:44.658: sctp protocol not supported
EtherApe-INFO: 17:48:44.658: sctp protocol not supported
EtherApe-INFO: 17:48:44.658: sctp protocol not supported
EtherApe-INFO: 17:48:44.658: sctp protocol not supported
EtherApe-INFO: 17:48:44.659: sctp protocol not supported
EtherApe-INFO: 17:48:44.659: sctp protocol not supported
EtherApe-INFO: 17:48:44.659: sctp protocol not supported
EtherApe-INFO: 17:48:44.659: sctp protocol not supported
EtherApe-INFO: 17:48:44.659: sctp protocol not supported
EtherApe-INFO: 17:48:44.659: sctp protocol not supported
EtherApe-INFO: 17:48:44.659: sctp protocol not supported
EtherApe-INFO: 17:48:44.659: sctp protocol not supported
EtherApe-INFO: 17:48:44.659: sctp protocol not supported
EtherApe-INFO: 17:48:44.669: get_interface result: ''
EtherApe-INFO: 17:48:44.670: Available interfaces for capture: dbus-session dbus-system nfqueue nflog bluetooth-monitor wlp3s0 lo any enp0s25
EtherApe-INFO: 17:48:44.687: Link type is LINUX_SLL
EtherApe-INFO: 17:48:44.687: Diagram started
EtherApe-INFO: 17:48:46.807: New node: IP: 192.168.2.227. Number of nodes 1
EtherApe-INFO: 17:48:46.807: New node: IP: 149.154.167.51. Number of nodes 2
EtherApe-INFO: 17:48:50.273: New node: IP: 192.168.2.1. Number of nodes 3
EtherApe-INFO: 17:48:50.806: New node: IP: 64.233.161.189. Number of nodes 4
EtherApe-INFO: 17:48:51.873: New node: IP: 162.159.200.1. Number of nodes 5
EtherApe-INFO: 17:48:58.541: New node: IP: 216.58.209.10. Number of nodes 6
EtherApe-INFO: 17:49:06.807: New node: IP: 207.241.237.3. Number of nodes 7
EtherApe-INFO: 17:49:07.607: New node: IPv6: fe80::9ada:c4ff:febf:99a5. Number of nodes 8
EtherApe-INFO: 17:49:07.607: New node: IPv6: ff02::1. Number of nodes 9
EtherApe-INFO: 17:49:15.073: New node: IP: 172.217.16.5. Number of nodes 10
EtherApe-INFO: 17:49:22.273: New node: IP: 142.250.186.206. Number of nodes 11
EtherApe-INFO: 17:50:15.873: New node: IP: 199.232.16.193. Number of nodes 12
EtherApe-INFO: 17:50:25.740: New node: IP: 149.154.167.223. Number of nodes 13
EtherApe-INFO: 17:50:26.011: New node: IP: 149.154.167.50. Number of nodes 14
EtherApe-INFO: 17:50:37.473: New node: IP: 216.58.208.202. Number of nodes 15
EtherApe-INFO: 17:50:50.652: New node: IP: 149.154.167.92. Number of nodes 16
EtherApe-INFO: 17:51:09.580: New node: IP: 142.250.186.195. Number of nodes 17
EtherApe-INFO: 17:51:09.669: delete node: IPv6: ff02::1. Number of nodes 16
EtherApe-INFO: 17:51:09.669: delete node: IPv6: fe80::9ada:c4ff:febf:99a5. Number of nodes 15
EtherApe-INFO: 17:51:23.447: New node: IP: 127.0.0.1. Number of nodes 16
EtherApe-INFO: 17:51:30.126: delete node: IP: 216.58.209.10. Number of nodes 15
EtherApe-INFO: 17:51:50.116: New node: IP: 52.40.105.243. Number of nodes 16
EtherApe-INFO: 17:51:51.818: delete node: IP: 64.233.161.189. Number of nodes 15
EtherApe-INFO: 17:51:53.361: Nodes: 15 (shown 9)
EtherApe-INFO: 17:51:56.836: delete node: IP: 207.241.237.3. Number of nodes 14
EtherApe-INFO: 17:51:56.836: delete node: IP: 162.159.200.1. Number of nodes 13
EtherApe-INFO: 17:52:04.250: New node: IP: 162.159.200.1. Number of nodes 14
EtherApe-INFO: 17:52:16.602: delete node: IP: 172.217.16.5. Number of nodes 13
EtherApe-INFO: 17:52:28.791: delete node: IP: 149.154.167.50. Number of nodes 12
EtherApe-INFO: 17:52:28.791: delete node: IP: 142.250.186.206. Number of nodes 11
EtherApe-INFO: 17:52:42.664: delete node: IP: 199.232.16.193. Number of nodes 10
EtherApe-INFO: 17:52:57.047: New node: IP: 95.216.195.133. Number of nodes 11
EtherApe-INFO: 17:53:10.733: delete node: IP: 149.154.167.92. Number of nodes 10
EtherApe-INFO: 17:53:37.382: delete node: IP: 216.58.208.202. Number of nodes 9
EtherApe-INFO: 17:53:44.780: New node: IP: 149.154.167.50. Number of nodes 10
EtherApe-INFO: 17:53:46.647: New node: IP: 104.16.248.249. Number of nodes 11
EtherApe-INFO: 17:54:01.663: delete node: IP: 149.154.167.223. Number of nodes 10
EtherApe-INFO: 17:54:02.647: New node: IP: 199.232.16.193. Number of nodes 11
EtherApe-INFO: 17:54:08.800: delete node: IP: 162.159.200.1. Number of nodes 10
EtherApe-INFO: 17:54:08.800: delete node: IP: 142.250.186.195. Number of nodes 9
EtherApe-INFO: 17:54:13.847: New node: IP: 34.107.221.82. Number of nodes 10
EtherApe-INFO: 17:54:13.847: New node: IP: 34.117.237.239. Number of nodes 11
EtherApe-INFO: 17:54:13.848: New node: IP: 108.156.22.6. Number of nodes 12
EtherApe-INFO: 17:54:13.848: New node: IP: 34.120.208.123. Number of nodes 13
EtherApe-INFO: 17:54:13.848: New node: IP: 54.201.62.176. Number of nodes 14
EtherApe-INFO: 17:54:13.849: New node: IP: 34.213.117.0. Number of nodes 15
EtherApe-INFO: 17:54:13.849: New node: IP: 34.210.177.250. Number of nodes 16
EtherApe-INFO: 17:54:13.853: New node: IP: 91.198.174.192. Number of nodes 17
EtherApe-INFO: 17:54:13.854: New node: IP: 172.217.16.5. Number of nodes 18
EtherApe-INFO: 17:54:13.854: New node: IP: 140.82.121.4. Number of nodes 19
EtherApe-INFO: 17:54:13.854: New node: IP: 104.16.249.249. Number of nodes 20
EtherApe-INFO: 17:54:13.856: New node: IP: 104.18.13.33. Number of nodes 21
EtherApe-INFO: 17:54:14.115: New node: IP: 140.82.114.22. Number of nodes 22
EtherApe-INFO: 17:54:14.115: New node: IP: 172.66.40.203. Number of nodes 23
EtherApe-INFO: 17:54:14.117: New node: IP: 52.35.251.160. Number of nodes 24
EtherApe-INFO: 17:54:14.118: New node: IP: 140.82.114.25. Number of nodes 25
EtherApe-INFO: 17:54:14.381: New node: IP: 142.250.75.8. Number of nodes 26
EtherApe-INFO: 17:54:14.917: New node: IP: 140.82.121.5. Number of nodes 27
EtherApe-INFO: 17:54:15.451: New node: IP: 78.154.186.226. Number of nodes 28
EtherApe-INFO: 17:54:15.459: New node: IP: 93.184.220.29. Number of nodes 29
EtherApe-INFO: 17:54:15.981: New node: IP: 216.58.215.99. Number of nodes 30
EtherApe-INFO: 17:54:16.517: New node: IP: 35.186.227.140. Number of nodes 31
EtherApe-INFO: 17:54:16.740: New node: IP: 185.199.108.133. Number of nodes 32
EtherApe-INFO: 17:54:18.113: New node: IP: 94.130.16.144. Number of nodes 33
EtherApe-INFO: 17:54:18.381: New node: IP: 172.217.16.35. Number of nodes 34
EtherApe-INFO: 17:54:18.382: New node: IP: 69.16.175.42. Number of nodes 35
EtherApe-INFO: 17:54:18.914: New node: IP: 142.250.203.131. Number of nodes 36
EtherApe-INFO: 17:54:18.916: New node: IP: 185.199.108.154. Number of nodes 37
EtherApe-INFO: 17:54:19.447: New node: IP: 185.199.111.133. Number of nodes 38
EtherApe-INFO: 17:54:20.248: New node: IP: 142.250.186.193. Number of nodes 39
EtherApe-INFO: 17:54:20.786: New node: IP: 172.217.16.14. Number of nodes 40
EtherApe-INFO: 17:54:20.786: New node: IP: 185.199.109.133. Number of nodes 41
EtherApe-INFO: 17:54:21.318: New node: IP: 172.217.16.4. Number of nodes 42
EtherApe-INFO: 17:54:21.581: New node: IP: 172.217.20.174. Number of nodes 43
EtherApe-INFO: 17:54:21.849: New node: IP: 142.250.203.142. Number of nodes 44
EtherApe-INFO: 17:54:22.114: New node: IP: 172.217.16.46. Number of nodes 45
EtherApe-INFO: 17:54:22.384: New node: IP: 216.58.209.14. Number of nodes 46
EtherApe-INFO: 17:54:26.120: New node: IP: 216.58.208.202. Number of nodes 47
EtherApe-INFO: 17:54:26.121: New node: IP: 172.217.20.170. Number of nodes 48
EtherApe-INFO: 17:54:27.449: New node: IP: 172.217.16.37. Number of nodes 49
EtherApe-INFO: 17:54:27.453: New node: IP: 142.250.186.202. Number of nodes 50
EtherApe-INFO: 17:54:27.715: New node: IP: 216.58.215.106. Number of nodes 51
EtherApe-INFO: 17:54:27.720: New node: IP: 142.250.75.14. Number of nodes 52
EtherApe-INFO: 17:54:31.991: New node: IP: 216.58.215.110. Number of nodes 53
EtherApe-INFO: 17:54:37.848: New node: IP: 142.251.1.189. Number of nodes 54
EtherApe-INFO: 17:54:42.952: delete node: IP: 52.40.105.243. Number of nodes 53
EtherApe-INFO: 17:54:52.247: New node: IP: 142.250.203.202. Number of nodes 54
EtherApe-INFO: 17:54:57.106: delete node: IP: 95.216.195.133. Number of nodes 53
EtherApe-INFO: 17:54:59.352: New node: IP: 172.217.16.42. Number of nodes 54
EtherApe-INFO: 17:55:01.950: delete node: IP: 127.0.0.1. Number of nodes 53
EtherApe-INFO: 17:55:09.210: New node: IP: 172.217.20.206. Number of nodes 54
EtherApe-INFO: 17:55:18.541: New node: IP: 172.217.16.36. Number of nodes 55
EtherApe-INFO: 17:55:26.280: New node: IP: 142.250.75.2. Number of nodes 56
EtherApe-INFO: 17:55:26.543: New node: IP: 142.250.203.130. Number of nodes 57
EtherApe-INFO: 17:55:26.808: New node: IP: 142.250.186.194. Number of nodes 58
EtherApe-INFO: 17:56:06.102: delete node: IP: 199.232.16.193. Number of nodes 57
EtherApe-INFO: 17:56:08.673: New node: IP: 142.250.186.195. Number of nodes 58
EtherApe-INFO: 17:56:16.771: delete node: IP: 142.250.75.8. Number of nodes 57
EtherApe-INFO: 17:56:17.565: delete node: IP: 52.35.251.160. Number of nodes 56
EtherApe-INFO: 17:56:19.628: delete node: IP: 185.199.111.133. Number of nodes 55
EtherApe-INFO: 17:56:20.673: New node: IP: 162.159.200.1. Number of nodes 56
EtherApe-INFO: 17:56:21.571: delete node: IP: 185.199.109.133. Number of nodes 55
EtherApe-INFO: 17:56:22.354: delete node: IP: 172.217.16.4. Number of nodes 54
EtherApe-INFO: 17:56:25.473: New node: IP: 149.154.167.223. Number of nodes 55
EtherApe-INFO: 17:56:27.131: delete node: IP: 34.213.117.0. Number of nodes 54
EtherApe-INFO: 17:56:33.793: delete node: IP: 216.58.215.110. Number of nodes 53
EtherApe-INFO: 17:56:53.245: delete node: IP: 149.154.167.51. Number of nodes 52
EtherApe-INFO: 17:56:58.540: New node: IPv6: fe80::9ada:c4ff:febf:99a5. Number of nodes 53
EtherApe-INFO: 17:56:58.540: New node: IPv6: ff02::1. Number of nodes 54
EtherApe-INFO: 17:57:10.113: delete node: IP: 172.217.20.206. Number of nodes 53
EtherApe-INFO: 17:57:14.825: delete node: IP: 142.250.186.193. Number of nodes 52
EtherApe-INFO: 17:57:17.538: delete node: IP: 54.201.62.176. Number of nodes 51
EtherApe-INFO: 17:57:18.098: delete node: IP: 34.210.177.250. Number of nodes 50
EtherApe-INFO: 17:57:27.682: delete node: IP: 142.250.203.130. Number of nodes 49
EtherApe-INFO: 17:57:27.682: delete node: IP: 142.250.75.2. Number of nodes 48
EtherApe-INFO: 17:57:31.129: delete node: IP: 142.250.75.14. Number of nodes 47
EtherApe-INFO: 17:57:43.686: delete node: IP: 172.217.16.36. Number of nodes 46
EtherApe-INFO: 17:57:56.943: New node: IP: 95.216.195.133. Number of nodes 47
EtherApe-INFO: 17:58:08.976: delete node: IP: 172.217.16.42. Number of nodes 46
EtherApe-INFO: 17:58:11.950: delete node: IP: 108.156.22.6. Number of nodes 45
EtherApe-INFO: 17:58:11.950: delete node: IP: 78.154.186.226. Number of nodes 44
EtherApe-INFO: 17:58:15.634: delete node: IP: 93.184.220.29. Number of nodes 43
EtherApe-INFO: 17:58:22.812: delete node: IP: 162.159.200.1. Number of nodes 42
EtherApe-INFO: 17:58:22.812: delete node: IP: 91.198.174.192. Number of nodes 41
EtherApe-INFO: 17:58:43.613: delete node: IP: 149.154.167.223. Number of nodes 40
EtherApe-INFO: 17:59:00.488: delete node: IPv6: ff02::1. Number of nodes 39
EtherApe-INFO: 17:59:00.488: delete node: IPv6: fe80::9ada:c4ff:febf:99a5. Number of nodes 38
EtherApe-INFO: 17:59:04.689: delete node: IP: 34.107.221.82. Number of nodes 37
EtherApe-INFO: 17:59:06.084: delete node: IP: 34.117.237.239. Number of nodes 36
EtherApe-INFO: 17:59:08.141: delete node: IP: 185.199.108.133. Number of nodes 35
EtherApe-INFO: 17:59:08.142: delete node: IP: 104.18.13.33. Number of nodes 34
EtherApe-INFO: 17:59:08.943: New node: IP: 34.117.237.239. Number of nodes 35
EtherApe-INFO: 17:59:08.990: delete node: IP: 172.66.40.203. Number of nodes 34
EtherApe-INFO: 17:59:11.159: delete node: IP: 185.199.108.154. Number of nodes 33
EtherApe-INFO: 17:59:13.534: delete node: IP: 172.217.20.174. Number of nodes 32
EtherApe-INFO: 17:59:13.534: delete node: IP: 172.217.16.46. Number of nodes 31
EtherApe-INFO: 17:59:13.534: delete node: IP: 140.82.121.5. Number of nodes 30
EtherApe-INFO: 17:59:13.534: delete node: IP: 140.82.121.4. Number of nodes 29
EtherApe-INFO: 17:59:13.534: delete node: IP: 140.82.114.22. Number of nodes 28
EtherApe-INFO: 17:59:15.159: delete node: IP: 172.217.16.35. Number of nodes 27
EtherApe-INFO: 17:59:15.159: delete node: IP: 142.250.203.131. Number of nodes 26
EtherApe-INFO: 17:59:16.673: New node: IP: 52.35.251.160. Number of nodes 27
EtherApe-INFO: 17:59:16.991: delete node: IP: 216.58.208.202. Number of nodes 26
EtherApe-INFO: 17:59:18.047: delete node: IP: 142.250.186.202. Number of nodes 25
EtherApe-INFO: 17:59:20.953: delete node: IP: 172.217.16.37. Number of nodes 24
EtherApe-INFO: 17:59:20.953: delete node: IP: 35.186.227.140. Number of nodes 23
EtherApe-INFO: 17:59:26.010: delete node: IP: 216.58.215.99. Number of nodes 22
EtherApe-INFO: 17:59:26.010: delete node: IP: 172.217.20.170. Number of nodes 21
EtherApe-INFO: 17:59:34.843: delete node: IP: 94.130.16.144. Number of nodes 20
EtherApe-INFO: 17:59:39.877: New node: IP: 149.154.167.223. Number of nodes 21
EtherApe-INFO: 17:59:44.195: delete node: IP: 216.58.215.106. Number of nodes 20
EtherApe-INFO: 17:59:46.022: delete node: IP: 216.58.209.14. Number of nodes 19
EtherApe-INFO: 17:59:59.382: delete node: IP: 95.216.195.133. Number of nodes 18
EtherApe-INFO: 18:00:16.740: delete node: IP: 34.120.208.123. Number of nodes 17
EtherApe-INFO: 18:00:18.038: delete node: IP: 142.250.186.194. Number of nodes 16
EtherApe-INFO: 18:00:39.874: New node: IP: 172.217.16.4. Number of nodes 17
EtherApe-INFO: 18:00:40.140: New node: IP: 172.217.16.35. Number of nodes 18
EtherApe-INFO: 18:00:40.408: New node: IP: 142.250.186.193. Number of nodes 19
EtherApe-INFO: 18:00:40.674: New node: IP: 142.250.203.130. Number of nodes 20
EtherApe-INFO: 18:00:40.674: New node: IP: 172.217.16.42. Number of nodes 21
EtherApe-INFO: 18:00:44.674: New node: IP: 142.250.203.131. Number of nodes 22
EtherApe-INFO: 18:00:53.207: New node: IP: 142.250.186.194. Number of nodes 23
EtherApe-INFO: 18:00:56.140: New node: IP: 104.81.220.87. Number of nodes 24
EtherApe-INFO: 18:00:57.208: New node: IP: 2.21.184.236. Number of nodes 25
EtherApe-INFO: 18:00:57.211: New node: IP: 2.18.103.8. Number of nodes 26
EtherApe-INFO: 18:00:58.008: New node: IP: 15.236.176.210. Number of nodes 27
EtherApe-INFO: 18:00:58.013: New node: IP: 93.184.220.29. Number of nodes 28
EtherApe-INFO: 18:00:58.014: New node: IP: 3.217.233.126. Number of nodes 29
EtherApe-INFO: 18:00:58.278: New node: IP: 152.199.21.175. Number of nodes 30
EtherApe-INFO: 18:00:58.279: New node: IP: 104.22.53.252. Number of nodes 31
EtherApe-INFO: 18:00:58.297: New node: IP: 47.246.15.232. Number of nodes 32
EtherApe-INFO: 18:00:59.075: New node: IP: 216.58.215.74. Number of nodes 33
EtherApe-INFO: 18:00:59.075: New node: IP: 216.58.215.99. Number of nodes 34
EtherApe-INFO: 18:01:01.208: New node: IP: 35.188.180.52. Number of nodes 35
EtherApe-INFO: 18:01:01.474: New node: IP: 104.18.32.68. Number of nodes 36
EtherApe-INFO: 18:01:18.052: delete node: IP: 52.35.251.160. Number of nodes 35
EtherApe-INFO: 18:01:44.140: New node: IP: 104.81.110.27. Number of nodes 36
EtherApe-INFO: 18:02:12.941: New node: IP: 23.185.0.1. Number of nodes 37
EtherApe-INFO: 18:02:13.221: New node: IP: 104.17.211.204. Number of nodes 38
EtherApe-INFO: 18:02:13.475: New node: IP: 104.17.114.176. Number of nodes 39
EtherApe-INFO: 18:02:13.476: New node: IP: 104.17.128.171. Number of nodes 40
EtherApe-INFO: 18:02:13.741: New node: IP: 104.19.155.83. Number of nodes 41
EtherApe-INFO: 18:02:13.742: New node: IP: 104.17.202.204. Number of nodes 42
EtherApe-INFO: 18:02:14.009: New node: IP: 104.19.154.83. Number of nodes 43
EtherApe-INFO: 18:02:14.274: New node: IP: 192.0.73.2. Number of nodes 44
EtherApe-INFO: 18:02:14.540: New node: IP: 104.16.85.5. Number of nodes 45
EtherApe-INFO: 18:02:14.541: New node: IP: 104.16.87.5. Number of nodes 46
EtherApe-INFO: 18:02:15.877: New node: IP: 198.51.233.2. Number of nodes 47
EtherApe-INFO: 18:02:16.142: New node: IP: 87.245.216.9. Number of nodes 48
EtherApe-INFO: 18:02:16.148: New node: IP: 91.198.174.192. Number of nodes 49
EtherApe-INFO: 18:02:16.408: New node: IP: 104.81.120.141. Number of nodes 50
EtherApe-INFO: 18:02:16.941: New node: IP: 87.245.212.41. Number of nodes 51
EtherApe-INFO: 18:02:18.540: New node: IP: 199.232.16.223. Number of nodes 52
EtherApe-INFO: 18:02:19.342: New node: IP: 104.81.244.232. Number of nodes 53
EtherApe-INFO: 18:02:19.611: New node: IP: 2.18.110.106. Number of nodes 54
EtherApe-INFO: 18:02:19.926: delete node: IP: 69.16.175.42. Number of nodes 53
EtherApe-INFO: 18:02:20.140: New node: IP: 146.158.13.145. Number of nodes 54
EtherApe-INFO: 18:02:20.141: New node: IP: 104.81.107.51. Number of nodes 55
EtherApe-INFO: 18:02:21.224: New node: IP: 172.217.16.3. Number of nodes 56
EtherApe-INFO: 18:02:22.540: New node: IP: 91.198.174.208. Number of nodes 57
EtherApe-INFO: 18:02:23.074: New node: IP: 54.228.181.1. Number of nodes 58
EtherApe-INFO: 18:02:23.342: New node: IP: 192.124.249.24. Number of nodes 59
EtherApe-INFO: 18:02:24.140: New node: IP: 94.130.16.144. Number of nodes 60
EtherApe-INFO: 18:02:24.407: New node: IP: 69.16.175.42. Number of nodes 61
EtherApe-INFO: 18:02:24.674: New node: IP: 140.82.121.4. Number of nodes 62
EtherApe-INFO: 18:02:24.940: New node: IP: 185.199.111.154. Number of nodes 63
EtherApe-INFO: 18:02:25.218: New node: IP: 185.199.108.133. Number of nodes 64
EtherApe-INFO: 18:02:25.218: New node: IP: 185.199.111.133. Number of nodes 65
EtherApe-INFO: 18:02:25.218: New node: IP: 185.199.109.133. Number of nodes 66
EtherApe-INFO: 18:02:26.273: New node: IP: 185.199.110.133. Number of nodes 67
EtherApe-INFO: 18:02:26.541: New node: IP: 140.82.113.22. Number of nodes 68
EtherApe-INFO: 18:02:26.807: New node: IP: 207.241.237.3. Number of nodes 69
EtherApe-INFO: 18:02:27.077: New node: IP: 140.82.121.6. Number of nodes 70
EtherApe-INFO: 18:02:27.077: New node: IP: 207.241.224.2. Number of nodes 71
EtherApe-INFO: 18:02:28.674: New node: IP: 145.40.68.75. Number of nodes 72
EtherApe-INFO: 18:02:31.075: New node: IPv6: fe80::9ada:c4ff:febf:99a5. Number of nodes 73
EtherApe-INFO: 18:02:31.075: New node: IPv6: ff02::1. Number of nodes 74
EtherApe-INFO: 18:02:31.340: New node: IP: 207.241.225.102. Number of nodes 75
EtherApe-INFO: 18:02:33.754: New node: IP: 198.145.21.16. Number of nodes 76
EtherApe-INFO: 18:02:34.541: New node: IP: 178.248.237.68. Number of nodes 77
EtherApe-INFO: 18:02:35.077: New node: IP: 50.112.181.95. Number of nodes 78
EtherApe-INFO: 18:02:35.341: New node: IP: 172.67.158.124. Number of nodes 79
EtherApe-INFO: 18:02:35.341: New node: IP: 104.21.42.68. Number of nodes 80
EtherApe-INFO: 18:02:35.342: New node: IP: 65.9.63.72. Number of nodes 81
EtherApe-INFO: 18:02:35.874: New node: IP: 172.67.68.60. Number of nodes 82
EtherApe-INFO: 18:02:35.874: New node: IP: 198.175.96.207. Number of nodes 83
EtherApe-INFO: 18:02:36.140: New node: IP: 108.156.253.92. Number of nodes 84
EtherApe-INFO: 18:02:36.412: New node: IP: 95.47.236.28. Number of nodes 85
EtherApe-INFO: 18:02:36.948: New node: IP: 54.192.231.60. Number of nodes 86
EtherApe-INFO: 18:02:37.207: New node: IP: 216.58.208.194. Number of nodes 87
EtherApe-INFO: 18:02:37.208: New node: IP: 65.9.17.74. Number of nodes 88
EtherApe-INFO: 18:02:38.274: New node: IP: 172.217.20.195. Number of nodes 89
EtherApe-INFO: 18:02:38.540: New node: IP: 104.26.13.161. Number of nodes 90
EtherApe-INFO: 18:02:38.807: New node: IP: 52.26.121.26. Number of nodes 91
EtherApe-INFO: 18:02:38.808: New node: IP: 5.255.255.55. Number of nodes 92
EtherApe-INFO: 18:02:39.074: New node: IP: 77.88.55.66. Number of nodes 93
EtherApe-INFO: 18:02:39.341: New node: IP: 35.241.45.217. Number of nodes 94
EtherApe-INFO: 18:02:39.342: New node: IP: 104.26.8.50. Number of nodes 95
EtherApe-INFO: 18:02:39.344: New node: IP: 2.21.184.247. Number of nodes 96
EtherApe-INFO: 18:02:39.874: New node: IP: 3.219.130.32. Number of nodes 97
EtherApe-INFO: 18:02:40.407: New node: IP: 104.26.7.139. Number of nodes 98
EtherApe-INFO: 18:02:40.410: New node: IP: 69.90.69.8. Number of nodes 99
EtherApe-INFO: 18:02:40.687: delete node: IP: 142.250.186.193. Number of nodes 98
EtherApe-INFO: 18:02:40.940: New node: IP: 13.36.218.177. Number of nodes 99
EtherApe-INFO: 18:02:42.541: New node: IP: 172.67.69.19. Number of nodes 100
EtherApe-INFO: 18:02:42.541: New node: IP: 35.227.238.208. Number of nodes 101
EtherApe-INFO: 18:02:43.074: New node: IP: 142.0.165.137. Number of nodes 102
EtherApe-INFO: 18:02:43.340: New node: IP: 2.23.108.247. Number of nodes 103
EtherApe-INFO: 18:02:43.613: New node: IP: 184.51.8.158. Number of nodes 104
EtherApe-INFO: 18:02:43.876: New node: IP: 178.248.233.33. Number of nodes 105
EtherApe-INFO: 18:02:43.881: New node: IP: 35.201.71.192. Number of nodes 106
EtherApe-INFO: 18:02:44.674: New node: IP: 130.211.23.194. Number of nodes 107
EtherApe-INFO: 18:02:45.741: New node: IP: 130.14.29.110. Number of nodes 108
EtherApe-INFO: 18:02:46.008: New node: IP: 5.255.255.50. Number of nodes 109
EtherApe-INFO: 18:02:46.008: New node: IP: 104.18.10.207. Number of nodes 110
EtherApe-INFO: 18:02:46.276: New node: IP: 82.192.95.170. Number of nodes 111
EtherApe-INFO: 18:02:46.276: New node: IP: 52.45.38.205. Number of nodes 112
EtherApe-INFO: 18:02:46.276: New node: IP: 77.88.55.70. Number of nodes 113
EtherApe-INFO: 18:02:47.340: New node: IP: 52.206.247.208. Number of nodes 114
EtherApe-INFO: 18:02:47.340: New node: IP: 37.252.173.62. Number of nodes 115
EtherApe-INFO: 18:02:47.874: New node: IP: 54.72.129.85. Number of nodes 116
EtherApe-INFO: 18:02:51.340: New node: IP: 104.16.201.58. Number of nodes 117
EtherApe-INFO: 18:02:51.606: New node: IP: 104.17.208.240. Number of nodes 118
EtherApe-INFO: 18:02:56.946: New node: IP: 95.216.195.133. Number of nodes 119
EtherApe-INFO: 18:03:05.323: delete node: IP: 216.58.215.74. Number of nodes 118
EtherApe-INFO: 18:03:15.875: New node: IP: 34.120.208.123. Number of nodes 119
EtherApe-INFO: 18:03:20.733: delete node: IP: 104.81.220.87. Number of nodes 118
EtherApe-INFO: 18:03:24.940: New node: IP: 172.217.16.37. Number of nodes 119
EtherApe-INFO: 18:03:40.940: New node: IP: 216.58.209.14. Number of nodes 120
EtherApe-INFO: 18:04:01.009: delete node: IP: 34.117.237.239. Number of nodes 119
EtherApe-INFO: 18:04:07.656: delete node: IP: 104.81.110.27. Number of nodes 118
EtherApe-INFO: 18:04:14.298: delete node: IP: 104.19.154.83. Number of nodes 117
EtherApe-INFO: 18:04:15.101: delete node: IP: 104.16.85.5. Number of nodes 116
EtherApe-INFO: 18:04:16.940: New node: IP: 52.35.251.160. Number of nodes 117
EtherApe-INFO: 18:04:16.940: New node: IP: 108.156.22.103. Number of nodes 118
EtherApe-INFO: 18:04:16.952: delete node: IP: 15.236.176.210. Number of nodes 117
EtherApe-INFO: 18:04:17.217: New node: IP: 18.66.139.67. Number of nodes 118
EtherApe-INFO: 18:04:18.807: New node: IP: 52.84.106.61. Number of nodes 119
EtherApe-INFO: 18:04:25.495: delete node: IP: 185.199.111.133. Number of nodes 118
EtherApe-INFO: 18:04:25.495: delete node: IP: 185.199.109.133. Number of nodes 117
EtherApe-INFO: 18:04:25.495: delete node: IP: 185.199.108.133. Number of nodes 116
EtherApe-INFO: 18:04:32.729: delete node: IPv6: ff02::1. Number of nodes 115
EtherApe-INFO: 18:04:32.729: delete node: IPv6: fe80::9ada:c4ff:febf:99a5. Number of nodes 114
EtherApe-INFO: 18:04:32.729: delete node: IP: 94.130.16.144. Number of nodes 113
EtherApe-INFO: 18:04:35.077: delete node: IP: 172.217.16.42. Number of nodes 112
EtherApe-INFO: 18:04:35.665: delete node: IP: 145.40.68.75. Number of nodes 111
EtherApe-INFO: 18:04:35.890: delete node: IP: 172.67.158.124. Number of nodes 110
EtherApe-INFO: 18:04:37.491: delete node: IP: 172.217.16.4. Number of nodes 109
EtherApe-INFO: 18:04:37.491: delete node: IP: 87.245.212.41. Number of nodes 108
EtherApe-INFO: 18:04:37.850: delete node: IP: 2.21.184.236. Number of nodes 107
EtherApe-INFO: 18:04:39.617: New node: IP: 149.154.165.111. Number of nodes 108
EtherApe-INFO: 18:04:39.725: delete node: IP: 52.26.121.26. Number of nodes 107
EtherApe-INFO: 18:04:43.655: delete node: IP: 104.81.120.141. Number of nodes 106
EtherApe-INFO: 18:04:47.687: delete node: IP: 82.192.95.170. Number of nodes 105
EtherApe-INFO: 18:04:47.687: delete node: IP: 37.252.173.62. Number of nodes 104
EtherApe-INFO: 18:04:48.504: delete node: IP: 104.18.10.207. Number of nodes 103
EtherApe-INFO: 18:04:50.625: delete node: IP: 130.14.29.110. Number of nodes 102
EtherApe-INFO: 18:04:52.158: delete node: IP: 178.248.237.68. Number of nodes 101
EtherApe-INFO: 18:04:52.940: New node: IP: 162.159.200.1. Number of nodes 102
EtherApe-INFO: 18:04:56.947: delete node: IP: 47.246.15.232. Number of nodes 101
EtherApe-INFO: 18:04:56.947: delete node: IP: 2.21.184.247. Number of nodes 100
EtherApe-INFO: 18:04:58.825: delete node: IP: 95.216.195.133. Number of nodes 99
EtherApe-INFO: 18:05:01.841: delete node: IP: 52.206.247.208. Number of nodes 98
EtherApe-INFO: 18:05:03.704: delete node: IP: 178.248.233.33. Number of nodes 97
EtherApe-INFO: 18:05:03.704: delete node: IP: 2.23.108.247. Number of nodes 96
EtherApe-INFO: 18:05:05.473: New node: IP: 216.58.208.202. Number of nodes 97
EtherApe-INFO: 18:05:08.474: delete node: IP: 184.51.8.158. Number of nodes 96
EtherApe-INFO: 18:05:12.496: delete node: IP: 104.81.244.232. Number of nodes 95
EtherApe-INFO: 18:05:14.358: delete node: IP: 172.217.16.5. Number of nodes 94
EtherApe-INFO: 18:05:14.605: delete node: IP: 192.0.73.2. Number of nodes 93
EtherApe-INFO: 18:05:25.842: delete node: IP: 54.228.181.1. Number of nodes 92
EtherApe-INFO: 18:05:32.679: delete node: IP: 172.217.16.35. Number of nodes 91
EtherApe-INFO: 18:05:36.407: New node: IP: 172.217.16.36. Number of nodes 92
EtherApe-INFO: 18:05:36.421: delete node: IP: 142.250.203.142. Number of nodes 91
EtherApe-INFO: 18:05:36.421: delete node: IP: 142.250.203.131. Number of nodes 90
EtherApe-INFO: 18:05:36.677: New node: IP: 172.217.16.35. Number of nodes 91
EtherApe-INFO: 18:05:37.207: New node: IP: 142.250.203.131. Number of nodes 92
EtherApe-INFO: 18:05:38.009: New node: IP: 142.250.203.142. Number of nodes 93
EtherApe-INFO: 18:05:38.275: New node: IP: 172.217.16.2. Number of nodes 94
EtherApe-INFO: 18:05:39.608: New node: IP: 216.58.215.74. Number of nodes 95
EtherApe-INFO: 18:05:40.457: delete node: IP: 77.88.55.70. Number of nodes 94
EtherApe-INFO: 18:05:40.457: delete node: IP: 5.255.255.55. Number of nodes 93
EtherApe-INFO: 18:05:40.676: New node: IP: 142.250.186.193. Number of nodes 94
EtherApe-INFO: 18:05:41.277: delete node: IP: 2.18.103.8. Number of nodes 93
EtherApe-INFO: 18:05:42.008: New node: IP: 142.250.75.14. Number of nodes 94
EtherApe-INFO: 18:05:44.244: delete node: IP: 142.250.203.130. Number of nodes 93
EtherApe-INFO: 18:05:44.940: New node: IP: 142.250.75.10. Number of nodes 94
EtherApe-INFO: 18:05:47.714: delete node: IP: 77.88.55.66. Number of nodes 93
EtherApe-INFO: 18:05:47.935: delete node: IP: 5.255.255.50. Number of nodes 92
EtherApe-INFO: 18:05:49.258: delete node: IP: 104.22.53.252. Number of nodes 91
EtherApe-INFO: 18:05:50.015: delete node: IP: 152.199.21.175. Number of nodes 90
EtherApe-INFO: 18:05:50.274: New node: IP: 151.101.193.140. Number of nodes 91
EtherApe-INFO: 18:05:51.607: New node: IP: 151.101.129.140. Number of nodes 92
EtherApe-INFO: 18:05:51.608: New node: IP: 151.101.65.140. Number of nodes 93
EtherApe-INFO: 18:05:52.773: delete node: IP: 192.124.249.24. Number of nodes 92
EtherApe-INFO: 18:05:53.207: New node: IP: 151.101.1.140. Number of nodes 93
EtherApe-INFO: 18:05:55.607: New node: IP: 142.250.75.8. Number of nodes 94
EtherApe-INFO: 18:05:55.608: New node: IP: 34.232.228.230. Number of nodes 95
EtherApe-INFO: 18:05:56.949: New node: IP: 172.217.16.13. Number of nodes 96
EtherApe-INFO: 18:06:00.675: New node: IP: 18.66.97.64. Number of nodes 97
EtherApe-INFO: 18:06:01.212: New node: IP: 2.21.184.236. Number of nodes 98
EtherApe-INFO: 18:06:06.282: New node: IP: 152.199.21.175. Number of nodes 99
EtherApe-INFO: 18:06:06.285: New node: IP: 13.227.219.92. Number of nodes 100
EtherApe-INFO: 18:06:06.540: New node: IP: 15.236.176.210. Number of nodes 101
EtherApe-INFO: 18:06:06.610: delete node: IP: 13.36.218.177. Number of nodes 100
EtherApe-INFO: 18:06:16.217: delete node: IP: 104.81.107.51. Number of nodes 99
EtherApe-INFO: 18:06:16.217: delete node: IP: 2.18.110.106. Number of nodes 98
EtherApe-INFO: 18:06:17.000: delete node: IP: 52.35.251.160. Number of nodes 97
EtherApe-INFO: 18:06:17.784: delete node: IP: 199.232.16.223. Number of nodes 96
EtherApe-INFO: 18:06:17.784: delete node: IP: 198.51.233.2. Number of nodes 95
EtherApe-INFO: 18:06:17.784: delete node: IP: 185.199.111.154. Number of nodes 94
EtherApe-INFO: 18:06:17.784: delete node: IP: 185.199.110.133. Number of nodes 93
EtherApe-INFO: 18:06:17.784: delete node: IP: 172.217.20.195. Number of nodes 92
EtherApe-INFO: 18:06:17.784: delete node: IP: 172.217.16.3. Number of nodes 91
EtherApe-INFO: 18:06:17.784: delete node: IP: 172.67.69.19. Number of nodes 90
EtherApe-INFO: 18:06:17.784: delete node: IP: 172.67.68.60. Number of nodes 89
EtherApe-INFO: 18:06:17.784: delete node: IP: 140.82.121.6. Number of nodes 88
EtherApe-INFO: 18:06:17.784: delete node: IP: 140.82.121.4. Number of nodes 87
EtherApe-INFO: 18:06:17.784: delete node: IP: 130.211.23.194. Number of nodes 86
EtherApe-INFO: 18:06:17.784: delete node: IP: 108.156.253.92. Number of nodes 85
EtherApe-INFO: 18:06:17.784: delete node: IP: 104.26.13.161. Number of nodes 84
EtherApe-INFO: 18:06:17.784: delete node: IP: 104.26.8.50. Number of nodes 83
EtherApe-INFO: 18:06:17.784: delete node: IP: 104.26.7.139. Number of nodes 82
EtherApe-INFO: 18:06:17.784: delete node: IP: 104.21.42.68. Number of nodes 81
EtherApe-INFO: 18:06:17.784: delete node: IP: 104.19.155.83. Number of nodes 80
EtherApe-INFO: 18:06:17.784: delete node: IP: 104.18.32.68. Number of nodes 79
EtherApe-INFO: 18:06:17.784: delete node: IP: 104.17.211.204. Number of nodes 78
EtherApe-INFO: 18:06:17.784: delete node: IP: 104.17.208.240. Number of nodes 77
EtherApe-INFO: 18:06:17.784: delete node: IP: 104.17.202.204. Number of nodes 76
EtherApe-INFO: 18:06:17.784: delete node: IP: 104.17.128.171. Number of nodes 75
EtherApe-INFO: 18:06:17.784: delete node: IP: 104.17.114.176. Number of nodes 74
EtherApe-INFO: 18:06:17.784: delete node: IP: 104.16.248.249. Number of nodes 73
EtherApe-INFO: 18:06:17.784: delete node: IP: 104.16.201.58. Number of nodes 72
EtherApe-INFO: 18:06:17.784: delete node: IP: 104.16.87.5. Number of nodes 71
EtherApe-INFO: 18:06:17.784: delete node: IP: 95.47.236.28. Number of nodes 70
EtherApe-INFO: 18:06:17.784: delete node: IP: 93.184.220.29. Number of nodes 69
EtherApe-INFO: 18:06:17.784: delete node: IP: 91.198.174.208. Number of nodes 68
EtherApe-INFO: 18:06:17.784: delete node: IP: 87.245.216.9. Number of nodes 67
EtherApe-INFO: 18:06:17.784: delete node: IP: 69.16.175.42. Number of nodes 66
EtherApe-INFO: 18:06:17.784: delete node: IP: 65.9.63.72. Number of nodes 65
EtherApe-INFO: 18:06:17.784: delete node: IP: 54.192.231.60. Number of nodes 64
EtherApe-INFO: 18:06:17.784: delete node: IP: 54.72.129.85. Number of nodes 63
EtherApe-INFO: 18:06:17.784: delete node: IP: 35.241.45.217. Number of nodes 62
EtherApe-INFO: 18:06:17.784: delete node: IP: 35.227.238.208. Number of nodes 61
EtherApe-INFO: 18:06:17.784: delete node: IP: 23.185.0.1. Number of nodes 60
EtherApe-INFO: 18:06:18.110: delete node: IP: 207.241.225.102. Number of nodes 59
EtherApe-INFO: 18:06:18.110: delete node: IP: 207.241.224.2. Number of nodes 58
EtherApe-INFO: 18:06:18.110: delete node: IP: 198.175.96.207. Number of nodes 57
EtherApe-INFO: 18:06:18.110: delete node: IP: 198.145.21.16. Number of nodes 56
EtherApe-INFO: 18:06:18.110: delete node: IP: 146.158.13.145. Number of nodes 55
EtherApe-INFO: 18:06:18.110: delete node: IP: 142.0.165.137. Number of nodes 54
EtherApe-INFO: 18:06:18.110: delete node: IP: 140.82.113.22. Number of nodes 53
EtherApe-INFO: 18:06:18.110: delete node: IP: 69.90.69.8. Number of nodes 52
EtherApe-INFO: 18:06:18.110: delete node: IP: 65.9.17.74. Number of nodes 51
EtherApe-INFO: 18:06:18.110: delete node: IP: 52.45.38.205. Number of nodes 50
EtherApe-INFO: 18:06:18.110: delete node: IP: 50.112.181.95. Number of nodes 49
EtherApe-INFO: 18:06:18.110: delete node: IP: 3.219.130.32. Number of nodes 48
EtherApe-INFO: 18:06:18.110: delete node: IP: 3.217.233.126. Number of nodes 47
EtherApe-INFO: 18:06:18.564: delete node: IP: 18.66.139.67. Number of nodes 46
EtherApe-INFO: 18:06:40.140: New node: IP: 46.4.65.18. Number of nodes 47
EtherApe-INFO: 18:06:43.607: New node: IP: 74.125.205.189. Number of nodes 48
EtherApe-INFO: 18:06:44.407: delete node: IP: 35.201.71.192. Number of nodes 47
EtherApe-INFO: 18:06:54.902: delete node: IP: 162.159.200.1. Number of nodes 46
EtherApe-INFO: 18:07:03.874: New node: IP: 176.119.25.254. Number of nodes 47
EtherApe-INFO: 18:07:03.875: New node: IP: 87.245.216.9. Number of nodes 48
EtherApe-INFO: 18:07:06.293: delete node: IP: 149.154.165.111. Number of nodes 47
EtherApe-INFO: 18:07:38.979: New node: IP: 104.81.244.232. Number of nodes 48
EtherApe-INFO: 18:07:39.488: delete node: IP: 142.250.203.202. Number of nodes 47
EtherApe-INFO: 18:07:55.213: delete node: IP: 151.101.1.140. Number of nodes 46
EtherApe-INFO: 18:07:56.897: New node: IP: 95.216.195.133. Number of nodes 47
EtherApe-INFO: 18:08:01.548: delete node: IP: 142.250.75.10. Number of nodes 46
EtherApe-INFO: 18:08:14.461: delete node: IP: 108.156.22.103. Number of nodes 45
EtherApe-INFO: 18:08:14.461: delete node: IP: 52.84.106.61. Number of nodes 44
EtherApe-INFO: 18:08:22.465: delete node: IP: 2.21.184.236. Number of nodes 43
EtherApe-INFO: 18:08:36.864: delete node: IP: 15.236.176.210. Number of nodes 42
EtherApe-INFO: 18:08:42.659: delete node: IP: 142.251.1.189. Number of nodes 41
EtherApe-INFO: 18:09:08.438: New node: IPv6: fe80::9ada:c4ff:febf:99a5. Number of nodes 42
EtherApe-INFO: 18:09:08.438: New node: IPv6: ff02::1. Number of nodes 43
EtherApe-INFO: 18:09:10.238: delete node: IP: 149.154.167.223. Number of nodes 42
EtherApe-INFO: 18:09:12.551: delete node: IP: 91.198.174.192. Number of nodes 41
EtherApe-INFO: 18:09:13.253: delete node: IP: 151.101.65.140. Number of nodes 40
EtherApe-INFO: 18:09:16.851: New node: IP: 52.35.251.160. Number of nodes 41
EtherApe-INFO: 18:09:57.020: delete node: IP: 95.216.195.133. Number of nodes 40
EtherApe-INFO: 18:09:59.158: delete node: IP: 104.81.244.232. Number of nodes 39
EtherApe-INFO: 18:10:02.870: New node: IP: 149.154.167.223. Number of nodes 40
EtherApe-INFO: 18:10:28.011: delete node: IP: 142.250.203.142. Number of nodes 39
EtherApe-INFO: 18:10:28.011: delete node: IP: 142.250.203.131. Number of nodes 38
EtherApe-INFO: 18:10:30.084: delete node: IP: 216.58.215.74. Number of nodes 37
EtherApe-INFO: 18:10:30.084: delete node: IP: 216.58.208.194. Number of nodes 36
EtherApe-INFO: 18:10:30.084: delete node: IP: 172.217.16.2. Number of nodes 35
EtherApe-INFO: 18:10:30.085: delete node: IP: 142.250.186.194. Number of nodes 34
EtherApe-INFO: 18:10:37.063: delete node: IP: 216.58.215.99. Number of nodes 33
EtherApe-INFO: 18:10:40.119: delete node: IP: 142.250.75.14. Number of nodes 32
EtherApe-INFO: 18:10:57.176: delete node: IP: 152.199.21.175. Number of nodes 31
EtherApe-INFO: 18:10:57.176: delete node: IP: 18.66.97.64. Number of nodes 30
EtherApe-INFO: 18:10:57.176: delete node: IP: 13.227.219.92. Number of nodes 29
EtherApe-INFO: 18:10:59.182: delete node: IP: 87.245.216.9. Number of nodes 28
EtherApe-INFO: 18:11:08.441: delete node: IPv6: ff02::1. Number of nodes 27
EtherApe-INFO: 18:11:08.441: delete node: IPv6: fe80::9ada:c4ff:febf:99a5. Number of nodes 26
EtherApe-INFO: 18:11:17.010: delete node: IP: 172.217.16.37. Number of nodes 25
EtherApe-INFO: 18:11:17.010: delete node: IP: 52.35.251.160. Number of nodes 24
EtherApe-INFO: 18:11:18.117: delete node: IP: 142.250.186.193. Number of nodes 23
EtherApe-INFO: 18:11:22.118: delete node: IP: 172.217.16.36. Number of nodes 22
EtherApe-INFO: 18:11:25.190: delete node: IP: 172.217.16.13. Number of nodes 21
EtherApe-INFO: 18:11:26.825: New node: IP: 142.250.203.197. Number of nodes 22
EtherApe-INFO: 18:11:31.160: delete node: IP: 142.250.75.8. Number of nodes 21
EtherApe-INFO: 18:11:37.778: New node: IP: 208.109.16.245. Number of nodes 22
EtherApe-INFO: 18:11:38.464: New node: IP: 34.107.221.82. Number of nodes 23
EtherApe-INFO: 18:11:43.022: delete node: IP: 172.217.16.35. Number of nodes 22
EtherApe-INFO: 18:11:54.159: delete node: IP: 46.4.65.18. Number of nodes 21
EtherApe-INFO: 18:12:04.120: New node: IP: 151.101.1.140. Number of nodes 22
EtherApe-INFO: 18:12:18.187: delete node: IP: 149.154.167.223. Number of nodes 21
EtherApe-INFO: 18:12:22.618: New node: IP: 142.250.75.10. Number of nodes 22
EtherApe-INFO: 18:12:28.440: New node: IP: 142.250.75.8. Number of nodes 23
EtherApe-INFO: 18:12:28.441: New node: IP: 34.236.174.55. Number of nodes 24
EtherApe-INFO: 18:12:29.652: New node: IP: 172.217.16.13. Number of nodes 25
EtherApe-INFO: 18:12:38.105: New node: IPv6: fe80::9ada:c4ff:febf:99a5. Number of nodes 26
EtherApe-INFO: 18:12:38.105: New node: IPv6: ff02::1. Number of nodes 27
EtherApe-INFO: 18:12:39.262: New node: IP: 104.81.244.232. Number of nodes 28
EtherApe-INFO: 18:12:56.853: New node: IP: 95.216.195.133. Number of nodes 29
EtherApe-INFO: 18:13:29.083: New node: IP: 35.153.34.229. Number of nodes 30
EtherApe-INFO: 18:14:01.264: delete node: IP: 208.109.16.245. Number of nodes 29
EtherApe-INFO: 18:14:08.917: New node: IP: 34.117.237.239. Number of nodes 30
EtherApe-INFO: 18:14:17.046: New node: IP: 52.35.251.160. Number of nodes 31
EtherApe-INFO: 18:14:24.135: delete node: IP: 34.232.228.230. Number of nodes 30
EtherApe-INFO: 18:14:38.222: delete node: IPv6: ff02::1. Number of nodes 29
EtherApe-INFO: 18:14:38.222: delete node: IPv6: fe80::9ada:c4ff:febf:99a5. Number of nodes 28
EtherApe-INFO: 18:14:41.336: New node: IP: 172.217.16.46. Number of nodes 29
EtherApe-INFO: 18:14:41.337: New node: IP: 216.58.215.99. Number of nodes 30
EtherApe-INFO: 18:14:43.714: New node: IP: 172.217.16.5. Number of nodes 31
EtherApe-INFO: 18:14:48.250: New node: IP: 149.154.167.223. Number of nodes 32
EtherApe-INFO: 18:14:58.722: delete node: IP: 95.216.195.133. Number of nodes 31
EtherApe-INFO: 18:14:59.482: delete node: IP: 104.81.244.232. Number of nodes 30
EtherApe-INFO: 18:15:11.758: delete node: IP: 142.250.75.10. Number of nodes 29
EtherApe-INFO: 18:15:41.943: delete node: IP: 34.107.221.82. Number of nodes 28
EtherApe-INFO: 18:16:17.903: delete node: IP: 52.35.251.160. Number of nodes 27
EtherApe-INFO: 18:16:18.119: delete node: IP: 142.250.203.197. Number of nodes 26
EtherApe-INFO: 18:16:36.548: delete node: IP: 34.120.208.123. Number of nodes 25
EtherApe-INFO: 18:16:38.387: New node: IP: 216.58.208.206. Number of nodes 26
EtherApe-INFO: 18:16:39.714: New node: IP: 35.170.120.140. Number of nodes 27
EtherApe-INFO: 18:16:39.714: New node: IP: 172.217.20.195. Number of nodes 28
EtherApe-INFO: 18:16:41.047: New node: IP: 142.250.203.202. Number of nodes 29
EtherApe-INFO: 18:16:41.050: New node: IP: 172.217.16.4. Number of nodes 30
EtherApe-INFO: 18:16:42.114: New node: IP: 172.217.16.54. Number of nodes 31
EtherApe-INFO: 18:16:42.115: New node: IP: 216.58.215.65. Number of nodes 32
EtherApe-INFO: 18:17:03.738: delete node: IP: 149.154.167.223. Number of nodes 31
EtherApe-INFO: 18:17:11.180: New node: IP: 142.250.203.142. Number of nodes 32
EtherApe-INFO: 18:17:27.181: New node: IP: 142.250.75.10. Number of nodes 33
EtherApe-INFO: 18:17:29.849: New node: IP: 52.5.204.106. Number of nodes 34
EtherApe-INFO: 18:17:39.447: New node: IP: 104.81.244.232. Number of nodes 35
EtherApe-INFO: 18:17:53.314: New node: IP: 34.120.195.249. Number of nodes 36
EtherApe-INFO: 18:17:53.580: New node: IP: 87.245.216.107. Number of nodes 37
EtherApe-INFO: 18:17:57.046: New node: IP: 95.216.195.133. Number of nodes 38
EtherApe-INFO: 18:18:41.629: delete node: IP: 142.250.203.202. Number of nodes 37
EtherApe-INFO: 18:18:42.723: delete node: IP: 216.58.215.65. Number of nodes 36
EtherApe-INFO: 18:19:00.607: delete node: IP: 34.117.237.239. Number of nodes 35
EtherApe-INFO: 18:19:05.313: New node: IP: 34.120.208.123. Number of nodes 36
EtherApe-INFO: 18:19:17.313: New node: IP: 52.35.251.160. Number of nodes 37
EtherApe-INFO: 18:19:32.587: delete node: IP: 176.119.25.254. Number of nodes 36
EtherApe-INFO: 18:19:32.587: delete node: IP: 172.217.16.46. Number of nodes 35
EtherApe-INFO: 18:19:58.396: delete node: IP: 95.216.195.133. Number of nodes 34
EtherApe-INFO: 18:19:59.821: delete node: IP: 104.81.244.232. Number of nodes 33
EtherApe-INFO: 18:20:21.315: New node: IP: 142.250.186.206. Number of nodes 34
EtherApe-INFO: 18:20:31.250: delete node: IP: 142.250.75.10. Number of nodes 33
EtherApe-INFO: 18:20:31.448: New node: IP: 176.122.113.76. Number of nodes 34
EtherApe-INFO: 18:20:31.454: New node: IP: 142.250.203.131. Number of nodes 35
EtherApe-INFO: 18:20:31.714: New node: IP: 74.125.105.38. Number of nodes 36
EtherApe-INFO: 18:20:31.714: New node: IP: 216.58.215.118. Number of nodes 37
EtherApe-INFO: 18:20:31.715: New node: IP: 173.194.189.148. Number of nodes 38
EtherApe-INFO: 18:20:31.719: New node: IP: 173.194.187.167. Number of nodes 39
EtherApe-INFO: 18:20:31.984: New node: IP: 216.58.215.65. Number of nodes 40
EtherApe-INFO: 18:20:32.252: New node: IP: 142.250.203.214. Number of nodes 41
EtherApe-INFO: 18:20:32.780: New node: IP: 149.154.167.223. Number of nodes 42
EtherApe-INFO: 18:20:40.262: delete node: IP: 216.58.215.99. Number of nodes 41
EtherApe-INFO: 18:21:17.892: delete node: IP: 52.35.251.160. Number of nodes 40
EtherApe-INFO: 18:21:18.661: delete node: IP: 172.217.16.5. Number of nodes 39
EtherApe-INFO: 18:21:29.051: New node: IP: 172.217.16.5. Number of nodes 40
EtherApe-INFO: 18:21:30.677: delete node: IP: 172.217.20.195. Number of nodes 39
EtherApe-INFO: 18:21:30.677: delete node: IP: 142.250.75.8. Number of nodes 38
EtherApe-INFO: 18:21:32.007: delete node: IP: 172.217.16.4. Number of nodes 37
EtherApe-INFO: 18:21:32.247: New node: IP: 140.82.121.4. Number of nodes 38
EtherApe-INFO: 18:21:32.551: delete node: IP: 172.217.16.54. Number of nodes 37
EtherApe-INFO: 18:21:33.047: New node: IP: 185.199.110.154. Number of nodes 38
EtherApe-INFO: 18:21:33.048: New node: IP: 185.199.111.133. Number of nodes 39
EtherApe-INFO: 18:21:33.847: New node: IP: 140.82.112.21. Number of nodes 40
EtherApe-INFO: 18:21:33.848: New node: IP: 140.82.121.6. Number of nodes 41
EtherApe-INFO: 18:21:35.447: New node: IPv6: fe80::9ada:c4ff:febf:99a5. Number of nodes 42
EtherApe-INFO: 18:21:35.447: New node: IPv6: ff02::1. Number of nodes 43
EtherApe-INFO: 18:21:51.985: delete node: IP: 87.245.216.107. Number of nodes 42
EtherApe-INFO: 18:21:57.046: New node: IP: 162.159.200.1. Number of nodes 43
EtherApe-INFO: 18:21:58.936: delete node: IP: 34.236.174.55. Number of nodes 42
EtherApe-INFO: 18:22:01.910: delete node: IP: 142.250.203.142. Number of nodes 41
EtherApe-INFO: 18:22:12.062: delete node: IP: 35.153.34.229. Number of nodes 40
EtherApe-INFO: 18:22:18.115: New node: IP: 140.82.112.26. Number of nodes 41
EtherApe-INFO: 18:22:22.185: delete node: IP: 216.58.208.206. Number of nodes 40
EtherApe-INFO: 18:22:22.185: delete node: IP: 172.217.16.13. Number of nodes 39
EtherApe-INFO: 18:22:32.061: delete node: IP: 74.125.105.38. Number of nodes 38
EtherApe-INFO: 18:22:34.117: New node: IP: 142.250.75.10. Number of nodes 39
EtherApe-INFO: 18:22:39.714: New node: IP: 104.81.244.232. Number of nodes 40
EtherApe-INFO: 18:22:44.798: delete node: IP: 34.120.195.249. Number of nodes 39
EtherApe-INFO: 18:22:57.046: New node: IP: 95.216.195.133. Number of nodes 40
EtherApe-INFO: 18:23:34.208: delete node: IP: 149.154.167.223. Number of nodes 39
EtherApe-INFO: 18:23:35.759: delete node: IPv6: ff02::1. Number of nodes 38
EtherApe-INFO: 18:23:35.759: delete node: IPv6: fe80::9ada:c4ff:febf:99a5. Number of nodes 37
EtherApe-INFO: 18:23:58.117: delete node: IP: 162.159.200.1. Number of nodes 36
EtherApe-INFO: 18:24:04.519: New node: IP: 142.250.203.130. Number of nodes 37
EtherApe-INFO: 18:24:04.780: New node: IP: 46.4.65.18. Number of nodes 38
EtherApe-INFO: 18:24:17.583: New node: IP: 52.35.251.160. Number of nodes 39
EtherApe-INFO: 18:24:18.433: delete node: IP: 140.82.114.25. Number of nodes 38
EtherApe-INFO: 18:24:27.714: delete node: IP: 176.122.113.76. Number of nodes 37
EtherApe-INFO: 18:24:27.714: delete node: IP: 173.194.189.148. Number of nodes 36
EtherApe-INFO: 18:24:27.714: delete node: IP: 173.194.187.167. Number of nodes 35
EtherApe-INFO: 18:24:31.181: New node: IP: 142.250.186.197. Number of nodes 36
EtherApe-INFO: 18:24:44.247: New node: IP: 142.250.203.197. Number of nodes 37
EtherApe-INFO: 18:25:00.049: delete node: IP: 104.81.244.232. Number of nodes 36
EtherApe-INFO: 18:25:00.049: delete node: IP: 95.216.195.133. Number of nodes 35
EtherApe-INFO: 18:25:10.712: delete node: IP: 151.101.1.140. Number of nodes 34
EtherApe-INFO: 18:25:23.731: delete node: IP: 216.58.215.65. Number of nodes 33
EtherApe-INFO: 18:25:23.735: delete node: IP: 142.250.203.214. Number of nodes 32
EtherApe-INFO: 18:25:30.116: New node: IP: 149.154.167.223. Number of nodes 33
EtherApe-INFO: 18:25:30.913: New node: IP: 91.108.56.145. Number of nodes 34
EtherApe-INFO: 18:25:53.471: delete node: IP: 216.58.215.118. Number of nodes 33
EtherApe-INFO: 18:25:59.820: New node: IP: 172.217.16.42. Number of nodes 34
EtherApe-INFO: 18:26:07.308: delete node: IP: 142.250.203.130. Number of nodes 33
EtherApe-INFO: 18:26:14.232: delete node: IP: 142.250.186.206. Number of nodes 32
EtherApe-INFO: 18:26:18.538: delete node: IP: 52.35.251.160. Number of nodes 31
EtherApe-INFO: 18:26:20.173: delete node: IP: 172.217.16.5. Number of nodes 30
EtherApe-INFO: 18:26:26.816: delete node: IP: 185.199.110.154. Number of nodes 29
EtherApe-INFO: 18:26:26.816: delete node: IP: 151.101.193.140. Number of nodes 28
EtherApe-INFO: 18:26:26.816: delete node: IP: 151.101.129.140. Number of nodes 27
EtherApe-INFO: 18:27:39.821: New node: IP: 104.81.244.232. Number of nodes 28
EtherApe-INFO: 18:27:41.156: New node: IPv6: fe80::9ada:c4ff:febf:99a5. Number of nodes 29
EtherApe-INFO: 18:27:41.156: New node: IPv6: ff02::1. Number of nodes 30
EtherApe-INFO: 18:27:54.487: New node: IP: 15.188.95.229. Number of nodes 31
EtherApe-INFO: 18:27:54.519: delete node: IP: 91.108.56.145. Number of nodes 30
EtherApe-INFO: 18:27:56.886: New node: IP: 95.216.195.133. Number of nodes 31
EtherApe-INFO: 18:27:59.865: delete node: IP: 172.217.16.42. Number of nodes 30
EtherApe-INFO: 18:28:00.716: delete node: IP: 142.250.203.131. Number of nodes 29
EtherApe-INFO: 18:28:09.158: delete node: IP: 185.199.111.133. Number of nodes 28
EtherApe-INFO: 18:28:09.165: delete node: IP: 140.82.112.21. Number of nodes 27
EtherApe-INFO: 18:28:15.087: delete node: IP: 34.120.208.123. Number of nodes 26
EtherApe-INFO: 18:28:17.953: New node: IP: 91.198.174.192. Number of nodes 27
EtherApe-INFO: 18:29:00.371: delete node: IP: 46.4.65.18. Number of nodes 26
EtherApe-INFO: 18:29:08.887: New node: IP: 34.117.237.239. Number of nodes 27
EtherApe-INFO: 18:29:09.997: delete node: IP: 149.154.167.223. Number of nodes 26
EtherApe-INFO: 18:29:16.926: delete node: IP: 140.82.121.4. Number of nodes 25
EtherApe-INFO: 18:29:17.686: New node: IP: 52.35.251.160. Number of nodes 26
EtherApe-INFO: 18:29:20.116: delete node: IP: 142.250.75.10. Number of nodes 25
EtherApe-INFO: 18:29:23.608: delete node: IP: 142.250.186.197. Number of nodes 24
EtherApe-INFO: 18:29:41.976: delete node: IPv6: ff02::1. Number of nodes 23
EtherApe-INFO: 18:29:41.976: delete node: IPv6: fe80::9ada:c4ff:febf:99a5. Number of nodes 22
EtherApe-INFO: 18:29:57.230: delete node: IP: 95.216.195.133. Number of nodes 21
EtherApe-INFO: 18:30:00.658: delete node: IP: 104.81.244.232. Number of nodes 20
EtherApe-INFO: 18:31:18.240: delete node: IP: 52.35.251.160. Number of nodes 19
EtherApe-INFO: 18:31:24.188: delete node: IP: 142.250.203.197. Number of nodes 18
EtherApe-INFO: 18:31:24.886: New node: IP: 149.154.167.223. Number of nodes 19
EtherApe-INFO: 18:31:31.554: New node: IP: 142.250.203.197. Number of nodes 20
EtherApe-INFO: 18:31:42.753: New node: IP: 140.82.121.3. Number of nodes 21
EtherApe-INFO: 18:31:43.288: New node: IP: 185.199.110.154. Number of nodes 22
EtherApe-INFO: 18:31:43.553: New node: IP: 185.199.111.133. Number of nodes 23
EtherApe-INFO: 18:31:43.820: New node: IP: 140.82.112.21. Number of nodes 24
EtherApe-INFO: 18:32:27.309: delete node: IP: 15.188.95.229. Number of nodes 23
EtherApe-INFO: 18:32:40.087: New node: IP: 104.81.244.232. Number of nodes 24
EtherApe-INFO: 18:32:56.887: New node: IP: 95.216.195.133. Number of nodes 25
EtherApe-INFO: 18:34:00.692: delete node: IP: 34.117.237.239. Number of nodes 24
EtherApe-INFO: 18:34:16.886: New node: IP: 52.35.251.160. Number of nodes 25
EtherApe-INFO: 18:34:21.686: New node: IPv6: fe80::9ada:c4ff:febf:99a5. Number of nodes 26
EtherApe-INFO: 18:34:21.686: New node: IPv6: ff02::1. Number of nodes 27
EtherApe-INFO: 18:34:35.857: delete node: IP: 149.154.167.223. Number of nodes 26
EtherApe-INFO: 18:35:00.633: delete node: IP: 104.81.244.232. Number of nodes 25
EtherApe-INFO: 18:35:00.633: delete node: IP: 95.216.195.133. Number of nodes 24
EtherApe-INFO: 18:35:18.220: New node: IP: 149.154.167.223. Number of nodes 25
EtherApe-INFO: 18:35:18.521: delete node: IP: 91.198.174.192. Number of nodes 24
EtherApe-INFO: 18:36:18.303: delete node: IP: 52.35.251.160. Number of nodes 23
EtherApe-INFO: 18:36:23.050: delete node: IPv6: ff02::1. Number of nodes 22
EtherApe-INFO: 18:36:23.050: delete node: IPv6: fe80::9ada:c4ff:febf:99a5. Number of nodes 21
EtherApe-INFO: 18:36:38.568: delete node: IP: 185.199.110.154. Number of nodes 20
EtherApe-INFO: 18:36:48.628: delete node: IP: 140.82.112.21. Number of nodes 19
EtherApe-INFO: 18:36:53.771: delete node: IP: 185.199.111.133. Number of nodes 18
EtherApe-INFO: 18:37:17.176: delete node: IP: 140.82.121.3. Number of nodes 17
EtherApe-INFO: 18:37:32.183: delete node: IP: 207.241.237.3. Number of nodes 16
EtherApe-INFO: 18:37:40.354: New node: IP: 104.81.244.232. Number of nodes 17
EtherApe-INFO: 18:37:56.887: New node: IP: 95.216.195.133. Number of nodes 18
EtherApe-INFO: 18:39:18.220: New node: IP: 52.35.251.160. Number of nodes 19
EtherApe-INFO: 18:39:59.081: delete node: IP: 95.216.195.133. Number of nodes 18
EtherApe-INFO: 18:40:00.682: delete node: IP: 104.81.244.232. Number of nodes 17
EtherApe-INFO: 18:40:06.796: delete node: IP: 140.82.121.6. Number of nodes 16
EtherApe-INFO: 18:40:22.321: delete node: IP: 149.154.167.223. Number of nodes 15
EtherApe-INFO: 18:40:35.289: New node: IPv6: fe80::9ada:c4ff:febf:99a5. Number of nodes 16
EtherApe-INFO: 18:40:35.289: New node: IPv6: ff02::1. Number of nodes 17
EtherApe-INFO: 18:41:18.520: delete node: IP: 52.35.251.160. Number of nodes 16
EtherApe-INFO: 18:41:23.570: delete node: IP: 142.250.203.197. Number of nodes 15
EtherApe-INFO: 18:41:33.954: New node: IP: 142.250.75.5. Number of nodes 16
EtherApe-INFO: 18:42:40.354: New node: IP: 104.81.244.232. Number of nodes 17
EtherApe-INFO: 18:42:40.421: delete node: IPv6: ff02::1. Number of nodes 16
EtherApe-INFO: 18:42:40.421: delete node: IPv6: fe80::9ada:c4ff:febf:99a5. Number of nodes 15
EtherApe-INFO: 18:42:56.887: New node: IP: 95.216.195.133. Number of nodes 16
EtherApe-INFO: 18:44:08.886: New node: IP: 34.117.237.239. Number of nodes 17
EtherApe-INFO: 18:44:18.220: New node: IP: 52.35.251.160. Number of nodes 18
EtherApe-INFO: 18:44:30.220: New node: IPv6: fe80::9ada:c4ff:febf:99a5. Number of nodes 19
EtherApe-INFO: 18:44:30.220: New node: IPv6: ff02::1. Number of nodes 20
EtherApe-INFO: 18:45:00.707: delete node: IP: 104.81.244.232. Number of nodes 19
EtherApe-INFO: 18:45:00.707: delete node: IP: 95.216.195.133. Number of nodes 18
EtherApe-INFO: 18:45:29.954: New node: IP: 172.217.16.42. Number of nodes 19
EtherApe-INFO: 18:46:18.488: delete node: IP: 52.35.251.160. Number of nodes 18
EtherApe-INFO: 18:46:30.515: delete node: IPv6: ff02::1. Number of nodes 17
EtherApe-INFO: 18:46:30.515: delete node: IPv6: fe80::9ada:c4ff:febf:99a5. Number of nodes 16
EtherApe-INFO: 18:47:30.535: delete node: IP: 172.217.16.42. Number of nodes 15
EtherApe-INFO: 18:47:40.621: New node: IP: 104.81.244.232. Number of nodes 16
EtherApe-INFO: 18:47:56.886: New node: IP: 95.216.195.133. Number of nodes 17
EtherApe-INFO: 18:49:00.693: delete node: IP: 34.117.237.239. Number of nodes 16
EtherApe-INFO: 18:49:18.486: New node: IP: 52.35.251.160. Number of nodes 17
EtherApe-INFO: 18:49:57.232: delete node: IP: 95.216.195.133. Number of nodes 16
EtherApe-INFO: 18:50:02.274: delete node: IP: 104.81.244.232. Number of nodes 15
EtherApe-INFO: 18:50:34.221: New node: IP: 142.250.186.202. Number of nodes 16
EtherApe-INFO: 18:51:19.044: delete node: IP: 52.35.251.160. Number of nodes 15
EtherApe-INFO: 18:51:26.304: delete node: IP: 142.250.75.5. Number of nodes 14
EtherApe-INFO: 18:51:36.354: New node: IP: 172.217.16.37. Number of nodes 15
EtherApe-INFO: 18:52:40.887: New node: IP: 104.81.244.232. Number of nodes 16
EtherApe-INFO: 18:52:56.886: New node: IP: 95.216.195.133. Number of nodes 17
EtherApe-INFO: 18:53:26.487: New node: IP: 149.154.167.223. Number of nodes 18
EtherApe-INFO: 18:53:28.353: New node: IP: 149.154.165.111. Number of nodes 19
EtherApe-INFO: 18:53:51.553: New node: IPv6: fe80::9ada:c4ff:febf:99a5. Number of nodes 20
EtherApe-INFO: 18:53:51.553: New node: IPv6: ff02::1. Number of nodes 21
EtherApe-INFO: 18:54:18.753: New node: IP: 52.35.251.160. Number of nodes 22
EtherApe-INFO: 18:54:28.086: New node: IP: 142.250.203.142. Number of nodes 23
EtherApe-INFO: 18:54:30.221: New node: IP: 142.250.203.138. Number of nodes 24
EtherApe-INFO: 18:54:30.223: New node: IP: 54.149.143.77. Number of nodes 25
EtherApe-INFO: 18:54:30.223: New node: IP: 52.88.225.96. Number of nodes 26
EtherApe-INFO: 18:54:31.020: New node: IP: 35.186.227.140. Number of nodes 27
EtherApe-INFO: 18:54:32.355: New node: IP: 216.58.215.69. Number of nodes 28
EtherApe-INFO: 18:54:45.421: New node: IP: 142.250.75.5. Number of nodes 29
EtherApe-INFO: 18:54:58.323: delete node: IP: 95.216.195.133. Number of nodes 28
EtherApe-INFO: 18:55:01.455: delete node: IP: 104.81.244.232. Number of nodes 27
EtherApe-INFO: 18:55:07.820: New node: IP: 34.120.208.123. Number of nodes 28
EtherApe-INFO: 18:55:24.959: delete node: IP: 142.250.186.202. Number of nodes 27
EtherApe-INFO: 18:55:45.779: delete node: IP: 149.154.165.111. Number of nodes 26
EtherApe-INFO: 18:55:51.894: delete node: IPv6: ff02::1. Number of nodes 25
EtherApe-INFO: 18:55:51.894: delete node: IPv6: fe80::9ada:c4ff:febf:99a5. Number of nodes 24
EtherApe-INFO: 18:55:55.553: New node: IP: 142.250.75.10. Number of nodes 25
EtherApe-INFO: 18:56:05.419: New node: IP: 162.159.200.1. Number of nodes 26
EtherApe-INFO: 18:56:21.746: delete node: IP: 52.35.251.160. Number of nodes 25
EtherApe-INFO: 18:56:29.686: New node: IP: 0.0.0.0. Number of nodes 26
EtherApe-INFO: 18:56:29.686: New node: IP: 255.255.255.255. Number of nodes 27
EtherApe-INFO: 18:56:29.686: New node: IP: 149.154.167.51. Number of nodes 28
EtherApe-INFO: 18:56:29.687: New node: IP: 95.216.195.133. Number of nodes 29
EtherApe-INFO: 18:56:29.729: delete node: IP: 172.217.16.37. Number of nodes 28
EtherApe-INFO: 18:56:29.954: New node: IP: 151.101.1.140. Number of nodes 29
EtherApe-INFO: 18:56:29.955: New node: IP: 151.101.129.140. Number of nodes 30
EtherApe-INFO: 18:56:30.754: New node: IP: 34.107.221.82. Number of nodes 31
EtherApe-INFO: 18:56:30.756: New node: IP: 15.188.95.229. Number of nodes 32
EtherApe-INFO: 18:56:31.021: New node: IP: 52.40.161.235. Number of nodes 33
EtherApe-INFO: 18:56:31.021: New node: IP: 140.82.114.26. Number of nodes 34
EtherApe-INFO: 18:56:31.022: New node: IP: 54.201.62.176. Number of nodes 35
EtherApe-INFO: 18:56:32.358: New node: IP: 34.232.228.230. Number of nodes 36
EtherApe-INFO: 18:56:36.087: New node: IP: 52.35.251.160. Number of nodes 37
EtherApe-INFO: 18:56:42.280: delete node: IP: 52.88.225.96. Number of nodes 36
EtherApe-INFO: 18:56:51.286: New node: IP: 142.251.1.189. Number of nodes 37
EtherApe-INFO: 18:56:56.353: New node: IP: 142.250.203.206. Number of nodes 38
EtherApe-INFO: 18:56:57.686: New node: IP: 216.58.215.99. Number of nodes 39
EtherApe-INFO: 18:57:29.153: New node: IP: 104.81.244.232. Number of nodes 40
EtherApe-INFO: 18:57:31.899: delete node: IP: 54.149.143.77. Number of nodes 39
EtherApe-INFO: 18:57:47.835: delete node: IP: 149.154.167.223. Number of nodes 38
EtherApe-INFO: 18:57:51.820: New node: IPv6: fe80::9ada:c4ff:febf:99a5. Number of nodes 39
EtherApe-INFO: 18:57:51.820: New node: IPv6: ff02::1. Number of nodes 40
EtherApe-INFO: 18:58:05.760: delete node: IP: 162.159.200.1. Number of nodes 39
EtherApe-INFO: 18:58:29.708: delete node: IP: 255.255.255.255. Number of nodes 38
EtherApe-INFO: 18:58:29.709: delete node: IP: 0.0.0.0. Number of nodes 37
EtherApe-INFO: 18:58:30.243: delete node: IP: 140.82.112.26. Number of nodes 36
EtherApe-INFO: 18:58:30.243: delete node: IP: 95.216.195.133. Number of nodes 35
EtherApe-INFO: 18:58:31.847: delete node: IP: 149.154.167.51. Number of nodes 34
EtherApe-INFO: 18:58:31.847: delete node: IP: 52.5.204.106. Number of nodes 33
EtherApe-INFO: 18:58:32.921: delete node: IP: 52.40.161.235. Number of nodes 32
EtherApe-INFO: 18:58:32.921: delete node: IP: 35.170.120.140. Number of nodes 31
EtherApe-INFO: 18:58:36.646: delete node: IP: 216.58.215.69. Number of nodes 30
EtherApe-INFO: 18:58:36.646: delete node: IP: 142.250.203.142. Number of nodes 29
EtherApe-INFO: 18:58:36.646: delete node: IP: 142.250.203.138. Number of nodes 28
EtherApe-INFO: 18:58:36.646: delete node: IP: 34.120.208.123. Number of nodes 27
EtherApe-INFO: 18:58:36.959: delete node: IP: 52.35.251.160. Number of nodes 26
EtherApe-INFO: 18:58:48.635: delete node: IP: 172.217.16.14. Number of nodes 25
EtherApe-INFO: 18:58:49.706: delete node: IP: 142.250.186.195. Number of nodes 24
EtherApe-INFO: 18:58:49.706: delete node: IP: 35.186.227.140. Number of nodes 23
EtherApe-INFO: 18:58:51.099: delete node: IP: 74.125.205.189. Number of nodes 22
EtherApe-INFO: 18:58:54.821: delete node: IP: 216.58.208.202. Number of nodes 21
EtherApe-INFO: 18:58:54.821: delete node: IP: 142.250.75.5. Number of nodes 20
EtherApe-INFO: 18:59:03.120: delete node: IP: 15.188.95.229. Number of nodes 19
EtherApe-INFO: 18:59:08.890: New node: IP: 34.117.237.239. Number of nodes 20
EtherApe-INFO: 18:59:32.392: delete node: IP: 54.201.62.176. Number of nodes 19
EtherApe-INFO: 18:59:54.027: delete node: IPv6: ff02::1. Number of nodes 18
EtherApe-INFO: 18:59:54.027: delete node: IPv6: fe80::9ada:c4ff:febf:99a5. Number of nodes 17
EtherApe-INFO: 19:00:00.892: New node: IP: 149.154.167.223. Number of nodes 18
EtherApe-INFO: 19:00:16.121: delete node: IP: 104.81.244.232. Number of nodes 17
EtherApe-INFO: 19:01:21.492: delete node: IP: 151.101.129.140. Number of nodes 16
EtherApe-INFO: 19:01:21.492: delete node: IP: 151.101.1.140. Number of nodes 15
EtherApe-INFO: 19:01:28.114: delete node: IP: 34.107.221.82. Number of nodes 14
EtherApe-INFO: 19:01:28.886: New node: IP: 35.186.227.140. Number of nodes 15
EtherApe-INFO: 19:01:28.886: New node: IP: 54.201.62.176. Number of nodes 16
EtherApe-INFO: 19:01:29.690: New node: IP: 95.216.195.133. Number of nodes 17
EtherApe-INFO: 19:01:31.823: New node: IP: 52.40.161.235. Number of nodes 18
EtherApe-INFO: 19:02:38.054: delete node: IP: 149.154.167.223. Number of nodes 17
EtherApe-INFO: 19:02:41.153: New node: IP: 104.81.244.232. Number of nodes 18
EtherApe-INFO: 19:02:58.224: New node: IP: 54.192.231.52. Number of nodes 19
EtherApe-INFO: 19:02:58.487: New node: IP: 142.250.203.197. Number of nodes 20
EtherApe-INFO: 19:02:58.487: New node: IP: 34.120.208.123. Number of nodes 21
EtherApe-INFO: 19:03:01.154: New node: IP: 172.217.20.195. Number of nodes 22
EtherApe-INFO: 19:03:01.154: New node: IP: 142.250.203.131. Number of nodes 23
EtherApe-INFO: 19:03:01.154: New node: IP: 142.250.186.193. Number of nodes 24
EtherApe-INFO: 19:03:01.687: New node: IP: 172.217.16.4. Number of nodes 25
EtherApe-INFO: 19:03:01.688: New node: IP: 172.217.20.206. Number of nodes 26
EtherApe-INFO: 19:03:02.220: New node: IP: 172.217.16.46. Number of nodes 27
EtherApe-INFO: 19:03:02.487: New node: IP: 216.58.208.206. Number of nodes 28
EtherApe-INFO: 19:03:03.557: New node: IP: 142.250.186.202. Number of nodes 29
EtherApe-INFO: 19:03:04.090: New node: IP: 142.250.75.14. Number of nodes 30
EtherApe-INFO: 19:03:08.087: New node: IP: 216.58.215.69. Number of nodes 31
EtherApe-INFO: 19:03:08.621: New node: IP: 172.217.16.42. Number of nodes 32
EtherApe-INFO: 19:03:09.156: New node: IP: 149.154.167.223. Number of nodes 33
EtherApe-INFO: 19:03:09.956: New node: IP: 216.58.215.110. Number of nodes 34
EtherApe-INFO: 19:03:14.753: New node: IP: 151.101.1.140. Number of nodes 35
EtherApe-INFO: 19:03:29.994: delete node: IP: 95.216.195.133. Number of nodes 34
EtherApe-INFO: 19:03:32.160: delete node: IP: 52.40.161.235. Number of nodes 33
EtherApe-INFO: 19:03:38.753: New node: IP: 140.82.121.3. Number of nodes 34
EtherApe-INFO: 19:03:39.557: New node: IP: 185.199.111.154. Number of nodes 35
EtherApe-INFO: 19:03:39.820: New node: IP: 185.199.108.133. Number of nodes 36
EtherApe-INFO: 19:03:40.090: New node: IP: 140.82.113.22. Number of nodes 37
EtherApe-INFO: 19:03:40.353: New node: IP: 140.82.121.6. Number of nodes 38
EtherApe-INFO: 19:04:00.400: delete node: IP: 34.117.237.239. Number of nodes 37
EtherApe-INFO: 19:04:04.620: New node: IP: 64.238.159.114. Number of nodes 38
EtherApe-INFO: 19:04:05.153: New node: IP: 34.107.221.82. Number of nodes 39
EtherApe-INFO: 19:04:09.153: New node: IP: 190.92.158.4. Number of nodes 40
EtherApe-INFO: 19:04:13.687: New node: IPv6: fe80::9ada:c4ff:febf:99a5. Number of nodes 41
EtherApe-INFO: 19:04:13.687: New node: IPv6: ff02::1. Number of nodes 42
EtherApe-INFO: 19:04:24.416: delete node: IP: 216.58.209.14. Number of nodes 41
EtherApe-INFO: 19:04:30.590: delete node: IP: 54.201.62.176. Number of nodes 40
EtherApe-INFO: 19:04:56.890: New node: IP: 151.101.129.140. Number of nodes 41
EtherApe-INFO: 19:05:01.697: delete node: IP: 104.81.244.232. Number of nodes 40
EtherApe-INFO: 19:05:04.354: New node: IP: 151.101.193.140. Number of nodes 41
EtherApe-INFO: 19:05:04.354: New node: IP: 151.101.65.140. Number of nodes 42
EtherApe-INFO: 19:06:02.194: New node: IP: 149.154.165.111. Number of nodes 43
EtherApe-INFO: 19:06:12.332: delete node: IP: 64.238.159.114. Number of nodes 42
EtherApe-INFO: 19:06:13.946: delete node: IPv6: ff02::1. Number of nodes 41
EtherApe-INFO: 19:06:13.946: delete node: IPv6: fe80::9ada:c4ff:febf:99a5. Number of nodes 40
EtherApe-INFO: 19:06:21.133: delete node: IP: 190.92.158.4. Number of nodes 39
EtherApe-INFO: 19:06:29.660: New node: IP: 95.216.195.133. Number of nodes 40
EtherApe-INFO: 19:06:31.793: New node: IP: 52.40.161.235. Number of nodes 41
EtherApe-INFO: 19:06:55.069: delete node: IP: 54.192.231.52. Number of nodes 40
EtherApe-INFO: 19:07:06.248: delete node: IP: 151.101.193.140. Number of nodes 39
EtherApe-INFO: 19:07:06.248: delete node: IP: 151.101.65.140. Number of nodes 38
EtherApe-INFO: 19:07:22.198: delete node: IP: 35.186.227.140. Number of nodes 37
EtherApe-INFO: 19:07:28.125: delete node: IP: 34.232.228.230. Number of nodes 36
EtherApe-INFO: 19:07:41.394: New node: IP: 104.81.244.232. Number of nodes 37
EtherApe-INFO: 19:07:54.298: delete node: IP: 142.250.186.202. Number of nodes 36
EtherApe-INFO: 19:07:57.464: delete node: IP: 142.250.186.193. Number of nodes 35
EtherApe-INFO: 19:07:59.350: delete node: IP: 172.217.20.206. Number of nodes 34
EtherApe-INFO: 19:07:59.350: delete node: IP: 172.217.16.46. Number of nodes 33
EtherApe-INFO: 19:08:00.926: delete node: IP: 216.58.215.110. Number of nodes 32
EtherApe-INFO: 19:08:00.926: delete node: IP: 172.217.20.195. Number of nodes 31
EtherApe-INFO: 19:08:00.926: delete node: IP: 172.217.16.42. Number of nodes 30
EtherApe-INFO: 19:08:00.926: delete node: IP: 142.250.203.131. Number of nodes 29
EtherApe-INFO: 19:08:00.926: delete node: IP: 142.250.75.14. Number of nodes 28
EtherApe-INFO: 19:08:01.665: delete node: IP: 34.107.221.82. Number of nodes 27
EtherApe-INFO: 19:08:03.562: delete node: IP: 216.58.215.69. Number of nodes 26
EtherApe-INFO: 19:08:03.562: delete node: IP: 172.217.16.4. Number of nodes 25
EtherApe-INFO: 19:08:17.998: delete node: IP: 149.154.165.111. Number of nodes 24
EtherApe-INFO: 19:08:31.319: delete node: IP: 95.216.195.133. Number of nodes 23
EtherApe-INFO: 19:08:33.415: delete node: IP: 52.40.161.235. Number of nodes 22
EtherApe-INFO: 19:08:43.872: delete node: IP: 185.199.111.154. Number of nodes 21
EtherApe-INFO: 19:08:43.872: delete node: IP: 185.199.108.133. Number of nodes 20
EtherApe-INFO: 19:08:43.872: delete node: IP: 140.82.121.6. Number of nodes 19
EtherApe-INFO: 19:08:43.872: delete node: IP: 140.82.121.3. Number of nodes 18
EtherApe-INFO: 19:08:43.872: delete node: IP: 140.82.113.22. Number of nodes 17
EtherApe-INFO: 19:08:44.085: delete node: IP: 149.154.167.223. Number of nodes 16
EtherApe-INFO: 19:08:51.559: delete node: IP: 34.120.208.123. Number of nodes 15
EtherApe-INFO: 19:08:55.526: New node: IP: 89.187.191.12. Number of nodes 16
EtherApe-INFO: 19:09:01.929: New node: IP: 95.216.144.15. Number of nodes 17
EtherApe-INFO: 19:09:51.259: New node: IP: 2.18.103.8. Number of nodes 18
EtherApe-INFO: 19:10:01.755: delete node: IP: 104.81.244.232. Number of nodes 17
EtherApe-INFO: 19:10:03.532: New node: IP: 149.154.167.223. Number of nodes 18
EtherApe-INFO: 19:10:18.726: New node: IP: 140.82.121.4. Number of nodes 19
EtherApe-INFO: 19:10:28.077: delete node: IP: 151.101.1.140. Number of nodes 18
EtherApe-INFO: 19:10:33.707: delete node: IP: 151.101.129.140. Number of nodes 17
EtherApe-INFO: 19:11:03.318: delete node: IP: 95.216.144.15. Number of nodes 16
EtherApe-INFO: 19:11:10.516: delete node: IP: 89.187.191.12. Number of nodes 15
EtherApe-INFO: 19:11:29.135: delete node: IP: 142.250.203.197. Number of nodes 14
EtherApe-INFO: 19:11:29.661: New node: IP: 95.216.195.133. Number of nodes 15
EtherApe-INFO: 19:11:32.059: New node: IP: 52.40.161.235. Number of nodes 16
EtherApe-INFO: 19:11:40.059: New node: IPv6: fe80::9ada:c4ff:febf:99a5. Number of nodes 17
EtherApe-INFO: 19:11:40.059: New node: IPv6: ff02::1. Number of nodes 18
EtherApe-INFO: 19:12:20.100: delete node: IP: 149.154.167.223. Number of nodes 17
EtherApe-INFO: 19:12:20.100: delete node: IP: 140.82.121.4. Number of nodes 16
EtherApe-INFO: 19:12:20.100: delete node: IP: 2.18.103.8. Number of nodes 15
EtherApe-INFO: 19:12:41.660: New node: IP: 104.81.244.232. Number of nodes 16
EtherApe-INFO: 19:13:31.345: delete node: IP: 95.216.195.133. Number of nodes 15
EtherApe-INFO: 19:13:33.234: delete node: IP: 52.40.161.235. Number of nodes 14
EtherApe-INFO: 19:13:41.450: delete node: IPv6: ff02::1. Number of nodes 13
EtherApe-INFO: 19:13:41.450: delete node: IPv6: fe80::9ada:c4ff:febf:99a5. Number of nodes 12
EtherApe-INFO: 19:14:08.860: New node: IP: 34.117.237.239. Number of nodes 13
EtherApe-INFO: 19:14:16.660: delete node: IP: 216.58.208.206. Number of nodes 12
EtherApe-INFO: 19:14:25.393: New node: IP: 142.250.186.206. Number of nodes 13
EtherApe-INFO: 19:14:46.463: New node: IP: 172.217.16.5. Number of nodes 14
EtherApe-INFO: 19:15:01.927: New node: IP: 149.154.167.223. Number of nodes 15
EtherApe-INFO: 19:15:02.031: delete node: IP: 104.81.244.232. Number of nodes 14
EtherApe-INFO: 19:16:29.659: New node: IP: 95.216.195.133. Number of nodes 15
EtherApe-INFO: 19:16:32.327: New node: IP: 52.40.161.235. Number of nodes 16
EtherApe-INFO: 19:17:17.496: delete node: IP: 149.154.167.223. Number of nodes 15
EtherApe-INFO: 19:17:41.660: New node: IP: 104.81.244.232. Number of nodes 16
EtherApe-INFO: 19:18:31.338: delete node: IP: 95.216.195.133. Number of nodes 15
EtherApe-INFO: 19:18:34.463: New node: IP: 216.58.215.106. Number of nodes 16
EtherApe-INFO: 19:18:34.498: delete node: IP: 52.40.161.235. Number of nodes 15
EtherApe-INFO: 19:18:39.526: New node: IP: 198.136.48.164. Number of nodes 16
EtherApe-INFO: 19:18:40.861: New node: IP: 34.120.208.123. Number of nodes 17
EtherApe-INFO: 19:18:41.397: New node: IP: 104.18.10.207. Number of nodes 18
EtherApe-INFO: 19:18:41.660: New node: IP: 104.17.24.14. Number of nodes 19
EtherApe-INFO: 19:18:41.661: New node: IP: 142.250.203.131. Number of nodes 20
EtherApe-INFO: 19:18:42.460: New node: IP: 104.18.11.207. Number of nodes 21
EtherApe-INFO: 19:18:42.993: New node: IP: 142.250.203.138. Number of nodes 22
EtherApe-INFO: 19:18:43.260: New node: IP: 172.217.20.195. Number of nodes 23
EtherApe-INFO: 19:19:02.550: delete node: IP: 34.117.237.239. Number of nodes 22
EtherApe-INFO: 19:19:10.997: New node: IP: 104.17.25.14. Number of nodes 23
EtherApe-INFO: 19:19:12.326: New node: IP: 142.250.186.194. Number of nodes 24
EtherApe-INFO: 19:19:12.327: New node: IP: 216.58.215.78. Number of nodes 25
EtherApe-INFO: 19:19:26.993: New node: IP: 94.130.16.144. Number of nodes 26
EtherApe-INFO: 19:19:28.060: New node: IP: 69.16.175.10. Number of nodes 27
EtherApe-INFO: 19:19:47.793: New node: IPv6: fe80::9ada:c4ff:febf:99a5. Number of nodes 28
EtherApe-INFO: 19:19:47.793: New node: IPv6: ff02::1. Number of nodes 29
EtherApe-INFO: 19:19:58.193: New node: IP: 149.154.167.223. Number of nodes 30
EtherApe-INFO: 19:20:01.940: delete node: IP: 104.81.244.232. Number of nodes 29
EtherApe-INFO: 19:20:23.420: New node: IP: 54.192.231.99. Number of nodes 30
EtherApe-INFO: 19:20:23.687: New node: IP: 108.156.253.168. Number of nodes 31
EtherApe-INFO: 19:20:52.220: New node: IP: 168.235.71.243. Number of nodes 32
EtherApe-INFO: 19:20:52.486: New node: IP: 87.245.216.9. Number of nodes 33
EtherApe-INFO: 19:20:53.021: New node: IP: 34.107.221.82. Number of nodes 34
EtherApe-INFO: 19:21:17.914: delete node: IP: 198.136.48.164. Number of nodes 33
EtherApe-INFO: 19:21:28.753: New node: IP: 54.201.62.176. Number of nodes 34
EtherApe-INFO: 19:21:29.819: New node: IP: 95.216.195.133. Number of nodes 35
EtherApe-INFO: 19:21:29.841: delete node: IP: 172.217.16.5. Number of nodes 34
EtherApe-INFO: 19:21:32.486: New node: IP: 52.40.161.235. Number of nodes 35
EtherApe-INFO: 19:21:33.088: delete node: IP: 94.130.16.144. Number of nodes 34
EtherApe-INFO: 19:21:38.890: New node: IP: 35.186.227.140. Number of nodes 35
EtherApe-INFO: 19:21:49.319: delete node: IPv6: ff02::1. Number of nodes 34
EtherApe-INFO: 19:21:49.319: delete node: IPv6: fe80::9ada:c4ff:febf:99a5. Number of nodes 33
EtherApe-INFO: 19:22:12.220: New node: IP: 140.82.121.3. Number of nodes 34
EtherApe-INFO: 19:22:12.753: New node: IP: 185.199.109.133. Number of nodes 35
EtherApe-INFO: 19:22:22.458: delete node: IP: 149.154.167.223. Number of nodes 34
EtherApe-INFO: 19:22:41.820: New node: IP: 104.81.244.232. Number of nodes 35
EtherApe-INFO: 19:22:59.686: New node: IP: 172.66.43.53. Number of nodes 36
EtherApe-INFO: 19:23:08.521: delete node: IP: 168.235.71.243. Number of nodes 35
EtherApe-INFO: 19:23:08.521: delete node: IP: 142.250.203.131. Number of nodes 34
EtherApe-INFO: 19:23:25.584: delete node: IP: 216.58.215.106. Number of nodes 33
EtherApe-INFO: 19:23:31.493: delete node: IP: 95.216.195.133. Number of nodes 32
EtherApe-INFO: 19:23:32.791: delete node: IP: 104.17.24.14. Number of nodes 31
EtherApe-INFO: 19:23:32.791: delete node: IP: 52.40.161.235. Number of nodes 30
EtherApe-INFO: 19:23:34.625: delete node: IP: 104.18.10.207. Number of nodes 29
EtherApe-INFO: 19:23:38.086: New node: IPv6: fe80::9ada:c4ff:febf:99a5. Number of nodes 30
EtherApe-INFO: 19:23:38.086: New node: IPv6: ff02::1. Number of nodes 31
EtherApe-INFO: 19:23:55.953: New node: IP: 207.241.237.3. Number of nodes 32
EtherApe-INFO: 19:23:59.953: New node: IP: 82.192.95.170. Number of nodes 33
EtherApe-INFO: 19:23:59.953: New node: IP: 178.248.233.33. Number of nodes 34
EtherApe-INFO: 19:23:59.955: New node: IP: 104.26.13.161. Number of nodes 35
EtherApe-INFO: 19:23:59.955: New node: IP: 104.26.12.161. Number of nodes 36
EtherApe-INFO: 19:24:00.223: New node: IP: 172.64.155.188. Number of nodes 37
EtherApe-INFO: 19:24:05.856: delete node: IP: 216.58.215.78. Number of nodes 36
EtherApe-INFO: 19:24:05.857: delete node: IP: 172.217.20.195. Number of nodes 35
EtherApe-INFO: 19:24:05.857: delete node: IP: 142.250.203.138. Number of nodes 34
EtherApe-INFO: 19:24:05.857: delete node: IP: 142.250.186.194. Number of nodes 33
EtherApe-INFO: 19:24:05.857: delete node: IP: 104.18.11.207. Number of nodes 32
EtherApe-INFO: 19:24:05.857: delete node: IP: 104.17.25.14. Number of nodes 31
EtherApe-INFO: 19:24:16.316: delete node: IP: 142.250.186.206. Number of nodes 30
EtherApe-INFO: 19:24:20.565: delete node: IP: 108.156.253.168. Number of nodes 29
EtherApe-INFO: 19:24:20.565: delete node: IP: 69.16.175.10. Number of nodes 28
EtherApe-INFO: 19:24:25.824: New node: IP: 142.250.203.142. Number of nodes 29
EtherApe-INFO: 19:24:33.820: New node: IP: 172.217.16.37. Number of nodes 30
EtherApe-INFO: 19:24:40.281: delete node: IP: 54.201.62.176. Number of nodes 29
EtherApe-INFO: 19:24:46.886: New node: IP: 142.250.203.197. Number of nodes 30
EtherApe-INFO: 19:24:49.380: delete node: IP: 87.245.216.9. Number of nodes 29
EtherApe-INFO: 19:24:49.380: delete node: IP: 34.107.221.82. Number of nodes 28
EtherApe-INFO: 19:24:50.353: New node: IP: 35.82.233.147. Number of nodes 29
EtherApe-INFO: 19:25:16.843: delete node: IP: 54.192.231.99. Number of nodes 28
EtherApe-INFO: 19:25:31.421: New node: IP: 140.82.114.25. Number of nodes 29
EtherApe-INFO: 19:25:38.402: delete node: IPv6: ff02::1. Number of nodes 28
EtherApe-INFO: 19:25:38.402: delete node: IPv6: fe80::9ada:c4ff:febf:99a5. Number of nodes 27
EtherApe-INFO: 19:26:01.820: New node: IP: 35.201.71.192. Number of nodes 28
EtherApe-INFO: 19:26:01.914: delete node: IP: 104.26.12.161. Number of nodes 27
EtherApe-INFO: 19:26:18.887: New node: IP: 142.250.203.138. Number of nodes 28
EtherApe-INFO: 19:26:18.981: delete node: IP: 178.248.233.33. Number of nodes 27
EtherApe-INFO: 19:26:26.620: New node: IP: 172.217.16.42. Number of nodes 28
EtherApe-INFO: 19:26:29.819: New node: IP: 95.216.195.133. Number of nodes 29
EtherApe-INFO: 19:26:31.953: New node: IP: 52.40.161.235. Number of nodes 30
EtherApe-INFO: 19:26:52.753: New node: IP: 23.74.173.138. Number of nodes 31
EtherApe-INFO: 19:27:10.410: delete node: IP: 104.81.244.232. Number of nodes 30
EtherApe-INFO: 19:27:25.553: New node: IP: 91.198.174.192. Number of nodes 31
EtherApe-INFO: 19:27:31.686: New node: IP: 149.154.167.223. Number of nodes 32
EtherApe-INFO: 19:27:31.715: delete node: IP: 140.82.114.26. Number of nodes 31
EtherApe-INFO: 19:27:37.020: New node: IP: 130.14.29.110. Number of nodes 32
EtherApe-INFO: 19:27:50.899: delete node: IP: 172.66.43.53. Number of nodes 31
EtherApe-INFO: 19:27:57.047: delete node: IP: 172.64.155.188. Number of nodes 30
EtherApe-INFO: 19:28:03.778: delete node: IP: 35.201.71.192. Number of nodes 29
EtherApe-INFO: 19:28:09.028: delete node: IP: 185.199.109.133. Number of nodes 28
EtherApe-INFO: 19:28:09.028: delete node: IP: 140.82.121.3. Number of nodes 27
EtherApe-INFO: 19:28:27.977: delete node: IP: 172.217.16.42. Number of nodes 26
EtherApe-INFO: 19:28:30.678: delete node: IP: 95.216.195.133. Number of nodes 25
EtherApe-INFO: 19:28:33.387: delete node: IP: 52.40.161.235. Number of nodes 24
EtherApe-INFO: 19:28:52.256: delete node: IP: 104.26.13.161. Number of nodes 23
EtherApe-INFO: 19:28:52.256: delete node: IP: 82.192.95.170. Number of nodes 22
EtherApe-INFO: 19:29:09.020: New node: IP: 34.117.237.239. Number of nodes 23
EtherApe-INFO: 19:29:13.363: delete node: IP: 23.74.173.138. Number of nodes 22
EtherApe-INFO: 19:29:25.918: delete node: IP: 172.217.16.37. Number of nodes 21
EtherApe-INFO: 19:29:28.486: New node: IP: 91.108.56.145. Number of nodes 22
EtherApe-INFO: 19:29:39.743: delete node: IP: 207.241.237.3. Number of nodes 21
EtherApe-INFO: 19:29:39.743: delete node: IP: 130.14.29.110. Number of nodes 20
EtherApe-INFO: 19:29:44.486: New node: IP: 198.51.233.2. Number of nodes 21
EtherApe-INFO: 19:29:49.332: delete node: IP: 149.154.167.223. Number of nodes 20
EtherApe-INFO: 19:30:01.020: New node: IP: 149.154.167.223. Number of nodes 21
EtherApe-INFO: 19:30:13.553: New node: IP: 162.159.200.1. Number of nodes 22
EtherApe-INFO: 19:31:11.519: delete node: IP: 142.250.203.138. Number of nodes 21
EtherApe-INFO: 19:31:29.823: New node: IP: 95.216.195.133. Number of nodes 22
EtherApe-INFO: 19:31:31.431: delete node: IP: 142.250.203.197. Number of nodes 21
EtherApe-INFO: 19:31:33.286: New node: IP: 52.40.161.235. Number of nodes 22
EtherApe-INFO: 19:31:41.553: New node: IPv6: fe80::9ada:c4ff:febf:99a5. Number of nodes 23
EtherApe-INFO: 19:31:41.553: New node: IPv6: ff02::1. Number of nodes 24
EtherApe-INFO: 19:31:47.164: delete node: IP: 91.108.56.145. Number of nodes 23
EtherApe-INFO: 19:32:14.435: delete node: IP: 162.159.200.1. Number of nodes 22
EtherApe-INFO: 19:32:15.687: New node: IP: 149.154.165.111. Number of nodes 23
EtherApe-INFO: 19:32:35.207: delete node: IP: 142.250.203.206. Number of nodes 22
EtherApe-INFO: 19:33:30.358: delete node: IP: 95.216.195.133. Number of nodes 21
EtherApe-INFO: 19:33:35.474: delete node: IP: 91.198.174.192. Number of nodes 20
EtherApe-INFO: 19:33:35.474: delete node: IP: 52.40.161.235. Number of nodes 19
EtherApe-INFO: 19:33:42.161: delete node: IPv6: ff02::1. Number of nodes 18
EtherApe-INFO: 19:33:42.161: delete node: IPv6: fe80::9ada:c4ff:febf:99a5. Number of nodes 17
EtherApe-INFO: 19:33:43.686: New node: IP: 198.136.48.164. Number of nodes 18
EtherApe-INFO: 19:33:45.021: New node: IP: 104.18.10.207. Number of nodes 19
EtherApe-INFO: 19:33:45.021: New node: IP: 104.18.11.207. Number of nodes 20
EtherApe-INFO: 19:33:45.021: New node: IP: 172.217.16.42. Number of nodes 21
EtherApe-INFO: 19:33:45.022: New node: IP: 104.17.25.14. Number of nodes 22
EtherApe-INFO: 19:33:46.620: New node: IP: 142.250.203.138. Number of nodes 23
EtherApe-INFO: 19:33:46.621: New node: IP: 172.217.20.195. Number of nodes 24
EtherApe-INFO: 19:34:01.631: delete node: IP: 34.117.237.239. Number of nodes 23
EtherApe-INFO: 19:34:03.255: delete node: IP: 35.188.180.52. Number of nodes 22
EtherApe-INFO: 19:34:11.763: delete node: IP: 35.82.233.147. Number of nodes 21
EtherApe-INFO: 19:34:19.471: delete node: IP: 142.250.203.142. Number of nodes 20
EtherApe-INFO: 19:34:26.086: New node: IP: 142.250.203.142. Number of nodes 21
EtherApe-INFO: 19:34:31.775: delete node: IP: 149.154.165.111. Number of nodes 20
EtherApe-INFO: 19:34:47.153: New node: IP: 142.250.75.5. Number of nodes 21
EtherApe-INFO: 19:35:32.853: delete node: IP: 198.51.233.2. Number of nodes 20
EtherApe-INFO: 19:35:46.097: delete node: IP: 104.18.10.207. Number of nodes 19
EtherApe-INFO: 19:35:52.312: delete node: IP: 198.136.48.164. Number of nodes 18
EtherApe-INFO: 19:36:04.277: delete node: IP: 35.186.227.140. Number of nodes 17
EtherApe-INFO: 19:36:29.820: New node: IP: 95.216.195.133. Number of nodes 18
EtherApe-INFO: 19:36:33.553: New node: IP: 52.40.161.235. Number of nodes 19
EtherApe-INFO: 19:37:04.489: New node: IPv6: fe80::9ada:c4ff:febf:99a5. Number of nodes 20
EtherApe-INFO: 19:37:04.489: New node: IPv6: ff02::1. Number of nodes 21
EtherApe-INFO: 19:38:24.325: delete node: IP: 149.154.167.223. Number of nodes 20
EtherApe-INFO: 19:38:31.959: delete node: IP: 95.216.195.133. Number of nodes 19
EtherApe-INFO: 19:38:34.168: delete node: IP: 52.40.161.235. Number of nodes 18
EtherApe-INFO: 19:38:35.232: delete node: IP: 34.120.208.123. Number of nodes 17
EtherApe-INFO: 19:38:38.925: delete node: IP: 172.217.20.195. Number of nodes 16
EtherApe-INFO: 19:38:38.925: delete node: IP: 172.217.16.42. Number of nodes 15
EtherApe-INFO: 19:38:38.925: delete node: IP: 142.250.203.138. Number of nodes 14
EtherApe-INFO: 19:38:38.925: delete node: IP: 104.18.11.207. Number of nodes 13
EtherApe-INFO: 19:38:38.925: delete node: IP: 104.17.25.14. Number of nodes 12
EtherApe-INFO: 19:39:05.112: delete node: IPv6: ff02::1. Number of nodes 11
EtherApe-INFO: 19:39:05.113: delete node: IPv6: fe80::9ada:c4ff:febf:99a5. Number of nodes 10
EtherApe-INFO: 19:39:09.020: New node: IP: 198.136.48.164. Number of nodes 11
EtherApe-INFO: 19:39:10.353: New node: IP: 104.18.11.207. Number of nodes 12
EtherApe-INFO: 19:39:10.354: New node: IP: 104.18.10.207. Number of nodes 13
EtherApe-INFO: 19:39:10.620: New node: IP: 172.217.16.10. Number of nodes 14
EtherApe-INFO: 19:39:10.622: New node: IP: 104.17.25.14. Number of nodes 15
EtherApe-INFO: 19:39:11.953: New node: IP: 216.58.209.2. Number of nodes 16
EtherApe-INFO: 19:39:11.953: New node: IP: 216.58.215.78. Number of nodes 17
EtherApe-INFO: 19:39:12.232: New node: IP: 142.250.203.138. Number of nodes 18
EtherApe-INFO: 19:39:12.241: New node: IP: 172.217.20.195. Number of nodes 19
EtherApe-INFO: 19:39:17.315: delete node: IP: 142.250.203.142. Number of nodes 18
EtherApe-INFO: 19:39:26.086: New node: IP: 142.250.203.142. Number of nodes 19
EtherApe-INFO: 19:41:12.494: delete node: IP: 104.18.11.207. Number of nodes 18
EtherApe-INFO: 19:41:19.170: delete node: IP: 198.136.48.164. Number of nodes 17
EtherApe-INFO: 19:41:29.820: New node: IP: 95.216.195.133. Number of nodes 18
EtherApe-INFO: 19:41:33.553: New node: IP: 52.40.161.235. Number of nodes 19
EtherApe-INFO: 19:41:43.232: delete node: IP: 142.250.75.5. Number of nodes 18
EtherApe-INFO: 19:42:06.623: New node: IP: 198.136.48.164. Number of nodes 19
EtherApe-INFO: 19:42:07.953: New node: IP: 104.18.11.207. Number of nodes 20
EtherApe-INFO: 19:42:08.486: New node: IP: 216.58.215.106. Number of nodes 21
EtherApe-INFO: 19:42:08.487: New node: IP: 172.217.16.35. Number of nodes 22
EtherApe-INFO: 19:42:22.619: New node: IP: 104.17.24.14. Number of nodes 23
EtherApe-INFO: 19:43:08.219: New node: IP: 149.154.167.223. Number of nodes 24
EtherApe-INFO: 19:43:31.731: delete node: IP: 95.216.195.133. Number of nodes 23
EtherApe-INFO: 19:43:34.412: delete node: IP: 52.40.161.235. Number of nodes 22
EtherApe-INFO: 19:43:58.620: New node: IP: 34.120.208.123. Number of nodes 23
EtherApe-INFO: 19:44:04.783: delete node: IP: 216.58.215.78. Number of nodes 22
EtherApe-INFO: 19:44:04.784: delete node: IP: 216.58.209.2. Number of nodes 21
EtherApe-INFO: 19:44:04.784: delete node: IP: 172.217.20.195. Number of nodes 20
EtherApe-INFO: 19:44:04.784: delete node: IP: 172.217.16.10. Number of nodes 19
EtherApe-INFO: 19:44:04.784: delete node: IP: 104.18.10.207. Number of nodes 18
EtherApe-INFO: 19:44:04.784: delete node: IP: 104.17.25.14. Number of nodes 17
EtherApe-INFO: 19:44:09.020: New node: IP: 34.117.237.239. Number of nodes 18
EtherApe-INFO: 19:44:10.353: New node: IP: 104.18.10.207. Number of nodes 19
EtherApe-INFO: 19:44:10.625: New node: IP: 104.17.25.14. Number of nodes 20
EtherApe-INFO: 19:44:11.956: New node: IP: 172.217.16.34. Number of nodes 21
EtherApe-INFO: 19:44:11.956: New node: IP: 172.217.20.174. Number of nodes 22
EtherApe-INFO: 19:44:41.286: New node: IPv6: fe80::9ada:c4ff:febf:99a5. Number of nodes 23
EtherApe-INFO: 19:44:41.287: New node: IPv6: ff02::1. Number of nodes 24
EtherApe-INFO: 19:44:47.420: New node: IP: 142.250.203.197. Number of nodes 25
EtherApe-INFO: 19:44:53.553: New node: IP: 199.232.16.193. Number of nodes 26
EtherApe-INFO: 19:45:43.245: delete node: IP: 149.154.167.223. Number of nodes 25
EtherApe-INFO: 19:46:24.753: New node: IP: 172.217.20.195. Number of nodes 26
EtherApe-INFO: 19:46:29.553: New node: IP: 216.58.209.14. Number of nodes 27
EtherApe-INFO: 19:46:29.822: New node: IP: 95.216.195.133. Number of nodes 28
EtherApe-INFO: 19:46:30.362: New node: IP: 216.58.215.74. Number of nodes 29
EtherApe-INFO: 19:46:31.153: New node: IP: 172.217.16.3. Number of nodes 30
EtherApe-INFO: 19:46:31.425: New node: IP: 216.58.215.69. Number of nodes 31
EtherApe-INFO: 19:46:31.425: New node: IP: 172.217.16.4. Number of nodes 32
EtherApe-INFO: 19:46:31.687: New node: IP: 142.250.186.193. Number of nodes 33
EtherApe-INFO: 19:46:31.954: New node: IP: 216.58.215.66. Number of nodes 34
EtherApe-INFO: 19:46:32.487: New node: IP: 172.217.16.33. Number of nodes 35
EtherApe-INFO: 19:46:33.819: New node: IP: 52.40.161.235. Number of nodes 36
EtherApe-INFO: 19:46:37.553: New node: IP: 172.217.20.161. Number of nodes 37
EtherApe-INFO: 19:46:37.554: New node: IP: 216.58.208.193. Number of nodes 38
EtherApe-INFO: 19:46:41.883: delete node: IPv6: ff02::1. Number of nodes 37
EtherApe-INFO: 19:46:41.883: delete node: IPv6: fe80::9ada:c4ff:febf:99a5. Number of nodes 36
EtherApe-INFO: 19:46:42.360: New node: IP: 142.250.75.1. Number of nodes 37
EtherApe-INFO: 19:47:09.819: New node: IP: 185.199.111.154. Number of nodes 38
EtherApe-INFO: 19:47:09.820: New node: IP: 185.199.108.133. Number of nodes 39
EtherApe-INFO: 19:47:09.820: New node: IP: 140.82.121.4. Number of nodes 40
EtherApe-INFO: 19:47:10.620: New node: IP: 140.82.121.6. Number of nodes 41
EtherApe-INFO: 19:47:11.953: New node: IP: 140.82.114.21. Number of nodes 42
