(etherape:1711): GLib-GIO-DEBUG: 16:00:25.107: _g_io_module_get_default: Found default implementation local (GLocalVfs) for ‘gio-vfs’
EtherApe-INFO: 16:00:25.285: sctp protocol not supported
EtherApe-INFO: 16:00:25.285: dccp protocol not supported
EtherApe-INFO: 16:00:25.285: sctp protocol not supported
EtherApe-INFO: 16:00:25.285: sctp protocol not supported
EtherApe-INFO: 16:00:25.285: sctp protocol not supported
EtherApe-INFO: 16:00:25.285: sctp protocol not supported
EtherApe-INFO: 16:00:25.285: sctp protocol not supported
EtherApe-INFO: 16:00:25.286: sctp protocol not supported
EtherApe-INFO: 16:00:25.286: sctp protocol not supported
EtherApe-INFO: 16:00:25.286: dccp protocol not supported
EtherApe-INFO: 16:00:25.286: sctp protocol not supported
EtherApe-INFO: 16:00:25.286: dccp protocol not supported
EtherApe-INFO: 16:00:25.286: dccp protocol not supported
EtherApe-INFO: 16:00:25.286: sctp protocol not supported
EtherApe-INFO: 16:00:25.287: sctp protocol not supported
EtherApe-INFO: 16:00:25.287: sctp protocol not supported
EtherApe-INFO: 16:00:25.287: sctp protocol not supported
EtherApe-INFO: 16:00:25.288: sctp protocol not supported
EtherApe-INFO: 16:00:25.288: sctp protocol not supported
EtherApe-INFO: 16:00:25.288: sctp protocol not supported
EtherApe-INFO: 16:00:25.289: sctp protocol not supported
EtherApe-INFO: 16:00:25.289: sctp protocol not supported
EtherApe-INFO: 16:00:25.289: sctp protocol not supported
EtherApe-INFO: 16:00:25.289: sctp protocol not supported
EtherApe-INFO: 16:00:25.290: sctp protocol not supported
EtherApe-INFO: 16:00:25.290: sctp protocol not supported
EtherApe-INFO: 16:00:25.290: sctp protocol not supported
EtherApe-INFO: 16:00:25.290: sctp protocol not supported
EtherApe-INFO: 16:00:25.290: dccp protocol not supported
EtherApe-INFO: 16:00:25.290: sctp protocol not supported
EtherApe-INFO: 16:00:25.290: sctp protocol not supported
EtherApe-INFO: 16:00:25.290: dccp protocol not supported
EtherApe-INFO: 16:00:25.290: sctp protocol not supported
EtherApe-INFO: 16:00:25.290: sctp protocol not supported
EtherApe-INFO: 16:00:25.290: sctp protocol not supported
EtherApe-INFO: 16:00:25.290: dccp protocol not supported
EtherApe-INFO: 16:00:25.290: dccp protocol not supported
EtherApe-INFO: 16:00:25.290: sctp protocol not supported
EtherApe-INFO: 16:00:25.291: sctp protocol not supported
EtherApe-INFO: 16:00:25.291: sctp protocol not supported
EtherApe-INFO: 16:00:25.291: sctp protocol not supported
EtherApe-INFO: 16:00:25.291: sctp protocol not supported
EtherApe-INFO: 16:00:25.291: sctp protocol not supported
EtherApe-INFO: 16:00:25.291: sctp protocol not supported
EtherApe-INFO: 16:00:25.291: sctp protocol not supported
EtherApe-INFO: 16:00:25.291: sctp protocol not supported
EtherApe-INFO: 16:00:25.291: sctp protocol not supported
EtherApe-INFO: 16:00:25.291: sctp protocol not supported
EtherApe-INFO: 16:00:25.291: sctp protocol not supported
EtherApe-INFO: 16:00:25.291: sctp protocol not supported
EtherApe-INFO: 16:00:25.291: dccp protocol not supported
EtherApe-INFO: 16:00:25.291: sctp protocol not supported
EtherApe-INFO: 16:00:25.291: sctp protocol not supported
EtherApe-INFO: 16:00:25.291: sctp protocol not supported
EtherApe-INFO: 16:00:25.291: sctp protocol not supported
EtherApe-INFO: 16:00:25.291: sctp protocol not supported
EtherApe-INFO: 16:00:25.292: sctp protocol not supported
EtherApe-INFO: 16:00:25.292: sctp protocol not supported
EtherApe-INFO: 16:00:25.292: sctp protocol not supported
EtherApe-INFO: 16:00:25.292: sctp protocol not supported
EtherApe-INFO: 16:00:25.292: sctp protocol not supported
EtherApe-INFO: 16:00:25.292: sctp protocol not supported
EtherApe-INFO: 16:00:25.292: sctp protocol not supported
EtherApe-INFO: 16:00:25.292: sctp protocol not supported
EtherApe-INFO: 16:00:25.292: sctp protocol not supported
EtherApe-INFO: 16:00:25.292: sctp protocol not supported
EtherApe-INFO: 16:00:25.292: sctp protocol not supported
EtherApe-INFO: 16:00:25.292: sctp protocol not supported
EtherApe-INFO: 16:00:25.292: sctp protocol not supported
EtherApe-INFO: 16:00:25.292: sctp protocol not supported
EtherApe-INFO: 16:00:25.293: sctp protocol not supported
EtherApe-INFO: 16:00:25.293: sctp protocol not supported
EtherApe-INFO: 16:00:25.293: sctp protocol not supported
EtherApe-INFO: 16:00:25.293: sctp protocol not supported
EtherApe-INFO: 16:00:25.293: sctp protocol not supported
EtherApe-INFO: 16:00:25.293: sctp protocol not supported
EtherApe-INFO: 16:00:25.293: sctp protocol not supported
EtherApe-INFO: 16:00:25.293: sctp protocol not supported
EtherApe-INFO: 16:00:25.293: sctp protocol not supported
EtherApe-INFO: 16:00:25.293: sctp protocol not supported
EtherApe-INFO: 16:00:25.293: sctp protocol not supported
EtherApe-INFO: 16:00:25.293: sctp protocol not supported
EtherApe-INFO: 16:00:25.293: sctp protocol not supported
EtherApe-INFO: 16:00:25.293: sctp protocol not supported
EtherApe-INFO: 16:00:25.293: sctp protocol not supported
EtherApe-INFO: 16:00:25.293: sctp protocol not supported
EtherApe-INFO: 16:00:25.293: sctp protocol not supported
EtherApe-INFO: 16:00:25.367: get_interface result: ''
EtherApe-INFO: 16:00:25.367: Available interfaces for capture: dbus-session dbus-system nfqueue nflog bluetooth-monitor wlp3s0 lo any enp0s25
EtherApe-INFO: 16:00:25.384: Link type is LINUX_SLL
EtherApe-INFO: 16:00:25.385: Diagram started
EtherApe-INFO: 16:00:25.638: New node: IP: 192.168.2.227. Number of nodes 1
EtherApe-INFO: 16:00:25.638: New node: IP: 216.58.209.14. Number of nodes 2
EtherApe-INFO: 16:00:25.639: New node: IP: 172.64.155.188. Number of nodes 3
EtherApe-INFO: 16:00:25.639: New node: IP: 104.16.248.249. Number of nodes 4
EtherApe-INFO: 16:00:25.639: New node: IP: 142.250.203.202. Number of nodes 5
EtherApe-INFO: 16:00:25.640: New node: IP: 142.250.186.202. Number of nodes 6
EtherApe-INFO: 16:00:25.640: New node: IP: 142.250.203.138. Number of nodes 7
EtherApe-INFO: 16:00:25.642: New node: IP: 15.188.95.229. Number of nodes 8
EtherApe-INFO: 16:00:25.905: New node: IP: 142.0.165.137. Number of nodes 9
EtherApe-INFO: 16:00:25.905: New node: IP: 172.217.16.37. Number of nodes 10
EtherApe-INFO: 16:00:25.906: New node: IP: 93.184.220.29. Number of nodes 11
EtherApe-INFO: 16:00:26.438: New node: IP: 142.250.203.142. Number of nodes 12
EtherApe-INFO: 16:00:26.705: New node: IP: 104.81.244.232. Number of nodes 13
EtherApe-INFO: 16:00:26.971: New node: IP: 149.154.167.223. Number of nodes 14
EtherApe-INFO: 16:00:28.307: New node: IP: 192.168.2.1. Number of nodes 15
EtherApe-INFO: 16:00:28.571: New node: IP: 149.154.167.51. Number of nodes 16
EtherApe-INFO: 16:00:28.838: New node: IP: 216.58.215.99. Number of nodes 17
EtherApe-INFO: 16:00:29.904: New node: IP: 34.107.221.82. Number of nodes 18
EtherApe-INFO: 16:00:29.907: New node: IP: 142.250.186.206. Number of nodes 19
EtherApe-INFO: 16:00:30.171: New node: IP: 18.66.248.55. Number of nodes 20
EtherApe-INFO: 16:00:31.505: New node: IP: 87.245.216.9. Number of nodes 21
EtherApe-INFO: 16:00:33.904: New node: IP: 54.187.105.247. Number of nodes 22
EtherApe-INFO: 16:00:33.905: New node: IP: 54.149.167.124. Number of nodes 23
EtherApe-INFO: 16:00:33.905: New node: IP: 192.198.164.71. Number of nodes 24
EtherApe-INFO: 16:00:34.972: New node: IP: 2.23.108.247. Number of nodes 25
EtherApe-INFO: 16:00:35.772: New node: IP: 23.197.104.98. Number of nodes 26
EtherApe-INFO: 16:00:40.571: New node: IP: 142.250.186.193. Number of nodes 27
EtherApe-INFO: 16:00:43.508: New node: IP: 108.177.15.189. Number of nodes 28
EtherApe-INFO: 16:00:52.038: New node: IPv6: fe80::9ada:c4ff:febf:99a5. Number of nodes 29
EtherApe-INFO: 16:00:52.038: New node: IPv6: ff02::1. Number of nodes 30
EtherApe-INFO: 16:00:57.906: New node: IP: 172.217.16.10. Number of nodes 31
EtherApe-INFO: 16:01:00.038: New node: IP: 162.159.200.1. Number of nodes 32
EtherApe-INFO: 16:01:08.038: New node: IP: 104.16.249.249. Number of nodes 33
EtherApe-INFO: 16:01:08.838: New node: IP: 18.66.139.97. Number of nodes 34
EtherApe-INFO: 16:01:08.838: New node: IP: 172.217.16.36. Number of nodes 35
EtherApe-INFO: 16:01:09.105: New node: IP: 34.120.208.123. Number of nodes 36
EtherApe-INFO: 16:01:09.371: New node: IP: 172.217.20.195. Number of nodes 37
EtherApe-INFO: 16:01:09.638: New node: IP: 34.117.237.239. Number of nodes 38
EtherApe-INFO: 16:01:10.176: New node: IP: 172.217.16.3. Number of nodes 39
EtherApe-INFO: 16:01:10.439: New node: IP: 216.58.208.206. Number of nodes 40
EtherApe-INFO: 16:01:10.446: New node: IP: 216.58.208.194. Number of nodes 41
EtherApe-INFO: 16:01:10.447: New node: IP: 15.236.176.210. Number of nodes 42
EtherApe-INFO: 16:01:10.706: New node: IP: 172.217.20.162. Number of nodes 43
EtherApe-INFO: 16:01:10.972: New node: IP: 142.250.75.2. Number of nodes 44
EtherApe-INFO: 16:01:11.789: New node: IP: 104.18.13.33. Number of nodes 45
EtherApe-INFO: 16:01:11.790: New node: IP: 140.82.121.5. Number of nodes 46
EtherApe-INFO: 16:01:11.790: New node: IP: 140.82.114.22. Number of nodes 47
EtherApe-INFO: 16:01:12.838: New node: IP: 185.199.109.133. Number of nodes 48
EtherApe-INFO: 16:01:12.838: New node: IP: 104.17.24.14. Number of nodes 49
EtherApe-INFO: 16:01:12.838: New node: IP: 140.82.121.3. Number of nodes 50
EtherApe-INFO: 16:01:13.638: New node: IP: 65.9.63.73. Number of nodes 51
EtherApe-INFO: 16:01:13.918: New node: IP: 140.82.112.26. Number of nodes 52
EtherApe-INFO: 16:01:14.438: New node: IP: 172.217.16.14. Number of nodes 53
EtherApe-INFO: 16:01:14.705: New node: IP: 172.217.20.174. Number of nodes 54
EtherApe-INFO: 16:01:14.705: New node: IP: 35.186.227.140. Number of nodes 55
EtherApe-INFO: 16:01:14.705: New node: IP: 52.208.4.43. Number of nodes 56
EtherApe-INFO: 16:01:15.506: New node: IP: 104.21.7.29. Number of nodes 57
EtherApe-INFO: 16:01:16.038: New node: IP: 172.67.135.171. Number of nodes 58
EtherApe-INFO: 16:01:16.838: New node: IP: 172.217.16.35. Number of nodes 59
EtherApe-INFO: 16:01:17.105: New node: IP: 192.0.73.2. Number of nodes 60
EtherApe-INFO: 16:01:17.375: New node: IP: 172.217.16.45. Number of nodes 61
EtherApe-INFO: 16:01:19.771: New node: IP: 172.217.20.165. Number of nodes 62
EtherApe-INFO: 16:01:20.838: New node: IP: 216.58.215.110. Number of nodes 63
EtherApe-INFO: 16:01:39.238: New node: IP: 185.199.110.154. Number of nodes 64
EtherApe-INFO: 16:02:07.772: New node: IP: 151.101.1.140. Number of nodes 65
EtherApe-INFO: 16:02:08.571: New node: IP: 151.101.193.140. Number of nodes 66
EtherApe-INFO: 16:02:08.841: New node: IP: 151.101.129.140. Number of nodes 67
EtherApe-INFO: 16:02:10.441: New node: IP: 151.101.65.140. Number of nodes 68
EtherApe-INFO: 16:02:11.241: New node: IP: 3.94.231.48. Number of nodes 69
EtherApe-INFO: 16:02:11.505: New node: IP: 172.217.16.40. Number of nodes 70
EtherApe-INFO: 16:02:29.672: delete node: IP: 142.250.186.202. Number of nodes 69
EtherApe-INFO: 16:02:35.044: delete node: IP: 104.81.244.232. Number of nodes 68
EtherApe-INFO: 16:02:35.611: delete node: IP: 2.23.108.247. Number of nodes 67
EtherApe-INFO: 16:02:36.418: delete node: IP: 23.197.104.98. Number of nodes 66
EtherApe-INFO: 16:02:51.867: delete node: IP: 15.188.95.229. Number of nodes 65
EtherApe-INFO: 16:02:53.992: delete node: IPv6: ff02::1. Number of nodes 64
EtherApe-INFO: 16:02:53.992: delete node: IPv6: fe80::9ada:c4ff:febf:99a5. Number of nodes 63
EtherApe-INFO: 16:03:00.411: delete node: IP: 162.159.200.1. Number of nodes 62
EtherApe-INFO: 16:03:08.305: New node: IP: 162.159.200.1. Number of nodes 63
EtherApe-INFO: 16:03:14.272: delete node: IP: 54.187.105.247. Number of nodes 62
EtherApe-INFO: 16:03:14.272: delete node: IP: 54.149.167.124. Number of nodes 61
EtherApe-INFO: 16:03:16.395: delete node: IP: 172.67.135.171. Number of nodes 60
EtherApe-INFO: 16:03:17.393: delete node: IP: 142.250.203.138. Number of nodes 59
EtherApe-INFO: 16:03:34.261: delete node: IP: 172.217.16.3. Number of nodes 58
EtherApe-INFO: 16:03:41.422: delete node: IP: 15.236.176.210. Number of nodes 57
EtherApe-INFO: 16:03:52.125: delete node: IP: 192.0.73.2. Number of nodes 56
EtherApe-INFO: 16:03:56.871: delete node: IP: 216.58.208.206. Number of nodes 55
EtherApe-INFO: 16:03:56.871: delete node: IP: 216.58.208.194. Number of nodes 54
EtherApe-INFO: 16:04:01.432: delete node: IP: 172.217.16.14. Number of nodes 53
EtherApe-INFO: 16:04:03.851: delete node: IP: 149.154.167.223. Number of nodes 52
EtherApe-INFO: 16:04:06.522: delete node: IP: 87.245.216.9. Number of nodes 51
EtherApe-INFO: 16:04:07.517: delete node: IP: 18.66.248.55. Number of nodes 50
EtherApe-INFO: 16:04:09.396: delete node: IP: 192.198.164.71. Number of nodes 49
EtherApe-INFO: 16:04:09.396: delete node: IP: 172.217.16.36. Number of nodes 48
EtherApe-INFO: 16:04:11.597: delete node: IP: 172.64.155.188. Number of nodes 47
EtherApe-INFO: 16:04:11.597: delete node: IP: 151.101.65.140. Number of nodes 46
EtherApe-INFO: 16:04:11.812: delete node: IP: 93.184.220.29. Number of nodes 45
EtherApe-INFO: 16:04:12.043: delete node: IP: 172.217.16.40. Number of nodes 44
EtherApe-INFO: 16:04:12.043: delete node: IP: 142.0.165.137. Number of nodes 43
EtherApe-INFO: 16:04:14.482: delete node: IP: 172.217.16.45. Number of nodes 42
EtherApe-INFO: 16:04:20.839: New node: IP: 95.216.195.133. Number of nodes 43
EtherApe-INFO: 16:04:33.904: New node: IP: 91.108.56.145. Number of nodes 44
EtherApe-INFO: 16:04:34.174: New node: IP: 149.154.167.223. Number of nodes 45
EtherApe-INFO: 16:04:34.175: New node: IP: 149.154.165.111. Number of nodes 46
EtherApe-INFO: 16:04:44.998: New node: IP: 0.0.0.0. Number of nodes 47
EtherApe-INFO: 16:04:44.998: New node: IP: 255.255.255.255. Number of nodes 48
EtherApe-INFO: 16:04:44.998: New node: IP: 192.168.2.132. Number of nodes 49
EtherApe-INFO: 16:04:46.331: New node: IP: 34.210.39.83. Number of nodes 50
EtherApe-INFO: 16:04:59.398: New node: IP: 172.217.16.4. Number of nodes 51
EtherApe-INFO: 16:05:00.198: New node: IP: 142.250.203.131. Number of nodes 52
EtherApe-INFO: 16:05:00.569: delete node: IP: 18.66.139.97. Number of nodes 51
EtherApe-INFO: 16:05:00.731: New node: IP: 216.58.215.98. Number of nodes 52
EtherApe-INFO: 16:05:03.957: delete node: IP: 104.18.13.33. Number of nodes 51
EtherApe-INFO: 16:05:03.957: delete node: IP: 34.117.237.239. Number of nodes 50
EtherApe-INFO: 16:05:04.202: New node: IP: 172.217.16.46. Number of nodes 51
EtherApe-INFO: 16:05:04.465: New node: IP: 142.250.186.195. Number of nodes 52
EtherApe-INFO: 16:05:04.508: delete node: IP: 104.17.24.14. Number of nodes 51
EtherApe-INFO: 16:05:04.732: New node: IP: 34.117.237.239. Number of nodes 52
EtherApe-INFO: 16:05:05.615: delete node: IP: 65.9.63.73. Number of nodes 51
EtherApe-INFO: 16:05:07.686: delete node: IP: 172.217.20.174. Number of nodes 50
EtherApe-INFO: 16:05:07.686: delete node: IP: 142.250.186.206. Number of nodes 49
EtherApe-INFO: 16:05:07.686: delete node: IP: 52.208.4.43. Number of nodes 48
EtherApe-INFO: 16:05:07.687: delete node: IP: 35.186.227.140. Number of nodes 47
EtherApe-INFO: 16:05:11.202: delete node: IP: 162.159.200.1. Number of nodes 46
EtherApe-INFO: 16:05:13.604: delete node: IP: 216.58.215.110. Number of nodes 45
EtherApe-INFO: 16:05:13.604: delete node: IP: 172.217.20.165. Number of nodes 44
EtherApe-INFO: 16:05:16.560: delete node: IP: 142.250.203.202. Number of nodes 43
EtherApe-INFO: 16:05:18.962: delete node: IP: 142.250.203.142. Number of nodes 42
EtherApe-INFO: 16:06:00.797: delete node: IP: 172.217.20.195. Number of nodes 41
EtherApe-INFO: 16:06:00.797: delete node: IP: 34.120.208.123. Number of nodes 40
EtherApe-INFO: 16:06:02.102: delete node: IP: 172.217.20.162. Number of nodes 39
EtherApe-INFO: 16:06:06.613: delete node: IP: 104.21.7.29. Number of nodes 38
EtherApe-INFO: 16:06:24.465: New node: IP: 172.217.16.5. Number of nodes 39
EtherApe-INFO: 16:06:30.885: delete node: IP: 185.199.110.154. Number of nodes 38
EtherApe-INFO: 16:06:30.886: delete node: IP: 185.199.109.133. Number of nodes 37
EtherApe-INFO: 16:06:30.886: delete node: IP: 140.82.121.5. Number of nodes 36
EtherApe-INFO: 16:06:30.886: delete node: IP: 140.82.121.3. Number of nodes 35
EtherApe-INFO: 16:06:30.886: delete node: IP: 140.82.114.22. Number of nodes 34
EtherApe-INFO: 16:06:45.638: delete node: IP: 255.255.255.255. Number of nodes 33
EtherApe-INFO: 16:06:45.638: delete node: IP: 0.0.0.0. Number of nodes 32
EtherApe-INFO: 16:06:50.684: delete node: IP: 192.168.2.132. Number of nodes 31
EtherApe-INFO: 16:06:50.684: delete node: IP: 149.154.165.111. Number of nodes 30
EtherApe-INFO: 16:06:50.684: delete node: IP: 95.216.195.133. Number of nodes 29
EtherApe-INFO: 16:06:52.520: delete node: IP: 91.108.56.145. Number of nodes 28
EtherApe-INFO: 16:06:52.740: delete node: IP: 149.154.167.223. Number of nodes 27
EtherApe-INFO: 16:07:01.543: delete node: IP: 216.58.215.99. Number of nodes 26
EtherApe-INFO: 16:07:01.544: delete node: IP: 216.58.215.98. Number of nodes 25
EtherApe-INFO: 16:07:01.544: delete node: IP: 172.217.16.37. Number of nodes 24
EtherApe-INFO: 16:07:01.544: delete node: IP: 3.94.231.48. Number of nodes 23
EtherApe-INFO: 16:07:02.081: delete node: IP: 151.101.129.140. Number of nodes 22
EtherApe-INFO: 16:07:04.567: delete node: IP: 142.250.186.193. Number of nodes 21
EtherApe-INFO: 16:07:05.618: delete node: IP: 151.101.193.140. Number of nodes 20
EtherApe-INFO: 16:07:14.114: delete node: IP: 34.210.39.83. Number of nodes 19
EtherApe-INFO: 16:07:18.864: New node: IP: 0.0.0.0. Number of nodes 20
EtherApe-INFO: 16:07:18.864: New node: IP: 255.255.255.255. Number of nodes 21
EtherApe-INFO: 16:07:24.464: New node: IP: 162.159.200.1. Number of nodes 22
EtherApe-INFO: 16:08:03.131: New node: IP: 149.154.167.223. Number of nodes 23
EtherApe-INFO: 16:08:50.348: delete node: IP: 34.107.221.82. Number of nodes 22
EtherApe-INFO: 16:09:20.731: New node: IP: 95.216.195.133. Number of nodes 23
EtherApe-INFO: 16:09:20.770: delete node: IP: 255.255.255.255. Number of nodes 22
EtherApe-INFO: 16:09:20.770: delete node: IP: 0.0.0.0. Number of nodes 21
EtherApe-INFO: 16:09:25.532: New node: IP: 142.250.75.5. Number of nodes 22
EtherApe-INFO: 16:09:25.568: delete node: IP: 162.159.200.1. Number of nodes 21
EtherApe-INFO: 16:09:41.532: New node: IP: 142.250.186.206. Number of nodes 22
EtherApe-INFO: 16:09:50.921: delete node: IP: 172.217.16.35. Number of nodes 21
EtherApe-INFO: 16:09:50.921: delete node: IP: 151.101.1.140. Number of nodes 20
EtherApe-INFO: 16:09:50.921: delete node: IP: 142.250.203.131. Number of nodes 19
EtherApe-INFO: 16:09:53.558: delete node: IP: 142.250.75.2. Number of nodes 18
EtherApe-INFO: 16:09:57.828: delete node: IP: 172.217.16.46. Number of nodes 17
EtherApe-INFO: 16:09:57.828: delete node: IP: 34.117.237.239. Number of nodes 16
EtherApe-INFO: 16:10:07.932: New node: IP: 104.81.244.232. Number of nodes 17
EtherApe-INFO: 16:10:13.798: New node: IP: 34.210.39.83. Number of nodes 18
EtherApe-INFO: 16:10:20.999: New node: IPv6: fe80::9ada:c4ff:febf:99a5. Number of nodes 19
EtherApe-INFO: 16:10:20.999: New node: IPv6: ff02::1. Number of nodes 20
EtherApe-INFO: 16:11:17.019: delete node: IP: 172.217.16.5. Number of nodes 19
EtherApe-INFO: 16:11:22.644: delete node: IP: 172.217.16.4. Number of nodes 18
EtherApe-INFO: 16:11:22.644: delete node: IP: 95.216.195.133. Number of nodes 17
EtherApe-INFO: 16:11:31.969: delete node: IP: 216.58.209.14. Number of nodes 16
EtherApe-INFO: 16:12:13.841: delete node: IP: 149.154.167.223. Number of nodes 15
EtherApe-INFO: 16:12:13.841: delete node: IP: 34.210.39.83. Number of nodes 14
EtherApe-INFO: 16:12:26.120: delete node: IPv6: ff02::1. Number of nodes 13
EtherApe-INFO: 16:12:26.120: delete node: IPv6: fe80::9ada:c4ff:febf:99a5. Number of nodes 12
EtherApe-INFO: 16:12:29.093: delete node: IP: 104.81.244.232. Number of nodes 11
EtherApe-INFO: 16:12:30.068: New node: IP: 149.154.167.223. Number of nodes 12
EtherApe-INFO: 16:12:42.758: New node: IP: 142.250.203.142. Number of nodes 13
EtherApe-INFO: 16:14:20.663: delete node: IP: 142.250.186.206. Number of nodes 12
EtherApe-INFO: 16:14:20.891: New node: IP: 95.216.195.133. Number of nodes 13
EtherApe-INFO: 16:15:08.091: New node: IP: 104.81.244.232. Number of nodes 14
EtherApe-INFO: 16:15:13.958: New node: IP: 34.210.39.83. Number of nodes 15
EtherApe-INFO: 16:15:23.828: New node: IP: 216.58.209.10. Number of nodes 16
EtherApe-INFO: 16:15:23.911: delete node: IP: 149.154.167.223. Number of nodes 15
EtherApe-INFO: 16:15:56.891: New node: IP: 162.159.200.1. Number of nodes 16
EtherApe-INFO: 16:16:09.958: New node: IP: 91.108.56.145. Number of nodes 17
EtherApe-INFO: 16:16:22.814: delete node: IP: 95.216.195.133. Number of nodes 16
EtherApe-INFO: 16:17:06.758: New node: IP: 149.154.167.223. Number of nodes 17
EtherApe-INFO: 16:17:14.843: delete node: IP: 34.210.39.83. Number of nodes 16
EtherApe-INFO: 16:17:17.781: delete node: IP: 142.250.75.5. Number of nodes 15
EtherApe-INFO: 16:17:27.825: New node: IP: 172.217.16.5. Number of nodes 16
EtherApe-INFO: 16:17:28.441: delete node: IP: 104.81.244.232. Number of nodes 15
EtherApe-INFO: 16:17:56.988: delete node: IP: 162.159.200.1. Number of nodes 14
EtherApe-INFO: 16:18:26.510: delete node: IP: 91.108.56.145. Number of nodes 13
EtherApe-INFO: 16:19:20.891: New node: IP: 95.216.195.133. Number of nodes 14
EtherApe-INFO: 16:19:23.579: delete node: IP: 149.154.167.223. Number of nodes 13
EtherApe-INFO: 16:19:39.291: New node: IPv6: fe80::9ada:c4ff:febf:99a5. Number of nodes 14
EtherApe-INFO: 16:19:39.291: New node: IPv6: ff02::1. Number of nodes 15
EtherApe-INFO: 16:20:04.891: New node: IP: 34.117.237.239. Number of nodes 16
EtherApe-INFO: 16:20:08.358: New node: IP: 104.81.244.232. Number of nodes 17
EtherApe-INFO: 16:20:14.224: New node: IP: 34.210.39.83. Number of nodes 18
EtherApe-INFO: 16:20:15.334: delete node: IP: 216.58.209.10. Number of nodes 17
EtherApe-INFO: 16:20:26.491: New node: IP: 149.154.167.223. Number of nodes 18
EtherApe-INFO: 16:21:21.966: delete node: IP: 95.216.195.133. Number of nodes 17
EtherApe-INFO: 16:21:39.844: delete node: IPv6: ff02::1. Number of nodes 16
EtherApe-INFO: 16:21:39.844: delete node: IPv6: fe80::9ada:c4ff:febf:99a5. Number of nodes 15
EtherApe-INFO: 16:22:15.044: delete node: IP: 34.210.39.83. Number of nodes 14
EtherApe-INFO: 16:22:27.292: New node: IP: 172.217.16.36. Number of nodes 15
EtherApe-INFO: 16:22:28.689: delete node: IP: 104.81.244.232. Number of nodes 14
EtherApe-INFO: 16:22:41.691: New node: IP: 149.154.165.111. Number of nodes 15
EtherApe-INFO: 16:22:44.891: New node: IP: 91.108.56.145. Number of nodes 16
EtherApe-INFO: 16:23:27.878: New node: IP: 192.168.1.1. Number of nodes 17
EtherApe-INFO: 16:23:54.011: New node: IP: 149.154.167.50. Number of nodes 18
EtherApe-INFO: 16:24:17.744: New node: IP: 149.154.175.100. Number of nodes 19
EtherApe-INFO: 16:24:17.745: New node: IP: 127.0.0.1. Number of nodes 20
EtherApe-INFO: 16:24:20.948: New node: IP: 95.216.195.133. Number of nodes 21
EtherApe-INFO: 16:24:25.744: New node: IP: 149.154.167.92. Number of nodes 22
EtherApe-INFO: 16:24:41.744: New node: IP: 149.154.175.57. Number of nodes 23
EtherApe-INFO: 16:24:41.745: New node: IP: 149.154.175.54. Number of nodes 24
EtherApe-INFO: 16:24:55.897: delete node: IP: 34.117.237.239. Number of nodes 23
EtherApe-INFO: 16:24:56.968: delete node: IP: 149.154.165.111. Number of nodes 22
EtherApe-INFO: 16:25:14.552: delete node: IP: 140.82.112.26. Number of nodes 21
EtherApe-INFO: 16:25:40.158: delete node: IP: 192.168.1.1. Number of nodes 20
EtherApe-INFO: 16:25:55.145: delete node: IP: 172.217.16.10. Number of nodes 19
EtherApe-INFO: 16:26:00.167: delete node: IP: 108.177.15.189. Number of nodes 18
EtherApe-INFO: 16:26:26.559: delete node: IP: 172.217.16.5. Number of nodes 17
EtherApe-INFO: 16:26:31.679: delete node: IP: 149.154.167.223. Number of nodes 16
EtherApe-INFO: 16:26:42.551: delete node: IP: 142.250.203.142. Number of nodes 15
EtherApe-INFO: 16:27:18.598: delete node: IP: 104.16.248.249. Number of nodes 14
EtherApe-INFO: 16:27:19.878: New node: IP: 192.168.1.1. Number of nodes 15
EtherApe-INFO: 16:27:20.197: delete node: IP: 172.217.16.36. Number of nodes 14
EtherApe-INFO: 16:27:26.590: delete node: IP: 104.16.249.249. Number of nodes 13
EtherApe-INFO: 16:27:55.110: delete node: IP: 142.250.186.195. Number of nodes 12
EtherApe-INFO: 16:27:59.611: New node: IPv6: fe80::9ada:c4ff:febf:99a5. Number of nodes 13
EtherApe-INFO: 16:27:59.611: New node: IPv6: ff02::1. Number of nodes 14
EtherApe-INFO: 16:28:38.612: delete node: IP: 95.216.195.133. Number of nodes 13
EtherApe-INFO: 16:28:43.078: New node: IP: 95.216.195.133. Number of nodes 14
EtherApe-INFO: 16:29:59.882: delete node: IPv6: ff02::1. Number of nodes 13
EtherApe-INFO: 16:29:59.882: delete node: IPv6: fe80::9ada:c4ff:febf:99a5. Number of nodes 12
EtherApe-INFO: 16:30:13.745: New node: IP: 34.210.39.83. Number of nodes 13
EtherApe-INFO: 16:30:46.372: delete node: IP: 95.216.195.133. Number of nodes 12
EtherApe-INFO: 16:32:41.478: New node: IPv6: fe80::9ada:c4ff:febf:99a5. Number of nodes 13
EtherApe-INFO: 16:32:41.478: New node: IPv6: ff02::1. Number of nodes 14
EtherApe-INFO: 16:32:59.078: New node: IP: 95.216.195.133. Number of nodes 15
EtherApe-INFO: 16:33:00.944: New node: IP: 162.159.200.1. Number of nodes 16
EtherApe-INFO: 16:33:13.023: delete node: IP: 34.210.39.83. Number of nodes 15
EtherApe-INFO: 16:33:19.077: New node: IP: 140.82.112.26. Number of nodes 16
EtherApe-INFO: 16:33:46.811: New node: IP: 193.106.144.6. Number of nodes 17
EtherApe-INFO: 16:33:56.944: New node: IP: 193.34.155.3. Number of nodes 18
EtherApe-INFO: 16:34:07.344: New node: IP: 79.142.192.4. Number of nodes 19
EtherApe-INFO: 16:34:41.533: delete node: IPv6: ff02::1. Number of nodes 18
EtherApe-INFO: 16:34:41.533: delete node: IPv6: fe80::9ada:c4ff:febf:99a5. Number of nodes 17
EtherApe-INFO: 16:35:02.382: delete node: IP: 95.216.195.133. Number of nodes 16
EtherApe-INFO: 16:35:23.428: delete node: IP: 140.82.112.26. Number of nodes 15
EtherApe-INFO: 16:35:36.750: delete node: IP: 162.159.200.1. Number of nodes 14
EtherApe-INFO: 16:35:47.406: delete node: IP: 193.106.144.6. Number of nodes 13
EtherApe-INFO: 16:35:57.022: delete node: IP: 193.34.155.3. Number of nodes 12
EtherApe-INFO: 16:36:07.367: delete node: IP: 79.142.192.4. Number of nodes 11
EtherApe-INFO: 16:36:32.944: New node: IPv6: fe80::9ada:c4ff:febf:99a5. Number of nodes 12
EtherApe-INFO: 16:36:32.945: New node: IPv6: ff02::1. Number of nodes 13
EtherApe-INFO: 16:37:59.078: New node: IP: 95.216.195.133. Number of nodes 14
EtherApe-INFO: 16:38:24.759: delete node: IP: 192.168.1.1. Number of nodes 13
EtherApe-INFO: 16:38:31.878: New node: IP: 192.168.1.1. Number of nodes 14
EtherApe-INFO: 16:38:33.847: delete node: IPv6: ff02::1. Number of nodes 13
EtherApe-INFO: 16:38:33.847: delete node: IPv6: fe80::9ada:c4ff:febf:99a5. Number of nodes 12
EtherApe-INFO: 16:40:02.642: delete node: IP: 95.216.195.133. Number of nodes 11
EtherApe-INFO: 16:41:05.211: New node: IP: 0.0.0.0. Number of nodes 12
EtherApe-INFO: 16:41:05.211: New node: IP: 255.255.255.255. Number of nodes 13
EtherApe-INFO: 16:41:22.811: New node: IPv6: fe80::9ada:c4ff:febf:99a5. Number of nodes 14
EtherApe-INFO: 16:41:22.811: New node: IPv6: ff02::1. Number of nodes 15
EtherApe-INFO: 16:42:59.079: New node: IP: 95.216.195.133. Number of nodes 16
EtherApe-INFO: 16:43:05.783: delete node: IP: 255.255.255.255. Number of nodes 15
EtherApe-INFO: 16:43:05.783: delete node: IP: 0.0.0.0. Number of nodes 14
EtherApe-INFO: 16:43:23.386: delete node: IPv6: ff02::1. Number of nodes 13
EtherApe-INFO: 16:43:23.386: delete node: IPv6: fe80::9ada:c4ff:febf:99a5. Number of nodes 12
EtherApe-INFO: 16:45:02.603: delete node: IP: 95.216.195.133. Number of nodes 11
EtherApe-INFO: 16:47:59.078: New node: IP: 95.216.195.133. Number of nodes 12
EtherApe-INFO: 16:49:54.811: New node: IPv6: fe80::9ada:c4ff:febf:99a5. Number of nodes 13
EtherApe-INFO: 16:49:54.811: New node: IPv6: ff02::1. Number of nodes 14
EtherApe-INFO: 16:50:02.570: delete node: IP: 95.216.195.133. Number of nodes 13
EtherApe-INFO: 16:51:55.661: delete node: IPv6: ff02::1. Number of nodes 12
EtherApe-INFO: 16:51:55.661: delete node: IPv6: fe80::9ada:c4ff:febf:99a5. Number of nodes 11
EtherApe-INFO: 16:54:05.211: New node: IP: 149.154.167.223. Number of nodes 12
EtherApe-INFO: 16:54:06.544: New node: IP: 172.217.16.4. Number of nodes 13
EtherApe-INFO: 16:54:06.812: New node: IP: 172.217.20.195. Number of nodes 14
EtherApe-INFO: 16:54:07.348: New node: IP: 142.250.203.131. Number of nodes 15
EtherApe-INFO: 16:54:07.349: New node: IP: 172.217.25.3. Number of nodes 16
EtherApe-INFO: 16:54:07.611: New node: IP: 142.250.186.195. Number of nodes 17
EtherApe-INFO: 16:54:07.611: New node: IP: 142.250.186.193. Number of nodes 18
EtherApe-INFO: 16:54:07.894: New node: IP: 172.217.16.5. Number of nodes 19
EtherApe-INFO: 16:54:08.411: New node: IP: 172.217.20.206. Number of nodes 20
EtherApe-INFO: 16:54:08.678: New node: IP: 216.58.215.98. Number of nodes 21
EtherApe-INFO: 16:54:08.679: New node: IP: 142.250.203.130. Number of nodes 22
EtherApe-INFO: 16:54:11.878: New node: IP: 172.217.16.46. Number of nodes 23
EtherApe-INFO: 16:54:12.145: New node: IP: 216.58.209.14. Number of nodes 24
EtherApe-INFO: 16:54:15.081: New node: IP: 140.82.121.3. Number of nodes 25
EtherApe-INFO: 16:54:15.612: New node: IP: 185.199.110.154. Number of nodes 26
EtherApe-INFO: 16:54:15.612: New node: IP: 185.199.109.154. Number of nodes 27
EtherApe-INFO: 16:54:15.612: New node: IP: 185.199.108.154. Number of nodes 28
EtherApe-INFO: 16:54:15.878: New node: IP: 185.199.109.133. Number of nodes 29
EtherApe-INFO: 16:54:16.144: New node: IP: 140.82.114.22. Number of nodes 30
EtherApe-INFO: 16:54:16.144: New node: IP: 185.199.111.154. Number of nodes 31
EtherApe-INFO: 16:54:16.411: New node: IP: 140.82.113.25. Number of nodes 32
EtherApe-INFO: 16:54:20.144: New node: IP: 140.82.121.6. Number of nodes 33
EtherApe-INFO: 16:54:24.944: New node: IP: 178.248.233.6. Number of nodes 34
EtherApe-INFO: 16:54:25.215: New node: IP: 87.245.216.9. Number of nodes 35
EtherApe-INFO: 16:54:47.344: New node: IP: 104.16.248.249. Number of nodes 36
EtherApe-INFO: 16:54:59.612: New node: IP: 140.82.112.25. Number of nodes 37
EtherApe-INFO: 16:55:09.478: New node: IP: 104.81.244.232. Number of nodes 38
EtherApe-INFO: 16:55:18.811: New node: IP: 142.250.203.142. Number of nodes 39
EtherApe-INFO: 16:55:22.812: New node: IP: 64.233.161.189. Number of nodes 40
EtherApe-INFO: 16:55:26.012: New node: IP: 142.250.203.138. Number of nodes 41
EtherApe-INFO: 16:55:26.013: New node: IP: 142.250.75.14. Number of nodes 42
EtherApe-INFO: 16:55:45.587: delete node: IP: 149.154.175.100. Number of nodes 41
EtherApe-INFO: 16:55:53.262: delete node: IP: 149.154.167.92. Number of nodes 40
EtherApe-INFO: 16:55:57.481: New node: IP: 172.217.16.42. Number of nodes 41
EtherApe-INFO: 16:55:59.955: delete node: IP: 192.168.1.1. Number of nodes 40
EtherApe-INFO: 16:56:04.435: delete node: IP: 91.108.56.145. Number of nodes 39
EtherApe-INFO: 16:56:05.533: delete node: IP: 149.154.175.57. Number of nodes 38
EtherApe-INFO: 16:56:05.537: delete node: IP: 149.154.175.54. Number of nodes 37
EtherApe-INFO: 16:56:05.537: delete node: IP: 149.154.167.51. Number of nodes 36
EtherApe-INFO: 16:56:05.537: delete node: IP: 127.0.0.1. Number of nodes 35
EtherApe-INFO: 16:56:16.764: delete node: IP: 185.199.110.154. Number of nodes 34
EtherApe-INFO: 16:56:16.765: delete node: IP: 185.199.109.154. Number of nodes 33
EtherApe-INFO: 16:56:16.765: delete node: IP: 185.199.108.154. Number of nodes 32
EtherApe-INFO: 16:56:23.878: New node: IP: 216.58.208.202. Number of nodes 33
EtherApe-INFO: 16:56:45.299: delete node: IP: 178.248.233.6. Number of nodes 32
EtherApe-INFO: 16:56:47.346: New node: IP: 52.40.105.243. Number of nodes 33
EtherApe-INFO: 16:56:58.011: New node: IPv6: fe80::9ada:c4ff:febf:99a5. Number of nodes 34
EtherApe-INFO: 16:56:58.011: New node: IPv6: ff02::1. Number of nodes 35
EtherApe-INFO: 16:57:24.411: New node: IP: 185.199.110.154. Number of nodes 36
EtherApe-INFO: 16:57:24.412: New node: IP: 185.199.110.133. Number of nodes 37
EtherApe-INFO: 16:57:24.944: New node: IP: 140.82.113.22. Number of nodes 38
EtherApe-INFO: 16:57:24.945: New node: IP: 140.82.121.5. Number of nodes 39
EtherApe-INFO: 16:57:29.533: delete node: IP: 104.81.244.232. Number of nodes 38
EtherApe-INFO: 16:57:59.078: New node: IP: 95.216.195.133. Number of nodes 39
EtherApe-INFO: 16:57:59.102: delete node: IP: 172.217.16.42. Number of nodes 38
EtherApe-INFO: 16:57:59.344: New node: IP: 149.154.167.51. Number of nodes 39
EtherApe-INFO: 16:58:21.011: delete node: IP: 87.245.216.9. Number of nodes 38
EtherApe-INFO: 16:58:23.392: delete node: IP: 149.154.167.223. Number of nodes 37
EtherApe-INFO: 16:58:48.687: delete node: IP: 52.40.105.243. Number of nodes 36
EtherApe-INFO: 16:58:59.938: delete node: IPv6: ff02::1. Number of nodes 35
EtherApe-INFO: 16:58:59.938: delete node: IPv6: fe80::9ada:c4ff:febf:99a5. Number of nodes 34
EtherApe-INFO: 16:58:59.938: delete node: IP: 216.58.215.98. Number of nodes 33
EtherApe-INFO: 16:58:59.938: delete node: IP: 172.217.25.3. Number of nodes 32
EtherApe-INFO: 16:58:59.938: delete node: IP: 172.217.20.206. Number of nodes 31
EtherApe-INFO: 16:58:59.938: delete node: IP: 172.217.20.195. Number of nodes 30
EtherApe-INFO: 16:58:59.938: delete node: IP: 142.250.203.131. Number of nodes 29
EtherApe-INFO: 16:58:59.938: delete node: IP: 142.250.203.130. Number of nodes 28
EtherApe-INFO: 16:58:59.938: delete node: IP: 142.250.186.193. Number of nodes 27
EtherApe-INFO: 16:59:04.713: delete node: IP: 172.217.16.46. Number of nodes 26
EtherApe-INFO: 16:59:08.692: delete node: IP: 185.199.109.133. Number of nodes 25
EtherApe-INFO: 16:59:08.692: delete node: IP: 140.82.114.22. Number of nodes 24
EtherApe-INFO: 16:59:14.844: delete node: IP: 140.82.121.6. Number of nodes 23
EtherApe-INFO: 16:59:27.364: delete node: IP: 172.217.16.4. Number of nodes 22
EtherApe-INFO: 16:59:38.011: New node: IP: 178.248.233.6. Number of nodes 23
EtherApe-INFO: 16:59:38.812: New node: IP: 192.0.73.2. Number of nodes 24
EtherApe-INFO: 16:59:59.967: delete node: IP: 95.216.195.133. Number of nodes 23
EtherApe-INFO: 17:00:01.576: delete node: IP: 149.154.167.51. Number of nodes 22
EtherApe-INFO: 17:00:06.857: delete node: IP: 140.82.113.25. Number of nodes 21
EtherApe-INFO: 17:00:08.944: New node: IP: 149.154.167.223. Number of nodes 22
EtherApe-INFO: 17:00:09.479: New node: IP: 104.81.244.232. Number of nodes 23
EtherApe-INFO: 17:00:16.678: New node: IP: 52.36.0.217. Number of nodes 24
EtherApe-INFO: 17:00:16.678: New node: IP: 34.213.117.0. Number of nodes 25
EtherApe-INFO: 17:00:17.026: delete node: IP: 142.250.203.138. Number of nodes 24
EtherApe-INFO: 17:00:17.027: delete node: IP: 142.250.75.14. Number of nodes 23
EtherApe-INFO: 17:00:17.479: New node: IP: 35.186.227.140. Number of nodes 24
EtherApe-INFO: 17:00:26.011: New node: IP: 142.250.75.14. Number of nodes 25
EtherApe-INFO: 17:00:30.012: New node: IP: 142.250.186.202. Number of nodes 26
EtherApe-INFO: 17:01:03.611: New node: IP: 34.120.208.123. Number of nodes 27
EtherApe-INFO: 17:01:17.831: delete node: IP: 216.58.208.202. Number of nodes 26
EtherApe-INFO: 17:01:26.911: delete node: IP: 216.58.209.14. Number of nodes 25
EtherApe-INFO: 17:01:48.144: New node: IP: 52.40.105.243. Number of nodes 26
EtherApe-INFO: 17:01:59.622: delete node: IP: 178.248.233.6. Number of nodes 25
EtherApe-INFO: 17:02:04.678: New node: IP: 18.66.248.43. Number of nodes 26
EtherApe-INFO: 17:02:09.832: delete node: IP: 192.0.73.2. Number of nodes 25
EtherApe-INFO: 17:02:11.878: New node: IP: 216.58.209.10. Number of nodes 26
EtherApe-INFO: 17:02:14.544: New node: IP: 172.217.16.4. Number of nodes 27
EtherApe-INFO: 17:02:14.811: New node: IPv6: fe80::9ada:c4ff:febf:99a5. Number of nodes 28
EtherApe-INFO: 17:02:14.811: New node: IPv6: ff02::1. Number of nodes 29
EtherApe-INFO: 17:02:15.980: delete node: IP: 185.199.111.154. Number of nodes 28
EtherApe-INFO: 17:02:18.545: New node: IP: 172.217.16.3. Number of nodes 29
EtherApe-INFO: 17:02:18.546: New node: IP: 216.58.208.206. Number of nodes 30
EtherApe-INFO: 17:02:18.547: New node: IP: 142.250.75.2. Number of nodes 31
EtherApe-INFO: 17:02:18.811: New node: IP: 216.58.215.66. Number of nodes 32
EtherApe-INFO: 17:02:18.813: New node: IP: 172.217.16.2. Number of nodes 33
EtherApe-INFO: 17:02:19.974: delete node: IP: 185.199.110.154. Number of nodes 32
EtherApe-INFO: 17:02:22.545: New node: IP: 172.217.16.46. Number of nodes 33
EtherApe-INFO: 17:02:23.878: New node: IP: 216.58.215.106. Number of nodes 34
EtherApe-INFO: 17:02:28.220: delete node: IP: 142.250.75.14. Number of nodes 33
EtherApe-INFO: 17:02:28.220: delete node: IP: 34.213.117.0. Number of nodes 32
EtherApe-INFO: 17:02:29.769: delete node: IP: 104.81.244.232. Number of nodes 31
EtherApe-INFO: 17:02:32.678: New node: IP: 23.185.0.1. Number of nodes 32
EtherApe-INFO: 17:02:33.213: New node: IP: 216.58.215.74. Number of nodes 33
EtherApe-INFO: 17:02:33.217: New node: IP: 104.17.211.204. Number of nodes 34
EtherApe-INFO: 17:02:33.222: New node: IP: 216.58.215.99. Number of nodes 35
EtherApe-INFO: 17:02:33.478: New node: IP: 142.250.75.8. Number of nodes 36
EtherApe-INFO: 17:02:33.479: New node: IP: 104.18.33.171. Number of nodes 37
EtherApe-INFO: 17:02:33.479: New node: IP: 172.64.154.85. Number of nodes 38
EtherApe-INFO: 17:02:33.483: New node: IP: 104.17.235.204. Number of nodes 39
EtherApe-INFO: 17:02:33.484: New node: IP: 104.17.112.176. Number of nodes 40
EtherApe-INFO: 17:02:33.484: New node: IP: 104.17.127.171. Number of nodes 41
EtherApe-INFO: 17:02:33.487: New node: IP: 104.19.155.83. Number of nodes 42
EtherApe-INFO: 17:02:33.746: New node: IP: 172.217.16.35. Number of nodes 43
EtherApe-INFO: 17:02:33.749: New node: IP: 104.19.154.83. Number of nodes 44
EtherApe-INFO: 17:02:34.011: New node: IP: 104.17.201.204. Number of nodes 45
EtherApe-INFO: 17:02:36.679: New node: IP: 104.16.87.5. Number of nodes 46
EtherApe-INFO: 17:02:59.078: New node: IP: 95.216.195.133. Number of nodes 47
EtherApe-INFO: 17:03:19.700: delete node: IP: 52.36.0.217. Number of nodes 46
EtherApe-INFO: 17:03:24.411: New node: IP: 192.0.73.2. Number of nodes 47
EtherApe-INFO: 17:03:30.012: New node: IP: 185.199.111.154. Number of nodes 48
EtherApe-INFO: 17:03:30.811: New node: IP: 140.82.112.22. Number of nodes 49
EtherApe-INFO: 17:03:42.544: New node: IP: 185.199.111.153. Number of nodes 50
EtherApe-INFO: 17:03:50.644: delete node: IP: 52.40.105.243. Number of nodes 49
EtherApe-INFO: 17:04:15.712: delete node: IPv6: ff02::1. Number of nodes 48
EtherApe-INFO: 17:04:15.712: delete node: IPv6: fe80::9ada:c4ff:febf:99a5. Number of nodes 47
EtherApe-INFO: 17:04:20.700: delete node: IP: 140.82.113.22. Number of nodes 46
EtherApe-INFO: 17:04:33.746: delete node: IP: 216.58.215.74. Number of nodes 45
EtherApe-INFO: 17:04:33.746: delete node: IP: 104.18.33.171. Number of nodes 44
EtherApe-INFO: 17:04:34.637: delete node: IP: 142.250.75.8. Number of nodes 43
EtherApe-INFO: 17:04:35.344: New node: IP: 142.250.75.5. Number of nodes 44
EtherApe-INFO: 17:04:40.687: delete node: IP: 104.19.154.83. Number of nodes 43
EtherApe-INFO: 17:04:59.659: delete node: IP: 95.216.195.133. Number of nodes 42
EtherApe-INFO: 17:05:04.944: New node: IP: 34.117.237.239. Number of nodes 43
EtherApe-INFO: 17:05:09.748: New node: IP: 104.81.244.232. Number of nodes 44
EtherApe-INFO: 17:05:10.638: delete node: IP: 35.186.227.140. Number of nodes 43
EtherApe-INFO: 17:05:26.893: delete node: IP: 149.154.167.223. Number of nodes 42
EtherApe-INFO: 17:05:29.795: delete node: IP: 172.217.16.5. Number of nodes 41
EtherApe-INFO: 17:05:42.014: New node: IP: 142.250.203.131. Number of nodes 42
EtherApe-INFO: 17:05:45.749: New node: IP: 142.250.186.193. Number of nodes 43
EtherApe-INFO: 17:05:46.012: New node: IP: 142.250.203.206. Number of nodes 44
EtherApe-INFO: 17:05:46.017: New node: IP: 172.217.16.34. Number of nodes 45
EtherApe-INFO: 17:05:56.174: delete node: IP: 192.0.73.2. Number of nodes 44
EtherApe-INFO: 17:05:58.280: New node: IP: 185.199.109.133. Number of nodes 45
EtherApe-INFO: 17:06:02.353: delete node: IP: 18.66.248.43. Number of nodes 44
EtherApe-INFO: 17:06:32.209: delete node: IP: 216.58.215.99. Number of nodes 43
EtherApe-INFO: 17:06:48.411: New node: IP: 52.40.105.243. Number of nodes 44
EtherApe-INFO: 17:07:06.552: delete node: IP: 142.250.186.202. Number of nodes 43
EtherApe-INFO: 17:07:18.641: delete node: IP: 216.58.215.106. Number of nodes 42
EtherApe-INFO: 17:07:26.586: delete node: IP: 172.64.154.85. Number of nodes 41
EtherApe-INFO: 17:07:26.586: delete node: IP: 104.17.235.204. Number of nodes 40
EtherApe-INFO: 17:07:26.586: delete node: IP: 104.17.211.204. Number of nodes 39
EtherApe-INFO: 17:07:26.586: delete node: IP: 104.17.201.204. Number of nodes 38
EtherApe-INFO: 17:07:26.586: delete node: IP: 104.17.127.171. Number of nodes 37
EtherApe-INFO: 17:07:26.586: delete node: IP: 104.17.112.176. Number of nodes 36
EtherApe-INFO: 17:07:30.826: delete node: IP: 104.81.244.232. Number of nodes 35
EtherApe-INFO: 17:07:30.826: delete node: IP: 104.19.155.83. Number of nodes 34
EtherApe-INFO: 17:07:30.826: delete node: IP: 104.16.87.5. Number of nodes 33
EtherApe-INFO: 17:07:41.532: delete node: IP: 216.58.215.66. Number of nodes 32
EtherApe-INFO: 17:07:47.440: delete node: IP: 142.250.203.206. Number of nodes 31
EtherApe-INFO: 17:07:56.473: delete node: IP: 23.185.0.1. Number of nodes 30
EtherApe-INFO: 17:07:59.078: New node: IP: 95.216.195.133. Number of nodes 31
EtherApe-INFO: 17:07:59.181: delete node: IP: 185.199.109.133. Number of nodes 30
EtherApe-INFO: 17:08:15.078: New node: IP: 172.217.16.42. Number of nodes 31
EtherApe-INFO: 17:08:49.267: delete node: IP: 52.40.105.243. Number of nodes 30
EtherApe-INFO: 17:09:26.607: delete node: IP: 142.250.75.5. Number of nodes 29
EtherApe-INFO: 17:09:38.825: delete node: IP: 142.250.203.131. Number of nodes 28
EtherApe-INFO: 17:09:56.736: delete node: IP: 34.117.237.239. Number of nodes 27
EtherApe-INFO: 17:09:59.919: delete node: IP: 185.199.111.153. Number of nodes 26
EtherApe-INFO: 17:09:59.919: delete node: IP: 95.216.195.133. Number of nodes 25
EtherApe-INFO: 17:10:10.011: New node: IP: 104.81.244.232. Number of nodes 26
EtherApe-INFO: 17:10:20.678: New node: IP: 216.58.209.14. Number of nodes 27
EtherApe-INFO: 17:10:35.417: delete node: IP: 172.217.16.35. Number of nodes 26
EtherApe-INFO: 17:10:35.417: delete node: IP: 172.217.16.3. Number of nodes 25
EtherApe-INFO: 17:10:37.478: New node: IP: 142.250.203.197. Number of nodes 26
EtherApe-INFO: 17:10:37.545: delete node: IP: 216.58.208.206. Number of nodes 25
EtherApe-INFO: 17:10:37.545: delete node: IP: 172.217.16.34. Number of nodes 24
EtherApe-INFO: 17:10:37.545: delete node: IP: 172.217.16.2. Number of nodes 23
EtherApe-INFO: 17:10:37.545: delete node: IP: 142.250.186.193. Number of nodes 22
EtherApe-INFO: 17:10:37.545: delete node: IP: 142.250.75.2. Number of nodes 21
EtherApe-INFO: 17:10:40.225: delete node: IP: 172.217.16.46. Number of nodes 20
EtherApe-INFO: 17:10:40.225: delete node: IP: 142.250.203.142. Number of nodes 19
EtherApe-INFO: 17:10:52.721: delete node: IP: 172.217.16.4. Number of nodes 18
EtherApe-INFO: 17:11:14.811: New node: IP: 172.217.16.4. Number of nodes 19
EtherApe-INFO: 17:11:20.411: New node: IP: 172.217.20.195. Number of nodes 20
EtherApe-INFO: 17:11:20.412: New node: IP: 142.250.203.131. Number of nodes 21
EtherApe-INFO: 17:11:20.946: New node: IP: 142.250.186.193. Number of nodes 22
EtherApe-INFO: 17:11:21.211: New node: IP: 172.217.20.206. Number of nodes 23
EtherApe-INFO: 17:11:21.219: New node: IP: 172.217.16.2. Number of nodes 24
EtherApe-INFO: 17:11:21.478: New node: IP: 142.250.186.194. Number of nodes 25
EtherApe-INFO: 17:11:21.480: New node: IP: 172.217.16.34. Number of nodes 26
EtherApe-INFO: 17:11:25.212: New node: IP: 172.217.16.14. Number of nodes 27
EtherApe-INFO: 17:11:46.013: New node: IP: 142.250.203.206. Number of nodes 28
EtherApe-INFO: 17:11:46.811: New node: IP: 216.58.215.110. Number of nodes 29
EtherApe-INFO: 17:11:48.677: New node: IP: 52.40.105.243. Number of nodes 30
EtherApe-INFO: 17:11:48.677: New node: IP: 149.154.167.223. Number of nodes 31
EtherApe-INFO: 17:11:52.677: New node: IP: 94.130.16.144. Number of nodes 32
EtherApe-INFO: 17:11:53.212: New node: IP: 69.16.175.10. Number of nodes 33
EtherApe-INFO: 17:12:04.945: New node: IPv6: fe80::9ada:c4ff:febf:99a5. Number of nodes 34
EtherApe-INFO: 17:12:04.945: New node: IPv6: ff02::1. Number of nodes 35
EtherApe-INFO: 17:12:34.635: delete node: IP: 104.81.244.232. Number of nodes 34
EtherApe-INFO: 17:12:59.077: New node: IP: 95.216.195.133. Number of nodes 35
EtherApe-INFO: 17:13:06.562: delete node: IP: 172.217.16.42. Number of nodes 34
EtherApe-INFO: 17:13:47.631: delete node: IP: 216.58.215.110. Number of nodes 33
EtherApe-INFO: 17:13:49.482: delete node: IP: 52.40.105.243. Number of nodes 32
EtherApe-INFO: 17:13:59.657: delete node: IP: 94.130.16.144. Number of nodes 31
EtherApe-INFO: 17:14:09.849: delete node: IPv6: ff02::1. Number of nodes 30
EtherApe-INFO: 17:14:09.849: delete node: IPv6: fe80::9ada:c4ff:febf:99a5. Number of nodes 29
EtherApe-INFO: 17:14:16.681: New node: IP: 98.118.152.18. Number of nodes 30
EtherApe-INFO: 17:14:17.745: New node: IP: 172.217.16.36. Number of nodes 31
EtherApe-INFO: 17:14:17.745: New node: IP: 172.217.20.174. Number of nodes 32
EtherApe-INFO: 17:14:17.746: New node: IP: 216.58.215.99. Number of nodes 33
EtherApe-INFO: 17:14:59.960: delete node: IP: 149.154.167.223. Number of nodes 32
EtherApe-INFO: 17:14:59.960: delete node: IP: 95.216.195.133. Number of nodes 31
EtherApe-INFO: 17:15:10.011: New node: IP: 104.81.244.232. Number of nodes 32
EtherApe-INFO: 17:15:59.920: delete node: IP: 185.199.111.154. Number of nodes 31
EtherApe-INFO: 17:15:59.920: delete node: IP: 185.199.110.133. Number of nodes 30
EtherApe-INFO: 17:15:59.920: delete node: IP: 140.82.121.5. Number of nodes 29
EtherApe-INFO: 17:15:59.920: delete node: IP: 140.82.121.3. Number of nodes 28
EtherApe-INFO: 17:15:59.920: delete node: IP: 140.82.112.22. Number of nodes 27
EtherApe-INFO: 17:16:12.771: delete node: IP: 172.217.20.206. Number of nodes 26
EtherApe-INFO: 17:16:12.771: delete node: IP: 172.217.20.195. Number of nodes 25
EtherApe-INFO: 17:16:12.771: delete node: IP: 142.250.186.193. Number of nodes 24
EtherApe-INFO: 17:16:18.592: delete node: IP: 172.217.20.174. Number of nodes 23
EtherApe-INFO: 17:16:24.683: delete node: IP: 98.118.152.18. Number of nodes 22
EtherApe-INFO: 17:16:33.478: New node: IP: 91.108.56.145. Number of nodes 23
EtherApe-INFO: 17:16:41.824: delete node: IP: 172.217.16.34. Number of nodes 22
EtherApe-INFO: 17:16:41.824: delete node: IP: 172.217.16.14. Number of nodes 21
EtherApe-INFO: 17:16:41.825: delete node: IP: 172.217.16.2. Number of nodes 20
EtherApe-INFO: 17:16:41.825: delete node: IP: 142.250.203.206. Number of nodes 19
EtherApe-INFO: 17:16:41.825: delete node: IP: 142.250.186.194. Number of nodes 18
EtherApe-INFO: 17:16:44.701: delete node: IP: 172.217.16.4. Number of nodes 17
EtherApe-INFO: 17:16:44.701: delete node: IP: 69.16.175.10. Number of nodes 16
EtherApe-INFO: 17:16:48.677: New node: IP: 52.40.105.243. Number of nodes 17
EtherApe-INFO: 17:17:24.487: delete node: IP: 192.168.2.1. Number of nodes 16
EtherApe-INFO: 17:17:32.235: delete node: IP: 104.81.244.232. Number of nodes 15
EtherApe-INFO: 17:17:34.811: New node: IP: 192.168.2.1. Number of nodes 16
EtherApe-INFO: 17:17:59.077: New node: IP: 95.216.195.133. Number of nodes 17
EtherApe-INFO: 17:18:15.100: delete node: IP: 216.58.215.99. Number of nodes 16
EtherApe-INFO: 17:18:28.411: New node: IP: 149.154.167.223. Number of nodes 17
EtherApe-INFO: 17:18:51.796: delete node: IP: 52.40.105.243. Number of nodes 16
EtherApe-INFO: 17:18:54.144: New node: IP: 140.82.121.3. Number of nodes 17
EtherApe-INFO: 17:18:54.145: New node: IP: 185.199.111.154. Number of nodes 18
EtherApe-INFO: 17:18:54.411: New node: IP: 185.199.110.133. Number of nodes 19
EtherApe-INFO: 17:18:54.678: New node: IP: 140.82.114.21. Number of nodes 20
EtherApe-INFO: 17:18:54.944: New node: IP: 140.82.121.6. Number of nodes 21
EtherApe-INFO: 17:18:57.881: New node: IP: 185.199.109.133. Number of nodes 22
EtherApe-INFO: 17:19:01.878: New node: IP: 207.241.237.3. Number of nodes 23
EtherApe-INFO: 17:19:02.411: New node: IP: 207.241.224.2. Number of nodes 24
EtherApe-INFO: 17:19:02.946: New node: IP: 207.241.225.102. Number of nodes 25
EtherApe-INFO: 17:19:03.478: New node: IPv6: fe80::9ada:c4ff:febf:99a5. Number of nodes 26
EtherApe-INFO: 17:19:03.478: New node: IPv6: ff02::1. Number of nodes 27
EtherApe-INFO: 17:19:04.812: New node: IP: 213.184.85.58. Number of nodes 28
EtherApe-INFO: 17:19:06.148: New node: IP: 142.250.186.206. Number of nodes 29
EtherApe-INFO: 17:19:06.411: New node: IP: 216.58.215.99. Number of nodes 30
EtherApe-INFO: 17:19:09.133: delete node: IP: 172.217.16.36. Number of nodes 29
EtherApe-INFO: 17:19:09.134: delete node: IP: 142.250.203.131. Number of nodes 28
EtherApe-INFO: 17:19:10.678: New node: IP: 145.40.68.75. Number of nodes 29
EtherApe-INFO: 17:19:10.945: New node: IP: 87.245.216.9. Number of nodes 30
EtherApe-INFO: 17:19:14.678: New node: IP: 104.81.244.232. Number of nodes 31
EtherApe-INFO: 17:19:18.944: New node: IP: 198.175.96.207. Number of nodes 32
EtherApe-INFO: 17:19:20.811: New node: IP: 65.9.63.56. Number of nodes 33
EtherApe-INFO: 17:19:20.812: New node: IP: 65.9.63.73. Number of nodes 34
EtherApe-INFO: 17:19:20.812: New node: IP: 69.90.69.8. Number of nodes 35
EtherApe-INFO: 17:19:20.813: New node: IP: 2.23.108.247. Number of nodes 36
EtherApe-INFO: 17:19:20.814: New node: IP: 142.0.165.137. Number of nodes 37
EtherApe-INFO: 17:19:21.344: New node: IP: 15.236.176.210. Number of nodes 38
EtherApe-INFO: 17:19:21.877: New node: IP: 104.21.42.68. Number of nodes 39
EtherApe-INFO: 17:19:22.145: New node: IP: 172.67.158.124. Number of nodes 40
EtherApe-INFO: 17:19:22.147: New node: IP: 104.21.68.198. Number of nodes 41
EtherApe-INFO: 17:19:22.147: New node: IP: 172.67.198.40. Number of nodes 42
EtherApe-INFO: 17:19:22.411: New node: IP: 3.227.65.29. Number of nodes 43
EtherApe-INFO: 17:19:22.412: New node: IP: 13.32.121.65. Number of nodes 44
EtherApe-INFO: 17:19:22.678: New node: IP: 13.32.121.100. Number of nodes 45
EtherApe-INFO: 17:19:22.678: New node: IP: 192.124.249.41. Number of nodes 46
EtherApe-INFO: 17:19:22.678: New node: IP: 172.217.16.4. Number of nodes 47
EtherApe-INFO: 17:19:22.679: New node: IP: 104.26.1.139. Number of nodes 48
EtherApe-INFO: 17:19:23.211: New node: IP: 178.248.237.68. Number of nodes 49
EtherApe-INFO: 17:19:23.212: New node: IP: 35.241.45.217. Number of nodes 50
EtherApe-INFO: 17:19:23.213: New node: IP: 104.26.8.50. Number of nodes 51
EtherApe-INFO: 17:19:23.214: New node: IP: 2.18.99.184. Number of nodes 52
EtherApe-INFO: 17:19:23.214: New node: IP: 172.64.155.188. Number of nodes 53
EtherApe-INFO: 17:19:23.478: New node: IP: 93.184.220.29. Number of nodes 54
EtherApe-INFO: 17:19:23.479: New node: IP: 35.227.238.208. Number of nodes 55
EtherApe-INFO: 17:19:23.480: New node: IP: 104.26.6.139. Number of nodes 56
EtherApe-INFO: 17:19:23.483: New node: IP: 52.208.4.43. Number of nodes 57
EtherApe-INFO: 17:19:23.484: New node: IP: 104.26.3.70. Number of nodes 58
EtherApe-INFO: 17:19:24.278: New node: IP: 52.26.121.26. Number of nodes 59
EtherApe-INFO: 17:19:24.279: New node: IP: 130.211.23.194. Number of nodes 60
EtherApe-INFO: 17:19:24.545: New node: IP: 3.214.91.80. Number of nodes 61
EtherApe-INFO: 17:19:24.545: New node: IP: 37.252.172.250. Number of nodes 62
EtherApe-INFO: 17:19:24.814: New node: IP: 108.156.253.92. Number of nodes 63
EtherApe-INFO: 17:19:25.344: New node: IP: 104.26.12.161. Number of nodes 64
EtherApe-INFO: 17:19:25.611: New node: IP: 35.201.71.192. Number of nodes 65
EtherApe-INFO: 17:19:25.612: New node: IP: 13.32.99.24. Number of nodes 66
EtherApe-INFO: 17:19:25.613: New node: IP: 13.32.99.83. Number of nodes 67
EtherApe-INFO: 17:19:25.615: New node: IP: 13.32.99.12. Number of nodes 68
EtherApe-INFO: 17:19:25.878: New node: IP: 13.32.99.27. Number of nodes 69
EtherApe-INFO: 17:19:26.144: New node: IP: 77.88.55.50. Number of nodes 70
EtherApe-INFO: 17:19:26.145: New node: IP: 95.47.236.28. Number of nodes 71
EtherApe-INFO: 17:19:26.413: New node: IP: 5.255.255.80. Number of nodes 72
EtherApe-INFO: 17:19:26.678: New node: IP: 50.112.181.95. Number of nodes 73
EtherApe-INFO: 17:19:28.040: New node: IP: 128.2.42.95. Number of nodes 74
EtherApe-INFO: 17:19:28.142: delete node: IP: 142.250.203.197. Number of nodes 73
EtherApe-INFO: 17:19:28.279: New node: IP: 104.18.32.68. Number of nodes 74
EtherApe-INFO: 17:19:28.548: New node: IP: 142.250.75.2. Number of nodes 75
EtherApe-INFO: 17:19:30.152: New node: IP: 91.198.174.192. Number of nodes 76
EtherApe-INFO: 17:19:30.944: New node: IP: 91.198.174.208. Number of nodes 77
EtherApe-INFO: 17:19:31.746: New node: IP: 178.248.233.33. Number of nodes 78
EtherApe-INFO: 17:19:32.011: New node: IP: 104.16.200.58. Number of nodes 79
EtherApe-INFO: 17:19:32.548: New node: IP: 82.192.95.170. Number of nodes 80
EtherApe-INFO: 17:19:33.344: New node: IP: 5.255.255.88. Number of nodes 81
EtherApe-INFO: 17:19:33.611: New node: IP: 77.88.55.55. Number of nodes 82
EtherApe-INFO: 17:19:34.949: New node: IP: 130.14.29.110. Number of nodes 83
EtherApe-INFO: 17:19:36.012: New node: IP: 104.18.10.207. Number of nodes 84
EtherApe-INFO: 17:19:36.280: New node: IP: 69.16.175.42. Number of nodes 85
EtherApe-INFO: 17:19:36.286: New node: IP: 69.16.175.10. Number of nodes 86
EtherApe-INFO: 17:19:36.555: New node: IP: 104.18.11.207. Number of nodes 87
EtherApe-INFO: 17:19:38.145: New node: IP: 142.250.203.206. Number of nodes 88
EtherApe-INFO: 17:19:38.145: New node: IP: 104.17.208.240. Number of nodes 89
EtherApe-INFO: 17:19:38.421: New node: IP: 104.17.209.240. Number of nodes 90
EtherApe-INFO: 17:19:40.024: New node: IP: 142.250.186.193. Number of nodes 91
EtherApe-INFO: 17:19:40.278: New node: IP: 142.250.203.131. Number of nodes 92
EtherApe-INFO: 17:19:40.284: New node: IP: 172.217.20.195. Number of nodes 93
EtherApe-INFO: 17:19:40.546: New node: IP: 172.217.16.14. Number of nodes 94
EtherApe-INFO: 17:19:40.812: New node: IP: 172.217.16.42. Number of nodes 95
EtherApe-INFO: 17:19:40.812: New node: IP: 172.217.16.10. Number of nodes 96
EtherApe-INFO: 17:19:45.373: New node: IP: 142.250.75.14. Number of nodes 97
EtherApe-INFO: 17:19:47.211: New node: IP: 146.158.13.145. Number of nodes 98
EtherApe-INFO: 17:19:48.011: New node: IP: 46.137.163.140. Number of nodes 99
EtherApe-INFO: 17:20:00.028: delete node: IP: 95.216.195.133. Number of nodes 98
EtherApe-INFO: 17:20:04.813: New node: IP: 34.117.237.239. Number of nodes 99
EtherApe-INFO: 17:20:06.424: New node: IP: 199.232.16.223. Number of nodes 100
EtherApe-INFO: 17:20:08.811: New node: IP: 199.36.158.100. Number of nodes 101
EtherApe-INFO: 17:20:10.411: New node: IP: 198.51.233.2. Number of nodes 102
EtherApe-INFO: 17:20:17.877: New node: IP: 151.101.129.69. Number of nodes 103
EtherApe-INFO: 17:20:18.160: New node: IP: 151.101.65.69. Number of nodes 104
EtherApe-INFO: 17:20:18.411: New node: IP: 192.0.73.2. Number of nodes 105
EtherApe-INFO: 17:20:18.678: New node: IP: 198.252.206.25. Number of nodes 106
EtherApe-INFO: 17:20:18.679: New node: IP: 151.101.193.69. Number of nodes 107
EtherApe-INFO: 17:20:20.293: New node: IP: 104.81.120.141. Number of nodes 108
EtherApe-INFO: 17:20:20.567: New node: IP: 87.245.212.11. Number of nodes 109
EtherApe-INFO: 17:20:21.079: New node: IP: 2.18.99.124. Number of nodes 110
EtherApe-INFO: 17:20:21.611: New node: IP: 2.18.110.106. Number of nodes 111
EtherApe-INFO: 17:20:22.145: New node: IP: 104.81.107.51. Number of nodes 112
EtherApe-INFO: 17:20:26.688: New node: IP: 172.217.20.170. Number of nodes 113
EtherApe-INFO: 17:20:26.947: New node: IP: 199.232.16.193. Number of nodes 114
EtherApe-INFO: 17:20:37.878: New node: IP: 142.250.203.197. Number of nodes 115
EtherApe-INFO: 17:20:46.423: delete node: IP: 91.108.56.145. Number of nodes 114
EtherApe-INFO: 17:20:54.466: delete node: IP: 185.199.110.133. Number of nodes 113
EtherApe-INFO: 17:21:03.558: delete node: IPv6: ff02::1. Number of nodes 112
EtherApe-INFO: 17:21:03.558: delete node: IPv6: fe80::9ada:c4ff:febf:99a5. Number of nodes 111
EtherApe-INFO: 17:21:20.923: delete node: IP: 65.9.63.56. Number of nodes 110
EtherApe-INFO: 17:21:22.438: delete node: IP: 172.67.198.40. Number of nodes 109
EtherApe-INFO: 17:21:22.438: delete node: IP: 172.67.158.124. Number of nodes 108
EtherApe-INFO: 17:21:22.438: delete node: IP: 104.21.68.198. Number of nodes 107
EtherApe-INFO: 17:21:22.438: delete node: IP: 13.32.121.65. Number of nodes 106
EtherApe-INFO: 17:21:22.784: delete node: IP: 13.32.121.100. Number of nodes 105
EtherApe-INFO: 17:21:25.621: delete node: IP: 13.32.99.24. Number of nodes 104
EtherApe-INFO: 17:21:25.989: delete node: IP: 13.32.99.83. Number of nodes 103
EtherApe-INFO: 17:21:25.989: delete node: IP: 13.32.99.12. Number of nodes 102
EtherApe-INFO: 17:21:27.574: delete node: IP: 50.112.181.95. Number of nodes 101
EtherApe-INFO: 17:21:36.358: delete node: IP: 128.2.42.95. Number of nodes 100
EtherApe-INFO: 17:21:36.359: delete node: IP: 37.252.172.250. Number of nodes 99
EtherApe-INFO: 17:21:37.444: delete node: IP: 178.248.237.68. Number of nodes 98
EtherApe-INFO: 17:21:37.611: New node: IP: 94.130.16.144. Number of nodes 99
EtherApe-INFO: 17:21:38.158: delete node: IP: 149.154.167.223. Number of nodes 98
EtherApe-INFO: 17:21:38.493: delete node: IP: 104.17.209.240. Number of nodes 97
EtherApe-INFO: 17:21:39.521: delete node: IP: 130.14.29.110. Number of nodes 96
EtherApe-INFO: 17:21:41.151: delete node: IP: 3.214.91.80. Number of nodes 95
EtherApe-INFO: 17:21:41.152: delete node: IP: 2.23.108.247. Number of nodes 94
EtherApe-INFO: 17:21:41.378: delete node: IP: 172.217.16.10. Number of nodes 93
EtherApe-INFO: 17:21:49.077: New node: IP: 52.40.105.243. Number of nodes 94
EtherApe-INFO: 17:21:49.095: delete node: IP: 178.248.233.33. Number of nodes 93
EtherApe-INFO: 17:22:07.022: delete node: IP: 213.184.85.58. Number of nodes 92
EtherApe-INFO: 17:22:19.583: delete node: IP: 151.101.65.69. Number of nodes 91
EtherApe-INFO: 17:22:20.900: delete node: IP: 198.252.206.25. Number of nodes 90
EtherApe-INFO: 17:22:30.466: delete node: IP: 104.81.244.232. Number of nodes 89
EtherApe-INFO: 17:22:30.466: delete node: IP: 77.88.55.55. Number of nodes 88
EtherApe-INFO: 17:22:30.466: delete node: IP: 5.255.255.80. Number of nodes 87
EtherApe-INFO: 17:22:34.774: delete node: IP: 77.88.55.50. Number of nodes 86
EtherApe-INFO: 17:22:35.806: delete node: IP: 5.255.255.88. Number of nodes 85
EtherApe-INFO: 17:22:43.298: delete node: IP: 87.245.212.11. Number of nodes 84
EtherApe-INFO: 17:22:43.298: delete node: IP: 2.18.99.124. Number of nodes 83
EtherApe-INFO: 17:22:45.962: delete node: IP: 104.81.120.141. Number of nodes 82
EtherApe-INFO: 17:22:50.253: delete node: IP: 46.137.163.140. Number of nodes 81
EtherApe-INFO: 17:22:55.517: delete node: IP: 192.124.249.41. Number of nodes 80
EtherApe-INFO: 17:22:55.517: delete node: IP: 15.236.176.210. Number of nodes 79
EtherApe-INFO: 17:22:59.211: New node: IP: 95.216.195.133. Number of nodes 80
EtherApe-INFO: 17:23:09.611: New node: IP: 149.154.167.223. Number of nodes 81
EtherApe-INFO: 17:23:13.673: delete node: IP: 145.40.68.75. Number of nodes 80
EtherApe-INFO: 17:23:18.440: delete node: IP: 192.0.73.2. Number of nodes 79
EtherApe-INFO: 17:23:19.793: delete node: IP: 172.64.155.188. Number of nodes 78
EtherApe-INFO: 17:23:19.793: delete node: IP: 2.18.99.184. Number of nodes 77
EtherApe-INFO: 17:23:21.895: delete node: IP: 108.156.253.92. Number of nodes 76
EtherApe-INFO: 17:23:23.245: delete node: IP: 198.175.96.207. Number of nodes 75
EtherApe-INFO: 17:23:23.478: New node: IP: 89.187.191.12. Number of nodes 76
EtherApe-INFO: 17:23:24.028: delete node: IP: 104.18.32.68. Number of nodes 75
EtherApe-INFO: 17:23:29.436: delete node: IP: 142.0.165.137. Number of nodes 74
EtherApe-INFO: 17:23:29.436: delete node: IP: 69.90.69.8. Number of nodes 73
EtherApe-INFO: 17:23:29.611: New node: IP: 95.216.144.15. Number of nodes 74
EtherApe-INFO: 17:23:35.239: delete node: IP: 93.184.220.29. Number of nodes 73
EtherApe-INFO: 17:23:44.039: delete node: IP: 91.198.174.208. Number of nodes 72
EtherApe-INFO: 17:23:47.014: delete node: IP: 185.199.111.154. Number of nodes 71
EtherApe-INFO: 17:23:50.144: New node: IPv6: fe80::9ada:c4ff:febf:99a5. Number of nodes 72
EtherApe-INFO: 17:23:50.144: New node: IPv6: ff02::1. Number of nodes 73
EtherApe-INFO: 17:23:50.209: delete node: IP: 52.40.105.243. Number of nodes 72
EtherApe-INFO: 17:23:56.832: delete node: IP: 207.241.225.102. Number of nodes 71
EtherApe-INFO: 17:23:56.832: delete node: IP: 207.241.224.2. Number of nodes 70
EtherApe-INFO: 17:23:59.030: delete node: IP: 185.199.109.133. Number of nodes 69
EtherApe-INFO: 17:23:59.030: delete node: IP: 142.250.186.206. Number of nodes 68
EtherApe-INFO: 17:23:59.030: delete node: IP: 140.82.121.6. Number of nodes 67
EtherApe-INFO: 17:23:59.030: delete node: IP: 140.82.121.3. Number of nodes 66
EtherApe-INFO: 17:23:59.030: delete node: IP: 140.82.114.21. Number of nodes 65
EtherApe-INFO: 17:24:07.853: delete node: IP: 87.245.216.9. Number of nodes 64
EtherApe-INFO: 17:24:13.880: delete node: IP: 104.26.8.50. Number of nodes 63
EtherApe-INFO: 17:24:13.880: delete node: IP: 104.21.42.68. Number of nodes 62
EtherApe-INFO: 17:24:14.735: delete node: IP: 104.26.6.139. Number of nodes 61
EtherApe-INFO: 17:24:14.735: delete node: IP: 104.26.3.70. Number of nodes 60
EtherApe-INFO: 17:24:14.735: delete node: IP: 35.241.45.217. Number of nodes 59
EtherApe-INFO: 17:24:14.735: delete node: IP: 35.227.238.208. Number of nodes 58
EtherApe-INFO: 17:24:17.344: New node: IP: 104.18.34.243. Number of nodes 59
EtherApe-INFO: 17:24:17.450: delete node: IP: 130.211.23.194. Number of nodes 58
EtherApe-INFO: 17:24:17.451: delete node: IP: 104.26.12.161. Number of nodes 57
EtherApe-INFO: 17:24:17.451: delete node: IP: 104.26.1.139. Number of nodes 56
EtherApe-INFO: 17:24:17.451: delete node: IP: 52.26.121.26. Number of nodes 55
EtherApe-INFO: 17:24:17.451: delete node: IP: 35.201.71.192. Number of nodes 54
EtherApe-INFO: 17:24:17.666: delete node: IP: 104.81.107.51. Number of nodes 53
EtherApe-INFO: 17:24:17.666: delete node: IP: 13.32.99.27. Number of nodes 52
EtherApe-INFO: 17:24:17.666: delete node: IP: 2.18.110.106. Number of nodes 51
EtherApe-INFO: 17:24:18.431: New node: IP: 172.64.150.227. Number of nodes 52
EtherApe-INFO: 17:24:18.437: New node: IP: 104.18.37.29. Number of nodes 53
EtherApe-INFO: 17:24:18.440: New node: IP: 172.64.156.26. Number of nodes 54
EtherApe-INFO: 17:24:18.678: New node: IP: 2.18.104.95. Number of nodes 55
EtherApe-INFO: 17:24:18.683: New node: IP: 185.33.221.52. Number of nodes 56
EtherApe-INFO: 17:24:18.947: New node: IP: 216.105.38.9. Number of nodes 57
EtherApe-INFO: 17:24:18.947: New node: IP: 172.64.153.2. Number of nodes 58
EtherApe-INFO: 17:24:19.478: New node: IP: 87.245.216.107. Number of nodes 59
EtherApe-INFO: 17:24:19.479: New node: IP: 2.18.103.237. Number of nodes 60
EtherApe-INFO: 17:24:19.549: delete node: IP: 142.250.75.2. Number of nodes 59
EtherApe-INFO: 17:24:19.549: delete node: IP: 65.9.63.73. Number of nodes 58
EtherApe-INFO: 17:24:19.549: delete node: IP: 3.227.65.29. Number of nodes 57
EtherApe-INFO: 17:24:22.680: New node: IP: 104.81.244.232. Number of nodes 58
EtherApe-INFO: 17:24:22.761: delete node: IP: 216.58.215.99. Number of nodes 57
EtherApe-INFO: 17:24:22.761: delete node: IP: 104.16.200.58. Number of nodes 56
EtherApe-INFO: 17:24:22.761: delete node: IP: 95.47.236.28. Number of nodes 55
EtherApe-INFO: 17:24:23.744: delete node: IP: 82.192.95.170. Number of nodes 54
EtherApe-INFO: 17:24:24.011: New node: IP: 216.58.215.106. Number of nodes 55
EtherApe-INFO: 17:24:27.299: delete node: IP: 104.18.10.207. Number of nodes 54
EtherApe-INFO: 17:24:27.514: delete node: IP: 104.18.11.207. Number of nodes 53
EtherApe-INFO: 17:24:27.514: delete node: IP: 69.16.175.10. Number of nodes 52
EtherApe-INFO: 17:24:32.912: delete node: IP: 172.217.16.14. Number of nodes 51
EtherApe-INFO: 17:24:32.912: delete node: IP: 142.250.203.131. Number of nodes 50
EtherApe-INFO: 17:24:32.912: delete node: IP: 52.208.4.43. Number of nodes 49
EtherApe-INFO: 17:24:35.027: delete node: IP: 104.17.208.240. Number of nodes 48
EtherApe-INFO: 17:24:38.144: New node: IP: 172.217.16.5. Number of nodes 49
EtherApe-INFO: 17:24:38.157: delete node: IP: 142.250.186.193. Number of nodes 48
EtherApe-INFO: 17:24:38.157: delete node: IP: 142.250.75.14. Number of nodes 47
EtherApe-INFO: 17:24:38.489: delete node: IP: 172.217.20.195. Number of nodes 46
EtherApe-INFO: 17:24:39.583: delete node: IP: 146.158.13.145. Number of nodes 45
EtherApe-INFO: 17:24:39.583: delete node: IP: 91.198.174.192. Number of nodes 44
EtherApe-INFO: 17:24:56.051: delete node: IP: 34.117.237.239. Number of nodes 43
EtherApe-INFO: 17:24:59.256: delete node: IP: 199.232.16.223. Number of nodes 42
EtherApe-INFO: 17:24:59.801: delete node: IP: 95.216.195.133. Number of nodes 41
EtherApe-INFO: 17:25:00.277: New node: IP: 140.82.113.26. Number of nodes 42
EtherApe-INFO: 17:25:00.570: delete node: IP: 199.36.158.100. Number of nodes 41
EtherApe-INFO: 17:25:09.616: delete node: IP: 151.101.129.69. Number of nodes 40
EtherApe-INFO: 17:25:10.144: New node: IP: 69.16.175.10. Number of nodes 41
EtherApe-INFO: 17:25:14.989: delete node: IP: 198.51.233.2. Number of nodes 40
EtherApe-INFO: 17:25:17.980: delete node: IP: 199.232.16.193. Number of nodes 39
EtherApe-INFO: 17:25:17.980: delete node: IP: 172.217.20.170. Number of nodes 38
EtherApe-INFO: 17:25:18.755: delete node: IP: 151.101.193.69. Number of nodes 37
EtherApe-INFO: 17:25:29.346: delete node: IP: 142.250.203.197. Number of nodes 36
EtherApe-INFO: 17:25:29.347: delete node: IP: 89.187.191.12. Number of nodes 35
EtherApe-INFO: 17:25:30.777: delete node: IP: 95.216.144.15. Number of nodes 34
EtherApe-INFO: 17:25:50.171: delete node: IPv6: ff02::1. Number of nodes 33
EtherApe-INFO: 17:25:50.172: delete node: IPv6: fe80::9ada:c4ff:febf:99a5. Number of nodes 32
EtherApe-INFO: 17:25:51.579: delete node: IP: 172.217.16.4. Number of nodes 31
EtherApe-INFO: 17:25:54.744: delete node: IP: 172.217.16.42. Number of nodes 30
EtherApe-INFO: 17:26:00.277: New node: IP: 95.216.144.15. Number of nodes 31
EtherApe-INFO: 17:26:07.214: New node: IP: 172.217.16.42. Number of nodes 32
EtherApe-INFO: 17:26:21.385: delete node: IP: 104.18.37.29. Number of nodes 31
EtherApe-INFO: 17:26:30.144: New node: IP: 91.236.251.234. Number of nodes 32
EtherApe-INFO: 17:26:30.232: delete node: IP: 185.33.221.52. Number of nodes 31
EtherApe-INFO: 17:26:30.232: delete node: IP: 69.16.175.42. Number of nodes 30
EtherApe-INFO: 17:26:32.853: delete node: IP: 104.18.34.243. Number of nodes 29
EtherApe-INFO: 17:26:40.304: delete node: IP: 2.18.104.95. Number of nodes 28
EtherApe-INFO: 17:26:48.283: New node: IP: 52.40.105.243. Number of nodes 29
EtherApe-INFO: 17:26:51.535: delete node: IP: 216.105.38.9. Number of nodes 28
EtherApe-INFO: 17:27:00.259: delete node: IP: 140.82.112.25. Number of nodes 27
EtherApe-INFO: 17:27:00.770: New node: IP: 149.154.165.111. Number of nodes 28
EtherApe-INFO: 17:27:15.015: delete node: IP: 94.130.16.144. Number of nodes 27
EtherApe-INFO: 17:27:30.881: delete node: IP: 104.81.244.232. Number of nodes 26
EtherApe-INFO: 17:27:43.051: New node: IP: 94.130.16.144. Number of nodes 27
EtherApe-INFO: 17:27:59.051: New node: IP: 95.216.195.133. Number of nodes 28
EtherApe-INFO: 17:28:08.450: delete node: IP: 172.217.16.42. Number of nodes 27
EtherApe-INFO: 17:28:20.673: delete node: IP: 87.245.216.107. Number of nodes 26
EtherApe-INFO: 17:28:20.673: delete node: IP: 2.18.103.237. Number of nodes 25
EtherApe-INFO: 17:28:32.156: delete node: IP: 91.236.251.234. Number of nodes 24
EtherApe-INFO: 17:28:51.896: delete node: IP: 52.40.105.243. Number of nodes 23
EtherApe-INFO: 17:29:10.581: delete node: IP: 172.64.156.26. Number of nodes 22
EtherApe-INFO: 17:29:10.581: delete node: IP: 172.64.153.2. Number of nodes 21
EtherApe-INFO: 17:29:10.581: delete node: IP: 172.64.150.227. Number of nodes 20
EtherApe-INFO: 17:29:15.099: delete node: IP: 216.58.215.106. Number of nodes 19
EtherApe-INFO: 17:29:22.789: delete node: IP: 149.154.165.111. Number of nodes 18
EtherApe-INFO: 17:29:22.789: delete node: IP: 95.216.144.15. Number of nodes 17
EtherApe-INFO: 17:29:23.054: New node: IP: 104.81.244.232. Number of nodes 18
EtherApe-INFO: 17:29:29.724: delete node: IP: 172.217.16.5. Number of nodes 17
EtherApe-INFO: 17:29:47.137: delete node: IP: 149.154.167.223. Number of nodes 16
EtherApe-INFO: 17:30:00.660: delete node: IP: 95.216.195.133. Number of nodes 15
EtherApe-INFO: 17:30:05.452: New node: IP: 69.16.175.42. Number of nodes 16
EtherApe-INFO: 17:30:05.723: New node: IP: 172.217.20.162. Number of nodes 17
EtherApe-INFO: 17:30:05.723: New node: IP: 216.58.215.78. Number of nodes 18
EtherApe-INFO: 17:30:05.984: New node: IP: 142.250.203.131. Number of nodes 19
EtherApe-INFO: 17:30:11.071: delete node: IP: 216.58.209.14. Number of nodes 18
EtherApe-INFO: 17:30:21.184: New node: IP: 142.250.203.142. Number of nodes 19
EtherApe-INFO: 17:30:22.517: New node: IPv6: fe80::9ada:c4ff:febf:99a5. Number of nodes 20
EtherApe-INFO: 17:30:22.517: New node: IPv6: ff02::1. Number of nodes 21
EtherApe-INFO: 17:30:38.252: New node: IP: 142.250.203.197. Number of nodes 22
EtherApe-INFO: 17:30:39.584: New node: IP: 204.187.15.5. Number of nodes 23
EtherApe-INFO: 17:30:40.652: New node: IP: 37.19.218.108. Number of nodes 24
EtherApe-INFO: 17:30:40.658: New node: IP: 87.245.216.9. Number of nodes 25
EtherApe-INFO: 17:30:41.985: New node: IP: 151.101.2.137. Number of nodes 26
EtherApe-INFO: 17:30:48.130: delete node: IP: 34.120.208.123. Number of nodes 25
EtherApe-INFO: 17:30:58.521: New node: IP: 34.120.208.123. Number of nodes 26
EtherApe-INFO: 17:31:49.451: New node: IP: 52.40.105.243. Number of nodes 27
EtherApe-INFO: 17:32:18.591: delete node: IP: 94.130.16.144. Number of nodes 26
EtherApe-INFO: 17:32:24.918: New node: IP: 142.250.75.10. Number of nodes 27
EtherApe-INFO: 17:32:24.992: delete node: IPv6: ff02::1. Number of nodes 26
EtherApe-INFO: 17:32:24.992: delete node: IPv6: fe80::9ada:c4ff:febf:99a5. Number of nodes 25
EtherApe-INFO: 17:32:32.957: delete node: IP: 104.81.244.232. Number of nodes 24
EtherApe-INFO: 17:32:59.051: New node: IP: 95.216.195.133. Number of nodes 25
EtherApe-INFO: 17:33:18.015: delete node: IP: 69.16.175.10. Number of nodes 24
EtherApe-INFO: 17:33:49.985: New node: IP: 142.250.203.202. Number of nodes 25
EtherApe-INFO: 17:33:50.055: delete node: IP: 52.40.105.243. Number of nodes 24
EtherApe-INFO: 17:33:58.843: delete node: IP: 204.187.15.5. Number of nodes 23
EtherApe-INFO: 17:34:03.909: delete node: IP: 142.250.203.131. Number of nodes 22
EtherApe-INFO: 17:34:23.318: New node: IP: 104.81.244.232. Number of nodes 23
EtherApe-INFO: 17:34:38.539: delete node: IP: 87.245.216.9. Number of nodes 22
EtherApe-INFO: 17:34:55.318: New node: IP: 216.58.209.14. Number of nodes 23
EtherApe-INFO: 17:35:00.749: delete node: IP: 216.58.215.78. Number of nodes 22
EtherApe-INFO: 17:35:00.749: delete node: IP: 172.217.20.162. Number of nodes 21
EtherApe-INFO: 17:35:00.749: delete node: IP: 95.216.195.133. Number of nodes 20
EtherApe-INFO: 17:35:00.749: delete node: IP: 69.16.175.42. Number of nodes 19
EtherApe-INFO: 17:35:04.918: New node: IP: 34.117.237.239. Number of nodes 20
EtherApe-INFO: 17:35:14.571: delete node: IP: 142.250.203.142. Number of nodes 19
EtherApe-INFO: 17:35:33.783: delete node: IP: 151.101.2.137. Number of nodes 18
EtherApe-INFO: 17:35:33.783: delete node: IP: 37.19.218.108. Number of nodes 17
EtherApe-INFO: 17:35:51.394: delete node: IP: 34.120.208.123. Number of nodes 16
EtherApe-INFO: 17:36:09.984: New node: IP: 204.68.111.105. Number of nodes 17
EtherApe-INFO: 17:36:10.786: New node: IP: 148.251.120.111. Number of nodes 18
EtherApe-INFO: 17:36:49.450: New node: IP: 52.40.105.243. Number of nodes 19
EtherApe-INFO: 17:36:51.317: New node: IPv6: fe80::9ada:c4ff:febf:99a5. Number of nodes 20
EtherApe-INFO: 17:36:51.317: New node: IPv6: ff02::1. Number of nodes 21
EtherApe-INFO: 17:37:20.659: delete node: IP: 142.250.75.10. Number of nodes 20
EtherApe-INFO: 17:37:32.454: delete node: IP: 104.81.244.232. Number of nodes 19
EtherApe-INFO: 17:37:59.051: New node: IP: 95.216.195.133. Number of nodes 20
EtherApe-INFO: 17:38:11.658: delete node: IP: 204.68.111.105. Number of nodes 19
EtherApe-INFO: 17:38:11.658: delete node: IP: 148.251.120.111. Number of nodes 18
EtherApe-INFO: 17:38:44.666: delete node: IP: 142.250.203.202. Number of nodes 17
EtherApe-INFO: 17:38:53.196: delete node: IPv6: ff02::1. Number of nodes 16
EtherApe-INFO: 17:38:53.197: delete node: IPv6: fe80::9ada:c4ff:febf:99a5. Number of nodes 15
EtherApe-INFO: 17:38:53.197: delete node: IP: 52.40.105.243. Number of nodes 14
EtherApe-INFO: 17:39:23.584: New node: IP: 104.81.244.232. Number of nodes 15
EtherApe-INFO: 17:39:30.270: delete node: IP: 142.250.203.197. Number of nodes 14
EtherApe-INFO: 17:39:56.750: delete node: IP: 34.117.237.239. Number of nodes 13
EtherApe-INFO: 17:39:59.419: delete node: IP: 95.216.195.133. Number of nodes 12
EtherApe-INFO: 17:40:04.917: New node: IP: 149.154.167.223. Number of nodes 13
EtherApe-INFO: 17:40:17.248: delete node: IP: 216.58.209.14. Number of nodes 12
EtherApe-INFO: 17:40:21.451: New node: IP: 142.250.203.142. Number of nodes 13
EtherApe-INFO: 17:40:26.784: New node: IPv6: fe80::9ada:c4ff:febf:99a5. Number of nodes 14
EtherApe-INFO: 17:40:26.784: New node: IPv6: ff02::1. Number of nodes 15
EtherApe-INFO: 17:40:38.518: New node: IP: 172.217.16.5. Number of nodes 16
EtherApe-INFO: 17:41:37.450: New node: IP: 89.238.71.3. Number of nodes 17
EtherApe-INFO: 17:41:38.251: New node: IP: 37.19.218.108. Number of nodes 18
EtherApe-INFO: 17:41:39.057: New node: IP: 142.250.75.10. Number of nodes 19
EtherApe-INFO: 17:41:49.717: New node: IP: 52.40.105.243. Number of nodes 20
EtherApe-INFO: 17:42:02.251: New node: IP: 89.187.191.12. Number of nodes 21
EtherApe-INFO: 17:42:20.487: delete node: IP: 149.154.167.223. Number of nodes 20
EtherApe-INFO: 17:42:23.850: New node: IP: 204.187.15.5. Number of nodes 21
EtherApe-INFO: 17:42:30.589: delete node: IPv6: ff02::1. Number of nodes 20
EtherApe-INFO: 17:42:30.589: delete node: IPv6: fe80::9ada:c4ff:febf:99a5. Number of nodes 19
EtherApe-INFO: 17:42:37.005: delete node: IP: 104.81.244.232. Number of nodes 18
EtherApe-INFO: 17:42:59.051: New node: IP: 95.216.195.133. Number of nodes 19
EtherApe-INFO: 17:43:52.479: delete node: IP: 142.250.75.10. Number of nodes 18
EtherApe-INFO: 17:43:52.479: delete node: IP: 52.40.105.243. Number of nodes 17
EtherApe-INFO: 17:43:53.721: New node: IP: 104.26.5.40. Number of nodes 18
EtherApe-INFO: 17:43:53.749: delete node: IP: 37.19.218.108. Number of nodes 17
EtherApe-INFO: 17:43:54.785: New node: IP: 172.67.72.134. Number of nodes 18
EtherApe-INFO: 17:43:54.787: New node: IP: 192.0.76.3. Number of nodes 19
EtherApe-INFO: 17:43:54.793: New node: IP: 172.64.156.26. Number of nodes 20
EtherApe-INFO: 17:43:54.793: New node: IP: 142.250.75.8. Number of nodes 21
EtherApe-INFO: 17:43:55.051: New node: IP: 216.58.215.99. Number of nodes 22
EtherApe-INFO: 17:43:55.322: New node: IP: 142.250.186.206. Number of nodes 23
EtherApe-INFO: 17:43:55.323: New node: IP: 172.217.20.195. Number of nodes 24
EtherApe-INFO: 17:43:55.851: New node: IP: 216.58.215.110. Number of nodes 25
EtherApe-INFO: 17:43:59.615: delete node: IP: 89.238.71.3. Number of nodes 24
EtherApe-INFO: 17:44:00.117: New node: IP: 192.0.73.2. Number of nodes 25
EtherApe-INFO: 17:44:23.851: New node: IP: 104.81.244.232. Number of nodes 26
EtherApe-INFO: 17:44:25.815: delete node: IP: 204.187.15.5. Number of nodes 25
EtherApe-INFO: 17:44:47.853: New node: IPv6: fe80::9ada:c4ff:febf:99a5. Number of nodes 26
EtherApe-INFO: 17:44:47.853: New node: IPv6: ff02::1. Number of nodes 27
EtherApe-INFO: 17:44:59.931: delete node: IP: 95.216.195.133. Number of nodes 26
EtherApe-INFO: 17:45:14.034: delete node: IP: 142.250.203.142. Number of nodes 25
EtherApe-INFO: 17:45:22.031: delete node: IP: 89.187.191.12. Number of nodes 24
EtherApe-INFO: 17:46:00.722: delete node: IP: 216.58.215.110. Number of nodes 23
EtherApe-INFO: 17:46:00.722: delete node: IP: 172.67.72.134. Number of nodes 22
EtherApe-INFO: 17:46:32.426: delete node: IP: 192.0.73.2. Number of nodes 21
EtherApe-INFO: 17:46:37.184: New node: IP: 216.58.208.202. Number of nodes 22
EtherApe-INFO: 17:46:48.944: delete node: IPv6: ff02::1. Number of nodes 21
EtherApe-INFO: 17:46:48.944: delete node: IPv6: fe80::9ada:c4ff:febf:99a5. Number of nodes 20
EtherApe-INFO: 17:46:49.984: New node: IP: 52.40.105.243. Number of nodes 21
EtherApe-INFO: 17:46:55.380: delete node: IP: 192.0.76.3. Number of nodes 20
EtherApe-INFO: 17:47:02.784: New node: IP: 149.154.167.223. Number of nodes 21
(etherape:1711): Gdk-DEBUG: 17:47:12.242: etherape: Fatal IO error 11 (Resource temporarily unavailable) on X server :0.

