(etherape:2453): GLib-GIO-DEBUG: 22:35:28.251: _g_io_module_get_default: Found default implementation local (GLocalVfs) for ‘gio-vfs’
EtherApe-INFO: 22:35:28.400: sctp protocol not supported
EtherApe-INFO: 22:35:28.400: dccp protocol not supported
EtherApe-INFO: 22:35:28.400: sctp protocol not supported
EtherApe-INFO: 22:35:28.400: sctp protocol not supported
EtherApe-INFO: 22:35:28.400: sctp protocol not supported
EtherApe-INFO: 22:35:28.400: sctp protocol not supported
EtherApe-INFO: 22:35:28.400: sctp protocol not supported
EtherApe-INFO: 22:35:28.401: sctp protocol not supported
EtherApe-INFO: 22:35:28.401: sctp protocol not supported
EtherApe-INFO: 22:35:28.401: dccp protocol not supported
EtherApe-INFO: 22:35:28.401: sctp protocol not supported
EtherApe-INFO: 22:35:28.401: dccp protocol not supported
EtherApe-INFO: 22:35:28.401: dccp protocol not supported
EtherApe-INFO: 22:35:28.401: sctp protocol not supported
EtherApe-INFO: 22:35:28.402: sctp protocol not supported
EtherApe-INFO: 22:35:28.402: sctp protocol not supported
EtherApe-INFO: 22:35:28.402: sctp protocol not supported
EtherApe-INFO: 22:35:28.402: sctp protocol not supported
EtherApe-INFO: 22:35:28.403: sctp protocol not supported
EtherApe-INFO: 22:35:28.403: sctp protocol not supported
EtherApe-INFO: 22:35:28.403: sctp protocol not supported
EtherApe-INFO: 22:35:28.403: sctp protocol not supported
EtherApe-INFO: 22:35:28.403: sctp protocol not supported
EtherApe-INFO: 22:35:28.404: sctp protocol not supported
EtherApe-INFO: 22:35:28.404: sctp protocol not supported
EtherApe-INFO: 22:35:28.404: sctp protocol not supported
EtherApe-INFO: 22:35:28.404: sctp protocol not supported
EtherApe-INFO: 22:35:28.405: sctp protocol not supported
EtherApe-INFO: 22:35:28.405: dccp protocol not supported
EtherApe-INFO: 22:35:28.405: sctp protocol not supported
EtherApe-INFO: 22:35:28.405: sctp protocol not supported
EtherApe-INFO: 22:35:28.405: dccp protocol not supported
EtherApe-INFO: 22:35:28.405: sctp protocol not supported
EtherApe-INFO: 22:35:28.405: sctp protocol not supported
EtherApe-INFO: 22:35:28.405: sctp protocol not supported
EtherApe-INFO: 22:35:28.405: dccp protocol not supported
EtherApe-INFO: 22:35:28.405: dccp protocol not supported
EtherApe-INFO: 22:35:28.405: sctp protocol not supported
EtherApe-INFO: 22:35:28.405: sctp protocol not supported
EtherApe-INFO: 22:35:28.405: sctp protocol not supported
EtherApe-INFO: 22:35:28.405: sctp protocol not supported
EtherApe-INFO: 22:35:28.405: sctp protocol not supported
EtherApe-INFO: 22:35:28.405: sctp protocol not supported
EtherApe-INFO: 22:35:28.406: sctp protocol not supported
EtherApe-INFO: 22:35:28.406: sctp protocol not supported
EtherApe-INFO: 22:35:28.406: sctp protocol not supported
EtherApe-INFO: 22:35:28.406: sctp protocol not supported
EtherApe-INFO: 22:35:28.406: sctp protocol not supported
EtherApe-INFO: 22:35:28.406: sctp protocol not supported
EtherApe-INFO: 22:35:28.406: sctp protocol not supported
EtherApe-INFO: 22:35:28.406: dccp protocol not supported
EtherApe-INFO: 22:35:28.406: sctp protocol not supported
EtherApe-INFO: 22:35:28.406: sctp protocol not supported
EtherApe-INFO: 22:35:28.406: sctp protocol not supported
EtherApe-INFO: 22:35:28.406: sctp protocol not supported
EtherApe-INFO: 22:35:28.406: sctp protocol not supported
EtherApe-INFO: 22:35:28.406: sctp protocol not supported
EtherApe-INFO: 22:35:28.406: sctp protocol not supported
EtherApe-INFO: 22:35:28.406: sctp protocol not supported
EtherApe-INFO: 22:35:28.407: sctp protocol not supported
EtherApe-INFO: 22:35:28.407: sctp protocol not supported
EtherApe-INFO: 22:35:28.407: sctp protocol not supported
EtherApe-INFO: 22:35:28.407: sctp protocol not supported
EtherApe-INFO: 22:35:28.407: sctp protocol not supported
EtherApe-INFO: 22:35:28.407: sctp protocol not supported
EtherApe-INFO: 22:35:28.407: sctp protocol not supported
EtherApe-INFO: 22:35:28.407: sctp protocol not supported
EtherApe-INFO: 22:35:28.407: sctp protocol not supported
EtherApe-INFO: 22:35:28.407: sctp protocol not supported
EtherApe-INFO: 22:35:28.407: sctp protocol not supported
EtherApe-INFO: 22:35:28.407: sctp protocol not supported
EtherApe-INFO: 22:35:28.407: sctp protocol not supported
EtherApe-INFO: 22:35:28.407: sctp protocol not supported
EtherApe-INFO: 22:35:28.407: sctp protocol not supported
EtherApe-INFO: 22:35:28.407: sctp protocol not supported
EtherApe-INFO: 22:35:28.408: sctp protocol not supported
EtherApe-INFO: 22:35:28.408: sctp protocol not supported
EtherApe-INFO: 22:35:28.408: sctp protocol not supported
EtherApe-INFO: 22:35:28.408: sctp protocol not supported
EtherApe-INFO: 22:35:28.408: sctp protocol not supported
EtherApe-INFO: 22:35:28.408: sctp protocol not supported
EtherApe-INFO: 22:35:28.408: sctp protocol not supported
EtherApe-INFO: 22:35:28.408: sctp protocol not supported
EtherApe-INFO: 22:35:28.408: sctp protocol not supported
EtherApe-INFO: 22:35:28.408: sctp protocol not supported
EtherApe-INFO: 22:35:28.408: sctp protocol not supported
EtherApe-INFO: 22:35:28.408: sctp protocol not supported
EtherApe-INFO: 22:35:28.660: get_interface result: ''
EtherApe-INFO: 22:35:28.661: Available interfaces for capture: wwp0s20u4i6 dbus-session dbus-system nfqueue nflog bluetooth-monitor wlp3s0 lo any enp0s25
EtherApe-INFO: 22:35:28.708: Link type is LINUX_SLL
EtherApe-INFO: 22:35:28.708: Diagram started
EtherApe-INFO: 22:35:29.178: New node: IP: 127.0.0.1. Number of nodes 1
EtherApe-INFO: 22:35:35.998: New node: IP: 0.0.0.0. Number of nodes 2
EtherApe-INFO: 22:35:35.998: New node: IP: 255.255.255.255. Number of nodes 3
EtherApe-INFO: 22:35:35.999: New node: IP: 192.168.2.1. Number of nodes 4
EtherApe-INFO: 22:35:35.999: New node: IP: 192.168.2.226. Number of nodes 5
EtherApe-INFO: 22:35:35.999: New node: IP: 149.154.167.92. Number of nodes 6
EtherApe-INFO: 22:35:35.999: New node: IP: 149.154.167.50. Number of nodes 7
EtherApe-INFO: 22:35:36.258: New node: IP: 149.154.167.51. Number of nodes 8
EtherApe-INFO: 22:35:36.258: New node: IP: 149.154.167.91. Number of nodes 9
EtherApe-INFO: 22:35:37.308: New node: IP: 149.154.167.223. Number of nodes 10
EtherApe-INFO: 22:35:49.058: New node: IP: 89.187.191.12. Number of nodes 11
EtherApe-INFO: 22:35:51.248: New node: IP: 95.216.195.133. Number of nodes 12
EtherApe-INFO: 22:35:53.350: New node: IP: 79.142.192.4. Number of nodes 13
EtherApe-INFO: 22:35:59.848: New node: IP: 239.255.255.250. Number of nodes 14
EtherApe-INFO: 22:36:00.108: New node: IP: 104.17.50.74. Number of nodes 15
EtherApe-INFO: 22:36:00.108: New node: IP: 172.217.20.206. Number of nodes 16
EtherApe-INFO: 22:36:00.898: New node: IP: 35.188.42.15. Number of nodes 17
EtherApe-INFO: 22:36:01.158: New node: IP: 142.250.203.138. Number of nodes 18
EtherApe-INFO: 22:36:01.418: New node: IP: 142.250.203.202. Number of nodes 19
EtherApe-INFO: 22:36:01.678: New node: IP: 104.18.12.33. Number of nodes 20
EtherApe-INFO: 22:36:02.738: New node: IP: 216.58.208.206. Number of nodes 21
EtherApe-INFO: 22:36:02.738: New node: IP: 224.0.0.251. Number of nodes 22
EtherApe-INFO: 22:36:02.998: New node: IP: 74.125.131.188. Number of nodes 23
EtherApe-INFO: 22:36:02.999: New node: IP: 216.58.208.195. Number of nodes 24
EtherApe-INFO: 22:36:03.258: New node: IP: 142.250.75.13. Number of nodes 25
EtherApe-INFO: 22:36:03.258: New node: IP: 142.250.203.195. Number of nodes 26
EtherApe-INFO: 22:36:03.528: New node: IP: 172.217.16.42. Number of nodes 27
EtherApe-INFO: 22:36:04.059: New node: IP: 172.217.20.202. Number of nodes 28
EtherApe-INFO: 22:36:04.059: New node: IP: 172.67.130.207. Number of nodes 29
EtherApe-INFO: 22:36:04.060: New node: IP: 172.217.16.46. Number of nodes 30
EtherApe-INFO: 22:36:04.838: New node: IP: 142.250.186.206. Number of nodes 31
EtherApe-INFO: 22:36:06.424: New node: IP: 5.45.72.101. Number of nodes 32
EtherApe-INFO: 22:36:06.689: New node: IP: 216.58.215.74. Number of nodes 33
EtherApe-INFO: 22:36:06.689: New node: IP: 172.67.163.164. Number of nodes 34
EtherApe-INFO: 22:36:08.248: New node: IP: 95.216.144.15. Number of nodes 35
EtherApe-INFO: 22:36:08.508: New node: IP: 142.250.75.4. Number of nodes 36
EtherApe-INFO: 22:36:09.549: New node: IP: 178.154.131.217. Number of nodes 37
EtherApe-INFO: 22:36:09.549: New node: IP: 178.154.131.215. Number of nodes 38
EtherApe-INFO: 22:36:09.551: New node: IP: 178.154.131.216. Number of nodes 39
EtherApe-INFO: 22:36:09.808: New node: IP: 172.217.16.14. Number of nodes 40
EtherApe-INFO: 22:36:10.068: New node: IP: 50.7.234.226. Number of nodes 41
EtherApe-INFO: 22:36:10.328: New node: IP: 142.250.75.3. Number of nodes 42
EtherApe-INFO: 22:36:10.588: New node: IP: 136.243.44.107. Number of nodes 43
EtherApe-INFO: 22:36:10.588: New node: IP: 142.250.203.145. Number of nodes 44
EtherApe-INFO: 22:36:10.848: New node: IP: 198.16.95.23. Number of nodes 45
EtherApe-INFO: 22:36:12.148: New node: IP: 94.130.163.234. Number of nodes 46
EtherApe-INFO: 22:36:12.691: New node: IP: 216.58.209.1. Number of nodes 47
EtherApe-INFO: 22:36:13.208: New node: IP: 216.58.209.3. Number of nodes 48
EtherApe-INFO: 22:36:16.619: New node: IP: 216.58.215.78. Number of nodes 49
EtherApe-INFO: 22:36:16.624: New node: IP: 142.250.186.202. Number of nodes 50
EtherApe-INFO: 22:37:37.831: delete node: IP: 255.255.255.255. Number of nodes 49
EtherApe-INFO: 22:37:37.832: delete node: IP: 149.154.167.92. Number of nodes 48
EtherApe-INFO: 22:37:37.832: delete node: IP: 149.154.167.91. Number of nodes 47
EtherApe-INFO: 22:37:37.832: delete node: IP: 0.0.0.0. Number of nodes 46
EtherApe-INFO: 22:37:54.251: delete node: IP: 95.216.195.133. Number of nodes 45
EtherApe-INFO: 22:37:57.878: delete node: IP: 149.154.167.50. Number of nodes 44
EtherApe-INFO: 22:38:04.057: delete node: IP: 239.255.255.250. Number of nodes 43
EtherApe-INFO: 22:38:04.057: delete node: IP: 89.187.191.12. Number of nodes 42
EtherApe-INFO: 22:38:07.778: delete node: IP: 224.0.0.251. Number of nodes 41
EtherApe-INFO: 22:38:17.928: delete node: IP: 216.58.215.74. Number of nodes 40
EtherApe-INFO: 22:38:17.929: delete node: IP: 216.58.208.206. Number of nodes 39
EtherApe-INFO: 22:38:17.929: delete node: IP: 198.16.95.23. Number of nodes 38
EtherApe-INFO: 22:38:17.929: delete node: IP: 178.154.131.217. Number of nodes 37
EtherApe-INFO: 22:38:17.929: delete node: IP: 178.154.131.216. Number of nodes 36
EtherApe-INFO: 22:38:17.929: delete node: IP: 178.154.131.215. Number of nodes 35
EtherApe-INFO: 22:38:17.929: delete node: IP: 172.217.20.206. Number of nodes 34
EtherApe-INFO: 22:38:17.929: delete node: IP: 172.217.16.14. Number of nodes 33
EtherApe-INFO: 22:38:17.929: delete node: IP: 172.67.163.164. Number of nodes 32
EtherApe-INFO: 22:38:17.929: delete node: IP: 172.67.130.207. Number of nodes 31
EtherApe-INFO: 22:38:17.929: delete node: IP: 142.250.203.202. Number of nodes 30
EtherApe-INFO: 22:38:17.929: delete node: IP: 142.250.203.195. Number of nodes 29
EtherApe-INFO: 22:38:17.929: delete node: IP: 142.250.203.145. Number of nodes 28
EtherApe-INFO: 22:38:17.929: delete node: IP: 142.250.203.138. Number of nodes 27
EtherApe-INFO: 22:38:17.930: delete node: IP: 142.250.75.13. Number of nodes 26
EtherApe-INFO: 22:38:17.930: delete node: IP: 136.243.44.107. Number of nodes 25
EtherApe-INFO: 22:38:17.930: delete node: IP: 104.18.12.33. Number of nodes 24
EtherApe-INFO: 22:38:17.930: delete node: IP: 104.17.50.74. Number of nodes 23
EtherApe-INFO: 22:38:17.930: delete node: IP: 95.216.144.15. Number of nodes 22
EtherApe-INFO: 22:38:17.930: delete node: IP: 35.188.42.15. Number of nodes 21
EtherApe-INFO: 22:38:17.930: delete node: IP: 5.45.72.101. Number of nodes 20
EtherApe-INFO: 22:38:27.830: delete node: IP: 216.58.215.78. Number of nodes 19
EtherApe-INFO: 22:38:27.830: delete node: IP: 216.58.209.3. Number of nodes 18
EtherApe-INFO: 22:38:27.830: delete node: IP: 216.58.209.1. Number of nodes 17
EtherApe-INFO: 22:38:27.830: delete node: IP: 216.58.208.195. Number of nodes 16
EtherApe-INFO: 22:38:27.830: delete node: IP: 172.217.20.202. Number of nodes 15
EtherApe-INFO: 22:38:27.830: delete node: IP: 172.217.16.46. Number of nodes 14
EtherApe-INFO: 22:38:27.830: delete node: IP: 172.217.16.42. Number of nodes 13
EtherApe-INFO: 22:38:27.831: delete node: IP: 149.154.167.223. Number of nodes 12
EtherApe-INFO: 22:38:27.831: delete node: IP: 142.250.186.206. Number of nodes 11
EtherApe-INFO: 22:38:27.831: delete node: IP: 142.250.186.202. Number of nodes 10
EtherApe-INFO: 22:38:27.831: delete node: IP: 142.250.75.4. Number of nodes 9
EtherApe-INFO: 22:38:27.831: delete node: IP: 142.250.75.3. Number of nodes 8
EtherApe-INFO: 22:38:27.831: delete node: IP: 94.130.163.234. Number of nodes 7
EtherApe-INFO: 22:38:27.831: delete node: IP: 74.125.131.188. Number of nodes 6
EtherApe-INFO: 22:38:27.831: delete node: IP: 50.7.234.226. Number of nodes 5
EtherApe-INFO: 22:39:25.168: New node: IP: 149.154.167.223. Number of nodes 6
EtherApe-INFO: 22:39:34.916: delete node: IP: 79.142.192.4. Number of nodes 5
EtherApe-INFO: 22:39:37.988: New node: IP: 79.142.192.4. Number of nodes 6
EtherApe-INFO: 22:39:45.063: delete node: IP: 192.168.2.1. Number of nodes 5
EtherApe-INFO: 22:39:51.058: New node: IP: 192.168.2.1. Number of nodes 6
EtherApe-INFO: 22:40:51.268: New node: IP: 95.216.195.133. Number of nodes 7
EtherApe-INFO: 22:41:40.684: delete node: IP: 79.142.192.4. Number of nodes 6
EtherApe-INFO: 22:41:43.591: delete node: IP: 149.154.167.223. Number of nodes 5
EtherApe-INFO: 22:42:52.105: delete node: IP: 192.168.2.1. Number of nodes 4
EtherApe-INFO: 22:42:52.105: delete node: IP: 95.216.195.133. Number of nodes 3
EtherApe-INFO: 22:43:14.128: New node: IPv6: fe80::9ada:c4ff:febf:99a5. Number of nodes 4
EtherApe-INFO: 22:43:14.128: New node: IPv6: ff02::1. Number of nodes 5
EtherApe-INFO: 22:43:14.388: New node: IP: 192.168.2.1. Number of nodes 6
EtherApe-INFO: 22:43:21.158: New node: IP: 149.154.167.223. Number of nodes 7
EtherApe-INFO: 22:43:54.258: New node: IP: 79.142.192.4. Number of nodes 8
EtherApe-INFO: 22:44:51.524: delete node: IP: 127.0.0.1. Number of nodes 7
EtherApe-INFO: 22:45:20.077: delete node: IPv6: ff02::1. Number of nodes 6
EtherApe-INFO: 22:45:20.077: delete node: IPv6: fe80::9ada:c4ff:febf:99a5. Number of nodes 5
EtherApe-INFO: 22:45:44.067: delete node: IP: 149.154.167.223. Number of nodes 4
EtherApe-INFO: 22:45:51.008: New node: IP: 95.216.195.133. Number of nodes 5
EtherApe-INFO: 22:45:54.128: New node: IP: 149.154.167.223. Number of nodes 6
EtherApe-INFO: 22:46:04.078: delete node: IP: 79.142.192.4. Number of nodes 5
EtherApe-INFO: 22:46:45.898: New node: IP: 151.101.192.223. Number of nodes 6
