EtherApe-INFO: 23:51:03.388: sctp protocol not supported
EtherApe-INFO: 23:51:03.388: dccp protocol not supported
EtherApe-INFO: 23:51:03.389: sctp protocol not supported
EtherApe-INFO: 23:51:03.389: sctp protocol not supported
EtherApe-INFO: 23:51:03.389: sctp protocol not supported
EtherApe-INFO: 23:51:03.389: sctp protocol not supported
EtherApe-INFO: 23:51:03.389: sctp protocol not supported
EtherApe-INFO: 23:51:03.389: sctp protocol not supported
EtherApe-INFO: 23:51:03.390: sctp protocol not supported
EtherApe-INFO: 23:51:03.390: dccp protocol not supported
EtherApe-INFO: 23:51:03.390: sctp protocol not supported
EtherApe-INFO: 23:51:03.390: dccp protocol not supported
EtherApe-INFO: 23:51:03.390: dccp protocol not supported
EtherApe-INFO: 23:51:03.390: sctp protocol not supported
EtherApe-INFO: 23:51:03.390: sctp protocol not supported
EtherApe-INFO: 23:51:03.391: sctp protocol not supported
EtherApe-INFO: 23:51:03.391: sctp protocol not supported
EtherApe-INFO: 23:51:03.391: sctp protocol not supported
EtherApe-INFO: 23:51:03.393: sctp protocol not supported
EtherApe-INFO: 23:51:03.393: sctp protocol not supported
EtherApe-INFO: 23:51:03.393: sctp protocol not supported
EtherApe-INFO: 23:51:03.393: sctp protocol not supported
EtherApe-INFO: 23:51:03.393: sctp protocol not supported
EtherApe-INFO: 23:51:03.394: sctp protocol not supported
EtherApe-INFO: 23:51:03.394: sctp protocol not supported
EtherApe-INFO: 23:51:03.394: sctp protocol not supported
EtherApe-INFO: 23:51:03.394: sctp protocol not supported
EtherApe-INFO: 23:51:03.394: sctp protocol not supported
EtherApe-INFO: 23:51:03.394: dccp protocol not supported
EtherApe-INFO: 23:51:03.395: sctp protocol not supported
EtherApe-INFO: 23:51:03.395: sctp protocol not supported
EtherApe-INFO: 23:51:03.395: dccp protocol not supported
EtherApe-INFO: 23:51:03.395: sctp protocol not supported
EtherApe-INFO: 23:51:03.395: sctp protocol not supported
EtherApe-INFO: 23:51:03.395: sctp protocol not supported
EtherApe-INFO: 23:51:03.395: dccp protocol not supported
EtherApe-INFO: 23:51:03.395: dccp protocol not supported
EtherApe-INFO: 23:51:03.395: sctp protocol not supported
EtherApe-INFO: 23:51:03.395: sctp protocol not supported
EtherApe-INFO: 23:51:03.395: sctp protocol not supported
EtherApe-INFO: 23:51:03.395: sctp protocol not supported
EtherApe-INFO: 23:51:03.395: sctp protocol not supported
EtherApe-INFO: 23:51:03.395: sctp protocol not supported
EtherApe-INFO: 23:51:03.395: sctp protocol not supported
EtherApe-INFO: 23:51:03.395: sctp protocol not supported
EtherApe-INFO: 23:51:03.396: sctp protocol not supported
EtherApe-INFO: 23:51:03.396: sctp protocol not supported
EtherApe-INFO: 23:51:03.396: sctp protocol not supported
EtherApe-INFO: 23:51:03.396: sctp protocol not supported
EtherApe-INFO: 23:51:03.396: sctp protocol not supported
EtherApe-INFO: 23:51:03.396: dccp protocol not supported
EtherApe-INFO: 23:51:03.396: sctp protocol not supported
EtherApe-INFO: 23:51:03.396: sctp protocol not supported
EtherApe-INFO: 23:51:03.396: sctp protocol not supported
EtherApe-INFO: 23:51:03.396: sctp protocol not supported
EtherApe-INFO: 23:51:03.396: sctp protocol not supported
EtherApe-INFO: 23:51:03.396: sctp protocol not supported
EtherApe-INFO: 23:51:03.396: sctp protocol not supported
EtherApe-INFO: 23:51:03.397: sctp protocol not supported
EtherApe-INFO: 23:51:03.397: sctp protocol not supported
EtherApe-INFO: 23:51:03.397: sctp protocol not supported
EtherApe-INFO: 23:51:03.397: sctp protocol not supported
EtherApe-INFO: 23:51:03.397: sctp protocol not supported
EtherApe-INFO: 23:51:03.397: sctp protocol not supported
EtherApe-INFO: 23:51:03.397: sctp protocol not supported
EtherApe-INFO: 23:51:03.397: sctp protocol not supported
EtherApe-INFO: 23:51:03.397: sctp protocol not supported
EtherApe-INFO: 23:51:03.397: sctp protocol not supported
EtherApe-INFO: 23:51:03.397: sctp protocol not supported
EtherApe-INFO: 23:51:03.397: sctp protocol not supported
EtherApe-INFO: 23:51:03.397: sctp protocol not supported
EtherApe-INFO: 23:51:03.398: sctp protocol not supported
EtherApe-INFO: 23:51:03.398: sctp protocol not supported
EtherApe-INFO: 23:51:03.398: sctp protocol not supported
EtherApe-INFO: 23:51:03.398: sctp protocol not supported
EtherApe-INFO: 23:51:03.398: sctp protocol not supported
EtherApe-INFO: 23:51:03.398: sctp protocol not supported
EtherApe-INFO: 23:51:03.398: sctp protocol not supported
EtherApe-INFO: 23:51:03.398: sctp protocol not supported
EtherApe-INFO: 23:51:03.398: sctp protocol not supported
EtherApe-INFO: 23:51:03.398: sctp protocol not supported
EtherApe-INFO: 23:51:03.398: sctp protocol not supported
EtherApe-INFO: 23:51:03.398: sctp protocol not supported
EtherApe-INFO: 23:51:03.398: sctp protocol not supported
EtherApe-INFO: 23:51:03.398: sctp protocol not supported
EtherApe-INFO: 23:51:03.398: sctp protocol not supported
EtherApe-INFO: 23:51:03.398: sctp protocol not supported
EtherApe-INFO: 23:51:03.453: get_interface result: ''
EtherApe-INFO: 23:51:03.454: Available interfaces for capture: dbus-session dbus-system nfqueue nflog bluetooth-monitor lo any wlp1s0f3u2
EtherApe-INFO: 23:51:03.469: Link type is LINUX_SLL
EtherApe-INFO: 23:51:03.470: Diagram started
EtherApe-INFO: 23:51:03.721: New node: IP: 192.168.0.101. Number of nodes 1
EtherApe-INFO: 23:51:03.721: New node: IP: 172.217.20.10. Number of nodes 2
EtherApe-INFO: 23:51:05.055: New node: IP: 142.250.201.206. Number of nodes 3
EtherApe-INFO: 23:51:05.055: New node: IP: 3.64.200.242. Number of nodes 4
EtherApe-INFO: 23:51:05.055: New node: IP: 169.44.149.64. Number of nodes 5
EtherApe-INFO: 23:51:05.055: New node: IP: 151.101.1.164. Number of nodes 6
EtherApe-INFO: 23:51:05.056: New node: IP: 52.202.203.46. Number of nodes 7
EtherApe-INFO: 23:51:05.056: New node: IP: 172.217.20.19. Number of nodes 8
EtherApe-INFO: 23:51:06.392: New node: IP: 66.228.47.22. Number of nodes 9
EtherApe-INFO: 23:51:06.655: New node: IP: 140.82.114.26. Number of nodes 10
EtherApe-INFO: 23:51:06.922: New node: IP: 78.154.186.225. Number of nodes 11
EtherApe-INFO: 23:51:07.455: New node: IP: 8.8.8.8. Number of nodes 12
EtherApe-INFO: 23:51:08.255: New node: IP: 82.192.95.170. Number of nodes 13
EtherApe-INFO: 23:51:10.125: New node: IP: 1.1.1.1. Number of nodes 14
EtherApe-INFO: 23:51:11.721: New node: IP: 149.154.167.51. Number of nodes 15
EtherApe-INFO: 23:51:12.521: New node: IP: 149.154.167.50. Number of nodes 16
EtherApe-INFO: 23:51:12.788: New node: IP: 192.0.73.2. Number of nodes 17
EtherApe-INFO: 23:51:13.855: New node: IP: 178.248.232.27. Number of nodes 18
EtherApe-INFO: 23:51:14.655: New node: IP: 54.197.167.246. Number of nodes 19
EtherApe-INFO: 23:51:14.921: New node: IP: 3.90.170.8. Number of nodes 20
EtherApe-INFO: 23:51:18.121: New node: IP: 34.237.104.204. Number of nodes 21
EtherApe-INFO: 23:51:18.122: New node: IP: 107.20.56.91. Number of nodes 22
EtherApe-INFO: 23:51:19.721: New node: IP: 192.168.0.1. Number of nodes 23
EtherApe-INFO: 23:51:19.722: New node: IP: 224.0.0.1. Number of nodes 24
EtherApe-INFO: 23:51:23.188: New node: IP: 142.251.39.10. Number of nodes 25
EtherApe-INFO: 23:51:23.722: New node: IP: 142.250.180.238. Number of nodes 26
EtherApe-INFO: 23:51:24.522: New node: IP: 142.251.39.4. Number of nodes 27
EtherApe-INFO: 23:51:25.590: New node: IP: 142.251.39.69. Number of nodes 28
EtherApe-INFO: 23:51:26.122: New node: IP: 142.250.180.195. Number of nodes 29
EtherApe-INFO: 23:51:26.388: New node: IP: 142.251.39.74. Number of nodes 30
EtherApe-INFO: 23:51:26.390: New node: IP: 172.217.19.100. Number of nodes 31
EtherApe-INFO: 23:51:26.392: New node: IP: 142.251.39.67. Number of nodes 32
EtherApe-INFO: 23:51:26.656: New node: IP: 172.217.20.3. Number of nodes 33
EtherApe-INFO: 23:51:26.657: New node: IP: 178.248.233.33. Number of nodes 34
EtherApe-INFO: 23:51:26.657: New node: IP: 185.199.108.154. Number of nodes 35
EtherApe-INFO: 23:51:26.657: New node: IP: 178.248.237.68. Number of nodes 36
EtherApe-INFO: 23:51:26.659: New node: IP: 142.251.39.14. Number of nodes 37
EtherApe-INFO: 23:51:26.660: New node: IP: 34.104.35.123. Number of nodes 38
EtherApe-INFO: 23:51:26.661: New node: IP: 172.217.163.195. Number of nodes 39
EtherApe-INFO: 23:51:26.925: New node: IP: 142.251.39.46. Number of nodes 40
EtherApe-INFO: 23:51:27.349: New node: IP: 104.18.12.33. Number of nodes 41
EtherApe-INFO: 23:51:27.989: New node: IP: 172.217.20.14. Number of nodes 42
EtherApe-INFO: 23:51:29.055: New node: IP: 142.250.201.202. Number of nodes 43
EtherApe-INFO: 23:51:29.056: New node: IP: 142.251.39.42. Number of nodes 44
EtherApe-INFO: 23:51:30.663: New node: IP: 193.111.9.70. Number of nodes 45
EtherApe-INFO: 23:51:32.255: New node: IP: 140.82.121.3. Number of nodes 46
EtherApe-INFO: 23:51:32.255: New node: IP: 185.199.108.133. Number of nodes 47
EtherApe-INFO: 23:51:32.255: New node: IP: 104.18.22.52. Number of nodes 48
EtherApe-INFO: 23:51:32.255: New node: IP: 172.217.19.106. Number of nodes 49
EtherApe-INFO: 23:51:32.522: New node: IP: 104.22.64.161. Number of nodes 50
EtherApe-INFO: 23:51:33.588: New node: IP: 172.66.43.179. Number of nodes 51
EtherApe-INFO: 23:51:34.388: New node: IP: 54.77.26.130. Number of nodes 52
EtherApe-INFO: 23:51:35.725: New node: IP: 212.82.100.137. Number of nodes 53
EtherApe-INFO: 23:51:39.994: New node: IPv6: fe80::8ce0:ad04:ef8b:243c. Number of nodes 54
EtherApe-INFO: 23:51:39.994: New node: IPv6: ff02::2. Number of nodes 55
EtherApe-INFO: 23:51:44.255: New node: IP: 204.79.197.200. Number of nodes 56
EtherApe-INFO: 23:51:45.325: New node: IP: 172.217.20.13. Number of nodes 57
EtherApe-INFO: 23:51:45.855: New node: IP: 151.101.0.201. Number of nodes 58
EtherApe-INFO: 23:51:46.121: New node: IP: 89.187.169.39. Number of nodes 59
EtherApe-INFO: 23:51:46.121: New node: IP: 52.222.230.40. Number of nodes 60
EtherApe-INFO: 23:51:47.721: New node: IP: 3.93.104.25. Number of nodes 61
EtherApe-INFO: 23:51:49.325: New node: IP: 104.17.49.74. Number of nodes 62
EtherApe-INFO: 23:51:49.325: New node: IP: 142.250.102.188. Number of nodes 63
EtherApe-INFO: 23:51:56.789: New node: IP: 72.4.120.219. Number of nodes 64
EtherApe-INFO: 23:52:21.588: New node: IP: 95.216.144.15. Number of nodes 65
EtherApe-INFO: 23:52:37.058: New node: IP: 0.0.0.0. Number of nodes 66
EtherApe-INFO: 23:52:37.059: New node: IP: 255.255.255.255. Number of nodes 67
EtherApe-INFO: 23:52:37.059: New node: IPv6: ::. Number of nodes 68
EtherApe-INFO: 23:52:37.059: New node: IPv6: ff02::16. Number of nodes 69
EtherApe-INFO: 23:52:37.588: New node: IP: 192.168.0.100. Number of nodes 70
EtherApe-INFO: 23:52:37.855: New node: IPv6: ff02::1:ffd6:e234. Number of nodes 71
EtherApe-INFO: 23:52:38.125: New node: IP: 95.216.195.133. Number of nodes 72
EtherApe-INFO: 23:52:38.391: New node: IP: 140.82.113.25. Number of nodes 73
EtherApe-INFO: 23:52:38.921: New node: IPv6: fe80::b4de:d21f:61d6:e234. Number of nodes 74
EtherApe-INFO: 23:52:39.721: New node: IP: 224.0.0.251. Number of nodes 75
EtherApe-INFO: 23:52:40.788: New node: IP: 239.255.255.250. Number of nodes 76
EtherApe-INFO: 23:52:54.122: New node: IP: 142.250.180.202. Number of nodes 77
EtherApe-INFO: 23:53:07.193: delete node: IP: 78.154.186.225. Number of nodes 76
EtherApe-INFO: 23:53:13.966: delete node: IP: 192.0.73.2. Number of nodes 75
EtherApe-INFO: 23:53:14.954: delete node: IP: 54.197.167.246. Number of nodes 74
EtherApe-INFO: 23:53:18.224: delete node: IP: 34.237.104.204. Number of nodes 73
EtherApe-INFO: 23:53:18.440: delete node: IP: 107.20.56.91. Number of nodes 72
EtherApe-INFO: 23:53:19.014: delete node: IP: 3.64.200.242. Number of nodes 71
EtherApe-INFO: 23:53:19.771: delete node: IP: 224.0.0.1. Number of nodes 70
EtherApe-INFO: 23:53:20.120: delete node: IP: 52.202.203.46. Number of nodes 69
EtherApe-INFO: 23:53:21.350: New node: IP: 54.216.9.50. Number of nodes 70
EtherApe-INFO: 23:53:21.352: New node: IP: 104.16.19.94. Number of nodes 71
EtherApe-INFO: 23:53:24.524: New node: IP: 224.0.0.1. Number of nodes 72
EtherApe-INFO: 23:53:25.169: delete node: IP: 142.251.39.10. Number of nodes 71
EtherApe-INFO: 23:53:26.703: delete node: IP: 185.199.108.154. Number of nodes 70
EtherApe-INFO: 23:53:26.703: delete node: IP: 178.248.233.33. Number of nodes 69
EtherApe-INFO: 23:53:26.704: delete node: IP: 178.248.232.27. Number of nodes 68
EtherApe-INFO: 23:53:26.704: delete node: IP: 142.251.39.14. Number of nodes 67
EtherApe-INFO: 23:53:26.704: delete node: IP: 3.90.170.8. Number of nodes 66
EtherApe-INFO: 23:53:29.437: delete node: IP: 142.251.39.46. Number of nodes 65
EtherApe-INFO: 23:53:34.222: delete node: IP: 178.248.237.68. Number of nodes 64
EtherApe-INFO: 23:53:40.014: delete node: IPv6: fe80::8ce0:ad04:ef8b:243c. Number of nodes 63
EtherApe-INFO: 23:53:44.350: delete node: IP: 204.79.197.200. Number of nodes 62
EtherApe-INFO: 23:53:46.197: delete node: IP: 151.101.0.201. Number of nodes 61
EtherApe-INFO: 23:53:46.197: delete node: IP: 52.222.230.40. Number of nodes 60
EtherApe-INFO: 23:53:49.331: delete node: IP: 104.17.49.74. Number of nodes 59
EtherApe-INFO: 23:53:49.332: delete node: IP: 54.77.26.130. Number of nodes 58
EtherApe-INFO: 23:53:51.280: delete node: IP: 193.111.9.70. Number of nodes 57
EtherApe-INFO: 23:53:51.281: delete node: IP: 172.217.20.19. Number of nodes 56
EtherApe-INFO: 23:53:51.281: delete node: IP: 151.101.1.164. Number of nodes 55
EtherApe-INFO: 23:53:54.730: delete node: IP: 82.192.95.170. Number of nodes 54
EtherApe-INFO: 23:53:59.275: delete node: IP: 1.1.1.1. Number of nodes 53
EtherApe-INFO: 23:54:01.653: delete node: IP: 3.93.104.25. Number of nodes 52
EtherApe-INFO: 23:54:02.951: delete node: IP: 34.104.35.123. Number of nodes 51
EtherApe-INFO: 23:54:03.278: delete node: IP: 169.44.149.64. Number of nodes 50
EtherApe-INFO: 23:54:11.822: delete node: IP: 142.250.180.195. Number of nodes 49
EtherApe-INFO: 23:54:11.822: delete node: IP: 66.228.47.22. Number of nodes 48
EtherApe-INFO: 23:54:13.352: delete node: IP: 172.217.20.14. Number of nodes 47
EtherApe-INFO: 23:54:13.352: delete node: IP: 172.217.20.3. Number of nodes 46
EtherApe-INFO: 23:54:13.352: delete node: IP: 142.250.201.206. Number of nodes 45
EtherApe-INFO: 23:54:13.352: delete node: IP: 104.18.12.33. Number of nodes 44
EtherApe-INFO: 23:54:13.674: delete node: IP: 172.217.163.195. Number of nodes 43
EtherApe-INFO: 23:54:14.754: delete node: IP: 89.187.169.39. Number of nodes 42
EtherApe-INFO: 23:54:14.972: delete node: IP: 142.251.39.74. Number of nodes 41
EtherApe-INFO: 23:54:14.972: delete node: IP: 142.251.39.69. Number of nodes 40
EtherApe-INFO: 23:54:14.972: delete node: IP: 142.251.39.42. Number of nodes 39
EtherApe-INFO: 23:54:14.972: delete node: IP: 142.250.201.202. Number of nodes 38
EtherApe-INFO: 23:54:18.455: delete node: IP: 185.199.108.133. Number of nodes 37
EtherApe-INFO: 23:54:18.456: delete node: IP: 172.217.19.106. Number of nodes 36
EtherApe-INFO: 23:54:18.456: delete node: IP: 140.82.121.3. Number of nodes 35
EtherApe-INFO: 23:54:18.456: delete node: IP: 104.22.64.161. Number of nodes 34
EtherApe-INFO: 23:54:18.456: delete node: IP: 104.18.22.52. Number of nodes 33
EtherApe-INFO: 23:54:21.175: delete node: IP: 140.82.114.26. Number of nodes 32
EtherApe-INFO: 23:54:21.931: delete node: IP: 212.82.100.137. Number of nodes 31
EtherApe-INFO: 23:54:21.931: delete node: IP: 172.66.43.179. Number of nodes 30
EtherApe-INFO: 23:54:22.150: delete node: IP: 95.216.144.15. Number of nodes 29
EtherApe-INFO: 23:54:25.392: delete node: IP: 172.217.20.10. Number of nodes 28
EtherApe-INFO: 23:54:26.472: delete node: IP: 192.168.0.101. Number of nodes 27
EtherApe-INFO: 23:54:31.722: New node: IP: 204.79.197.200. Number of nodes 28
EtherApe-INFO: 23:54:32.259: New node: IP: 172.217.19.99. Number of nodes 29
EtherApe-INFO: 23:54:32.524: New node: IP: 142.250.201.206. Number of nodes 30
EtherApe-INFO: 23:54:37.618: delete node: IP: 255.255.255.255. Number of nodes 29
EtherApe-INFO: 23:54:37.619: delete node: IP: 0.0.0.0. Number of nodes 28
EtherApe-INFO: 23:54:37.941: delete node: IPv6: ff02::1:ffd6:e234. Number of nodes 27
EtherApe-INFO: 23:54:37.942: delete node: IPv6: ::. Number of nodes 26
EtherApe-INFO: 23:54:38.485: delete node: IP: 95.216.195.133. Number of nodes 25
EtherApe-INFO: 23:54:38.701: delete node: IP: 142.251.39.67. Number of nodes 24
EtherApe-INFO: 23:54:39.476: delete node: IPv6: ff02::16. Number of nodes 23
EtherApe-INFO: 23:54:43.807: delete node: IP: 239.255.255.250. Number of nodes 22
EtherApe-INFO: 23:54:46.949: delete node: IP: 224.0.0.251. Number of nodes 21
EtherApe-INFO: 23:55:21.953: delete node: IP: 172.217.20.13. Number of nodes 20
EtherApe-INFO: 23:55:24.542: delete node: IP: 224.0.0.1. Number of nodes 19
EtherApe-INFO: 23:55:24.542: delete node: IP: 192.168.0.1. Number of nodes 18
EtherApe-INFO: 23:55:26.659: New node: IP: 239.255.255.250. Number of nodes 19
EtherApe-INFO: 23:55:26.661: New node: IP: 104.16.88.20. Number of nodes 20
EtherApe-INFO: 23:55:26.661: New node: IP: 212.82.100.137. Number of nodes 21
EtherApe-INFO: 23:55:26.661: New node: IP: 52.222.230.40. Number of nodes 22
EtherApe-INFO: 23:55:26.696: delete node: IP: 172.217.19.100. Number of nodes 21
EtherApe-INFO: 23:55:28.791: New node: IP: 142.251.39.67. Number of nodes 22
EtherApe-INFO: 23:55:29.589: New node: IP: 192.168.0.1. Number of nodes 23
EtherApe-INFO: 23:55:29.589: New node: IP: 224.0.0.1. Number of nodes 24
EtherApe-INFO: 23:56:21.592: New node: IP: 142.251.36.227. Number of nodes 25
EtherApe-INFO: 23:56:21.595: New node: IP: 142.251.39.46. Number of nodes 26
EtherApe-INFO: 23:56:21.856: New node: IP: 172.217.20.3. Number of nodes 27
EtherApe-INFO: 23:56:23.992: New node: IP: 52.22.205.89. Number of nodes 28
EtherApe-INFO: 23:56:32.545: delete node: IP: 172.217.19.99. Number of nodes 27
EtherApe-INFO: 23:56:32.545: delete node: IP: 142.250.201.206. Number of nodes 26
EtherApe-INFO: 23:56:42.691: delete node: IPv6: ff02::2. Number of nodes 25
EtherApe-INFO: 23:56:42.691: delete node: IPv6: fe80::b4de:d21f:61d6:e234. Number of nodes 24
EtherApe-INFO: 23:56:53.055: New node: IPv6: fe80::b4de:d21f:61d6:e234. Number of nodes 25
EtherApe-INFO: 23:56:53.055: New node: IPv6: ff02::2. Number of nodes 26
EtherApe-INFO: 23:57:16.795: New node: IP: 142.250.201.206. Number of nodes 27
EtherApe-INFO: 23:57:29.622: delete node: IP: 239.255.255.250. Number of nodes 26
EtherApe-INFO: 23:57:29.622: delete node: IP: 224.0.0.1. Number of nodes 25
EtherApe-INFO: 23:57:29.622: delete node: IP: 192.168.0.1. Number of nodes 24
EtherApe-INFO: 23:57:34.392: New node: IP: 192.168.0.1. Number of nodes 25
EtherApe-INFO: 23:57:34.392: New node: IP: 224.0.0.1. Number of nodes 26
EtherApe-INFO: 23:57:38.390: New node: IP: 95.216.195.133. Number of nodes 27
EtherApe-INFO: 23:58:11.457: New node: IP: 239.255.255.250. Number of nodes 28
EtherApe-INFO: 23:58:21.937: delete node: IP: 142.251.39.67. Number of nodes 27
EtherApe-INFO: 23:58:39.537: delete node: IP: 204.79.197.200. Number of nodes 26
EtherApe-INFO: 23:58:53.074: delete node: IPv6: ff02::2. Number of nodes 25
EtherApe-INFO: 23:58:53.074: delete node: IPv6: fe80::b4de:d21f:61d6:e234. Number of nodes 24
EtherApe-INFO: 23:59:06.662: New node: IP: 204.79.197.200. Number of nodes 25
EtherApe-INFO: 23:59:16.861: delete node: IP: 142.251.36.227. Number of nodes 24
EtherApe-INFO: 23:59:16.862: delete node: IP: 104.16.88.20. Number of nodes 23
EtherApe-INFO: 23:59:17.079: delete node: IP: 142.251.39.46. Number of nodes 22
EtherApe-INFO: 23:59:24.615: delete node: IP: 52.22.205.89. Number of nodes 21
EtherApe-INFO: 23:59:34.430: delete node: IP: 224.0.0.1. Number of nodes 20
EtherApe-INFO: 23:59:34.430: delete node: IP: 192.168.0.1. Number of nodes 19
EtherApe-INFO: 23:59:38.418: delete node: IP: 95.216.195.133. Number of nodes 18
EtherApe-INFO: 23:59:39.464: New node: IP: 192.168.0.1. Number of nodes 19
EtherApe-INFO: 23:59:39.464: New node: IP: 224.0.0.1. Number of nodes 20
EtherApe-INFO: 00:00:12.020: delete node: IP: 172.217.20.3. Number of nodes 19
EtherApe-INFO: 00:00:14.739: delete node: IP: 239.255.255.250. Number of nodes 18
EtherApe-INFO: 00:00:14.931: New node: IP: 239.255.255.250. Number of nodes 19
EtherApe-INFO: 00:00:15.192: New node: IP: 172.67.159.169. Number of nodes 20
EtherApe-INFO: 00:01:06.734: delete node: IP: 142.250.201.206. Number of nodes 19
EtherApe-INFO: 00:01:10.391: New node: IPv6: fe80::b4de:d21f:61d6:e234. Number of nodes 20
EtherApe-INFO: 00:01:10.391: New node: IPv6: ff02::2. Number of nodes 21
EtherApe-INFO: 00:01:13.115: delete node: IP: 212.82.100.137. Number of nodes 20
EtherApe-INFO: 00:01:16.533: New node: IP: 212.82.100.137. Number of nodes 21
EtherApe-INFO: 00:01:16.536: New node: IP: 142.251.39.46. Number of nodes 22
EtherApe-INFO: 00:01:16.806: New node: IP: 142.251.39.67. Number of nodes 23
EtherApe-INFO: 00:01:39.495: delete node: IP: 224.0.0.1. Number of nodes 22
EtherApe-INFO: 00:01:39.495: delete node: IP: 192.168.0.1. Number of nodes 21
EtherApe-INFO: 00:01:44.527: New node: IP: 192.168.0.1. Number of nodes 22
EtherApe-INFO: 00:01:44.527: New node: IP: 224.0.0.1. Number of nodes 23
EtherApe-INFO: 00:02:01.627: delete node: IP: 104.16.19.94. Number of nodes 22
EtherApe-INFO: 00:02:15.194: New node: IP: 104.16.19.94. Number of nodes 23
EtherApe-INFO: 00:02:38.389: New node: IP: 95.216.195.133. Number of nodes 24
EtherApe-INFO: 00:03:10.405: delete node: IPv6: ff02::2. Number of nodes 23
EtherApe-INFO: 00:03:10.406: delete node: IPv6: fe80::b4de:d21f:61d6:e234. Number of nodes 22
EtherApe-INFO: 00:03:44.535: delete node: IP: 224.0.0.1. Number of nodes 21
EtherApe-INFO: 00:03:44.535: delete node: IP: 192.168.0.1. Number of nodes 20
EtherApe-INFO: 00:03:49.589: New node: IP: 192.168.0.1. Number of nodes 21
EtherApe-INFO: 00:03:49.589: New node: IP: 224.0.0.1. Number of nodes 22
EtherApe-INFO: 00:04:11.807: delete node: IP: 142.251.39.67. Number of nodes 21
EtherApe-INFO: 00:04:15.489: delete node: IP: 104.16.19.94. Number of nodes 20
EtherApe-INFO: 00:04:31.997: New node: IP: 1.1.1.1. Number of nodes 21
EtherApe-INFO: 00:04:38.471: delete node: IP: 95.216.195.133. Number of nodes 20
EtherApe-INFO: 00:04:56.532: New node: IP: 104.16.86.20. Number of nodes 21
EtherApe-INFO: 00:05:49.532: delete node: IP: 224.0.0.1. Number of nodes 20
EtherApe-INFO: 00:05:49.533: delete node: IP: 192.168.0.1. Number of nodes 19
EtherApe-INFO: 00:05:51.592: New node: IP: 142.250.201.206. Number of nodes 20
EtherApe-INFO: 00:05:51.865: New node: IP: 185.70.110.150. Number of nodes 21
EtherApe-INFO: 00:05:51.871: New node: IP: 142.250.180.195. Number of nodes 22
EtherApe-INFO: 00:05:54.524: New node: IP: 192.168.0.1. Number of nodes 23
EtherApe-INFO: 00:05:54.524: New node: IP: 224.0.0.1. Number of nodes 24
EtherApe-INFO: 00:06:32.165: delete node: IP: 1.1.1.1. Number of nodes 23
EtherApe-INFO: 00:06:46.788: New node: IP: 52.222.230.4. Number of nodes 24
EtherApe-INFO: 00:06:46.796: New node: IP: 54.192.230.120. Number of nodes 25
EtherApe-INFO: 00:06:47.865: New node: IP: 3.216.211.240. Number of nodes 26
EtherApe-INFO: 00:06:56.947: delete node: IP: 104.16.86.20. Number of nodes 25
EtherApe-INFO: 00:06:59.638: delete node: IP: 239.255.255.250. Number of nodes 24
EtherApe-INFO: 00:07:11.599: delete node: IP: 204.79.197.200. Number of nodes 23
EtherApe-INFO: 00:07:17.008: delete node: IP: 52.222.230.40. Number of nodes 22
EtherApe-INFO: 00:07:38.258: New node: IP: 95.216.195.133. Number of nodes 23
EtherApe-INFO: 00:07:41.722: New node: IP: 239.255.255.250. Number of nodes 24
EtherApe-INFO: 00:07:41.723: New node: IP: 204.79.197.200. Number of nodes 25
EtherApe-INFO: 00:07:54.596: delete node: IP: 224.0.0.1. Number of nodes 24
EtherApe-INFO: 00:07:54.596: delete node: IP: 192.168.0.1. Number of nodes 23
EtherApe-INFO: 00:07:59.592: New node: IP: 192.168.0.1. Number of nodes 24
EtherApe-INFO: 00:07:59.592: New node: IP: 224.0.0.1. Number of nodes 25
EtherApe-INFO: 00:08:46.824: delete node: IP: 142.250.180.195. Number of nodes 24
EtherApe-INFO: 00:08:55.138: delete node: IP: 172.67.159.169. Number of nodes 23
EtherApe-INFO: 00:09:38.578: delete node: IP: 95.216.195.133. Number of nodes 22
EtherApe-INFO: 00:09:41.797: delete node: IP: 142.251.39.46. Number of nodes 21
EtherApe-INFO: 00:09:41.797: delete node: IP: 142.250.201.206. Number of nodes 20
EtherApe-INFO: 00:09:44.717: delete node: IP: 239.255.255.250. Number of nodes 19
EtherApe-INFO: 00:09:59.693: delete node: IP: 224.0.0.1. Number of nodes 18
EtherApe-INFO: 00:09:59.693: delete node: IP: 192.168.0.1. Number of nodes 17
EtherApe-INFO: 00:10:04.389: New node: IP: 192.168.0.1. Number of nodes 18
EtherApe-INFO: 00:10:04.389: New node: IP: 224.0.0.1. Number of nodes 19
EtherApe-INFO: 00:10:10.788: New node: IPv6: fe80::b4de:d21f:61d6:e234. Number of nodes 20
EtherApe-INFO: 00:10:10.788: New node: IPv6: ff02::2. Number of nodes 21
EtherApe-INFO: 00:10:26.522: New node: IP: 239.255.255.250. Number of nodes 22
EtherApe-INFO: 00:10:26.791: New node: IP: 54.192.230.111. Number of nodes 23
EtherApe-INFO: 00:10:28.922: New node: IP: 142.251.39.67. Number of nodes 24
EtherApe-INFO: 00:10:29.455: New node: IP: 142.250.201.206. Number of nodes 25
EtherApe-INFO: 00:10:31.856: New node: IP: 1.1.1.1. Number of nodes 26
EtherApe-INFO: 00:10:33.723: New node: IP: 3.93.104.25. Number of nodes 27
EtherApe-INFO: 00:11:21.723: New node: IP: 142.251.39.46. Number of nodes 28
EtherApe-INFO: 00:11:43.864: delete node: IP: 185.70.110.150. Number of nodes 27
EtherApe-INFO: 00:12:04.691: delete node: IP: 224.0.0.1. Number of nodes 26
EtherApe-INFO: 00:12:04.691: delete node: IP: 192.168.0.1. Number of nodes 25
EtherApe-INFO: 00:12:09.454: New node: IP: 192.168.0.1. Number of nodes 26
EtherApe-INFO: 00:12:09.454: New node: IP: 224.0.0.1. Number of nodes 27
EtherApe-INFO: 00:12:11.396: delete node: IPv6: ff02::2. Number of nodes 26
EtherApe-INFO: 00:12:11.396: delete node: IPv6: fe80::b4de:d21f:61d6:e234. Number of nodes 25
EtherApe-INFO: 00:12:15.867: delete node: IP: 3.216.211.240. Number of nodes 24
EtherApe-INFO: 00:12:16.655: New node: IP: 52.222.230.40. Number of nodes 25
EtherApe-INFO: 00:12:30.004: delete node: IP: 239.255.255.250. Number of nodes 24
EtherApe-INFO: 00:12:38.255: New node: IP: 95.216.195.133. Number of nodes 25
EtherApe-INFO: 00:12:38.269: delete node: IP: 1.1.1.1. Number of nodes 24
EtherApe-INFO: 00:12:46.882: delete node: IP: 52.222.230.4. Number of nodes 23
EtherApe-INFO: 00:13:11.589: New node: IP: 239.255.255.250. Number of nodes 24
EtherApe-INFO: 00:13:23.104: delete node: IP: 142.251.39.67. Number of nodes 23
EtherApe-INFO: 00:14:10.600: delete node: IP: 224.0.0.1. Number of nodes 22
EtherApe-INFO: 00:14:10.600: delete node: IP: 192.168.0.1. Number of nodes 21
EtherApe-INFO: 00:14:14.521: New node: IP: 192.168.0.1. Number of nodes 22
EtherApe-INFO: 00:14:14.521: New node: IP: 224.0.0.1. Number of nodes 23
EtherApe-INFO: 00:14:16.946: delete node: IP: 142.250.201.206. Number of nodes 22
EtherApe-INFO: 00:14:23.901: delete node: IP: 3.93.104.25. Number of nodes 21
EtherApe-INFO: 00:14:34.829: delete node: IP: 204.79.197.200. Number of nodes 20
EtherApe-INFO: 00:14:38.610: delete node: IP: 95.216.195.133. Number of nodes 19
EtherApe-INFO: 00:14:52.925: New node: IP: 142.251.39.78. Number of nodes 20
EtherApe-INFO: 00:14:55.855: New node: IP: 146.59.166.237. Number of nodes 21
EtherApe-INFO: 00:14:57.724: New node: IP: 3.216.211.240. Number of nodes 22
EtherApe-INFO: 00:15:00.654: New node: IP: 142.250.201.206. Number of nodes 23
EtherApe-INFO: 00:15:00.656: New node: IP: 142.251.39.3. Number of nodes 24
EtherApe-INFO: 00:15:00.657: New node: IP: 142.251.39.67. Number of nodes 25
EtherApe-INFO: 00:15:04.655: New node: IP: 135.181.27.174. Number of nodes 26
EtherApe-INFO: 00:15:15.054: New node: IP: 95.216.144.15. Number of nodes 27
EtherApe-INFO: 00:15:35.138: delete node: IP: 72.4.120.219. Number of nodes 26
EtherApe-INFO: 00:16:03.592: New node: IP: 172.217.20.3. Number of nodes 27
EtherApe-INFO: 00:16:15.620: delete node: IP: 224.0.0.1. Number of nodes 26
EtherApe-INFO: 00:16:15.620: delete node: IP: 192.168.0.1. Number of nodes 25
EtherApe-INFO: 00:16:19.588: New node: IP: 192.168.0.1. Number of nodes 26
EtherApe-INFO: 00:16:19.588: New node: IP: 224.0.0.1. Number of nodes 27
EtherApe-INFO: 00:16:27.111: delete node: IP: 54.192.230.111. Number of nodes 26
EtherApe-INFO: 00:16:28.655: New node: IP: 204.79.197.200. Number of nodes 27
EtherApe-INFO: 00:16:44.122: New node: IP: 142.251.39.14. Number of nodes 28
EtherApe-INFO: 00:16:45.722: New node: IP: 142.251.39.10. Number of nodes 29
EtherApe-INFO: 00:16:51.590: New node: IP: 172.217.20.14. Number of nodes 30
EtherApe-INFO: 00:16:55.055: New node: IP: 140.82.121.3. Number of nodes 31
EtherApe-INFO: 00:16:55.322: New node: IP: 185.199.110.133. Number of nodes 32
EtherApe-INFO: 00:17:00.938: delete node: IP: 142.251.39.3. Number of nodes 31
EtherApe-INFO: 00:17:15.093: delete node: IP: 239.255.255.250. Number of nodes 30
EtherApe-INFO: 00:17:15.093: delete node: IP: 146.59.166.237. Number of nodes 29
EtherApe-INFO: 00:17:25.514: delete node: IP: 54.192.230.120. Number of nodes 28
EtherApe-INFO: 00:17:38.255: New node: IP: 95.216.195.133. Number of nodes 29
EtherApe-INFO: 00:17:46.521: New node: IP: 239.255.255.250. Number of nodes 30
EtherApe-INFO: 00:17:46.789: New node: IP: 172.217.19.99. Number of nodes 31
EtherApe-INFO: 00:18:08.149: delete node: IP: 172.217.20.3. Number of nodes 30
EtherApe-INFO: 00:18:09.989: delete node: IP: 135.181.27.174. Number of nodes 29
EtherApe-INFO: 00:18:17.524: delete node: IP: 142.251.39.78. Number of nodes 28
EtherApe-INFO: 00:18:20.226: delete node: IP: 224.0.0.1. Number of nodes 27
EtherApe-INFO: 00:18:20.226: delete node: IP: 192.168.0.1. Number of nodes 26
EtherApe-INFO: 00:18:24.654: New node: IP: 192.168.0.1. Number of nodes 27
EtherApe-INFO: 00:18:24.655: New node: IP: 224.0.0.1. Number of nodes 28
EtherApe-INFO: 00:18:40.388: New node: IP: 1.1.1.1. Number of nodes 29
EtherApe-INFO: 00:18:40.461: delete node: IP: 142.250.201.206. Number of nodes 28
EtherApe-INFO: 00:18:49.212: delete node: IP: 142.251.39.67. Number of nodes 27
EtherApe-INFO: 00:18:49.212: delete node: IP: 142.251.39.14. Number of nodes 26
EtherApe-INFO: 00:18:52.134: delete node: IP: 172.217.20.14. Number of nodes 25
EtherApe-INFO: 00:18:59.905: delete node: IP: 185.199.110.133. Number of nodes 24
EtherApe-INFO: 00:18:59.905: delete node: IP: 140.82.121.3. Number of nodes 23
EtherApe-INFO: 00:19:22.296: delete node: IP: 95.216.144.15. Number of nodes 22
EtherApe-INFO: 00:19:31.882: delete node: IP: 3.216.211.240. Number of nodes 21
EtherApe-INFO: 00:19:36.658: New node: IP: 172.217.20.3. Number of nodes 22
EtherApe-INFO: 00:19:36.659: New node: IP: 142.251.39.67. Number of nodes 23
EtherApe-INFO: 00:19:36.660: New node: IP: 142.251.39.74. Number of nodes 24
EtherApe-INFO: 00:19:38.568: delete node: IP: 95.216.195.133. Number of nodes 23
EtherApe-INFO: 00:19:51.877: delete node: IP: 239.255.255.250. Number of nodes 22
EtherApe-INFO: 00:19:51.877: delete node: IP: 172.217.19.99. Number of nodes 21
EtherApe-INFO: 00:20:00.388: New node: IP: 239.255.255.250. Number of nodes 22
EtherApe-INFO: 00:20:00.656: New node: IP: 142.250.201.195. Number of nodes 23
EtherApe-INFO: 00:20:02.254: New node: IP: 142.250.201.206. Number of nodes 24
EtherApe-INFO: 00:20:03.056: New node: IP: 18.210.49.78. Number of nodes 25
EtherApe-INFO: 00:20:12.388: New node: IP: 142.250.180.195. Number of nodes 26
EtherApe-INFO: 00:20:21.188: New node: IP: 142.251.39.78. Number of nodes 27
EtherApe-INFO: 00:20:24.723: delete node: IP: 224.0.0.1. Number of nodes 26
EtherApe-INFO: 00:20:24.723: delete node: IP: 192.168.0.1. Number of nodes 25
EtherApe-INFO: 00:20:25.188: New node: IP: 142.251.39.3. Number of nodes 26
EtherApe-INFO: 00:20:29.455: New node: IP: 192.168.0.1. Number of nodes 27
EtherApe-INFO: 00:20:29.455: New node: IP: 224.0.0.1. Number of nodes 28
EtherApe-INFO: 00:20:50.359: delete node: IP: 142.251.39.10. Number of nodes 27
EtherApe-INFO: 00:20:53.458: New node: IP: 104.26.10.249. Number of nodes 28
EtherApe-INFO: 00:20:53.988: New node: IP: 146.59.166.237. Number of nodes 29
EtherApe-INFO: 00:20:54.525: New node: IP: 93.184.220.66. Number of nodes 30
EtherApe-INFO: 00:20:54.788: New node: IP: 3.93.104.25. Number of nodes 31
EtherApe-INFO: 00:20:55.058: New node: IP: 104.16.89.50. Number of nodes 32
EtherApe-INFO: 00:20:55.060: New node: IP: 142.251.39.42. Number of nodes 33
EtherApe-INFO: 00:20:55.321: New node: IP: 104.244.42.200. Number of nodes 34
EtherApe-INFO: 00:21:17.988: New node: IP: 178.248.237.68. Number of nodes 35
EtherApe-INFO: 00:22:12.122: New node: IP: 192.210.199.135. Number of nodes 36
EtherApe-INFO: 00:22:21.557: delete node: IP: 142.251.39.78. Number of nodes 35
EtherApe-INFO: 00:22:30.022: delete node: IP: 224.0.0.1. Number of nodes 34
EtherApe-INFO: 00:22:30.022: delete node: IP: 192.168.0.1. Number of nodes 33
EtherApe-INFO: 00:22:31.054: New node: IP: 142.251.39.78. Number of nodes 34
EtherApe-INFO: 00:22:34.521: New node: IP: 192.168.0.1. Number of nodes 35
EtherApe-INFO: 00:22:34.521: New node: IP: 224.0.0.1. Number of nodes 36
EtherApe-INFO: 00:22:38.254: New node: IP: 95.216.195.133. Number of nodes 37
EtherApe-INFO: 00:22:39.055: New node: IP: 140.82.112.25. Number of nodes 38
EtherApe-INFO: 00:22:42.521: New node: IP: 142.250.201.202. Number of nodes 39
EtherApe-INFO: 00:22:51.321: New node: IP: 54.192.230.58. Number of nodes 40
EtherApe-INFO: 00:22:52.655: New node: IP: 69.16.175.10. Number of nodes 41
EtherApe-INFO: 00:22:52.655: New node: IP: 104.17.93.38. Number of nodes 42
EtherApe-INFO: 00:22:52.657: New node: IP: 104.81.209.77. Number of nodes 43
EtherApe-INFO: 00:22:53.191: New node: IP: 173.36.127.16. Number of nodes 44
EtherApe-INFO: 00:22:53.455: New node: IP: 72.163.15.140. Number of nodes 45
EtherApe-INFO: 00:22:56.654: New node: IP: 35.199.147.118. Number of nodes 46
EtherApe-INFO: 00:22:56.654: New node: IP: 104.16.149.64. Number of nodes 47
EtherApe-INFO: 00:22:56.654: New node: IP: 151.101.2.133. Number of nodes 48
EtherApe-INFO: 00:22:56.921: New node: IP: 104.20.185.68. Number of nodes 49
EtherApe-INFO: 00:22:57.572: delete node: IP: 1.1.1.1. Number of nodes 48
EtherApe-INFO: 00:23:00.655: New node: IP: 216.58.197.195. Number of nodes 49
EtherApe-INFO: 00:23:00.979: delete node: IP: 142.250.201.195. Number of nodes 48
EtherApe-INFO: 00:23:01.991: New node: IP: 1.1.1.1. Number of nodes 49
EtherApe-INFO: 00:23:18.056: delete node: IP: 18.210.49.78. Number of nodes 48
EtherApe-INFO: 00:23:19.855: New node: IP: 52.22.205.89. Number of nodes 49
EtherApe-INFO: 00:23:28.640: New node: IP: 104.18.27.213. Number of nodes 50
EtherApe-INFO: 00:23:29.852: delete node: IP: 142.250.180.195. Number of nodes 49
EtherApe-INFO: 00:23:32.651: delete node: IP: 142.251.39.74. Number of nodes 48
EtherApe-INFO: 00:23:34.228: New node: IP: 142.250.180.206. Number of nodes 49
EtherApe-INFO: 00:23:35.033: New node: IP: 142.251.39.33. Number of nodes 50
EtherApe-INFO: 00:23:35.296: New node: IP: 142.251.39.74. Number of nodes 51
EtherApe-INFO: 00:23:35.567: New node: IP: 142.251.39.14. Number of nodes 52
EtherApe-INFO: 00:23:35.831: New node: IP: 52.72.176.167. Number of nodes 53
EtherApe-INFO: 00:24:00.628: New node: IP: 142.251.39.35. Number of nodes 54
EtherApe-INFO: 00:24:34.512: delete node: IP: 224.0.0.1. Number of nodes 53
EtherApe-INFO: 00:24:34.512: delete node: IP: 192.168.0.1. Number of nodes 52
EtherApe-INFO: 00:24:39.069: delete node: IP: 140.82.113.25. Number of nodes 51
EtherApe-INFO: 00:24:39.069: delete node: IP: 95.216.195.133. Number of nodes 50
EtherApe-INFO: 00:24:39.561: New node: IP: 192.168.0.1. Number of nodes 51
EtherApe-INFO: 00:24:39.561: New node: IP: 224.0.0.1. Number of nodes 52
EtherApe-INFO: 00:24:52.957: delete node: IP: 142.251.39.78. Number of nodes 51
EtherApe-INFO: 00:25:01.711: delete node: IP: 216.58.197.195. Number of nodes 50
EtherApe-INFO: 00:25:02.810: delete node: IP: 1.1.1.1. Number of nodes 49
EtherApe-INFO: 00:25:04.895: New node: IP: 142.250.180.227. Number of nodes 50
EtherApe-INFO: 00:25:13.782: delete node: IP: 192.210.199.135. Number of nodes 49
EtherApe-INFO: 00:25:15.028: New node: IP: 1.1.1.1. Number of nodes 50
EtherApe-INFO: 00:25:19.617: delete node: IP: 104.81.209.77. Number of nodes 49
EtherApe-INFO: 00:25:19.617: delete node: IP: 3.93.104.25. Number of nodes 48
EtherApe-INFO: 00:25:26.495: New node: IP: 172.217.19.106. Number of nodes 49
EtherApe-INFO: 00:25:36.978: delete node: IP: 142.251.39.74. Number of nodes 48
EtherApe-INFO: 00:25:36.978: delete node: IP: 142.251.39.42. Number of nodes 47
EtherApe-INFO: 00:25:36.978: delete node: IP: 142.251.39.14. Number of nodes 46
EtherApe-INFO: 00:25:39.380: delete node: IP: 142.251.39.46. Number of nodes 45
EtherApe-INFO: 00:25:40.710: delete node: IP: 142.251.39.33. Number of nodes 44
EtherApe-INFO: 00:25:40.710: delete node: IP: 142.251.39.3. Number of nodes 43
EtherApe-INFO: 00:25:53.977: delete node: IP: 69.16.175.10. Number of nodes 42
EtherApe-INFO: 00:25:54.301: delete node: IP: 178.248.237.68. Number of nodes 41
EtherApe-INFO: 00:25:54.301: delete node: IP: 146.59.166.237. Number of nodes 40
EtherApe-INFO: 00:26:00.976: delete node: IP: 142.251.39.35. Number of nodes 39
EtherApe-INFO: 00:26:02.531: delete node: IP: 93.184.220.66. Number of nodes 38
EtherApe-INFO: 00:26:02.531: delete node: IP: 35.199.147.118. Number of nodes 37
EtherApe-INFO: 00:26:29.162: New node: IP: 142.251.39.46. Number of nodes 38
EtherApe-INFO: 00:26:29.433: New node: IP: 146.59.166.237. Number of nodes 39
EtherApe-INFO: 00:26:29.699: New node: IP: 172.217.20.22. Number of nodes 40
EtherApe-INFO: 00:26:29.700: New node: IP: 142.251.39.74. Number of nodes 41
EtherApe-INFO: 00:26:30.231: New node: IP: 142.251.39.3. Number of nodes 42
EtherApe-INFO: 00:26:30.762: New node: IP: 64.233.164.92. Number of nodes 43
EtherApe-INFO: 00:26:31.561: New node: IP: 3.216.211.240. Number of nodes 44
EtherApe-INFO: 00:26:31.561: New node: IP: 142.251.39.10. Number of nodes 45
EtherApe-INFO: 00:26:31.830: New node: IP: 142.251.39.14. Number of nodes 46
EtherApe-INFO: 00:26:32.099: New node: IP: 142.251.1.92. Number of nodes 47
EtherApe-INFO: 00:26:36.429: delete node: IP: 52.72.176.167. Number of nodes 46
EtherApe-INFO: 00:26:36.628: New node: IP: 172.217.20.13. Number of nodes 47
EtherApe-INFO: 00:26:39.571: delete node: IP: 224.0.0.1. Number of nodes 46
EtherApe-INFO: 00:26:39.571: delete node: IP: 192.168.0.1. Number of nodes 45
EtherApe-INFO: 00:26:44.628: New node: IP: 192.168.0.1. Number of nodes 46
EtherApe-INFO: 00:26:44.628: New node: IP: 224.0.0.1. Number of nodes 47
EtherApe-INFO: 00:26:51.563: New node: IP: 142.250.180.195. Number of nodes 48
EtherApe-INFO: 00:26:54.229: New node: IP: 142.251.39.69. Number of nodes 49
EtherApe-INFO: 00:27:00.628: New node: IP: 216.239.32.116. Number of nodes 50
EtherApe-INFO: 00:27:02.232: New node: IP: 172.217.20.10. Number of nodes 51
EtherApe-INFO: 00:27:02.500: New node: IP: 142.251.39.33. Number of nodes 52
EtherApe-INFO: 00:27:03.039: New node: IP: 142.251.39.42. Number of nodes 53
EtherApe-INFO: 00:27:11.490: New node: IP: 142.251.39.78. Number of nodes 54
EtherApe-INFO: 00:27:15.062: delete node: IP: 1.1.1.1. Number of nodes 53
EtherApe-INFO: 00:27:16.014: New node: IP: 52.200.73.182. Number of nodes 54
EtherApe-INFO: 00:27:17.881: New node: IP: 64.233.164.189. Number of nodes 55
EtherApe-INFO: 00:27:21.081: New node: IP: 1.1.1.1. Number of nodes 56
EtherApe-INFO: 00:27:26.693: delete node: IP: 172.217.19.106. Number of nodes 55
EtherApe-INFO: 00:27:38.416: New node: IP: 95.216.195.133. Number of nodes 56
EtherApe-INFO: 00:27:55.836: delete node: IP: 104.244.42.200. Number of nodes 55
EtherApe-INFO: 00:28:30.434: delete node: IP: 104.16.89.50. Number of nodes 54
EtherApe-INFO: 00:28:34.513: delete node: IP: 172.217.20.22. Number of nodes 53
EtherApe-INFO: 00:28:44.765: delete node: IP: 224.0.0.1. Number of nodes 52
EtherApe-INFO: 00:28:44.766: delete node: IP: 192.168.0.1. Number of nodes 51
EtherApe-INFO: 00:28:49.508: New node: IP: 192.168.0.1. Number of nodes 52
EtherApe-INFO: 00:28:49.508: New node: IP: 224.0.0.1. Number of nodes 53
EtherApe-INFO: 00:28:51.975: delete node: IP: 142.250.180.195. Number of nodes 52
EtherApe-INFO: 00:28:54.379: delete node: IP: 146.59.166.237. Number of nodes 51
EtherApe-INFO: 00:28:59.908: New node: IPv6: fe80::b4de:d21f:61d6:e234. Number of nodes 52
EtherApe-INFO: 00:28:59.908: New node: IPv6: ff02::2. Number of nodes 53
EtherApe-INFO: 00:29:00.708: New node: IP: 142.250.201.195. Number of nodes 54
EtherApe-INFO: 00:29:01.005: delete node: IP: 216.239.32.116. Number of nodes 53
EtherApe-INFO: 00:29:02.338: delete node: IP: 54.192.230.58. Number of nodes 52
EtherApe-INFO: 00:29:03.447: delete node: IP: 142.251.39.14. Number of nodes 51
EtherApe-INFO: 00:29:12.267: delete node: IP: 142.251.39.78. Number of nodes 50
EtherApe-INFO: 00:29:23.966: delete node: IP: 142.251.39.33. Number of nodes 49
EtherApe-INFO: 00:29:26.089: delete node: IP: 52.22.205.89. Number of nodes 48
EtherApe-INFO: 00:29:34.128: delete node: IP: 104.26.10.249. Number of nodes 47
EtherApe-INFO: 00:29:38.670: delete node: IP: 95.216.195.133. Number of nodes 46
EtherApe-INFO: 00:30:00.708: New node: IP: 173.194.218.94. Number of nodes 47
EtherApe-INFO: 00:30:00.709: New node: IP: 172.217.19.99. Number of nodes 48
EtherApe-INFO: 00:30:05.070: delete node: IP: 172.217.20.10. Number of nodes 47
EtherApe-INFO: 00:30:12.175: New node: IP: 142.250.180.228. Number of nodes 48
EtherApe-INFO: 00:30:15.444: delete node: IP: 172.217.20.13. Number of nodes 47
EtherApe-INFO: 00:30:23.747: delete node: IP: 142.251.39.74. Number of nodes 46
EtherApe-INFO: 00:30:23.747: delete node: IP: 142.251.39.3. Number of nodes 45
EtherApe-INFO: 00:30:28.975: New node: IP: 172.217.19.110. Number of nodes 46
EtherApe-INFO: 00:30:35.388: delete node: IP: 52.200.73.182. Number of nodes 45
EtherApe-INFO: 00:30:50.902: delete node: IP: 224.0.0.1. Number of nodes 44
EtherApe-INFO: 00:30:50.902: delete node: IP: 192.168.0.1. Number of nodes 43
EtherApe-INFO: 00:30:54.574: New node: IP: 192.168.0.1. Number of nodes 44
EtherApe-INFO: 00:30:54.574: New node: IP: 224.0.0.1. Number of nodes 45
EtherApe-INFO: 00:30:59.948: delete node: IPv6: ff02::2. Number of nodes 44
EtherApe-INFO: 00:30:59.948: delete node: IPv6: fe80::b4de:d21f:61d6:e234. Number of nodes 43
EtherApe-INFO: 00:31:06.602: delete node: IP: 142.250.180.227. Number of nodes 42
EtherApe-INFO: 00:31:20.708: New node: IP: 142.250.180.195. Number of nodes 43
EtherApe-INFO: 00:31:34.654: delete node: IP: 104.17.93.38. Number of nodes 42
EtherApe-INFO: 00:31:35.960: delete node: IP: 142.250.201.202. Number of nodes 41
EtherApe-INFO: 00:31:37.056: delete node: IP: 104.20.185.68. Number of nodes 40
EtherApe-INFO: 00:31:37.604: delete node: IP: 104.16.149.64. Number of nodes 39
EtherApe-INFO: 00:32:01.345: delete node: IP: 173.194.218.94. Number of nodes 38
EtherApe-INFO: 00:32:01.345: delete node: IP: 172.217.19.99. Number of nodes 37
EtherApe-INFO: 00:32:10.069: delete node: IP: 104.18.27.213. Number of nodes 36
EtherApe-INFO: 00:32:12.802: delete node: IP: 142.250.180.228. Number of nodes 35
EtherApe-INFO: 00:32:12.802: delete node: IP: 1.1.1.1. Number of nodes 34
EtherApe-INFO: 00:32:29.856: delete node: IP: 172.217.19.110. Number of nodes 33
EtherApe-INFO: 00:32:30.079: delete node: IP: 142.250.180.206. Number of nodes 32
EtherApe-INFO: 00:32:33.024: delete node: IP: 64.233.164.92. Number of nodes 31
EtherApe-INFO: 00:32:34.333: delete node: IP: 142.251.1.92. Number of nodes 30
EtherApe-INFO: 00:32:36.708: New node: IP: 142.250.201.202. Number of nodes 31
EtherApe-INFO: 00:32:38.308: New node: IP: 95.216.195.133. Number of nodes 32
EtherApe-INFO: 00:32:39.642: New node: IP: 35.198.0.0. Number of nodes 33
EtherApe-INFO: 00:32:47.110: New node: IP: 52.222.230.88. Number of nodes 34
EtherApe-INFO: 00:32:54.879: delete node: IP: 224.0.0.1. Number of nodes 33
EtherApe-INFO: 00:32:54.879: delete node: IP: 192.168.0.1. Number of nodes 32
EtherApe-INFO: 00:32:59.641: New node: IP: 192.168.0.1. Number of nodes 33
EtherApe-INFO: 00:32:59.641: New node: IP: 224.0.0.1. Number of nodes 34
EtherApe-INFO: 00:33:00.708: New node: IP: 172.217.31.131. Number of nodes 35
EtherApe-INFO: 00:33:01.003: delete node: IP: 142.250.201.206. Number of nodes 34
EtherApe-INFO: 00:33:01.003: delete node: IP: 142.250.201.195. Number of nodes 33
EtherApe-INFO: 00:33:04.525: delete node: IP: 142.251.39.42. Number of nodes 32
EtherApe-INFO: 00:33:20.755: delete node: IP: 142.250.180.195. Number of nodes 31
EtherApe-INFO: 00:33:22.841: New node: IP: 52.22.205.89. Number of nodes 32
EtherApe-INFO: 00:33:28.205: delete node: IP: 3.216.211.240. Number of nodes 31
EtherApe-INFO: 00:33:38.042: New node: IP: 172.217.19.106. Number of nodes 32
EtherApe-INFO: 00:33:38.588: delete node: IP: 142.251.39.10. Number of nodes 31
EtherApe-INFO: 00:33:47.659: delete node: IP: 52.222.230.40. Number of nodes 30
EtherApe-INFO: 00:34:00.708: New node: IP: 142.250.201.195. Number of nodes 31
EtherApe-INFO: 00:34:07.714: delete node: IP: 172.217.20.3. Number of nodes 30
EtherApe-INFO: 00:34:14.888: delete node: IP: 142.251.39.46. Number of nodes 29
EtherApe-INFO: 00:34:19.642: New node: IP: 142.251.39.46. Number of nodes 30
EtherApe-INFO: 00:34:22.042: New node: IP: 140.82.121.4. Number of nodes 31
EtherApe-INFO: 00:34:39.453: delete node: IP: 95.216.195.133. Number of nodes 30
EtherApe-INFO: 00:34:39.642: New node: IP: 142.251.39.10. Number of nodes 31
EtherApe-INFO: 00:34:40.000: delete node: IP: 142.250.201.202. Number of nodes 30
EtherApe-INFO: 00:34:57.848: delete node: IP: 173.36.127.16. Number of nodes 29
EtherApe-INFO: 00:34:59.685: delete node: IP: 224.0.0.1. Number of nodes 28
EtherApe-INFO: 00:34:59.685: delete node: IP: 192.168.0.1. Number of nodes 27
EtherApe-INFO: 00:35:02.626: delete node: IP: 172.217.31.131. Number of nodes 26
EtherApe-INFO: 00:35:04.441: New node: IP: 192.168.0.1. Number of nodes 27
EtherApe-INFO: 00:35:04.441: New node: IP: 224.0.0.1. Number of nodes 28
EtherApe-INFO: 00:35:08.178: delete node: IP: 151.101.2.133. Number of nodes 27
EtherApe-INFO: 00:35:23.911: New node: IP: 3.93.104.25. Number of nodes 28
EtherApe-INFO: 00:35:28.974: New node: IP: 142.250.180.195. Number of nodes 29
EtherApe-INFO: 00:35:31.641: New node: IP: 172.217.19.110. Number of nodes 30
EtherApe-INFO: 00:35:40.709: New node: IP: 142.251.39.74. Number of nodes 31
EtherApe-INFO: 00:35:41.828: delete node: IP: 172.217.19.106. Number of nodes 30
EtherApe-INFO: 00:35:49.827: delete node: IP: 72.163.15.140. Number of nodes 29
EtherApe-INFO: 00:36:20.536: delete node: IP: 142.251.39.46. Number of nodes 28
EtherApe-INFO: 00:36:25.857: delete node: IP: 142.251.39.67. Number of nodes 27
EtherApe-INFO: 00:36:42.041: New node: IP: 172.217.19.106. Number of nodes 28
EtherApe-INFO: 00:36:42.873: delete node: IP: 142.251.39.10. Number of nodes 27
EtherApe-INFO: 00:37:02.645: delete node: IP: 142.250.201.195. Number of nodes 26
EtherApe-INFO: 00:37:02.841: New node: IP: 142.250.201.206. Number of nodes 27
EtherApe-INFO: 00:37:04.802: delete node: IP: 224.0.0.1. Number of nodes 26
EtherApe-INFO: 00:37:04.802: delete node: IP: 192.168.0.1. Number of nodes 25
EtherApe-INFO: 00:37:05.775: New node: IP: 142.251.39.46. Number of nodes 26
EtherApe-INFO: 00:37:09.508: New node: IP: 192.168.0.1. Number of nodes 27
EtherApe-INFO: 00:37:09.540: New node: IP: 224.0.0.1. Number of nodes 28
EtherApe-INFO: 00:37:24.538: delete node: IP: 52.22.205.89. Number of nodes 27
EtherApe-INFO: 00:37:32.244: delete node: IP: 172.217.19.110. Number of nodes 26
EtherApe-INFO: 00:37:38.308: New node: IP: 95.216.195.133. Number of nodes 27
EtherApe-INFO: 00:37:47.108: New node: IP: 52.222.230.40. Number of nodes 28
EtherApe-INFO: 00:37:50.948: delete node: IP: 142.251.39.74. Number of nodes 27
EtherApe-INFO: 00:37:54.575: New node: IP: 142.251.39.67. Number of nodes 28
EtherApe-INFO: 00:38:23.704: delete node: IP: 140.82.121.4. Number of nodes 27
EtherApe-INFO: 00:38:27.713: delete node: IP: 142.250.180.195. Number of nodes 26
EtherApe-INFO: 00:38:30.102: delete node: IP: 3.93.104.25. Number of nodes 25
EtherApe-INFO: 00:38:45.244: New node: IP: 104.17.49.74. Number of nodes 26
EtherApe-INFO: 00:38:45.246: New node: IP: 142.250.180.206. Number of nodes 27
EtherApe-INFO: 00:38:47.169: delete node: IP: 52.222.230.88. Number of nodes 26
EtherApe-INFO: 00:38:47.375: New node: IP: 37.19.218.139. Number of nodes 27
EtherApe-INFO: 00:39:03.653: delete node: IP: 142.250.201.206. Number of nodes 26
EtherApe-INFO: 00:39:09.845: delete node: IP: 224.0.0.1. Number of nodes 25
EtherApe-INFO: 00:39:09.845: delete node: IP: 192.168.0.1. Number of nodes 24
EtherApe-INFO: 00:39:14.574: New node: IP: 192.168.0.1. Number of nodes 25
EtherApe-INFO: 00:39:14.575: New node: IP: 224.0.0.1. Number of nodes 26
EtherApe-INFO: 00:39:19.642: New node: IP: 172.217.19.100. Number of nodes 27
EtherApe-INFO: 00:39:38.681: delete node: IP: 95.216.195.133. Number of nodes 26
EtherApe-INFO: 00:40:03.446: delete node: IP: 142.251.39.69. Number of nodes 25
EtherApe-INFO: 00:40:28.265: delete node: IP: 142.251.39.67. Number of nodes 24
EtherApe-INFO: 00:40:39.148: delete node: IP: 172.217.19.106. Number of nodes 23
EtherApe-INFO: 00:40:48.013: delete node: IP: 142.250.180.206. Number of nodes 22
EtherApe-INFO: 00:41:06.845: New node: IP: 1.1.1.1. Number of nodes 23
EtherApe-INFO: 00:41:06.845: New node: IP: 142.250.180.228. Number of nodes 24
EtherApe-INFO: 00:41:16.758: delete node: IP: 224.0.0.1. Number of nodes 23
EtherApe-INFO: 00:41:16.758: delete node: IP: 192.168.0.1. Number of nodes 22
EtherApe-INFO: 00:41:19.641: New node: IP: 192.168.0.1. Number of nodes 23
EtherApe-INFO: 00:41:19.641: New node: IP: 224.0.0.1. Number of nodes 24
EtherApe-INFO: 00:42:00.978: New node: IP: 142.251.39.74. Number of nodes 25
EtherApe-INFO: 00:42:04.487: delete node: IP: 212.82.100.137. Number of nodes 24
EtherApe-INFO: 00:42:15.404: delete node: IP: 204.79.197.200. Number of nodes 23
EtherApe-INFO: 00:42:38.308: New node: IP: 95.216.195.133. Number of nodes 24
EtherApe-INFO: 00:43:07.730: delete node: IP: 142.250.180.228. Number of nodes 23
EtherApe-INFO: 00:43:07.730: delete node: IP: 1.1.1.1. Number of nodes 22
EtherApe-INFO: 00:43:20.201: delete node: IP: 224.0.0.1. Number of nodes 21
EtherApe-INFO: 00:43:20.201: delete node: IP: 192.168.0.1. Number of nodes 20
EtherApe-INFO: 00:43:24.441: New node: IP: 192.168.0.1. Number of nodes 21
EtherApe-INFO: 00:43:24.441: New node: IP: 224.0.0.1. Number of nodes 22
EtherApe-INFO: 00:43:47.450: delete node: IP: 52.222.230.40. Number of nodes 21
EtherApe-INFO: 00:43:59.109: delete node: IP: 64.233.164.189. Number of nodes 20
EtherApe-INFO: 00:44:01.264: delete node: IP: 142.251.39.74. Number of nodes 19
EtherApe-INFO: 00:44:03.730: delete node: IP: 239.255.255.250. Number of nodes 18
EtherApe-INFO: 00:44:38.894: delete node: IP: 95.216.195.133. Number of nodes 17
EtherApe-INFO: 00:44:46.574: New node: IP: 239.255.255.250. Number of nodes 18
EtherApe-INFO: 00:45:24.743: delete node: IP: 224.0.0.1. Number of nodes 17
EtherApe-INFO: 00:45:24.743: delete node: IP: 192.168.0.1. Number of nodes 16
EtherApe-INFO: 00:45:27.111: delete node: IP: 142.251.39.46. Number of nodes 15
EtherApe-INFO: 00:45:29.508: New node: IP: 192.168.0.1. Number of nodes 16
EtherApe-INFO: 00:45:29.508: New node: IP: 224.0.0.1. Number of nodes 17
EtherApe-INFO: 00:45:46.916: delete node: IP: 172.217.19.100. Number of nodes 16
EtherApe-INFO: 00:47:14.045: New node: IP: 1.1.1.1. Number of nodes 17
EtherApe-INFO: 00:47:14.045: New node: IP: 142.250.180.228. Number of nodes 18
EtherApe-INFO: 00:47:29.039: delete node: IP: 104.17.49.74. Number of nodes 17
EtherApe-INFO: 00:47:30.107: delete node: IP: 224.0.0.1. Number of nodes 16
EtherApe-INFO: 00:47:30.108: delete node: IP: 192.168.0.1. Number of nodes 15
EtherApe-INFO: 00:47:34.575: New node: IP: 192.168.0.1. Number of nodes 16
EtherApe-INFO: 00:47:34.575: New node: IP: 224.0.0.1. Number of nodes 17
EtherApe-INFO: 00:47:38.308: New node: IP: 95.216.195.133. Number of nodes 18
EtherApe-INFO: 00:48:26.313: New node: IP: 142.251.39.74. Number of nodes 19
EtherApe-INFO: 00:49:16.019: delete node: IP: 142.250.180.228. Number of nodes 18
EtherApe-INFO: 00:49:16.019: delete node: IP: 1.1.1.1. Number of nodes 17
EtherApe-INFO: 00:49:35.672: delete node: IP: 224.0.0.1. Number of nodes 16
EtherApe-INFO: 00:49:35.672: delete node: IP: 192.168.0.1. Number of nodes 15
EtherApe-INFO: 00:49:38.584: delete node: IP: 95.216.195.133. Number of nodes 14
EtherApe-INFO: 00:49:39.646: New node: IP: 192.168.0.1. Number of nodes 15
EtherApe-INFO: 00:49:39.646: New node: IP: 224.0.0.1. Number of nodes 16
EtherApe-INFO: 00:50:28.723: delete node: IP: 142.251.39.74. Number of nodes 15
EtherApe-INFO: 00:50:49.543: delete node: IP: 239.255.255.250. Number of nodes 14
EtherApe-INFO: 00:51:39.726: delete node: IP: 224.0.0.1. Number of nodes 13
EtherApe-INFO: 00:51:39.726: delete node: IP: 192.168.0.1. Number of nodes 12
EtherApe-INFO: 00:51:41.534: delete node: IP: 142.251.39.4. Number of nodes 11
EtherApe-INFO: 00:51:41.534: delete node: IP: 142.250.180.238. Number of nodes 10
EtherApe-INFO: 00:51:41.534: delete node: IP: 8.8.8.8. Number of nodes 9
EtherApe-INFO: 00:51:44.441: New node: IP: 192.168.0.1. Number of nodes 10
EtherApe-INFO: 00:51:44.441: New node: IP: 224.0.0.1. Number of nodes 11
EtherApe-INFO: 00:51:44.521: delete node: IP: 142.250.180.202. Number of nodes 10
EtherApe-INFO: 00:53:44.773: delete node: IP: 224.0.0.1. Number of nodes 9
EtherApe-INFO: 00:54:00.174: New node: IP: 224.0.0.1. Number of nodes 10
EtherApe-INFO: 00:54:23.641: New node: IP: 149.154.175.100. Number of nodes 11
EtherApe-INFO: 00:54:31.641: New node: IP: 149.154.167.91. Number of nodes 12
EtherApe-INFO: 00:54:39.644: New node: IP: 91.108.56.188. Number of nodes 13
EtherApe-INFO: 00:54:45.508: New node: IP: 149.154.167.92. Number of nodes 14
EtherApe-INFO: 00:54:47.641: New node: IP: 149.154.175.57. Number of nodes 15
EtherApe-INFO: 00:54:47.641: New node: IP: 149.154.175.50. Number of nodes 16
EtherApe-INFO: 00:54:53.507: New node: IP: 91.108.56.145. Number of nodes 17
EtherApe-INFO: 00:55:01.508: New node: IP: 149.154.175.54. Number of nodes 18
EtherApe-INFO: 00:55:06.574: New node: IP: 1.1.1.1. Number of nodes 19
EtherApe-INFO: 00:55:07.641: New node: IP: 8.8.8.8. Number of nodes 20
EtherApe-INFO: 00:55:07.641: New node: IP: 239.255.255.250. Number of nodes 21
EtherApe-INFO: 00:55:09.775: New node: IP: 142.250.180.238. Number of nodes 22
EtherApe-INFO: 00:55:10.041: New node: IP: 142.251.39.4. Number of nodes 23
EtherApe-INFO: 00:55:10.308: New node: IP: 95.216.195.133. Number of nodes 24
EtherApe-INFO: 00:55:18.308: New node: IP: 142.250.180.202. Number of nodes 25
EtherApe-INFO: 00:55:31.108: New node: IP: 142.251.39.74. Number of nodes 26
EtherApe-INFO: 00:55:38.041: New node: IP: 255.255.255.255. Number of nodes 27
EtherApe-INFO: 00:56:18.841: New node: IP: 172.217.20.13. Number of nodes 28
EtherApe-INFO: 00:56:32.216: delete node: IP: 224.0.0.1. Number of nodes 27
EtherApe-INFO: 00:56:36.708: New node: IP: 224.0.0.1. Number of nodes 28
EtherApe-INFO: 00:56:38.650: delete node: IP: 149.154.167.91. Number of nodes 27
EtherApe-INFO: 00:56:46.849: delete node: IP: 91.108.56.188. Number of nodes 26
EtherApe-INFO: 00:56:54.593: delete node: IP: 149.154.175.50. Number of nodes 25
EtherApe-INFO: 00:56:54.593: delete node: IP: 149.154.167.92. Number of nodes 24
EtherApe-INFO: 00:57:01.045: delete node: IP: 91.108.56.145. Number of nodes 23
EtherApe-INFO: 00:57:09.566: delete node: IP: 149.154.175.57. Number of nodes 22
EtherApe-INFO: 00:57:09.566: delete node: IP: 149.154.175.54. Number of nodes 21
EtherApe-INFO: 00:57:11.167: delete node: IP: 239.255.255.250. Number of nodes 20
EtherApe-INFO: 00:57:11.167: delete node: IP: 149.154.175.100. Number of nodes 19
EtherApe-INFO: 00:57:11.167: delete node: IP: 95.216.195.133. Number of nodes 18
EtherApe-INFO: 00:57:15.696: delete node: IP: 1.1.1.1. Number of nodes 17
EtherApe-INFO: 00:57:23.113: delete node: IP: 54.216.9.50. Number of nodes 16
EtherApe-INFO: 00:57:31.413: delete node: IP: 142.251.39.74. Number of nodes 15
EtherApe-INFO: 00:57:35.107: New node: IP: 239.255.255.250. Number of nodes 16
EtherApe-INFO: 00:57:58.574: New node: IP: 142.250.180.195. Number of nodes 17
EtherApe-INFO: 00:57:58.575: New node: IP: 142.250.201.206. Number of nodes 18
EtherApe-INFO: 00:58:19.643: delete node: IP: 172.217.20.13. Number of nodes 17
EtherApe-INFO: 00:58:36.974: New node: IP: 1.1.1.1. Number of nodes 18
EtherApe-INFO: 00:58:36.974: New node: IP: 142.250.180.228. Number of nodes 19
EtherApe-INFO: 00:58:37.073: delete node: IP: 224.0.0.1. Number of nodes 18
EtherApe-INFO: 00:58:41.778: New node: IP: 224.0.0.1. Number of nodes 19
EtherApe-INFO: 00:59:53.508: New node: IP: 149.154.175.100. Number of nodes 20
EtherApe-INFO: 00:59:58.623: delete node: IP: 142.250.201.206. Number of nodes 19
EtherApe-INFO: 01:00:01.514: New node: IP: 149.154.167.91. Number of nodes 20
EtherApe-INFO: 01:00:09.508: New node: IP: 91.108.56.188. Number of nodes 21
EtherApe-INFO: 01:00:15.641: New node: IP: 149.154.167.92. Number of nodes 22
EtherApe-INFO: 01:00:17.511: New node: IP: 149.154.175.57. Number of nodes 23
EtherApe-INFO: 01:00:17.512: New node: IP: 149.154.175.50. Number of nodes 24
EtherApe-INFO: 01:00:23.641: New node: IP: 91.108.56.145. Number of nodes 25
EtherApe-INFO: 01:00:31.641: New node: IP: 149.154.175.54. Number of nodes 26
EtherApe-INFO: 01:00:36.995: delete node: IP: 142.250.180.228. Number of nodes 25
EtherApe-INFO: 01:00:39.715: delete node: IP: 255.255.255.255. Number of nodes 24
EtherApe-INFO: 01:00:42.115: delete node: IP: 224.0.0.1. Number of nodes 23
EtherApe-INFO: 01:00:46.308: New node: IP: 255.255.255.255. Number of nodes 24
EtherApe-INFO: 01:00:46.574: New node: IP: 224.0.0.1. Number of nodes 25
EtherApe-INFO: 01:01:02.594: delete node: IP: 142.251.39.4. Number of nodes 24
EtherApe-INFO: 01:01:02.594: delete node: IP: 142.250.180.238. Number of nodes 23
EtherApe-INFO: 01:01:05.321: delete node: IP: 142.250.180.202. Number of nodes 22
EtherApe-INFO: 01:02:39.654: delete node: IP: 142.250.102.188. Number of nodes 21
EtherApe-INFO: 01:02:55.203: delete node: IP: 35.198.0.0. Number of nodes 20
EtherApe-INFO: 01:03:18.662: delete node: IP: 224.0.0.1. Number of nodes 19
EtherApe-INFO: 01:03:18.878: delete node: IP: 140.82.112.25. Number of nodes 18
EtherApe-INFO: 01:03:23.107: New node: IP: 224.0.0.1. Number of nodes 19
EtherApe-INFO: 01:05:23.428: delete node: IP: 224.0.0.1. Number of nodes 18
EtherApe-INFO: 01:05:28.174: New node: IP: 224.0.0.1. Number of nodes 19
EtherApe-INFO: 01:06:47.641: New node: IPv6: fe80::b4de:d21f:61d6:e234. Number of nodes 20
EtherApe-INFO: 01:06:47.641: New node: IPv6: ff02::2. Number of nodes 21
EtherApe-INFO: 01:07:28.499: delete node: IP: 224.0.0.1. Number of nodes 20
EtherApe-INFO: 01:07:32.974: New node: IP: 224.0.0.1. Number of nodes 21
EtherApe-INFO: 01:08:15.108: New node: IP: 142.250.180.238. Number of nodes 22
EtherApe-INFO: 01:08:15.109: New node: IP: 142.251.39.4. Number of nodes 23
EtherApe-INFO: 01:08:23.374: New node: IP: 142.250.180.202. Number of nodes 24
EtherApe-INFO: 01:08:47.731: delete node: IPv6: ff02::2. Number of nodes 23
EtherApe-INFO: 01:08:47.731: delete node: IPv6: fe80::b4de:d21f:61d6:e234. Number of nodes 22
EtherApe-INFO: 01:09:04.441: New node: IP: 95.216.195.133. Number of nodes 23
EtherApe-INFO: 01:09:23.641: New node: IP: 172.217.19.106. Number of nodes 24
EtherApe-INFO: 01:09:33.264: delete node: IP: 224.0.0.1. Number of nodes 23
EtherApe-INFO: 01:09:38.041: New node: IP: 224.0.0.1. Number of nodes 24
EtherApe-INFO: 01:09:44.722: delete node: IP: 149.154.175.50. Number of nodes 23
EtherApe-INFO: 01:09:50.912: delete node: IP: 91.108.56.145. Number of nodes 22
EtherApe-INFO: 01:10:02.606: delete node: IP: 149.154.175.57. Number of nodes 21
EtherApe-INFO: 01:10:02.607: delete node: IP: 149.154.175.54. Number of nodes 20
EtherApe-INFO: 01:10:12.767: delete node: IP: 149.154.167.91. Number of nodes 19
EtherApe-INFO: 01:10:14.891: delete node: IP: 142.250.180.195. Number of nodes 18
EtherApe-INFO: 01:10:15.115: delete node: IP: 91.108.56.188. Number of nodes 17
EtherApe-INFO: 01:10:16.195: delete node: IP: 149.154.175.100. Number of nodes 16
EtherApe-INFO: 01:10:17.053: delete node: IP: 149.154.167.92. Number of nodes 15
EtherApe-INFO: 01:10:17.053: delete node: IP: 149.154.167.50. Number of nodes 14
EtherApe-INFO: 01:10:18.136: delete node: IP: 1.1.1.1. Number of nodes 13
EtherApe-INFO: 01:10:35.111: New node: IP: 172.217.19.100. Number of nodes 14
EtherApe-INFO: 01:11:05.003: delete node: IP: 95.216.195.133. Number of nodes 13
EtherApe-INFO: 01:11:24.750: delete node: IP: 142.250.180.202. Number of nodes 12
EtherApe-INFO: 01:11:38.403: delete node: IP: 239.255.255.250. Number of nodes 11
EtherApe-INFO: 01:11:38.403: delete node: IP: 224.0.0.1. Number of nodes 10
EtherApe-INFO: 01:11:43.107: New node: IP: 224.0.0.1. Number of nodes 11
EtherApe-INFO: 01:11:53.507: New node: IP: 239.255.255.250. Number of nodes 12
EtherApe-INFO: 01:13:44.986: delete node: IP: 224.0.0.1. Number of nodes 11
EtherApe-INFO: 01:13:48.174: New node: IP: 224.0.0.1. Number of nodes 12
EtherApe-INFO: 01:14:04.441: New node: IP: 95.216.195.133. Number of nodes 13
EtherApe-INFO: 01:15:15.641: New node: IP: 142.251.39.46. Number of nodes 14
EtherApe-INFO: 01:15:48.770: delete node: IP: 224.0.0.1. Number of nodes 13
EtherApe-INFO: 01:15:52.974: New node: IP: 224.0.0.1. Number of nodes 14
EtherApe-INFO: 01:15:56.721: delete node: IP: 239.255.255.250. Number of nodes 13
EtherApe-INFO: 01:16:02.577: New node: IP: 239.255.255.250. Number of nodes 14
EtherApe-INFO: 01:16:04.752: delete node: IP: 95.216.195.133. Number of nodes 13
EtherApe-INFO: 01:16:26.069: delete node: IP: 172.217.19.100. Number of nodes 12
EtherApe-INFO: 01:17:15.989: delete node: IP: 142.251.39.46. Number of nodes 11
EtherApe-INFO: 01:17:53.010: delete node: IP: 224.0.0.1. Number of nodes 10
EtherApe-INFO: 01:17:55.642: New node: IP: 142.251.39.46. Number of nodes 11
EtherApe-INFO: 01:17:58.041: New node: IP: 224.0.0.1. Number of nodes 12
EtherApe-INFO: 01:18:05.834: delete node: IP: 239.255.255.250. Number of nodes 11
EtherApe-INFO: 01:18:47.644: New node: IP: 239.255.255.250. Number of nodes 12
EtherApe-INFO: 01:19:04.441: New node: IP: 95.216.195.133. Number of nodes 13
EtherApe-INFO: 01:19:58.643: delete node: IP: 224.0.0.1. Number of nodes 12
EtherApe-INFO: 01:20:03.111: New node: IP: 224.0.0.1. Number of nodes 13
EtherApe-INFO: 01:20:12.441: New node: IP: 142.250.180.195. Number of nodes 14
EtherApe-INFO: 01:20:35.948: delete node: IP: 142.251.39.46. Number of nodes 13
EtherApe-INFO: 01:20:41.774: New node: IP: 1.1.1.1. Number of nodes 14
EtherApe-INFO: 01:20:46.574: New node: IP: 142.251.39.74. Number of nodes 15
EtherApe-INFO: 01:21:04.743: delete node: IP: 95.216.195.133. Number of nodes 14
EtherApe-INFO: 01:21:29.241: New node: IP: 142.250.201.206. Number of nodes 15
EtherApe-INFO: 01:22:03.157: delete node: IP: 224.0.0.1. Number of nodes 14
EtherApe-INFO: 01:22:08.174: New node: IP: 224.0.0.1. Number of nodes 15
EtherApe-INFO: 01:22:46.888: delete node: IP: 142.251.39.74. Number of nodes 14
EtherApe-INFO: 01:23:29.591: delete node: IP: 142.250.201.206. Number of nodes 13
EtherApe-INFO: 01:23:35.397: delete node: IP: 142.250.180.195. Number of nodes 12
EtherApe-INFO: 01:23:35.397: delete node: IP: 1.1.1.1. Number of nodes 11
EtherApe-INFO: 01:24:04.441: New node: IP: 95.216.195.133. Number of nodes 12
EtherApe-INFO: 01:24:08.484: delete node: IP: 224.0.0.1. Number of nodes 11
EtherApe-INFO: 01:24:12.974: New node: IP: 224.0.0.1. Number of nodes 12
EtherApe-INFO: 01:24:50.658: delete node: IP: 239.255.255.250. Number of nodes 11
EtherApe-INFO: 01:25:17.511: New node: IP: 239.255.255.250. Number of nodes 12
EtherApe-INFO: 01:26:05.302: delete node: IP: 95.216.195.133. Number of nodes 11
EtherApe-INFO: 01:26:14.669: delete node: IP: 224.0.0.1. Number of nodes 10
EtherApe-INFO: 01:26:18.041: New node: IP: 224.0.0.1. Number of nodes 11
EtherApe-INFO: 01:26:32.174: New node: IP: 1.1.1.1. Number of nodes 12
EtherApe-INFO: 01:27:52.709: New node: IP: 149.154.167.50. Number of nodes 13
EtherApe-INFO: 01:28:15.641: New node: IP: 149.154.175.100. Number of nodes 14
EtherApe-INFO: 01:28:18.408: delete node: IP: 224.0.0.1. Number of nodes 13
EtherApe-INFO: 01:28:23.108: New node: IP: 224.0.0.1. Number of nodes 14
EtherApe-INFO: 01:28:23.641: New node: IP: 149.154.167.92. Number of nodes 15
EtherApe-INFO: 01:28:31.641: New node: IP: 91.108.56.145. Number of nodes 16
EtherApe-INFO: 01:28:39.645: New node: IP: 149.154.175.57. Number of nodes 17
EtherApe-INFO: 01:28:39.645: New node: IP: 149.154.175.54. Number of nodes 18
EtherApe-INFO: 01:29:04.708: New node: IP: 149.154.167.91. Number of nodes 19
EtherApe-INFO: 01:29:12.708: New node: IP: 91.108.56.188. Number of nodes 20
EtherApe-INFO: 01:29:20.707: New node: IP: 149.154.175.50. Number of nodes 21
EtherApe-INFO: 01:29:20.788: delete node: IP: 239.255.255.250. Number of nodes 20
EtherApe-INFO: 01:29:22.574: New node: IP: 239.255.255.250. Number of nodes 21
EtherApe-INFO: 01:29:31.393: delete node: IP: 172.217.19.106. Number of nodes 20
EtherApe-INFO: 01:29:37.347: delete node: IP: 142.250.180.238. Number of nodes 19
EtherApe-INFO: 01:29:37.560: delete node: IP: 142.251.39.4. Number of nodes 18
EtherApe-INFO: 01:30:23.724: delete node: IP: 224.0.0.1. Number of nodes 17
EtherApe-INFO: 01:30:28.174: New node: IP: 224.0.0.1. Number of nodes 18
EtherApe-INFO: 01:31:25.809: delete node: IP: 239.255.255.250. Number of nodes 17
EtherApe-INFO: 01:31:31.107: New node: IP: 172.217.19.106. Number of nodes 18
EtherApe-INFO: 01:31:45.508: New node: IP: 239.255.255.250. Number of nodes 19
EtherApe-INFO: 01:31:46.314: New node: IP: 95.216.195.133. Number of nodes 20
EtherApe-INFO: 01:31:47.641: New node: IP: 142.250.180.238. Number of nodes 21
EtherApe-INFO: 01:31:47.908: New node: IP: 172.217.19.100. Number of nodes 22
EtherApe-INFO: 01:31:48.708: New node: IP: 142.251.39.4. Number of nodes 23
EtherApe-INFO: 01:32:28.448: delete node: IP: 224.0.0.1. Number of nodes 22
EtherApe-INFO: 01:32:32.977: New node: IP: 224.0.0.1. Number of nodes 23
EtherApe-INFO: 01:32:56.708: New node: IP: 142.251.39.42. Number of nodes 24
EtherApe-INFO: 01:33:26.889: delete node: IP: 91.108.56.145. Number of nodes 23
EtherApe-INFO: 01:33:27.209: delete node: IP: 91.108.56.188. Number of nodes 22
EtherApe-INFO: 01:33:28.445: New node: IP: 142.251.39.74. Number of nodes 23
EtherApe-INFO: 01:33:34.122: delete node: IP: 149.154.175.54. Number of nodes 22
EtherApe-INFO: 01:33:36.722: delete node: IP: 149.154.175.57. Number of nodes 21
EtherApe-INFO: 01:33:36.722: delete node: IP: 149.154.175.50. Number of nodes 20
EtherApe-INFO: 01:33:46.110: delete node: IP: 149.154.167.91. Number of nodes 19
EtherApe-INFO: 01:33:48.801: delete node: IP: 239.255.255.250. Number of nodes 18
EtherApe-INFO: 01:33:48.801: delete node: IP: 149.154.167.92. Number of nodes 17
EtherApe-INFO: 01:33:48.801: delete node: IP: 95.216.195.133. Number of nodes 16
EtherApe-INFO: 01:33:49.551: delete node: IP: 149.154.175.100. Number of nodes 15
EtherApe-INFO: 01:34:21.507: New node: IP: 239.255.255.250. Number of nodes 16
EtherApe-INFO: 01:34:35.186: delete node: IP: 224.0.0.1. Number of nodes 15
EtherApe-INFO: 01:34:38.041: New node: IP: 224.0.0.1. Number of nodes 16
EtherApe-INFO: 01:34:57.817: delete node: IP: 172.217.19.106. Number of nodes 15
EtherApe-INFO: 01:34:57.817: delete node: IP: 1.1.1.1. Number of nodes 14
EtherApe-INFO: 01:35:19.199: delete node: IP: 172.217.19.100. Number of nodes 13
EtherApe-INFO: 01:35:29.321: delete node: IP: 142.251.39.74. Number of nodes 12
EtherApe-INFO: 01:36:25.787: delete node: IP: 239.255.255.250. Number of nodes 11
EtherApe-INFO: 01:36:27.907: New node: IP: 172.217.19.106. Number of nodes 12
EtherApe-INFO: 01:36:31.374: New node: IP: 95.216.195.133. Number of nodes 13
EtherApe-INFO: 01:37:36.977: New node: IP: 0.0.0.0. Number of nodes 14
EtherApe-INFO: 01:37:37.507: New node: IP: 192.168.0.102. Number of nodes 15
EtherApe-INFO: 01:37:55.374: New node: IP: 142.251.39.10. Number of nodes 16
EtherApe-INFO: 01:37:55.375: New node: IP: 5.28.194.169. Number of nodes 17
EtherApe-INFO: 01:37:55.375: New node: IP: 1.1.1.1. Number of nodes 18
EtherApe-INFO: 01:37:55.641: New node: IP: 149.154.167.91. Number of nodes 19
EtherApe-INFO: 01:38:27.183: delete node: IP: 142.251.39.42. Number of nodes 18
EtherApe-INFO: 01:38:28.257: delete node: IP: 172.217.19.106. Number of nodes 17
EtherApe-INFO: 01:38:31.492: delete node: IP: 95.216.195.133. Number of nodes 16
EtherApe-INFO: 01:38:39.917: New node: IP: 142.251.39.74. Number of nodes 17
EtherApe-INFO: 01:38:43.169: delete node: IP: 224.0.0.1. Number of nodes 16
EtherApe-INFO: 01:38:48.177: New node: IP: 224.0.0.1. Number of nodes 17
EtherApe-INFO: 01:39:12.708: New node: IPv6: ::. Number of nodes 18
EtherApe-INFO: 01:39:12.708: New node: IPv6: ff02::16. Number of nodes 19
EtherApe-INFO: 01:39:13.241: New node: IPv6: ff02::1:ffd6:e234. Number of nodes 20
EtherApe-INFO: 01:39:13.242: New node: IP: 95.216.195.133. Number of nodes 21
EtherApe-INFO: 01:39:14.308: New node: IPv6: fe80::b4de:d21f:61d6:e234. Number of nodes 22
EtherApe-INFO: 01:39:14.308: New node: IPv6: ff02::2. Number of nodes 23
EtherApe-INFO: 01:39:14.574: New node: IP: 142.251.39.42. Number of nodes 24
EtherApe-INFO: 01:39:40.979: New node: IP: 239.255.255.250. Number of nodes 25
EtherApe-INFO: 01:39:43.911: New node: IP: 224.0.0.251. Number of nodes 26
EtherApe-INFO: 01:39:43.911: New node: IP: 224.0.0.22. Number of nodes 27
EtherApe-INFO: 01:39:55.671: delete node: IP: 142.251.39.10. Number of nodes 26
EtherApe-INFO: 01:39:57.304: delete node: IP: 149.154.167.91. Number of nodes 25
EtherApe-INFO: 01:39:57.304: delete node: IP: 5.28.194.169. Number of nodes 24
EtherApe-INFO: 01:40:04.185: delete node: IP: 1.1.1.1. Number of nodes 23
EtherApe-INFO: 01:40:28.174: New node: IP: 172.217.19.106. Number of nodes 24
EtherApe-INFO: 01:40:40.177: delete node: IP: 142.251.39.74. Number of nodes 23
EtherApe-INFO: 01:40:41.599: delete node: IP: 192.168.0.102. Number of nodes 22
EtherApe-INFO: 01:40:48.212: delete node: IP: 224.0.0.1. Number of nodes 21
EtherApe-INFO: 01:40:52.442: New node: IP: 142.250.201.202. Number of nodes 22
EtherApe-INFO: 01:40:52.978: New node: IP: 224.0.0.1. Number of nodes 23
EtherApe-INFO: 01:41:12.814: delete node: IP: 255.255.255.255. Number of nodes 22
EtherApe-INFO: 01:41:12.815: delete node: IP: 0.0.0.0. Number of nodes 21
EtherApe-INFO: 01:41:15.121: delete node: IPv6: ff02::1:ffd6:e234. Number of nodes 20
EtherApe-INFO: 01:41:15.121: delete node: IPv6: ::. Number of nodes 19
EtherApe-INFO: 01:41:15.121: delete node: IP: 95.216.195.133. Number of nodes 18
EtherApe-INFO: 01:41:16.977: delete node: IPv6: ff02::16. Number of nodes 17
EtherApe-INFO: 01:41:46.596: delete node: IP: 239.255.255.250. Number of nodes 16
EtherApe-INFO: 01:41:46.596: delete node: IP: 224.0.0.22. Number of nodes 15
EtherApe-INFO: 01:41:47.134: delete node: IP: 224.0.0.251. Number of nodes 14
EtherApe-INFO: 01:41:48.708: New node: IP: 239.255.255.250. Number of nodes 15
