(etherape:4042): GLib-GIO-DEBUG: 12:55:24.923: _g_io_module_get_default: Found default implementation local (GLocalVfs) for ‘gio-vfs’
EtherApe-INFO: 12:55:25.041: sctp protocol not supported
EtherApe-INFO: 12:55:25.041: dccp protocol not supported
EtherApe-INFO: 12:55:25.041: sctp protocol not supported
EtherApe-INFO: 12:55:25.041: sctp protocol not supported
EtherApe-INFO: 12:55:25.041: sctp protocol not supported
EtherApe-INFO: 12:55:25.041: sctp protocol not supported
EtherApe-INFO: 12:55:25.041: sctp protocol not supported
EtherApe-INFO: 12:55:25.041: sctp protocol not supported
EtherApe-INFO: 12:55:25.042: sctp protocol not supported
EtherApe-INFO: 12:55:25.042: dccp protocol not supported
EtherApe-INFO: 12:55:25.042: sctp protocol not supported
EtherApe-INFO: 12:55:25.042: dccp protocol not supported
EtherApe-INFO: 12:55:25.042: dccp protocol not supported
EtherApe-INFO: 12:55:25.042: sctp protocol not supported
EtherApe-INFO: 12:55:25.042: sctp protocol not supported
EtherApe-INFO: 12:55:25.042: sctp protocol not supported
EtherApe-INFO: 12:55:25.042: sctp protocol not supported
EtherApe-INFO: 12:55:25.043: sctp protocol not supported
EtherApe-INFO: 12:55:25.044: sctp protocol not supported
EtherApe-INFO: 12:55:25.044: sctp protocol not supported
EtherApe-INFO: 12:55:25.044: sctp protocol not supported
EtherApe-INFO: 12:55:25.044: sctp protocol not supported
EtherApe-INFO: 12:55:25.044: sctp protocol not supported
EtherApe-INFO: 12:55:25.045: sctp protocol not supported
EtherApe-INFO: 12:55:25.045: sctp protocol not supported
EtherApe-INFO: 12:55:25.046: sctp protocol not supported
EtherApe-INFO: 12:55:25.046: sctp protocol not supported
EtherApe-INFO: 12:55:25.046: sctp protocol not supported
EtherApe-INFO: 12:55:25.046: dccp protocol not supported
EtherApe-INFO: 12:55:25.046: sctp protocol not supported
EtherApe-INFO: 12:55:25.047: sctp protocol not supported
EtherApe-INFO: 12:55:25.047: dccp protocol not supported
EtherApe-INFO: 12:55:25.047: sctp protocol not supported
EtherApe-INFO: 12:55:25.047: sctp protocol not supported
EtherApe-INFO: 12:55:25.047: sctp protocol not supported
EtherApe-INFO: 12:55:25.047: dccp protocol not supported
EtherApe-INFO: 12:55:25.047: dccp protocol not supported
EtherApe-INFO: 12:55:25.047: sctp protocol not supported
EtherApe-INFO: 12:55:25.047: sctp protocol not supported
EtherApe-INFO: 12:55:25.047: sctp protocol not supported
EtherApe-INFO: 12:55:25.047: sctp protocol not supported
EtherApe-INFO: 12:55:25.047: sctp protocol not supported
EtherApe-INFO: 12:55:25.048: sctp protocol not supported
EtherApe-INFO: 12:55:25.048: sctp protocol not supported
EtherApe-INFO: 12:55:25.048: sctp protocol not supported
EtherApe-INFO: 12:55:25.048: sctp protocol not supported
EtherApe-INFO: 12:55:25.048: sctp protocol not supported
EtherApe-INFO: 12:55:25.048: sctp protocol not supported
EtherApe-INFO: 12:55:25.048: sctp protocol not supported
EtherApe-INFO: 12:55:25.048: sctp protocol not supported
EtherApe-INFO: 12:55:25.048: dccp protocol not supported
EtherApe-INFO: 12:55:25.048: sctp protocol not supported
EtherApe-INFO: 12:55:25.048: sctp protocol not supported
EtherApe-INFO: 12:55:25.048: sctp protocol not supported
EtherApe-INFO: 12:55:25.049: sctp protocol not supported
EtherApe-INFO: 12:55:25.049: sctp protocol not supported
EtherApe-INFO: 12:55:25.049: sctp protocol not supported
EtherApe-INFO: 12:55:25.049: sctp protocol not supported
EtherApe-INFO: 12:55:25.049: sctp protocol not supported
EtherApe-INFO: 12:55:25.049: sctp protocol not supported
EtherApe-INFO: 12:55:25.050: sctp protocol not supported
EtherApe-INFO: 12:55:25.050: sctp protocol not supported
EtherApe-INFO: 12:55:25.050: sctp protocol not supported
EtherApe-INFO: 12:55:25.050: sctp protocol not supported
EtherApe-INFO: 12:55:25.050: sctp protocol not supported
EtherApe-INFO: 12:55:25.050: sctp protocol not supported
EtherApe-INFO: 12:55:25.050: sctp protocol not supported
EtherApe-INFO: 12:55:25.050: sctp protocol not supported
EtherApe-INFO: 12:55:25.050: sctp protocol not supported
EtherApe-INFO: 12:55:25.050: sctp protocol not supported
EtherApe-INFO: 12:55:25.051: sctp protocol not supported
EtherApe-INFO: 12:55:25.051: sctp protocol not supported
EtherApe-INFO: 12:55:25.051: sctp protocol not supported
EtherApe-INFO: 12:55:25.051: sctp protocol not supported
EtherApe-INFO: 12:55:25.051: sctp protocol not supported
EtherApe-INFO: 12:55:25.051: sctp protocol not supported
EtherApe-INFO: 12:55:25.051: sctp protocol not supported
EtherApe-INFO: 12:55:25.051: sctp protocol not supported
EtherApe-INFO: 12:55:25.051: sctp protocol not supported
EtherApe-INFO: 12:55:25.051: sctp protocol not supported
EtherApe-INFO: 12:55:25.051: sctp protocol not supported
EtherApe-INFO: 12:55:25.051: sctp protocol not supported
EtherApe-INFO: 12:55:25.051: sctp protocol not supported
EtherApe-INFO: 12:55:25.051: sctp protocol not supported
EtherApe-INFO: 12:55:25.051: sctp protocol not supported
EtherApe-INFO: 12:55:25.051: sctp protocol not supported
EtherApe-INFO: 12:55:25.051: sctp protocol not supported
EtherApe-INFO: 12:55:25.059: get_interface result: ''
EtherApe-INFO: 12:55:25.060: Available interfaces for capture: dbus-session dbus-system nfqueue nflog bluetooth-monitor lo any enp1s0f4u1u2
EtherApe-INFO: 12:55:25.113: Link type is LINUX_SLL
EtherApe-INFO: 12:55:25.115: Diagram started
EtherApe-INFO: 12:55:29.860: New node: IP: 192.168.1.116. Number of nodes 1
EtherApe-INFO: 12:55:29.860: New node: IP: 142.251.39.42. Number of nodes 2
EtherApe-INFO: 12:55:31.459: New node: IP: 8.8.8.8. Number of nodes 3
EtherApe-INFO: 12:55:31.993: New node: IP: 142.250.180.238. Number of nodes 4
EtherApe-INFO: 12:55:32.260: New node: IP: 142.251.39.4. Number of nodes 5
EtherApe-INFO: 12:55:38.393: New node: IP: 149.154.167.50. Number of nodes 6
EtherApe-INFO: 12:55:39.196: New node: IP: 149.154.167.51. Number of nodes 7
EtherApe-INFO: 12:55:40.260: New node: IP: 149.154.167.151. Number of nodes 8
EtherApe-INFO: 12:55:58.659: New node: IP: 239.255.255.250. Number of nodes 9
EtherApe-INFO: 12:55:58.659: New node: IP: 185.226.144.99. Number of nodes 10
EtherApe-INFO: 12:55:59.193: New node: IP: 224.0.0.251. Number of nodes 11
EtherApe-INFO: 12:56:01.593: New node: IP: 1.1.1.1. Number of nodes 12
EtherApe-INFO: 12:56:01.594: New node: IP: 142.250.201.205. Number of nodes 13
EtherApe-INFO: 12:56:01.598: New node: IP: 142.250.180.195. Number of nodes 14
EtherApe-INFO: 12:56:55.460: New node: IPv6: fe80::86d8:1bff:fe8a:3173. Number of nodes 15
EtherApe-INFO: 12:56:55.460: New node: IPv6: ff02::1. Number of nodes 16
EtherApe-INFO: 12:57:35.193: New node: IP: 142.251.39.74. Number of nodes 17
EtherApe-INFO: 12:58:01.661: delete node: IP: 1.1.1.1. Number of nodes 16
EtherApe-INFO: 12:58:02.185: delete node: IP: 224.0.0.251. Number of nodes 15
EtherApe-INFO: 12:58:04.346: delete node: IP: 149.154.167.151. Number of nodes 14
EtherApe-INFO: 12:58:54.663: New node: IP: 172.217.20.13. Number of nodes 15
EtherApe-INFO: 12:58:56.620: delete node: IPv6: ff02::1. Number of nodes 14
EtherApe-INFO: 12:58:56.620: delete node: IPv6: fe80::86d8:1bff:fe8a:3173. Number of nodes 13
EtherApe-INFO: 12:59:46.926: New node: IP: 95.216.195.133. Number of nodes 14
EtherApe-INFO: 13:00:54.987: delete node: IP: 172.217.20.13. Number of nodes 13
EtherApe-INFO: 13:01:47.512: delete node: IP: 95.216.195.133. Number of nodes 12
EtherApe-INFO: 13:02:57.869: delete node: IP: 142.250.180.195. Number of nodes 11
EtherApe-INFO: 13:03:38.949: delete node: IP: 142.250.201.205. Number of nodes 10
EtherApe-INFO: 13:04:46.926: New node: IP: 95.216.195.133. Number of nodes 11
EtherApe-INFO: 13:05:08.260: New node: IP: 149.154.167.151. Number of nodes 12
EtherApe-INFO: 13:05:34.926: New node: IP: 142.250.201.202. Number of nodes 13
EtherApe-INFO: 13:06:02.659: New node: IPv6: fe80::86d8:1bff:fe8a:3173. Number of nodes 14
EtherApe-INFO: 13:06:02.659: New node: IPv6: ff02::1. Number of nodes 15
EtherApe-INFO: 13:06:35.230: delete node: IP: 142.251.39.74. Number of nodes 14
EtherApe-INFO: 13:06:47.247: delete node: IP: 95.216.195.133. Number of nodes 13
EtherApe-INFO: 13:07:23.785: delete node: IP: 149.154.167.151. Number of nodes 12
EtherApe-INFO: 13:08:03.826: delete node: IPv6: ff02::1. Number of nodes 11
EtherApe-INFO: 13:08:03.826: delete node: IPv6: fe80::86d8:1bff:fe8a:3173. Number of nodes 10
EtherApe-INFO: 13:08:34.127: New node: IP: 142.251.39.74. Number of nodes 11
EtherApe-INFO: 13:08:37.423: delete node: IP: 142.250.201.202. Number of nodes 10
EtherApe-INFO: 13:09:46.926: New node: IP: 95.216.195.133. Number of nodes 11
EtherApe-INFO: 13:10:00.259: New node: IP: 1.1.1.1. Number of nodes 12
EtherApe-INFO: 13:10:34.418: delete node: IP: 142.251.39.74. Number of nodes 11
EtherApe-INFO: 13:10:35.727: New node: IP: 142.251.39.74. Number of nodes 12
EtherApe-INFO: 13:11:47.500: delete node: IP: 95.216.195.133. Number of nodes 11
EtherApe-INFO: 13:12:00.600: delete node: IP: 1.1.1.1. Number of nodes 10
EtherApe-INFO: 13:12:36.043: delete node: IP: 142.251.39.74. Number of nodes 9
EtherApe-INFO: 13:14:40.793: New node: IP: 1.1.1.1. Number of nodes 10
EtherApe-INFO: 13:14:40.793: New node: IP: 172.217.19.100. Number of nodes 11
EtherApe-INFO: 13:14:46.929: New node: IP: 95.216.195.133. Number of nodes 12
EtherApe-INFO: 13:15:35.726: New node: IPv6: fe80::86d8:1bff:fe8a:3173. Number of nodes 13
EtherApe-INFO: 13:15:35.726: New node: IPv6: ff02::1. Number of nodes 14
EtherApe-INFO: 13:16:33.863: New node: IP: 142.251.39.74. Number of nodes 15
EtherApe-INFO: 13:16:41.932: delete node: IP: 172.217.19.100. Number of nodes 14
EtherApe-INFO: 13:16:41.932: delete node: IP: 1.1.1.1. Number of nodes 13
EtherApe-INFO: 13:16:47.765: delete node: IP: 95.216.195.133. Number of nodes 12
EtherApe-INFO: 13:17:09.859: New node: IP: 149.154.167.151. Number of nodes 13
EtherApe-INFO: 13:17:35.798: delete node: IPv6: ff02::1. Number of nodes 12
EtherApe-INFO: 13:17:35.799: delete node: IPv6: fe80::86d8:1bff:fe8a:3173. Number of nodes 11
EtherApe-INFO: 13:18:34.428: delete node: IP: 142.251.39.74. Number of nodes 10
EtherApe-INFO: 13:18:51.726: New node: IP: 1.1.1.1. Number of nodes 11
EtherApe-INFO: 13:18:51.726: New node: IP: 172.217.19.100. Number of nodes 12
EtherApe-INFO: 13:19:26.437: delete node: IP: 149.154.167.151. Number of nodes 11
EtherApe-INFO: 13:19:46.927: New node: IP: 95.216.195.133. Number of nodes 12
EtherApe-INFO: 13:20:11.193: New node: IP: 142.251.39.74. Number of nodes 13
EtherApe-INFO: 13:20:54.468: delete node: IP: 1.1.1.1. Number of nodes 12
EtherApe-INFO: 13:21:47.274: delete node: IP: 95.216.195.133. Number of nodes 11
EtherApe-INFO: 13:22:12.358: delete node: IP: 142.251.39.74. Number of nodes 10
EtherApe-INFO: 13:22:47.226: delete node: IP: 172.217.19.100. Number of nodes 9
EtherApe-INFO: 13:23:27.726: New node: IP: 172.217.19.100. Number of nodes 10
EtherApe-INFO: 13:24:38.126: New node: IPv6: fe80::86d8:1bff:fe8a:3173. Number of nodes 11
EtherApe-INFO: 13:24:38.126: New node: IPv6: ff02::1. Number of nodes 12
EtherApe-INFO: 13:24:46.926: New node: IP: 95.216.195.133. Number of nodes 13
EtherApe-INFO: 13:25:17.860: New node: IP: 142.251.39.46. Number of nodes 14
EtherApe-INFO: 13:25:56.526: New node: IP: 142.250.180.195. Number of nodes 15
