(etherape:1836): GLib-GIO-DEBUG: 15:04:44.300: _g_io_module_get_default: Found default implementation local (GLocalVfs) for ‘gio-vfs’
EtherApe-INFO: 15:04:44.447: sctp protocol not supported
EtherApe-INFO: 15:04:44.447: dccp protocol not supported
EtherApe-INFO: 15:04:44.447: sctp protocol not supported
EtherApe-INFO: 15:04:44.447: sctp protocol not supported
EtherApe-INFO: 15:04:44.447: sctp protocol not supported
EtherApe-INFO: 15:04:44.447: sctp protocol not supported
EtherApe-INFO: 15:04:44.447: sctp protocol not supported
EtherApe-INFO: 15:04:44.448: sctp protocol not supported
EtherApe-INFO: 15:04:44.448: sctp protocol not supported
EtherApe-INFO: 15:04:44.448: dccp protocol not supported
EtherApe-INFO: 15:04:44.448: sctp protocol not supported
EtherApe-INFO: 15:04:44.448: dccp protocol not supported
EtherApe-INFO: 15:04:44.448: dccp protocol not supported
EtherApe-INFO: 15:04:44.448: sctp protocol not supported
EtherApe-INFO: 15:04:44.449: sctp protocol not supported
EtherApe-INFO: 15:04:44.449: sctp protocol not supported
EtherApe-INFO: 15:04:44.449: sctp protocol not supported
EtherApe-INFO: 15:04:44.450: sctp protocol not supported
EtherApe-INFO: 15:04:44.450: sctp protocol not supported
EtherApe-INFO: 15:04:44.450: sctp protocol not supported
EtherApe-INFO: 15:04:44.450: sctp protocol not supported
EtherApe-INFO: 15:04:44.450: sctp protocol not supported
EtherApe-INFO: 15:04:44.451: sctp protocol not supported
EtherApe-INFO: 15:04:44.451: sctp protocol not supported
EtherApe-INFO: 15:04:44.451: sctp protocol not supported
EtherApe-INFO: 15:04:44.451: sctp protocol not supported
EtherApe-INFO: 15:04:44.451: sctp protocol not supported
EtherApe-INFO: 15:04:44.452: sctp protocol not supported
EtherApe-INFO: 15:04:44.452: dccp protocol not supported
EtherApe-INFO: 15:04:44.452: sctp protocol not supported
EtherApe-INFO: 15:04:44.452: sctp protocol not supported
EtherApe-INFO: 15:04:44.452: dccp protocol not supported
EtherApe-INFO: 15:04:44.452: sctp protocol not supported
EtherApe-INFO: 15:04:44.452: sctp protocol not supported
EtherApe-INFO: 15:04:44.452: sctp protocol not supported
EtherApe-INFO: 15:04:44.452: dccp protocol not supported
EtherApe-INFO: 15:04:44.452: dccp protocol not supported
EtherApe-INFO: 15:04:44.452: sctp protocol not supported
EtherApe-INFO: 15:04:44.452: sctp protocol not supported
EtherApe-INFO: 15:04:44.452: sctp protocol not supported
EtherApe-INFO: 15:04:44.452: sctp protocol not supported
EtherApe-INFO: 15:04:44.452: sctp protocol not supported
EtherApe-INFO: 15:04:44.453: sctp protocol not supported
EtherApe-INFO: 15:04:44.453: sctp protocol not supported
EtherApe-INFO: 15:04:44.453: sctp protocol not supported
EtherApe-INFO: 15:04:44.453: sctp protocol not supported
EtherApe-INFO: 15:04:44.453: sctp protocol not supported
EtherApe-INFO: 15:04:44.453: sctp protocol not supported
EtherApe-INFO: 15:04:44.453: sctp protocol not supported
EtherApe-INFO: 15:04:44.453: sctp protocol not supported
EtherApe-INFO: 15:04:44.453: sctp protocol not supported
EtherApe-INFO: 15:04:44.453: sctp protocol not supported
EtherApe-INFO: 15:04:44.453: sctp protocol not supported
EtherApe-INFO: 15:04:44.453: sctp protocol not supported
EtherApe-INFO: 15:04:44.453: sctp protocol not supported
EtherApe-INFO: 15:04:44.453: sctp protocol not supported
EtherApe-INFO: 15:04:44.453: sctp protocol not supported
EtherApe-INFO: 15:04:44.453: dccp protocol not supported
EtherApe-INFO: 15:04:44.453: sctp protocol not supported
EtherApe-INFO: 15:04:44.453: sctp protocol not supported
EtherApe-INFO: 15:04:44.453: sctp protocol not supported
EtherApe-INFO: 15:04:44.453: sctp protocol not supported
EtherApe-INFO: 15:04:44.453: sctp protocol not supported
EtherApe-INFO: 15:04:44.453: sctp protocol not supported
EtherApe-INFO: 15:04:44.453: sctp protocol not supported
EtherApe-INFO: 15:04:44.454: sctp protocol not supported
EtherApe-INFO: 15:04:44.454: sctp protocol not supported
EtherApe-INFO: 15:04:44.454: sctp protocol not supported
EtherApe-INFO: 15:04:44.454: sctp protocol not supported
EtherApe-INFO: 15:04:44.454: sctp protocol not supported
EtherApe-INFO: 15:04:44.454: sctp protocol not supported
EtherApe-INFO: 15:04:44.454: sctp protocol not supported
EtherApe-INFO: 15:04:44.454: sctp protocol not supported
EtherApe-INFO: 15:04:44.454: sctp protocol not supported
EtherApe-INFO: 15:04:44.454: sctp protocol not supported
EtherApe-INFO: 15:04:44.454: sctp protocol not supported
EtherApe-INFO: 15:04:44.454: sctp protocol not supported
EtherApe-INFO: 15:04:44.454: sctp protocol not supported
EtherApe-INFO: 15:04:44.454: sctp protocol not supported
EtherApe-INFO: 15:04:44.454: sctp protocol not supported
EtherApe-INFO: 15:04:44.454: sctp protocol not supported
EtherApe-INFO: 15:04:44.454: sctp protocol not supported
EtherApe-INFO: 15:04:44.454: sctp protocol not supported
EtherApe-INFO: 15:04:44.454: sctp protocol not supported
EtherApe-INFO: 15:04:44.454: sctp protocol not supported
EtherApe-INFO: 15:04:44.454: sctp protocol not supported
EtherApe-INFO: 15:04:44.454: sctp protocol not supported
EtherApe-INFO: 15:04:44.454: sctp protocol not supported
EtherApe-INFO: 15:04:44.455: sctp protocol not supported
EtherApe-INFO: 15:04:44.455: sctp protocol not supported
EtherApe-INFO: 15:04:44.455: sctp protocol not supported
EtherApe-INFO: 15:04:44.455: sctp protocol not supported
EtherApe-INFO: 15:04:44.455: sctp protocol not supported
EtherApe-INFO: 15:04:44.455: sctp protocol not supported
EtherApe-INFO: 15:04:44.466: get_interface result: ''
EtherApe-INFO: 15:04:44.466: Available interfaces for capture: dbus-session dbus-system nfqueue nflog bluetooth-monitor wlp3s0 lo any enp0s25
EtherApe-INFO: 15:04:44.519: Link type is LINUX_SLL
EtherApe-INFO: 15:04:44.519: Diagram started
EtherApe-INFO: 15:04:46.299: New node: IP: 192.168.2.226. Number of nodes 1
EtherApe-INFO: 15:04:46.299: New node: IP: 192.168.2.1. Number of nodes 2
EtherApe-INFO: 15:04:47.339: New node: IP: 149.154.167.51. Number of nodes 3
EtherApe-INFO: 15:04:55.969: New node: IP: 45.153.229.163. Number of nodes 4
EtherApe-INFO: 15:05:00.389: New node: IP: 35.165.227.72. Number of nodes 5
EtherApe-INFO: 15:05:00.389: New node: IP: 34.210.177.250. Number of nodes 6
EtherApe-INFO: 15:05:00.389: New node: IP: 18.66.139.28. Number of nodes 7
EtherApe-INFO: 15:05:01.169: New node: IP: 34.120.208.123. Number of nodes 8
EtherApe-INFO: 15:05:01.170: New node: IP: 104.18.12.33. Number of nodes 9
EtherApe-INFO: 15:05:01.949: New node: IP: 104.16.248.249. Number of nodes 10
EtherApe-INFO: 15:05:02.210: New node: IP: 93.184.220.29. Number of nodes 11
EtherApe-INFO: 15:05:02.469: New node: IP: 35.186.227.140. Number of nodes 12
EtherApe-INFO: 15:05:02.729: New node: IP: 34.107.221.82. Number of nodes 13
EtherApe-INFO: 15:05:02.730: New node: IP: 104.16.249.249. Number of nodes 14
EtherApe-INFO: 15:05:02.990: New node: IP: 3.2.9.2. Number of nodes 15
EtherApe-INFO: 15:05:02.992: New node: IP: 142.250.186.197. Number of nodes 16
EtherApe-INFO: 15:05:02.994: New node: IP: 157.245.26.125. Number of nodes 17
EtherApe-INFO: 15:05:03.251: New node: IP: 172.217.16.3. Number of nodes 18
EtherApe-INFO: 15:05:03.253: New node: IP: 104.18.13.33. Number of nodes 19
EtherApe-INFO: 15:05:03.254: New node: IP: 108.156.253.141. Number of nodes 20
EtherApe-INFO: 15:05:03.770: New node: IP: 104.16.86.20. Number of nodes 21
EtherApe-INFO: 15:05:03.774: New node: IP: 104.16.87.20. Number of nodes 22
EtherApe-INFO: 15:05:04.290: New node: IP: 34.117.237.239. Number of nodes 23
EtherApe-INFO: 15:05:04.549: New node: IP: 87.245.216.107. Number of nodes 24
EtherApe-INFO: 15:05:04.809: New node: IP: 142.250.203.138. Number of nodes 25
EtherApe-INFO: 15:05:04.810: New node: IP: 52.39.175.179. Number of nodes 26
EtherApe-INFO: 15:05:05.070: New node: IP: 54.192.228.134. Number of nodes 27
EtherApe-INFO: 15:05:05.071: New node: IP: 52.25.188.10. Number of nodes 28
EtherApe-INFO: 15:05:05.332: New node: IP: 18.66.139.64. Number of nodes 29
EtherApe-INFO: 15:05:05.589: New node: IP: 165.227.153.193. Number of nodes 30
EtherApe-INFO: 15:05:06.109: New node: IP: 216.58.215.67. Number of nodes 31
EtherApe-INFO: 15:05:06.629: New node: IP: 172.217.20.195. Number of nodes 32
EtherApe-INFO: 15:05:06.890: New node: IP: 138.201.80.190. Number of nodes 33
EtherApe-INFO: 15:05:07.149: New node: IP: 52.84.199.71. Number of nodes 34
EtherApe-INFO: 15:05:08.970: New node: IP: 185.223.92.4. Number of nodes 35
EtherApe-INFO: 15:05:09.229: New node: IP: 172.217.16.4. Number of nodes 36
EtherApe-INFO: 15:05:09.230: New node: IP: 216.58.215.78. Number of nodes 37
EtherApe-INFO: 15:05:09.751: New node: IP: 216.58.209.14. Number of nodes 38
EtherApe-INFO: 15:05:10.269: New node: IP: 95.216.144.15. Number of nodes 39
EtherApe-INFO: 15:05:10.270: New node: IP: 216.58.209.10. Number of nodes 40
EtherApe-INFO: 15:05:11.310: New node: IP: 91.198.174.208. Number of nodes 41
EtherApe-INFO: 15:05:11.311: New node: IP: 213.180.193.90. Number of nodes 42
EtherApe-INFO: 15:05:11.315: New node: IP: 172.217.20.174. Number of nodes 43
EtherApe-INFO: 15:05:11.574: New node: IP: 216.58.208.206. Number of nodes 44
EtherApe-INFO: 15:05:11.575: New node: IP: 87.250.250.90. Number of nodes 45
EtherApe-INFO: 15:05:11.840: New node: IP: 172.217.16.14. Number of nodes 46
EtherApe-INFO: 15:05:13.131: New node: IP: 142.250.203.202. Number of nodes 47
EtherApe-INFO: 15:05:13.389: New node: IP: 216.58.215.74. Number of nodes 48
EtherApe-INFO: 15:05:13.391: New node: IP: 172.217.16.46. Number of nodes 49
EtherApe-INFO: 15:05:14.429: New node: IP: 216.58.215.97. Number of nodes 50
EtherApe-INFO: 15:05:14.429: New node: IP: 142.250.203.129. Number of nodes 51
EtherApe-INFO: 15:05:14.950: New node: IP: 142.250.203.142. Number of nodes 52
EtherApe-INFO: 15:05:15.989: New node: IP: 172.217.20.193. Number of nodes 53
EtherApe-INFO: 15:05:16.264: New node: IP: 172.217.16.5. Number of nodes 54
EtherApe-INFO: 15:05:17.029: New node: IP: 142.250.203.206. Number of nodes 55
EtherApe-INFO: 15:05:17.809: New node: IP: 173.194.76.189. Number of nodes 56
EtherApe-INFO: 15:05:18.589: New node: IP: 213.180.204.90. Number of nodes 57
EtherApe-INFO: 15:05:18.849: New node: IP: 93.158.134.90. Number of nodes 58
EtherApe-INFO: 15:05:19.889: New node: IP: 89.187.191.12. Number of nodes 59
EtherApe-INFO: 15:05:20.091: New node: IP: 172.217.20.206. Number of nodes 60
EtherApe-INFO: 15:05:20.768: New node: IP: 172.217.20.202. Number of nodes 61
EtherApe-INFO: 15:05:25.920: New node: IP: 77.88.21.90. Number of nodes 62
EtherApe-INFO: 15:05:28.539: New node: IP: 149.154.167.223. Number of nodes 63
EtherApe-INFO: 15:05:30.359: New node: IP: 172.217.16.10. Number of nodes 64
EtherApe-INFO: 15:06:30.659: New node: IP: 149.154.167.91. Number of nodes 65
EtherApe-INFO: 15:06:56.704: delete node: IP: 45.153.229.163. Number of nodes 64
EtherApe-INFO: 15:07:03.993: delete node: IP: 104.18.13.33. Number of nodes 63
EtherApe-INFO: 15:07:03.993: delete node: IP: 104.16.87.20. Number of nodes 62
EtherApe-INFO: 15:07:04.219: New node: IP: 45.153.229.163. Number of nodes 63
EtherApe-INFO: 15:07:05.612: delete node: IP: 142.250.203.138. Number of nodes 62
EtherApe-INFO: 15:07:06.582: delete node: IP: 52.39.175.179. Number of nodes 61
EtherApe-INFO: 15:07:09.488: delete node: IP: 138.201.80.190. Number of nodes 60
EtherApe-INFO: 15:07:10.266: delete node: IP: 172.217.16.4. Number of nodes 59
EtherApe-INFO: 15:07:12.055: delete node: IP: 91.198.174.208. Number of nodes 58
EtherApe-INFO: 15:07:13.657: delete node: IP: 35.165.227.72. Number of nodes 57
EtherApe-INFO: 15:07:15.709: New node: IP: 142.250.203.138. Number of nodes 58
EtherApe-INFO: 15:07:15.721: delete node: IP: 142.250.203.142. Number of nodes 57
EtherApe-INFO: 15:07:18.137: delete node: IP: 142.250.203.202. Number of nodes 56
EtherApe-INFO: 15:07:26.679: New node: IP: 54.192.231.17. Number of nodes 57
EtherApe-INFO: 15:07:27.210: New node: IP: 108.157.4.5. Number of nodes 58
EtherApe-INFO: 15:07:27.210: New node: IP: 35.244.181.201. Number of nodes 59
EtherApe-INFO: 15:07:27.212: New node: IP: 18.66.139.97. Number of nodes 60
EtherApe-INFO: 15:07:30.890: New node: IP: 172.217.16.4. Number of nodes 61
EtherApe-INFO: 15:07:31.939: New node: IP: 172.217.20.162. Number of nodes 62
EtherApe-INFO: 15:07:31.939: New node: IP: 142.250.203.202. Number of nodes 63
EtherApe-INFO: 15:07:31.940: New node: IP: 216.58.209.1. Number of nodes 64
EtherApe-INFO: 15:07:34.325: delete node: IP: 216.58.215.74. Number of nodes 63
EtherApe-INFO: 15:07:43.382: New node: IP: 142.250.75.14. Number of nodes 64
EtherApe-INFO: 15:07:43.702: delete node: IP: 93.158.134.90. Number of nodes 63
EtherApe-INFO: 15:07:44.690: New node: IP: 54.242.46.41. Number of nodes 64
EtherApe-INFO: 15:07:45.209: New node: IP: 151.101.129.69. Number of nodes 65
EtherApe-INFO: 15:07:45.736: New node: IPv6: fe80::9ada:c4ff:febf:99a5. Number of nodes 66
EtherApe-INFO: 15:07:45.736: New node: IPv6: ff02::1. Number of nodes 67
EtherApe-INFO: 15:07:45.742: New node: IP: 151.101.193.69. Number of nodes 68
EtherApe-INFO: 15:07:45.742: New node: IP: 151.101.65.69. Number of nodes 69
EtherApe-INFO: 15:07:47.039: New node: IP: 54.82.183.248. Number of nodes 70
EtherApe-INFO: 15:07:47.041: New node: IP: 192.0.73.2. Number of nodes 71
EtherApe-INFO: 15:07:47.299: New node: IP: 108.157.4.85. Number of nodes 72
EtherApe-INFO: 15:07:47.819: New node: IP: 54.187.105.247. Number of nodes 73
EtherApe-INFO: 15:07:49.399: New node: IP: 216.58.215.106. Number of nodes 74
EtherApe-INFO: 15:07:49.920: New node: IP: 18.66.139.115. Number of nodes 75
EtherApe-INFO: 15:07:49.920: New node: IP: 13.35.253.161. Number of nodes 76
EtherApe-INFO: 15:07:52.000: New node: IP: 34.234.130.154. Number of nodes 77
EtherApe-INFO: 15:07:54.488: delete node: IP: 89.187.191.12. Number of nodes 76
EtherApe-INFO: 15:07:56.421: New node: IP: 216.58.215.110. Number of nodes 77
EtherApe-INFO: 15:07:58.010: delete node: IP: 87.250.250.90. Number of nodes 76
EtherApe-INFO: 15:07:58.267: delete node: IP: 213.180.193.90. Number of nodes 75
EtherApe-INFO: 15:07:58.760: New node: IP: 216.58.209.13. Number of nodes 76
EtherApe-INFO: 15:07:58.763: New node: IP: 216.58.215.74. Number of nodes 77
EtherApe-INFO: 15:08:03.722: delete node: IP: 34.210.177.250. Number of nodes 76
EtherApe-INFO: 15:08:07.132: delete node: IP: 52.25.188.10. Number of nodes 75
EtherApe-INFO: 15:08:10.285: New node: IP: 95.216.195.133. Number of nodes 76
EtherApe-INFO: 15:08:12.375: New node: IP: 74.125.173.106. Number of nodes 77
EtherApe-INFO: 15:08:12.758: delete node: IP: 77.88.21.90. Number of nodes 76
EtherApe-INFO: 15:08:19.765: delete node: IP: 213.180.204.90. Number of nodes 75
EtherApe-INFO: 15:08:21.344: delete node: IP: 95.216.144.15. Number of nodes 74
EtherApe-INFO: 15:08:46.853: delete node: IP: 149.154.167.91. Number of nodes 73
EtherApe-INFO: 15:09:03.254: delete node: IP: 108.156.253.141. Number of nodes 72
EtherApe-INFO: 15:09:04.573: delete node: IP: 87.245.216.107. Number of nodes 71
EtherApe-INFO: 15:09:04.573: delete node: IP: 45.153.229.163. Number of nodes 70
EtherApe-INFO: 15:09:12.670: delete node: IP: 185.223.92.4. Number of nodes 69
EtherApe-INFO: 15:09:22.819: delete node: IP: 18.66.139.28. Number of nodes 68
EtherApe-INFO: 15:09:46.910: delete node: IPv6: ff02::1. Number of nodes 67
EtherApe-INFO: 15:09:46.910: delete node: IPv6: fe80::9ada:c4ff:febf:99a5. Number of nodes 66
EtherApe-INFO: 15:09:46.910: delete node: IP: 151.101.193.69. Number of nodes 65
EtherApe-INFO: 15:09:46.910: delete node: IP: 151.101.129.69. Number of nodes 64
EtherApe-INFO: 15:09:50.227: delete node: IP: 151.101.65.69. Number of nodes 63
EtherApe-INFO: 15:09:51.826: delete node: IP: 108.157.4.85. Number of nodes 62
EtherApe-INFO: 15:09:53.628: delete node: IP: 172.217.16.4. Number of nodes 61
EtherApe-INFO: 15:09:53.628: delete node: IP: 34.120.208.123. Number of nodes 60
EtherApe-INFO: 15:09:53.628: delete node: IP: 34.107.221.82. Number of nodes 59
EtherApe-INFO: 15:09:54.410: delete node: IP: 104.18.12.33. Number of nodes 58
EtherApe-INFO: 15:09:54.410: delete node: IP: 104.16.86.20. Number of nodes 57
EtherApe-INFO: 15:09:55.482: delete node: IP: 54.192.228.134. Number of nodes 56
EtherApe-INFO: 15:09:55.482: delete node: IP: 34.117.237.239. Number of nodes 55
EtherApe-INFO: 15:09:56.765: delete node: IP: 142.250.203.206. Number of nodes 54
EtherApe-INFO: 15:09:57.301: delete node: IP: 3.2.9.2. Number of nodes 53
EtherApe-INFO: 15:09:57.789: New node: IP: 34.117.237.239. Number of nodes 54
EtherApe-INFO: 15:09:58.846: delete node: IP: 52.84.199.71. Number of nodes 53
EtherApe-INFO: 15:09:58.846: delete node: IP: 18.66.139.64. Number of nodes 52
EtherApe-INFO: 15:10:00.741: delete node: IP: 157.245.26.125. Number of nodes 51
EtherApe-INFO: 15:10:03.890: delete node: IP: 216.58.215.106. Number of nodes 50
EtherApe-INFO: 15:10:04.426: delete node: IP: 172.217.16.46. Number of nodes 49
EtherApe-INFO: 15:10:05.630: New node: IP: 52.39.175.179. Number of nodes 50
EtherApe-INFO: 15:10:05.735: delete node: IP: 172.217.20.174. Number of nodes 49
EtherApe-INFO: 15:10:05.735: delete node: IP: 142.250.203.202. Number of nodes 48
EtherApe-INFO: 15:10:11.179: delete node: IP: 95.216.195.133. Number of nodes 47
EtherApe-INFO: 15:10:11.369: New node: IP: 140.82.121.4. Number of nodes 48
EtherApe-INFO: 15:10:11.629: New node: IP: 185.199.110.154. Number of nodes 49
EtherApe-INFO: 15:10:11.889: New node: IP: 185.199.109.154. Number of nodes 50
EtherApe-INFO: 15:10:11.889: New node: IP: 185.199.110.133. Number of nodes 51
EtherApe-INFO: 15:10:12.409: New node: IP: 185.199.109.133. Number of nodes 52
EtherApe-INFO: 15:10:12.409: delete node: IP: 54.82.183.248. Number of nodes 51
EtherApe-INFO: 15:10:12.669: New node: IP: 185.199.111.154. Number of nodes 52
EtherApe-INFO: 15:10:12.670: New node: IP: 140.82.112.22. Number of nodes 53
EtherApe-INFO: 15:10:12.670: New node: IP: 140.82.121.5. Number of nodes 54
EtherApe-INFO: 15:10:12.930: New node: IP: 140.82.112.25. Number of nodes 55
EtherApe-INFO: 15:10:13.286: delete node: IP: 74.125.173.106. Number of nodes 54
EtherApe-INFO: 15:10:17.609: New node: IP: 185.199.108.133. Number of nodes 55
EtherApe-INFO: 15:10:21.093: delete node: IP: 149.154.167.223. Number of nodes 54
EtherApe-INFO: 15:10:22.404: delete node: IP: 216.58.215.78. Number of nodes 53
EtherApe-INFO: 15:10:24.182: delete node: IP: 54.242.46.41. Number of nodes 52
EtherApe-INFO: 15:10:24.414: delete node: IP: 34.234.130.154. Number of nodes 51
EtherApe-INFO: 15:10:47.368: delete node: IP: 192.0.73.2. Number of nodes 50
EtherApe-INFO: 15:10:56.096: delete node: IP: 216.58.209.14. Number of nodes 49
EtherApe-INFO: 15:11:20.559: New node: IP: 45.153.229.163. Number of nodes 50
EtherApe-INFO: 15:11:22.696: delete node: IP: 108.157.4.5. Number of nodes 49
EtherApe-INFO: 15:11:46.449: New node: IPv6: fe80::9ada:c4ff:febf:99a5. Number of nodes 50
EtherApe-INFO: 15:11:46.449: New node: IPv6: ff02::1. Number of nodes 51
EtherApe-INFO: 15:12:00.011: New node: IP: 140.82.121.3. Number of nodes 52
EtherApe-INFO: 15:12:04.169: New node: IP: 149.154.167.223. Number of nodes 53
EtherApe-INFO: 15:12:06.012: delete node: IP: 52.39.175.179. Number of nodes 52
EtherApe-INFO: 15:12:06.392: New node: IP: 149.154.167.50. Number of nodes 53
EtherApe-INFO: 15:12:11.998: delete node: IP: 185.199.110.154. Number of nodes 52
EtherApe-INFO: 15:12:11.998: delete node: IP: 185.199.110.133. Number of nodes 51
EtherApe-INFO: 15:12:18.236: delete node: IP: 185.199.108.133. Number of nodes 50
EtherApe-INFO: 15:12:18.236: delete node: IP: 54.192.231.17. Number of nodes 49
EtherApe-INFO: 15:12:18.236: delete node: IP: 35.244.181.201. Number of nodes 48
EtherApe-INFO: 15:12:18.236: delete node: IP: 18.66.139.97. Number of nodes 47
EtherApe-INFO: 15:12:23.696: delete node: IP: 216.58.215.97. Number of nodes 46
EtherApe-INFO: 15:12:23.696: delete node: IP: 216.58.209.1. Number of nodes 45
EtherApe-INFO: 15:12:23.696: delete node: IP: 172.217.20.162. Number of nodes 44
EtherApe-INFO: 15:12:23.696: delete node: IP: 142.250.203.129. Number of nodes 43
EtherApe-INFO: 15:12:25.078: delete node: IP: 172.217.16.5. Number of nodes 42
EtherApe-INFO: 15:12:41.249: delete node: IP: 13.35.253.161. Number of nodes 41
EtherApe-INFO: 15:12:44.337: delete node: IP: 18.66.139.115. Number of nodes 40
EtherApe-INFO: 15:12:48.294: delete node: IP: 216.58.209.10. Number of nodes 39
EtherApe-INFO: 15:12:48.294: delete node: IP: 172.217.20.202. Number of nodes 38
EtherApe-INFO: 15:12:50.126: delete node: IP: 216.58.209.13. Number of nodes 37
EtherApe-INFO: 15:12:50.126: delete node: IP: 172.217.20.206. Number of nodes 36
EtherApe-INFO: 15:12:50.126: delete node: IP: 172.217.16.3. Number of nodes 35
EtherApe-INFO: 15:12:53.450: delete node: IP: 172.217.16.14. Number of nodes 34
EtherApe-INFO: 15:12:55.260: delete node: IP: 216.58.215.74. Number of nodes 33
EtherApe-INFO: 15:12:57.375: delete node: IP: 142.250.203.138. Number of nodes 32
EtherApe-INFO: 15:13:10.169: New node: IP: 95.216.195.133. Number of nodes 33
EtherApe-INFO: 15:13:10.273: delete node: IP: 216.58.215.67. Number of nodes 32
EtherApe-INFO: 15:13:20.868: delete node: IP: 45.153.229.163. Number of nodes 31
EtherApe-INFO: 15:13:31.559: New node: IP: 216.58.215.74. Number of nodes 32
EtherApe-INFO: 15:13:33.379: New node: IP: 216.58.215.101. Number of nodes 33
EtherApe-INFO: 15:13:33.379: New node: IP: 216.58.215.68. Number of nodes 34
EtherApe-INFO: 15:13:33.384: New node: IP: 142.250.203.195. Number of nodes 35
EtherApe-INFO: 15:13:33.899: New node: IP: 216.58.209.3. Number of nodes 36
EtherApe-INFO: 15:13:33.901: New node: IP: 216.58.209.1. Number of nodes 37
EtherApe-INFO: 15:13:33.901: New node: IP: 172.217.16.33. Number of nodes 38
EtherApe-INFO: 15:13:33.901: New node: IP: 142.250.203.129. Number of nodes 39
EtherApe-INFO: 15:13:46.422: delete node: IPv6: ff02::1. Number of nodes 38
EtherApe-INFO: 15:13:46.422: delete node: IPv6: fe80::9ada:c4ff:febf:99a5. Number of nodes 37
EtherApe-INFO: 15:13:48.063: delete node: IP: 172.217.20.193. Number of nodes 36
EtherApe-INFO: 15:14:08.366: delete node: IP: 93.184.220.29. Number of nodes 35
EtherApe-INFO: 15:14:12.769: New node: IP: 34.120.208.123. Number of nodes 36
EtherApe-INFO: 15:14:24.795: delete node: IP: 149.154.167.223. Number of nodes 35
EtherApe-INFO: 15:14:49.396: delete node: IP: 34.117.237.239. Number of nodes 34
EtherApe-INFO: 15:14:57.929: New node: IP: 216.58.215.67. Number of nodes 35
EtherApe-INFO: 15:14:57.929: New node: IP: 172.217.20.193. Number of nodes 36
EtherApe-INFO: 15:14:57.931: New node: IP: 216.58.215.78. Number of nodes 37
EtherApe-INFO: 15:14:58.192: New node: IP: 142.250.203.138. Number of nodes 38
EtherApe-INFO: 15:14:58.193: New node: IP: 216.58.215.98. Number of nodes 39
EtherApe-INFO: 15:14:58.449: New node: IP: 142.250.203.130. Number of nodes 40
EtherApe-INFO: 15:14:58.709: New node: IP: 172.217.16.2. Number of nodes 41
EtherApe-INFO: 15:14:59.817: delete node: IP: 216.58.215.110. Number of nodes 40
EtherApe-INFO: 15:15:00.009: New node: IP: 172.67.72.146. Number of nodes 41
EtherApe-INFO: 15:15:01.625: New node: IP: 142.250.203.136. Number of nodes 42
EtherApe-INFO: 15:15:05.989: New node: IP: 52.39.175.179. Number of nodes 43
EtherApe-INFO: 15:15:10.996: delete node: IP: 95.216.195.133. Number of nodes 42
EtherApe-INFO: 15:15:17.475: delete node: IP: 140.82.121.3. Number of nodes 41
EtherApe-INFO: 15:15:34.204: delete node: IP: 216.58.209.1. Number of nodes 40
EtherApe-INFO: 15:15:34.204: delete node: IP: 172.217.16.33. Number of nodes 39
EtherApe-INFO: 15:15:34.204: delete node: IP: 142.250.203.129. Number of nodes 38
EtherApe-INFO: 15:16:14.869: New node: IP: 185.68.16.60. Number of nodes 39
EtherApe-INFO: 15:16:14.870: New node: IP: 87.245.216.9. Number of nodes 40
EtherApe-INFO: 15:16:15.389: New node: IP: 104.18.11.207. Number of nodes 41
EtherApe-INFO: 15:16:15.650: New node: IP: 89.184.81.35. Number of nodes 42
EtherApe-INFO: 15:16:23.209: New node: IPv6: fe80::9ada:c4ff:febf:99a5. Number of nodes 43
EtherApe-INFO: 15:16:23.209: New node: IPv6: ff02::1. Number of nodes 44
EtherApe-INFO: 15:16:42.289: New node: IP: 35.244.181.201. Number of nodes 45
EtherApe-INFO: 15:16:42.290: New node: IP: 18.66.139.97. Number of nodes 46
EtherApe-INFO: 15:17:01.456: delete node: IP: 142.250.203.138. Number of nodes 45
EtherApe-INFO: 15:17:02.660: New node: IP: 142.250.203.206. Number of nodes 46
EtherApe-INFO: 15:17:02.694: delete node: IP: 142.250.203.136. Number of nodes 45
EtherApe-INFO: 15:17:06.659: delete node: IP: 52.39.175.179. Number of nodes 44
EtherApe-INFO: 15:17:17.014: delete node: IP: 185.199.109.133. Number of nodes 43
EtherApe-INFO: 15:17:32.375: delete node: IP: 185.199.111.154. Number of nodes 42
EtherApe-INFO: 15:17:48.877: delete node: IP: 172.217.20.193. Number of nodes 41
EtherApe-INFO: 15:17:54.279: New node: IP: 104.18.10.207. Number of nodes 42
EtherApe-INFO: 15:18:06.559: New node: IP: 216.58.209.10. Number of nodes 43
EtherApe-INFO: 15:18:06.819: New node: IP: 172.217.20.193. Number of nodes 44
EtherApe-INFO: 15:18:10.229: New node: IP: 95.216.195.133. Number of nodes 45
EtherApe-INFO: 15:18:10.749: New node: IP: 77.120.123.216. Number of nodes 46
EtherApe-INFO: 15:18:11.529: New node: IP: 172.217.16.3. Number of nodes 47
EtherApe-INFO: 15:18:13.975: delete node: IP: 185.199.109.154. Number of nodes 46
EtherApe-INFO: 15:18:14.389: New node: IP: 195.201.245.94. Number of nodes 47
EtherApe-INFO: 15:18:14.975: delete node: IP: 140.82.112.22. Number of nodes 46
EtherApe-INFO: 15:18:15.431: New node: IP: 104.16.85.20. Number of nodes 47
EtherApe-INFO: 15:18:15.431: New node: IP: 104.21.63.54. Number of nodes 48
EtherApe-INFO: 15:18:15.432: New node: IP: 104.16.87.20. Number of nodes 49
EtherApe-INFO: 15:18:15.689: New node: IP: 104.16.88.20. Number of nodes 50
EtherApe-INFO: 15:18:15.949: New node: IP: 172.67.169.247. Number of nodes 51
EtherApe-INFO: 15:18:17.060: delete node: IP: 140.82.121.5. Number of nodes 50
EtherApe-INFO: 15:18:19.158: delete node: IP: 140.82.121.4. Number of nodes 49
EtherApe-INFO: 15:18:23.322: delete node: IPv6: ff02::1. Number of nodes 48
EtherApe-INFO: 15:18:23.322: delete node: IPv6: fe80::9ada:c4ff:febf:99a5. Number of nodes 47
EtherApe-INFO: 15:18:24.606: delete node: IP: 216.58.215.101. Number of nodes 46
EtherApe-INFO: 15:18:36.820: New node: IP: 142.250.203.136. Number of nodes 47
EtherApe-INFO: 15:18:36.825: New node: IP: 69.16.175.10. Number of nodes 48
EtherApe-INFO: 15:18:44.900: New node: IP: 216.58.208.194. Number of nodes 49
EtherApe-INFO: 15:18:51.729: New node: IP: 135.181.200.84. Number of nodes 50
EtherApe-INFO: 15:19:06.050: New node: IP: 89.184.67.152. Number of nodes 51
EtherApe-INFO: 15:19:11.512: New node: IP: 37.19.218.108. Number of nodes 52
EtherApe-INFO: 15:19:12.029: New node: IP: 18.185.212.247. Number of nodes 53
EtherApe-INFO: 15:19:12.029: New node: IP: 108.156.253.141. Number of nodes 54
EtherApe-INFO: 15:19:12.809: New node: IP: 52.215.136.206. Number of nodes 55
EtherApe-INFO: 15:19:13.069: New node: IP: 52.30.108.102. Number of nodes 56
EtherApe-INFO: 15:19:29.219: New node: IP: 18.203.33.158. Number of nodes 57
EtherApe-INFO: 15:19:29.740: New node: IP: 192.0.73.2. Number of nodes 58
EtherApe-INFO: 15:19:30.002: New node: IP: 192.0.77.2. Number of nodes 59
EtherApe-INFO: 15:19:32.339: New node: IP: 172.217.20.194. Number of nodes 60
EtherApe-INFO: 15:19:35.989: New node: IP: 91.196.0.19. Number of nodes 61
EtherApe-INFO: 15:19:47.346: delete node: IP: 216.58.209.3. Number of nodes 60
EtherApe-INFO: 15:19:52.729: New node: IP: 45.153.229.163. Number of nodes 61
EtherApe-INFO: 15:19:53.893: delete node: IP: 172.67.72.146. Number of nodes 60
EtherApe-INFO: 15:19:54.328: delete node: IP: 142.250.203.195. Number of nodes 59
EtherApe-INFO: 15:19:57.291: delete node: IP: 142.250.203.206. Number of nodes 58
EtherApe-INFO: 15:19:57.459: New node: IP: 66.22.125.15. Number of nodes 59
EtherApe-INFO: 15:19:57.459: New node: IP: 172.64.155.188. Number of nodes 60
EtherApe-INFO: 15:19:58.239: New node: IP: 104.17.24.14. Number of nodes 61
EtherApe-INFO: 15:19:58.761: New node: IP: 104.17.25.14. Number of nodes 62
EtherApe-INFO: 15:20:06.069: New node: IP: 52.39.175.179. Number of nodes 63
EtherApe-INFO: 15:20:06.641: delete node: IP: 216.58.209.10. Number of nodes 62
EtherApe-INFO: 15:20:07.734: delete node: IP: 216.58.215.98. Number of nodes 61
EtherApe-INFO: 15:20:10.577: delete node: IP: 95.216.195.133. Number of nodes 60
EtherApe-INFO: 15:20:11.341: delete node: IP: 104.18.10.207. Number of nodes 59
EtherApe-INFO: 15:20:15.796: delete node: IP: 104.16.87.20. Number of nodes 58
EtherApe-INFO: 15:20:19.349: New node: IP: 151.101.2.217. Number of nodes 59
EtherApe-INFO: 15:20:25.934: delete node: IP: 195.201.245.94. Number of nodes 58
EtherApe-INFO: 15:20:28.969: New node: IP: 193.111.173.248. Number of nodes 59
EtherApe-INFO: 15:20:29.489: New node: IP: 216.58.209.10. Number of nodes 60
EtherApe-INFO: 15:20:29.750: New node: IP: 216.58.209.3. Number of nodes 61
EtherApe-INFO: 15:20:44.997: delete node: IP: 142.250.203.130. Number of nodes 60
EtherApe-INFO: 15:21:05.048: delete node: IP: 172.217.16.2. Number of nodes 59
EtherApe-INFO: 15:21:07.162: delete node: IP: 185.68.16.60. Number of nodes 58
EtherApe-INFO: 15:21:08.659: New node: IP: 142.250.75.2. Number of nodes 59
EtherApe-INFO: 15:21:08.919: New node: IP: 157.245.76.201. Number of nodes 60
EtherApe-INFO: 15:21:09.701: New node: IP: 104.16.89.20. Number of nodes 61
EtherApe-INFO: 15:21:09.984: delete node: IP: 77.120.123.216. Number of nodes 60
EtherApe-INFO: 15:21:14.125: delete node: IP: 52.30.108.102. Number of nodes 59
EtherApe-INFO: 15:21:31.599: New node: IP: 149.154.167.223. Number of nodes 60
EtherApe-INFO: 15:21:33.446: delete node: IP: 35.244.181.201. Number of nodes 59
EtherApe-INFO: 15:21:33.446: delete node: IP: 18.66.139.97. Number of nodes 58
EtherApe-INFO: 15:21:53.046: delete node: IP: 45.153.229.163. Number of nodes 57
EtherApe-INFO: 15:22:00.563: delete node: IP: 192.0.73.2. Number of nodes 56
EtherApe-INFO: 15:22:06.592: delete node: IP: 52.39.175.179. Number of nodes 55
EtherApe-INFO: 15:22:12.532: delete node: IP: 18.185.212.247. Number of nodes 54
EtherApe-INFO: 15:22:14.114: delete node: IP: 91.196.0.19. Number of nodes 53
EtherApe-INFO: 15:22:14.446: delete node: IP: 216.58.215.74. Number of nodes 52
EtherApe-INFO: 15:22:42.810: New node: IP: 142.250.203.133. Number of nodes 53
EtherApe-INFO: 15:22:46.309: delete node: IP: 192.0.77.2. Number of nodes 52
EtherApe-INFO: 15:22:46.309: delete node: IP: 89.184.81.35. Number of nodes 51
EtherApe-INFO: 15:22:50.473: delete node: IP: 142.250.203.136. Number of nodes 50
EtherApe-INFO: 15:22:52.265: delete node: IP: 216.58.208.194. Number of nodes 49
EtherApe-INFO: 15:23:02.158: delete node: IP: 54.187.105.247. Number of nodes 48
EtherApe-INFO: 15:23:06.077: delete node: IP: 104.21.63.54. Number of nodes 47
EtherApe-INFO: 15:23:07.959: delete node: IP: 172.67.169.247. Number of nodes 46
EtherApe-INFO: 15:23:08.402: delete node: IP: 108.156.253.141. Number of nodes 45
EtherApe-INFO: 15:23:08.962: delete node: IP: 142.250.75.2. Number of nodes 44
EtherApe-INFO: 15:23:10.199: New node: IP: 95.216.195.133. Number of nodes 45
EtherApe-INFO: 15:23:10.303: delete node: IP: 104.16.88.20. Number of nodes 44
EtherApe-INFO: 15:23:10.459: New node: IP: 172.217.16.4. Number of nodes 45
EtherApe-INFO: 15:23:14.889: New node: IP: 142.250.203.206. Number of nodes 46
EtherApe-INFO: 15:23:18.805: delete node: IP: 172.217.20.193. Number of nodes 45
EtherApe-INFO: 15:23:19.579: New node: IP: 54.187.105.247. Number of nodes 46
EtherApe-INFO: 15:23:23.482: New node: IP: 172.217.20.193. Number of nodes 47
EtherApe-INFO: 15:23:23.741: New node: IP: 216.58.209.2. Number of nodes 48
EtherApe-INFO: 15:23:24.000: New node: IP: 142.250.186.194. Number of nodes 49
EtherApe-INFO: 15:23:26.600: New node: IP: 35.241.11.240. Number of nodes 50
EtherApe-INFO: 15:23:26.909: New node: IP: 142.250.203.136. Number of nodes 51
EtherApe-INFO: 15:23:27.124: New node: IP: 142.250.203.195. Number of nodes 52
EtherApe-INFO: 15:23:27.143: delete node: IP: 104.18.11.207. Number of nodes 51
EtherApe-INFO: 15:23:27.143: delete node: IP: 104.16.85.20. Number of nodes 50
EtherApe-INFO: 15:23:27.143: delete node: IP: 69.16.175.10. Number of nodes 49
EtherApe-INFO: 15:23:28.180: New node: IP: 172.217.20.177. Number of nodes 50
EtherApe-INFO: 15:23:28.186: New node: IP: 172.217.16.46. Number of nodes 51
EtherApe-INFO: 15:23:28.699: New node: IP: 216.58.209.16. Number of nodes 52
EtherApe-INFO: 15:23:29.500: New node: IP: 216.58.215.77. Number of nodes 53
EtherApe-INFO: 15:23:32.372: New node: IP: 216.58.215.110. Number of nodes 54
EtherApe-INFO: 15:23:33.176: New node: IP: 142.250.203.138. Number of nodes 55
EtherApe-INFO: 15:23:34.189: New node: IP: 216.58.215.106. Number of nodes 56
EtherApe-INFO: 15:23:47.797: delete node: IP: 149.154.167.223. Number of nodes 55
EtherApe-INFO: 15:23:54.335: delete node: IP: 172.64.155.188. Number of nodes 54
EtherApe-INFO: 15:23:58.034: delete node: IP: 89.184.67.152. Number of nodes 53
EtherApe-INFO: 15:24:02.691: delete node: IP: 37.19.218.108. Number of nodes 52
EtherApe-INFO: 15:24:11.538: delete node: IP: 135.181.200.84. Number of nodes 51
EtherApe-INFO: 15:24:15.704: New node: IP: 149.154.167.223. Number of nodes 52
EtherApe-INFO: 15:24:20.736: delete node: IP: 52.215.136.206. Number of nodes 51
EtherApe-INFO: 15:24:20.736: delete node: IP: 18.203.33.158. Number of nodes 50
EtherApe-INFO: 15:24:32.757: delete node: IP: 142.250.186.197. Number of nodes 49
EtherApe-INFO: 15:24:46.786: delete node: IP: 172.217.20.194. Number of nodes 48
EtherApe-INFO: 15:24:46.786: delete node: IP: 66.22.125.15. Number of nodes 47
EtherApe-INFO: 15:24:49.453: delete node: IP: 104.17.24.14. Number of nodes 46
EtherApe-INFO: 15:24:57.710: New node: IP: 34.117.237.239. Number of nodes 47
EtherApe-INFO: 15:25:04.245: delete node: IP: 87.245.216.9. Number of nodes 46
EtherApe-INFO: 15:25:06.309: New node: IP: 52.39.175.179. Number of nodes 47
EtherApe-INFO: 15:25:06.354: delete node: IP: 172.217.16.3. Number of nodes 46
EtherApe-INFO: 15:25:10.567: delete node: IP: 151.101.2.217. Number of nodes 45
EtherApe-INFO: 15:25:10.567: delete node: IP: 95.216.195.133. Number of nodes 44
EtherApe-INFO: 15:25:20.724: delete node: IP: 193.111.173.248. Number of nodes 43
EtherApe-INFO: 15:25:28.783: delete node: IP: 142.250.203.136. Number of nodes 42
EtherApe-INFO: 15:25:28.784: delete node: IP: 35.241.11.240. Number of nodes 41
EtherApe-INFO: 15:25:34.068: delete node: IP: 104.17.25.14. Number of nodes 40
EtherApe-INFO: 15:25:36.942: delete node: IP: 172.217.20.193. Number of nodes 39
EtherApe-INFO: 15:26:03.988: delete node: IP: 216.58.209.10. Number of nodes 38
EtherApe-INFO: 15:26:03.989: delete node: IP: 157.245.76.201. Number of nodes 37
EtherApe-INFO: 15:26:03.989: delete node: IP: 104.16.89.20. Number of nodes 36
EtherApe-INFO: 15:26:18.362: New node: IPv6: fe80::9ada:c4ff:febf:99a5. Number of nodes 37
EtherApe-INFO: 15:26:18.362: New node: IPv6: ff02::1. Number of nodes 38
EtherApe-INFO: 15:26:28.000: New node: IP: 172.217.20.193. Number of nodes 39
EtherApe-INFO: 15:26:28.262: New node: IP: 216.58.209.10. Number of nodes 40
EtherApe-INFO: 15:26:28.264: New node: IP: 142.250.75.2. Number of nodes 41
EtherApe-INFO: 15:26:28.789: New node: IP: 172.217.16.3. Number of nodes 42
EtherApe-INFO: 15:26:31.485: delete node: IP: 149.154.167.223. Number of nodes 41
EtherApe-INFO: 15:26:31.689: New node: IP: 31.41.222.170. Number of nodes 42
EtherApe-INFO: 15:26:31.689: New node: IP: 2.16.10.97. Number of nodes 43
EtherApe-INFO: 15:26:33.001: New node: IP: 142.250.203.136. Number of nodes 44
EtherApe-INFO: 15:26:42.166: delete node: IP: 142.250.203.206. Number of nodes 43
EtherApe-INFO: 15:27:02.989: New node: IP: 142.250.186.206. Number of nodes 44
EtherApe-INFO: 15:27:06.971: delete node: IP: 52.39.175.179. Number of nodes 43
EtherApe-INFO: 15:27:24.465: delete node: IP: 142.250.203.195. Number of nodes 42
EtherApe-INFO: 15:28:10.279: New node: IP: 95.216.195.133. Number of nodes 43
EtherApe-INFO: 15:28:14.985: delete node: IP: 216.58.209.2. Number of nodes 42
EtherApe-INFO: 15:28:20.516: delete node: IPv6: ff02::1. Number of nodes 41
EtherApe-INFO: 15:28:20.517: delete node: IPv6: fe80::9ada:c4ff:febf:99a5. Number of nodes 40
EtherApe-INFO: 15:28:20.517: delete node: IP: 216.58.215.77. Number of nodes 39
EtherApe-INFO: 15:28:20.517: delete node: IP: 216.58.209.16. Number of nodes 38
EtherApe-INFO: 15:28:20.517: delete node: IP: 172.217.20.177. Number of nodes 37
EtherApe-INFO: 15:28:24.174: delete node: IP: 216.58.215.110. Number of nodes 36
EtherApe-INFO: 15:28:25.175: delete node: IP: 216.58.215.106. Number of nodes 35
EtherApe-INFO: 15:28:27.817: delete node: IP: 216.58.209.3. Number of nodes 34
EtherApe-INFO: 15:28:28.814: delete node: IP: 216.58.209.10. Number of nodes 33
EtherApe-INFO: 15:28:29.033: delete node: IP: 142.250.203.138. Number of nodes 32
EtherApe-INFO: 15:28:33.526: delete node: IP: 142.250.203.136. Number of nodes 31
EtherApe-INFO: 15:28:39.170: New node: IP: 142.250.203.202. Number of nodes 32
EtherApe-INFO: 15:29:01.844: delete node: IP: 216.58.215.78. Number of nodes 31
EtherApe-INFO: 15:29:12.794: delete node: IP: 54.187.105.247. Number of nodes 30
EtherApe-INFO: 15:29:30.839: delete node: IP: 172.217.16.46. Number of nodes 29
EtherApe-INFO: 15:29:38.385: delete node: IP: 31.41.222.170. Number of nodes 28
EtherApe-INFO: 15:29:51.417: delete node: IP: 34.117.237.239. Number of nodes 27
EtherApe-INFO: 15:29:57.379: New node: IP: 216.58.209.10. Number of nodes 28
EtherApe-INFO: 15:29:59.997: delete node: IP: 142.250.186.206. Number of nodes 27
EtherApe-INFO: 15:30:06.549: New node: IP: 52.39.175.179. Number of nodes 28
EtherApe-INFO: 15:30:10.735: delete node: IP: 95.216.195.133. Number of nodes 27
EtherApe-INFO: 15:30:28.455: delete node: IP: 2.16.10.97. Number of nodes 26
EtherApe-INFO: 15:30:29.537: delete node: IP: 172.217.16.3. Number of nodes 25
EtherApe-INFO: 15:30:35.028: delete node: IP: 142.250.203.133. Number of nodes 24
EtherApe-INFO: 15:30:44.370: New node: IP: 142.250.186.197. Number of nodes 25
EtherApe-INFO: 15:31:15.205: delete node: IP: 172.217.16.4. Number of nodes 24
EtherApe-INFO: 15:31:16.479: New node: IP: 149.154.167.223. Number of nodes 25
EtherApe-INFO: 15:31:18.324: delete node: IP: 216.58.215.67. Number of nodes 24
EtherApe-INFO: 15:31:18.324: delete node: IP: 172.217.20.193. Number of nodes 23
EtherApe-INFO: 15:31:18.324: delete node: IP: 34.120.208.123. Number of nodes 22
EtherApe-INFO: 15:31:21.993: delete node: IP: 142.250.186.194. Number of nodes 21
EtherApe-INFO: 15:31:21.993: delete node: IP: 142.250.75.2. Number of nodes 20
EtherApe-INFO: 15:31:24.657: delete node: IP: 35.186.227.140. Number of nodes 19
EtherApe-INFO: 15:31:58.858: delete node: IP: 216.58.209.10. Number of nodes 18
EtherApe-INFO: 15:32:06.927: delete node: IP: 52.39.175.179. Number of nodes 17
EtherApe-INFO: 15:32:33.509: New node: IPv6: fe80::9ada:c4ff:febf:99a5. Number of nodes 18
EtherApe-INFO: 15:32:33.509: New node: IPv6: ff02::1. Number of nodes 19
EtherApe-INFO: 15:33:10.289: New node: IP: 95.216.195.133. Number of nodes 20
EtherApe-INFO: 15:33:20.479: New node: IP: 172.217.20.202. Number of nodes 21
EtherApe-INFO: 15:33:23.349: New node: IP: 35.186.227.140. Number of nodes 22
EtherApe-INFO: 15:33:23.350: New node: IP: 54.187.105.247. Number of nodes 23
EtherApe-INFO: 15:33:30.746: delete node: IP: 142.250.203.202. Number of nodes 22
EtherApe-INFO: 15:33:31.939: New node: IP: 216.58.215.100. Number of nodes 23
EtherApe-INFO: 15:33:32.029: delete node: IP: 149.154.167.223. Number of nodes 22
EtherApe-INFO: 15:33:32.199: New node: IP: 34.120.208.123. Number of nodes 23
EtherApe-INFO: 15:33:32.979: New node: IP: 172.217.16.3. Number of nodes 24
EtherApe-INFO: 15:33:32.981: New node: IP: 172.217.20.193. Number of nodes 25
EtherApe-INFO: 15:33:33.239: New node: IP: 216.58.215.78. Number of nodes 26
EtherApe-INFO: 15:33:33.243: New node: IP: 216.58.209.10. Number of nodes 27
EtherApe-INFO: 15:33:33.243: New node: IP: 172.217.16.2. Number of nodes 28
EtherApe-INFO: 15:33:33.500: New node: IP: 142.250.186.194. Number of nodes 29
EtherApe-INFO: 15:33:37.139: New node: IP: 142.250.203.142. Number of nodes 30
EtherApe-INFO: 15:33:41.859: New node: IP: 193.19.153.66. Number of nodes 31
EtherApe-INFO: 15:33:42.119: New node: IP: 172.64.155.188. Number of nodes 32
EtherApe-INFO: 15:33:42.900: New node: IP: 193.19.152.72. Number of nodes 33
EtherApe-INFO: 15:33:44.469: New node: IP: 216.58.215.67. Number of nodes 34
EtherApe-INFO: 15:33:52.618: New node: IP: 142.250.203.136. Number of nodes 35
EtherApe-INFO: 15:34:33.709: delete node: IPv6: ff02::1. Number of nodes 34
EtherApe-INFO: 15:34:33.710: delete node: IPv6: fe80::9ada:c4ff:febf:99a5. Number of nodes 33
EtherApe-INFO: 15:35:06.249: New node: IP: 52.39.175.179. Number of nodes 34
EtherApe-INFO: 15:35:10.527: delete node: IP: 95.216.195.133. Number of nodes 33
EtherApe-INFO: 15:35:18.782: New node: IP: 216.58.215.101. Number of nodes 34
EtherApe-INFO: 15:35:24.294: delete node: IP: 104.16.248.249. Number of nodes 33
EtherApe-INFO: 15:35:33.705: delete node: IP: 172.217.20.193. Number of nodes 32
EtherApe-INFO: 15:35:53.253: delete node: IP: 142.250.203.136. Number of nodes 31
EtherApe-INFO: 15:36:01.039: delete node: IP: 193.19.152.72. Number of nodes 30
EtherApe-INFO: 15:36:26.106: delete node: IP: 54.187.105.247. Number of nodes 29
EtherApe-INFO: 15:36:57.169: New node: IP: 45.153.229.163. Number of nodes 30
EtherApe-INFO: 15:37:01.165: delete node: IP: 193.19.153.66. Number of nodes 29
EtherApe-INFO: 15:37:03.439: New node: IP: 142.250.203.206. Number of nodes 30
EtherApe-INFO: 15:37:06.888: delete node: IP: 52.39.175.179. Number of nodes 29
EtherApe-INFO: 15:37:39.187: delete node: IP: 172.64.155.188. Number of nodes 28
EtherApe-INFO: 15:38:10.219: New node: IP: 95.216.195.133. Number of nodes 29
EtherApe-INFO: 15:38:21.772: delete node: IP: 216.58.215.68. Number of nodes 28
EtherApe-INFO: 15:38:22.854: delete node: IP: 34.120.208.123. Number of nodes 27
EtherApe-INFO: 15:38:25.235: delete node: IP: 216.58.215.78. Number of nodes 26
EtherApe-INFO: 15:38:25.236: delete node: IP: 172.217.16.2. Number of nodes 25
EtherApe-INFO: 15:38:25.236: delete node: IP: 142.250.186.194. Number of nodes 24
EtherApe-INFO: 15:38:29.435: delete node: IP: 172.217.16.3. Number of nodes 23
EtherApe-INFO: 15:38:29.435: delete node: IP: 142.250.203.142. Number of nodes 22
EtherApe-INFO: 15:38:36.890: delete node: IP: 216.58.215.100. Number of nodes 21
EtherApe-INFO: 15:38:36.890: delete node: IP: 216.58.215.67. Number of nodes 20
EtherApe-INFO: 15:38:50.223: delete node: IP: 35.186.227.140. Number of nodes 19
EtherApe-INFO: 15:38:57.340: delete node: IP: 45.153.229.163. Number of nodes 18
EtherApe-INFO: 15:39:57.819: New node: IP: 34.117.237.239. Number of nodes 19
EtherApe-INFO: 15:40:05.939: delete node: IP: 216.58.209.10. Number of nodes 18
EtherApe-INFO: 15:40:06.699: New node: IP: 52.39.175.179. Number of nodes 19
EtherApe-INFO: 15:40:10.466: delete node: IP: 216.58.215.101. Number of nodes 18
EtherApe-INFO: 15:40:10.467: delete node: IP: 95.216.195.133. Number of nodes 17
EtherApe-INFO: 15:40:12.179: New node: IPv6: fe80::9ada:c4ff:febf:99a5. Number of nodes 18
EtherApe-INFO: 15:40:12.179: New node: IPv6: ff02::1. Number of nodes 19
EtherApe-INFO: 15:40:45.360: New node: IP: 142.250.203.138. Number of nodes 20
EtherApe-INFO: 15:40:46.419: New node: IP: 142.250.203.133. Number of nodes 21
EtherApe-INFO: 15:40:47.522: delete node: IP: 172.217.20.202. Number of nodes 20
EtherApe-INFO: 15:41:00.532: delete node: IP: 142.250.186.197. Number of nodes 19
EtherApe-INFO: 15:42:09.253: delete node: IP: 52.39.175.179. Number of nodes 18
EtherApe-INFO: 15:42:13.432: delete node: IPv6: ff02::1. Number of nodes 17
EtherApe-INFO: 15:42:13.432: delete node: IPv6: fe80::9ada:c4ff:febf:99a5. Number of nodes 16
EtherApe-INFO: 15:42:14.121: New node: IP: 140.82.112.26. Number of nodes 17
EtherApe-INFO: 15:42:48.957: delete node: IP: 142.250.203.206. Number of nodes 16
EtherApe-INFO: 15:43:03.029: New node: IP: 149.154.167.223. Number of nodes 17
EtherApe-INFO: 15:43:10.319: New node: IP: 95.216.195.133. Number of nodes 18
EtherApe-INFO: 15:43:34.150: New node: IP: 216.58.215.68. Number of nodes 19
EtherApe-INFO: 15:44:14.292: delete node: IP: 140.82.112.25. Number of nodes 18
EtherApe-INFO: 15:44:49.280: delete node: IP: 34.117.237.239. Number of nodes 17
EtherApe-INFO: 15:45:06.999: New node: IP: 52.39.175.179. Number of nodes 18
EtherApe-INFO: 15:45:10.930: delete node: IP: 95.216.195.133. Number of nodes 17
EtherApe-INFO: 15:45:37.013: delete node: IP: 142.250.203.138. Number of nodes 16
EtherApe-INFO: 15:46:59.619: New node: IP: 149.154.165.111. Number of nodes 17
EtherApe-INFO: 15:47:03.840: New node: IP: 142.250.186.206. Number of nodes 18
EtherApe-INFO: 15:47:07.596: delete node: IP: 52.39.175.179. Number of nodes 17
EtherApe-INFO: 15:48:10.269: New node: IP: 95.216.195.133. Number of nodes 18
EtherApe-INFO: 15:48:22.549: New node: IPv6: fe80::9ada:c4ff:febf:99a5. Number of nodes 19
EtherApe-INFO: 15:48:22.549: New node: IPv6: ff02::1. Number of nodes 20
EtherApe-INFO: 15:48:24.668: delete node: IP: 216.58.215.68. Number of nodes 19
EtherApe-INFO: 15:49:16.957: delete node: IP: 149.154.165.111. Number of nodes 18
EtherApe-INFO: 15:50:07.279: New node: IP: 52.39.175.179. Number of nodes 19
EtherApe-INFO: 15:50:10.522: delete node: IP: 95.216.195.133. Number of nodes 18
EtherApe-INFO: 15:50:25.414: delete node: IPv6: ff02::1. Number of nodes 17
EtherApe-INFO: 15:50:25.414: delete node: IPv6: fe80::9ada:c4ff:febf:99a5. Number of nodes 16
EtherApe-INFO: 15:50:41.572: delete node: IP: 142.250.203.133. Number of nodes 15
EtherApe-INFO: 15:50:48.579: New node: IP: 142.250.186.197. Number of nodes 16
EtherApe-INFO: 15:51:34.409: New node: IP: 172.217.16.42. Number of nodes 17
EtherApe-INFO: 15:52:07.945: delete node: IP: 52.39.175.179. Number of nodes 16
EtherApe-INFO: 15:52:51.022: delete node: IP: 142.250.186.206. Number of nodes 15
EtherApe-INFO: 15:52:55.950: New node: IP: 142.250.203.202. Number of nodes 16
EtherApe-INFO: 15:53:10.329: New node: IP: 95.216.195.133. Number of nodes 17
EtherApe-INFO: 15:53:34.353: New node: IP: 216.58.215.100. Number of nodes 18
EtherApe-INFO: 15:54:22.513: delete node: IP: 149.154.167.223. Number of nodes 17
EtherApe-INFO: 15:54:57.939: New node: IP: 34.117.237.239. Number of nodes 18
EtherApe-INFO: 15:55:03.709: New node: IP: 149.154.167.223. Number of nodes 19
EtherApe-INFO: 15:55:07.369: New node: IP: 52.39.175.179. Number of nodes 20
EtherApe-INFO: 15:55:10.591: delete node: IP: 95.216.195.133. Number of nodes 19
EtherApe-INFO: 15:55:33.680: New node: IP: 216.58.215.101. Number of nodes 20
EtherApe-INFO: 15:56:00.580: delete node: IP: 142.250.186.197. Number of nodes 19
EtherApe-INFO: 15:56:25.886: delete node: IP: 172.217.16.42. Number of nodes 18
EtherApe-INFO: 15:56:46.709: New node: IP: 172.217.16.4. Number of nodes 19
EtherApe-INFO: 15:56:46.709: New node: IP: 172.217.16.3. Number of nodes 20
EtherApe-INFO: 15:56:48.269: New node: IP: 34.120.208.123. Number of nodes 21
EtherApe-INFO: 15:56:48.529: New node: IP: 216.58.215.67. Number of nodes 22
EtherApe-INFO: 15:56:49.570: New node: IP: 172.217.20.193. Number of nodes 23
EtherApe-INFO: 15:56:49.570: New node: IP: 172.217.16.34. Number of nodes 24
EtherApe-INFO: 15:56:49.571: New node: IP: 142.250.203.138. Number of nodes 25
EtherApe-INFO: 15:56:49.831: New node: IP: 142.250.203.130. Number of nodes 26
EtherApe-INFO: 15:56:50.089: New node: IP: 142.250.75.2. Number of nodes 27
EtherApe-INFO: 15:56:50.609: New node: IP: 54.187.105.247. Number of nodes 28
EtherApe-INFO: 15:56:50.609: New node: IP: 35.165.227.72. Number of nodes 29
EtherApe-INFO: 15:56:51.389: New node: IP: 35.186.227.140. Number of nodes 30
EtherApe-INFO: 15:56:53.480: New node: IP: 216.58.215.78. Number of nodes 31
EtherApe-INFO: 15:57:02.600: New node: IP: 142.250.203.142. Number of nodes 32
EtherApe-INFO: 15:57:04.680: New node: IP: 142.250.203.206. Number of nodes 33
EtherApe-INFO: 15:57:07.559: delete node: IP: 52.39.175.179. Number of nodes 32
EtherApe-INFO: 15:57:46.973: delete node: IP: 142.250.203.202. Number of nodes 31
EtherApe-INFO: 15:58:04.619: New node: IP: 185.69.154.198. Number of nodes 32
EtherApe-INFO: 15:58:04.619: New node: IP: 87.245.216.107. Number of nodes 33
EtherApe-INFO: 15:58:05.931: New node: IP: 216.58.209.10. Number of nodes 34
EtherApe-INFO: 15:58:05.934: New node: IP: 104.16.85.20. Number of nodes 35
EtherApe-INFO: 15:58:06.439: New node: IP: 142.250.203.136. Number of nodes 36
EtherApe-INFO: 15:58:07.219: New node: IP: 104.16.89.20. Number of nodes 37
EtherApe-INFO: 15:58:10.359: New node: IP: 95.216.195.133. Number of nodes 38
EtherApe-INFO: 15:58:16.611: New node: IP: 104.16.86.20. Number of nodes 39
EtherApe-INFO: 15:58:16.611: New node: IP: 69.16.175.10. Number of nodes 40
EtherApe-INFO: 15:58:16.612: New node: IP: 104.25.240.85. Number of nodes 41
EtherApe-INFO: 15:58:16.621: New node: IP: 104.16.125.175. Number of nodes 42
EtherApe-INFO: 15:58:16.860: New node: IP: 93.184.220.29. Number of nodes 43
EtherApe-INFO: 15:58:17.639: New node: IP: 104.25.239.85. Number of nodes 44
EtherApe-INFO: 15:58:22.059: New node: IPv6: fe80::9ada:c4ff:febf:99a5. Number of nodes 45
EtherApe-INFO: 15:58:22.059: New node: IPv6: ff02::1. Number of nodes 46
EtherApe-INFO: 15:58:56.339: delete node: IP: 142.250.203.138. Number of nodes 45
EtherApe-INFO: 15:59:02.812: delete node: IP: 35.165.227.72. Number of nodes 44
EtherApe-INFO: 15:59:08.759: New node: IP: 142.250.203.138. Number of nodes 45
EtherApe-INFO: 15:59:26.810: delete node: IP: 149.154.167.223. Number of nodes 44
EtherApe-INFO: 15:59:48.978: delete node: IP: 34.117.237.239. Number of nodes 43
EtherApe-INFO: 16:00:05.669: New node: IP: 149.154.167.223. Number of nodes 44
EtherApe-INFO: 16:00:07.489: New node: IP: 52.39.175.179. Number of nodes 45
EtherApe-INFO: 16:00:10.397: delete node: IP: 95.216.195.133. Number of nodes 44
EtherApe-INFO: 16:00:16.967: delete node: IP: 142.250.203.136. Number of nodes 43
EtherApe-INFO: 16:00:16.967: delete node: IP: 104.16.86.20. Number of nodes 42
EtherApe-INFO: 16:00:17.722: delete node: IP: 104.25.239.85. Number of nodes 41
EtherApe-INFO: 16:00:22.468: delete node: IPv6: ff02::1. Number of nodes 40
EtherApe-INFO: 16:00:22.468: delete node: IPv6: fe80::9ada:c4ff:febf:99a5. Number of nodes 39
EtherApe-INFO: 16:00:40.710: delete node: IP: 216.58.215.101. Number of nodes 38
EtherApe-INFO: 16:00:50.819: New node: IP: 216.58.215.101. Number of nodes 39
EtherApe-INFO: 16:01:08.883: delete node: IP: 142.250.203.138. Number of nodes 38
EtherApe-INFO: 16:01:20.874: New node: IP: 172.217.20.202. Number of nodes 39
EtherApe-INFO: 16:01:22.522: delete node: IP: 185.69.154.198. Number of nodes 38
EtherApe-INFO: 16:01:39.739: delete node: IP: 34.120.208.123. Number of nodes 37
EtherApe-INFO: 16:01:50.419: New node: IPv6: fe80::9ada:c4ff:febf:99a5. Number of nodes 38
EtherApe-INFO: 16:01:50.419: New node: IPv6: ff02::1. Number of nodes 39
EtherApe-INFO: 16:01:53.657: delete node: IP: 142.250.203.142. Number of nodes 38
EtherApe-INFO: 16:02:00.959: delete node: IP: 87.245.216.107. Number of nodes 37
EtherApe-INFO: 16:02:08.811: delete node: IP: 52.39.175.179. Number of nodes 36
EtherApe-INFO: 16:02:13.140: delete node: IP: 93.184.220.29. Number of nodes 35
EtherApe-INFO: 16:02:13.140: delete node: IP: 54.187.105.247. Number of nodes 34
EtherApe-INFO: 16:02:46.870: delete node: IP: 172.217.16.34. Number of nodes 33
EtherApe-INFO: 16:02:46.870: delete node: IP: 142.250.203.130. Number of nodes 32
EtherApe-INFO: 16:02:46.870: delete node: IP: 142.250.75.2. Number of nodes 31
EtherApe-INFO: 16:02:51.548: delete node: IP: 142.250.203.206. Number of nodes 30
EtherApe-INFO: 16:02:57.054: delete node: IP: 104.16.85.20. Number of nodes 29
EtherApe-INFO: 16:02:58.563: delete node: IP: 216.58.209.10. Number of nodes 28
EtherApe-INFO: 16:02:58.564: delete node: IP: 104.16.89.20. Number of nodes 27
EtherApe-INFO: 16:03:06.993: delete node: IP: 69.16.175.10. Number of nodes 26
EtherApe-INFO: 16:03:07.962: delete node: IP: 104.16.125.175. Number of nodes 25
EtherApe-INFO: 16:03:09.042: delete node: IP: 104.25.240.85. Number of nodes 24
EtherApe-INFO: 16:03:10.289: New node: IP: 95.216.195.133. Number of nodes 25
EtherApe-INFO: 16:03:10.330: delete node: IP: 216.58.215.67. Number of nodes 24
EtherApe-INFO: 16:03:10.330: delete node: IP: 172.217.16.4. Number of nodes 23
EtherApe-INFO: 16:03:10.330: delete node: IP: 172.217.16.3. Number of nodes 22
EtherApe-INFO: 16:03:51.304: delete node: IPv6: ff02::1. Number of nodes 21
EtherApe-INFO: 16:03:51.304: delete node: IPv6: fe80::9ada:c4ff:febf:99a5. Number of nodes 20
EtherApe-INFO: 16:03:59.162: delete node: IP: 172.217.20.193. Number of nodes 19
EtherApe-INFO: 16:04:03.445: delete node: IP: 216.58.215.78. Number of nodes 18
EtherApe-INFO: 16:04:03.446: delete node: IP: 35.186.227.140. Number of nodes 17
EtherApe-INFO: 16:04:16.956: delete node: IP: 149.154.167.223. Number of nodes 16
EtherApe-INFO: 16:04:21.129: New node: IP: 149.154.167.223. Number of nodes 17
EtherApe-INFO: 16:05:02.130: New node: IP: 142.250.203.138. Number of nodes 18
EtherApe-INFO: 16:05:05.549: New node: IP: 157.245.26.125. Number of nodes 19
EtherApe-INFO: 16:05:06.599: New node: IP: 52.39.175.179. Number of nodes 20
EtherApe-INFO: 16:05:07.909: New node: IP: 18.66.139.69. Number of nodes 21
EtherApe-INFO: 16:05:08.179: New node: IP: 18.66.139.125. Number of nodes 22
EtherApe-INFO: 16:05:10.542: New node: IP: 216.58.208.202. Number of nodes 23
EtherApe-INFO: 16:05:10.649: delete node: IP: 95.216.195.133. Number of nodes 22
EtherApe-INFO: 16:05:13.399: New node: IP: 172.217.20.174. Number of nodes 23
EtherApe-INFO: 16:05:15.480: New node: IP: 216.58.215.74. Number of nodes 24
EtherApe-INFO: 16:05:19.919: New node: IP: 172.217.16.37. Number of nodes 25
EtherApe-INFO: 16:05:56.729: New node: IP: 34.120.208.123. Number of nodes 26
EtherApe-INFO: 16:06:06.909: New node: IPv6: fe80::9ada:c4ff:febf:99a5. Number of nodes 27
EtherApe-INFO: 16:06:06.909: New node: IPv6: ff02::1. Number of nodes 28
EtherApe-INFO: 16:06:28.310: New node: IP: 172.217.20.193. Number of nodes 29
EtherApe-INFO: 16:06:30.130: New node: IP: 142.250.203.206. Number of nodes 30
EtherApe-INFO: 16:06:37.202: delete node: IP: 149.154.167.223. Number of nodes 29
EtherApe-INFO: 16:06:39.000: New node: IP: 216.58.215.67. Number of nodes 30
EtherApe-INFO: 16:06:39.781: New node: IP: 216.58.215.78. Number of nodes 31
EtherApe-INFO: 16:06:40.040: New node: IP: 142.250.203.194. Number of nodes 32
EtherApe-INFO: 16:06:40.302: New node: IP: 172.217.20.194. Number of nodes 33
EtherApe-INFO: 16:06:40.559: New node: IP: 216.58.209.2. Number of nodes 34
EtherApe-INFO: 16:06:43.439: New node: IP: 35.186.227.140. Number of nodes 35
EtherApe-INFO: 16:06:43.439: New node: IP: 54.187.105.247. Number of nodes 36
EtherApe-INFO: 16:07:06.160: New node: IP: 172.217.20.177. Number of nodes 37
EtherApe-INFO: 16:07:06.160: New node: IP: 216.58.208.200. Number of nodes 38
EtherApe-INFO: 16:07:06.160: New node: IP: 172.217.20.166. Number of nodes 39
EtherApe-INFO: 16:07:06.182: New node: IP: 142.250.203.195. Number of nodes 40
EtherApe-INFO: 16:07:08.000: delete node: IP: 52.39.175.179. Number of nodes 39
EtherApe-INFO: 16:07:08.777: delete node: IP: 172.217.20.202. Number of nodes 38
EtherApe-INFO: 16:07:09.111: delete node: IP: 18.66.139.125. Number of nodes 37
EtherApe-INFO: 16:07:19.450: New node: IP: 91.218.214.32. Number of nodes 38
EtherApe-INFO: 16:07:57.360: delete node: IP: 172.217.16.10. Number of nodes 37
EtherApe-INFO: 16:08:07.514: delete node: IPv6: ff02::1. Number of nodes 36
EtherApe-INFO: 16:08:07.514: delete node: IPv6: fe80::9ada:c4ff:febf:99a5. Number of nodes 35
EtherApe-INFO: 16:08:10.359: New node: IP: 95.216.195.133. Number of nodes 36
EtherApe-INFO: 16:08:15.839: New node: IP: 74.125.140.189. Number of nodes 37
EtherApe-INFO: 16:08:28.935: delete node: IP: 172.217.20.193. Number of nodes 36
EtherApe-INFO: 16:09:02.908: delete node: IP: 142.250.75.14. Number of nodes 35
EtherApe-INFO: 16:09:06.818: delete node: IP: 216.58.208.200. Number of nodes 34
EtherApe-INFO: 16:09:06.818: delete node: IP: 172.217.20.177. Number of nodes 33
EtherApe-INFO: 16:09:06.818: delete node: IP: 172.217.20.166. Number of nodes 32
EtherApe-INFO: 16:09:48.088: delete node: IP: 54.187.105.247. Number of nodes 31
EtherApe-INFO: 16:09:50.378: delete node: IP: 91.218.214.32. Number of nodes 30
EtherApe-INFO: 16:09:57.920: New node: IP: 34.117.237.239. Number of nodes 31
EtherApe-INFO: 16:10:05.314: delete node: IP: 172.217.20.174. Number of nodes 30
EtherApe-INFO: 16:10:07.869: New node: IP: 52.39.175.179. Number of nodes 31
EtherApe-INFO: 16:10:10.545: delete node: IP: 95.216.195.133. Number of nodes 30
EtherApe-INFO: 16:10:13.169: delete node: IP: 172.217.16.37. Number of nodes 29
EtherApe-INFO: 16:10:13.169: delete node: IP: 142.250.203.138. Number of nodes 28
EtherApe-INFO: 16:10:15.221: delete node: IP: 173.194.76.189. Number of nodes 27
EtherApe-INFO: 16:10:25.477: delete node: IP: 165.227.153.193. Number of nodes 26
EtherApe-INFO: 16:10:34.844: delete node: IP: 18.66.139.69. Number of nodes 25
EtherApe-INFO: 16:10:37.379: New node: IP: 54.187.105.247. Number of nodes 26
EtherApe-INFO: 16:10:37.380: New node: IP: 54.187.199.101. Number of nodes 27
EtherApe-INFO: 16:10:45.722: New node: IP: 193.19.153.66. Number of nodes 28
EtherApe-INFO: 16:10:45.989: New node: IP: 193.19.152.72. Number of nodes 29
EtherApe-INFO: 16:10:45.990: New node: IP: 142.250.203.136. Number of nodes 30
EtherApe-INFO: 16:10:52.809: New node: IP: 142.250.186.197. Number of nodes 31
EtherApe-INFO: 16:11:02.537: delete node: IP: 216.58.215.101. Number of nodes 30
EtherApe-INFO: 16:11:03.769: New node: IP: 172.217.16.3. Number of nodes 31
EtherApe-INFO: 16:11:03.769: New node: IP: 172.217.20.193. Number of nodes 32
EtherApe-INFO: 16:11:04.289: New node: IP: 216.58.208.194. Number of nodes 33
EtherApe-INFO: 16:11:05.329: New node: IP: 45.153.229.163. Number of nodes 34
EtherApe-INFO: 16:11:06.369: New node: IP: 149.154.167.223. Number of nodes 35
EtherApe-INFO: 16:11:07.940: New node: IP: 142.250.203.142. Number of nodes 36
EtherApe-INFO: 16:11:19.939: New node: IP: 212.26.131.198. Number of nodes 37
EtherApe-INFO: 16:11:19.939: New node: IP: 93.184.220.29. Number of nodes 38
EtherApe-INFO: 16:11:20.719: New node: IP: 142.250.203.138. Number of nodes 39
EtherApe-INFO: 16:11:23.321: New node: IP: 216.58.209.10. Number of nodes 40
EtherApe-INFO: 16:11:23.321: New node: IP: 104.16.85.20. Number of nodes 41
EtherApe-INFO: 16:11:23.321: New node: IP: 104.16.87.20. Number of nodes 42
EtherApe-INFO: 16:11:23.322: New node: IP: 104.21.63.54. Number of nodes 43
EtherApe-INFO: 16:11:23.322: New node: IP: 172.67.169.247. Number of nodes 44
EtherApe-INFO: 16:11:54.356: delete node: IP: 216.58.209.2. Number of nodes 43
EtherApe-INFO: 16:11:56.663: delete node: IP: 216.58.215.74. Number of nodes 42
EtherApe-INFO: 16:11:58.429: New node: IP: 185.68.16.57. Number of nodes 43
EtherApe-INFO: 16:11:58.429: New node: IP: 87.245.216.107. Number of nodes 44
EtherApe-INFO: 16:11:59.479: New node: IP: 104.16.89.20. Number of nodes 45
EtherApe-INFO: 16:12:08.145: delete node: IP: 52.39.175.179. Number of nodes 44
EtherApe-INFO: 16:12:22.989: New node: IP: 91.205.18.92. Number of nodes 45
EtherApe-INFO: 16:12:22.992: New node: IP: 84.53.161.112. Number of nodes 46
EtherApe-INFO: 16:12:24.549: New node: IP: 216.58.209.8. Number of nodes 47
EtherApe-INFO: 16:12:30.586: delete node: IP: 157.245.26.125. Number of nodes 46
EtherApe-INFO: 16:12:47.289: New node: IP: 142.250.75.14. Number of nodes 47
EtherApe-INFO: 16:12:53.346: delete node: IP: 193.19.152.72. Number of nodes 46
EtherApe-INFO: 16:13:05.440: delete node: IP: 45.153.229.163. Number of nodes 45
EtherApe-INFO: 16:13:10.289: New node: IP: 95.216.195.133. Number of nodes 46
EtherApe-INFO: 16:13:22.129: delete node: IP: 149.154.167.223. Number of nodes 45
EtherApe-INFO: 16:13:23.599: New node: IP: 193.19.152.72. Number of nodes 46
EtherApe-INFO: 16:13:23.668: delete node: IP: 104.16.87.20. Number of nodes 45
EtherApe-INFO: 16:13:23.882: delete node: IP: 104.21.63.54. Number of nodes 44
EtherApe-INFO: 16:13:40.110: delete node: IP: 54.187.199.101. Number of nodes 43
EtherApe-INFO: 16:14:03.575: delete node: IP: 212.26.131.198. Number of nodes 42
EtherApe-INFO: 16:14:35.361: delete node: IP: 172.217.20.193. Number of nodes 41
EtherApe-INFO: 16:14:47.713: delete node: IP: 142.250.203.206. Number of nodes 40
EtherApe-INFO: 16:14:49.713: delete node: IP: 34.117.237.239. Number of nodes 39
EtherApe-INFO: 16:15:07.959: New node: IP: 52.39.175.179. Number of nodes 40
EtherApe-INFO: 16:15:11.672: delete node: IP: 95.216.195.133. Number of nodes 39
EtherApe-INFO: 16:15:14.761: New node: IP: 140.82.114.25. Number of nodes 40
EtherApe-INFO: 16:15:15.279: New node: IPv6: fe80::9ada:c4ff:febf:99a5. Number of nodes 41
EtherApe-INFO: 16:15:15.279: New node: IPv6: ff02::1. Number of nodes 42
EtherApe-INFO: 16:15:17.196: delete node: IP: 142.250.203.138. Number of nodes 41
EtherApe-INFO: 16:15:17.196: delete node: IP: 93.184.220.29. Number of nodes 40
EtherApe-INFO: 16:15:30.258: delete node: IP: 193.19.152.72. Number of nodes 39
EtherApe-INFO: 16:15:32.023: delete node: IP: 91.205.18.92. Number of nodes 38
EtherApe-INFO: 16:15:37.250: delete node: IP: 142.250.203.136. Number of nodes 37
EtherApe-INFO: 16:15:51.891: delete node: IP: 54.187.105.247. Number of nodes 36
EtherApe-INFO: 16:15:54.030: delete node: IP: 216.58.215.78. Number of nodes 35
EtherApe-INFO: 16:15:54.031: delete node: IP: 87.245.216.107. Number of nodes 34
EtherApe-INFO: 16:16:19.791: delete node: IP: 84.53.161.112. Number of nodes 33
EtherApe-INFO: 16:16:20.116: delete node: IP: 142.250.203.195. Number of nodes 32
EtherApe-INFO: 16:16:25.366: delete node: IP: 172.217.16.3. Number of nodes 31
EtherApe-INFO: 16:16:25.366: delete node: IP: 172.67.169.247. Number of nodes 30
EtherApe-INFO: 16:16:25.366: delete node: IP: 104.16.85.20. Number of nodes 29
EtherApe-INFO: 16:16:30.572: delete node: IP: 193.19.153.66. Number of nodes 28
EtherApe-INFO: 16:16:52.185: delete node: IP: 185.68.16.57. Number of nodes 27
EtherApe-INFO: 16:16:52.185: delete node: IP: 104.16.89.20. Number of nodes 26
EtherApe-INFO: 16:17:09.373: delete node: IP: 52.39.175.179. Number of nodes 25
EtherApe-INFO: 16:17:10.929: New node: IP: 172.217.16.42. Number of nodes 26
EtherApe-INFO: 16:17:15.185: delete node: IP: 216.58.209.8. Number of nodes 25
EtherApe-INFO: 16:17:15.186: delete node: IP: 140.82.112.26. Number of nodes 24
EtherApe-INFO: 16:17:15.402: delete node: IPv6: ff02::1. Number of nodes 23
EtherApe-INFO: 16:17:15.402: delete node: IPv6: fe80::9ada:c4ff:febf:99a5. Number of nodes 22
EtherApe-INFO: 16:17:46.223: delete node: IP: 34.120.208.123. Number of nodes 21
EtherApe-INFO: 16:18:07.175: delete node: IP: 216.58.208.194. Number of nodes 20
EtherApe-INFO: 16:18:07.175: delete node: IP: 172.217.20.194. Number of nodes 19
EtherApe-INFO: 16:18:07.175: delete node: IP: 142.250.203.194. Number of nodes 18
EtherApe-INFO: 16:18:10.229: New node: IP: 95.216.195.133. Number of nodes 19
EtherApe-INFO: 16:18:12.084: delete node: IP: 142.250.203.142. Number of nodes 18
EtherApe-INFO: 16:18:13.892: delete node: IP: 216.58.209.10. Number of nodes 17
EtherApe-INFO: 16:18:15.279: delete node: IP: 216.58.215.67. Number of nodes 16
EtherApe-INFO: 16:18:20.287: delete node: IP: 35.186.227.140. Number of nodes 15
EtherApe-INFO: 16:18:28.876: delete node: IP: 216.58.215.100. Number of nodes 14
EtherApe-INFO: 16:19:34.909: New node: IP: 142.250.203.138. Number of nodes 15
EtherApe-INFO: 16:20:08.109: New node: IP: 52.39.175.179. Number of nodes 16
EtherApe-INFO: 16:20:10.713: delete node: IP: 95.216.195.133. Number of nodes 15
EtherApe-INFO: 16:20:45.181: delete node: IP: 142.250.186.197. Number of nodes 14
EtherApe-INFO: 16:22:03.585: delete node: IP: 172.217.16.42. Number of nodes 13
EtherApe-INFO: 16:22:08.802: delete node: IP: 52.39.175.179. Number of nodes 12
EtherApe-INFO: 16:23:10.369: New node: IP: 95.216.195.133. Number of nodes 13
EtherApe-INFO: 16:23:32.069: New node: IPv6: fe80::9ada:c4ff:febf:99a5. Number of nodes 14
EtherApe-INFO: 16:23:32.069: New node: IPv6: ff02::1. Number of nodes 15
EtherApe-INFO: 16:23:32.070: New node: IP: 216.58.215.68. Number of nodes 16
EtherApe-INFO: 16:23:48.229: New node: IP: 149.154.167.223. Number of nodes 17
EtherApe-INFO: 16:24:27.993: delete node: IP: 142.250.203.138. Number of nodes 16
EtherApe-INFO: 16:24:28.710: New node: IP: 142.250.75.10. Number of nodes 17
EtherApe-INFO: 16:24:29.239: New node: IP: 142.250.186.206. Number of nodes 18
EtherApe-INFO: 16:24:57.869: New node: IP: 34.117.237.239. Number of nodes 19
EtherApe-INFO: 16:25:08.320: New node: IP: 52.39.175.179. Number of nodes 20
EtherApe-INFO: 16:25:10.943: delete node: IP: 95.216.195.133. Number of nodes 19
EtherApe-INFO: 16:25:32.139: delete node: IPv6: ff02::1. Number of nodes 18
EtherApe-INFO: 16:25:32.139: delete node: IPv6: fe80::9ada:c4ff:febf:99a5. Number of nodes 17
EtherApe-INFO: 16:25:35.219: New node: IP: 216.58.215.101. Number of nodes 18
EtherApe-INFO: 16:27:09.343: delete node: IP: 52.39.175.179. Number of nodes 17
EtherApe-INFO: 16:28:10.349: New node: IP: 95.216.195.133. Number of nodes 18
EtherApe-INFO: 16:28:25.562: delete node: IP: 216.58.215.68. Number of nodes 17
EtherApe-INFO: 16:28:36.199: New node: IPv6: fe80::9ada:c4ff:febf:99a5. Number of nodes 18
EtherApe-INFO: 16:28:36.199: New node: IPv6: ff02::1. Number of nodes 19
EtherApe-INFO: 16:29:20.065: delete node: IP: 142.250.75.10. Number of nodes 18
EtherApe-INFO: 16:29:20.920: delete node: IP: 142.250.186.206. Number of nodes 17
EtherApe-INFO: 16:29:21.130: delete node: IP: 149.154.167.223. Number of nodes 16
EtherApe-INFO: 16:29:21.370: New node: IP: 172.217.16.42. Number of nodes 17
EtherApe-INFO: 16:29:48.784: delete node: IP: 34.117.237.239. Number of nodes 16
EtherApe-INFO: 16:30:08.529: New node: IP: 52.39.175.179. Number of nodes 17
EtherApe-INFO: 16:30:08.789: New node: IP: 149.154.167.223. Number of nodes 18
EtherApe-INFO: 16:30:10.648: delete node: IP: 95.216.195.133. Number of nodes 17
EtherApe-INFO: 16:30:36.193: delete node: IPv6: ff02::1. Number of nodes 16
EtherApe-INFO: 16:30:36.194: delete node: IPv6: fe80::9ada:c4ff:febf:99a5. Number of nodes 15
EtherApe-INFO: 16:30:46.364: delete node: IP: 216.58.215.101. Number of nodes 14
EtherApe-INFO: 16:30:47.639: New node: IP: 35.186.227.140. Number of nodes 15
EtherApe-INFO: 16:30:47.640: New node: IP: 54.187.105.247. Number of nodes 16
EtherApe-INFO: 16:32:08.949: delete node: IP: 52.39.175.179. Number of nodes 15
EtherApe-INFO: 16:32:26.006: delete node: IP: 149.154.167.223. Number of nodes 14
EtherApe-INFO: 16:33:10.299: New node: IP: 95.216.195.133. Number of nodes 15
EtherApe-INFO: 16:33:40.291: New node: IP: 216.58.215.68. Number of nodes 16
EtherApe-INFO: 16:33:49.746: delete node: IP: 54.187.105.247. Number of nodes 15
EtherApe-INFO: 16:34:09.079: New node: IPv6: fe80::9ada:c4ff:febf:99a5. Number of nodes 16
EtherApe-INFO: 16:34:09.079: New node: IPv6: ff02::1. Number of nodes 17
EtherApe-INFO: 16:34:15.329: New node: IP: 149.154.167.223. Number of nodes 18
EtherApe-INFO: 16:35:07.679: New node: IP: 52.39.175.179. Number of nodes 19
EtherApe-INFO: 16:35:10.557: delete node: IP: 95.216.195.133. Number of nodes 18
EtherApe-INFO: 16:35:16.019: New node: IP: 142.250.75.10. Number of nodes 19
EtherApe-INFO: 16:35:21.489: New node: IP: 172.217.16.5. Number of nodes 20
EtherApe-INFO: 16:35:35.610: New node: IP: 216.58.215.101. Number of nodes 21
EtherApe-INFO: 16:35:40.617: delete node: IP: 35.186.227.140. Number of nodes 20
EtherApe-INFO: 16:36:09.427: delete node: IPv6: ff02::1. Number of nodes 19
EtherApe-INFO: 16:36:09.427: delete node: IPv6: fe80::9ada:c4ff:febf:99a5. Number of nodes 18
EtherApe-INFO: 16:36:31.551: delete node: IP: 149.154.167.223. Number of nodes 17
EtherApe-INFO: 16:36:35.979: New node: IP: 216.58.215.74. Number of nodes 18
EtherApe-INFO: 16:36:37.800: New node: IP: 216.58.209.3. Number of nodes 19
EtherApe-INFO: 16:36:38.579: New node: IP: 216.58.209.1. Number of nodes 20
EtherApe-INFO: 16:36:38.579: New node: IP: 216.58.215.97. Number of nodes 21
EtherApe-INFO: 16:36:38.580: New node: IP: 142.250.203.129. Number of nodes 22
EtherApe-INFO: 16:36:40.664: New node: IP: 35.186.227.140. Number of nodes 23
EtherApe-INFO: 16:36:40.666: New node: IP: 54.187.105.247. Number of nodes 24
EtherApe-INFO: 16:36:42.480: New node: IP: 142.250.203.138. Number of nodes 25
EtherApe-INFO: 16:36:42.480: New node: IP: 172.217.16.3. Number of nodes 26
EtherApe-INFO: 16:36:42.480: New node: IP: 172.217.20.174. Number of nodes 27
EtherApe-INFO: 16:36:49.598: delete node: IP: 172.217.16.42. Number of nodes 26
EtherApe-INFO: 16:36:50.026: New node: IP: 172.217.20.193. Number of nodes 27
EtherApe-INFO: 16:37:09.406: delete node: IP: 52.39.175.179. Number of nodes 26
EtherApe-INFO: 16:37:13.279: New node: IP: 172.217.20.206. Number of nodes 27
EtherApe-INFO: 16:37:32.169: New node: IP: 142.250.203.142. Number of nodes 28
EtherApe-INFO: 16:37:32.689: New node: IP: 216.58.215.77. Number of nodes 29
EtherApe-INFO: 16:37:34.529: New node: IP: 142.250.203.195. Number of nodes 30
EtherApe-INFO: 16:38:10.259: New node: IP: 95.216.195.133. Number of nodes 31
EtherApe-INFO: 16:38:58.869: New node: IP: 34.120.208.123. Number of nodes 32
EtherApe-INFO: 16:39:02.280: New node: IP: 157.245.26.125. Number of nodes 33
EtherApe-INFO: 16:39:02.551: delete node: IP: 142.250.203.138. Number of nodes 32
EtherApe-INFO: 16:39:02.802: New node: IP: 104.16.86.20. Number of nodes 33
EtherApe-INFO: 16:39:03.579: New node: IP: 165.227.153.193. Number of nodes 34
EtherApe-INFO: 16:39:10.981: delete node: IP: 172.217.20.195. Number of nodes 33
EtherApe-INFO: 16:39:31.489: New node: IPv6: fe80::9ada:c4ff:febf:99a5. Number of nodes 34
EtherApe-INFO: 16:39:31.489: New node: IPv6: ff02::1. Number of nodes 35
EtherApe-INFO: 16:39:57.809: New node: IP: 34.117.237.239. Number of nodes 36
EtherApe-INFO: 16:40:08.989: New node: IP: 52.39.175.179. Number of nodes 37
EtherApe-INFO: 16:40:10.615: delete node: IP: 95.216.195.133. Number of nodes 36
EtherApe-INFO: 16:41:26.179: New node: IP: 149.154.167.223. Number of nodes 37
EtherApe-INFO: 16:41:27.022: delete node: IP: 216.58.215.74. Number of nodes 36
EtherApe-INFO: 16:41:32.514: delete node: IPv6: ff02::1. Number of nodes 35
EtherApe-INFO: 16:41:32.514: delete node: IPv6: fe80::9ada:c4ff:febf:99a5. Number of nodes 34
EtherApe-INFO: 16:41:33.791: delete node: IP: 216.58.209.1. Number of nodes 33
EtherApe-INFO: 16:41:34.109: delete node: IP: 216.58.215.97. Number of nodes 32
EtherApe-INFO: 16:41:34.109: delete node: IP: 172.217.16.5. Number of nodes 31
EtherApe-INFO: 16:41:34.109: delete node: IP: 142.250.203.129. Number of nodes 30
EtherApe-INFO: 16:41:41.422: delete node: IP: 142.250.75.10. Number of nodes 29
EtherApe-INFO: 16:41:45.519: New node: IP: 142.250.203.206. Number of nodes 30
EtherApe-INFO: 16:41:46.299: New node: IP: 216.58.215.67. Number of nodes 31
EtherApe-INFO: 16:41:46.299: New node: IP: 216.58.215.106. Number of nodes 32
EtherApe-INFO: 16:41:46.301: New node: IP: 216.58.215.74. Number of nodes 33
EtherApe-INFO: 16:41:50.199: New node: IP: 142.250.186.202. Number of nodes 34
EtherApe-INFO: 16:42:04.058: delete node: IP: 172.217.20.206. Number of nodes 33
EtherApe-INFO: 16:42:09.315: delete node: IP: 52.39.175.179. Number of nodes 32
EtherApe-INFO: 16:42:23.130: delete node: IP: 216.58.209.3. Number of nodes 31
EtherApe-INFO: 16:42:24.917: delete node: IP: 216.58.215.77. Number of nodes 30
EtherApe-INFO: 16:42:58.560: New node: IP: 35.161.245.58. Number of nodes 31
EtherApe-INFO: 16:42:59.079: New node: IP: 93.184.220.29. Number of nodes 32
EtherApe-INFO: 16:42:59.079: New node: IP: 52.222.214.96. Number of nodes 33
EtherApe-INFO: 16:42:59.599: New node: IP: 13.32.110.32. Number of nodes 34
EtherApe-INFO: 16:43:00.639: New node: IP: 34.107.221.82. Number of nodes 35
EtherApe-INFO: 16:43:02.459: New node: IP: 87.245.216.107. Number of nodes 36
EtherApe-INFO: 16:43:04.279: New node: IP: 99.86.240.104. Number of nodes 37
EtherApe-INFO: 16:43:04.539: New node: IP: 34.98.75.36. Number of nodes 38
EtherApe-INFO: 16:43:10.279: New node: IP: 95.216.195.133. Number of nodes 39
EtherApe-INFO: 16:43:15.240: New node: IP: 140.82.113.25. Number of nodes 40
EtherApe-INFO: 16:43:36.639: New node: IP: 172.217.16.4. Number of nodes 41
EtherApe-INFO: 16:43:41.059: New node: IP: 216.58.215.100. Number of nodes 42
EtherApe-INFO: 16:43:42.619: New node: IP: 216.58.215.78. Number of nodes 43
EtherApe-INFO: 16:43:42.621: New node: IP: 172.217.20.162. Number of nodes 44
EtherApe-INFO: 16:43:42.879: New node: IP: 216.58.215.98. Number of nodes 45
EtherApe-INFO: 16:43:43.139: New node: IP: 172.217.16.2. Number of nodes 46
EtherApe-INFO: 16:43:44.439: New node: IP: 194.44.225.98. Number of nodes 47
EtherApe-INFO: 16:43:49.588: delete node: IP: 142.250.203.142. Number of nodes 46
EtherApe-INFO: 16:43:55.091: delete node: IP: 157.245.26.125. Number of nodes 45
EtherApe-INFO: 16:43:55.091: delete node: IP: 104.16.86.20. Number of nodes 44
EtherApe-INFO: 16:44:43.127: delete node: IP: 172.217.20.174. Number of nodes 43
EtherApe-INFO: 16:44:43.881: delete node: IP: 216.58.215.68. Number of nodes 42
EtherApe-INFO: 16:45:04.832: delete node: IP: 99.86.240.104. Number of nodes 41
EtherApe-INFO: 16:45:04.832: delete node: IP: 87.245.216.107. Number of nodes 40
EtherApe-INFO: 16:45:04.832: delete node: IP: 52.222.214.96. Number of nodes 39
EtherApe-INFO: 16:45:04.832: delete node: IP: 34.117.237.239. Number of nodes 38
EtherApe-INFO: 16:45:04.832: delete node: IP: 34.107.221.82. Number of nodes 37
EtherApe-INFO: 16:45:04.832: delete node: IP: 34.98.75.36. Number of nodes 36
EtherApe-INFO: 16:45:04.832: delete node: IP: 13.32.110.32. Number of nodes 35
EtherApe-INFO: 16:45:05.049: delete node: IP: 35.161.245.58. Number of nodes 34
EtherApe-INFO: 16:45:09.219: New node: IP: 52.39.175.179. Number of nodes 35
EtherApe-INFO: 16:45:10.533: delete node: IP: 95.216.195.133. Number of nodes 34
EtherApe-INFO: 16:45:13.409: New node: IP: 45.153.229.163. Number of nodes 35
EtherApe-INFO: 16:45:15.556: delete node: IP: 140.82.114.25. Number of nodes 34
EtherApe-INFO: 16:45:17.882: delete node: IP: 149.154.167.223. Number of nodes 33
EtherApe-INFO: 16:46:12.489: New node: IP: 35.165.227.72. Number of nodes 34
EtherApe-INFO: 16:46:37.152: delete node: IP: 216.58.215.106. Number of nodes 33
EtherApe-INFO: 16:46:37.152: delete node: IP: 216.58.215.74. Number of nodes 32
EtherApe-INFO: 16:46:37.152: delete node: IP: 216.58.215.67. Number of nodes 31
EtherApe-INFO: 16:46:37.152: delete node: IP: 172.217.20.193. Number of nodes 30
EtherApe-INFO: 16:46:43.320: New node: IP: 216.58.215.67. Number of nodes 31
EtherApe-INFO: 16:46:43.853: delete node: IP: 142.250.203.206. Number of nodes 30
EtherApe-INFO: 16:46:44.621: New node: IP: 172.217.20.193. Number of nodes 31
EtherApe-INFO: 16:46:45.659: New node: IP: 212.26.131.198. Number of nodes 32
EtherApe-INFO: 16:46:49.559: New node: IP: 216.58.209.10. Number of nodes 33
EtherApe-INFO: 16:46:49.559: New node: IP: 104.16.89.20. Number of nodes 34
EtherApe-INFO: 16:46:49.559: New node: IP: 172.67.169.247. Number of nodes 35
EtherApe-INFO: 16:46:49.819: New node: IP: 104.21.63.54. Number of nodes 36
EtherApe-INFO: 16:47:10.141: delete node: IP: 52.39.175.179. Number of nodes 35
EtherApe-INFO: 16:47:13.782: delete node: IP: 45.153.229.163. Number of nodes 34
EtherApe-INFO: 16:47:21.569: New node: IP: 149.154.167.223. Number of nodes 35
EtherApe-INFO: 16:47:24.190: New node: IP: 142.250.203.202. Number of nodes 36
EtherApe-INFO: 16:47:30.999: New node: IP: 216.58.209.14. Number of nodes 37
EtherApe-INFO: 16:47:35.183: New node: IP: 216.58.215.74. Number of nodes 38
EtherApe-INFO: 16:47:40.182: delete node: IP: 93.184.220.29. Number of nodes 37
EtherApe-INFO: 16:48:07.889: New node: IP: 149.154.165.111. Number of nodes 38
EtherApe-INFO: 16:48:10.229: New node: IP: 95.216.195.133. Number of nodes 39
EtherApe-INFO: 16:48:24.718: delete node: IP: 35.165.227.72. Number of nodes 38
EtherApe-INFO: 16:48:36.664: delete node: IP: 216.58.215.100. Number of nodes 37
EtherApe-INFO: 16:48:47.205: delete node: IP: 172.217.16.3. Number of nodes 36
EtherApe-INFO: 16:48:50.293: delete node: IP: 104.21.63.54. Number of nodes 35
EtherApe-INFO: 16:49:14.820: delete node: IP: 54.187.105.247. Number of nodes 34
EtherApe-INFO: 16:49:15.029: New node: IPv6: fe80::9ada:c4ff:febf:99a5. Number of nodes 35
EtherApe-INFO: 16:49:15.029: New node: IPv6: ff02::1. Number of nodes 36
EtherApe-INFO: 16:49:20.310: delete node: IP: 194.44.225.98. Number of nodes 35
EtherApe-INFO: 16:49:23.961: delete node: IP: 212.26.131.198. Number of nodes 34
EtherApe-INFO: 16:50:09.329: New node: IP: 52.39.175.179. Number of nodes 35
EtherApe-INFO: 16:50:10.703: delete node: IP: 95.216.195.133. Number of nodes 34
EtherApe-INFO: 16:50:37.298: delete node: IP: 149.154.165.111. Number of nodes 33
EtherApe-INFO: 16:50:42.772: delete node: IP: 149.154.167.223. Number of nodes 32
EtherApe-INFO: 16:51:15.669: delete node: IPv6: ff02::1. Number of nodes 31
EtherApe-INFO: 16:51:15.669: delete node: IPv6: fe80::9ada:c4ff:febf:99a5. Number of nodes 30
EtherApe-INFO: 16:51:35.292: delete node: IP: 216.58.215.98. Number of nodes 29
EtherApe-INFO: 16:51:35.293: delete node: IP: 216.58.215.78. Number of nodes 28
EtherApe-INFO: 16:51:35.293: delete node: IP: 172.217.20.193. Number of nodes 27
EtherApe-INFO: 16:51:38.652: delete node: IP: 172.217.20.162. Number of nodes 26
EtherApe-INFO: 16:51:38.652: delete node: IP: 172.217.16.2. Number of nodes 25
EtherApe-INFO: 16:51:42.104: delete node: IP: 216.58.215.67. Number of nodes 24
EtherApe-INFO: 16:51:42.104: delete node: IP: 216.58.209.10. Number of nodes 23
EtherApe-INFO: 16:51:42.104: delete node: IP: 172.217.16.4. Number of nodes 22
EtherApe-INFO: 16:51:45.121: New node: IP: 216.58.215.68. Number of nodes 23
EtherApe-INFO: 16:51:53.789: delete node: IP: 172.67.169.247. Number of nodes 22
EtherApe-INFO: 16:51:53.789: delete node: IP: 142.250.186.202. Number of nodes 21
EtherApe-INFO: 16:51:53.789: delete node: IP: 104.16.89.20. Number of nodes 20
EtherApe-INFO: 16:52:10.423: delete node: IP: 52.39.175.179. Number of nodes 19
EtherApe-INFO: 16:52:19.378: delete node: IP: 35.186.227.140. Number of nodes 18
EtherApe-INFO: 16:52:26.349: delete node: IP: 216.58.215.74. Number of nodes 17
EtherApe-INFO: 16:52:39.772: delete node: IP: 142.250.203.202. Number of nodes 16
EtherApe-INFO: 16:52:41.818: delete node: IP: 216.58.209.14. Number of nodes 15
EtherApe-INFO: 16:52:46.859: delete node: IP: 34.120.208.123. Number of nodes 14
EtherApe-INFO: 16:53:10.269: New node: IP: 95.216.195.133. Number of nodes 15
EtherApe-INFO: 16:54:12.400: New node: IP: 216.58.215.78. Number of nodes 16
EtherApe-INFO: 16:54:57.799: New node: IP: 34.117.237.239. Number of nodes 17
EtherApe-INFO: 16:55:09.529: New node: IP: 52.39.175.179. Number of nodes 18
EtherApe-INFO: 16:55:10.674: delete node: IP: 95.216.195.133. Number of nodes 17
EtherApe-INFO: 16:56:32.090: New node: IP: 216.58.209.10. Number of nodes 18
EtherApe-INFO: 16:56:37.585: delete node: IP: 216.58.215.68. Number of nodes 17
EtherApe-INFO: 16:57:09.959: delete node: IP: 52.39.175.179. Number of nodes 16
EtherApe-INFO: 16:57:21.409: New node: IP: 216.58.215.106. Number of nodes 17
EtherApe-INFO: 16:57:40.189: New node: IPv6: fe80::9ada:c4ff:febf:99a5. Number of nodes 18
EtherApe-INFO: 16:57:40.189: New node: IPv6: ff02::1. Number of nodes 19
EtherApe-INFO: 16:58:10.253: New node: IP: 95.216.195.133. Number of nodes 20
EtherApe-INFO: 16:58:32.541: delete node: IP: 216.58.209.10. Number of nodes 19
EtherApe-INFO: 16:59:03.916: delete node: IP: 216.58.215.78. Number of nodes 18
EtherApe-INFO: 16:59:34.899: New node: IP: 142.250.186.197. Number of nodes 19
EtherApe-INFO: 16:59:40.389: delete node: IPv6: ff02::1. Number of nodes 18
EtherApe-INFO: 16:59:40.389: delete node: IPv6: fe80::9ada:c4ff:febf:99a5. Number of nodes 17
EtherApe-INFO: 16:59:49.524: delete node: IP: 34.117.237.239. Number of nodes 16
EtherApe-INFO: 17:00:09.809: New node: IP: 52.39.175.179. Number of nodes 17
EtherApe-INFO: 17:00:11.379: delete node: IP: 95.216.195.133. Number of nodes 16
EtherApe-INFO: 17:00:43.549: New node: IP: 216.58.209.10. Number of nodes 17
EtherApe-INFO: 17:01:27.697: delete node: IP: 216.58.215.101. Number of nodes 16
EtherApe-INFO: 17:01:47.480: New node: IP: 216.58.215.100. Number of nodes 17
EtherApe-INFO: 17:02:10.504: delete node: IP: 52.39.175.179. Number of nodes 16
EtherApe-INFO: 17:02:44.037: delete node: IP: 216.58.209.10. Number of nodes 15
EtherApe-INFO: 17:02:45.249: New node: IP: 216.58.209.10. Number of nodes 16
EtherApe-INFO: 17:03:01.149: New node: IP: 149.154.167.223. Number of nodes 17
EtherApe-INFO: 17:03:10.279: New node: IP: 95.216.195.133. Number of nodes 18
EtherApe-INFO: 17:03:33.500: New node: IP: 172.217.16.42. Number of nodes 19
EtherApe-INFO: 17:03:58.839: New node: IPv6: fe80::9ada:c4ff:febf:99a5. Number of nodes 20
EtherApe-INFO: 17:03:58.839: New node: IPv6: ff02::1. Number of nodes 21
EtherApe-INFO: 17:04:45.475: delete node: IP: 216.58.209.10. Number of nodes 20
EtherApe-INFO: 17:04:50.097: delete node: IP: 216.58.215.106. Number of nodes 19
EtherApe-INFO: 17:05:08.069: New node: IP: 52.39.175.179. Number of nodes 20
EtherApe-INFO: 17:05:10.748: delete node: IP: 95.216.195.133. Number of nodes 19
EtherApe-INFO: 17:05:13.530: New node: IP: 216.58.209.14. Number of nodes 20
EtherApe-INFO: 17:05:15.099: New node: IP: 172.217.16.14. Number of nodes 21
EtherApe-INFO: 17:05:16.400: New node: IP: 216.58.215.106. Number of nodes 22
EtherApe-INFO: 17:05:18.323: delete node: IP: 149.154.167.223. Number of nodes 21
EtherApe-INFO: 17:05:22.640: New node: IP: 216.58.215.101. Number of nodes 22
EtherApe-INFO: 17:05:26.539: New node: IP: 216.58.215.74. Number of nodes 23
EtherApe-INFO: 17:05:56.621: New node: IP: 34.120.208.123. Number of nodes 24
EtherApe-INFO: 17:05:59.858: delete node: IPv6: ff02::1. Number of nodes 23
EtherApe-INFO: 17:05:59.858: delete node: IPv6: fe80::9ada:c4ff:febf:99a5. Number of nodes 22
EtherApe-INFO: 17:07:04.250: New node: IP: 216.58.209.10. Number of nodes 23
EtherApe-INFO: 17:07:11.049: delete node: IP: 52.39.175.179. Number of nodes 22
EtherApe-INFO: 17:07:15.817: delete node: IP: 216.58.208.206. Number of nodes 21
EtherApe-INFO: 17:07:56.778: delete node: IP: 216.58.208.202. Number of nodes 20
EtherApe-INFO: 17:08:10.259: New node: IP: 95.216.195.133. Number of nodes 21
EtherApe-INFO: 17:08:15.729: New node: IP: 149.154.167.223. Number of nodes 22
EtherApe-INFO: 17:09:01.169: New node: IPv6: fe80::9ada:c4ff:febf:99a5. Number of nodes 23
EtherApe-INFO: 17:09:01.169: New node: IPv6: ff02::1. Number of nodes 24
EtherApe-INFO: 17:09:08.512: delete node: IP: 216.58.209.10. Number of nodes 23
EtherApe-INFO: 17:09:57.891: New node: IP: 34.117.237.239. Number of nodes 24
EtherApe-INFO: 17:10:05.475: delete node: IP: 216.58.209.14. Number of nodes 23
EtherApe-INFO: 17:10:09.657: delete node: IP: 216.58.215.106. Number of nodes 22
EtherApe-INFO: 17:10:10.159: New node: IP: 52.39.175.179. Number of nodes 23
EtherApe-INFO: 17:10:10.513: delete node: IP: 95.216.195.133. Number of nodes 22
EtherApe-INFO: 17:10:15.783: delete node: IP: 216.58.215.101. Number of nodes 21
EtherApe-INFO: 17:10:15.783: delete node: IP: 216.58.215.100. Number of nodes 20
EtherApe-INFO: 17:10:18.582: delete node: IP: 172.217.16.42. Number of nodes 19
EtherApe-INFO: 17:10:18.803: New node: IP: 108.177.127.189. Number of nodes 20
EtherApe-INFO: 17:10:32.750: delete node: IP: 149.154.167.223. Number of nodes 19
EtherApe-INFO: 17:10:47.836: delete node: IP: 34.120.208.123. Number of nodes 18
EtherApe-INFO: 17:11:04.068: delete node: IPv6: ff02::1. Number of nodes 17
EtherApe-INFO: 17:11:04.068: delete node: IPv6: fe80::9ada:c4ff:febf:99a5. Number of nodes 16
EtherApe-INFO: 17:11:34.049: New node: IP: 34.120.208.123. Number of nodes 17
EtherApe-INFO: 17:11:34.050: New node: IP: 216.58.215.106. Number of nodes 18
EtherApe-INFO: 17:11:35.609: New node: IP: 149.154.167.223. Number of nodes 19
EtherApe-INFO: 17:11:39.770: New node: IP: 157.245.26.125. Number of nodes 20
EtherApe-INFO: 17:11:40.293: New node: IP: 104.16.86.20. Number of nodes 21
EtherApe-INFO: 17:11:40.296: New node: IP: 18.66.139.69. Number of nodes 22
EtherApe-INFO: 17:11:42.109: New node: IP: 54.187.105.247. Number of nodes 23
EtherApe-INFO: 17:11:42.109: New node: IP: 35.186.227.140. Number of nodes 24
EtherApe-INFO: 17:11:42.909: New node: IP: 54.187.199.101. Number of nodes 25
EtherApe-INFO: 17:11:47.879: New node: IP: 216.58.215.100. Number of nodes 26
EtherApe-INFO: 17:12:05.629: New node: IP: 216.58.208.206. Number of nodes 27
EtherApe-INFO: 17:12:06.944: New node: IP: 216.58.209.14. Number of nodes 28
EtherApe-INFO: 17:12:07.199: New node: IP: 172.217.20.193. Number of nodes 29
EtherApe-INFO: 17:12:07.469: New node: IP: 216.58.215.67. Number of nodes 30
EtherApe-INFO: 17:12:07.730: New node: IP: 216.58.215.110. Number of nodes 31
EtherApe-INFO: 17:12:08.509: New node: IP: 216.58.209.10. Number of nodes 32
EtherApe-INFO: 17:12:09.810: New node: IP: 104.26.14.88. Number of nodes 33
EtherApe-INFO: 17:12:10.070: New node: IP: 185.152.65.122. Number of nodes 34
EtherApe-INFO: 17:12:10.070: New node: IP: 104.17.24.14. Number of nodes 35
EtherApe-INFO: 17:12:10.070: New node: IP: 143.244.58.236. Number of nodes 36
EtherApe-INFO: 17:12:10.435: delete node: IP: 52.39.175.179. Number of nodes 35
EtherApe-INFO: 17:12:11.109: New node: IP: 87.245.216.107. Number of nodes 36
EtherApe-INFO: 17:12:11.629: New node: IP: 142.250.203.142. Number of nodes 37
EtherApe-INFO: 17:12:12.679: New node: IP: 104.17.32.82. Number of nodes 38
EtherApe-INFO: 17:12:13.449: New node: IP: 135.181.27.174. Number of nodes 39
EtherApe-INFO: 17:12:18.969: delete node: IP: 74.125.140.189. Number of nodes 38
EtherApe-INFO: 17:12:22.359: New node: IP: 140.82.121.3. Number of nodes 39
EtherApe-INFO: 17:12:22.359: New node: IP: 104.21.49.50. Number of nodes 40
EtherApe-INFO: 17:12:22.627: New node: IP: 172.67.71.197. Number of nodes 41
EtherApe-INFO: 17:12:22.641: New node: IP: 104.18.6.29. Number of nodes 42
EtherApe-INFO: 17:12:23.189: New node: IP: 104.18.7.29. Number of nodes 43
EtherApe-INFO: 17:12:25.489: New node: IP: 185.199.108.154. Number of nodes 44
EtherApe-INFO: 17:12:25.489: New node: IP: 172.217.16.10. Number of nodes 45
EtherApe-INFO: 17:12:25.490: New node: IP: 185.199.111.133. Number of nodes 46
EtherApe-INFO: 17:12:26.009: New node: IP: 172.217.16.3. Number of nodes 47
EtherApe-INFO: 17:12:27.829: New node: IP: 185.199.109.133. Number of nodes 48
EtherApe-INFO: 17:12:28.870: New node: IP: 140.82.112.21. Number of nodes 49
EtherApe-INFO: 17:12:28.871: New node: IP: 140.82.121.5. Number of nodes 50
EtherApe-INFO: 17:12:53.739: New node: IP: 142.250.203.206. Number of nodes 51
EtherApe-INFO: 17:13:10.289: New node: IP: 95.216.195.133. Number of nodes 52
EtherApe-INFO: 17:13:30.600: New node: IP: 142.250.186.194. Number of nodes 53
EtherApe-INFO: 17:13:30.859: New node: IP: 142.250.203.130. Number of nodes 54
EtherApe-INFO: 17:13:30.860: New node: IP: 216.58.215.98. Number of nodes 55
EtherApe-INFO: 17:13:31.379: New node: IP: 151.101.129.69. Number of nodes 56
EtherApe-INFO: 17:13:32.162: New node: IP: 199.232.16.193. Number of nodes 57
EtherApe-INFO: 17:13:32.420: New node: IP: 192.0.73.2. Number of nodes 58
EtherApe-INFO: 17:13:45.939: New node: IP: 172.217.16.46. Number of nodes 59
EtherApe-INFO: 17:13:51.220: delete node: IP: 149.154.167.223. Number of nodes 58
EtherApe-INFO: 17:14:14.639: delete node: IP: 104.17.32.82. Number of nodes 57
EtherApe-INFO: 17:14:15.639: New node: IP: 142.251.18.189. Number of nodes 58
EtherApe-INFO: 17:14:22.568: delete node: IP: 172.67.71.197. Number of nodes 57
EtherApe-INFO: 17:14:23.544: delete node: IP: 104.18.7.29. Number of nodes 56
EtherApe-INFO: 17:14:25.711: delete node: IP: 172.217.16.10. Number of nodes 55
EtherApe-INFO: 17:14:26.691: delete node: IP: 143.244.58.236. Number of nodes 54
EtherApe-INFO: 17:14:27.563: delete node: IP: 142.250.186.197. Number of nodes 53
EtherApe-INFO: 17:14:29.389: delete node: IP: 185.199.109.133. Number of nodes 52
EtherApe-INFO: 17:14:36.929: New node: IP: 216.58.215.101. Number of nodes 53
