(etherape:5799): GLib-GIO-DEBUG: 13:36:55.456: _g_io_module_get_default: Found default implementation local (GLocalVfs) for ‘gio-vfs’
EtherApe-INFO: 13:36:55.588: sctp protocol not supported
EtherApe-INFO: 13:36:55.588: dccp protocol not supported
EtherApe-INFO: 13:36:55.588: sctp protocol not supported
EtherApe-INFO: 13:36:55.588: sctp protocol not supported
EtherApe-INFO: 13:36:55.588: sctp protocol not supported
EtherApe-INFO: 13:36:55.588: sctp protocol not supported
EtherApe-INFO: 13:36:55.588: sctp protocol not supported
EtherApe-INFO: 13:36:55.588: sctp protocol not supported
EtherApe-INFO: 13:36:55.589: sctp protocol not supported
EtherApe-INFO: 13:36:55.589: dccp protocol not supported
EtherApe-INFO: 13:36:55.589: sctp protocol not supported
EtherApe-INFO: 13:36:55.589: dccp protocol not supported
EtherApe-INFO: 13:36:55.589: dccp protocol not supported
EtherApe-INFO: 13:36:55.589: sctp protocol not supported
EtherApe-INFO: 13:36:55.590: sctp protocol not supported
EtherApe-INFO: 13:36:55.590: sctp protocol not supported
EtherApe-INFO: 13:36:55.590: sctp protocol not supported
EtherApe-INFO: 13:36:55.590: sctp protocol not supported
EtherApe-INFO: 13:36:55.591: sctp protocol not supported
EtherApe-INFO: 13:36:55.591: sctp protocol not supported
EtherApe-INFO: 13:36:55.591: sctp protocol not supported
EtherApe-INFO: 13:36:55.591: sctp protocol not supported
EtherApe-INFO: 13:36:55.592: sctp protocol not supported
EtherApe-INFO: 13:36:55.592: sctp protocol not supported
EtherApe-INFO: 13:36:55.592: sctp protocol not supported
EtherApe-INFO: 13:36:55.593: sctp protocol not supported
EtherApe-INFO: 13:36:55.593: sctp protocol not supported
EtherApe-INFO: 13:36:55.593: sctp protocol not supported
EtherApe-INFO: 13:36:55.593: dccp protocol not supported
EtherApe-INFO: 13:36:55.593: sctp protocol not supported
EtherApe-INFO: 13:36:55.593: sctp protocol not supported
EtherApe-INFO: 13:36:55.593: dccp protocol not supported
EtherApe-INFO: 13:36:55.593: sctp protocol not supported
EtherApe-INFO: 13:36:55.593: sctp protocol not supported
EtherApe-INFO: 13:36:55.593: sctp protocol not supported
EtherApe-INFO: 13:36:55.593: dccp protocol not supported
EtherApe-INFO: 13:36:55.593: dccp protocol not supported
EtherApe-INFO: 13:36:55.593: sctp protocol not supported
EtherApe-INFO: 13:36:55.593: sctp protocol not supported
EtherApe-INFO: 13:36:55.593: sctp protocol not supported
EtherApe-INFO: 13:36:55.593: sctp protocol not supported
EtherApe-INFO: 13:36:55.594: sctp protocol not supported
EtherApe-INFO: 13:36:55.594: sctp protocol not supported
EtherApe-INFO: 13:36:55.594: sctp protocol not supported
EtherApe-INFO: 13:36:55.594: sctp protocol not supported
EtherApe-INFO: 13:36:55.594: sctp protocol not supported
EtherApe-INFO: 13:36:55.594: sctp protocol not supported
EtherApe-INFO: 13:36:55.594: sctp protocol not supported
EtherApe-INFO: 13:36:55.594: sctp protocol not supported
EtherApe-INFO: 13:36:55.594: sctp protocol not supported
EtherApe-INFO: 13:36:55.594: dccp protocol not supported
EtherApe-INFO: 13:36:55.594: sctp protocol not supported
EtherApe-INFO: 13:36:55.594: sctp protocol not supported
EtherApe-INFO: 13:36:55.594: sctp protocol not supported
EtherApe-INFO: 13:36:55.594: sctp protocol not supported
EtherApe-INFO: 13:36:55.594: sctp protocol not supported
EtherApe-INFO: 13:36:55.594: sctp protocol not supported
EtherApe-INFO: 13:36:55.594: sctp protocol not supported
EtherApe-INFO: 13:36:55.595: sctp protocol not supported
EtherApe-INFO: 13:36:55.595: sctp protocol not supported
EtherApe-INFO: 13:36:55.595: sctp protocol not supported
EtherApe-INFO: 13:36:55.595: sctp protocol not supported
EtherApe-INFO: 13:36:55.595: sctp protocol not supported
EtherApe-INFO: 13:36:55.595: sctp protocol not supported
EtherApe-INFO: 13:36:55.595: sctp protocol not supported
EtherApe-INFO: 13:36:55.595: sctp protocol not supported
EtherApe-INFO: 13:36:55.595: sctp protocol not supported
EtherApe-INFO: 13:36:55.595: sctp protocol not supported
EtherApe-INFO: 13:36:55.595: sctp protocol not supported
EtherApe-INFO: 13:36:55.596: sctp protocol not supported
EtherApe-INFO: 13:36:55.596: sctp protocol not supported
EtherApe-INFO: 13:36:55.596: sctp protocol not supported
EtherApe-INFO: 13:36:55.596: sctp protocol not supported
EtherApe-INFO: 13:36:55.596: sctp protocol not supported
EtherApe-INFO: 13:36:55.596: sctp protocol not supported
EtherApe-INFO: 13:36:55.596: sctp protocol not supported
EtherApe-INFO: 13:36:55.596: sctp protocol not supported
EtherApe-INFO: 13:36:55.596: sctp protocol not supported
EtherApe-INFO: 13:36:55.596: sctp protocol not supported
EtherApe-INFO: 13:36:55.596: sctp protocol not supported
EtherApe-INFO: 13:36:55.596: sctp protocol not supported
EtherApe-INFO: 13:36:55.596: sctp protocol not supported
EtherApe-INFO: 13:36:55.596: sctp protocol not supported
EtherApe-INFO: 13:36:55.596: sctp protocol not supported
EtherApe-INFO: 13:36:55.596: sctp protocol not supported
EtherApe-INFO: 13:36:55.596: sctp protocol not supported
EtherApe-INFO: 13:36:55.596: sctp protocol not supported
EtherApe-INFO: 13:36:55.728: get_interface result: ''
EtherApe-INFO: 13:36:55.729: Available interfaces for capture: wwp0s20u4i6 dbus-session dbus-system nfqueue nflog bluetooth-monitor enp0s25 lo any wlp3s0
EtherApe-INFO: 13:36:55.748: Link type is LINUX_SLL
EtherApe-INFO: 13:36:55.748: Diagram started
EtherApe-INFO: 13:36:56.004: New node: IP: 192.168.2.132. Number of nodes 1
EtherApe-INFO: 13:36:56.005: New node: IP: 192.168.2.1. Number of nodes 2
EtherApe-INFO: 13:36:56.006: New node: IP: 216.58.208.206. Number of nodes 3
EtherApe-INFO: 13:36:56.006: New node: IP: 216.58.209.10. Number of nodes 4
EtherApe-INFO: 13:36:56.272: New node: IP: 142.250.75.4. Number of nodes 5
EtherApe-INFO: 13:36:58.405: New node: IP: 149.154.167.51. Number of nodes 6
EtherApe-INFO: 13:36:58.938: New node: IP: 216.58.215.78. Number of nodes 7
EtherApe-INFO: 13:37:02.138: New node: IP: 149.154.167.50. Number of nodes 8
EtherApe-INFO: 13:37:04.272: New node: IP: 176.122.110.206. Number of nodes 9
EtherApe-INFO: 13:37:06.405: New node: IP: 216.58.208.196. Number of nodes 10
EtherApe-INFO: 13:37:14.671: New node: IP: 142.250.186.202. Number of nodes 11
EtherApe-INFO: 13:37:14.672: New node: IP: 216.58.208.205. Number of nodes 12
EtherApe-INFO: 13:37:14.672: New node: IP: 172.217.16.14. Number of nodes 13
EtherApe-INFO: 13:37:16.004: New node: IP: 142.250.203.195. Number of nodes 14
EtherApe-INFO: 13:37:16.275: New node: IP: 216.58.209.14. Number of nodes 15
EtherApe-INFO: 13:37:20.805: New node: IP: 172.217.16.46. Number of nodes 16
EtherApe-INFO: 13:37:20.805: New node: IP: 104.17.49.74. Number of nodes 17
EtherApe-INFO: 13:37:20.805: New node: IP: 142.250.203.129. Number of nodes 18
EtherApe-INFO: 13:37:22.416: New node: IP: 172.217.20.202. Number of nodes 19
EtherApe-INFO: 13:37:22.417: New node: IP: 35.188.42.15. Number of nodes 20
EtherApe-INFO: 13:37:22.417: New node: IP: 216.58.215.110. Number of nodes 21
EtherApe-INFO: 13:37:23.748: New node: IP: 104.18.12.33. Number of nodes 22
EtherApe-INFO: 13:37:24.274: New node: IP: 216.58.209.3. Number of nodes 23
EtherApe-INFO: 13:37:24.274: New node: IP: 173.194.73.188. Number of nodes 24
EtherApe-INFO: 13:37:24.274: New node: IP: 142.250.203.206. Number of nodes 25
EtherApe-INFO: 13:37:27.738: New node: IP: 172.217.20.170. Number of nodes 26
EtherApe-INFO: 13:37:37.086: New node: IP: 172.217.20.195. Number of nodes 27
EtherApe-INFO: 13:37:37.352: New node: IP: 35.215.90.198. Number of nodes 28
EtherApe-INFO: 13:37:38.946: New node: IP: 194.54.80.29. Number of nodes 29
EtherApe-INFO: 13:37:39.742: New node: IP: 104.18.6.240. Number of nodes 30
EtherApe-INFO: 13:37:39.748: New node: IP: 216.58.215.67. Number of nodes 31
EtherApe-INFO: 13:37:40.005: New node: IP: 35.214.142.18. Number of nodes 32
EtherApe-INFO: 13:37:40.272: New node: IP: 172.217.15.99. Number of nodes 33
EtherApe-INFO: 13:38:13.884: New node: IP: 142.250.203.202. Number of nodes 34
EtherApe-INFO: 13:38:15.217: New node: IP: 216.58.208.195. Number of nodes 35
EtherApe-INFO: 13:38:25.609: New node: IP: 142.250.186.195. Number of nodes 36
EtherApe-INFO: 13:38:28.813: New node: IP: 213.169.83.17. Number of nodes 37
EtherApe-INFO: 13:38:30.405: New node: IP: 172.217.20.174. Number of nodes 38
EtherApe-INFO: 13:38:34.140: New node: IP: 239.255.255.250. Number of nodes 39
EtherApe-INFO: 13:38:37.347: New node: IP: 142.250.203.138. Number of nodes 40
EtherApe-INFO: 13:38:42.423: New node: IP: 142.250.75.22. Number of nodes 41
EtherApe-INFO: 13:38:56.554: delete node: IP: 142.250.75.4. Number of nodes 40
EtherApe-INFO: 13:39:38.938: New node: IP: 142.250.186.206. Number of nodes 41
EtherApe-INFO: 13:39:38.940: delete node: IP: 194.54.80.29. Number of nodes 40
EtherApe-INFO: 13:39:40.021: delete node: IP: 216.58.215.67. Number of nodes 39
EtherApe-INFO: 13:39:43.226: delete node: IP: 35.215.90.198. Number of nodes 38
EtherApe-INFO: 13:39:44.542: New node: IP: 35.213.232.93. Number of nodes 39
EtherApe-INFO: 13:39:45.125: delete node: IP: 35.214.142.18. Number of nodes 38
EtherApe-INFO: 13:39:45.616: New node: IP: 216.58.215.67. Number of nodes 39
EtherApe-INFO: 13:39:47.245: New node: IP: 194.54.80.29. Number of nodes 40
EtherApe-INFO: 13:39:47.753: New node: IP: 142.250.203.142. Number of nodes 41
EtherApe-INFO: 13:39:53.365: delete node: IP: 216.58.215.78. Number of nodes 40
EtherApe-INFO: 13:40:00.538: New node: IP: 149.154.167.223. Number of nodes 41
EtherApe-INFO: 13:40:08.872: delete node: IP: 35.188.42.15. Number of nodes 40
EtherApe-INFO: 13:40:37.422: delete node: IP: 172.217.20.170. Number of nodes 39
EtherApe-INFO: 13:40:39.738: New node: IP: 95.216.195.133. Number of nodes 40
EtherApe-INFO: 13:40:42.747: delete node: IP: 142.250.75.22. Number of nodes 39
EtherApe-INFO: 13:40:44.040: delete node: IP: 172.217.15.99. Number of nodes 38
EtherApe-INFO: 13:40:44.277: New node: IP: 35.227.203.39. Number of nodes 39
EtherApe-INFO: 13:41:41.410: delete node: IP: 213.169.83.17. Number of nodes 38
EtherApe-INFO: 13:41:44.805: delete node: IP: 172.217.20.174. Number of nodes 37
EtherApe-INFO: 13:41:45.462: delete node: IP: 216.58.208.195. Number of nodes 36
EtherApe-INFO: 13:41:47.481: delete node: IP: 194.54.80.29. Number of nodes 35
EtherApe-INFO: 13:41:48.335: delete node: IP: 142.250.203.142. Number of nodes 34
EtherApe-INFO: 13:42:10.772: delete node: IP: 216.58.208.205. Number of nodes 33
EtherApe-INFO: 13:42:16.005: New node: IP: 216.58.215.118. Number of nodes 34
EtherApe-INFO: 13:42:23.743: delete node: IP: 149.154.167.223. Number of nodes 33
EtherApe-INFO: 13:42:27.482: New node: IP: 149.154.167.223. Number of nodes 34
EtherApe-INFO: 13:42:36.010: delete node: IP: 142.250.203.129. Number of nodes 33
EtherApe-INFO: 13:42:36.864: delete node: IP: 172.217.16.46. Number of nodes 32
EtherApe-INFO: 13:42:37.191: delete node: IP: 172.217.20.202. Number of nodes 31
EtherApe-INFO: 13:42:40.385: delete node: IP: 95.216.195.133. Number of nodes 30
EtherApe-INFO: 13:42:47.486: delete node: IP: 35.213.232.93. Number of nodes 29
EtherApe-INFO: 13:42:48.334: delete node: IP: 216.58.215.67. Number of nodes 28
EtherApe-INFO: 13:43:01.369: delete node: IP: 216.58.208.206. Number of nodes 27
EtherApe-INFO: 13:43:34.453: delete node: IP: 216.58.209.3. Number of nodes 26
EtherApe-INFO: 13:44:03.480: New node: IP: 194.54.80.29. Number of nodes 27
EtherApe-INFO: 13:44:16.371: delete node: IP: 216.58.215.118. Number of nodes 26
EtherApe-INFO: 13:44:25.962: delete node: IP: 142.250.186.195. Number of nodes 25
EtherApe-INFO: 13:44:27.540: delete node: IP: 142.250.203.206. Number of nodes 24
EtherApe-INFO: 13:44:28.065: delete node: IP: 142.250.186.202. Number of nodes 23
EtherApe-INFO: 13:44:37.736: delete node: IP: 142.250.203.138. Number of nodes 22
EtherApe-INFO: 13:44:43.260: delete node: IP: 149.154.167.223. Number of nodes 21
EtherApe-INFO: 13:44:47.471: New node: IP: 216.58.215.99. Number of nodes 22
EtherApe-INFO: 13:44:52.008: New node: IP: 216.58.208.206. Number of nodes 23
EtherApe-INFO: 13:45:15.791: delete node: IP: 104.17.49.74. Number of nodes 22
EtherApe-INFO: 13:45:38.138: New node: IP: 149.154.167.223. Number of nodes 23
EtherApe-INFO: 13:45:39.473: New node: IP: 95.216.195.133. Number of nodes 24
EtherApe-INFO: 13:45:41.338: New node: IP: 172.217.20.206. Number of nodes 25
EtherApe-INFO: 13:45:41.606: delete node: IP: 142.250.186.206. Number of nodes 24
EtherApe-INFO: 13:45:44.881: delete node: IP: 216.58.215.110. Number of nodes 23
EtherApe-INFO: 13:45:44.881: delete node: IP: 216.58.209.14. Number of nodes 22
EtherApe-INFO: 13:45:54.141: New node: IP: 216.58.215.110. Number of nodes 23
EtherApe-INFO: 13:46:03.518: delete node: IP: 194.54.80.29. Number of nodes 22
EtherApe-INFO: 13:46:20.870: delete node: IP: 104.18.12.33. Number of nodes 21
EtherApe-INFO: 13:46:41.460: delete node: IP: 104.18.6.240. Number of nodes 20
EtherApe-INFO: 13:46:47.801: delete node: IP: 172.217.20.195. Number of nodes 19
EtherApe-INFO: 13:46:54.939: New node: IP: 142.250.203.196. Number of nodes 20
EtherApe-INFO: 13:47:01.455: delete node: IP: 172.217.16.14. Number of nodes 19
EtherApe-INFO: 13:47:18.405: New node: IP: 142.250.186.193. Number of nodes 20
EtherApe-INFO: 13:47:18.406: New node: IP: 216.58.215.86. Number of nodes 21
EtherApe-INFO: 13:47:28.277: New node: IP: 142.250.203.206. Number of nodes 22
EtherApe-INFO: 13:47:39.739: delete node: IP: 95.216.195.133. Number of nodes 21
EtherApe-INFO: 13:47:53.391: delete node: IP: 149.154.167.223. Number of nodes 20
EtherApe-INFO: 13:47:54.957: delete node: IP: 216.58.215.110. Number of nodes 19
EtherApe-INFO: 13:48:21.338: New node: IP: 172.217.16.14. Number of nodes 20
EtherApe-INFO: 13:48:21.338: New node: IP: 172.217.20.195. Number of nodes 21
EtherApe-INFO: 13:48:47.471: New node: IP: 172.217.14.67. Number of nodes 22
EtherApe-INFO: 13:48:47.796: delete node: IP: 216.58.215.99. Number of nodes 21
EtherApe-INFO: 13:49:05.109: delete node: IP: 142.250.203.196. Number of nodes 20
EtherApe-INFO: 13:49:18.529: delete node: IP: 216.58.215.86. Number of nodes 19
EtherApe-INFO: 13:49:18.529: delete node: IP: 35.227.203.39. Number of nodes 18
EtherApe-INFO: 13:49:28.621: delete node: IP: 142.250.203.206. Number of nodes 17
EtherApe-INFO: 13:49:36.811: New node: IP: 142.250.186.206. Number of nodes 18
EtherApe-INFO: 13:49:41.339: New node: IP: 216.58.209.14. Number of nodes 19
EtherApe-INFO: 13:49:45.103: delete node: IP: 172.217.20.206. Number of nodes 18
EtherApe-INFO: 13:50:37.343: New node: IP: 216.58.215.99. Number of nodes 19
EtherApe-INFO: 13:50:39.471: New node: IP: 95.216.195.133. Number of nodes 20
EtherApe-INFO: 13:50:48.281: delete node: IP: 172.217.14.67. Number of nodes 19
EtherApe-INFO: 13:51:01.428: delete node: IP: 172.217.16.14. Number of nodes 18
EtherApe-INFO: 13:51:41.343: New node: IP: 172.217.16.14. Number of nodes 19
EtherApe-INFO: 13:52:07.780: delete node: IP: 142.250.186.206. Number of nodes 18
EtherApe-INFO: 13:52:35.738: New node: IP: 194.54.80.29. Number of nodes 19
EtherApe-INFO: 13:52:37.347: delete node: IP: 216.58.215.99. Number of nodes 18
EtherApe-INFO: 13:52:37.347: delete node: IP: 172.217.20.195. Number of nodes 17
EtherApe-INFO: 13:52:40.066: delete node: IP: 95.216.195.133. Number of nodes 16
EtherApe-INFO: 13:52:45.338: New node: IP: 172.217.20.195. Number of nodes 17
EtherApe-INFO: 13:52:45.606: New node: IP: 34.176.4.59. Number of nodes 18
EtherApe-INFO: 13:52:47.471: New node: IP: 172.217.20.163. Number of nodes 19
EtherApe-INFO: 13:52:47.739: New node: IP: 216.58.215.99. Number of nodes 20
EtherApe-INFO: 13:53:01.350: delete node: IP: 216.58.209.14. Number of nodes 19
EtherApe-INFO: 13:53:12.005: New node: IP: 149.154.167.223. Number of nodes 20
EtherApe-INFO: 13:53:25.618: New node: IP: 216.58.215.110. Number of nodes 21
EtherApe-INFO: 13:53:41.338: New node: IP: 216.58.209.14. Number of nodes 22
EtherApe-INFO: 13:54:10.734: delete node: IP: 142.250.186.193. Number of nodes 21
EtherApe-INFO: 13:54:35.856: delete node: IP: 194.54.80.29. Number of nodes 20
EtherApe-INFO: 13:54:49.073: New node: IP: 142.250.203.142. Number of nodes 21
EtherApe-INFO: 13:54:49.089: delete node: IP: 216.58.215.99. Number of nodes 20
EtherApe-INFO: 13:54:49.089: delete node: IP: 172.217.20.163. Number of nodes 19
EtherApe-INFO: 13:55:01.356: delete node: IP: 172.217.16.14. Number of nodes 18
EtherApe-INFO: 13:55:26.478: delete node: IP: 216.58.215.110. Number of nodes 17
EtherApe-INFO: 13:55:39.477: New node: IP: 95.216.195.133. Number of nodes 18
EtherApe-INFO: 13:55:41.339: New node: IP: 172.217.16.46. Number of nodes 19
EtherApe-INFO: 13:55:47.476: New node: IP: 172.217.20.163. Number of nodes 20
EtherApe-INFO: 13:56:47.479: New node: IP: 216.58.208.163. Number of nodes 21
EtherApe-INFO: 13:56:47.741: delete node: IP: 216.58.208.206. Number of nodes 20
EtherApe-INFO: 13:57:01.412: delete node: IP: 216.58.209.14. Number of nodes 19
EtherApe-INFO: 13:57:40.095: delete node: IP: 95.216.195.133. Number of nodes 18
EtherApe-INFO: 13:57:43.744: delete node: IP: 176.122.110.206. Number of nodes 17
EtherApe-INFO: 13:57:47.471: New node: IP: 216.58.208.206. Number of nodes 18
EtherApe-INFO: 13:57:47.831: delete node: IP: 172.217.20.163. Number of nodes 17
EtherApe-INFO: 13:57:55.205: New node: IP: 142.250.203.214. Number of nodes 18
EtherApe-INFO: 13:58:00.539: New node: IP: 176.122.113.12. Number of nodes 19
EtherApe-INFO: 13:58:02.943: New node: IP: 172.217.20.170. Number of nodes 20
EtherApe-INFO: 13:58:13.873: New node: IP: 142.250.203.206. Number of nodes 21
EtherApe-INFO: 13:58:16.006: New node: IP: 91.108.56.188. Number of nodes 22
EtherApe-INFO: 13:58:18.407: New node: IP: 149.154.167.91. Number of nodes 23
EtherApe-INFO: 13:58:40.805: New node: IP: 149.154.167.92. Number of nodes 24
EtherApe-INFO: 13:58:47.738: New node: IP: 172.217.20.163. Number of nodes 25
EtherApe-INFO: 13:59:01.423: delete node: IP: 172.217.16.46. Number of nodes 24
EtherApe-INFO: 13:59:26.144: New node: IP: 216.58.215.67. Number of nodes 25
EtherApe-INFO: 13:59:43.213: New node: IP: 172.217.16.14. Number of nodes 26
EtherApe-INFO: 13:59:46.514: delete node: IP: 142.250.203.195. Number of nodes 25
EtherApe-INFO: 13:59:48.006: delete node: IP: 216.58.208.206. Number of nodes 24
EtherApe-INFO: 14:00:03.573: delete node: IP: 172.217.20.170. Number of nodes 23
EtherApe-INFO: 14:00:04.549: New node: IP: 172.217.16.46. Number of nodes 24
EtherApe-INFO: 14:00:04.628: delete node: IP: 142.250.203.214. Number of nodes 23
EtherApe-INFO: 14:00:34.712: delete node: IP: 91.108.56.188. Number of nodes 22
EtherApe-INFO: 14:00:35.027: delete node: IP: 149.154.167.91. Number of nodes 21
EtherApe-INFO: 14:00:39.475: New node: IP: 95.216.195.133. Number of nodes 22
EtherApe-INFO: 14:00:47.742: delete node: IP: 216.58.208.163. Number of nodes 21
EtherApe-INFO: 14:00:47.742: delete node: IP: 172.217.20.163. Number of nodes 20
EtherApe-INFO: 14:00:59.207: New node: IP: 216.58.208.214. Number of nodes 21
EtherApe-INFO: 14:01:12.590: delete node: IP: 149.154.167.92. Number of nodes 20
EtherApe-INFO: 14:01:32.888: delete node: IP: 142.250.203.206. Number of nodes 19
EtherApe-INFO: 14:01:55.739: New node: IP: 142.250.203.196. Number of nodes 20
EtherApe-INFO: 14:02:04.538: New node: IP: 216.58.209.14. Number of nodes 21
EtherApe-INFO: 14:02:17.072: New node: IP: 142.250.75.4. Number of nodes 22
EtherApe-INFO: 14:02:24.053: delete node: IP: 172.217.16.14. Number of nodes 21
EtherApe-INFO: 14:02:39.837: delete node: IP: 95.216.195.133. Number of nodes 20
EtherApe-INFO: 14:02:59.782: delete node: IP: 216.58.208.214. Number of nodes 19
EtherApe-INFO: 14:03:25.450: delete node: IP: 172.217.16.46. Number of nodes 18
EtherApe-INFO: 14:03:46.739: delete node: IP: 216.58.208.196. Number of nodes 17
EtherApe-INFO: 14:03:47.205: New node: IP: 142.250.203.150. Number of nodes 18
EtherApe-INFO: 14:04:01.873: New node: IP: 172.217.16.46. Number of nodes 19
EtherApe-INFO: 14:04:03.739: New node: IP: 172.217.20.170. Number of nodes 20
EtherApe-INFO: 14:04:03.739: New node: IP: 142.250.203.138. Number of nodes 21
EtherApe-INFO: 14:04:06.465: delete node: IP: 142.250.203.196. Number of nodes 20
EtherApe-INFO: 14:04:08.539: New node: IP: 216.58.208.206. Number of nodes 21
EtherApe-INFO: 14:04:08.540: New node: IP: 176.122.110.206. Number of nodes 22
EtherApe-INFO: 14:04:12.539: New node: IP: 216.58.208.202. Number of nodes 23
EtherApe-INFO: 14:04:14.139: New node: IP: 216.58.215.110. Number of nodes 24
EtherApe-INFO: 14:04:50.672: New node: IP: 172.217.16.14. Number of nodes 25
EtherApe-INFO: 14:05:08.539: New node: IP: 172.217.20.163. Number of nodes 26
EtherApe-INFO: 14:05:11.477: New node: IP: 34.131.78.121. Number of nodes 27
EtherApe-INFO: 14:05:25.360: delete node: IP: 149.154.167.223. Number of nodes 26
EtherApe-INFO: 14:05:29.339: New node: IP: 142.250.203.195. Number of nodes 27
EtherApe-INFO: 14:05:31.479: New node: IP: 149.154.167.223. Number of nodes 28
EtherApe-INFO: 14:05:39.479: New node: IP: 95.216.195.133. Number of nodes 29
EtherApe-INFO: 14:06:04.617: delete node: IP: 172.217.20.170. Number of nodes 28
EtherApe-INFO: 14:06:04.830: delete node: IP: 176.122.113.12. Number of nodes 27
EtherApe-INFO: 14:06:08.301: delete node: IP: 142.250.203.138. Number of nodes 26
EtherApe-INFO: 14:06:08.539: New node: IP: 35.190.45.20. Number of nodes 27
EtherApe-INFO: 14:06:08.827: delete node: IP: 216.58.208.206. Number of nodes 26
EtherApe-INFO: 14:06:09.670: delete node: IP: 142.250.203.150. Number of nodes 25
EtherApe-INFO: 14:06:14.721: delete node: IP: 216.58.215.110. Number of nodes 24
EtherApe-INFO: 14:06:34.139: New node: IP: 142.250.186.195. Number of nodes 25
EtherApe-INFO: 14:06:36.042: delete node: IP: 172.217.16.46. Number of nodes 24
EtherApe-INFO: 14:06:37.338: New node: IP: 142.250.186.202. Number of nodes 25
EtherApe-INFO: 14:07:08.538: New node: IP: 216.239.32.116. Number of nodes 26
EtherApe-INFO: 14:07:08.538: New node: IP: 216.58.215.99. Number of nodes 27
EtherApe-INFO: 14:07:10.495: delete node: IP: 172.217.20.163. Number of nodes 26
EtherApe-INFO: 14:07:11.753: delete node: IP: 34.176.4.59. Number of nodes 25
EtherApe-INFO: 14:07:18.155: delete node: IP: 34.131.78.121. Number of nodes 24
EtherApe-INFO: 14:07:30.183: delete node: IP: 172.217.20.195. Number of nodes 23
EtherApe-INFO: 14:07:30.672: New node: IP: 173.194.189.164. Number of nodes 24
EtherApe-INFO: 14:07:30.673: New node: IP: 142.250.203.206. Number of nodes 25
EtherApe-INFO: 14:07:30.673: New node: IP: 142.250.203.214. Number of nodes 26
EtherApe-INFO: 14:07:32.079: delete node: IP: 172.217.16.14. Number of nodes 25
EtherApe-INFO: 14:07:33.339: New node: IP: 216.58.208.196. Number of nodes 26
EtherApe-INFO: 14:07:39.849: delete node: IP: 95.216.195.133. Number of nodes 25
EtherApe-INFO: 14:08:08.843: delete node: IP: 216.58.215.67. Number of nodes 24
EtherApe-INFO: 14:08:30.436: delete node: IP: 216.58.209.14. Number of nodes 23
EtherApe-INFO: 14:08:36.273: New node: IP: 172.217.16.14. Number of nodes 24
EtherApe-INFO: 14:08:37.883: delete node: IP: 142.250.186.202. Number of nodes 23
EtherApe-INFO: 14:09:04.020: delete node: IP: 142.250.75.4. Number of nodes 22
EtherApe-INFO: 14:09:08.583: delete node: IP: 216.239.32.116. Number of nodes 21
EtherApe-INFO: 14:09:17.115: delete node: IP: 142.250.203.202. Number of nodes 20
EtherApe-INFO: 14:09:37.669: delete node: IP: 142.250.186.195. Number of nodes 19
EtherApe-INFO: 14:09:40.008: New node: IP: 194.54.80.29. Number of nodes 20
EtherApe-INFO: 14:09:52.833: delete node: IP: 149.154.167.223. Number of nodes 19
EtherApe-INFO: 14:09:54.671: New node: IP: 142.250.186.206. Number of nodes 20
EtherApe-INFO: 14:10:30.938: New node: IP: 172.217.16.46. Number of nodes 21
EtherApe-INFO: 14:10:37.338: New node: IP: 35.201.102.154. Number of nodes 22
EtherApe-INFO: 14:10:39.472: New node: IP: 95.216.195.133. Number of nodes 23
EtherApe-INFO: 14:10:56.023: delete node: IP: 173.194.189.164. Number of nodes 22
EtherApe-INFO: 14:10:56.540: New node: IP: 149.154.167.223. Number of nodes 23
EtherApe-INFO: 14:11:40.050: delete node: IP: 194.54.80.29. Number of nodes 22
EtherApe-INFO: 14:11:51.262: delete node: IP: 172.217.16.14. Number of nodes 21
EtherApe-INFO: 14:11:56.546: New node: IP: 142.250.75.4. Number of nodes 22
EtherApe-INFO: 14:12:30.408: New node: IP: 142.250.75.14. Number of nodes 23
EtherApe-INFO: 14:12:39.766: delete node: IP: 95.216.195.133. Number of nodes 22
EtherApe-INFO: 14:13:31.279: delete node: IP: 142.250.203.206. Number of nodes 21
EtherApe-INFO: 14:13:32.651: delete node: IP: 142.250.203.214. Number of nodes 20
EtherApe-INFO: 14:13:47.740: New node: IP: 172.217.20.195. Number of nodes 21
EtherApe-INFO: 14:13:50.749: delete node: IP: 172.217.16.46. Number of nodes 20
EtherApe-INFO: 14:14:08.538: New node: IP: 172.217.20.163. Number of nodes 21
EtherApe-INFO: 14:14:28.009: delete node: IP: 142.250.75.4. Number of nodes 20
EtherApe-INFO: 14:14:28.632: delete node: IP: 142.250.203.142. Number of nodes 19
EtherApe-INFO: 14:14:30.404: New node: IP: 216.58.209.14. Number of nodes 20
EtherApe-INFO: 14:14:43.226: delete node: IP: 149.154.167.223. Number of nodes 19
EtherApe-INFO: 14:14:45.639: delete node: IP: 35.201.102.154. Number of nodes 18
EtherApe-INFO: 14:14:48.541: New node: IP: 142.250.203.202. Number of nodes 19
EtherApe-INFO: 14:14:51.208: New node: IP: 142.250.203.142. Number of nodes 20
EtherApe-INFO: 14:15:09.399: delete node: IP: 216.58.215.99. Number of nodes 19
EtherApe-INFO: 14:15:39.471: New node: IP: 95.216.195.133. Number of nodes 20
EtherApe-INFO: 14:15:50.466: delete node: IP: 142.250.75.14. Number of nodes 19
EtherApe-INFO: 14:16:09.697: delete node: IP: 172.217.20.163. Number of nodes 18
EtherApe-INFO: 14:16:30.408: New node: IP: 142.250.75.14. Number of nodes 19
EtherApe-INFO: 14:16:42.242: delete node: IP: 142.250.186.206. Number of nodes 18
EtherApe-INFO: 14:16:52.538: New node: IP: 142.250.203.196. Number of nodes 19
EtherApe-INFO: 14:17:19.205: New node: IP: 149.154.167.223. Number of nodes 20
EtherApe-INFO: 14:17:23.205: New node: IP: 216.58.215.67. Number of nodes 21
EtherApe-INFO: 14:17:39.776: delete node: IP: 95.216.195.133. Number of nodes 20
EtherApe-INFO: 14:17:45.346: delete node: IP: 142.250.203.195. Number of nodes 19
EtherApe-INFO: 14:17:50.405: New node: IP: 35.206.70.60. Number of nodes 20
EtherApe-INFO: 14:17:50.429: delete node: IP: 216.58.209.14. Number of nodes 19
EtherApe-INFO: 14:17:50.671: New node: IP: 172.217.16.3. Number of nodes 20
EtherApe-INFO: 14:18:08.275: New node: IP: 172.217.20.170. Number of nodes 21
EtherApe-INFO: 14:18:30.404: New node: IP: 142.250.203.206. Number of nodes 22
EtherApe-INFO: 14:18:42.943: delete node: IP: 216.58.208.196. Number of nodes 21
EtherApe-INFO: 14:18:48.341: delete node: IP: 172.217.20.195. Number of nodes 20
EtherApe-INFO: 14:18:53.338: New node: IP: 172.217.16.10. Number of nodes 21
EtherApe-INFO: 14:19:43.738: New node: IP: 172.217.16.14. Number of nodes 22
EtherApe-INFO: 14:19:50.416: delete node: IP: 142.250.75.14. Number of nodes 21
EtherApe-INFO: 14:19:50.745: delete node: IP: 35.206.70.60. Number of nodes 20
EtherApe-INFO: 14:19:52.630: delete node: IP: 142.250.203.202. Number of nodes 19
EtherApe-INFO: 14:19:56.604: delete node: IP: 149.154.167.223. Number of nodes 18
EtherApe-INFO: 14:20:09.142: delete node: IP: 172.217.20.170. Number of nodes 17
EtherApe-INFO: 14:20:09.611: New node: IP: 149.154.167.223. Number of nodes 18
EtherApe-INFO: 14:20:30.404: New node: IP: 216.58.208.206. Number of nodes 19
EtherApe-INFO: 14:20:39.477: New node: IP: 95.216.195.133. Number of nodes 20
EtherApe-INFO: 14:20:51.752: delete node: IP: 172.217.16.3. Number of nodes 19
EtherApe-INFO: 14:20:57.338: New node: IP: 172.217.20.195. Number of nodes 20
EtherApe-INFO: 14:21:12.542: New node: IP: 149.154.165.111. Number of nodes 21
EtherApe-INFO: 14:21:35.253: delete node: IP: 142.250.203.142. Number of nodes 20
EtherApe-INFO: 14:21:51.473: delete node: IP: 142.250.203.206. Number of nodes 19
EtherApe-INFO: 14:22:30.408: New node: IP: 142.250.203.206. Number of nodes 20
EtherApe-INFO: 14:22:33.381: delete node: IP: 149.154.167.223. Number of nodes 19
EtherApe-INFO: 14:22:36.005: New node: IP: 216.58.208.196. Number of nodes 20
EtherApe-INFO: 14:22:40.830: delete node: IP: 95.216.195.133. Number of nodes 19
EtherApe-INFO: 14:23:29.880: delete node: IP: 149.154.165.111. Number of nodes 18
EtherApe-INFO: 14:23:50.743: delete node: IP: 216.58.208.206. Number of nodes 17
EtherApe-INFO: 14:24:01.609: New node: IP: 142.250.203.138. Number of nodes 18
EtherApe-INFO: 14:24:26.437: delete node: IP: 142.250.203.196. Number of nodes 17
EtherApe-INFO: 14:24:30.406: New node: IP: 216.58.208.206. Number of nodes 18
EtherApe-INFO: 14:24:47.471: New node: IP: 142.250.186.206. Number of nodes 19
EtherApe-INFO: 14:25:01.953: delete node: IP: 172.217.16.10. Number of nodes 18
EtherApe-INFO: 14:25:02.671: New node: IP: 149.154.167.223. Number of nodes 19
EtherApe-INFO: 14:25:37.415: delete node: IP: 176.122.110.206. Number of nodes 18
EtherApe-INFO: 14:25:39.471: New node: IP: 95.216.195.133. Number of nodes 19
EtherApe-INFO: 14:25:40.805: New node: IP: 216.58.208.214. Number of nodes 20
EtherApe-INFO: 14:25:46.405: New node: IP: 176.122.110.204. Number of nodes 21
EtherApe-INFO: 14:25:51.503: delete node: IP: 142.250.203.206. Number of nodes 20
EtherApe-INFO: 14:25:57.338: New node: IP: 216.58.215.99. Number of nodes 21
EtherApe-INFO: 14:25:57.604: New node: IP: 213.59.210.19. Number of nodes 22
EtherApe-INFO: 14:26:04.271: New node: IP: 34.125.80.210. Number of nodes 23
EtherApe-INFO: 14:26:09.604: New node: IP: 176.122.110.206. Number of nodes 24
EtherApe-INFO: 14:26:14.138: New node: IP: 172.217.20.170. Number of nodes 25
EtherApe-INFO: 14:26:37.623: delete node: IP: 172.217.16.14. Number of nodes 24
EtherApe-INFO: 14:26:57.395: delete node: IP: 172.217.20.195. Number of nodes 23
EtherApe-INFO: 14:26:59.738: New node: IP: 142.250.75.4. Number of nodes 24
EtherApe-INFO: 14:27:24.271: New node: IP: 142.250.203.206. Number of nodes 25
EtherApe-INFO: 14:27:39.843: delete node: IP: 95.216.195.133. Number of nodes 24
EtherApe-INFO: 14:28:01.707: delete node: IP: 213.59.210.19. Number of nodes 23
EtherApe-INFO: 14:28:02.966: delete node: IP: 176.122.110.204. Number of nodes 22
EtherApe-INFO: 14:28:10.201: delete node: IP: 34.125.80.210. Number of nodes 21
EtherApe-INFO: 14:28:14.516: delete node: IP: 172.217.20.170. Number of nodes 20
EtherApe-INFO: 14:28:20.104: delete node: IP: 216.58.208.214. Number of nodes 19
EtherApe-INFO: 14:28:50.412: delete node: IP: 216.58.208.196. Number of nodes 18
EtherApe-INFO: 14:28:54.408: New node: IP: 172.217.20.195. Number of nodes 19
EtherApe-INFO: 14:29:51.205: New node: IP: 142.250.203.142. Number of nodes 20
EtherApe-INFO: 14:30:08.009: delete node: IP: 142.250.203.138. Number of nodes 19
EtherApe-INFO: 14:30:33.873: New node: IP: 142.250.203.150. Number of nodes 20
EtherApe-INFO: 14:30:39.472: New node: IP: 95.216.195.133. Number of nodes 21
EtherApe-INFO: 14:30:57.432: delete node: IP: 216.58.215.99. Number of nodes 20
EtherApe-INFO: 14:31:53.071: New node: IP: 216.58.208.196. Number of nodes 21
EtherApe-INFO: 14:31:56.630: delete node: IP: 172.217.20.195. Number of nodes 20
EtherApe-INFO: 14:31:57.361: delete node: IP: 216.58.208.206. Number of nodes 19
EtherApe-INFO: 14:32:34.209: delete node: IP: 142.250.203.150. Number of nodes 18
EtherApe-INFO: 14:32:39.766: delete node: IP: 95.216.195.133. Number of nodes 17
EtherApe-INFO: 14:32:54.138: New node: IP: 172.217.20.195. Number of nodes 18
EtherApe-INFO: 14:33:43.307: delete node: IP: 142.250.75.4. Number of nodes 17
EtherApe-INFO: 14:34:14.407: New node: IP: 142.250.75.14. Number of nodes 18
EtherApe-INFO: 14:34:25.131: delete node: IP: 142.250.186.206. Number of nodes 17
EtherApe-INFO: 14:34:38.148: New node: IP: 216.58.215.106. Number of nodes 18
EtherApe-INFO: 14:34:45.607: New node: IP: 172.217.16.14. Number of nodes 19
EtherApe-INFO: 14:35:25.077: New node: IP: 216.58.215.78. Number of nodes 20
EtherApe-INFO: 14:35:32.275: New node: IP: 142.250.203.195. Number of nodes 21
EtherApe-INFO: 14:35:34.475: delete node: IP: 142.250.203.206. Number of nodes 20
EtherApe-INFO: 14:35:39.485: New node: IP: 95.216.195.133. Number of nodes 21
EtherApe-INFO: 14:35:54.466: delete node: IP: 216.58.215.67. Number of nodes 20
EtherApe-INFO: 14:35:54.466: delete node: IP: 172.217.20.195. Number of nodes 19
EtherApe-INFO: 14:36:14.139: New node: IP: 216.58.208.205. Number of nodes 20
EtherApe-INFO: 14:36:14.140: New node: IP: 142.250.75.13. Number of nodes 21
EtherApe-INFO: 14:36:14.408: New node: IP: 172.217.16.42. Number of nodes 22
EtherApe-INFO: 14:36:22.409: New node: IP: 34.76.0.142. Number of nodes 23
EtherApe-INFO: 14:36:22.410: New node: IP: 216.239.32.116. Number of nodes 24
EtherApe-INFO: 14:36:24.597: delete node: IP: 149.154.167.223. Number of nodes 23
EtherApe-INFO: 14:36:34.140: New node: IP: 142.250.186.195. Number of nodes 24
EtherApe-INFO: 14:36:35.750: delete node: IP: 142.250.203.142. Number of nodes 23
EtherApe-INFO: 14:36:38.736: delete node: IP: 216.58.215.106. Number of nodes 22
EtherApe-INFO: 14:36:54.466: delete node: IP: 142.250.75.14. Number of nodes 21
EtherApe-INFO: 14:36:54.466: delete node: IP: 35.190.45.20. Number of nodes 20
EtherApe-INFO: 14:37:25.604: New node: IP: 142.250.75.14. Number of nodes 21
EtherApe-INFO: 14:37:35.471: New node: IP: 0.0.0.0. Number of nodes 22
EtherApe-INFO: 14:37:35.471: New node: IP: 255.255.255.255. Number of nodes 23
EtherApe-INFO: 14:37:36.271: New node: IP: 64.233.161.188. Number of nodes 24
EtherApe-INFO: 14:37:36.275: New node: IP: 74.125.15.33. Number of nodes 25
EtherApe-INFO: 14:37:36.805: New node: IP: 224.0.0.251. Number of nodes 26
EtherApe-INFO: 14:37:36.805: New node: IP: 224.0.0.22. Number of nodes 27
EtherApe-INFO: 14:37:36.818: New node: IP: 142.250.203.206. Number of nodes 28
EtherApe-INFO: 14:37:39.831: delete node: IP: 95.216.195.133. Number of nodes 27
EtherApe-INFO: 14:37:58.941: New node: IP: 142.250.203.202. Number of nodes 28
EtherApe-INFO: 14:38:05.891: New node: IP: 142.250.186.214. Number of nodes 29
EtherApe-INFO: 14:38:14.404: New node: IP: 216.58.209.14. Number of nodes 30
EtherApe-INFO: 14:38:14.483: delete node: IP: 142.250.75.13. Number of nodes 29
EtherApe-INFO: 14:38:38.139: New node: IP: 216.58.215.106. Number of nodes 30
EtherApe-INFO: 14:38:54.410: delete node: IP: 216.58.215.78. Number of nodes 29
EtherApe-INFO: 14:39:14.770: delete node: IP: 216.58.208.205. Number of nodes 28
EtherApe-INFO: 14:39:24.816: delete node: IP: 216.239.32.116. Number of nodes 27
EtherApe-INFO: 14:39:26.410: New node: IP: 172.217.20.174. Number of nodes 28
EtherApe-INFO: 14:39:27.474: New node: IP: 149.154.167.223. Number of nodes 29
EtherApe-INFO: 14:39:37.168: delete node: IP: 173.194.73.188. Number of nodes 28
EtherApe-INFO: 14:39:37.168: delete node: IP: 142.250.75.14. Number of nodes 27
EtherApe-INFO: 14:39:37.383: delete node: IP: 142.250.186.195. Number of nodes 26
EtherApe-INFO: 14:39:37.699: delete node: IP: 255.255.255.255. Number of nodes 25
EtherApe-INFO: 14:39:37.700: delete node: IP: 0.0.0.0. Number of nodes 24
EtherApe-INFO: 14:39:41.107: delete node: IP: 224.0.0.22. Number of nodes 23
EtherApe-INFO: 14:39:43.760: delete node: IP: 224.0.0.251. Number of nodes 22
EtherApe-INFO: 14:39:46.734: delete node: IP: 74.125.15.33. Number of nodes 21
EtherApe-INFO: 14:39:50.146: New node: IP: 142.250.203.142. Number of nodes 22
EtherApe-INFO: 14:39:59.261: delete node: IP: 142.250.203.202. Number of nodes 21
EtherApe-INFO: 14:40:07.800: delete node: IP: 142.250.186.214. Number of nodes 20
EtherApe-INFO: 14:40:14.406: New node: IP: 142.250.75.13. Number of nodes 21
EtherApe-INFO: 14:40:28.373: delete node: IP: 216.58.209.10. Number of nodes 20
EtherApe-INFO: 14:40:29.071: New node: IP: 216.58.209.10. Number of nodes 21
EtherApe-INFO: 14:40:39.471: New node: IP: 95.216.195.133. Number of nodes 22
EtherApe-INFO: 14:40:39.522: delete node: IP: 216.58.215.106. Number of nodes 21
EtherApe-INFO: 14:40:54.489: delete node: IP: 216.58.209.14. Number of nodes 20
EtherApe-INFO: 14:41:26.138: New node: IP: 216.58.209.14. Number of nodes 21
EtherApe-INFO: 14:41:26.692: delete node: IP: 172.217.20.174. Number of nodes 20
EtherApe-INFO: 14:41:40.067: delete node: IP: 172.217.16.14. Number of nodes 19
EtherApe-INFO: 14:41:52.272: New node: IP: 142.250.75.4. Number of nodes 20
EtherApe-INFO: 14:42:14.746: delete node: IP: 142.250.75.13. Number of nodes 19
EtherApe-INFO: 14:42:29.119: delete node: IP: 216.58.209.10. Number of nodes 18
EtherApe-INFO: 14:42:39.792: delete node: IP: 95.216.195.133. Number of nodes 17
EtherApe-INFO: 14:42:54.470: delete node: IP: 142.250.203.206. Number of nodes 16
EtherApe-INFO: 14:43:42.770: delete node: IP: 216.58.208.196. Number of nodes 15
EtherApe-INFO: 14:43:44.361: delete node: IP: 149.154.167.223. Number of nodes 14
EtherApe-INFO: 14:43:48.276: New node: IP: 194.54.80.29. Number of nodes 15
EtherApe-INFO: 14:44:35.204: New node: IP: 216.58.215.74. Number of nodes 16
EtherApe-INFO: 14:44:44.541: New node: IP: 142.250.186.206. Number of nodes 17
EtherApe-INFO: 14:45:19.473: New node: IP: 149.154.167.223. Number of nodes 18
EtherApe-INFO: 14:45:26.406: New node: IP: 172.217.16.14. Number of nodes 19
EtherApe-INFO: 14:45:34.465: delete node: IP: 216.58.209.14. Number of nodes 18
EtherApe-INFO: 14:45:39.477: New node: IP: 95.216.195.133. Number of nodes 19
EtherApe-INFO: 14:45:44.811: New node: IP: 216.58.208.206. Number of nodes 20
EtherApe-INFO: 14:45:48.585: delete node: IP: 194.54.80.29. Number of nodes 19
EtherApe-INFO: 14:46:15.204: New node: IP: 172.217.166.67. Number of nodes 20
EtherApe-INFO: 14:46:54.422: delete node: IP: 142.250.203.142. Number of nodes 19
EtherApe-INFO: 14:46:56.004: New node: IP: 216.58.208.196. Number of nodes 20
EtherApe-INFO: 14:47:26.676: New node: IP: 142.250.203.142. Number of nodes 21
EtherApe-INFO: 14:47:36.051: delete node: IP: 142.250.186.206. Number of nodes 20
EtherApe-INFO: 14:47:39.762: delete node: IP: 95.216.195.133. Number of nodes 19
EtherApe-INFO: 14:48:16.900: delete node: IP: 172.217.166.67. Number of nodes 18
EtherApe-INFO: 14:48:16.900: delete node: IP: 149.154.167.223. Number of nodes 17
EtherApe-INFO: 14:48:46.981: delete node: IP: 142.250.75.4. Number of nodes 16
EtherApe-INFO: 14:48:55.820: delete node: IP: 172.217.16.14. Number of nodes 15
EtherApe-INFO: 14:49:10.404: New node: IP: 149.154.167.223. Number of nodes 16
EtherApe-INFO: 14:49:27.204: New node: IP: 142.250.186.206. Number of nodes 17
EtherApe-INFO: 14:49:42.138: New node: IP: 142.250.186.202. Number of nodes 18
EtherApe-INFO: 14:49:57.605: New node: IP: 172.217.16.14. Number of nodes 19
EtherApe-INFO: 14:50:39.471: New node: IP: 95.216.195.133. Number of nodes 20
EtherApe-INFO: 14:50:42.759: delete node: IP: 216.58.215.74. Number of nodes 19
EtherApe-INFO: 14:50:54.441: delete node: IP: 142.250.203.142. Number of nodes 18
EtherApe-INFO: 14:51:25.953: delete node: IP: 149.154.167.223. Number of nodes 17
EtherApe-INFO: 14:51:27.472: New node: IP: 172.217.20.174. Number of nodes 18
EtherApe-INFO: 14:51:41.344: New node: IP: 34.95.44.106. Number of nodes 19
EtherApe-INFO: 14:51:44.006: New node: IP: 216.58.215.67. Number of nodes 20
EtherApe-INFO: 14:51:48.362: delete node: IP: 216.58.208.206. Number of nodes 19
EtherApe-INFO: 14:52:22.678: New node: IP: 149.154.167.223. Number of nodes 20
EtherApe-INFO: 14:52:39.808: delete node: IP: 95.216.195.133. Number of nodes 19
EtherApe-INFO: 14:52:46.138: New node: IP: 216.58.208.214. Number of nodes 20
EtherApe-INFO: 14:52:51.477: New node: IP: 176.122.110.204. Number of nodes 21
EtherApe-INFO: 14:52:53.434: delete node: IP: 176.122.110.206. Number of nodes 20
EtherApe-INFO: 14:52:53.604: New node: IP: 172.217.20.202. Number of nodes 21
EtherApe-INFO: 14:52:54.503: delete node: IP: 142.250.186.206. Number of nodes 20
EtherApe-INFO: 14:53:04.804: New node: IP: 216.58.215.110. Number of nodes 21
EtherApe-INFO: 14:53:46.959: delete node: IP: 34.95.44.106. Number of nodes 20
EtherApe-INFO: 14:53:53.344: New node: IP: 142.250.186.206. Number of nodes 21
EtherApe-INFO: 14:54:53.970: delete node: IP: 172.217.20.202. Number of nodes 20
EtherApe-INFO: 14:54:55.019: delete node: IP: 216.58.208.214. Number of nodes 19
EtherApe-INFO: 14:55:05.094: delete node: IP: 216.58.215.110. Number of nodes 18
EtherApe-INFO: 14:55:11.477: New node: IP: 172.217.20.214. Number of nodes 19
EtherApe-INFO: 14:55:11.477: New node: IP: 172.217.16.1. Number of nodes 20
EtherApe-INFO: 14:55:18.475: delete node: IP: 172.217.20.174. Number of nodes 19
EtherApe-INFO: 14:55:39.476: New node: IP: 95.216.195.133. Number of nodes 20
EtherApe-INFO: 14:55:53.338: New node: IP: 142.250.75.14. Number of nodes 21
EtherApe-INFO: 14:55:54.747: delete node: IP: 149.154.167.223. Number of nodes 20
EtherApe-INFO: 14:55:57.690: delete node: IP: 216.58.215.67. Number of nodes 19
EtherApe-INFO: 14:56:40.606: delete node: IP: 172.217.16.14. Number of nodes 18
EtherApe-INFO: 14:56:51.205: New node: IP: 142.250.203.196. Number of nodes 19
EtherApe-INFO: 14:57:12.095: delete node: IP: 172.217.20.214. Number of nodes 18
EtherApe-INFO: 14:57:12.095: delete node: IP: 172.217.16.1. Number of nodes 17
EtherApe-INFO: 14:57:40.050: delete node: IP: 95.216.195.133. Number of nodes 16
EtherApe-INFO: 14:57:53.338: New node: IP: 142.250.203.206. Number of nodes 17
EtherApe-INFO: 14:58:32.271: New node: IP: 172.217.20.163. Number of nodes 18
EtherApe-INFO: 14:58:41.423: delete node: IP: 216.58.208.196. Number of nodes 17
EtherApe-INFO: 14:59:13.686: delete node: IP: 142.250.75.14. Number of nodes 16
EtherApe-INFO: 14:59:14.675: New node: IP: 142.250.203.202. Number of nodes 17
EtherApe-INFO: 14:59:52.004: New node: IP: 172.217.16.14. Number of nodes 18
EtherApe-INFO: 14:59:53.338: New node: IP: 142.250.75.14. Number of nodes 19
EtherApe-INFO: 14:59:58.156: New node: IP: 149.154.167.223. Number of nodes 20
EtherApe-INFO: 15:00:15.806: delete node: IP: 142.250.186.202. Number of nodes 19
EtherApe-INFO: 15:00:32.632: delete node: IP: 172.217.20.163. Number of nodes 18
EtherApe-INFO: 15:00:39.481: New node: IP: 95.216.195.133. Number of nodes 19
EtherApe-INFO: 15:00:58.138: New node: IP: 172.217.16.131. Number of nodes 20
EtherApe-INFO: 15:01:13.663: delete node: IP: 142.250.203.206. Number of nodes 19
EtherApe-INFO: 15:01:42.249: delete node: IP: 142.250.186.206. Number of nodes 18
EtherApe-INFO: 15:01:52.538: New node: IP: 142.250.75.4. Number of nodes 19
EtherApe-INFO: 15:01:53.341: New node: IP: 216.58.215.110. Number of nodes 20
EtherApe-INFO: 15:02:24.832: delete node: IP: 149.154.167.223. Number of nodes 19
EtherApe-INFO: 15:02:39.204: New node: IP: 216.58.215.106. Number of nodes 20
EtherApe-INFO: 15:02:39.771: delete node: IP: 95.216.195.133. Number of nodes 19
EtherApe-INFO: 15:02:58.138: New node: IP: 142.250.203.206. Number of nodes 20
EtherApe-INFO: 15:02:58.218: delete node: IP: 172.217.16.131. Number of nodes 19
EtherApe-INFO: 15:03:05.338: New node: IP: 149.154.167.223. Number of nodes 20
EtherApe-INFO: 15:03:13.695: delete node: IP: 142.250.75.14. Number of nodes 19
EtherApe-INFO: 15:03:35.205: New node: IP: 35.215.90.198. Number of nodes 20
EtherApe-INFO: 15:03:42.769: delete node: IP: 142.250.203.196. Number of nodes 19
EtherApe-INFO: 15:03:46.677: New node: IP: 216.58.215.99. Number of nodes 20
EtherApe-INFO: 15:03:53.338: New node: IP: 216.58.215.78. Number of nodes 21
EtherApe-INFO: 15:03:58.144: New node: IP: 216.58.215.67. Number of nodes 22
EtherApe-INFO: 15:04:21.338: New node: IP: 172.217.16.10. Number of nodes 23
EtherApe-INFO: 15:04:40.030: delete node: IP: 216.58.215.106. Number of nodes 22
EtherApe-INFO: 15:04:58.144: New node: IP: 216.239.32.116. Number of nodes 23
EtherApe-INFO: 15:04:58.200: delete node: IP: 142.250.203.206. Number of nodes 22
EtherApe-INFO: 15:05:13.610: delete node: IP: 216.58.215.110. Number of nodes 21
EtherApe-INFO: 15:05:20.271: New node: IP: 23.152.160.16. Number of nodes 22
EtherApe-INFO: 15:05:20.614: delete node: IP: 142.250.203.202. Number of nodes 21
EtherApe-INFO: 15:05:39.472: New node: IP: 95.216.195.133. Number of nodes 22
EtherApe-INFO: 15:05:40.839: delete node: IP: 35.215.90.198. Number of nodes 21
EtherApe-INFO: 15:05:42.937: New node: IP: 95.216.144.15. Number of nodes 22
EtherApe-INFO: 15:05:43.483: New node: IP: 142.250.186.206. Number of nodes 23
EtherApe-INFO: 15:05:47.012: delete node: IP: 216.58.215.99. Number of nodes 22
EtherApe-INFO: 15:05:53.337: New node: IP: 216.58.215.110. Number of nodes 23
EtherApe-INFO: 15:05:58.442: delete node: IP: 216.58.215.67. Number of nodes 22
EtherApe-INFO: 15:06:07.764: New node: IP: 149.154.165.111. Number of nodes 23
EtherApe-INFO: 15:06:54.139: New node: IP: 142.250.203.196. Number of nodes 24
EtherApe-INFO: 15:07:13.664: delete node: IP: 216.58.215.78. Number of nodes 23
EtherApe-INFO: 15:07:34.160: delete node: IP: 172.217.16.14. Number of nodes 22
EtherApe-INFO: 15:07:39.750: delete node: IP: 95.216.195.133. Number of nodes 21
EtherApe-INFO: 15:07:43.542: delete node: IP: 95.216.144.15. Number of nodes 20
EtherApe-INFO: 15:07:53.338: New node: IP: 216.58.215.78. Number of nodes 21
EtherApe-INFO: 15:08:10.939: New node: IP: 142.250.203.129. Number of nodes 22
EtherApe-INFO: 15:08:11.204: New node: IP: 216.58.208.195. Number of nodes 23
EtherApe-INFO: 15:08:11.471: New node: IP: 142.250.203.202. Number of nodes 24
EtherApe-INFO: 15:08:11.472: New node: IP: 142.250.203.138. Number of nodes 25
EtherApe-INFO: 15:08:11.738: New node: IP: 216.58.209.10. Number of nodes 26
EtherApe-INFO: 15:08:13.604: New node: IP: 172.217.20.170. Number of nodes 27
EtherApe-INFO: 15:08:13.693: delete node: IP: 149.154.167.223. Number of nodes 26
EtherApe-INFO: 15:08:17.604: New node: IP: 172.217.16.14. Number of nodes 27
EtherApe-INFO: 15:08:23.781: delete node: IP: 149.154.165.111. Number of nodes 26
EtherApe-INFO: 15:08:29.871: New node: IP: 80.87.195.87. Number of nodes 27
EtherApe-INFO: 15:08:44.326: delete node: IP: 142.250.75.4. Number of nodes 26
EtherApe-INFO: 15:08:44.541: New node: IP: 95.216.195.133. Number of nodes 27
EtherApe-INFO: 15:08:44.807: New node: IP: 127.0.0.1. Number of nodes 28
EtherApe-INFO: 15:08:45.337: New node: IP: 0.0.0.0. Number of nodes 29
EtherApe-INFO: 15:08:45.337: New node: IP: 255.255.255.255. Number of nodes 30
EtherApe-INFO: 15:08:45.871: New node: IP: 224.0.0.22. Number of nodes 31
EtherApe-INFO: 15:08:46.138: New node: IP: 173.194.222.188. Number of nodes 32
EtherApe-INFO: 15:08:49.074: New node: IP: 224.0.0.251. Number of nodes 33
EtherApe-INFO: 15:08:51.471: New node: IP: 82.195.75.112. Number of nodes 34
EtherApe-INFO: 15:08:52.005: New node: IP: 128.31.0.62. Number of nodes 35
EtherApe-INFO: 15:08:54.137: New node: IP: 172.217.20.174. Number of nodes 36
EtherApe-INFO: 15:08:55.226: New node: IP: 116.203.93.142. Number of nodes 37
EtherApe-INFO: 15:08:57.678: delete node: IP: 23.152.160.16. Number of nodes 36
EtherApe-INFO: 15:08:58.752: delete node: IP: 216.239.32.116. Number of nodes 35
EtherApe-INFO: 15:09:14.138: New node: IP: 35.241.35.223. Number of nodes 36
EtherApe-INFO: 15:09:24.014: New node: IP: 18.66.97.64. Number of nodes 37
EtherApe-INFO: 15:09:24.306: New node: IP: 2.18.99.124. Number of nodes 38
EtherApe-INFO: 15:09:26.142: New node: IP: 152.199.21.175. Number of nodes 39
EtherApe-INFO: 15:09:27.204: New node: IP: 13.32.99.102. Number of nodes 40
EtherApe-INFO: 15:09:42.140: New node: IP: 216.58.215.67. Number of nodes 41
EtherApe-INFO: 15:10:04.007: New node: IP: 135.181.27.174. Number of nodes 42
EtherApe-INFO: 15:10:05.071: New node: IP: 216.58.208.206. Number of nodes 43
EtherApe-INFO: 15:10:08.804: New node: IP: 91.198.174.192. Number of nodes 44
EtherApe-INFO: 15:10:09.072: New node: IP: 91.198.174.208. Number of nodes 45
EtherApe-INFO: 15:10:11.535: delete node: IP: 142.250.203.129. Number of nodes 44
EtherApe-INFO: 15:10:13.881: delete node: IP: 216.58.208.195. Number of nodes 43
EtherApe-INFO: 15:10:45.636: delete node: IP: 255.255.255.255. Number of nodes 42
EtherApe-INFO: 15:10:45.636: delete node: IP: 0.0.0.0. Number of nodes 41
EtherApe-INFO: 15:10:48.294: delete node: IP: 149.154.167.50. Number of nodes 40
EtherApe-INFO: 15:10:48.294: delete node: IP: 142.250.203.202. Number of nodes 39
EtherApe-INFO: 15:10:48.294: delete node: IP: 127.0.0.1. Number of nodes 38
EtherApe-INFO: 15:10:48.294: delete node: IP: 95.216.195.133. Number of nodes 37
EtherApe-INFO: 15:10:48.294: delete node: IP: 80.87.195.87. Number of nodes 36
EtherApe-INFO: 15:10:48.294: delete node: IP: 64.233.161.188. Number of nodes 35
EtherApe-INFO: 15:10:48.294: delete node: IP: 34.76.0.142. Number of nodes 34
EtherApe-INFO: 15:10:52.356: delete node: IP: 224.0.0.22. Number of nodes 33
EtherApe-INFO: 15:10:53.337: New node: IP: 149.154.167.223. Number of nodes 34
EtherApe-INFO: 15:10:55.014: delete node: IP: 224.0.0.251. Number of nodes 33
EtherApe-INFO: 15:10:58.243: delete node: IP: 128.31.0.62. Number of nodes 32
EtherApe-INFO: 15:10:58.244: delete node: IP: 82.195.75.112. Number of nodes 31
EtherApe-INFO: 15:11:00.804: New node: IP: 95.216.144.15. Number of nodes 32
EtherApe-INFO: 15:11:11.544: delete node: IP: 142.250.203.195. Number of nodes 31
EtherApe-INFO: 15:11:15.286: delete node: IP: 172.217.20.174. Number of nodes 30
EtherApe-INFO: 15:11:30.671: New node: IP: 34.100.128.0. Number of nodes 31
EtherApe-INFO: 15:11:45.134: delete node: IP: 2.18.99.124. Number of nodes 30
EtherApe-INFO: 15:11:55.215: delete node: IP: 142.250.186.206. Number of nodes 29
EtherApe-INFO: 15:11:55.737: New node: IP: 216.58.208.196. Number of nodes 30
EtherApe-INFO: 15:12:02.474: delete node: IP: 116.203.93.142. Number of nodes 29
EtherApe-INFO: 15:12:04.280: delete node: IP: 172.217.16.14. Number of nodes 28
EtherApe-INFO: 15:12:09.903: delete node: IP: 216.58.208.202. Number of nodes 27
                                                                                