(etherape:1981): GLib-GIO-DEBUG: 23:47:54.503: _g_io_module_get_default: Found default implementation local (GLocalVfs) for ‘gio-vfs’
EtherApe-INFO: 23:47:54.649: sctp protocol not supported
EtherApe-INFO: 23:47:54.649: dccp protocol not supported
EtherApe-INFO: 23:47:54.649: sctp protocol not supported
EtherApe-INFO: 23:47:54.649: sctp protocol not supported
EtherApe-INFO: 23:47:54.649: sctp protocol not supported
EtherApe-INFO: 23:47:54.649: sctp protocol not supported
EtherApe-INFO: 23:47:54.650: sctp protocol not supported
EtherApe-INFO: 23:47:54.650: sctp protocol not supported
EtherApe-INFO: 23:47:54.650: sctp protocol not supported
EtherApe-INFO: 23:47:54.650: dccp protocol not supported
EtherApe-INFO: 23:47:54.650: sctp protocol not supported
EtherApe-INFO: 23:47:54.650: dccp protocol not supported
EtherApe-INFO: 23:47:54.650: dccp protocol not supported
EtherApe-INFO: 23:47:54.651: sctp protocol not supported
EtherApe-INFO: 23:47:54.651: sctp protocol not supported
EtherApe-INFO: 23:47:54.651: sctp protocol not supported
EtherApe-INFO: 23:47:54.652: sctp protocol not supported
EtherApe-INFO: 23:47:54.652: sctp protocol not supported
EtherApe-INFO: 23:47:54.653: sctp protocol not supported
EtherApe-INFO: 23:47:54.653: sctp protocol not supported
EtherApe-INFO: 23:47:54.653: sctp protocol not supported
EtherApe-INFO: 23:47:54.653: sctp protocol not supported
EtherApe-INFO: 23:47:54.653: sctp protocol not supported
EtherApe-INFO: 23:47:54.653: sctp protocol not supported
EtherApe-INFO: 23:47:54.654: sctp protocol not supported
EtherApe-INFO: 23:47:54.654: sctp protocol not supported
EtherApe-INFO: 23:47:54.654: sctp protocol not supported
EtherApe-INFO: 23:47:54.655: sctp protocol not supported
EtherApe-INFO: 23:47:54.655: dccp protocol not supported
EtherApe-INFO: 23:47:54.655: sctp protocol not supported
EtherApe-INFO: 23:47:54.655: sctp protocol not supported
EtherApe-INFO: 23:47:54.655: dccp protocol not supported
EtherApe-INFO: 23:47:54.655: sctp protocol not supported
EtherApe-INFO: 23:47:54.655: sctp protocol not supported
EtherApe-INFO: 23:47:54.655: sctp protocol not supported
EtherApe-INFO: 23:47:54.655: dccp protocol not supported
EtherApe-INFO: 23:47:54.655: dccp protocol not supported
EtherApe-INFO: 23:47:54.655: sctp protocol not supported
EtherApe-INFO: 23:47:54.655: sctp protocol not supported
EtherApe-INFO: 23:47:54.655: sctp protocol not supported
EtherApe-INFO: 23:47:54.655: sctp protocol not supported
EtherApe-INFO: 23:47:54.656: sctp protocol not supported
EtherApe-INFO: 23:47:54.656: sctp protocol not supported
EtherApe-INFO: 23:47:54.656: sctp protocol not supported
EtherApe-INFO: 23:47:54.656: sctp protocol not supported
EtherApe-INFO: 23:47:54.656: sctp protocol not supported
EtherApe-INFO: 23:47:54.656: sctp protocol not supported
EtherApe-INFO: 23:47:54.656: sctp protocol not supported
EtherApe-INFO: 23:47:54.656: sctp protocol not supported
EtherApe-INFO: 23:47:54.656: sctp protocol not supported
EtherApe-INFO: 23:47:54.656: dccp protocol not supported
EtherApe-INFO: 23:47:54.656: sctp protocol not supported
EtherApe-INFO: 23:47:54.656: sctp protocol not supported
EtherApe-INFO: 23:47:54.656: sctp protocol not supported
EtherApe-INFO: 23:47:54.656: sctp protocol not supported
EtherApe-INFO: 23:47:54.656: sctp protocol not supported
EtherApe-INFO: 23:47:54.657: sctp protocol not supported
EtherApe-INFO: 23:47:54.657: sctp protocol not supported
EtherApe-INFO: 23:47:54.657: sctp protocol not supported
EtherApe-INFO: 23:47:54.657: sctp protocol not supported
EtherApe-INFO: 23:47:54.657: sctp protocol not supported
EtherApe-INFO: 23:47:54.657: sctp protocol not supported
EtherApe-INFO: 23:47:54.657: sctp protocol not supported
EtherApe-INFO: 23:47:54.657: sctp protocol not supported
EtherApe-INFO: 23:47:54.657: sctp protocol not supported
EtherApe-INFO: 23:47:54.657: sctp protocol not supported
EtherApe-INFO: 23:47:54.657: sctp protocol not supported
EtherApe-INFO: 23:47:54.657: sctp protocol not supported
EtherApe-INFO: 23:47:54.657: sctp protocol not supported
EtherApe-INFO: 23:47:54.657: sctp protocol not supported
EtherApe-INFO: 23:47:54.658: sctp protocol not supported
EtherApe-INFO: 23:47:54.658: sctp protocol not supported
EtherApe-INFO: 23:47:54.658: sctp protocol not supported
EtherApe-INFO: 23:47:54.658: sctp protocol not supported
EtherApe-INFO: 23:47:54.658: sctp protocol not supported
EtherApe-INFO: 23:47:54.658: sctp protocol not supported
EtherApe-INFO: 23:47:54.658: sctp protocol not supported
EtherApe-INFO: 23:47:54.658: sctp protocol not supported
EtherApe-INFO: 23:47:54.658: sctp protocol not supported
EtherApe-INFO: 23:47:54.658: sctp protocol not supported
EtherApe-INFO: 23:47:54.658: sctp protocol not supported
EtherApe-INFO: 23:47:54.658: sctp protocol not supported
EtherApe-INFO: 23:47:54.658: sctp protocol not supported
EtherApe-INFO: 23:47:54.658: sctp protocol not supported
EtherApe-INFO: 23:47:54.658: sctp protocol not supported
EtherApe-INFO: 23:47:54.658: sctp protocol not supported
EtherApe-INFO: 23:47:54.658: sctp protocol not supported
EtherApe-INFO: 23:47:54.922: get_interface result: ''
EtherApe-INFO: 23:47:54.922: Available interfaces for capture: wwp0s20u4i6 dbus-session dbus-system nfqueue nflog bluetooth-monitor wlp3s0 lo any enp0s25
EtherApe-INFO: 23:47:54.959: Link type is LINUX_SLL
EtherApe-INFO: 23:47:54.960: Diagram started
EtherApe-INFO: 23:47:55.179: New node: IP: 149.154.167.99. Number of nodes 1
EtherApe-INFO: 23:47:55.179: New node: IP: 192.168.2.226. Number of nodes 2
EtherApe-INFO: 23:47:56.239: New node: IP: 192.168.2.1. Number of nodes 3
EtherApe-INFO: 23:47:56.239: New node: IP: 172.217.16.14. Number of nodes 4
EtherApe-INFO: 23:47:56.500: New node: IP: 216.58.208.196. Number of nodes 5
EtherApe-INFO: 23:47:59.639: New node: IP: 31.28.161.68. Number of nodes 6
EtherApe-INFO: 23:47:59.640: New node: IP: 149.154.167.51. Number of nodes 7
EtherApe-INFO: 23:47:59.641: New node: IP: 149.154.167.50. Number of nodes 8
EtherApe-INFO: 23:48:02.240: New node: IP: 35.188.42.15. Number of nodes 9
EtherApe-INFO: 23:48:02.243: New node: IP: 239.255.255.250. Number of nodes 10
EtherApe-INFO: 23:48:02.499: New node: IP: 142.250.186.202. Number of nodes 11
EtherApe-INFO: 23:48:02.760: New node: IP: 104.18.12.33. Number of nodes 12
EtherApe-INFO: 23:48:04.320: New node: IP: 142.250.75.14. Number of nodes 13
EtherApe-INFO: 23:48:04.320: New node: IP: 224.0.0.251. Number of nodes 14
EtherApe-INFO: 23:48:04.579: New node: IP: 173.194.220.188. Number of nodes 15
EtherApe-INFO: 23:48:04.579: New node: IP: 142.250.203.195. Number of nodes 16
EtherApe-INFO: 23:48:04.840: New node: IP: 142.250.186.195. Number of nodes 17
EtherApe-INFO: 23:48:04.841: New node: IP: 216.58.208.205. Number of nodes 18
EtherApe-INFO: 23:48:05.101: New node: IP: 216.58.215.74. Number of nodes 19
EtherApe-INFO: 23:48:05.622: New node: IP: 142.250.186.206. Number of nodes 20
EtherApe-INFO: 23:48:06.401: New node: IP: 104.17.49.74. Number of nodes 21
EtherApe-INFO: 23:48:06.409: New node: IP: 216.58.208.195. Number of nodes 22
EtherApe-INFO: 23:48:09.260: New node: IP: 142.250.203.150. Number of nodes 23
EtherApe-INFO: 23:48:09.261: New node: IP: 142.250.203.193. Number of nodes 24
EtherApe-INFO: 23:48:28.869: New node: IP: 149.154.167.223. Number of nodes 25
EtherApe-INFO: 23:48:40.709: New node: IP: 216.58.208.206. Number of nodes 26
EtherApe-INFO: 23:48:41.489: New node: IP: 216.58.215.86. Number of nodes 27
EtherApe-INFO: 23:48:41.489: New node: IP: 104.17.50.74. Number of nodes 28
EtherApe-INFO: 23:48:42.272: New node: IP: 142.250.75.10. Number of nodes 29
EtherApe-INFO: 23:48:43.579: New node: IP: 104.18.13.33. Number of nodes 30
EtherApe-INFO: 23:48:53.479: New node: IP: 216.58.215.106. Number of nodes 31
EtherApe-INFO: 23:48:57.379: New node: IP: 172.217.16.46. Number of nodes 32
EtherApe-INFO: 23:48:57.379: New node: IP: 172.67.135.171. Number of nodes 33
EtherApe-INFO: 23:49:01.280: New node: IP: 216.58.209.3. Number of nodes 34
EtherApe-INFO: 23:49:08.819: New node: IP: 172.217.20.206. Number of nodes 35
EtherApe-INFO: 23:49:12.719: New node: IP: 104.18.7.240. Number of nodes 36
EtherApe-INFO: 23:49:29.421: New node: IP: 216.58.209.5. Number of nodes 37
EtherApe-INFO: 23:49:29.423: New node: IP: 216.58.209.14. Number of nodes 38
EtherApe-INFO: 23:49:29.426: New node: IP: 172.217.16.10. Number of nodes 39
EtherApe-INFO: 23:49:29.940: New node: IP: 216.58.209.10. Number of nodes 40
EtherApe-INFO: 23:49:30.200: New node: IP: 142.250.203.209. Number of nodes 41
EtherApe-INFO: 23:49:30.200: New node: IP: 216.58.209.1. Number of nodes 42
EtherApe-INFO: 23:49:40.079: New node: IP: 142.250.203.206. Number of nodes 43
EtherApe-INFO: 23:49:40.080: New node: IP: 34.104.35.123. Number of nodes 44
EtherApe-INFO: 23:49:44.759: New node: IP: 142.250.203.141. Number of nodes 45
EtherApe-INFO: 23:49:58.543: New node: IP: 216.58.215.78. Number of nodes 46
EtherApe-INFO: 23:50:00.676: delete node: IP: 31.28.161.68. Number of nodes 45
EtherApe-INFO: 23:50:05.559: New node: IPv6: fe80::9ada:c4ff:febf:99a5. Number of nodes 46
EtherApe-INFO: 23:50:05.559: New node: IPv6: ff02::1. Number of nodes 47
EtherApe-INFO: 23:50:07.899: New node: IP: 31.28.161.68. Number of nodes 48
EtherApe-INFO: 23:50:08.419: New node: IP: 142.250.203.202. Number of nodes 49
EtherApe-INFO: 23:50:14.139: New node: IP: 142.250.203.142. Number of nodes 50
EtherApe-INFO: 23:50:14.736: delete node: IP: 142.250.203.150. Number of nodes 49
EtherApe-INFO: 23:50:14.736: delete node: IP: 142.250.186.206. Number of nodes 48
EtherApe-INFO: 23:50:14.736: delete node: IP: 104.18.12.33. Number of nodes 47
EtherApe-INFO: 23:50:28.201: delete node: IP: 149.154.167.99. Number of nodes 46
EtherApe-INFO: 23:50:30.519: New node: IP: 216.58.208.214. Number of nodes 47
EtherApe-INFO: 23:50:37.029: New node: IP: 64.233.162.189. Number of nodes 48
EtherApe-INFO: 23:50:46.991: delete node: IP: 224.0.0.251. Number of nodes 47
EtherApe-INFO: 23:50:54.578: delete node: IP: 216.58.215.86. Number of nodes 46
EtherApe-INFO: 23:51:10.669: New node: IP: 142.251.1.92. Number of nodes 47
EtherApe-INFO: 23:51:14.839: New node: IP: 216.58.208.202. Number of nodes 48
EtherApe-INFO: 23:51:20.489: New node: IP: 95.216.195.133. Number of nodes 49
EtherApe-INFO: 23:51:21.539: New node: IP: 172.217.16.5. Number of nodes 50
EtherApe-INFO: 23:51:33.079: New node: IP: 176.122.110.204. Number of nodes 51
EtherApe-INFO: 23:51:41.389: New node: IP: 172.217.16.35. Number of nodes 52
EtherApe-INFO: 23:51:58.863: delete node: IP: 35.188.42.15. Number of nodes 51
EtherApe-INFO: 23:52:05.692: delete node: IPv6: ff02::1. Number of nodes 50
EtherApe-INFO: 23:52:05.692: delete node: IPv6: fe80::9ada:c4ff:febf:99a5. Number of nodes 49
EtherApe-INFO: 23:52:08.158: delete node: IP: 31.28.161.68. Number of nodes 48
EtherApe-INFO: 23:52:13.633: delete node: IP: 172.217.20.206. Number of nodes 47
EtherApe-INFO: 23:52:16.469: New node: IP: 34.97.218.27. Number of nodes 48
EtherApe-INFO: 23:52:22.262: delete node: IP: 216.58.209.14. Number of nodes 47
EtherApe-INFO: 23:52:28.759: New node: IP: 142.250.186.206. Number of nodes 48
EtherApe-INFO: 23:52:37.881: delete node: IP: 216.58.209.1. Number of nodes 47
EtherApe-INFO: 23:52:41.539: New node: IP: 216.239.32.116. Number of nodes 48
EtherApe-INFO: 23:52:41.539: New node: IP: 142.250.67.131. Number of nodes 49
EtherApe-INFO: 23:53:12.968: delete node: IP: 216.58.209.10. Number of nodes 48
EtherApe-INFO: 23:53:18.135: delete node: IP: 216.58.208.195. Number of nodes 47
EtherApe-INFO: 23:53:20.812: delete node: IP: 95.216.195.133. Number of nodes 46
EtherApe-INFO: 23:53:36.965: delete node: IP: 216.58.208.202. Number of nodes 45
EtherApe-INFO: 23:53:36.965: delete node: IP: 142.250.203.193. Number of nodes 44
EtherApe-INFO: 23:53:37.498: delete node: IP: 216.58.208.214. Number of nodes 43
EtherApe-INFO: 23:53:41.399: New node: IP: 172.217.16.3. Number of nodes 44
EtherApe-INFO: 23:53:45.645: delete node: IP: 142.250.203.141. Number of nodes 43
EtherApe-INFO: 23:54:17.574: delete node: IP: 172.217.16.35. Number of nodes 42
EtherApe-INFO: 23:54:24.119: New node: IP: 31.28.161.68. Number of nodes 43
EtherApe-INFO: 23:54:38.161: delete node: IP: 34.104.35.123. Number of nodes 42
EtherApe-INFO: 23:54:41.886: delete node: IP: 216.239.32.116. Number of nodes 41
EtherApe-INFO: 23:54:43.912: delete node: IP: 142.250.75.14. Number of nodes 40
EtherApe-INFO: 23:54:49.442: delete node: IP: 216.58.208.205. Number of nodes 39
EtherApe-INFO: 23:55:00.853: delete node: IP: 142.250.203.142. Number of nodes 38
EtherApe-INFO: 23:55:02.988: delete node: IP: 216.58.208.206. Number of nodes 37
EtherApe-INFO: 23:55:15.219: New node: IP: 142.250.203.142. Number of nodes 38
EtherApe-INFO: 23:55:15.316: delete node: IP: 149.154.167.223. Number of nodes 37
EtherApe-INFO: 23:55:20.109: New node: IP: 216.58.208.195. Number of nodes 38
EtherApe-INFO: 23:55:40.440: delete node: IP: 142.250.203.206. Number of nodes 37
EtherApe-INFO: 23:55:40.440: delete node: IP: 142.250.203.195. Number of nodes 36
EtherApe-INFO: 23:55:41.738: delete node: IP: 172.217.16.3. Number of nodes 35
EtherApe-INFO: 23:55:59.929: delete node: IP: 142.250.186.195. Number of nodes 34
EtherApe-INFO: 23:56:08.744: delete node: IP: 142.250.203.202. Number of nodes 33
EtherApe-INFO: 23:56:20.599: New node: IP: 95.216.195.133. Number of nodes 34
EtherApe-INFO: 23:56:20.609: delete node: IP: 172.217.16.10. Number of nodes 33
EtherApe-INFO: 23:56:20.929: delete node: IP: 216.58.215.106. Number of nodes 32
EtherApe-INFO: 23:56:24.379: New node: IP: 216.58.208.206. Number of nodes 33
EtherApe-INFO: 23:56:24.407: delete node: IP: 31.28.161.68. Number of nodes 32
EtherApe-INFO: 23:56:37.332: delete node: IP: 216.58.215.78. Number of nodes 31
EtherApe-INFO: 23:56:44.069: New node: IP: 216.58.209.1. Number of nodes 32
EtherApe-INFO: 23:57:11.664: delete node: IP: 142.251.1.92. Number of nodes 31
EtherApe-INFO: 23:57:16.057: New node: IP: 216.58.209.14. Number of nodes 32
EtherApe-INFO: 23:57:21.002: New node: IP: 35.211.148.231. Number of nodes 33
EtherApe-INFO: 23:57:21.708: delete node: IP: 172.217.16.5. Number of nodes 32
EtherApe-INFO: 23:57:21.813: delete node: IP: 104.17.50.74. Number of nodes 31
EtherApe-INFO: 23:57:21.954: delete node: IP: 104.17.49.74. Number of nodes 30
EtherApe-INFO: 23:57:22.050: New node: IP: 172.217.16.3. Number of nodes 31
EtherApe-INFO: 23:57:30.515: delete node: IP: 142.250.203.209. Number of nodes 30
EtherApe-INFO: 23:57:38.018: delete node: IP: 172.67.135.171. Number of nodes 29
EtherApe-INFO: 23:57:41.589: New node: IP: 172.217.16.35. Number of nodes 30
EtherApe-INFO: 23:57:45.529: New node: IP: 172.217.16.10. Number of nodes 31
EtherApe-INFO: 23:57:53.808: delete node: IP: 104.18.13.33. Number of nodes 30
EtherApe-INFO: 23:57:55.799: New node: IP: 142.250.203.196. Number of nodes 31
EtherApe-INFO: 23:58:02.145: delete node: IP: 104.18.7.240. Number of nodes 30
EtherApe-INFO: 23:58:20.896: delete node: IP: 95.216.195.133. Number of nodes 29
EtherApe-INFO: 23:58:33.789: New node: IP: 216.58.209.10. Number of nodes 30
EtherApe-INFO: 23:58:35.656: delete node: IP: 172.217.16.14. Number of nodes 29
EtherApe-INFO: 23:58:44.316: delete node: IP: 142.250.67.131. Number of nodes 28
EtherApe-INFO: 23:58:44.316: delete node: IP: 34.97.218.27. Number of nodes 27
EtherApe-INFO: 23:59:02.609: New node: IPv6: fe80::9ada:c4ff:febf:99a5. Number of nodes 28
EtherApe-INFO: 23:59:02.609: New node: IPv6: ff02::1. Number of nodes 29
EtherApe-INFO: 23:59:16.222: delete node: IP: 216.58.209.14. Number of nodes 28
EtherApe-INFO: 23:59:23.792: delete node: IP: 172.217.16.3. Number of nodes 27
EtherApe-INFO: 23:59:27.464: delete node: IP: 142.250.75.10. Number of nodes 26
EtherApe-INFO: 23:59:27.464: delete node: IP: 35.211.148.231. Number of nodes 25
EtherApe-INFO: 23:59:30.610: delete node: IP: 216.58.208.206. Number of nodes 24
EtherApe-INFO: 23:59:41.469: New node: IP: 216.239.32.116. Number of nodes 25
EtherApe-INFO: 23:59:41.469: New node: IP: 172.217.15.195. Number of nodes 26
EtherApe-INFO: 23:59:41.729: New node: IP: 216.58.215.106. Number of nodes 27
EtherApe-INFO: 23:59:42.085: delete node: IP: 216.58.208.195. Number of nodes 26
EtherApe-INFO: 23:59:50.809: New node: IP: 149.154.167.223. Number of nodes 27
EtherApe-INFO: 23:59:55.689: New node: IP: 142.250.203.206. Number of nodes 28
EtherApe-INFO: 00:00:04.157: delete node: IP: 142.250.186.202. Number of nodes 27
EtherApe-INFO: 00:00:06.478: delete node: IP: 142.250.203.196. Number of nodes 26
EtherApe-INFO: 00:01:02.953: delete node: IPv6: ff02::1. Number of nodes 25
EtherApe-INFO: 00:01:02.953: delete node: IPv6: fe80::9ada:c4ff:febf:99a5. Number of nodes 24
EtherApe-INFO: 00:01:05.048: delete node: IP: 172.217.16.46. Number of nodes 23
EtherApe-INFO: 00:01:20.699: New node: IP: 95.216.195.133. Number of nodes 24
EtherApe-INFO: 00:01:44.141: delete node: IP: 216.239.32.116. Number of nodes 23
EtherApe-INFO: 00:01:44.141: delete node: IP: 216.58.215.106. Number of nodes 22
EtherApe-INFO: 00:01:44.141: delete node: IP: 172.217.15.195. Number of nodes 21
EtherApe-INFO: 00:01:56.407: delete node: IP: 216.58.209.1. Number of nodes 20
EtherApe-INFO: 00:01:56.407: delete node: IP: 172.217.16.35. Number of nodes 19
EtherApe-INFO: 00:02:10.489: New node: IP: 172.217.16.42. Number of nodes 20
EtherApe-INFO: 00:02:50.719: New node: IP: 142.250.75.4. Number of nodes 21
EtherApe-INFO: 00:02:56.229: New node: IP: 31.28.161.68. Number of nodes 22
EtherApe-INFO: 00:03:20.928: delete node: IP: 95.216.195.133. Number of nodes 21
EtherApe-INFO: 00:03:32.060: delete node: IP: 216.58.209.10. Number of nodes 20
EtherApe-INFO: 00:04:33.081: delete node: IP: 142.250.203.142. Number of nodes 19
EtherApe-INFO: 00:04:57.666: delete node: IP: 31.28.161.68. Number of nodes 18
EtherApe-INFO: 00:05:13.241: delete node: IP: 142.250.75.4. Number of nodes 17
EtherApe-INFO: 00:05:16.849: New node: IP: 142.250.203.142. Number of nodes 18
EtherApe-INFO: 00:06:20.562: New node: IP: 95.216.195.133. Number of nodes 19
EtherApe-INFO: 00:06:21.826: New node: IP: 142.250.75.10. Number of nodes 20
EtherApe-INFO: 00:06:33.077: delete node: IP: 149.154.167.223. Number of nodes 19
EtherApe-INFO: 00:06:34.869: New node: IP: 216.58.209.10. Number of nodes 20
EtherApe-INFO: 00:06:56.547: delete node: IP: 173.194.220.188. Number of nodes 19
EtherApe-INFO: 00:07:14.619: New node: IPv6: fe80::9ada:c4ff:febf:99a5. Number of nodes 20
EtherApe-INFO: 00:07:14.619: New node: IPv6: ff02::1. Number of nodes 21
EtherApe-INFO: 00:07:25.919: New node: IP: 172.217.20.202. Number of nodes 22
EtherApe-INFO: 00:07:30.370: New node: IP: 142.250.203.214. Number of nodes 23
EtherApe-INFO: 00:07:30.694: delete node: IP: 216.58.215.74. Number of nodes 22
EtherApe-INFO: 00:07:34.289: New node: IP: 0.0.0.0. Number of nodes 23
EtherApe-INFO: 00:07:34.289: New node: IP: 255.255.255.255. Number of nodes 24
EtherApe-INFO: 00:07:34.289: New node: IP: 192.168.2.132. Number of nodes 25
EtherApe-INFO: 00:07:35.849: New node: IP: 172.217.16.37. Number of nodes 26
EtherApe-INFO: 00:07:37.429: New node: IP: 173.194.220.188. Number of nodes 27
EtherApe-INFO: 00:07:37.429: New node: IP: 74.125.205.188. Number of nodes 28
EtherApe-INFO: 00:07:39.259: New node: IP: 172.217.16.14. Number of nodes 29
EtherApe-INFO: 00:07:42.899: New node: IP: 224.0.0.251. Number of nodes 30
EtherApe-INFO: 00:08:00.273: New node: IP: 142.250.75.4. Number of nodes 31
EtherApe-INFO: 00:08:18.947: delete node: IP: 142.250.186.206. Number of nodes 30
EtherApe-INFO: 00:08:22.822: delete node: IP: 172.217.16.10. Number of nodes 29
EtherApe-INFO: 00:08:33.605: Nodes: 29 (shown 25)
EtherApe-INFO: 00:08:39.340: New node: IP: 172.217.16.35. Number of nodes 30
EtherApe-INFO: 00:08:41.381: Nodes: 30 (shown 21)
EtherApe-INFO: 00:09:14.804: delete node: IPv6: ff02::1. Number of nodes 29
EtherApe-INFO: 00:09:14.804: delete node: IPv6: fe80::9ada:c4ff:febf:99a5. Number of nodes 28
EtherApe-INFO: 00:09:29.678: delete node: IP: 142.250.203.142. Number of nodes 27
EtherApe-INFO: 00:09:30.554: delete node: IP: 142.250.203.214. Number of nodes 26
EtherApe-INFO: 00:09:34.480: delete node: IP: 255.255.255.255. Number of nodes 25
EtherApe-INFO: 00:09:34.480: delete node: IP: 216.58.209.10. Number of nodes 24
EtherApe-INFO: 00:09:34.480: delete node: IP: 0.0.0.0. Number of nodes 23
EtherApe-INFO: 00:09:37.918: delete node: IP: 192.168.2.132. Number of nodes 22
EtherApe-INFO: 00:09:37.918: delete node: IP: 95.216.195.133. Number of nodes 21
EtherApe-INFO: 00:09:39.389: New node: IP: 172.217.166.99. Number of nodes 22
EtherApe-INFO: 00:09:45.971: delete node: IP: 224.0.0.251. Number of nodes 21
EtherApe-INFO: 00:09:52.494: New node: IP: 172.217.20.206. Number of nodes 22
EtherApe-INFO: 00:09:54.319: New node: IP: 142.250.203.196. Number of nodes 23
EtherApe-INFO: 00:09:57.729: New node: IP: 216.58.209.10. Number of nodes 24
EtherApe-INFO: 00:09:57.989: New node: IP: 35.207.191.46. Number of nodes 25
EtherApe-INFO: 00:10:00.339: New node: IP: 173.194.221.113. Number of nodes 26
EtherApe-INFO: 00:10:02.429: New node: IP: 173.194.221.100. Number of nodes 27
EtherApe-INFO: 00:10:03.469: New node: IP: 173.194.221.189. Number of nodes 28
EtherApe-INFO: 00:10:04.769: New node: IP: 216.58.208.205. Number of nodes 29
EtherApe-INFO: 00:10:04.769: New node: IP: 142.250.186.206. Number of nodes 30
EtherApe-INFO: 00:10:05.039: New node: IP: 216.58.208.206. Number of nodes 31
EtherApe-INFO: 00:10:05.039: New node: IP: 142.250.75.14. Number of nodes 32
EtherApe-INFO: 00:10:08.709: New node: IP: 216.58.209.14. Number of nodes 33
EtherApe-INFO: 00:10:10.549: New node: IP: 172.217.16.22. Number of nodes 34
EtherApe-INFO: 00:10:10.550: New node: IP: 216.58.215.106. Number of nodes 35
EtherApe-INFO: 00:10:11.034: delete node: IP: 142.250.75.4. Number of nodes 34
EtherApe-INFO: 00:10:11.540: New node: IP: 142.250.75.3. Number of nodes 35
EtherApe-INFO: 00:10:14.139: New node: IP: 176.122.110.205. Number of nodes 36
EtherApe-INFO: 00:10:15.451: New node: IP: 216.58.208.195. Number of nodes 37
EtherApe-INFO: 00:10:16.239: New node: IP: 142.250.203.142. Number of nodes 38
EtherApe-INFO: 00:10:18.859: New node: IP: 142.250.186.202. Number of nodes 39
EtherApe-INFO: 00:10:20.173: New node: IP: 142.250.203.193. Number of nodes 40
EtherApe-INFO: 00:10:32.482: delete node: IP: 216.58.209.5. Number of nodes 39
EtherApe-INFO: 00:10:35.809: New node: IP: 216.58.215.110. Number of nodes 40
EtherApe-INFO: 00:10:39.751: delete node: IP: 176.122.110.204. Number of nodes 39
EtherApe-INFO: 00:10:40.759: delete node: IP: 173.194.220.188. Number of nodes 38
EtherApe-INFO: 00:11:20.493: New node: IP: 95.216.195.133. Number of nodes 39
EtherApe-INFO: 00:11:31.540: New node: IP: 34.176.4.59. Number of nodes 40
EtherApe-INFO: 00:11:34.939: New node: IP: 176.122.113.13. Number of nodes 41
EtherApe-INFO: 00:11:35.199: New node: IP: 173.194.50.19. Number of nodes 42
EtherApe-INFO: 00:12:02.301: delete node: IP: 173.194.221.113. Number of nodes 41
EtherApe-INFO: 00:12:02.301: delete node: IP: 172.217.166.99. Number of nodes 40
EtherApe-INFO: 00:12:02.301: delete node: IP: 172.217.16.37. Number of nodes 39
EtherApe-INFO: 00:12:02.301: delete node: IP: 142.250.203.196. Number of nodes 38
EtherApe-INFO: 00:12:02.301: delete node: IP: 64.233.162.189. Number of nodes 37
EtherApe-INFO: 00:12:02.301: delete node: IP: 35.207.191.46. Number of nodes 36
EtherApe-INFO: 00:12:21.986: New node: IP: 142.250.203.138. Number of nodes 37
EtherApe-INFO: 00:12:33.159: New node: IP: 176.122.110.206. Number of nodes 38
EtherApe-INFO: 00:12:33.420: New node: IP: 173.194.189.20. Number of nodes 39
EtherApe-INFO: 00:12:38.374: New node: IP: 173.194.189.93. Number of nodes 40
EtherApe-INFO: 00:12:39.399: New node: IP: 216.58.213.227. Number of nodes 41
EtherApe-INFO: 00:12:43.039: New node: IP: 142.250.186.205. Number of nodes 42
EtherApe-INFO: 00:12:58.899: New node: IP: 142.250.75.4. Number of nodes 43
EtherApe-INFO: 00:13:19.699: New node: IPv6: fe80::9ada:c4ff:febf:99a5. Number of nodes 44
EtherApe-INFO: 00:13:19.700: New node: IPv6: ff02::1. Number of nodes 45
EtherApe-INFO: 00:13:21.369: delete node: IP: 95.216.195.133. Number of nodes 44
EtherApe-INFO: 00:13:35.057: delete node: IP: 176.122.113.13. Number of nodes 43
EtherApe-INFO: 00:13:36.176: delete node: IP: 173.194.50.19. Number of nodes 42
EtherApe-INFO: 00:13:39.459: New node: IP: 216.239.32.116. Number of nodes 43
EtherApe-INFO: 00:14:34.408: delete node: IP: 173.194.189.20. Number of nodes 42
EtherApe-INFO: 00:14:39.085: delete node: IP: 176.122.110.206. Number of nodes 41
EtherApe-INFO: 00:14:39.085: delete node: IP: 176.122.110.205. Number of nodes 40
EtherApe-INFO: 00:14:39.085: delete node: IP: 173.194.189.93. Number of nodes 39
EtherApe-INFO: 00:14:39.086: delete node: IP: 142.250.186.202. Number of nodes 38
EtherApe-INFO: 00:14:39.086: delete node: IP: 34.176.4.59. Number of nodes 37
EtherApe-INFO: 00:14:40.849: New node: IP: 149.154.167.223. Number of nodes 38
EtherApe-INFO: 00:14:58.809: New node: IP: 172.217.16.37. Number of nodes 39
EtherApe-INFO: 00:15:09.838: delete node: IP: 142.250.75.4. Number of nodes 38
EtherApe-INFO: 00:15:20.012: delete node: IPv6: ff02::1. Number of nodes 37
EtherApe-INFO: 00:15:20.012: delete node: IPv6: fe80::9ada:c4ff:febf:99a5. Number of nodes 36
EtherApe-INFO: 00:16:03.053: delete node: IP: 173.194.221.100. Number of nodes 35
EtherApe-INFO: 00:16:06.118: delete node: IP: 216.58.208.205. Number of nodes 34
EtherApe-INFO: 00:16:06.118: delete node: IP: 142.250.75.14. Number of nodes 33
EtherApe-INFO: 00:16:10.582: delete node: IP: 216.58.209.14. Number of nodes 32
EtherApe-INFO: 00:16:10.795: delete node: IP: 216.58.215.106. Number of nodes 31
EtherApe-INFO: 00:16:10.795: delete node: IP: 172.217.16.22. Number of nodes 30
EtherApe-INFO: 00:16:11.856: delete node: IP: 172.217.20.206. Number of nodes 29
EtherApe-INFO: 00:16:16.317: delete node: IP: 216.58.208.195. Number of nodes 28
EtherApe-INFO: 00:16:16.317: delete node: IP: 142.250.75.3. Number of nodes 27
EtherApe-INFO: 00:16:16.532: delete node: IP: 142.250.203.142. Number of nodes 26
EtherApe-INFO: 00:16:17.384: delete node: IP: 216.58.209.10. Number of nodes 25
EtherApe-INFO: 00:16:20.449: New node: IP: 95.216.195.133. Number of nodes 26
EtherApe-INFO: 00:16:20.547: delete node: IP: 142.250.203.193. Number of nodes 25
EtherApe-INFO: 00:16:22.646: delete node: IP: 172.217.16.42. Number of nodes 24
EtherApe-INFO: 00:16:26.759: New node: IP: 172.217.16.46. Number of nodes 25
EtherApe-INFO: 00:16:26.759: New node: IP: 172.217.20.206. Number of nodes 26
EtherApe-INFO: 00:16:27.540: New node: IP: 216.58.215.74. Number of nodes 27
EtherApe-INFO: 00:16:27.799: New node: IP: 172.217.16.42. Number of nodes 28
EtherApe-INFO: 00:16:29.362: New node: IP: 216.58.215.78. Number of nodes 29
EtherApe-INFO: 00:16:29.364: New node: IP: 216.58.209.1. Number of nodes 30
EtherApe-INFO: 00:16:34.889: New node: IP: 142.250.203.142. Number of nodes 31
EtherApe-INFO: 00:16:36.215: delete node: IP: 216.58.215.110. Number of nodes 30
EtherApe-INFO: 00:16:44.539: New node: IP: 216.58.208.202. Number of nodes 31
EtherApe-INFO: 00:17:08.662: delete node: IP: 172.217.16.14. Number of nodes 30
EtherApe-INFO: 00:17:32.899: New node: IP: 216.58.208.205. Number of nodes 31
EtherApe-INFO: 00:17:32.982: delete node: IP: 172.217.16.35. Number of nodes 30
EtherApe-INFO: 00:17:38.939: New node: IPv6: fe80::9ada:c4ff:febf:99a5. Number of nodes 31
EtherApe-INFO: 00:17:38.939: New node: IPv6: ff02::1. Number of nodes 32
EtherApe-INFO: 00:17:39.469: New node: IP: 172.217.16.35. Number of nodes 33
EtherApe-INFO: 00:17:58.089: New node: IP: 142.250.186.196. Number of nodes 34
EtherApe-INFO: 00:18:06.959: New node: IP: 216.58.208.195. Number of nodes 35
EtherApe-INFO: 00:18:09.839: New node: IP: 216.58.215.106. Number of nodes 36
EtherApe-INFO: 00:18:20.804: delete node: IP: 95.216.195.133. Number of nodes 35
EtherApe-INFO: 00:18:29.444: delete node: IP: 149.154.167.223. Number of nodes 34
EtherApe-INFO: 00:18:30.177: delete node: IP: 172.217.16.46. Number of nodes 33
EtherApe-INFO: 00:18:39.329: New node: IP: 142.251.40.195. Number of nodes 34
EtherApe-INFO: 00:18:39.686: delete node: IP: 216.58.213.227. Number of nodes 33
EtherApe-INFO: 00:18:44.932: delete node: IP: 142.250.75.10. Number of nodes 32
EtherApe-INFO: 00:18:47.481: delete node: IP: 142.250.203.138. Number of nodes 31
EtherApe-INFO: 00:18:48.769: New node: IP: 172.217.16.46. Number of nodes 32
EtherApe-INFO: 00:18:54.060: delete node: IP: 142.250.186.205. Number of nodes 31
EtherApe-INFO: 00:19:11.699: New node: IP: 149.154.167.223. Number of nodes 32
EtherApe-INFO: 00:19:27.977: delete node: IP: 142.250.203.142. Number of nodes 31
EtherApe-INFO: 00:19:38.971: delete node: IPv6: ff02::1. Number of nodes 30
EtherApe-INFO: 00:19:38.971: delete node: IPv6: fe80::9ada:c4ff:febf:99a5. Number of nodes 29
EtherApe-INFO: 00:19:39.502: delete node: IP: 216.239.32.116. Number of nodes 28
EtherApe-INFO: 00:20:00.549: New node: IP: 31.28.161.68. Number of nodes 29
EtherApe-INFO: 00:20:01.120: delete node: IP: 216.58.208.196. Number of nodes 28
EtherApe-INFO: 00:20:09.981: delete node: IP: 216.58.215.106. Number of nodes 27
EtherApe-INFO: 00:20:31.629: New node: IP: 142.250.203.131. Number of nodes 28
EtherApe-INFO: 00:20:40.323: delete node: IP: 142.251.40.195. Number of nodes 27
EtherApe-INFO: 00:20:55.231: delete node: IP: 216.58.208.202. Number of nodes 26
EtherApe-INFO: 00:21:20.559: New node: IP: 95.216.195.133. Number of nodes 27
EtherApe-INFO: 00:21:27.653: delete node: IP: 149.154.167.223. Number of nodes 26
EtherApe-INFO: 00:21:39.349: New node: IP: 216.239.32.116. Number of nodes 27
EtherApe-INFO: 00:21:39.609: New node: IP: 216.58.215.106. Number of nodes 28
EtherApe-INFO: 00:21:43.846: delete node: IP: 216.58.208.195. Number of nodes 27
EtherApe-INFO: 00:22:01.803: delete node: IP: 31.28.161.68. Number of nodes 26
EtherApe-INFO: 00:22:28.244: delete node: IP: 216.58.215.74. Number of nodes 25
EtherApe-INFO: 00:22:31.870: delete node: IP: 216.58.215.78. Number of nodes 24
EtherApe-INFO: 00:22:31.870: delete node: IP: 216.58.209.1. Number of nodes 23
EtherApe-INFO: 00:22:36.129: delete node: IP: 172.217.20.206. Number of nodes 22
EtherApe-INFO: 00:22:40.007: delete node: IP: 216.58.208.206. Number of nodes 21
EtherApe-INFO: 00:22:52.989: New node: IP: 142.250.186.205. Number of nodes 22
EtherApe-INFO: 00:22:54.029: New node: IP: 216.58.208.196. Number of nodes 23
EtherApe-INFO: 00:23:22.243: delete node: IP: 95.216.195.133. Number of nodes 22
EtherApe-INFO: 00:23:39.967: delete node: IP: 216.239.32.116. Number of nodes 21
EtherApe-INFO: 00:23:39.967: delete node: IP: 172.217.16.35. Number of nodes 20
EtherApe-INFO: 00:23:53.729: New node: IP: 216.58.208.206. Number of nodes 21
EtherApe-INFO: 00:23:54.797: delete node: IP: 216.58.208.205. Number of nodes 20
EtherApe-INFO: 00:24:45.432: delete node: IP: 142.250.186.196. Number of nodes 19
EtherApe-INFO: 00:24:53.810: delete node: IP: 172.217.16.46. Number of nodes 18
EtherApe-INFO: 00:24:55.389: New node: IPv6: fe80::9ada:c4ff:febf:99a5. Number of nodes 19
EtherApe-INFO: 00:24:55.389: New node: IPv6: ff02::1. Number of nodes 20
EtherApe-INFO: 00:25:10.779: New node: IP: 149.154.167.223. Number of nodes 21
EtherApe-INFO: 00:25:16.261: New node: IP: 176.122.113.77. Number of nodes 22
EtherApe-INFO: 00:25:16.519: New node: IP: 173.194.50.19. Number of nodes 23
EtherApe-INFO: 00:25:16.520: New node: IP: 173.194.182.72. Number of nodes 24
EtherApe-INFO: 00:25:17.041: New node: IP: 142.250.203.150. Number of nodes 25
EtherApe-INFO: 00:25:19.389: New node: IP: 142.250.203.193. Number of nodes 26
EtherApe-INFO: 00:25:41.129: New node: IP: 176.122.113.13. Number of nodes 27
EtherApe-INFO: 00:26:20.531: New node: IP: 95.216.195.133. Number of nodes 28
EtherApe-INFO: 00:26:39.870: delete node: IP: 216.58.209.3. Number of nodes 27
EtherApe-INFO: 00:26:42.409: New node: IP: 216.58.209.3. Number of nodes 28
EtherApe-INFO: 00:26:55.802: delete node: IPv6: ff02::1. Number of nodes 27
EtherApe-INFO: 00:26:55.802: delete node: IPv6: fe80::9ada:c4ff:febf:99a5. Number of nodes 26
EtherApe-INFO: 00:26:56.809: New node: IP: 142.250.75.13. Number of nodes 27
EtherApe-INFO: 00:27:16.752: delete node: IP: 176.122.113.77. Number of nodes 26
EtherApe-INFO: 00:27:17.801: delete node: IP: 173.194.182.72. Number of nodes 25
EtherApe-INFO: 00:27:17.801: delete node: IP: 173.194.50.19. Number of nodes 24
EtherApe-INFO: 00:27:19.374: delete node: IP: 216.58.215.106. Number of nodes 23
EtherApe-INFO: 00:27:26.536: delete node: IP: 149.154.167.223. Number of nodes 22
EtherApe-INFO: 00:27:28.566: New node: IP: 216.58.215.106. Number of nodes 23
EtherApe-INFO: 00:27:50.411: delete node: IP: 142.250.203.193. Number of nodes 22
EtherApe-INFO: 00:27:53.041: delete node: IP: 142.250.203.150. Number of nodes 21
EtherApe-INFO: 00:28:07.912: New node: IP: 149.154.167.223. Number of nodes 22
EtherApe-INFO: 00:28:20.823: delete node: IP: 95.216.195.133. Number of nodes 21
EtherApe-INFO: 00:28:24.295: delete node: IP: 142.250.186.205. Number of nodes 20
EtherApe-INFO: 00:28:58.759: New node: IP: 142.250.203.142. Number of nodes 21
EtherApe-INFO: 00:29:58.364: delete node: IP: 216.58.208.206. Number of nodes 20
EtherApe-INFO: 00:30:04.647: delete node: IP: 142.250.203.131. Number of nodes 19
EtherApe-INFO: 00:30:19.439: New node: IP: 142.250.186.202. Number of nodes 20
EtherApe-INFO: 00:30:23.121: delete node: IP: 149.154.167.223. Number of nodes 19
EtherApe-INFO: 00:30:34.719: New node: IP: 149.154.167.223. Number of nodes 20
EtherApe-INFO: 00:31:20.569: New node: IP: 95.216.195.133. Number of nodes 21
EtherApe-INFO: 00:31:21.609: New node: IPv6: fe80::9ada:c4ff:febf:99a5. Number of nodes 22
EtherApe-INFO: 00:31:21.609: New node: IPv6: ff02::1. Number of nodes 23
EtherApe-INFO: 00:31:34.859: New node: IP: 216.58.215.74. Number of nodes 24
EtherApe-INFO: 00:31:44.019: New node: IP: 216.58.208.206. Number of nodes 25
EtherApe-INFO: 00:32:19.699: New node: IP: 142.250.75.10. Number of nodes 26
EtherApe-INFO: 00:32:19.762: delete node: IP: 142.250.186.202. Number of nodes 25
EtherApe-INFO: 00:32:35.949: New node: IP: 172.217.16.5. Number of nodes 26
EtherApe-INFO: 00:32:36.219: New node: IP: 142.250.75.14. Number of nodes 27
EtherApe-INFO: 00:32:45.189: New node: IP: 172.217.16.14. Number of nodes 28
EtherApe-INFO: 00:32:54.176: delete node: IP: 142.250.203.206. Number of nodes 27
EtherApe-INFO: 00:32:58.711: Nodes: 27 (shown 20)
EtherApe-INFO: 00:32:58.882: Nodes: 27 (shown 20)
EtherApe-INFO: 00:33:02.989: New node: IP: 142.250.186.205. Number of nodes 28
EtherApe-INFO: 00:33:10.579: New node: IP: 216.58.209.10. Number of nodes 29
EtherApe-INFO: 00:33:20.864: delete node: IP: 95.216.195.133. Number of nodes 28
EtherApe-INFO: 00:33:22.234: delete node: IPv6: ff02::1. Number of nodes 27
EtherApe-INFO: 00:33:22.234: delete node: IPv6: fe80::9ada:c4ff:febf:99a5. Number of nodes 26
EtherApe-INFO: 00:33:22.389: New node: IP: 35.219.153.27. Number of nodes 27
EtherApe-INFO: 00:33:23.505: delete node: IP: 149.154.167.223. Number of nodes 26
EtherApe-INFO: 00:33:27.109: New node: IP: 172.217.16.35. Number of nodes 27
EtherApe-INFO: 00:33:34.987: delete node: IP: 216.58.215.74. Number of nodes 26
EtherApe-INFO: 00:33:36.269: New node: IP: 216.239.32.116. Number of nodes 27
EtherApe-INFO: 00:33:41.911: delete node: IP: 176.122.113.13. Number of nodes 26
EtherApe-INFO: 00:34:00.709: New node: IP: 216.58.215.86. Number of nodes 27
EtherApe-INFO: 00:34:03.600: New node: IP: 142.250.203.206. Number of nodes 28
EtherApe-INFO: 00:34:03.703: delete node: IP: 172.217.16.42. Number of nodes 27
EtherApe-INFO: 00:34:03.703: delete node: IP: 142.250.75.13. Number of nodes 26
EtherApe-INFO: 00:34:05.959: New node: IP: 176.122.113.76. Number of nodes 27
EtherApe-INFO: 00:34:08.309: New node: IP: 216.58.208.202. Number of nodes 28
EtherApe-INFO: 00:34:12.429: New node: IP: 142.250.203.129. Number of nodes 29
EtherApe-INFO: 00:34:35.830: delete node: IP: 216.58.208.206. Number of nodes 28
EtherApe-INFO: 00:34:37.638: delete node: IP: 142.250.75.14. Number of nodes 27
EtherApe-INFO: 00:35:04.020: New node: IP: 172.217.28.3. Number of nodes 28
EtherApe-INFO: 00:35:04.069: delete node: IP: 142.250.203.142. Number of nodes 27
EtherApe-INFO: 00:35:08.979: New node: IP: 34.64.233.111. Number of nodes 28
EtherApe-INFO: 00:35:26.419: New node: IP: 216.58.208.195. Number of nodes 29
EtherApe-INFO: 00:35:28.578: delete node: IP: 35.219.153.27. Number of nodes 28
EtherApe-INFO: 00:35:36.427: delete node: IP: 216.239.32.116. Number of nodes 27
EtherApe-INFO: 00:35:41.349: New node: IP: 35.217.93.191. Number of nodes 28
EtherApe-INFO: 00:35:51.829: New node: IP: 176.122.110.205. Number of nodes 29
EtherApe-INFO: 00:35:56.459: New node: IP: 149.154.167.223. Number of nodes 30
EtherApe-INFO: 00:36:04.169: New node: IP: 216.239.32.116. Number of nodes 31
EtherApe-INFO: 00:36:10.713: delete node: IP: 176.122.113.76. Number of nodes 30
EtherApe-INFO: 00:36:11.209: New node: IP: 176.122.113.78. Number of nodes 31
EtherApe-INFO: 00:36:11.211: New node: IP: 74.125.15.21. Number of nodes 32
EtherApe-INFO: 00:36:20.619: New node: IP: 95.216.195.133. Number of nodes 33
EtherApe-INFO: 00:36:34.999: New node: IP: 176.122.113.77. Number of nodes 34
EtherApe-INFO: 00:37:04.309: New node: IP: 35.206.197.180. Number of nodes 35
EtherApe-INFO: 00:37:04.829: New node: IP: 31.28.161.68. Number of nodes 36
EtherApe-INFO: 00:37:06.713: delete node: IP: 172.217.28.3. Number of nodes 35
EtherApe-INFO: 00:37:06.909: New node: IP: 142.250.203.141. Number of nodes 36
EtherApe-INFO: 00:37:07.179: New node: IP: 35.214.142.18. Number of nodes 37
EtherApe-INFO: 00:37:09.809: New node: IP: 142.251.4.94. Number of nodes 38
EtherApe-INFO: 00:37:19.459: New node: IP: 216.58.208.214. Number of nodes 39
EtherApe-INFO: 00:37:25.463: New node: IP: 176.122.110.206. Number of nodes 40
EtherApe-INFO: 00:37:48.941: delete node: IP: 35.217.93.191. Number of nodes 39
EtherApe-INFO: 00:38:01.940: delete node: IP: 176.122.110.205. Number of nodes 38
EtherApe-INFO: 00:38:07.684: delete node: IP: 142.250.186.205. Number of nodes 37
EtherApe-INFO: 00:38:12.321: delete node: IP: 176.122.113.78. Number of nodes 36
EtherApe-INFO: 00:38:12.321: delete node: IP: 74.125.15.21. Number of nodes 35
EtherApe-INFO: 00:38:14.099: New node: IP: 176.122.110.204. Number of nodes 36
EtherApe-INFO: 00:38:14.359: New node: IP: 173.194.50.24. Number of nodes 37
EtherApe-INFO: 00:38:20.919: delete node: IP: 95.216.195.133. Number of nodes 36
EtherApe-INFO: 00:38:32.202: delete node: IP: 216.58.209.10. Number of nodes 35
EtherApe-INFO: 00:38:32.689: New node: IP: 216.58.215.118. Number of nodes 36
EtherApe-INFO: 00:38:34.816: delete node: IP: 216.58.208.202. Number of nodes 35
EtherApe-INFO: 00:38:36.337: delete node: IP: 216.58.208.195. Number of nodes 34
EtherApe-INFO: 00:38:36.337: delete node: IP: 172.217.16.5. Number of nodes 33
EtherApe-INFO: 00:38:36.589: New node: IP: 216.58.209.1. Number of nodes 34
EtherApe-INFO: 00:38:36.874: delete node: IP: 216.58.215.86. Number of nodes 33
EtherApe-INFO: 00:38:37.895: New node: IP: 216.58.208.206. Number of nodes 34
EtherApe-INFO: 00:38:41.534: New node: IP: 142.250.203.202. Number of nodes 35
EtherApe-INFO: 00:38:41.789: New node: IP: 142.250.203.138. Number of nodes 36
EtherApe-INFO: 00:38:42.049: New node: IP: 172.217.16.46. Number of nodes 37
EtherApe-INFO: 00:38:42.049: New node: IP: 142.250.75.14. Number of nodes 38
EtherApe-INFO: 00:38:43.089: New node: IP: 216.58.208.195. Number of nodes 39
EtherApe-INFO: 00:38:43.350: New node: IP: 216.58.209.14. Number of nodes 40
EtherApe-INFO: 00:38:44.163: delete node: IP: 176.122.113.77. Number of nodes 39
EtherApe-INFO: 00:38:50.112: New node: IP: 142.250.186.202. Number of nodes 40
EtherApe-INFO: 00:38:52.719: New node: IP: 52.84.194.29. Number of nodes 41
EtherApe-INFO: 00:38:53.230: New node: IP: 52.84.194.12. Number of nodes 42
EtherApe-INFO: 00:38:53.773: New node: IP: 52.84.194.22. Number of nodes 43
EtherApe-INFO: 00:38:55.569: New node: IP: 216.58.209.10. Number of nodes 44
EtherApe-INFO: 00:39:06.020: delete node: IP: 216.239.32.116. Number of nodes 43
EtherApe-INFO: 00:39:06.020: delete node: IP: 34.64.233.111. Number of nodes 42
EtherApe-INFO: 00:39:06.020: delete node: IP: 31.28.161.68. Number of nodes 41
EtherApe-INFO: 00:39:08.616: delete node: IP: 172.217.16.35. Number of nodes 40
EtherApe-INFO: 00:39:13.262: delete node: IP: 35.214.142.18. Number of nodes 39
EtherApe-INFO: 00:39:26.528: delete node: IP: 176.122.110.206. Number of nodes 38
EtherApe-INFO: 00:39:27.077: delete node: IP: 172.217.16.14. Number of nodes 37
EtherApe-INFO: 00:39:27.289: New node: IP: 52.58.131.186. Number of nodes 38
EtherApe-INFO: 00:39:27.290: New node: IP: 18.64.79.43. Number of nodes 39
EtherApe-INFO: 00:39:27.290: New node: IP: 18.66.2.72. Number of nodes 40
EtherApe-INFO: 00:39:27.290: New node: IP: 216.58.209.2. Number of nodes 41
EtherApe-INFO: 00:39:27.292: New node: IP: 52.84.194.65. Number of nodes 42
EtherApe-INFO: 00:39:30.669: New node: IP: 52.84.194.107. Number of nodes 43
EtherApe-INFO: 00:39:31.189: New node: IP: 18.64.79.62. Number of nodes 44
EtherApe-INFO: 00:39:34.829: New node: IP: 216.58.208.202. Number of nodes 45
EtherApe-INFO: 00:39:39.080: delete node: IP: 149.154.167.223. Number of nodes 44
EtherApe-INFO: 00:39:57.531: delete node: IP: 142.250.203.129. Number of nodes 43
EtherApe-INFO: 00:39:58.771: delete node: IP: 216.58.208.214. Number of nodes 42
EtherApe-INFO: 00:40:04.786: delete node: IP: 142.251.4.94. Number of nodes 41
EtherApe-INFO: 00:40:09.669: New node: IP: 52.84.194.24. Number of nodes 42
EtherApe-INFO: 00:40:14.089: New node: IPv6: fe80::9ada:c4ff:febf:99a5. Number of nodes 43
EtherApe-INFO: 00:40:14.089: New node: IPv6: ff02::1. Number of nodes 44
EtherApe-INFO: 00:40:14.175: delete node: IP: 176.122.110.204. Number of nodes 43
EtherApe-INFO: 00:40:32.369: delete node: IP: 173.194.50.24. Number of nodes 42
EtherApe-INFO: 00:40:33.377: delete node: IP: 216.58.215.118. Number of nodes 41
EtherApe-INFO: 00:40:38.302: delete node: IP: 35.206.197.180. Number of nodes 40
EtherApe-INFO: 00:40:40.609: New node: IP: 142.250.203.131. Number of nodes 41
EtherApe-INFO: 00:40:43.517: delete node: IP: 142.250.75.14. Number of nodes 40
EtherApe-INFO: 00:40:46.069: New node: IP: 176.122.113.78. Number of nodes 41
EtherApe-INFO: 00:40:46.329: New node: IP: 173.194.50.223. Number of nodes 42
EtherApe-INFO: 00:40:46.589: New node: IP: 216.58.215.118. Number of nodes 43
EtherApe-INFO: 00:40:51.072: delete node: IP: 216.58.209.1. Number of nodes 42
EtherApe-INFO: 00:40:51.073: delete node: IP: 216.58.208.195. Number of nodes 41
EtherApe-INFO: 00:40:56.557: delete node: IP: 172.217.16.46. Number of nodes 40
EtherApe-INFO: 00:40:58.549: New node: IP: 142.250.203.193. Number of nodes 41
EtherApe-INFO: 00:41:03.604: delete node: IP: 216.58.215.106. Number of nodes 40
EtherApe-INFO: 00:41:20.649: New node: IP: 95.216.195.133. Number of nodes 41
EtherApe-INFO: 00:41:52.109: New node: IP: 142.250.203.142. Number of nodes 42
EtherApe-INFO: 00:41:57.128: delete node: IP: 216.58.209.10. Number of nodes 41
EtherApe-INFO: 00:42:03.809: New node: IP: 34.125.80.210. Number of nodes 42
EtherApe-INFO: 00:42:04.069: New node: IP: 172.217.16.35. Number of nodes 43
EtherApe-INFO: 00:42:11.921: delete node: IP: 142.250.75.10. Number of nodes 42
EtherApe-INFO: 00:42:14.994: delete node: IPv6: ff02::1. Number of nodes 41
EtherApe-INFO: 00:42:14.994: delete node: IPv6: fe80::9ada:c4ff:febf:99a5. Number of nodes 40
EtherApe-INFO: 00:42:41.509: New node: IP: 142.250.75.10. Number of nodes 41
EtherApe-INFO: 00:42:42.293: New node: IP: 176.122.113.12. Number of nodes 42
EtherApe-INFO: 00:42:46.741: delete node: IP: 176.122.113.78. Number of nodes 41
EtherApe-INFO: 00:42:46.741: delete node: IP: 173.194.50.223. Number of nodes 40
EtherApe-INFO: 00:43:20.807: delete node: IP: 95.216.195.133. Number of nodes 39
EtherApe-INFO: 00:43:41.116: delete node: IP: 216.58.208.202. Number of nodes 38
EtherApe-INFO: 00:44:02.801: delete node: IP: 52.58.131.186. Number of nodes 37
EtherApe-INFO: 00:44:04.081: delete node: IP: 216.58.209.2. Number of nodes 36
EtherApe-INFO: 00:44:04.081: delete node: IP: 18.66.2.72. Number of nodes 35
EtherApe-INFO: 00:44:04.081: delete node: IP: 18.64.79.43. Number of nodes 34
EtherApe-INFO: 00:44:09.739: New node: IP: 216.58.215.74. Number of nodes 35
EtherApe-INFO: 00:44:09.766: delete node: IP: 34.125.80.210. Number of nodes 34
EtherApe-INFO: 00:44:15.542: delete node: IP: 142.250.186.202. Number of nodes 33
EtherApe-INFO: 00:44:39.663: delete node: IP: 216.58.208.206. Number of nodes 32
EtherApe-INFO: 00:44:42.873: delete node: IP: 142.250.75.10. Number of nodes 31
EtherApe-INFO: 00:44:44.672: delete node: IP: 216.58.215.118. Number of nodes 30
EtherApe-INFO: 00:44:44.672: delete node: IP: 216.58.209.14. Number of nodes 29
EtherApe-INFO: 00:44:44.672: delete node: IP: 142.250.203.193. Number of nodes 28
EtherApe-INFO: 00:44:51.736: delete node: IP: 142.250.203.142. Number of nodes 27
EtherApe-INFO: 00:44:59.824: delete node: IP: 52.84.194.12. Number of nodes 26
EtherApe-INFO: 00:45:03.988: New node: IP: 216.239.32.116. Number of nodes 27
EtherApe-INFO: 00:45:04.304: delete node: IP: 172.217.16.35. Number of nodes 26
EtherApe-INFO: 00:45:25.769: New node: IP: 216.58.208.202. Number of nodes 27
EtherApe-INFO: 00:45:26.030: New node: IP: 34.64.233.111. Number of nodes 28
EtherApe-INFO: 00:45:31.749: New node: IP: 172.217.16.35. Number of nodes 29
EtherApe-INFO: 00:45:31.749: New node: IP: 35.215.161.98. Number of nodes 30
EtherApe-INFO: 00:45:31.825: delete node: IP: 52.84.194.107. Number of nodes 29
EtherApe-INFO: 00:45:31.825: delete node: IP: 18.64.79.62. Number of nodes 28
EtherApe-INFO: 00:45:34.869: New node: IP: 173.194.69.94. Number of nodes 29
EtherApe-INFO: 00:45:34.870: New node: IP: 35.211.148.231. Number of nodes 30
EtherApe-INFO: 00:45:35.649: New node: IP: 35.215.54.231. Number of nodes 31
EtherApe-INFO: 00:46:02.459: New node: IP: 216.58.208.205. Number of nodes 32
EtherApe-INFO: 00:46:10.749: New node: IP: 149.154.167.223. Number of nodes 33
EtherApe-INFO: 00:46:11.613: delete node: IP: 52.84.194.24. Number of nodes 32
EtherApe-INFO: 00:46:15.749: delete node: IP: 52.84.194.29. Number of nodes 31
EtherApe-INFO: 00:46:20.629: New node: IP: 95.216.195.133. Number of nodes 32
EtherApe-INFO: 00:46:25.309: New node: IP: 142.250.186.202. Number of nodes 33
EtherApe-INFO: 00:46:28.470: delete node: IP: 52.84.194.22. Number of nodes 32
EtherApe-INFO: 00:46:34.940: delete node: IP: 142.250.203.202. Number of nodes 31
EtherApe-INFO: 00:47:01.912: delete node: IP: 52.84.194.65. Number of nodes 30
EtherApe-INFO: 00:47:07.392: delete node: IP: 216.58.215.74. Number of nodes 29
EtherApe-INFO: 00:47:15.089: New node: IPv6: fe80::9ada:c4ff:febf:99a5. Number of nodes 30
EtherApe-INFO: 00:47:15.089: New node: IPv6: ff02::1. Number of nodes 31
EtherApe-INFO: 00:47:16.909: New node: IP: 142.250.186.205. Number of nodes 32
EtherApe-INFO: 00:47:40.931: delete node: IP: 35.211.148.231. Number of nodes 31
EtherApe-INFO: 00:47:41.879: delete node: IP: 35.215.54.231. Number of nodes 30
EtherApe-INFO: 00:47:42.649: New node: IP: 142.250.75.10. Number of nodes 31
EtherApe-INFO: 00:48:04.230: New node: IP: 216.58.208.206. Number of nodes 32
EtherApe-INFO: 00:48:04.331: delete node: IP: 173.194.69.94. Number of nodes 31
EtherApe-INFO: 00:48:23.300: delete node: IP: 95.216.195.133. Number of nodes 30
EtherApe-INFO: 00:48:26.340: delete node: IP: 149.154.167.223. Number of nodes 29
EtherApe-INFO: 00:48:40.369: New node: IP: 216.58.208.195. Number of nodes 30
EtherApe-INFO: 00:48:40.970: delete node: IP: 142.250.203.141. Number of nodes 29
EtherApe-INFO: 00:48:43.815: delete node: IP: 216.58.208.202. Number of nodes 28
EtherApe-INFO: 00:48:47.917: New node: IP: 172.217.16.5. Number of nodes 29
EtherApe-INFO: 00:48:58.854: delete node: IP: 176.122.113.12. Number of nodes 28
EtherApe-INFO: 00:49:04.029: New node: IP: 216.239.32.117. Number of nodes 29
EtherApe-INFO: 00:49:07.695: delete node: IP: 142.250.203.138. Number of nodes 28
EtherApe-INFO: 00:49:14.169: New node: IP: 216.58.209.22. Number of nodes 29
EtherApe-INFO: 00:49:15.561: delete node: IPv6: ff02::1. Number of nodes 28
EtherApe-INFO: 00:49:15.561: delete node: IPv6: fe80::9ada:c4ff:febf:99a5. Number of nodes 27
EtherApe-INFO: 00:49:19.369: New node: IP: 176.122.110.205. Number of nodes 28
EtherApe-INFO: 00:49:20.669: New node: IP: 142.250.203.138. Number of nodes 29
EtherApe-INFO: 00:49:20.930: New node: IP: 142.250.203.193. Number of nodes 30
EtherApe-INFO: 00:49:40.610: delete node: IP: 216.58.208.205. Number of nodes 29
EtherApe-INFO: 00:50:02.429: New node: IP: 142.250.203.141. Number of nodes 30
EtherApe-INFO: 00:50:04.264: delete node: IP: 216.58.208.206. Number of nodes 29
EtherApe-INFO: 00:50:04.264: delete node: IP: 172.217.16.35. Number of nodes 28
EtherApe-INFO: 00:50:31.819: New node: IP: 149.154.167.223. Number of nodes 29
EtherApe-INFO: 00:50:47.950: delete node: IP: 35.215.161.98. Number of nodes 28
EtherApe-INFO: 00:50:47.950: delete node: IP: 34.64.233.111. Number of nodes 27
EtherApe-INFO: 00:51:04.387: delete node: IP: 216.239.32.117. Number of nodes 26
EtherApe-INFO: 00:51:04.810: delete node: IP: 216.239.32.116. Number of nodes 25
EtherApe-INFO: 00:51:20.649: New node: IP: 95.216.195.133. Number of nodes 26
EtherApe-INFO: 00:51:22.732: delete node: IP: 142.250.203.193. Number of nodes 25
EtherApe-INFO: 00:51:28.346: delete node: IP: 216.58.209.22. Number of nodes 24
EtherApe-INFO: 00:51:29.889: New node: IPv6: fe80::9ada:c4ff:febf:99a5. Number of nodes 25
EtherApe-INFO: 00:51:29.889: New node: IPv6: ff02::1. Number of nodes 26
EtherApe-INFO: 00:51:34.829: New node: IP: 172.217.20.206. Number of nodes 27
EtherApe-INFO: 00:51:43.599: delete node: IP: 216.58.208.195. Number of nodes 26
EtherApe-INFO: 00:52:02.696: delete node: IP: 142.250.203.141. Number of nodes 25
EtherApe-INFO: 00:52:32.364: delete node: IP: 142.250.203.138. Number of nodes 24
EtherApe-INFO: 00:52:42.319: New node: IP: 142.250.203.142. Number of nodes 25
EtherApe-INFO: 00:52:49.720: New node: IP: 216.58.215.106. Number of nodes 26
EtherApe-INFO: 00:53:20.834: delete node: IP: 95.216.195.133. Number of nodes 25
EtherApe-INFO: 00:53:22.910: New node: IP: 216.58.208.205. Number of nodes 26
EtherApe-INFO: 00:53:29.950: delete node: IPv6: ff02::1. Number of nodes 25
EtherApe-INFO: 00:53:29.950: delete node: IPv6: fe80::9ada:c4ff:febf:99a5. Number of nodes 24
EtherApe-INFO: 00:54:14.080: delete node: IP: 142.250.75.10. Number of nodes 23
EtherApe-INFO: 00:54:39.373: delete node: IP: 142.250.186.205. Number of nodes 22
EtherApe-INFO: 00:54:42.180: delete node: IP: 172.217.20.206. Number of nodes 21
EtherApe-INFO: 00:54:48.224: delete node: IP: 172.217.16.5. Number of nodes 20
EtherApe-INFO: 00:55:27.622: delete node: IP: 149.154.167.223. Number of nodes 19
EtherApe-INFO: 00:55:34.690: delete node: IP: 142.250.203.142. Number of nodes 18
EtherApe-INFO: 00:55:49.282: delete node: IP: 142.250.186.202. Number of nodes 17
EtherApe-INFO: 00:55:52.179: New node: IP: 142.250.186.202. Number of nodes 18
EtherApe-INFO: 00:56:20.599: New node: IP: 95.216.195.133. Number of nodes 19
EtherApe-INFO: 00:57:10.549: New node: IP: 142.250.203.142. Number of nodes 20
EtherApe-INFO: 00:57:31.827: New node: IP: 149.154.167.223. Number of nodes 21
EtherApe-INFO: 00:57:34.689: New node: IP: 142.250.203.202. Number of nodes 22
EtherApe-INFO: 00:57:52.364: delete node: IP: 142.250.186.202. Number of nodes 21
EtherApe-INFO: 00:58:02.089: New node: IPv6: fe80::9ada:c4ff:febf:99a5. Number of nodes 22
EtherApe-INFO: 00:58:02.089: New node: IPv6: ff02::1. Number of nodes 23
EtherApe-INFO: 00:58:21.760: delete node: IP: 95.216.195.133. Number of nodes 22
EtherApe-INFO: 00:58:27.789: New node: IP: 142.250.186.205. Number of nodes 23
EtherApe-INFO: 00:58:34.270: New node: IP: 172.217.16.14. Number of nodes 24
EtherApe-INFO: 00:59:00.856: delete node: IP: 142.250.186.206. Number of nodes 23
EtherApe-INFO: 00:59:53.511: delete node: IP: 216.58.208.205. Number of nodes 22
EtherApe-INFO: 01:00:02.336: delete node: IPv6: ff02::1. Number of nodes 21
EtherApe-INFO: 01:00:02.336: delete node: IPv6: fe80::9ada:c4ff:febf:99a5. Number of nodes 20
EtherApe-INFO: 01:00:04.099: New node: IP: 173.194.78.94. Number of nodes 21
EtherApe-INFO: 01:00:27.711: delete node: IP: 142.250.203.142. Number of nodes 20
EtherApe-INFO: 01:01:20.539: New node: IP: 95.216.195.133. Number of nodes 21
EtherApe-INFO: 01:02:04.677: delete node: IP: 173.194.78.94. Number of nodes 20
EtherApe-INFO: 01:02:13.349: delete node: IP: 149.154.167.223. Number of nodes 19
EtherApe-INFO: 01:02:24.605: Nodes: 19 (shown 17)
EtherApe-INFO: 01:02:24.775: Nodes: 19 (shown 17)
EtherApe-INFO: 01:02:32.039: New node: IP: 142.250.75.13. Number of nodes 20
EtherApe-INFO: 01:02:50.069: New node: IP: 216.58.208.206. Number of nodes 21
EtherApe-INFO: 01:02:50.070: New node: IP: 142.250.186.196. Number of nodes 22
EtherApe-INFO: 01:03:21.059: delete node: IP: 95.216.195.133. Number of nodes 21
EtherApe-INFO: 01:03:34.369: New node: IP: 216.58.215.118. Number of nodes 22
EtherApe-INFO: 01:03:35.149: New node: IP: 142.250.75.3. Number of nodes 23
EtherApe-INFO: 01:03:35.409: New node: IP: 142.250.203.193. Number of nodes 24
EtherApe-INFO: 01:03:52.529: delete node: IP: 142.250.203.202. Number of nodes 23
EtherApe-INFO: 01:03:59.815: delete node: IP: 142.250.186.205. Number of nodes 22
EtherApe-INFO: 01:04:05.282: New node: IP: 142.250.75.10. Number of nodes 23
EtherApe-INFO: 01:04:07.889: New node: IP: 176.122.110.206. Number of nodes 24
EtherApe-INFO: 01:04:16.310: delete node: IP: 176.122.110.205. Number of nodes 23
EtherApe-INFO: 01:04:22.949: New node: IP: 216.58.215.74. Number of nodes 24
EtherApe-INFO: 01:04:40.971: delete node: IP: 216.58.208.196. Number of nodes 23
EtherApe-INFO: 01:04:40.971: delete node: IP: 172.217.16.14. Number of nodes 22
EtherApe-INFO: 01:05:04.203: New node: IP: 172.217.28.227. Number of nodes 23
EtherApe-INFO: 01:05:27.759: New node: IP: 216.58.215.86. Number of nodes 24
EtherApe-INFO: 01:05:36.481: delete node: IP: 142.250.75.3. Number of nodes 23
EtherApe-INFO: 01:06:07.808: delete node: IP: 142.250.75.10. Number of nodes 22
EtherApe-INFO: 01:06:09.919: delete node: IP: 216.58.215.118. Number of nodes 21
EtherApe-INFO: 01:06:20.659: New node: IP: 95.216.195.133. Number of nodes 22
EtherApe-INFO: 01:06:31.590: New node: IP: 35.212.207.78. Number of nodes 23
EtherApe-INFO: 01:06:32.369: New node: IP: 172.217.16.3. Number of nodes 24
EtherApe-INFO: 01:06:44.459: New node: IPv6: fe80::9ada:c4ff:febf:99a5. Number of nodes 25
EtherApe-INFO: 01:06:44.459: New node: IPv6: ff02::1. Number of nodes 26
EtherApe-INFO: 01:07:04.109: New node: IP: 142.250.68.131. Number of nodes 27
EtherApe-INFO: 01:07:29.892: delete node: IP: 216.58.215.86. Number of nodes 26
EtherApe-INFO: 01:07:29.893: delete node: IP: 142.250.203.193. Number of nodes 25
EtherApe-INFO: 01:07:36.879: New node: IP: 142.250.203.141. Number of nodes 26
EtherApe-INFO: 01:07:38.449: New node: IP: 216.58.215.86. Number of nodes 27
EtherApe-INFO: 01:07:45.634: New node: IP: 172.217.16.14. Number of nodes 28
EtherApe-INFO: 01:07:47.969: New node: IP: 142.250.75.10. Number of nodes 29
EtherApe-INFO: 01:07:56.859: New node: IP: 216.58.208.202. Number of nodes 30
EtherApe-INFO: 01:08:04.190: New node: IP: 142.250.203.202. Number of nodes 31
EtherApe-INFO: 01:08:05.308: delete node: IP: 172.217.28.227. Number of nodes 30
EtherApe-INFO: 01:08:06.029: New node: IP: 216.58.209.14. Number of nodes 31
EtherApe-INFO: 01:08:09.669: New node: IP: 216.58.208.195. Number of nodes 32
EtherApe-INFO: 01:08:11.749: New node: IP: 142.250.186.206. Number of nodes 33
EtherApe-INFO: 01:08:12.269: New node: IP: 216.58.209.1. Number of nodes 34
EtherApe-INFO: 01:08:12.530: New node: IP: 172.217.16.46. Number of nodes 35
EtherApe-INFO: 01:08:13.840: New node: IP: 149.154.167.223. Number of nodes 36
EtherApe-INFO: 01:08:14.107: New node: IP: 172.217.20.206. Number of nodes 37
EtherApe-INFO: 01:08:14.359: New node: IP: 142.250.75.14. Number of nodes 38
EtherApe-INFO: 01:08:16.349: New node: IP: 216.58.215.110. Number of nodes 39
EtherApe-INFO: 01:08:20.793: delete node: IP: 95.216.195.133. Number of nodes 38
EtherApe-INFO: 01:08:25.142: New node: IP: 173.194.73.189. Number of nodes 39
EtherApe-INFO: 01:08:29.819: New node: IP: 91.198.174.192. Number of nodes 40
EtherApe-INFO: 01:08:30.599: New node: IP: 91.198.174.208. Number of nodes 41
EtherApe-INFO: 01:08:31.379: New node: IP: 142.250.186.202. Number of nodes 42
EtherApe-INFO: 01:08:32.740: delete node: IP: 172.217.16.3. Number of nodes 41
EtherApe-INFO: 01:08:37.364: delete node: IP: 35.212.207.78. Number of nodes 40
EtherApe-INFO: 01:08:44.421: delete node: IPv6: ff02::1. Number of nodes 39
EtherApe-INFO: 01:08:44.421: delete node: IPv6: fe80::9ada:c4ff:febf:99a5. Number of nodes 38
EtherApe-INFO: 01:08:47.873: delete node: IP: 142.250.75.13. Number of nodes 37
EtherApe-INFO: 01:09:00.129: New node: IP: 172.217.16.3. Number of nodes 38
EtherApe-INFO: 01:09:01.959: New node: IP: 172.217.20.214. Number of nodes 39
EtherApe-INFO: 01:09:04.908: delete node: IP: 142.250.68.131. Number of nodes 38
EtherApe-INFO: 01:09:39.317: delete node: IP: 216.58.215.86. Number of nodes 37
EtherApe-INFO: 01:09:52.709: New node: IP: 142.250.203.193. Number of nodes 38
EtherApe-INFO: 01:10:07.165: delete node: IP: 173.194.221.189. Number of nodes 37
EtherApe-INFO: 01:10:15.496: delete node: IP: 216.58.208.206. Number of nodes 36
EtherApe-INFO: 01:10:17.039: New node: IP: 216.58.215.68. Number of nodes 37
EtherApe-INFO: 01:10:21.759: New node: IP: 64.233.161.100. Number of nodes 38
EtherApe-INFO: 01:10:23.170: delete node: IP: 216.58.208.195. Number of nodes 37
EtherApe-INFO: 01:10:23.340: New node: IP: 64.233.161.101. Number of nodes 38
EtherApe-INFO: 01:10:32.715: delete node: IP: 216.58.215.110. Number of nodes 37
EtherApe-INFO: 01:10:36.555: delete node: IP: 142.250.186.202. Number of nodes 36
EtherApe-INFO: 01:10:38.089: New node: IP: 172.217.16.5. Number of nodes 37
EtherApe-INFO: 01:10:43.403: delete node: IP: 216.58.209.1. Number of nodes 36
EtherApe-INFO: 01:10:43.403: delete node: IP: 142.250.203.202. Number of nodes 35
EtherApe-INFO: 01:10:46.449: New node: IP: 142.250.75.3. Number of nodes 36
EtherApe-INFO: 01:10:48.639: New node: IP: 216.58.209.1. Number of nodes 37
EtherApe-INFO: 01:10:50.199: New node: IP: 216.58.208.206. Number of nodes 38
EtherApe-INFO: 01:10:51.499: New node: IP: 0.0.0.0. Number of nodes 39
EtherApe-INFO: 01:10:51.499: New node: IP: 255.255.255.255. Number of nodes 40
EtherApe-INFO: 01:10:51.500: New node: IP: 192.168.2.132. Number of nodes 41
EtherApe-INFO: 01:10:51.759: New node: IP: 95.216.195.133. Number of nodes 42
EtherApe-INFO: 01:10:52.279: New node: IP: 108.177.14.188. Number of nodes 43
EtherApe-INFO: 01:10:52.280: New node: IP: 216.58.215.110. Number of nodes 44
EtherApe-INFO: 01:10:55.149: New node: IP: 142.250.203.202. Number of nodes 45
EtherApe-INFO: 01:10:55.149: New node: IP: 224.0.0.251. Number of nodes 46
EtherApe-INFO: 01:10:59.059: New node: IP: 64.233.162.189. Number of nodes 47
EtherApe-INFO: 01:10:59.151: delete node: IP: 149.154.167.223. Number of nodes 46
EtherApe-INFO: 01:11:06.389: New node: IP: 216.58.209.10. Number of nodes 47
EtherApe-INFO: 01:11:09.906: delete node: IP: 216.58.215.106. Number of nodes 46
EtherApe-INFO: 01:11:12.979: New node: IP: 31.28.161.68. Number of nodes 47
EtherApe-INFO: 01:12:23.424: delete node: IP: 216.58.215.68. Number of nodes 46
EtherApe-INFO: 01:12:23.424: delete node: IP: 172.217.20.214. Number of nodes 45
EtherApe-INFO: 01:12:23.424: delete node: IP: 172.217.20.202. Number of nodes 44
EtherApe-INFO: 01:12:23.424: delete node: IP: 172.217.16.37. Number of nodes 43
EtherApe-INFO: 01:12:23.424: delete node: IP: 172.217.16.3. Number of nodes 42
EtherApe-INFO: 01:12:23.424: delete node: IP: 142.250.203.193. Number of nodes 41
EtherApe-INFO: 01:12:23.424: delete node: IP: 142.250.203.131. Number of nodes 40
EtherApe-INFO: 01:12:23.424: delete node: IP: 91.198.174.208. Number of nodes 39
EtherApe-INFO: 01:12:23.424: delete node: IP: 91.198.174.192. Number of nodes 38
EtherApe-INFO: 01:12:23.424: delete node: IP: 64.233.161.100. Number of nodes 37
EtherApe-INFO: 01:12:33.879: New node: IPv6: fe80::9ada:c4ff:febf:99a5. Number of nodes 38
EtherApe-INFO: 01:12:33.879: New node: IPv6: ff02::1. Number of nodes 39
EtherApe-INFO: 01:12:44.890: New node: IP: 216.58.208.196. Number of nodes 40
EtherApe-INFO: 01:12:49.869: New node: IP: 216.58.208.205. Number of nodes 41
EtherApe-INFO: 01:12:51.442: delete node: IP: 255.255.255.255. Number of nodes 40
EtherApe-INFO: 01:12:51.442: delete node: IP: 216.58.215.74. Number of nodes 39
EtherApe-INFO: 01:12:51.442: delete node: IP: 173.194.73.189. Number of nodes 38
EtherApe-INFO: 01:12:51.442: delete node: IP: 172.217.20.206. Number of nodes 37
EtherApe-INFO: 01:12:51.442: delete node: IP: 142.250.75.3. Number of nodes 36
EtherApe-INFO: 01:12:51.442: delete node: IP: 64.233.161.101. Number of nodes 35
EtherApe-INFO: 01:12:51.442: delete node: IP: 0.0.0.0. Number of nodes 34
EtherApe-INFO: 01:12:52.807: delete node: IP: 74.125.205.188. Number of nodes 33
EtherApe-INFO: 01:12:53.019: delete node: IP: 192.168.2.132. Number of nodes 32
EtherApe-INFO: 01:12:55.662: delete node: IP: 142.250.75.14. Number of nodes 31
EtherApe-INFO: 01:12:59.663: delete node: IP: 216.58.209.1. Number of nodes 30
EtherApe-INFO: 01:12:59.663: delete node: IP: 172.217.16.46. Number of nodes 29
EtherApe-INFO: 01:13:01.129: New node: IP: 216.239.32.116. Number of nodes 30
EtherApe-INFO: 01:13:01.129: New node: IP: 172.217.16.35. Number of nodes 31
EtherApe-INFO: 01:13:02.723: delete node: IP: 224.0.0.251. Number of nodes 30
EtherApe-INFO: 01:13:03.568: delete node: IP: 216.58.215.110. Number of nodes 29
EtherApe-INFO: 01:13:06.647: delete node: IP: 216.58.208.206. Number of nodes 28
EtherApe-INFO: 01:13:13.534: delete node: IP: 31.28.161.68. Number of nodes 27
EtherApe-INFO: 01:13:14.481: delete node: IP: 216.58.209.14. Number of nodes 26
EtherApe-INFO: 01:13:21.566: delete node: IP: 95.216.195.133. Number of nodes 25
EtherApe-INFO: 01:13:55.349: New node: IP: 172.217.16.42. Number of nodes 26
EtherApe-INFO: 01:14:01.221: delete node: IP: 142.250.203.141. Number of nodes 25
EtherApe-INFO: 01:14:03.489: New node: IP: 192.168.2.255. Number of nodes 26
EtherApe-INFO: 01:14:04.539: New node: IP: 149.154.167.223. Number of nodes 27
EtherApe-INFO: 01:14:12.467: delete node: IP: 176.122.110.206. Number of nodes 26
EtherApe-INFO: 01:14:34.405: delete node: IPv6: ff02::1. Number of nodes 25
EtherApe-INFO: 01:14:34.406: delete node: IPv6: fe80::9ada:c4ff:febf:99a5. Number of nodes 24
EtherApe-INFO: 01:14:35.490: delete node: IP: 142.250.186.196. Number of nodes 23
EtherApe-INFO: 01:14:45.579: New node: IP: 91.198.174.192. Number of nodes 24
EtherApe-INFO: 01:14:47.669: New node: IP: 142.250.186.202. Number of nodes 25
EtherApe-INFO: 01:14:47.929: New node: IP: 172.217.16.46. Number of nodes 26
EtherApe-INFO: 01:14:47.930: New node: IP: 140.82.121.4. Number of nodes 27
EtherApe-INFO: 01:14:48.449: New node: IP: 104.18.42.39. Number of nodes 28
EtherApe-INFO: 01:14:48.450: New node: IP: 94.130.16.144. Number of nodes 29
EtherApe-INFO: 01:14:48.725: New node: IP: 200.136.72.208. Number of nodes 30
EtherApe-INFO: 01:14:48.979: New node: IP: 216.58.215.106. Number of nodes 31
EtherApe-INFO: 01:14:49.239: New node: IP: 151.101.1.105. Number of nodes 32
EtherApe-INFO: 01:14:50.279: New node: IP: 93.184.220.29. Number of nodes 33
EtherApe-INFO: 01:14:50.280: New node: IP: 95.216.144.15. Number of nodes 34
EtherApe-INFO: 01:14:51.579: New node: IP: 185.199.108.154. Number of nodes 35
EtherApe-INFO: 01:14:51.839: New node: IP: 185.199.110.133. Number of nodes 36
EtherApe-INFO: 01:14:52.619: New node: IP: 135.181.27.174. Number of nodes 37
EtherApe-INFO: 01:14:53.400: New node: IP: 104.96.139.64. Number of nodes 38
EtherApe-INFO: 01:14:53.402: New node: IP: 104.81.110.27. Number of nodes 39
EtherApe-INFO: 01:14:54.182: New node: IP: 142.250.203.138. Number of nodes 40
EtherApe-INFO: 01:14:55.225: New node: IP: 104.18.43.206. Number of nodes 41
EtherApe-INFO: 01:15:06.698: New node: IP: 216.58.208.206. Number of nodes 42
EtherApe-INFO: 01:15:11.640: New node: IP: 216.58.209.14. Number of nodes 43
EtherApe-INFO: 01:16:03.241: delete node: IP: 216.58.208.205. Number of nodes 42
EtherApe-INFO: 01:16:04.867: delete node: IP: 192.168.2.255. Number of nodes 41
EtherApe-INFO: 01:16:20.659: New node: IP: 95.216.195.133. Number of nodes 42
EtherApe-INFO: 01:16:56.322: delete node: IP: 142.250.203.202. Number of nodes 41
EtherApe-INFO: 01:17:04.632: delete node: IP: 239.255.255.250. Number of nodes 40
EtherApe-INFO: 01:17:06.941: delete node: IP: 216.58.209.10. Number of nodes 39
EtherApe-INFO: 01:17:15.340: delete node: IP: 216.239.32.116. Number of nodes 38
EtherApe-INFO: 01:17:15.340: delete node: IP: 216.58.215.106. Number of nodes 37
EtherApe-INFO: 01:17:15.340: delete node: IP: 216.58.209.14. Number of nodes 36
EtherApe-INFO: 01:17:15.340: delete node: IP: 216.58.209.3. Number of nodes 35
EtherApe-INFO: 01:17:15.340: delete node: IP: 216.58.208.206. Number of nodes 34
EtherApe-INFO: 01:17:15.340: delete node: IP: 200.136.72.208. Number of nodes 33
EtherApe-INFO: 01:17:15.340: delete node: IP: 185.199.110.133. Number of nodes 32
EtherApe-INFO: 01:17:15.340: delete node: IP: 185.199.108.154. Number of nodes 31
EtherApe-INFO: 01:17:15.340: delete node: IP: 172.217.16.46. Number of nodes 30
EtherApe-INFO: 01:17:15.340: delete node: IP: 172.217.16.42. Number of nodes 29
EtherApe-INFO: 01:17:15.340: delete node: IP: 172.217.16.35. Number of nodes 28
EtherApe-INFO: 01:17:15.340: delete node: IP: 172.217.16.5. Number of nodes 27
EtherApe-INFO: 01:17:15.340: delete node: IP: 151.101.1.105. Number of nodes 26
EtherApe-INFO: 01:17:15.340: delete node: IP: 142.250.203.206. Number of nodes 25
EtherApe-INFO: 01:17:15.340: delete node: IP: 142.250.203.138. Number of nodes 24
EtherApe-INFO: 01:17:15.340: delete node: IP: 142.250.186.202. Number of nodes 23
EtherApe-INFO: 01:17:15.340: delete node: IP: 142.250.75.10. Number of nodes 22
EtherApe-INFO: 01:17:15.340: delete node: IP: 140.82.121.4. Number of nodes 21
EtherApe-INFO: 01:17:15.340: delete node: IP: 135.181.27.174. Number of nodes 20
EtherApe-INFO: 01:17:15.340: delete node: IP: 108.177.14.188. Number of nodes 19
EtherApe-INFO: 01:17:15.340: delete node: IP: 104.96.139.64. Number of nodes 18
EtherApe-INFO: 01:17:15.340: delete node: IP: 104.81.110.27. Number of nodes 17
EtherApe-INFO: 01:17:15.341: delete node: IP: 104.18.43.206. Number of nodes 16
EtherApe-INFO: 01:17:15.341: delete node: IP: 104.18.42.39. Number of nodes 15
EtherApe-INFO: 01:17:15.341: delete node: IP: 95.216.144.15. Number of nodes 14
EtherApe-INFO: 01:17:15.341: delete node: IP: 94.130.16.144. Number of nodes 13
EtherApe-INFO: 01:17:15.341: delete node: IP: 93.184.220.29. Number of nodes 12
EtherApe-INFO: 01:17:15.341: delete node: IP: 91.198.174.192. Number of nodes 11
EtherApe-INFO: 01:17:15.341: delete node: IP: 64.233.162.189. Number of nodes 10
EtherApe-INFO: 01:18:20.764: delete node: IP: 95.216.195.133. Number of nodes 9
EtherApe-INFO: 01:18:30.114: delete node: IP: 149.154.167.223. Number of nodes 8
EtherApe-INFO: 01:18:31.669: New node: IP: 149.154.167.223. Number of nodes 9
EtherApe-INFO: 01:18:52.774: delete node: IP: 142.250.186.206. Number of nodes 8
EtherApe-INFO: 01:21:20.499: New node: IP: 95.216.195.133. Number of nodes 9
EtherApe-INFO: 01:22:19.479: New node: IPv6: fe80::9ada:c4ff:febf:99a5. Number of nodes 10
EtherApe-INFO: 01:22:19.479: New node: IPv6: ff02::1. Number of nodes 11
EtherApe-INFO: 01:22:39.819: New node: IP: 142.250.203.142. Number of nodes 12
EtherApe-INFO: 01:22:43.766: delete node: IP: 149.154.167.223. Number of nodes 11
EtherApe-INFO: 01:22:49.989: New node: IP: 142.250.186.196. Number of nodes 12
EtherApe-INFO: 01:23:04.839: New node: IP: 149.154.167.223. Number of nodes 13
EtherApe-INFO: 01:23:25.749: delete node: IP: 95.216.195.133. Number of nodes 12
EtherApe-INFO: 01:23:39.809: New node: IP: 142.250.186.206. Number of nodes 13
EtherApe-INFO: 01:24:19.900: delete node: IPv6: ff02::1. Number of nodes 12
EtherApe-INFO: 01:24:19.900: delete node: IPv6: fe80::9ada:c4ff:febf:99a5. Number of nodes 11
EtherApe-INFO: 01:24:31.678: delete node: IP: 172.217.16.14. Number of nodes 10
EtherApe-INFO: 01:24:40.001: delete node: IP: 216.58.208.196. Number of nodes 9
EtherApe-INFO: 01:25:20.825: delete node: IP: 149.154.167.223. Number of nodes 8
EtherApe-INFO: 01:25:30.041: delete node: IP: 142.250.203.142. Number of nodes 7
EtherApe-INFO: 01:25:57.819: New node: IP: 216.58.215.74. Number of nodes 8
EtherApe-INFO: 01:26:20.539: New node: IP: 95.216.195.133. Number of nodes 9
EtherApe-INFO: 01:26:46.339: New node: IPv6: fe80::9ada:c4ff:febf:99a5. Number of nodes 10
EtherApe-INFO: 01:26:46.339: New node: IPv6: ff02::1. Number of nodes 11
EtherApe-INFO: 01:26:55.699: New node: IP: 149.154.167.223. Number of nodes 12
EtherApe-INFO: 01:27:47.811: delete node: IP: 216.58.208.202. Number of nodes 11
EtherApe-INFO: 01:27:49.319: New node: IP: 142.250.203.142. Number of nodes 12
EtherApe-INFO: 01:27:49.319: New node: IP: 216.58.208.196. Number of nodes 13
EtherApe-INFO: 01:28:27.835: delete node: IP: 95.216.195.133. Number of nodes 12
EtherApe-INFO: 01:28:47.765: delete node: IPv6: ff02::1. Number of nodes 11
EtherApe-INFO: 01:28:47.765: delete node: IPv6: fe80::9ada:c4ff:febf:99a5. Number of nodes 10
EtherApe-INFO: 01:29:11.694: delete node: IP: 149.154.167.223. Number of nodes 9
EtherApe-INFO: 01:29:40.145: delete node: IP: 142.250.186.196. Number of nodes 8
EtherApe-INFO: 01:29:43.729: New node: IP: 149.154.167.223. Number of nodes 9
EtherApe-INFO: 01:30:40.769: delete node: IP: 142.250.203.142. Number of nodes 8
EtherApe-INFO: 01:31:20.619: New node: IP: 95.216.195.133. Number of nodes 9
EtherApe-INFO: 01:31:55.819: New node: IP: 95.216.144.15. Number of nodes 10
EtherApe-INFO: 01:32:09.419: New node: IP: 140.82.121.3. Number of nodes 11
EtherApe-INFO: 01:32:09.679: New node: IP: 185.199.109.133. Number of nodes 12
EtherApe-INFO: 01:32:10.459: New node: IP: 185.199.111.133. Number of nodes 13
EtherApe-INFO: 01:32:50.859: New node: IP: 216.58.208.206. Number of nodes 14
EtherApe-INFO: 01:33:20.972: delete node: IP: 95.216.195.133. Number of nodes 13
EtherApe-INFO: 01:33:23.853: delete node: IP: 149.154.167.223. Number of nodes 12
EtherApe-INFO: 01:34:11.090: delete node: IP: 185.199.111.133. Number of nodes 11
EtherApe-INFO: 01:34:11.090: delete node: IP: 185.199.109.133. Number of nodes 10
EtherApe-INFO: 01:34:11.090: delete node: IP: 140.82.121.3. Number of nodes 9
EtherApe-INFO: 01:34:28.920: delete node: IP: 95.216.144.15. Number of nodes 8
EtherApe-INFO: 01:34:58.029: New node: IPv6: fe80::9ada:c4ff:febf:99a5. Number of nodes 9
EtherApe-INFO: 01:34:58.029: New node: IPv6: ff02::1. Number of nodes 10
EtherApe-INFO: 01:35:41.100: delete node: IP: 216.58.208.206. Number of nodes 9
EtherApe-INFO: 01:36:20.489: New node: IP: 95.216.195.133. Number of nodes 10
EtherApe-INFO: 01:37:01.266: delete node: IPv6: ff02::1. Number of nodes 9
EtherApe-INFO: 01:37:01.266: delete node: IPv6: fe80::9ada:c4ff:febf:99a5. Number of nodes 8
EtherApe-INFO: 01:37:51.889: New node: IP: 142.250.203.196. Number of nodes 9
EtherApe-INFO: 01:38:02.369: New node: IP: 142.250.203.142. Number of nodes 10
EtherApe-INFO: 01:38:21.509: delete node: IP: 95.216.195.133. Number of nodes 9
EtherApe-INFO: 01:39:42.721: delete node: IP: 216.58.208.196. Number of nodes 8
EtherApe-INFO: 01:39:51.841: delete node: IP: 142.250.186.206. Number of nodes 7
EtherApe-INFO: 01:40:27.639: New node: IP: 142.250.186.202. Number of nodes 8
EtherApe-INFO: 01:41:20.519: New node: IP: 95.216.195.133. Number of nodes 9
EtherApe-INFO: 01:42:09.779: delete node: IP: 216.58.215.74. Number of nodes 8
EtherApe-INFO: 01:42:59.779: New node: IP: 172.217.16.14. Number of nodes 9
EtherApe-INFO: 01:43:17.369: New node: IPv6: fe80::9ada:c4ff:febf:99a5. Number of nodes 10
EtherApe-INFO: 01:43:17.369: New node: IPv6: ff02::1. Number of nodes 11
EtherApe-INFO: 01:43:22.660: delete node: IP: 95.216.195.133. Number of nodes 10
EtherApe-INFO: 01:44:49.970: delete node: IP: 142.250.203.142. Number of nodes 9
EtherApe-INFO: 01:45:17.748: delete node: IPv6: ff02::1. Number of nodes 8
EtherApe-INFO: 01:45:17.748: delete node: IPv6: fe80::9ada:c4ff:febf:99a5. Number of nodes 7
EtherApe-INFO: 01:45:21.409: New node: IP: 31.28.161.68. Number of nodes 8
EtherApe-INFO: 01:46:10.693: New node: IP: 149.154.167.223. Number of nodes 9
EtherApe-INFO: 01:46:19.269: New node: IP: 142.250.203.141. Number of nodes 10
EtherApe-INFO: 01:46:19.269: New node: IP: 142.250.186.205. Number of nodes 11
EtherApe-INFO: 01:46:20.569: New node: IP: 95.216.195.133. Number of nodes 12
EtherApe-INFO: 01:47:23.797: delete node: IP: 31.28.161.68. Number of nodes 11
EtherApe-INFO: 01:47:53.909: New node: IP: 142.250.203.142. Number of nodes 12
EtherApe-INFO: 01:48:11.068: New node: IPv6: fe80::9ada:c4ff:febf:99a5. Number of nodes 13
EtherApe-INFO: 01:48:11.069: New node: IPv6: ff02::1. Number of nodes 14
EtherApe-INFO: 01:48:19.397: delete node: IP: 142.250.186.205. Number of nodes 13
EtherApe-INFO: 01:48:21.487: delete node: IP: 95.216.195.133. Number of nodes 12
EtherApe-INFO: 01:48:26.690: delete node: IP: 149.154.167.223. Number of nodes 11
EtherApe-INFO: 01:49:19.723: delete node: IP: 142.250.203.141. Number of nodes 10
EtherApe-INFO: 01:49:44.230: delete node: IP: 172.217.16.14. Number of nodes 9
EtherApe-INFO: 01:50:11.720: delete node: IPv6: ff02::1. Number of nodes 8
EtherApe-INFO: 01:50:11.720: delete node: IPv6: fe80::9ada:c4ff:febf:99a5. Number of nodes 7
EtherApe-INFO: 01:50:19.249: New node: IP: 142.250.186.205. Number of nodes 8
EtherApe-INFO: 01:51:20.609: New node: IP: 95.216.195.133. Number of nodes 9
EtherApe-INFO: 01:52:19.661: delete node: IP: 142.250.186.205. Number of nodes 8
EtherApe-INFO: 01:52:47.969: New node: IP: 216.58.208.196. Number of nodes 9
EtherApe-INFO: 01:53:18.129: New node: IP: 216.58.208.206. Number of nodes 10
EtherApe-INFO: 01:53:20.780: delete node: IP: 95.216.195.133. Number of nodes 9
EtherApe-INFO: 01:54:39.897: delete node: IP: 142.250.203.196. Number of nodes 8
EtherApe-INFO: 01:55:02.449: New node: IPv6: fe80::9ada:c4ff:febf:99a5. Number of nodes 9
EtherApe-INFO: 01:55:02.449: New node: IPv6: ff02::1. Number of nodes 10
EtherApe-INFO: 01:55:11.107: delete node: IP: 142.250.203.142. Number of nodes 9
EtherApe-INFO: 01:56:20.710: New node: IP: 95.216.195.133. Number of nodes 10
EtherApe-INFO: 01:57:11.220: delete node: IPv6: ff02::1. Number of nodes 9
EtherApe-INFO: 01:57:11.220: delete node: IPv6: fe80::9ada:c4ff:febf:99a5. Number of nodes 8
EtherApe-INFO: 01:58:11.729: New node: IP: 142.250.186.206. Number of nodes 9
EtherApe-INFO: 01:58:20.870: delete node: IP: 95.216.195.133. Number of nodes 8
EtherApe-INFO: 02:00:01.773: delete node: IP: 216.58.208.206. Number of nodes 7
EtherApe-INFO: 02:00:19.129: New node: IPv6: fe80::9ada:c4ff:febf:99a5. Number of nodes 8
EtherApe-INFO: 02:00:19.129: New node: IPv6: ff02::1. Number of nodes 9
EtherApe-INFO: 02:01:20.509: New node: IP: 95.216.195.133. Number of nodes 10
EtherApe-INFO: 02:01:25.729: New node: IP: 149.154.167.223. Number of nodes 11
EtherApe-INFO: 02:02:22.317: delete node: IPv6: ff02::1. Number of nodes 10
EtherApe-INFO: 02:02:22.317: delete node: IPv6: fe80::9ada:c4ff:febf:99a5. Number of nodes 9
EtherApe-INFO: 02:02:52.730: New node: IP: 142.250.203.196. Number of nodes 10
EtherApe-INFO: 02:03:20.838: delete node: IP: 95.216.195.133. Number of nodes 9
EtherApe-INFO: 02:03:41.821: delete node: IP: 149.154.167.223. Number of nodes 8
EtherApe-INFO: 02:04:43.035: delete node: IP: 216.58.208.196. Number of nodes 7
EtherApe-INFO: 02:06:20.579: New node: IP: 95.216.195.133. Number of nodes 8
EtherApe-INFO: 02:06:47.769: New node: IPv6: fe80::9ada:c4ff:febf:99a5. Number of nodes 9
EtherApe-INFO: 02:06:47.769: New node: IPv6: ff02::1. Number of nodes 10
EtherApe-INFO: 02:07:46.309: New node: IP: 142.250.186.196. Number of nodes 11
EtherApe-INFO: 02:08:06.479: New node: IP: 142.250.203.142. Number of nodes 12
EtherApe-INFO: 02:08:25.719: delete node: IP: 95.216.195.133. Number of nodes 11
EtherApe-INFO: 02:08:52.645: delete node: IPv6: ff02::1. Number of nodes 10
EtherApe-INFO: 02:08:52.645: delete node: IPv6: fe80::9ada:c4ff:febf:99a5. Number of nodes 9
EtherApe-INFO: 02:09:36.874: delete node: IP: 142.250.203.196. Number of nodes 8
EtherApe-INFO: 02:09:56.939: delete node: IP: 142.250.186.206. Number of nodes 7
EtherApe-INFO: 02:10:01.879: New node: IP: 151.101.112.193. Number of nodes 8
EtherApe-INFO: 02:10:12.549: New node: IP: 216.58.208.195. Number of nodes 9
EtherApe-INFO: 02:10:12.549: New node: IP: 142.250.203.141. Number of nodes 10
EtherApe-INFO: 02:10:12.809: New node: IP: 216.58.215.74. Number of nodes 11
EtherApe-INFO: 02:10:13.069: New node: IP: 239.255.255.250. Number of nodes 12
EtherApe-INFO: 02:10:13.329: New node: IP: 91.198.174.192. Number of nodes 13
EtherApe-INFO: 02:10:13.590: New node: IP: 216.58.215.106. Number of nodes 14
EtherApe-INFO: 02:10:14.369: New node: IP: 104.17.49.74. Number of nodes 15
EtherApe-INFO: 02:10:14.369: New node: IP: 104.17.50.74. Number of nodes 16
EtherApe-INFO: 02:10:14.370: New node: IP: 142.250.186.206. Number of nodes 17
EtherApe-INFO: 02:10:14.889: New node: IP: 216.58.215.78. Number of nodes 18
EtherApe-INFO: 02:10:15.149: New node: IP: 91.198.174.208. Number of nodes 19
EtherApe-INFO: 02:10:15.421: New node: IP: 35.188.42.15. Number of nodes 20
EtherApe-INFO: 02:10:15.724: New node: IP: 172.217.16.10. Number of nodes 21
EtherApe-INFO: 02:10:16.449: New node: IP: 224.0.0.251. Number of nodes 22
EtherApe-INFO: 02:10:16.449: New node: IP: 142.250.75.14. Number of nodes 23
EtherApe-INFO: 02:10:16.449: New node: IP: 108.177.14.188. Number of nodes 24
EtherApe-INFO: 02:10:16.969: New node: IP: 142.250.203.195. Number of nodes 25
EtherApe-INFO: 02:10:16.970: New node: IP: 104.18.12.33. Number of nodes 26
EtherApe-INFO: 02:10:19.049: New node: IP: 216.58.209.3. Number of nodes 27
EtherApe-INFO: 02:10:25.299: New node: IP: 172.217.16.46. Number of nodes 28
EtherApe-INFO: 02:10:25.569: New node: IP: 94.130.16.144. Number of nodes 29
EtherApe-INFO: 02:10:27.149: New node: IP: 185.199.109.154. Number of nodes 30
EtherApe-INFO: 02:10:27.150: New node: IP: 185.199.109.133. Number of nodes 31
EtherApe-INFO: 02:10:27.410: New node: IP: 140.82.121.3. Number of nodes 32
EtherApe-INFO: 02:10:28.449: New node: IP: 140.82.112.22. Number of nodes 33
