(etherape:7949): GLib-GIO-DEBUG: 12:42:55.506: _g_io_module_get_default: Found default implementation local (GLocalVfs) for ‘gio-vfs’
EtherApe-INFO: 12:42:55.662: sctp protocol not supported
EtherApe-INFO: 12:42:55.662: dccp protocol not supported
EtherApe-INFO: 12:42:55.663: sctp protocol not supported
EtherApe-INFO: 12:42:55.663: sctp protocol not supported
EtherApe-INFO: 12:42:55.663: sctp protocol not supported
EtherApe-INFO: 12:42:55.663: sctp protocol not supported
EtherApe-INFO: 12:42:55.663: sctp protocol not supported
EtherApe-INFO: 12:42:55.663: sctp protocol not supported
EtherApe-INFO: 12:42:55.664: sctp protocol not supported
EtherApe-INFO: 12:42:55.664: dccp protocol not supported
EtherApe-INFO: 12:42:55.664: sctp protocol not supported
EtherApe-INFO: 12:42:55.664: dccp protocol not supported
EtherApe-INFO: 12:42:55.664: dccp protocol not supported
EtherApe-INFO: 12:42:55.664: sctp protocol not supported
EtherApe-INFO: 12:42:55.664: sctp protocol not supported
EtherApe-INFO: 12:42:55.665: sctp protocol not supported
EtherApe-INFO: 12:42:55.665: sctp protocol not supported
EtherApe-INFO: 12:42:55.666: sctp protocol not supported
EtherApe-INFO: 12:42:55.667: sctp protocol not supported
EtherApe-INFO: 12:42:55.667: sctp protocol not supported
EtherApe-INFO: 12:42:55.667: sctp protocol not supported
EtherApe-INFO: 12:42:55.667: sctp protocol not supported
EtherApe-INFO: 12:42:55.667: sctp protocol not supported
EtherApe-INFO: 12:42:55.668: sctp protocol not supported
EtherApe-INFO: 12:42:55.669: sctp protocol not supported
EtherApe-INFO: 12:42:55.669: sctp protocol not supported
EtherApe-INFO: 12:42:55.669: sctp protocol not supported
EtherApe-INFO: 12:42:55.670: sctp protocol not supported
EtherApe-INFO: 12:42:55.670: dccp protocol not supported
EtherApe-INFO: 12:42:55.670: sctp protocol not supported
EtherApe-INFO: 12:42:55.670: sctp protocol not supported
EtherApe-INFO: 12:42:55.670: dccp protocol not supported
EtherApe-INFO: 12:42:55.670: sctp protocol not supported
EtherApe-INFO: 12:42:55.670: sctp protocol not supported
EtherApe-INFO: 12:42:55.670: sctp protocol not supported
EtherApe-INFO: 12:42:55.670: dccp protocol not supported
EtherApe-INFO: 12:42:55.670: dccp protocol not supported
EtherApe-INFO: 12:42:55.670: sctp protocol not supported
EtherApe-INFO: 12:42:55.670: sctp protocol not supported
EtherApe-INFO: 12:42:55.671: sctp protocol not supported
EtherApe-INFO: 12:42:55.671: sctp protocol not supported
EtherApe-INFO: 12:42:55.671: sctp protocol not supported
EtherApe-INFO: 12:42:55.671: sctp protocol not supported
EtherApe-INFO: 12:42:55.671: sctp protocol not supported
EtherApe-INFO: 12:42:55.671: sctp protocol not supported
EtherApe-INFO: 12:42:55.671: sctp protocol not supported
EtherApe-INFO: 12:42:55.671: sctp protocol not supported
EtherApe-INFO: 12:42:55.671: sctp protocol not supported
EtherApe-INFO: 12:42:55.671: sctp protocol not supported
EtherApe-INFO: 12:42:55.671: sctp protocol not supported
EtherApe-INFO: 12:42:55.672: dccp protocol not supported
EtherApe-INFO: 12:42:55.672: sctp protocol not supported
EtherApe-INFO: 12:42:55.672: sctp protocol not supported
EtherApe-INFO: 12:42:55.672: sctp protocol not supported
EtherApe-INFO: 12:42:55.672: sctp protocol not supported
EtherApe-INFO: 12:42:55.672: sctp protocol not supported
EtherApe-INFO: 12:42:55.672: sctp protocol not supported
EtherApe-INFO: 12:42:55.672: sctp protocol not supported
EtherApe-INFO: 12:42:55.673: sctp protocol not supported
EtherApe-INFO: 12:42:55.673: sctp protocol not supported
EtherApe-INFO: 12:42:55.673: sctp protocol not supported
EtherApe-INFO: 12:42:55.673: sctp protocol not supported
EtherApe-INFO: 12:42:55.673: sctp protocol not supported
EtherApe-INFO: 12:42:55.673: sctp protocol not supported
EtherApe-INFO: 12:42:55.673: sctp protocol not supported
EtherApe-INFO: 12:42:55.673: sctp protocol not supported
EtherApe-INFO: 12:42:55.673: sctp protocol not supported
EtherApe-INFO: 12:42:55.673: sctp protocol not supported
EtherApe-INFO: 12:42:55.673: sctp protocol not supported
EtherApe-INFO: 12:42:55.674: sctp protocol not supported
EtherApe-INFO: 12:42:55.674: sctp protocol not supported
EtherApe-INFO: 12:42:55.674: sctp protocol not supported
EtherApe-INFO: 12:42:55.674: sctp protocol not supported
EtherApe-INFO: 12:42:55.674: sctp protocol not supported
EtherApe-INFO: 12:42:55.674: sctp protocol not supported
EtherApe-INFO: 12:42:55.674: sctp protocol not supported
EtherApe-INFO: 12:42:55.674: sctp protocol not supported
EtherApe-INFO: 12:42:55.674: sctp protocol not supported
EtherApe-INFO: 12:42:55.674: sctp protocol not supported
EtherApe-INFO: 12:42:55.674: sctp protocol not supported
EtherApe-INFO: 12:42:55.674: sctp protocol not supported
EtherApe-INFO: 12:42:55.674: sctp protocol not supported
EtherApe-INFO: 12:42:55.674: sctp protocol not supported
EtherApe-INFO: 12:42:55.674: sctp protocol not supported
EtherApe-INFO: 12:42:55.674: sctp protocol not supported
EtherApe-INFO: 12:42:55.674: sctp protocol not supported
EtherApe-INFO: 12:42:55.674: sctp protocol not supported
EtherApe-INFO: 12:42:55.724: get_interface result: ''
EtherApe-INFO: 12:42:55.724: Available interfaces for capture: dbus-session dbus-system nfqueue nflog bluetooth-monitor lo any wlp1s0
EtherApe-INFO: 12:42:55.775: Link type is LINUX_SLL
EtherApe-INFO: 12:42:55.776: Diagram started
EtherApe-INFO: 12:42:56.249: New node: IP: 192.168.2.158. Number of nodes 1
EtherApe-INFO: 12:42:56.249: New node: IP: 8.8.8.8. Number of nodes 2
EtherApe-INFO: 12:42:56.250: New node: IP: 142.250.186.206. Number of nodes 3
EtherApe-INFO: 12:42:56.520: New node: IP: 172.217.16.4. Number of nodes 4
EtherApe-INFO: 12:42:57.049: New node: IP: 192.168.1.126. Number of nodes 5
EtherApe-INFO: 12:42:57.316: New node: IP: 172.217.20.202. Number of nodes 6
EtherApe-INFO: 12:42:57.316: New node: IP: 74.125.131.188. Number of nodes 7
EtherApe-INFO: 12:42:57.583: New node: IP: 140.82.121.3. Number of nodes 8
EtherApe-INFO: 12:42:57.849: New node: IP: 140.82.112.26. Number of nodes 9
EtherApe-INFO: 12:42:58.652: New node: IP: 216.58.215.67. Number of nodes 10
EtherApe-INFO: 12:42:58.653: New node: IP: 142.250.203.142. Number of nodes 11
EtherApe-INFO: 12:42:59.187: New node: IP: 142.250.203.202. Number of nodes 12
EtherApe-INFO: 12:42:59.188: New node: IP: 172.217.16.10. Number of nodes 13
EtherApe-INFO: 12:42:59.726: New node: IP: 142.250.75.14. Number of nodes 14
EtherApe-INFO: 12:43:00.249: New node: IP: 172.217.16.46. Number of nodes 15
EtherApe-INFO: 12:43:00.254: New node: IP: 216.58.209.13. Number of nodes 16
EtherApe-INFO: 12:43:00.519: New node: IP: 142.250.203.133. Number of nodes 17
EtherApe-INFO: 12:43:00.783: New node: IP: 209.85.233.189. Number of nodes 18
EtherApe-INFO: 12:43:01.317: New node: IP: 131.253.33.200. Number of nodes 19
EtherApe-INFO: 12:43:05.849: New node: IP: 104.18.12.33. Number of nodes 20
EtherApe-INFO: 12:43:05.849: New node: IP: 34.120.177.193. Number of nodes 21
EtherApe-INFO: 12:43:08.515: New node: IP: 212.82.100.137. Number of nodes 22
EtherApe-INFO: 12:43:09.315: New node: IP: 142.250.75.3. Number of nodes 23
EtherApe-INFO: 12:43:10.916: New node: IP: 172.217.20.163. Number of nodes 24
EtherApe-INFO: 12:43:10.916: New node: IP: 172.66.41.20. Number of nodes 25
EtherApe-INFO: 12:43:12.782: New node: IP: 54.192.230.119. Number of nodes 26
EtherApe-INFO: 12:43:12.782: New node: IP: 52.222.230.4. Number of nodes 27
EtherApe-INFO: 12:43:12.782: New node: IP: 104.16.71.125. Number of nodes 28
EtherApe-INFO: 12:43:14.383: New node: IP: 52.84.198.106. Number of nodes 29
EtherApe-INFO: 12:43:14.383: New node: IP: 185.199.111.133. Number of nodes 30
EtherApe-INFO: 12:43:14.383: New node: IP: 151.101.0.176. Number of nodes 31
EtherApe-INFO: 12:43:14.383: New node: IP: 52.84.198.112. Number of nodes 32
EtherApe-INFO: 12:43:14.383: New node: IP: 104.18.22.9. Number of nodes 33
EtherApe-INFO: 12:43:19.452: New node: IP: 82.192.95.170. Number of nodes 34
EtherApe-INFO: 12:43:22.916: New node: IP: 172.217.20.170. Number of nodes 35
EtherApe-INFO: 12:43:26.116: New node: IP: 142.250.203.206. Number of nodes 36
EtherApe-INFO: 12:43:26.384: New node: IP: 35.155.130.111. Number of nodes 37
EtherApe-INFO: 12:43:27.983: New node: IP: 216.58.215.106. Number of nodes 38
EtherApe-INFO: 12:43:28.782: New node: IP: 52.73.243.8. Number of nodes 39
EtherApe-INFO: 12:43:33.319: New node: IP: 216.58.215.74. Number of nodes 40
EtherApe-INFO: 12:43:34.385: New node: IP: 140.82.121.4. Number of nodes 41
EtherApe-INFO: 12:43:34.388: New node: IP: 185.199.108.154. Number of nodes 42
EtherApe-INFO: 12:43:34.657: New node: IP: 54.81.175.204. Number of nodes 43
EtherApe-INFO: 12:43:34.658: New node: IP: 108.177.14.189. Number of nodes 44
EtherApe-INFO: 12:43:34.658: New node: IP: 140.82.121.5. Number of nodes 45
EtherApe-INFO: 12:43:35.454: New node: IP: 142.250.75.10. Number of nodes 46
EtherApe-INFO: 12:43:35.456: New node: IP: 172.217.20.174. Number of nodes 47
EtherApe-INFO: 12:43:35.725: New node: IP: 172.217.16.35. Number of nodes 48
EtherApe-INFO: 12:43:41.849: New node: IP: 142.250.75.13. Number of nodes 49
EtherApe-INFO: 12:43:41.849: New node: IP: 172.217.16.19. Number of nodes 50
EtherApe-INFO: 12:43:41.849: New node: IP: 151.101.1.164. Number of nodes 51
EtherApe-INFO: 12:43:41.849: New node: IP: 104.17.49.74. Number of nodes 52
EtherApe-INFO: 12:43:41.850: New node: IP: 151.101.0.201. Number of nodes 53
EtherApe-INFO: 12:43:45.849: New node: IP: 142.250.186.202. Number of nodes 54
EtherApe-INFO: 12:43:46.383: New node: IP: 23.185.0.1. Number of nodes 55
EtherApe-INFO: 12:43:47.717: New node: IP: 3.216.211.240. Number of nodes 56
EtherApe-INFO: 12:43:50.119: New node: IP: 1.1.1.1. Number of nodes 57
EtherApe-INFO: 12:43:56.250: New node: IP: 95.216.195.133. Number of nodes 58
EtherApe-INFO: 12:44:36.516: New node: IP: 162.159.200.1. Number of nodes 59
EtherApe-INFO: 12:44:36.516: New node: IP: 239.255.255.250. Number of nodes 60
EtherApe-INFO: 12:44:37.318: New node: IP: 216.239.32.116. Number of nodes 61
EtherApe-INFO: 12:44:41.050: New node: IP: 169.237.212.78. Number of nodes 62
EtherApe-INFO: 12:44:44.783: New node: IP: 216.58.209.4. Number of nodes 63
EtherApe-INFO: 12:44:57.954: delete node: IP: 140.82.121.3. Number of nodes 62
EtherApe-INFO: 12:44:58.915: New node: IP: 149.154.167.50. Number of nodes 63
EtherApe-INFO: 12:44:58.916: New node: IP: 149.154.167.51. Number of nodes 64
EtherApe-INFO: 12:45:00.252: New node: IP: 149.154.167.222. Number of nodes 65
EtherApe-INFO: 12:45:28.143: delete node: IP: 142.250.203.206. Number of nodes 64
EtherApe-INFO: 12:45:35.976: delete node: IP: 142.250.75.10. Number of nodes 63
EtherApe-INFO: 12:45:40.649: New node: IP: 207.150.218.207. Number of nodes 64
EtherApe-INFO: 12:45:43.901: delete node: IP: 52.73.243.8. Number of nodes 63
EtherApe-INFO: 12:45:46.530: delete node: IP: 142.250.186.202. Number of nodes 62
EtherApe-INFO: 12:45:47.629: delete node: IP: 35.155.130.111. Number of nodes 61
EtherApe-INFO: 12:45:56.459: delete node: IP: 95.216.195.133. Number of nodes 60
EtherApe-INFO: 12:45:59.869: delete node: IP: 82.192.95.170. Number of nodes 59
EtherApe-INFO: 12:46:36.693: delete node: IP: 162.159.200.1. Number of nodes 58
EtherApe-INFO: 12:46:37.239: delete node: IP: 209.85.233.189. Number of nodes 57
EtherApe-INFO: 12:46:37.239: delete node: IP: 172.217.20.174. Number of nodes 56
EtherApe-INFO: 12:46:37.239: delete node: IP: 172.217.16.46. Number of nodes 55
EtherApe-INFO: 12:46:37.239: delete node: IP: 142.250.203.202. Number of nodes 54
EtherApe-INFO: 12:46:40.383: New node: IP: 4.31.198.44. Number of nodes 55
EtherApe-INFO: 12:46:40.404: delete node: IP: 172.217.16.19. Number of nodes 54
EtherApe-INFO: 12:46:43.943: delete node: IP: 142.250.75.14. Number of nodes 53
EtherApe-INFO: 12:47:01.528: delete node: IP: 149.154.167.50. Number of nodes 52
EtherApe-INFO: 12:47:15.665: delete node: IP: 216.58.215.74. Number of nodes 51
EtherApe-INFO: 12:47:27.689: delete node: IP: 142.250.75.13. Number of nodes 50
EtherApe-INFO: 12:47:39.941: delete node: IP: 172.217.20.163. Number of nodes 49
EtherApe-INFO: 12:47:40.393: New node: IP: 151.101.112.223. Number of nodes 50
EtherApe-INFO: 12:47:40.704: delete node: IP: 54.192.230.119. Number of nodes 49
EtherApe-INFO: 12:47:43.633: delete node: IP: 52.84.198.112. Number of nodes 48
EtherApe-INFO: 12:47:43.633: delete node: IP: 52.84.198.106. Number of nodes 47
EtherApe-INFO: 12:47:43.633: delete node: IP: 1.1.1.1. Number of nodes 46
EtherApe-INFO: 12:47:56.916: New node: IP: 142.250.203.202. Number of nodes 47
EtherApe-INFO: 12:48:05.997: New node: IP: 172.217.20.163. Number of nodes 48
EtherApe-INFO: 12:48:12.197: delete node: IP: 185.199.108.154. Number of nodes 47
EtherApe-INFO: 12:48:12.198: delete node: IP: 142.250.75.3. Number of nodes 46
EtherApe-INFO: 12:48:12.198: delete node: IP: 54.81.175.204. Number of nodes 45
EtherApe-INFO: 12:48:14.255: delete node: IP: 149.154.167.222. Number of nodes 44
EtherApe-INFO: 12:48:19.586: New node: IP: 216.58.215.110. Number of nodes 45
EtherApe-INFO: 12:48:40.383: New node: IP: 185.17.10.59. Number of nodes 46
EtherApe-INFO: 12:48:40.460: delete node: IP: 52.222.230.4. Number of nodes 45
EtherApe-INFO: 12:48:40.679: delete node: IP: 169.237.212.78. Number of nodes 44
EtherApe-INFO: 12:48:40.915: New node: IP: 1.1.1.1. Number of nodes 45
EtherApe-INFO: 12:48:40.916: New node: IP: 172.217.20.164. Number of nodes 46
EtherApe-INFO: 12:48:42.090: delete node: IP: 207.150.218.207. Number of nodes 45
EtherApe-INFO: 12:48:47.942: delete node: IP: 34.120.177.193. Number of nodes 44
EtherApe-INFO: 12:48:52.916: New node: IP: 162.159.200.1. Number of nodes 45
EtherApe-INFO: 12:48:56.116: New node: IP: 95.216.195.133. Number of nodes 46
EtherApe-INFO: 12:48:59.635: delete node: IP: 172.217.16.10. Number of nodes 45
EtherApe-INFO: 12:49:15.343: delete node: IP: 140.82.121.4. Number of nodes 44
EtherApe-INFO: 12:49:18.042: delete node: IP: 104.17.49.74. Number of nodes 43
EtherApe-INFO: 12:49:25.558: delete node: IP: 216.58.209.4. Number of nodes 42
EtherApe-INFO: 12:49:26.010: New node: IP: 216.58.209.4. Number of nodes 43
EtherApe-INFO: 12:49:28.476: delete node: IP: 104.18.12.33. Number of nodes 42
EtherApe-INFO: 12:49:31.715: delete node: IP: 4.31.198.44. Number of nodes 41
EtherApe-INFO: 12:49:40.463: delete node: IP: 216.58.209.13. Number of nodes 40
EtherApe-INFO: 12:49:40.676: New node: IP: 140.82.121.3. Number of nodes 41
EtherApe-INFO: 12:49:47.609: New node: IP: 185.199.109.154. Number of nodes 42
EtherApe-INFO: 12:49:47.609: New node: IP: 140.82.121.4. Number of nodes 43
EtherApe-INFO: 12:49:47.882: New node: IP: 216.58.215.74. Number of nodes 44
EtherApe-INFO: 12:49:48.156: New node: IP: 52.72.140.127. Number of nodes 45
EtherApe-INFO: 12:49:48.159: New node: IP: 140.82.121.6. Number of nodes 46
EtherApe-INFO: 12:50:06.305: delete node: IP: 172.217.20.163. Number of nodes 45
EtherApe-INFO: 12:50:13.540: delete node: IP: 140.82.121.5. Number of nodes 44
EtherApe-INFO: 12:50:19.889: delete node: IP: 216.58.215.110. Number of nodes 43
EtherApe-INFO: 12:50:20.213: delete node: IP: 172.66.41.20. Number of nodes 42
EtherApe-INFO: 12:50:21.505: delete node: IP: 104.16.71.125. Number of nodes 41
EtherApe-INFO: 12:50:24.947: delete node: IP: 104.18.22.9. Number of nodes 40
EtherApe-INFO: 12:50:37.209: New node: IP: 216.58.209.14. Number of nodes 41
EtherApe-INFO: 12:50:37.817: delete node: IP: 216.239.32.116. Number of nodes 40
EtherApe-INFO: 12:50:39.343: New node: IP: 52.84.198.90. Number of nodes 41
EtherApe-INFO: 12:50:40.676: New node: IP: 92.243.18.11. Number of nodes 42
EtherApe-INFO: 12:50:40.947: New node: IP: 52.73.243.8. Number of nodes 43
EtherApe-INFO: 12:50:40.992: delete node: IP: 172.217.20.164. Number of nodes 42
EtherApe-INFO: 12:50:40.992: delete node: IP: 1.1.1.1. Number of nodes 41
EtherApe-INFO: 12:50:46.542: New node: IPv6: fe80::9ada:c4ff:febf:99a5. Number of nodes 42
EtherApe-INFO: 12:50:46.542: New node: IPv6: ff02::1. Number of nodes 43
EtherApe-INFO: 12:50:48.676: New node: IP: 185.199.109.133. Number of nodes 44
EtherApe-INFO: 12:50:48.677: New node: IP: 185.199.108.154. Number of nodes 45
EtherApe-INFO: 12:50:48.956: New node: IP: 216.58.208.202. Number of nodes 46
EtherApe-INFO: 12:50:53.489: delete node: IP: 162.159.200.1. Number of nodes 45
EtherApe-INFO: 12:50:56.429: delete node: IP: 95.216.195.133. Number of nodes 44
EtherApe-INFO: 12:51:01.479: New node: IP: 172.217.16.42. Number of nodes 45
EtherApe-INFO: 12:51:40.143: New node: IP: 216.58.209.13. Number of nodes 46
EtherApe-INFO: 12:51:40.449: delete node: IP: 185.17.10.59. Number of nodes 45
EtherApe-INFO: 12:51:40.678: New node: IP: 198.185.159.145. Number of nodes 46
EtherApe-INFO: 12:51:42.885: delete node: IP: 3.216.211.240. Number of nodes 45
EtherApe-INFO: 12:52:03.616: New node: IP: 35.185.21.228. Number of nodes 46
EtherApe-INFO: 12:52:11.394: delete node: IP: 142.250.203.202. Number of nodes 45
EtherApe-INFO: 12:52:11.609: New node: IP: 1.1.1.1. Number of nodes 46
EtherApe-INFO: 12:52:11.610: New node: IP: 172.217.16.14. Number of nodes 47
EtherApe-INFO: 12:52:33.477: New node: IP: 149.154.167.222. Number of nodes 48
EtherApe-INFO: 12:52:37.270: delete node: IP: 216.58.209.14. Number of nodes 47
EtherApe-INFO: 12:52:41.742: New node: IP: 95.216.189.5. Number of nodes 48
EtherApe-INFO: 12:52:47.131: delete node: IPv6: ff02::1. Number of nodes 47
EtherApe-INFO: 12:52:47.131: delete node: IPv6: fe80::9ada:c4ff:febf:99a5. Number of nodes 46
EtherApe-INFO: 12:52:47.887: delete node: IP: 151.101.1.164. Number of nodes 45
EtherApe-INFO: 12:52:48.212: delete node: IP: 151.101.0.201. Number of nodes 44
EtherApe-INFO: 12:52:48.751: delete node: IP: 216.58.215.106. Number of nodes 43
EtherApe-INFO: 12:52:48.751: delete node: IP: 185.199.109.154. Number of nodes 42
EtherApe-INFO: 12:52:49.506: delete node: IP: 216.58.208.202. Number of nodes 41
EtherApe-INFO: 12:53:04.677: New node: IP: 172.217.16.10. Number of nodes 42
EtherApe-INFO: 12:53:07.127: delete node: IP: 185.199.111.133. Number of nodes 41
EtherApe-INFO: 12:53:08.942: New node: IP: 162.159.200.1. Number of nodes 42
EtherApe-INFO: 12:53:11.676: delete node: IP: 172.217.16.42. Number of nodes 41
EtherApe-INFO: 12:53:19.609: New node: IP: 216.58.215.110. Number of nodes 42
EtherApe-INFO: 12:53:32.719: delete node: IP: 216.58.215.74. Number of nodes 41
EtherApe-INFO: 12:53:41.556: delete node: IP: 216.58.209.13. Number of nodes 40
EtherApe-INFO: 12:53:41.556: delete node: IP: 140.82.121.3. Number of nodes 39
EtherApe-INFO: 12:53:41.556: delete node: IP: 92.243.18.11. Number of nodes 38
EtherApe-INFO: 12:53:41.743: New node: IP: 194.36.162.37. Number of nodes 39
EtherApe-INFO: 12:53:47.876: New node: IP: 216.58.215.100. Number of nodes 40
EtherApe-INFO: 12:53:54.322: delete node: IP: 151.101.0.176. Number of nodes 39
EtherApe-INFO: 12:53:56.142: New node: IP: 95.216.195.133. Number of nodes 40
EtherApe-INFO: 12:54:05.476: New node: IP: 172.217.16.42. Number of nodes 41
EtherApe-INFO: 12:54:09.321: delete node: IP: 35.185.21.228. Number of nodes 40
EtherApe-INFO: 12:54:11.912: delete node: IP: 172.217.16.14. Number of nodes 39
EtherApe-INFO: 12:54:17.517: delete node: IP: 1.1.1.1. Number of nodes 38
EtherApe-INFO: 12:54:36.142: New node: IPv6: fe80::9ada:c4ff:febf:99a5. Number of nodes 39
EtherApe-INFO: 12:54:36.142: New node: IPv6: ff02::1. Number of nodes 40
EtherApe-INFO: 12:54:36.691: delete node: IP: 198.185.159.145. Number of nodes 39
EtherApe-INFO: 12:54:37.210: New node: IP: 178.18.231.154. Number of nodes 40
EtherApe-INFO: 12:54:37.479: New node: IP: 1.1.1.1. Number of nodes 41
EtherApe-INFO: 12:54:38.310: delete node: IP: 216.58.209.4. Number of nodes 40
EtherApe-INFO: 12:54:41.743: New node: IP: 151.101.1.69. Number of nodes 41
EtherApe-INFO: 12:54:49.051: delete node: IP: 149.154.167.222. Number of nodes 40
EtherApe-INFO: 12:55:00.176: delete node: IP: 140.82.121.4. Number of nodes 39
EtherApe-INFO: 12:55:02.875: delete node: IP: 140.82.121.6. Number of nodes 38
EtherApe-INFO: 12:55:03.876: New node: IP: 149.154.167.222. Number of nodes 39
EtherApe-INFO: 12:55:08.143: New node: IP: 142.250.203.202. Number of nodes 40
EtherApe-INFO: 12:55:09.255: delete node: IP: 162.159.200.1. Number of nodes 39
EtherApe-INFO: 12:55:12.969: New node: IP: 142.250.203.196. Number of nodes 40
EtherApe-INFO: 12:55:13.804: delete node: IP: 172.217.16.10. Number of nodes 39
EtherApe-INFO: 12:55:22.658: delete node: IP: 216.58.215.110. Number of nodes 38
EtherApe-INFO: 12:55:27.733: delete node: IP: 52.72.140.127. Number of nodes 37
EtherApe-INFO: 12:55:41.769: New node: IP: 2.20.29.91. Number of nodes 38
EtherApe-INFO: 12:55:47.160: delete node: IP: 95.216.189.5. Number of nodes 37
EtherApe-INFO: 12:55:56.744: delete node: IP: 95.216.195.133. Number of nodes 36
EtherApe-INFO: 12:55:57.608: delete node: IP: 23.185.0.1. Number of nodes 35
EtherApe-INFO: 12:55:57.770: New node: IP: 172.217.16.14. Number of nodes 36
EtherApe-INFO: 12:56:07.636: New node: IP: 216.58.208.195. Number of nodes 37
EtherApe-INFO: 12:56:09.250: delete node: IP: 194.36.162.37. Number of nodes 36
EtherApe-INFO: 12:56:10.036: New node: IP: 216.58.209.10. Number of nodes 37
EtherApe-INFO: 12:56:14.882: delete node: IP: 172.217.16.42. Number of nodes 36
EtherApe-INFO: 12:56:36.263: delete node: IPv6: ff02::1. Number of nodes 35
EtherApe-INFO: 12:56:36.263: delete node: IPv6: fe80::9ada:c4ff:febf:99a5. Number of nodes 34
EtherApe-INFO: 12:56:39.716: delete node: IP: 52.84.198.90. Number of nodes 33
EtherApe-INFO: 12:56:42.302: New node: IP: 128.2.42.95. Number of nodes 34
EtherApe-INFO: 12:57:14.050: delete node: IP: 142.250.203.196. Number of nodes 33
EtherApe-INFO: 12:57:16.199: delete node: IP: 142.250.203.202. Number of nodes 32
EtherApe-INFO: 12:57:37.052: delete node: IP: 149.154.167.222. Number of nodes 31
EtherApe-INFO: 12:57:42.036: New node: IP: 104.16.181.15. Number of nodes 32
EtherApe-INFO: 12:58:02.864: delete node: IP: 1.1.1.1. Number of nodes 31
EtherApe-INFO: 12:58:03.725: delete node: IP: 2.20.29.91. Number of nodes 30
EtherApe-INFO: 12:58:17.242: delete node: IP: 216.58.209.10. Number of nodes 29
EtherApe-INFO: 12:58:19.636: New node: IP: 216.58.215.110. Number of nodes 30
EtherApe-INFO: 12:58:19.638: New node: IP: 216.58.209.14. Number of nodes 31
EtherApe-INFO: 12:58:23.691: delete node: IP: 216.58.208.195. Number of nodes 30
EtherApe-INFO: 12:58:38.570: New node: IP: 172.217.20.196. Number of nodes 31
EtherApe-INFO: 12:58:42.570: New node: IP: 172.67.152.125. Number of nodes 32
EtherApe-INFO: 12:58:56.170: New node: IP: 95.216.195.133. Number of nodes 33
EtherApe-INFO: 12:58:58.147: delete node: IP: 128.2.42.95. Number of nodes 32
EtherApe-INFO: 12:59:28.513: delete node: IP: 172.217.16.14. Number of nodes 31
EtherApe-INFO: 12:59:38.303: New node: IP: 172.217.16.14. Number of nodes 32
EtherApe-INFO: 12:59:42.569: New node: IP: 104.26.2.23. Number of nodes 33
EtherApe-INFO: 12:59:51.125: delete node: IP: 151.101.112.223. Number of nodes 32
EtherApe-INFO: 13:00:06.839: New node: IP: 1.1.1.1. Number of nodes 33
EtherApe-INFO: 13:00:13.770: New node: IP: 216.58.215.106. Number of nodes 34
EtherApe-INFO: 13:00:18.579: delete node: IP: 216.58.215.100. Number of nodes 33
EtherApe-INFO: 13:00:20.737: delete node: IP: 216.58.209.14. Number of nodes 32
EtherApe-INFO: 13:00:21.063: delete node: IP: 216.58.215.110. Number of nodes 31
EtherApe-INFO: 13:00:43.370: New node: IP: 46.4.4.180. Number of nodes 32
EtherApe-INFO: 13:00:57.019: delete node: IP: 95.216.195.133. Number of nodes 31
EtherApe-INFO: 13:01:41.235: New node: IP: 162.159.200.1. Number of nodes 32
EtherApe-INFO: 13:01:43.369: New node: IP: 178.248.232.27. Number of nodes 33
EtherApe-INFO: 13:01:58.924: delete node: IP: 172.217.16.14. Number of nodes 32
EtherApe-INFO: 13:02:09.775: delete node: IP: 178.18.231.154. Number of nodes 31
EtherApe-INFO: 13:02:09.775: delete node: IP: 172.67.152.125. Number of nodes 30
EtherApe-INFO: 13:02:10.569: New node: IP: 216.58.208.195. Number of nodes 31
EtherApe-INFO: 13:02:18.035: New node: IP: 172.217.16.10. Number of nodes 32
EtherApe-INFO: 13:02:21.785: delete node: IP: 216.58.215.106. Number of nodes 31
EtherApe-INFO: 13:02:25.009: delete node: IP: 216.58.215.67. Number of nodes 30
EtherApe-INFO: 13:02:59.925: delete node: IP: 185.199.109.133. Number of nodes 29
EtherApe-INFO: 13:02:59.925: delete node: IP: 185.199.108.154. Number of nodes 28
EtherApe-INFO: 13:03:00.245: delete node: IP: 172.217.16.4. Number of nodes 27
EtherApe-INFO: 13:03:19.370: New node: IP: 216.58.215.67. Number of nodes 28
EtherApe-INFO: 13:03:41.331: delete node: IP: 162.159.200.1. Number of nodes 27
EtherApe-INFO: 13:03:56.169: New node: IP: 95.216.195.133. Number of nodes 28
EtherApe-INFO: 13:03:59.450: delete node: IP: 1.1.1.1. Number of nodes 27
EtherApe-INFO: 13:04:06.094: delete node: IP: 46.4.4.180. Number of nodes 26
EtherApe-INFO: 13:04:09.769: New node: IP: 149.154.167.222. Number of nodes 27
EtherApe-INFO: 13:04:19.637: New node: IP: 172.217.16.42. Number of nodes 28
EtherApe-INFO: 13:04:26.580: delete node: IP: 216.58.208.195. Number of nodes 27
EtherApe-INFO: 13:04:26.580: delete node: IP: 172.217.16.35. Number of nodes 26
EtherApe-INFO: 13:04:30.837: New node: IP: 216.58.215.100. Number of nodes 27
EtherApe-INFO: 13:04:35.902: New node: IPv6: fe80::9ada:c4ff:febf:99a5. Number of nodes 28
EtherApe-INFO: 13:04:35.902: New node: IPv6: ff02::1. Number of nodes 29
EtherApe-INFO: 13:04:44.440: delete node: IP: 52.73.243.8. Number of nodes 28
EtherApe-INFO: 13:05:26.837: New node: IP: 172.217.16.35. Number of nodes 29
EtherApe-INFO: 13:05:57.577: delete node: IP: 95.216.195.133. Number of nodes 28
EtherApe-INFO: 13:06:06.302: New node: IP: 1.1.1.1. Number of nodes 29
EtherApe-INFO: 13:06:06.303: New node: IP: 172.217.16.36. Number of nodes 30
EtherApe-INFO: 13:06:12.703: New node: IP: 216.58.208.195. Number of nodes 31
EtherApe-INFO: 13:06:15.903: New node: IP: 172.217.16.14. Number of nodes 32
EtherApe-INFO: 13:06:26.121: delete node: IP: 149.154.167.222. Number of nodes 31
EtherApe-INFO: 13:06:27.195: delete node: IP: 216.58.215.67. Number of nodes 30
EtherApe-INFO: 13:06:27.195: delete node: IP: 172.217.16.42. Number of nodes 29
EtherApe-INFO: 13:06:27.903: New node: IP: 216.239.32.116. Number of nodes 30
EtherApe-INFO: 13:06:31.174: delete node: IP: 216.58.215.100. Number of nodes 29
EtherApe-INFO: 13:06:36.764: delete node: IPv6: ff02::1. Number of nodes 28
EtherApe-INFO: 13:06:36.764: delete node: IPv6: fe80::9ada:c4ff:febf:99a5. Number of nodes 27
EtherApe-INFO: 13:06:48.705: New node: IP: 149.154.167.222. Number of nodes 28
EtherApe-INFO: 13:06:52.465: delete node: IP: 151.101.1.69. Number of nodes 27
EtherApe-INFO: 13:06:58.303: New node: IP: 140.82.114.25. Number of nodes 28
EtherApe-INFO: 13:07:09.538: delete node: IP: 104.16.181.15. Number of nodes 27
EtherApe-INFO: 13:07:10.611: delete node: IP: 178.248.232.27. Number of nodes 26
EtherApe-INFO: 13:07:22.037: New node: IP: 216.58.215.100. Number of nodes 27
EtherApe-INFO: 13:07:23.902: New node: IP: 142.250.203.138. Number of nodes 28
EtherApe-INFO: 13:08:06.898: delete node: IP: 172.217.16.36. Number of nodes 27
EtherApe-INFO: 13:08:13.502: New node: IP: 216.58.215.67. Number of nodes 28
EtherApe-INFO: 13:08:19.662: New node: IP: 216.58.215.110. Number of nodes 29
EtherApe-INFO: 13:08:23.741: delete node: IP: 104.26.2.23. Number of nodes 28
EtherApe-INFO: 13:08:27.162: delete node: IP: 1.1.1.1. Number of nodes 27
EtherApe-INFO: 13:08:28.543: delete node: IP: 216.239.32.116. Number of nodes 26
EtherApe-INFO: 13:08:28.543: delete node: IP: 216.58.208.195. Number of nodes 25
EtherApe-INFO: 13:08:28.543: delete node: IP: 172.217.16.35. Number of nodes 24
EtherApe-INFO: 13:08:29.077: delete node: IP: 172.217.16.10. Number of nodes 23
EtherApe-INFO: 13:08:56.196: New node: IP: 95.216.195.133. Number of nodes 24
EtherApe-INFO: 13:09:00.756: New node: IP: 204.79.197.200. Number of nodes 25
EtherApe-INFO: 13:09:05.593: delete node: IP: 149.154.167.222. Number of nodes 24
EtherApe-INFO: 13:09:20.759: New node: IP: 172.217.16.42. Number of nodes 25
EtherApe-INFO: 13:09:21.022: New node: IP: 172.217.16.35. Number of nodes 26
EtherApe-INFO: 13:09:28.490: New node: IP: 216.58.208.202. Number of nodes 27
EtherApe-INFO: 13:10:11.689: New node: IP: 216.58.215.69. Number of nodes 28
EtherApe-INFO: 13:10:20.519: delete node: IP: 216.58.215.110. Number of nodes 27
EtherApe-INFO: 13:10:24.052: delete node: IP: 131.253.33.200. Number of nodes 26
EtherApe-INFO: 13:10:30.090: New node: IP: 142.250.203.202. Number of nodes 27
EtherApe-INFO: 13:10:32.799: delete node: IP: 142.250.203.138. Number of nodes 26
EtherApe-INFO: 13:10:36.755: New node: IP: 216.58.208.195. Number of nodes 27
EtherApe-INFO: 13:10:44.225: New node: IPv6: fe80::9ada:c4ff:febf:99a5. Number of nodes 28
EtherApe-INFO: 13:10:44.225: New node: IPv6: ff02::1. Number of nodes 29
EtherApe-INFO: 13:10:57.069: delete node: IP: 95.216.195.133. Number of nodes 28
EtherApe-INFO: 13:11:03.252: delete node: IP: 216.58.215.100. Number of nodes 27
EtherApe-INFO: 13:11:03.253: delete node: IP: 172.217.16.14. Number of nodes 26
EtherApe-INFO: 13:11:10.949: delete node: IP: 142.250.203.133. Number of nodes 25
EtherApe-INFO: 13:11:23.425: delete node: IP: 172.217.16.42. Number of nodes 24
EtherApe-INFO: 13:11:31.689: New node: IPv6: ff02::1:ff9f:3910. Number of nodes 25
EtherApe-INFO: 13:11:33.570: delete node: IP: 216.58.208.202. Number of nodes 24
EtherApe-INFO: 13:11:35.693: New node: IP: 216.58.215.74. Number of nodes 25
EtherApe-INFO: 13:12:13.823: New node: IP: 172.217.16.14. Number of nodes 26
EtherApe-INFO: 13:12:21.573: delete node: IP: 172.217.16.35. Number of nodes 25
EtherApe-INFO: 13:12:31.689: New node: IP: 172.217.16.46. Number of nodes 26
EtherApe-INFO: 13:12:32.758: New node: IP: 172.217.16.10. Number of nodes 27
EtherApe-INFO: 13:12:35.689: New node: IP: 172.217.16.35. Number of nodes 28
EtherApe-INFO: 13:12:44.317: delete node: IPv6: ff02::1. Number of nodes 27
EtherApe-INFO: 13:13:31.743: delete node: IPv6: ff02::1:ff9f:3910. Number of nodes 26
EtherApe-INFO: 13:13:31.743: delete node: IPv6: fe80::9ada:c4ff:febf:99a5. Number of nodes 25
EtherApe-INFO: 13:13:34.089: New node: IP: 142.250.186.202. Number of nodes 26
EtherApe-INFO: 13:13:34.357: New node: IP: 216.58.215.100. Number of nodes 27
EtherApe-INFO: 13:13:35.463: delete node: IP: 142.250.203.202. Number of nodes 26
EtherApe-INFO: 13:13:43.480: delete node: IP: 216.58.208.195. Number of nodes 25
EtherApe-INFO: 13:13:54.151: delete node: IP: 216.58.215.74. Number of nodes 24
EtherApe-INFO: 13:13:56.222: New node: IP: 95.216.195.133. Number of nodes 25
EtherApe-INFO: 13:14:31.974: delete node: IP: 172.217.16.46. Number of nodes 24
EtherApe-INFO: 13:14:36.021: delete node: IP: 172.217.16.10. Number of nodes 23
EtherApe-INFO: 13:14:51.422: New node: IP: 140.82.113.25. Number of nodes 24
EtherApe-INFO: 13:15:01.290: New node: IPv6: fe80::9ada:c4ff:febf:99a5. Number of nodes 25
EtherApe-INFO: 13:15:01.290: New node: IPv6: ff02::1. Number of nodes 26
EtherApe-INFO: 13:15:17.024: New node: IP: 172.217.16.10. Number of nodes 27
EtherApe-INFO: 13:15:34.695: delete node: IP: 216.58.215.100. Number of nodes 26
EtherApe-INFO: 13:15:44.828: delete node: IP: 172.217.16.14. Number of nodes 25
EtherApe-INFO: 13:15:57.644: delete node: IP: 95.216.195.133. Number of nodes 24
EtherApe-INFO: 13:16:05.823: New node: IP: 216.58.215.74. Number of nodes 25
EtherApe-INFO: 13:16:20.222: New node: IP: 1.1.1.1. Number of nodes 26
EtherApe-INFO: 13:16:36.757: delete node: IP: 142.250.186.202. Number of nodes 25
EtherApe-INFO: 13:17:02.387: delete node: IPv6: ff02::1. Number of nodes 24
EtherApe-INFO: 13:17:02.388: delete node: IPv6: fe80::9ada:c4ff:febf:99a5. Number of nodes 23
EtherApe-INFO: 13:17:19.156: New node: IP: 216.58.209.10. Number of nodes 24
EtherApe-INFO: 13:17:46.185: delete node: IP: 172.217.20.170. Number of nodes 23
EtherApe-INFO: 13:18:17.825: delete node: IP: 172.217.16.35. Number of nodes 22
EtherApe-INFO: 13:18:19.422: New node: IP: 216.58.215.110. Number of nodes 23
EtherApe-INFO: 13:18:20.581: delete node: IP: 1.1.1.1. Number of nodes 22
EtherApe-INFO: 13:18:20.757: New node: IP: 142.250.203.202. Number of nodes 23
EtherApe-INFO: 13:18:34.355: New node: IP: 149.154.167.222. Number of nodes 24
EtherApe-INFO: 13:18:39.145: delete node: IP: 172.217.16.10. Number of nodes 23
EtherApe-INFO: 13:18:40.702: New node: IP: 140.82.121.6. Number of nodes 24
EtherApe-INFO: 13:18:42.035: New node: IP: 72.21.194.138. Number of nodes 25
EtherApe-INFO: 13:18:42.570: New node: IP: 3.3.9.1. Number of nodes 26
EtherApe-INFO: 13:18:43.369: New node: IP: 3.2.9.2. Number of nodes 27
EtherApe-INFO: 13:18:44.172: New node: IP: 54.192.228.134. Number of nodes 28
EtherApe-INFO: 13:18:44.439: New node: IP: 52.84.199.71. Number of nodes 29
EtherApe-INFO: 13:18:44.442: New node: IP: 172.217.16.42. Number of nodes 30
EtherApe-INFO: 13:18:45.502: New node: IP: 162.159.200.1. Number of nodes 31
EtherApe-INFO: 13:18:56.169: New node: IP: 95.216.195.133. Number of nodes 32
EtherApe-INFO: 13:18:58.840: New node: IP: 52.92.133.121. Number of nodes 33
EtherApe-INFO: 13:19:06.836: New node: IP: 172.217.16.4. Number of nodes 34
EtherApe-INFO: 13:19:14.038: New node: IP: 172.217.16.35. Number of nodes 35
EtherApe-INFO: 13:19:14.308: New node: IP: 52.84.198.107. Number of nodes 36
EtherApe-INFO: 13:19:14.308: New node: IP: 52.84.198.18. Number of nodes 37
EtherApe-INFO: 13:19:14.309: New node: IP: 52.222.230.90. Number of nodes 38
EtherApe-INFO: 13:19:15.102: New node: IP: 52.94.220.76. Number of nodes 39
EtherApe-INFO: 13:19:15.104: New node: IP: 3.3.8.1. Number of nodes 40
EtherApe-INFO: 13:19:15.104: New node: IP: 52.84.198.37. Number of nodes 41
EtherApe-INFO: 13:19:15.104: New node: IP: 52.84.198.122. Number of nodes 42
EtherApe-INFO: 13:19:15.109: New node: IP: 3.2.9.1. Number of nodes 43
EtherApe-INFO: 13:19:15.109: New node: IP: 3.121.38.176. Number of nodes 44
EtherApe-INFO: 13:19:15.380: New node: IP: 52.84.198.56. Number of nodes 45
EtherApe-INFO: 13:19:15.383: New node: IP: 13.49.104.191. Number of nodes 46
EtherApe-INFO: 13:19:15.636: New node: IP: 54.239.36.191. Number of nodes 47
EtherApe-INFO: 13:19:15.646: New node: IP: 100.24.181.185. Number of nodes 48
EtherApe-INFO: 13:19:15.905: New node: IP: 13.48.92.246. Number of nodes 49
EtherApe-INFO: 13:19:16.704: New node: IP: 34.233.196.129. Number of nodes 50
EtherApe-INFO: 13:19:16.707: New node: IP: 18.185.189.144. Number of nodes 51
EtherApe-INFO: 13:19:21.520: New node: IP: 34.105.213.144. Number of nodes 52
EtherApe-INFO: 13:19:28.705: New node: IP: 52.222.230.21. Number of nodes 53
EtherApe-INFO: 13:19:29.508: New node: IP: 34.194.108.56. Number of nodes 54
EtherApe-INFO: 13:19:29.509: New node: IP: 52.222.230.230. Number of nodes 55
EtherApe-INFO: 13:19:29.784: New node: IP: 52.216.9.227. Number of nodes 56
EtherApe-INFO: 13:19:31.371: New node: IP: 52.84.198.50. Number of nodes 57
EtherApe-INFO: 13:19:31.641: New node: IP: 52.222.230.140. Number of nodes 58
EtherApe-INFO: 13:19:32.702: New node: IP: 52.222.230.125. Number of nodes 59
EtherApe-INFO: 13:19:33.266: New node: IP: 52.222.230.228. Number of nodes 60
EtherApe-INFO: 13:19:34.373: delete node: IP: 216.58.209.10. Number of nodes 59
EtherApe-INFO: 13:19:39.107: New node: IP: 52.84.198.26. Number of nodes 60
EtherApe-INFO: 13:19:48.706: New node: IP: 185.199.108.154. Number of nodes 61
EtherApe-INFO: 13:19:48.707: New node: IP: 140.82.121.4. Number of nodes 62
EtherApe-INFO: 13:19:49.511: New node: IP: 185.199.108.133. Number of nodes 63
EtherApe-INFO: 13:19:50.302: New node: IP: 54.81.175.204. Number of nodes 64
EtherApe-INFO: 13:19:59.662: New node: IP: 1.1.1.1. Number of nodes 65
EtherApe-INFO: 13:20:20.758: delete node: IP: 216.58.215.110. Number of nodes 64
EtherApe-INFO: 13:20:25.799: New node: IP: 173.194.193.94. Number of nodes 65
EtherApe-INFO: 13:20:27.401: New node: IP: 142.250.186.202. Number of nodes 66
EtherApe-INFO: 13:20:46.333: delete node: IP: 162.159.200.1. Number of nodes 65
EtherApe-INFO: 13:20:49.905: delete node: IP: 149.154.167.222. Number of nodes 64
EtherApe-INFO: 13:20:57.082: delete node: IP: 95.216.195.133. Number of nodes 63
EtherApe-INFO: 13:20:59.163: delete node: IP: 72.21.194.138. Number of nodes 62
EtherApe-INFO: 13:21:26.944: delete node: IP: 34.105.213.144. Number of nodes 61
EtherApe-INFO: 13:21:29.134: delete node: IP: 52.92.133.121. Number of nodes 60
EtherApe-INFO: 13:21:37.113: delete node: IP: 142.250.203.202. Number of nodes 59
EtherApe-INFO: 13:21:38.433: delete node: IP: 52.216.9.227. Number of nodes 58
EtherApe-INFO: 13:21:48.756: New node: IPv6: fe80::9ada:c4ff:febf:99a5. Number of nodes 59
EtherApe-INFO: 13:21:48.756: New node: IPv6: ff02::1. Number of nodes 60
EtherApe-INFO: 13:21:48.823: delete node: IP: 52.94.220.76. Number of nodes 59
EtherApe-INFO: 13:21:50.365: delete node: IP: 140.82.112.26. Number of nodes 58
EtherApe-INFO: 13:21:58.623: New node: IP: 142.250.75.14. Number of nodes 59
EtherApe-INFO: 13:21:59.426: New node: IP: 142.250.203.138. Number of nodes 60
EtherApe-INFO: 13:21:59.707: delete node: IP: 1.1.1.1. Number of nodes 59
EtherApe-INFO: 13:22:01.027: New node: IP: 172.217.16.46. Number of nodes 60
EtherApe-INFO: 13:22:01.825: New node: IP: 74.125.205.189. Number of nodes 61
EtherApe-INFO: 13:22:02.091: New node: IP: 172.217.20.174. Number of nodes 62
EtherApe-INFO: 13:22:15.710: delete node: IP: 3.2.9.2. Number of nodes 61
EtherApe-INFO: 13:22:16.804: delete node: IP: 54.239.36.191. Number of nodes 60
EtherApe-INFO: 13:22:20.756: New node: IP: 149.154.167.222. Number of nodes 61
EtherApe-INFO: 13:22:23.483: delete node: IP: 172.217.16.42. Number of nodes 60
EtherApe-INFO: 13:22:27.214: delete node: IP: 3.2.9.1. Number of nodes 59
EtherApe-INFO: 13:22:38.361: delete node: IP: 3.3.8.1. Number of nodes 58
EtherApe-INFO: 13:22:38.689: delete node: IP: 34.194.108.56. Number of nodes 57
EtherApe-INFO: 13:22:39.956: New node: IP: 216.239.32.116. Number of nodes 58
EtherApe-INFO: 13:22:40.223: New node: IP: 178.18.231.136. Number of nodes 59
EtherApe-INFO: 13:22:44.488: New node: IP: 1.1.1.1. Number of nodes 60
EtherApe-INFO: 13:22:50.366: delete node: IP: 18.185.189.144. Number of nodes 59
EtherApe-INFO: 13:23:48.823: delete node: IPv6: ff02::1. Number of nodes 58
EtherApe-INFO: 13:23:48.823: delete node: IPv6: fe80::9ada:c4ff:febf:99a5. Number of nodes 57
EtherApe-INFO: 13:23:56.222: New node: IP: 95.216.195.133. Number of nodes 58
EtherApe-INFO: 13:23:58.977: delete node: IP: 108.177.14.189. Number of nodes 57
EtherApe-INFO: 13:23:59.738: delete node: IP: 142.250.203.138. Number of nodes 56
EtherApe-INFO: 13:24:01.397: delete node: IP: 172.217.16.46. Number of nodes 55
EtherApe-INFO: 13:24:01.834: delete node: IP: 142.250.75.14. Number of nodes 54
EtherApe-INFO: 13:24:02.714: delete node: IP: 172.217.20.174. Number of nodes 53
EtherApe-INFO: 13:24:20.222: New node: IP: 216.58.208.202. Number of nodes 54
EtherApe-INFO: 13:24:22.622: New node: IP: 0.0.0.0. Number of nodes 55
EtherApe-INFO: 13:24:22.622: New node: IP: 255.255.255.255. Number of nodes 56
EtherApe-INFO: 13:24:30.709: delete node: IP: 142.250.186.202. Number of nodes 55
EtherApe-INFO: 13:24:39.422: New node: IP: 216.58.209.4. Number of nodes 56
EtherApe-INFO: 13:24:39.689: New node: IP: 52.94.218.60. Number of nodes 57
EtherApe-INFO: 13:24:39.734: delete node: IP: 172.217.20.196. Number of nodes 56
EtherApe-INFO: 13:24:40.223: New node: IP: 3.3.8.1. Number of nodes 57
EtherApe-INFO: 13:24:43.956: New node: IP: 216.239.32.117. Number of nodes 58
EtherApe-INFO: 13:24:45.075: delete node: IP: 54.192.228.134. Number of nodes 57
EtherApe-INFO: 13:24:45.831: New node: IP: 142.250.203.202. Number of nodes 58
EtherApe-INFO: 13:24:46.091: New node: IP: 52.72.140.127. Number of nodes 59
EtherApe-INFO: 13:24:50.429: delete node: IP: 1.1.1.1. Number of nodes 58
EtherApe-INFO: 13:25:14.734: delete node: IP: 52.84.198.107. Number of nodes 57
EtherApe-INFO: 13:25:15.170: delete node: IP: 52.84.198.37. Number of nodes 56
EtherApe-INFO: 13:25:15.493: delete node: IP: 52.84.198.56. Number of nodes 55
EtherApe-INFO: 13:25:16.249: delete node: IP: 52.84.198.18. Number of nodes 54
EtherApe-INFO: 13:25:25.064: delete node: IP: 54.81.175.204. Number of nodes 53
EtherApe-INFO: 13:25:25.389: delete node: IP: 149.154.167.222. Number of nodes 52
EtherApe-INFO: 13:25:29.622: delete node: IP: 52.222.230.90. Number of nodes 51
EtherApe-INFO: 13:25:29.622: delete node: IP: 52.222.230.21. Number of nodes 50
EtherApe-INFO: 13:25:33.647: delete node: IP: 52.222.230.125. Number of nodes 49
EtherApe-INFO: 13:25:39.504: delete node: IP: 52.84.198.122. Number of nodes 48
EtherApe-INFO: 13:25:39.721: delete node: IP: 52.84.198.26. Number of nodes 47
EtherApe-INFO: 13:25:42.431: delete node: IP: 52.84.199.71. Number of nodes 46
EtherApe-INFO: 13:25:44.222: New node: IP: 172.217.16.46. Number of nodes 47
EtherApe-INFO: 13:25:57.359: delete node: IP: 95.216.195.133. Number of nodes 46
EtherApe-INFO: 13:26:11.693: New node: IP: 216.58.209.3. Number of nodes 47
EtherApe-INFO: 13:26:11.694: New node: IP: 142.250.203.138. Number of nodes 48
EtherApe-INFO: 13:26:12.232: New node: IP: 172.217.20.194. Number of nodes 49
EtherApe-INFO: 13:26:13.824: New node: IP: 185.199.109.153. Number of nodes 50
EtherApe-INFO: 13:26:14.096: New node: IP: 216.58.209.10. Number of nodes 51
EtherApe-INFO: 13:26:14.357: New node: IP: 172.217.20.163. Number of nodes 52
EtherApe-INFO: 13:26:14.360: New node: IP: 216.58.209.14. Number of nodes 53
EtherApe-INFO: 13:26:17.031: New node: IP: 151.101.112.193. Number of nodes 54
EtherApe-INFO: 13:26:17.031: New node: IP: 104.16.87.20. Number of nodes 55
EtherApe-INFO: 13:26:17.290: New node: IP: 104.18.10.207. Number of nodes 56
EtherApe-INFO: 13:26:17.566: New node: IP: 199.232.192.134. Number of nodes 57
EtherApe-INFO: 13:26:17.588: New node: IP: 151.101.192.134. Number of nodes 58
EtherApe-INFO: 13:26:17.589: New node: IP: 52.84.198.41. Number of nodes 59
EtherApe-INFO: 13:26:18.371: New node: IP: 199.232.194.49. Number of nodes 60
EtherApe-INFO: 13:26:18.624: New node: IP: 157.240.224.13. Number of nodes 61
EtherApe-INFO: 13:26:18.625: New node: IP: 172.217.20.174. Number of nodes 62
EtherApe-INFO: 13:26:18.892: New node: IP: 157.240.224.35. Number of nodes 63
EtherApe-INFO: 13:26:18.894: New node: IP: 216.58.209.13. Number of nodes 64
EtherApe-INFO: 13:26:19.159: New node: IP: 34.233.138.108. Number of nodes 65
EtherApe-INFO: 13:26:22.622: New node: IP: 216.58.208.195. Number of nodes 66
EtherApe-INFO: 13:26:23.452: delete node: IP: 255.255.255.255. Number of nodes 65
EtherApe-INFO: 13:26:23.452: delete node: IP: 0.0.0.0. Number of nodes 64
EtherApe-INFO: 13:26:23.788: delete node: IP: 52.222.230.228. Number of nodes 63
EtherApe-INFO: 13:26:25.603: delete node: IP: 13.49.104.191. Number of nodes 62
EtherApe-INFO: 13:26:26.702: delete node: IP: 52.222.230.230. Number of nodes 61
EtherApe-INFO: 13:26:26.702: delete node: IP: 52.222.230.140. Number of nodes 60
EtherApe-INFO: 13:26:32.841: delete node: IP: 3.3.9.1. Number of nodes 59
EtherApe-INFO: 13:26:33.611: delete node: IP: 216.58.208.202. Number of nodes 58
EtherApe-INFO: 13:26:44.246: delete node: IP: 216.239.32.117. Number of nodes 57
EtherApe-INFO: 13:26:44.246: delete node: IP: 173.194.193.94. Number of nodes 56
EtherApe-INFO: 13:26:46.654: delete node: IP: 52.94.218.60. Number of nodes 55
EtherApe-INFO: 13:26:46.654: delete node: IP: 34.233.196.129. Number of nodes 54
EtherApe-INFO: 13:26:46.654: delete node: IP: 13.48.92.246. Number of nodes 53
EtherApe-INFO: 13:26:48.513: delete node: IP: 3.121.38.176. Number of nodes 52
EtherApe-INFO: 13:26:55.508: delete node: IP: 172.217.16.35. Number of nodes 51
EtherApe-INFO: 13:27:02.892: New node: IP: 142.250.75.14. Number of nodes 52
EtherApe-INFO: 13:27:03.159: New node: IP: 178.248.232.27. Number of nodes 53
EtherApe-INFO: 13:27:05.556: New node: IP: 142.250.186.209. Number of nodes 54
EtherApe-INFO: 13:27:07.700: New node: IP: 172.217.16.33. Number of nodes 55
EtherApe-INFO: 13:27:18.637: New node: IP: 193.109.8.154. Number of nodes 56
EtherApe-INFO: 13:27:19.173: New node: IP: 188.114.96.28. Number of nodes 57
EtherApe-INFO: 13:27:19.173: New node: IP: 104.22.70.197. Number of nodes 58
EtherApe-INFO: 13:27:19.176: New node: IP: 142.250.186.202. Number of nodes 59
EtherApe-INFO: 13:27:19.177: New node: IP: 54.192.228.109. Number of nodes 60
EtherApe-INFO: 13:27:19.477: New node: IP: 52.73.243.8. Number of nodes 61
EtherApe-INFO: 13:27:29.876: delete node: IP: 216.58.209.4. Number of nodes 60
EtherApe-INFO: 13:27:42.736: delete node: IP: 3.3.8.1. Number of nodes 59
EtherApe-INFO: 13:28:00.784: New node: IP: 216.58.209.4. Number of nodes 60
EtherApe-INFO: 13:28:02.649: New node: IP: 1.1.1.1. Number of nodes 61
EtherApe-INFO: 13:28:11.745: New node: IP: 172.217.16.35. Number of nodes 62
EtherApe-INFO: 13:28:12.920: delete node: IP: 172.217.20.194. Number of nodes 61
EtherApe-INFO: 13:28:19.742: New node: IP: 216.58.215.110. Number of nodes 62
EtherApe-INFO: 13:28:56.279: New node: IP: 95.216.195.133. Number of nodes 63
EtherApe-INFO: 13:29:06.411: New node: IP: 131.253.33.200. Number of nodes 64
EtherApe-INFO: 13:29:08.276: delete node: IP: 172.217.16.33. Number of nodes 63
EtherApe-INFO: 13:29:15.855: delete node: IP: 216.58.208.195. Number of nodes 62
EtherApe-INFO: 13:29:23.851: delete node: IP: 157.240.224.13. Number of nodes 61
EtherApe-INFO: 13:29:24.069: delete node: IP: 157.240.224.35. Number of nodes 60
EtherApe-INFO: 13:29:25.680: delete node: IP: 216.239.32.116. Number of nodes 59
EtherApe-INFO: 13:29:30.218: delete node: IP: 142.250.75.14. Number of nodes 58
EtherApe-INFO: 13:29:31.314: delete node: IP: 140.82.121.6. Number of nodes 57
EtherApe-INFO: 13:29:31.315: delete node: IP: 140.82.121.4. Number of nodes 56
EtherApe-INFO: 13:29:40.572: New node: IP: 52.94.218.60. Number of nodes 57
EtherApe-INFO: 13:29:41.369: New node: IP: 3.3.8.1. Number of nodes 58
EtherApe-INFO: 13:30:05.987: delete node: IP: 142.250.186.209. Number of nodes 57
EtherApe-INFO: 13:30:08.857: delete node: IP: 52.72.140.127. Number of nodes 56
EtherApe-INFO: 13:30:14.992: delete node: IP: 52.84.198.50. Number of nodes 55
EtherApe-INFO: 13:30:20.340: delete node: IP: 216.58.215.110. Number of nodes 54
EtherApe-INFO: 13:30:31.623: delete node: IP: 216.58.209.4. Number of nodes 53
EtherApe-INFO: 13:30:32.057: delete node: IP: 52.73.243.8. Number of nodes 52
EtherApe-INFO: 13:30:56.319: delete node: IP: 95.216.195.133. Number of nodes 51
EtherApe-INFO: 13:31:02.438: New node: IP: 172.217.16.14. Number of nodes 52
EtherApe-INFO: 13:31:06.742: delete node: IP: 204.79.197.200. Number of nodes 51
EtherApe-INFO: 13:31:06.743: delete node: IP: 193.109.8.154. Number of nodes 50
EtherApe-INFO: 13:31:06.743: delete node: IP: 178.248.232.27. Number of nodes 49
EtherApe-INFO: 13:31:06.743: delete node: IP: 142.250.186.202. Number of nodes 48
EtherApe-INFO: 13:31:08.036: New node: IPv6: fe80::9ada:c4ff:febf:99a5. Number of nodes 49
EtherApe-INFO: 13:31:08.036: New node: IPv6: ff02::1. Number of nodes 50
EtherApe-INFO: 13:31:26.511: delete node: IP: 1.1.1.1. Number of nodes 49
EtherApe-INFO: 13:31:40.863: delete node: IP: 216.58.209.13. Number of nodes 48
EtherApe-INFO: 13:31:40.863: delete node: IP: 172.217.20.174. Number of nodes 47
EtherApe-INFO: 13:31:40.863: delete node: IP: 172.217.20.163. Number of nodes 46
EtherApe-INFO: 13:31:40.863: delete node: IP: 172.217.16.46. Number of nodes 45
EtherApe-INFO: 13:31:47.235: New node: IPv6: ff02::1:ff9f:3910. Number of nodes 46
EtherApe-INFO: 13:31:47.503: New node: IP: 52.22.205.89. Number of nodes 47
EtherApe-INFO: 13:32:03.329: delete node: IP: 52.94.218.60. Number of nodes 46
EtherApe-INFO: 13:32:14.257: delete node: IP: 216.58.209.10. Number of nodes 45
EtherApe-INFO: 13:32:14.470: delete node: IP: 216.58.209.14. Number of nodes 44
EtherApe-INFO: 13:32:18.435: New node: IP: 1.1.1.1. Number of nodes 45
EtherApe-INFO: 13:32:19.559: delete node: IP: 52.84.198.41. Number of nodes 44
EtherApe-INFO: 13:32:25.423: delete node: IP: 216.58.209.3. Number of nodes 43
EtherApe-INFO: 13:33:08.603: delete node: IPv6: ff02::1. Number of nodes 42
EtherApe-INFO: 13:33:08.835: New node: IP: 142.250.203.196. Number of nodes 43
EtherApe-INFO: 13:33:19.505: New node: IP: 172.217.16.46. Number of nodes 44
EtherApe-INFO: 13:33:32.357: delete node: IP: 3.3.8.1. Number of nodes 43
EtherApe-INFO: 13:33:34.969: New node: IP: 216.58.215.110. Number of nodes 44
EtherApe-INFO: 13:33:48.629: delete node: IPv6: ff02::1:ff9f:3910. Number of nodes 43
EtherApe-INFO: 13:33:48.629: delete node: IPv6: fe80::9ada:c4ff:febf:99a5. Number of nodes 42
EtherApe-INFO: 13:33:48.629: delete node: IP: 178.18.231.136. Number of nodes 41
EtherApe-INFO: 13:33:48.629: delete node: IP: 54.192.228.109. Number of nodes 40
EtherApe-INFO: 13:33:56.302: New node: IP: 95.216.195.133. Number of nodes 41
EtherApe-INFO: 13:34:01.410: delete node: IP: 142.250.203.138. Number of nodes 40
EtherApe-INFO: 13:34:41.108: New node: IP: 142.250.77.35. Number of nodes 41
EtherApe-INFO: 13:34:41.636: New node: IP: 52.94.220.76. Number of nodes 42
EtherApe-INFO: 13:34:42.170: New node: IP: 3.3.8.1. Number of nodes 43
EtherApe-INFO: 13:34:44.132: delete node: IP: 142.250.203.202. Number of nodes 42
EtherApe-INFO: 13:34:54.485: delete node: IP: 52.22.205.89. Number of nodes 41
EtherApe-INFO: 13:34:57.706: delete node: IP: 104.18.10.207. Number of nodes 40
EtherApe-INFO: 13:34:57.706: delete node: IP: 104.16.87.20. Number of nodes 39
EtherApe-INFO: 13:35:08.978: delete node: IP: 142.250.203.196. Number of nodes 38
EtherApe-INFO: 13:35:22.792: delete node: IP: 172.217.16.46. Number of nodes 37
EtherApe-INFO: 13:35:30.463: New node: IP: 216.239.32.116. Number of nodes 38
EtherApe-INFO: 13:35:36.898: delete node: IP: 216.58.215.110. Number of nodes 37
EtherApe-INFO: 13:35:49.165: delete node: IP: 1.1.1.1. Number of nodes 36
EtherApe-INFO: 13:35:49.928: New node: IP: 162.159.200.1. Number of nodes 37
EtherApe-INFO: 13:35:56.391: delete node: IP: 95.216.195.133. Number of nodes 36
EtherApe-INFO: 13:35:59.621: delete node: IP: 188.114.96.28. Number of nodes 35
EtherApe-INFO: 13:35:59.621: delete node: IP: 104.22.70.197. Number of nodes 34
EtherApe-INFO: 13:36:41.429: delete node: IP: 199.232.192.134. Number of nodes 33
EtherApe-INFO: 13:36:41.429: delete node: IP: 151.101.192.134. Number of nodes 32
EtherApe-INFO: 13:37:10.479: delete node: IP: 52.94.220.76. Number of nodes 31
EtherApe-INFO: 13:37:14.760: delete node: IP: 172.217.16.14. Number of nodes 30
EtherApe-INFO: 13:37:21.662: New node: IP: 172.217.20.170. Number of nodes 31
EtherApe-INFO: 13:37:26.216: delete node: IP: 185.199.108.133. Number of nodes 30
EtherApe-INFO: 13:37:40.427: delete node: IP: 185.199.108.154. Number of nodes 29
EtherApe-INFO: 13:37:45.662: New node: IP: 172.217.16.14. Number of nodes 30
EtherApe-INFO: 13:37:50.012: delete node: IP: 162.159.200.1. Number of nodes 29
EtherApe-INFO: 13:38:27.548: delete node: IP: 185.199.109.153. Number of nodes 28
EtherApe-INFO: 13:38:27.548: delete node: IP: 151.101.112.193. Number of nodes 27
EtherApe-INFO: 13:38:28.704: delete node: IP: 199.232.194.49. Number of nodes 26
EtherApe-INFO: 13:38:32.062: delete node: IP: 3.3.8.1. Number of nodes 25
EtherApe-INFO: 13:38:56.329: New node: IP: 95.216.195.133. Number of nodes 26
EtherApe-INFO: 13:39:23.077: delete node: IP: 172.217.20.170. Number of nodes 25
EtherApe-INFO: 13:39:31.898: delete node: IP: 216.239.32.116. Number of nodes 24
EtherApe-INFO: 13:39:36.595: New node: IP: 172.217.20.170. Number of nodes 25
EtherApe-INFO: 13:39:41.398: delete node: IP: 172.217.16.35. Number of nodes 24
EtherApe-INFO: 13:39:42.729: New node: IP: 52.94.220.76. Number of nodes 25
EtherApe-INFO: 13:39:43.262: New node: IP: 3.3.9.1. Number of nodes 26
EtherApe-INFO: 13:40:16.330: New node: IP: 216.58.215.100. Number of nodes 27
EtherApe-INFO: 13:40:17.663: New node: IPv6: fe80::9ada:c4ff:febf:99a5. Number of nodes 28
EtherApe-INFO: 13:40:17.663: New node: IPv6: ff02::1. Number of nodes 29
EtherApe-INFO: 13:40:36.597: New node: IP: 216.58.208.195. Number of nodes 30
EtherApe-INFO: 13:40:56.376: delete node: IP: 95.216.195.133. Number of nodes 29
EtherApe-INFO: 13:41:08.062: New node: IP: 216.58.209.14. Number of nodes 30
EtherApe-INFO: 13:41:31.529: New node: IP: 172.217.16.46. Number of nodes 31
EtherApe-INFO: 13:41:35.594: delete node: IP: 142.250.77.35. Number of nodes 30
EtherApe-INFO: 13:41:36.875: delete node: IP: 172.217.20.170. Number of nodes 29
EtherApe-INFO: 13:41:45.396: New node: IP: 172.217.16.35. Number of nodes 30
EtherApe-INFO: 13:41:45.666: New node: IP: 172.217.16.42. Number of nodes 31
EtherApe-INFO: 13:42:17.130: New node: IP: 216.58.208.202. Number of nodes 32
EtherApe-INFO: 13:42:17.772: delete node: IPv6: ff02::1. Number of nodes 31
EtherApe-INFO: 13:42:17.772: delete node: IPv6: fe80::9ada:c4ff:febf:99a5. Number of nodes 30
EtherApe-INFO: 13:42:36.662: delete node: IP: 172.217.16.14. Number of nodes 29
EtherApe-INFO: 13:43:11.603: delete node: IP: 52.94.220.76. Number of nodes 28
EtherApe-INFO: 13:43:11.923: delete node: IP: 216.58.209.14. Number of nodes 27
EtherApe-INFO: 13:43:19.556: New node: IP: 216.58.215.110. Number of nodes 28
EtherApe-INFO: 13:43:20.895: New node: IP: 172.217.16.33. Number of nodes 29
EtherApe-INFO: 13:43:20.915: New node: IP: 142.250.203.206. Number of nodes 30
EtherApe-INFO: 13:43:27.559: New node: IP: 157.240.224.174. Number of nodes 31
EtherApe-INFO: 13:43:27.560: New node: IP: 216.58.215.106. Number of nodes 32
EtherApe-INFO: 13:43:29.034: New node: IP: 216.58.209.14. Number of nodes 33
EtherApe-INFO: 13:43:29.557: New node: IP: 31.43.58.32. Number of nodes 34
EtherApe-INFO: 13:43:32.049: delete node: IP: 172.217.16.46. Number of nodes 33
EtherApe-INFO: 13:43:32.049: delete node: IP: 3.3.9.1. Number of nodes 32
EtherApe-INFO: 13:43:40.880: delete node: IP: 216.58.208.195. Number of nodes 31
EtherApe-INFO: 13:43:46.119: New node: IP: 142.250.186.209. Number of nodes 32
EtherApe-INFO: 13:43:51.986: New node: IP: 216.58.209.10. Number of nodes 33
EtherApe-INFO: 13:43:56.252: New node: IP: 95.216.195.133. Number of nodes 34
EtherApe-INFO: 13:44:03.188: delete node: IP: 172.217.20.202. Number of nodes 33
EtherApe-INFO: 13:44:17.640: delete node: IP: 216.58.208.202. Number of nodes 32
EtherApe-INFO: 13:44:18.409: New node: IP: 216.58.209.4. Number of nodes 33
EtherApe-INFO: 13:44:22.411: New node: IP: 35.185.21.228. Number of nodes 34
EtherApe-INFO: 13:44:43.480: New node: IP: 52.94.220.76. Number of nodes 35
EtherApe-INFO: 13:44:44.277: New node: IP: 3.3.9.1. Number of nodes 36
EtherApe-INFO: 13:44:53.076: New node: IP: 172.217.16.10. Number of nodes 37
EtherApe-INFO: 13:44:58.677: New node: IP: 149.154.175.57. Number of nodes 38
EtherApe-INFO: 13:44:58.677: New node: IP: 149.154.175.50. Number of nodes 39
EtherApe-INFO: 13:45:20.587: delete node: IP: 216.58.215.110. Number of nodes 38
EtherApe-INFO: 13:45:21.674: delete node: IP: 172.217.16.33. Number of nodes 37
EtherApe-INFO: 13:45:47.570: delete node: IP: 142.250.186.209. Number of nodes 36
EtherApe-INFO: 13:45:54.436: New node: IP: 216.58.208.202. Number of nodes 37
EtherApe-INFO: 13:45:56.386: delete node: IP: 95.216.195.133. Number of nodes 36
EtherApe-INFO: 13:45:59.280: delete node: IP: 216.58.209.14. Number of nodes 35
EtherApe-INFO: 13:46:07.331: delete node: IP: 216.58.209.10. Number of nodes 34
EtherApe-INFO: 13:46:22.807: delete node: IP: 142.250.203.206. Number of nodes 33
EtherApe-INFO: 13:46:29.443: delete node: IP: 35.185.21.228. Number of nodes 32
EtherApe-INFO: 13:46:32.658: delete node: IP: 157.240.224.174. Number of nodes 31
EtherApe-INFO: 13:46:46.173: New node: IP: 3.216.211.240. Number of nodes 32
EtherApe-INFO: 13:46:49.175: delete node: IP: 216.58.215.100. Number of nodes 31
EtherApe-INFO: 13:46:50.704: New node: IP: 140.82.113.26. Number of nodes 32
EtherApe-INFO: 13:46:56.569: New node: IP: 142.250.203.202. Number of nodes 33
EtherApe-INFO: 13:46:59.610: delete node: IP: 149.154.175.57. Number of nodes 32
EtherApe-INFO: 13:47:09.714: delete node: IP: 172.217.16.10. Number of nodes 31
EtherApe-INFO: 13:47:12.077: delete node: IP: 52.94.220.76. Number of nodes 30
EtherApe-INFO: 13:47:16.597: delete node: IP: 149.154.175.50. Number of nodes 29
EtherApe-INFO: 13:47:20.571: New node: IP: 142.250.203.133. Number of nodes 30
EtherApe-INFO: 13:47:29.677: delete node: IP: 31.43.58.32. Number of nodes 29
EtherApe-INFO: 13:47:51.502: New node: IP: 216.58.209.13. Number of nodes 30
EtherApe-INFO: 13:47:54.968: New node: IPv6: fe80::9ada:c4ff:febf:99a5. Number of nodes 31
EtherApe-INFO: 13:47:54.968: New node: IPv6: ff02::1. Number of nodes 32
EtherApe-INFO: 13:47:57.376: New node: IP: 216.58.209.10. Number of nodes 33
EtherApe-INFO: 13:48:12.892: delete node: IP: 216.58.208.202. Number of nodes 32
EtherApe-INFO: 13:48:19.504: New node: IP: 216.58.215.110. Number of nodes 33
EtherApe-INFO: 13:48:20.076: delete node: IP: 216.58.215.69. Number of nodes 32
EtherApe-INFO: 13:48:32.129: delete node: IP: 3.3.9.1. Number of nodes 31
EtherApe-INFO: 13:48:52.036: New node: IP: 140.82.112.25. Number of nodes 32
EtherApe-INFO: 13:48:56.303: New node: IP: 95.216.195.133. Number of nodes 33
EtherApe-INFO: 13:48:58.436: New node: IP: 216.58.208.202. Number of nodes 34
EtherApe-INFO: 13:49:11.326: delete node: IP: 142.250.203.202. Number of nodes 33
EtherApe-INFO: 13:49:31.769: New node: IP: 142.250.186.202. Number of nodes 34
EtherApe-INFO: 13:49:44.571: New node: IP: 52.94.218.60. Number of nodes 35
EtherApe-INFO: 13:49:45.369: New node: IP: 3.3.9.1. Number of nodes 36
EtherApe-INFO: 13:49:49.694: delete node: IP: 3.216.211.240. Number of nodes 35
EtherApe-INFO: 13:49:55.835: delete node: IPv6: ff02::1. Number of nodes 34
EtherApe-INFO: 13:49:55.836: delete node: IPv6: fe80::9ada:c4ff:febf:99a5. Number of nodes 33
EtherApe-INFO: 13:50:16.134: delete node: IP: 216.58.209.10. Number of nodes 32
EtherApe-INFO: 13:50:19.775: delete node: IP: 216.58.215.110. Number of nodes 31
EtherApe-INFO: 13:50:34.702: New node: IP: 216.58.208.195. Number of nodes 32
EtherApe-INFO: 13:50:42.170: New node: IP: 13.32.110.81. Number of nodes 33
EtherApe-INFO: 13:50:50.180: delete node: IP: 216.58.209.13. Number of nodes 32
EtherApe-INFO: 13:50:52.107: delete node: IP: 140.82.113.25. Number of nodes 31
EtherApe-INFO: 13:50:54.970: New node: IP: 35.227.159.135. Number of nodes 32
EtherApe-INFO: 13:50:56.405: delete node: IP: 95.216.195.133. Number of nodes 31
EtherApe-INFO: 13:51:01.373: New node: IP: 142.250.203.138. Number of nodes 32
EtherApe-INFO: 13:51:16.703: delete node: IP: 216.58.208.202. Number of nodes 31
EtherApe-INFO: 13:51:17.662: New node: IP: 1.1.1.1. Number of nodes 32
EtherApe-INFO: 13:51:32.611: delete node: IP: 142.250.186.202. Number of nodes 31
EtherApe-INFO: 13:51:51.795: New node: IP: 216.58.209.13. Number of nodes 32
EtherApe-INFO: 13:52:07.290: delete node: IP: 52.94.218.60. Number of nodes 31
EtherApe-INFO: 13:52:21.985: delete node: IP: 216.58.209.4. Number of nodes 30
EtherApe-INFO: 13:52:49.684: delete node: IP: 216.58.208.195. Number of nodes 29
EtherApe-INFO: 13:53:00.614: delete node: IP: 35.227.159.135. Number of nodes 28
EtherApe-INFO: 13:53:18.025: delete node: IP: 1.1.1.1. Number of nodes 27
EtherApe-INFO: 13:53:19.305: delete node: IP: 142.250.203.138. Number of nodes 26
EtherApe-INFO: 13:53:19.529: New node: IP: 216.58.215.110. Number of nodes 27
EtherApe-INFO: 13:53:20.062: New node: IP: 216.58.209.14. Number of nodes 28
EtherApe-INFO: 13:53:20.064: New node: IP: 172.217.20.163. Number of nodes 29
EtherApe-INFO: 13:53:20.904: delete node: IP: 142.250.203.133. Number of nodes 28
EtherApe-INFO: 13:53:32.161: delete node: IP: 3.3.9.1. Number of nodes 27
EtherApe-INFO: 13:53:52.427: delete node: IP: 216.58.209.13. Number of nodes 26
EtherApe-INFO: 13:53:54.196: New node: IP: 142.250.203.202. Number of nodes 27
EtherApe-INFO: 13:53:56.329: New node: IP: 95.216.195.133. Number of nodes 28
EtherApe-INFO: 13:54:20.149: delete node: IP: 172.217.16.35. Number of nodes 27
EtherApe-INFO: 13:54:36.596: New node: IP: 216.58.208.195. Number of nodes 28
EtherApe-INFO: 13:54:45.662: New node: IP: 52.94.220.76. Number of nodes 29
EtherApe-INFO: 13:54:46.197: New node: IP: 3.3.8.1. Number of nodes 30
EtherApe-INFO: 13:55:06.196: New node: IP: 172.217.16.35. Number of nodes 31
EtherApe-INFO: 13:55:06.463: New node: IP: 142.250.75.10. Number of nodes 32
EtherApe-INFO: 13:55:12.916: delete node: IP: 216.58.215.106. Number of nodes 31
EtherApe-INFO: 13:55:19.344: delete node: IP: 216.58.215.67. Number of nodes 30
EtherApe-INFO: 13:55:20.629: delete node: IP: 172.217.20.163. Number of nodes 29
EtherApe-INFO: 13:55:20.948: delete node: IP: 216.58.209.14. Number of nodes 28
EtherApe-INFO: 13:55:21.129: New node: IPv6: fe80::9ada:c4ff:febf:99a5. Number of nodes 29
EtherApe-INFO: 13:55:21.129: New node: IPv6: ff02::1. Number of nodes 30
EtherApe-INFO: 13:55:21.486: delete node: IP: 216.58.215.110. Number of nodes 29
EtherApe-INFO: 13:55:57.748: delete node: IP: 95.216.195.133. Number of nodes 28
EtherApe-INFO: 13:56:31.529: New node: IP: 216.58.209.14. Number of nodes 29
EtherApe-INFO: 13:56:42.773: delete node: IP: 13.32.110.81. Number of nodes 28
EtherApe-INFO: 13:57:08.862: New node: IP: 216.58.209.10. Number of nodes 29
EtherApe-INFO: 13:57:13.735: delete node: IP: 52.94.220.76. Number of nodes 28
EtherApe-INFO: 13:57:21.395: New node: IP: 1.1.1.1. Number of nodes 29
EtherApe-INFO: 13:57:21.396: New node: IP: 172.217.20.164. Number of nodes 30
EtherApe-INFO: 13:57:21.447: delete node: IPv6: ff02::1. Number of nodes 29
EtherApe-INFO: 13:57:21.447: delete node: IPv6: fe80::9ada:c4ff:febf:99a5. Number of nodes 28
EtherApe-INFO: 13:57:21.665: New node: IP: 216.58.215.69. Number of nodes 29
EtherApe-INFO: 13:57:26.275: delete node: IP: 142.250.75.10. Number of nodes 28
EtherApe-INFO: 13:57:28.891: New node: IP: 216.239.38.117. Number of nodes 29
EtherApe-INFO: 13:58:09.422: New node: IP: 142.250.75.10. Number of nodes 30
EtherApe-INFO: 13:58:22.222: New node: IP: 216.58.215.110. Number of nodes 31
EtherApe-INFO: 13:58:32.893: delete node: IP: 3.3.8.1. Number of nodes 30
EtherApe-INFO: 13:58:36.436: delete node: IP: 216.58.209.14. Number of nodes 29
EtherApe-INFO: 13:58:56.355: New node: IP: 95.216.195.133. Number of nodes 30
EtherApe-INFO: 13:59:11.023: New node: IP: 216.58.208.202. Number of nodes 31
EtherApe-INFO: 13:59:19.828: New node: IP: 149.154.167.222. Number of nodes 32
EtherApe-INFO: 13:59:29.220: delete node: IP: 216.239.38.117. Number of nodes 31
EtherApe-INFO: 13:59:33.504: delete node: IP: 216.58.209.10. Number of nodes 30
EtherApe-INFO: 13:59:37.157: New node: IP: 216.58.209.4. Number of nodes 31
EtherApe-INFO: 13:59:46.491: New node: IP: 52.94.218.60. Number of nodes 32
EtherApe-INFO: 13:59:47.289: New node: IP: 3.3.8.1. Number of nodes 33
EtherApe-INFO: 14:00:18.491: New node: IP: 172.217.16.46. Number of nodes 34
EtherApe-INFO: 14:00:20.089: New node: IP: 142.250.186.202. Number of nodes 35
EtherApe-INFO: 14:00:22.053: delete node: IP: 172.217.20.164. Number of nodes 34
EtherApe-INFO: 14:00:22.053: delete node: IP: 1.1.1.1. Number of nodes 33
EtherApe-INFO: 14:00:22.588: delete node: IP: 216.58.215.110. Number of nodes 32
EtherApe-INFO: 14:00:27.559: New node: IP: 52.22.205.89. Number of nodes 33
EtherApe-INFO: 14:00:28.090: New node: IP: 172.217.20.163. Number of nodes 34
EtherApe-INFO: 14:00:30.760: New node: IP: 142.250.75.14. Number of nodes 35
EtherApe-INFO: 14:00:31.030: New node: IP: 216.58.215.67. Number of nodes 36
EtherApe-INFO: 14:00:34.027: delete node: IP: 142.250.75.10. Number of nodes 35
EtherApe-INFO: 14:00:46.758: New node: IP: 116.203.93.142. Number of nodes 36
EtherApe-INFO: 14:00:53.989: delete node: IP: 216.58.208.195. Number of nodes 35
EtherApe-INFO: 14:00:56.365: delete node: IP: 95.216.195.133. Number of nodes 34
EtherApe-INFO: 14:01:04.622: New node: IPv6: fe80::9ada:c4ff:febf:99a5. Number of nodes 35
EtherApe-INFO: 14:01:04.622: New node: IPv6: ff02::1. Number of nodes 36
EtherApe-INFO: 14:01:35.913: delete node: IP: 149.154.167.222. Number of nodes 35
EtherApe-INFO: 14:01:47.822: New node: IP: 172.66.41.20. Number of nodes 36
EtherApe-INFO: 14:01:52.359: New node: IP: 172.217.16.33. Number of nodes 37
EtherApe-INFO: 14:01:52.626: New node: IP: 142.250.203.206. Number of nodes 38
EtherApe-INFO: 14:02:28.625: New node: IP: 142.250.186.209. Number of nodes 39
EtherApe-INFO: 14:02:28.730: delete node: IP: 172.217.20.163. Number of nodes 38
EtherApe-INFO: 14:02:31.631: delete node: IP: 142.250.75.14. Number of nodes 37
EtherApe-INFO: 14:02:37.443: delete node: IP: 216.58.208.202. Number of nodes 36
EtherApe-INFO: 14:02:47.822: New node: IP: 140.82.121.3. Number of nodes 37
EtherApe-INFO: 14:03:01.955: New node: IPv6: ff02::1:ff9f:3910. Number of nodes 38
EtherApe-INFO: 14:03:04.675: delete node: IPv6: ff02::1. Number of nodes 37
EtherApe-INFO: 14:03:05.959: delete node: IP: 52.94.218.60. Number of nodes 36
EtherApe-INFO: 14:03:19.559: New node: IP: 216.58.215.110. Number of nodes 37
EtherApe-INFO: 14:03:22.571: delete node: IP: 216.58.215.69. Number of nodes 36
EtherApe-INFO: 14:03:32.127: delete node: IP: 3.3.8.1. Number of nodes 35
EtherApe-INFO: 14:03:45.423: New node: IP: 142.250.75.10. Number of nodes 36
EtherApe-INFO: 14:03:47.027: New node: IP: 216.58.215.106. Number of nodes 37
EtherApe-INFO: 14:03:48.111: delete node: IP: 172.66.41.20. Number of nodes 36
EtherApe-INFO: 14:03:55.311: delete node: IP: 142.250.203.206. Number of nodes 35
EtherApe-INFO: 14:03:55.311: delete node: IP: 116.203.93.142. Number of nodes 34
EtherApe-INFO: 14:03:55.635: New node: IP: 1.1.1.1. Number of nodes 35
EtherApe-INFO: 14:03:56.169: New node: IP: 95.216.195.133. Number of nodes 36
EtherApe-INFO: 14:04:01.826: delete node: IP: 172.217.16.46. Number of nodes 35
EtherApe-INFO: 14:04:29.505: delete node: IP: 142.250.186.209. Number of nodes 34
EtherApe-INFO: 14:04:47.635: New node: IP: 52.94.218.60. Number of nodes 35
EtherApe-INFO: 14:04:48.173: New node: IP: 3.3.9.1. Number of nodes 36
EtherApe-INFO: 14:05:02.366: delete node: IPv6: ff02::1:ff9f:3910. Number of nodes 35
EtherApe-INFO: 14:05:02.366: delete node: IPv6: fe80::9ada:c4ff:febf:99a5. Number of nodes 34
EtherApe-INFO: 14:05:19.965: delete node: IP: 216.58.215.110. Number of nodes 33
EtherApe-INFO: 14:05:22.569: New node: IP: 216.58.208.202. Number of nodes 34
EtherApe-INFO: 14:05:28.705: New node: IP: 172.217.160.227. Number of nodes 35
EtherApe-INFO: 14:05:36.437: New node: IP: 74.125.154.7. Number of nodes 36
EtherApe-INFO: 14:05:36.606: New node: IP: 74.125.11.103. Number of nodes 37
EtherApe-INFO: 14:05:37.928: New node: IPv6: fe80::9ada:c4ff:febf:99a5. Number of nodes 38
EtherApe-INFO: 14:05:37.928: New node: IPv6: ff02::1. Number of nodes 39
EtherApe-INFO: 14:05:37.929: New node: IP: 142.250.203.138. Number of nodes 40
EtherApe-INFO: 14:05:45.767: delete node: IP: 142.250.75.10. Number of nodes 39
EtherApe-INFO: 14:05:57.204: delete node: IP: 95.216.195.133. Number of nodes 38
EtherApe-INFO: 14:05:57.204: delete node: IP: 1.1.1.1. Number of nodes 37
EtherApe-INFO: 14:06:16.067: New node: IP: 193.109.8.154. Number of nodes 38
EtherApe-INFO: 14:06:16.067: New node: IP: 142.250.75.14. Number of nodes 39
EtherApe-INFO: 14:06:16.343: New node: IP: 1.1.1.1. Number of nodes 40
EtherApe-INFO: 14:06:24.332: New node: IP: 172.66.40.141. Number of nodes 41
EtherApe-INFO: 14:06:25.929: New node: IP: 52.210.48.135. Number of nodes 42
EtherApe-INFO: 14:06:25.930: New node: IP: 52.49.185.237. Number of nodes 43
EtherApe-INFO: 14:06:25.933: New node: IP: 172.217.16.46. Number of nodes 44
EtherApe-INFO: 14:06:26.462: New node: IP: 52.18.102.3. Number of nodes 45
EtherApe-INFO: 14:06:26.729: New node: IP: 34.252.2.5. Number of nodes 46
EtherApe-INFO: 14:06:28.064: New node: IP: 216.58.209.10. Number of nodes 47
EtherApe-INFO: 14:06:28.881: New node: IP: 216.58.215.69. Number of nodes 48
EtherApe-INFO: 14:06:29.956: New node: IP: 216.58.209.14. Number of nodes 49
EtherApe-INFO: 14:06:29.958: New node: IP: 216.58.209.1. Number of nodes 50
EtherApe-INFO: 14:06:29.959: New node: IP: 216.58.208.193. Number of nodes 51
EtherApe-INFO: 14:06:30.237: New node: IP: 142.250.186.214. Number of nodes 52
EtherApe-INFO: 14:06:33.976: New node: IP: 172.217.20.163. Number of nodes 53
EtherApe-INFO: 14:06:42.223: delete node: IP: 216.58.209.4. Number of nodes 52
EtherApe-INFO: 14:06:43.340: delete node: IP: 216.58.215.106. Number of nodes 51
EtherApe-INFO: 14:06:54.756: New node: IP: 157.240.224.174. Number of nodes 52
EtherApe-INFO: 14:07:11.029: New node: IP: 13.32.110.61. Number of nodes 53
EtherApe-INFO: 14:07:21.159: New node: IP: 142.250.75.10. Number of nodes 54
EtherApe-INFO: 14:07:28.088: New node: IP: 149.154.167.222. Number of nodes 55
EtherApe-INFO: 14:07:30.274: delete node: IP: 172.217.160.227. Number of nodes 54
EtherApe-INFO: 14:07:33.692: New node: IP: 142.250.203.133. Number of nodes 55
EtherApe-INFO: 14:07:36.923: delete node: IP: 74.125.154.7. Number of nodes 54
EtherApe-INFO: 14:07:37.466: delete node: IP: 172.217.16.33. Number of nodes 53
EtherApe-INFO: 14:07:37.466: delete node: IP: 74.125.11.103. Number of nodes 52
EtherApe-INFO: 14:07:37.793: delete node: IPv6: ff02::1. Number of nodes 51
EtherApe-INFO: 14:07:37.793: delete node: IPv6: fe80::9ada:c4ff:febf:99a5. Number of nodes 50
EtherApe-INFO: 14:07:38.009: delete node: IP: 142.250.203.138. Number of nodes 49
EtherApe-INFO: 14:07:48.915: New node: IP: 178.248.237.68. Number of nodes 50
EtherApe-INFO: 14:08:18.477: delete node: IP: 142.250.203.202. Number of nodes 49
EtherApe-INFO: 14:08:19.231: delete node: IP: 142.250.75.14. Number of nodes 48
EtherApe-INFO: 14:08:28.313: delete node: IP: 216.58.209.10. Number of nodes 47
EtherApe-INFO: 14:08:28.313: delete node: IP: 52.94.218.60. Number of nodes 46
EtherApe-INFO: 14:08:28.809: New node: IP: 216.239.32.117. Number of nodes 47
EtherApe-INFO: 14:08:30.469: delete node: IP: 142.250.186.214. Number of nodes 46
EtherApe-INFO: 14:08:35.539: delete node: IP: 216.58.209.14. Number of nodes 45
EtherApe-INFO: 14:08:35.539: delete node: IP: 216.58.209.1. Number of nodes 44
EtherApe-INFO: 14:08:35.539: delete node: IP: 216.58.208.193. Number of nodes 43
EtherApe-INFO: 14:08:35.539: delete node: IP: 172.217.20.163. Number of nodes 42
EtherApe-INFO: 14:08:36.830: delete node: IP: 172.217.16.46. Number of nodes 41
EtherApe-INFO: 14:08:45.443: delete node: IP: 142.250.186.202. Number of nodes 40
EtherApe-INFO: 14:08:49.075: New node: IP: 135.181.27.174. Number of nodes 41
EtherApe-INFO: 14:08:56.279: New node: IP: 95.216.195.133. Number of nodes 42
EtherApe-INFO: 14:08:59.823: delete node: IP: 140.82.114.25. Number of nodes 41
EtherApe-INFO: 14:09:02.979: delete node: IP: 157.240.224.174. Number of nodes 40
EtherApe-INFO: 14:09:05.153: delete node: IP: 1.1.1.1. Number of nodes 39
EtherApe-INFO: 14:09:21.981: delete node: IP: 142.250.75.10. Number of nodes 38
EtherApe-INFO: 14:09:33.972: delete node: IP: 193.109.8.154. Number of nodes 37
EtherApe-INFO: 14:09:33.972: delete node: IP: 52.18.102.3. Number of nodes 36
EtherApe-INFO: 14:09:33.972: delete node: IP: 34.252.2.5. Number of nodes 35
EtherApe-INFO: 14:09:38.515: delete node: IP: 216.58.208.202. Number of nodes 34
EtherApe-INFO: 14:09:45.346: New node: IP: 172.217.20.163. Number of nodes 35
EtherApe-INFO: 14:09:45.349: New node: IP: 142.250.186.202. Number of nodes 36
EtherApe-INFO: 14:09:46.677: New node: IP: 34.195.36.21. Number of nodes 37
EtherApe-INFO: 14:09:48.543: New node: IP: 52.94.220.76. Number of nodes 38
EtherApe-INFO: 14:09:58.142: New node: IP: 162.159.200.1. Number of nodes 39
EtherApe-INFO: 14:10:28.908: delete node: IP: 216.239.32.117. Number of nodes 38
EtherApe-INFO: 14:10:35.744: New node: IP: 142.250.75.10. Number of nodes 39
EtherApe-INFO: 14:10:36.809: New node: IP: 216.58.208.195. Number of nodes 40
EtherApe-INFO: 14:10:42.702: New node: IP: 185.199.108.133. Number of nodes 41
EtherApe-INFO: 14:10:43.236: New node: IP: 52.72.140.127. Number of nodes 42
EtherApe-INFO: 14:10:43.236: New node: IP: 140.82.121.6. Number of nodes 43
EtherApe-INFO: 14:10:43.876: delete node: IP: 172.217.16.35. Number of nodes 42
EtherApe-INFO: 14:10:49.442: delete node: IP: 178.248.237.68. Number of nodes 41
EtherApe-INFO: 14:10:59.032: delete node: IP: 95.216.195.133. Number of nodes 40
EtherApe-INFO: 14:11:28.836: New node: IP: 216.239.34.117. Number of nodes 41
EtherApe-INFO: 14:11:36.324: delete node: IP: 149.154.167.222. Number of nodes 40
EtherApe-INFO: 14:11:58.194: delete node: IP: 162.159.200.1. Number of nodes 39
EtherApe-INFO: 14:12:11.269: delete node: IP: 52.94.220.76. Number of nodes 38
EtherApe-INFO: 14:12:25.102: New node: IP: 172.217.16.10. Number of nodes 39
EtherApe-INFO: 14:12:30.173: New node: IP: 3.3.8.1. Number of nodes 40
EtherApe-INFO: 14:12:31.769: New node: IP: 172.217.16.46. Number of nodes 41
EtherApe-INFO: 14:12:37.383: delete node: IP: 142.250.75.10. Number of nodes 40
EtherApe-INFO: 14:12:52.925: delete node: IP: 52.22.205.89. Number of nodes 39
EtherApe-INFO: 14:12:54.762: delete node: IP: 135.181.27.174. Number of nodes 38
EtherApe-INFO: 14:13:05.636: New node: IP: 172.217.16.35. Number of nodes 39
EtherApe-INFO: 14:13:13.906: New node: IP: 142.250.75.14. Number of nodes 40
EtherApe-INFO: 14:13:16.835: New node: IP: 64.233.165.189. Number of nodes 41
EtherApe-INFO: 14:13:17.102: New node: IP: 216.58.215.110. Number of nodes 42
EtherApe-INFO: 14:13:27.601: delete node: IP: 52.49.185.237. Number of nodes 41
EtherApe-INFO: 14:13:27.816: delete node: IP: 52.210.48.135. Number of nodes 40
EtherApe-INFO: 14:13:29.665: delete node: IP: 216.239.34.117. Number of nodes 39
EtherApe-INFO: 14:13:34.535: delete node: IP: 142.250.203.133. Number of nodes 38
EtherApe-INFO: 14:13:42.168: New node: IP: 1.1.1.1. Number of nodes 39
EtherApe-INFO: 14:13:42.169: New node: IP: 142.250.203.196. Number of nodes 40
EtherApe-INFO: 14:13:44.594: delete node: IP: 3.3.9.1. Number of nodes 39
EtherApe-INFO: 14:13:49.903: New node: IP: 185.199.108.154. Number of nodes 40
EtherApe-INFO: 14:13:50.173: New node: IP: 140.82.121.4. Number of nodes 41
EtherApe-INFO: 14:13:52.036: New node: IP: 3.216.211.240. Number of nodes 42
EtherApe-INFO: 14:13:56.302: New node: IP: 95.216.195.133. Number of nodes 43
EtherApe-INFO: 14:13:57.636: New node: IP: 34.88.201.232. Number of nodes 44
EtherApe-INFO: 14:13:58.168: New node: IPv6: fe80::9ada:c4ff:febf:99a5. Number of nodes 45
EtherApe-INFO: 14:13:58.168: New node: IPv6: ff02::1. Number of nodes 46
EtherApe-INFO: 14:14:18.213: delete node: IP: 34.195.36.21. Number of nodes 45
EtherApe-INFO: 14:14:28.578: New node: IP: 216.239.32.116. Number of nodes 46
EtherApe-INFO: 14:14:29.915: delete node: IP: 172.217.20.163. Number of nodes 45
EtherApe-INFO: 14:14:29.915: delete node: IP: 172.217.16.10. Number of nodes 44
EtherApe-INFO: 14:14:33.639: New node: IP: 142.250.203.138. Number of nodes 45
EtherApe-INFO: 14:14:36.838: New node: IP: 140.82.121.5. Number of nodes 46
EtherApe-INFO: 14:14:45.408: delete node: IP: 140.82.121.3. Number of nodes 45
EtherApe-INFO: 14:14:49.637: New node: IP: 52.94.216.116. Number of nodes 46
EtherApe-INFO: 14:14:51.243: New node: IP: 3.3.9.1. Number of nodes 47
EtherApe-INFO: 14:15:05.997: delete node: IP: 172.66.40.141. Number of nodes 46
EtherApe-INFO: 14:15:14.768: delete node: IP: 74.125.205.189. Number of nodes 45
EtherApe-INFO: 14:15:16.621: delete node: IP: 172.217.16.46. Number of nodes 44
EtherApe-INFO: 14:15:16.946: delete node: IP: 142.250.75.14. Number of nodes 43
EtherApe-INFO: 14:15:19.555: delete node: IP: 216.58.208.195. Number of nodes 42
EtherApe-INFO: 14:15:21.403: delete node: IP: 216.58.215.110. Number of nodes 41
EtherApe-INFO: 14:15:24.066: New node: IP: 13.107.42.16. Number of nodes 42
EtherApe-INFO: 14:15:42.271: delete node: IP: 1.1.1.1. Number of nodes 41
EtherApe-INFO: 14:15:42.486: delete node: IP: 142.250.203.196. Number of nodes 40
EtherApe-INFO: 14:15:54.734: delete node: IP: 142.250.186.202. Number of nodes 39
EtherApe-INFO: 14:15:56.689: delete node: IP: 95.216.195.133. Number of nodes 38
EtherApe-INFO: 14:15:59.070: delete node: IPv6: ff02::1. Number of nodes 37
EtherApe-INFO: 14:15:59.070: delete node: IPv6: fe80::9ada:c4ff:febf:99a5. Number of nodes 36
EtherApe-INFO: 14:16:00.864: New node: IP: 142.250.203.202. Number of nodes 37
EtherApe-INFO: 14:16:04.956: delete node: IP: 34.88.201.232. Number of nodes 36
EtherApe-INFO: 14:16:15.796: New node: IP: 216.58.209.10. Number of nodes 37
EtherApe-INFO: 14:16:28.622: New node: IP: 178.18.231.154. Number of nodes 38
EtherApe-INFO: 14:16:28.889: New node: IP: 1.1.1.1. Number of nodes 39
EtherApe-INFO: 14:16:29.232: delete node: IP: 216.239.32.116. Number of nodes 38
EtherApe-INFO: 14:16:31.822: New node: IP: 142.250.186.202. Number of nodes 39
EtherApe-INFO: 14:16:39.898: delete node: IP: 239.255.255.250. Number of nodes 38
EtherApe-INFO: 14:16:39.898: delete node: IP: 3.3.8.1. Number of nodes 37
EtherApe-INFO: 14:16:57.959: New node: IP: 239.255.255.250. Number of nodes 38
EtherApe-INFO: 14:16:58.223: New node: IP: 216.58.208.195. Number of nodes 39
EtherApe-INFO: 14:17:01.764: delete node: IP: 216.58.215.67. Number of nodes 38
EtherApe-INFO: 14:17:18.757: New node: IP: 44.195.228.73. Number of nodes 39
EtherApe-INFO: 14:17:37.245: delete node: IP: 142.250.203.138. Number of nodes 38
EtherApe-INFO: 14:18:00.420: delete node: IP: 52.94.216.116. Number of nodes 37
EtherApe-INFO: 14:18:00.420: delete node: IP: 3.3.9.1. Number of nodes 36
EtherApe-INFO: 14:18:00.649: New node: IP: 216.58.215.106. Number of nodes 37
EtherApe-INFO: 14:18:13.554: delete node: IP: 216.58.215.74. Number of nodes 36
EtherApe-INFO: 14:18:15.399: delete node: IP: 142.250.203.202. Number of nodes 35
EtherApe-INFO: 14:18:19.342: New node: IP: 216.58.215.67. Number of nodes 36
EtherApe-INFO: 14:18:24.495: delete node: IP: 3.216.211.240. Number of nodes 35
EtherApe-INFO: 14:18:56.169: New node: IP: 95.216.195.133. Number of nodes 36
EtherApe-INFO: 14:19:01.534: delete node: IP: 239.255.255.250. Number of nodes 35
EtherApe-INFO: 14:19:04.237: delete node: IP: 216.58.208.195. Number of nodes 34
EtherApe-INFO: 14:19:14.088: delete node: IP: 140.82.121.5. Number of nodes 33
EtherApe-INFO: 14:19:16.790: delete node: IP: 216.58.209.10. Number of nodes 32
EtherApe-INFO: 14:19:19.705: delete node: IP: 52.72.140.127. Number of nodes 31
EtherApe-INFO: 14:19:26.569: New node: IP: 140.82.113.25. Number of nodes 32
EtherApe-INFO: 14:19:26.569: New node: IP: 239.255.255.250. Number of nodes 33
EtherApe-INFO: 14:19:27.636: New node: IP: 216.58.215.110. Number of nodes 34
EtherApe-INFO: 14:19:36.171: delete node: IP: 13.107.42.16. Number of nodes 33
EtherApe-INFO: 14:19:40.435: New node: IPv6: fe80::9ada:c4ff:febf:99a5. Number of nodes 34
EtherApe-INFO: 14:19:40.435: New node: IPv6: ff02::1. Number of nodes 35
EtherApe-INFO: 14:19:40.702: New node: IP: 104.18.13.33. Number of nodes 36
EtherApe-INFO: 14:19:51.642: New node: IP: 52.94.218.60. Number of nodes 37
EtherApe-INFO: 14:19:51.643: New node: IP: 140.82.112.26. Number of nodes 38
EtherApe-INFO: 14:19:52.439: New node: IP: 3.3.9.1. Number of nodes 39
EtherApe-INFO: 14:19:57.236: New node: IP: 142.250.75.14. Number of nodes 40
EtherApe-INFO: 14:19:57.771: New node: IP: 192.168.1.2. Number of nodes 41
EtherApe-INFO: 14:20:10.943: delete node: IP: 13.32.110.61. Number of nodes 40
EtherApe-INFO: 14:20:14.035: New node: IP: 216.58.209.14. Number of nodes 41
EtherApe-INFO: 14:20:16.708: New node: IP: 142.250.75.10. Number of nodes 42
EtherApe-INFO: 14:20:16.972: New node: IP: 172.217.16.10. Number of nodes 43
EtherApe-INFO: 14:20:27.735: delete node: IP: 1.1.1.1. Number of nodes 42
EtherApe-INFO: 14:20:32.968: New node: IP: 172.217.16.46. Number of nodes 43
EtherApe-INFO: 14:20:36.702: New node: IP: 172.217.20.163. Number of nodes 44
EtherApe-INFO: 14:20:39.105: New node: IP: 75.2.60.5. Number of nodes 45
EtherApe-INFO: 14:20:39.369: New node: IP: 142.250.203.206. Number of nodes 46
EtherApe-INFO: 14:20:39.373: New node: IP: 216.58.209.10. Number of nodes 47
EtherApe-INFO: 14:20:39.379: New node: IP: 13.32.110.3. Number of nodes 48
EtherApe-INFO: 14:20:39.382: New node: IP: 13.32.11.53. Number of nodes 49
EtherApe-INFO: 14:20:39.642: New node: IP: 13.32.11.156. Number of nodes 50
EtherApe-INFO: 14:20:40.705: New node: IP: 52.73.243.8. Number of nodes 51
EtherApe-INFO: 14:20:40.975: New node: IP: 99.86.241.89. Number of nodes 52
EtherApe-INFO: 14:20:53.594: delete node: IP: 140.82.112.25. Number of nodes 51
EtherApe-INFO: 14:20:56.980: delete node: IP: 95.216.195.133. Number of nodes 50
EtherApe-INFO: 14:20:59.640: New node: IP: 35.184.229.211. Number of nodes 51
EtherApe-INFO: 14:21:05.502: New node: IP: 0.0.0.0. Number of nodes 52
EtherApe-INFO: 14:21:05.502: New node: IP: 255.255.255.255. Number of nodes 53
EtherApe-INFO: 14:21:27.369: New node: IP: 216.58.209.4. Number of nodes 54
EtherApe-INFO: 14:21:27.954: delete node: IP: 216.58.215.110. Number of nodes 53
EtherApe-INFO: 14:21:32.968: New node: IP: 1.1.1.1. Number of nodes 54
EtherApe-INFO: 14:21:40.448: delete node: IPv6: ff02::1. Number of nodes 53
EtherApe-INFO: 14:21:40.448: delete node: IPv6: fe80::9ada:c4ff:febf:99a5. Number of nodes 52
EtherApe-INFO: 14:21:45.239: New node: IP: 216.58.208.195. Number of nodes 53
EtherApe-INFO: 14:21:46.569: New node: IP: 104.18.6.240. Number of nodes 54
EtherApe-INFO: 14:21:51.693: delete node: IP: 44.195.228.73. Number of nodes 53
EtherApe-INFO: 14:21:56.168: New node: IP: 172.217.16.14. Number of nodes 54
EtherApe-INFO: 14:22:00.702: New node: IP: 3.216.211.240. Number of nodes 55
EtherApe-INFO: 14:22:00.710: New node: IP: 35.213.200.206. Number of nodes 56
EtherApe-INFO: 14:22:03.906: New node: IP: 216.58.209.3. Number of nodes 57
EtherApe-INFO: 14:22:22.081: delete node: IP: 140.82.121.4. Number of nodes 56
EtherApe-INFO: 14:22:38.666: delete node: IP: 172.217.16.46. Number of nodes 55
EtherApe-INFO: 14:22:39.646: delete node: IP: 216.58.209.10. Number of nodes 54
EtherApe-INFO: 14:22:39.646: delete node: IP: 142.250.203.206. Number of nodes 53
EtherApe-INFO: 14:22:42.363: delete node: IP: 142.250.75.14. Number of nodes 52
EtherApe-INFO: 14:22:46.847: delete node: IP: 142.250.75.10. Number of nodes 51
EtherApe-INFO: 14:22:59.693: delete node: IP: 172.217.20.163. Number of nodes 50
EtherApe-INFO: 14:23:00.785: delete node: IP: 216.58.215.67. Number of nodes 49
EtherApe-INFO: 14:23:05.262: delete node: IP: 35.184.229.211. Number of nodes 48
EtherApe-INFO: 14:23:05.585: delete node: IP: 255.255.255.255. Number of nodes 47
EtherApe-INFO: 14:23:05.585: delete node: IP: 0.0.0.0. Number of nodes 46
EtherApe-INFO: 14:23:09.287: delete node: IP: 52.94.218.60. Number of nodes 45
EtherApe-INFO: 14:23:26.571: New node: IP: 216.58.208.202. Number of nodes 46
EtherApe-INFO: 14:23:29.584: delete node: IP: 140.82.121.6. Number of nodes 45
EtherApe-INFO: 14:23:30.039: New node: IP: 149.154.167.50. Number of nodes 46
EtherApe-INFO: 14:25:48.755: New node: IP: 0.0.0.0. Number of nodes 47
EtherApe-INFO: 14:25:48.755: New node: IP: 255.255.255.255. Number of nodes 48
EtherApe-INFO: 14:25:48.755: New node: IP: 192.168.2.1. Number of nodes 49
EtherApe-INFO: 14:25:48.863: delete node: IP: 239.255.255.250. Number of nodes 48
EtherApe-INFO: 14:25:48.863: delete node: IP: 216.58.215.106. Number of nodes 47
EtherApe-INFO: 14:25:48.863: delete node: IP: 216.58.215.69. Number of nodes 46
EtherApe-INFO: 14:25:48.863: delete node: IP: 216.58.209.14. Number of nodes 45
EtherApe-INFO: 14:25:48.863: delete node: IP: 216.58.209.4. Number of nodes 44
EtherApe-INFO: 14:25:48.863: delete node: IP: 216.58.209.3. Number of nodes 43
EtherApe-INFO: 14:25:48.863: delete node: IP: 216.58.208.202. Number of nodes 42
EtherApe-INFO: 14:25:48.863: delete node: IP: 216.58.208.195. Number of nodes 41
EtherApe-INFO: 14:25:48.863: delete node: IP: 192.168.1.126. Number of nodes 40
EtherApe-INFO: 14:25:48.863: delete node: IP: 192.168.1.2. Number of nodes 39
EtherApe-INFO: 14:25:48.863: delete node: IP: 185.199.108.154. Number of nodes 38
EtherApe-INFO: 14:25:48.863: delete node: IP: 185.199.108.133. Number of nodes 37
EtherApe-INFO: 14:25:48.863: delete node: IP: 178.18.231.154. Number of nodes 36
EtherApe-INFO: 14:25:48.863: delete node: IP: 172.217.16.42. Number of nodes 35
EtherApe-INFO: 14:25:48.863: delete node: IP: 172.217.16.35. Number of nodes 34
EtherApe-INFO: 14:25:48.863: delete node: IP: 172.217.16.14. Number of nodes 33
EtherApe-INFO: 14:25:48.863: delete node: IP: 172.217.16.10. Number of nodes 32
EtherApe-INFO: 14:25:48.863: delete node: IP: 172.217.16.4. Number of nodes 31
EtherApe-INFO: 14:25:48.863: delete node: IP: 149.154.167.51. Number of nodes 30
EtherApe-INFO: 14:25:48.863: delete node: IP: 149.154.167.50. Number of nodes 29
EtherApe-INFO: 14:25:48.863: delete node: IP: 142.250.203.142. Number of nodes 28
EtherApe-INFO: 14:25:48.864: delete node: IP: 142.250.186.206. Number of nodes 27
EtherApe-INFO: 14:25:48.864: delete node: IP: 142.250.186.202. Number of nodes 26
EtherApe-INFO: 14:25:48.864: delete node: IP: 140.82.113.26. Number of nodes 25
EtherApe-INFO: 14:25:48.864: delete node: IP: 140.82.113.25. Number of nodes 24
EtherApe-INFO: 14:25:48.864: delete node: IP: 140.82.112.26. Number of nodes 23
EtherApe-INFO: 14:25:48.864: delete node: IP: 131.253.33.200. Number of nodes 22
EtherApe-INFO: 14:25:48.864: delete node: IP: 104.18.13.33. Number of nodes 21
EtherApe-INFO: 14:25:48.864: delete node: IP: 104.18.6.240. Number of nodes 20
EtherApe-INFO: 14:25:48.864: delete node: IP: 100.24.181.185. Number of nodes 19
EtherApe-INFO: 14:25:48.864: delete node: IP: 99.86.241.89. Number of nodes 18
EtherApe-INFO: 14:25:48.864: delete node: IP: 75.2.60.5. Number of nodes 17
EtherApe-INFO: 14:25:48.864: delete node: IP: 74.125.131.188. Number of nodes 16
EtherApe-INFO: 14:25:48.864: delete node: IP: 64.233.165.189. Number of nodes 15
EtherApe-INFO: 14:25:48.864: delete node: IP: 52.73.243.8. Number of nodes 14
EtherApe-INFO: 14:25:48.864: delete node: IP: 35.213.200.206. Number of nodes 13
EtherApe-INFO: 14:25:48.864: delete node: IP: 34.233.138.108. Number of nodes 12
EtherApe-INFO: 14:25:48.864: delete node: IP: 13.32.110.3. Number of nodes 11
EtherApe-INFO: 14:25:48.864: delete node: IP: 13.32.11.156. Number of nodes 10
EtherApe-INFO: 14:25:48.864: delete node: IP: 13.32.11.53. Number of nodes 9
EtherApe-INFO: 14:25:48.864: delete node: IP: 8.8.8.8. Number of nodes 8
EtherApe-INFO: 14:25:48.864: delete node: IP: 3.216.211.240. Number of nodes 7
EtherApe-INFO: 14:25:48.864: delete node: IP: 3.3.9.1. Number of nodes 6
EtherApe-INFO: 14:25:48.864: delete node: IP: 1.1.1.1. Number of nodes 5
EtherApe-INFO: 14:25:49.021: New node: IP: 8.8.8.8. Number of nodes 6
EtherApe-INFO: 14:25:49.022: New node: IP: 149.154.167.50. Number of nodes 7
EtherApe-INFO: 14:25:49.022: New node: IP: 149.154.167.51. Number of nodes 8
EtherApe-INFO: 14:25:49.022: New node: IP: 149.154.175.100. Number of nodes 9
EtherApe-INFO: 14:25:49.022: New node: IP: 149.154.175.57. Number of nodes 10
EtherApe-INFO: 14:25:49.022: New node: IP: 149.154.175.54. Number of nodes 11
EtherApe-INFO: 14:25:49.023: New node: IP: 149.154.167.222. Number of nodes 12
EtherApe-INFO: 14:25:49.026: New node: IP: 95.216.195.133. Number of nodes 13
EtherApe-INFO: 14:25:49.026: New node: IP: 140.82.112.26. Number of nodes 14
EtherApe-INFO: 14:25:49.026: New node: IP: 216.58.215.74. Number of nodes 15
EtherApe-INFO: 14:25:49.031: New node: IP: 216.58.215.67. Number of nodes 16
EtherApe-INFO: 14:25:49.031: New node: IP: 64.233.165.189. Number of nodes 17
EtherApe-INFO: 14:25:49.036: New node: IP: 104.16.249.249. Number of nodes 18
EtherApe-INFO: 14:25:49.037: New node: IP: 172.217.16.42. Number of nodes 19
EtherApe-INFO: 14:25:49.051: New node: IP: 100.24.181.185. Number of nodes 20
EtherApe-INFO: 14:25:49.293: New node: IP: 192.168.1.2. Number of nodes 21
EtherApe-INFO: 14:25:49.563: New node: IP: 142.250.203.142. Number of nodes 22
EtherApe-INFO: 14:25:49.567: New node: IP: 216.58.215.110. Number of nodes 23
EtherApe-INFO: 14:25:51.955: New node: IP: 239.255.255.250. Number of nodes 24
EtherApe-INFO: 14:25:51.956: New node: IP: 209.85.233.188. Number of nodes 25
EtherApe-INFO: 14:25:52.755: New node: IP: 142.250.203.133. Number of nodes 26
EtherApe-INFO: 14:26:26.090: New node: IP: 140.82.112.25. Number of nodes 27
EtherApe-INFO: 14:26:26.892: New node: IP: 185.199.108.154. Number of nodes 28
EtherApe-INFO: 14:26:28.222: New node: IP: 216.58.208.202. Number of nodes 29
EtherApe-INFO: 14:26:29.289: New node: IP: 74.125.205.188. Number of nodes 30
EtherApe-INFO: 14:26:30.889: New node: IP: 142.250.186.206. Number of nodes 31
EtherApe-INFO: 14:26:31.156: New node: IP: 172.217.16.4. Number of nodes 32
EtherApe-INFO: 14:26:31.689: New node: IP: 3.208.156.47. Number of nodes 33
EtherApe-INFO: 14:26:31.691: New node: IP: 216.58.215.69. Number of nodes 34
EtherApe-INFO: 14:26:32.222: New node: IP: 224.0.0.251. Number of nodes 35
EtherApe-INFO: 14:26:32.223: New node: IP: 3.3.8.1. Number of nodes 36
EtherApe-INFO: 14:26:33.025: New node: IP: 140.82.113.26. Number of nodes 37
EtherApe-INFO: 14:26:33.565: New node: IP: 192.168.1.126. Number of nodes 38
EtherApe-INFO: 14:26:34.623: New node: IP: 34.233.138.108. Number of nodes 39
EtherApe-INFO: 14:26:37.558: New node: IP: 192.168.1.1. Number of nodes 40
EtherApe-INFO: 14:26:37.823: New node: IP: 216.58.209.14. Number of nodes 41
EtherApe-INFO: 14:26:42.892: New node: IP: 142.250.186.202. Number of nodes 42
EtherApe-INFO: 14:26:43.689: New node: IP: 54.227.133.51. Number of nodes 43
EtherApe-INFO: 14:26:43.955: New node: IP: 172.217.16.14. Number of nodes 44
EtherApe-INFO: 14:26:46.622: New node: IP: 216.58.215.106. Number of nodes 45
EtherApe-INFO: 14:26:51.691: New node: IP: 172.217.16.35. Number of nodes 46
EtherApe-INFO: 14:26:53.024: New node: IP: 216.58.209.10. Number of nodes 47
EtherApe-INFO: 14:27:06.892: New node: IP: 172.217.16.10. Number of nodes 48
EtherApe-INFO: 14:27:06.896: New node: IP: 172.217.14.99. Number of nodes 49
EtherApe-INFO: 14:27:08.755: New node: IP: 204.79.197.200. Number of nodes 50
EtherApe-INFO: 14:27:23.955: New node: IP: 104.18.13.33. Number of nodes 51
EtherApe-INFO: 14:27:24.490: New node: IP: 216.58.209.4. Number of nodes 52
EtherApe-INFO: 14:27:28.755: New node: IP: 185.199.108.133. Number of nodes 53
EtherApe-INFO: 14:27:49.060: delete node: IP: 216.58.215.74. Number of nodes 52
EtherApe-INFO: 14:27:49.061: delete node: IP: 104.16.249.249. Number of nodes 51
EtherApe-INFO: 14:27:49.061: delete node: IP: 100.24.181.185. Number of nodes 50
EtherApe-INFO: 14:27:49.382: delete node: IP: 149.154.175.100. Number of nodes 49
EtherApe-INFO: 14:27:49.557: New node: IP: 104.18.12.33. Number of nodes 50
EtherApe-INFO: 14:27:49.601: delete node: IP: 149.154.175.54. Number of nodes 49
EtherApe-INFO: 14:27:50.150: delete node: IP: 216.58.215.110. Number of nodes 48
EtherApe-INFO: 14:28:09.292: New node: IP: 3.216.211.240. Number of nodes 49
EtherApe-INFO: 14:28:11.158: New node: IPv6: fe80::9ada:c4ff:febf:99a5. Number of nodes 50
EtherApe-INFO: 14:28:11.158: New node: IPv6: ff02::1. Number of nodes 51
EtherApe-INFO: 14:28:26.120: delete node: IP: 255.255.255.255. Number of nodes 50
EtherApe-INFO: 14:28:26.120: delete node: IP: 192.168.2.1. Number of nodes 49
EtherApe-INFO: 14:28:26.121: delete node: IP: 95.216.195.133. Number of nodes 48
EtherApe-INFO: 14:28:26.121: delete node: IP: 0.0.0.0. Number of nodes 47
EtherApe-INFO: 14:28:31.158: New node: IP: 1.1.1.1. Number of nodes 48
EtherApe-INFO: 14:28:35.212: delete node: IP: 224.0.0.251. Number of nodes 47
EtherApe-INFO: 14:28:35.212: delete node: IP: 209.85.233.188. Number of nodes 46
EtherApe-INFO: 14:28:35.212: delete node: IP: 34.233.138.108. Number of nodes 45
EtherApe-INFO: 14:28:38.457: delete node: IP: 142.250.203.133. Number of nodes 44
EtherApe-INFO: 14:28:41.056: delete node: IP: 149.154.175.57. Number of nodes 43
EtherApe-INFO: 14:28:47.239: delete node: IP: 140.82.112.26. Number of nodes 42
EtherApe-INFO: 14:28:47.998: delete node: IP: 142.250.186.202. Number of nodes 41
EtherApe-INFO: 14:28:48.761: delete node: IP: 172.217.16.42. Number of nodes 40
EtherApe-INFO: 14:29:10.176: delete node: IP: 172.217.14.99. Number of nodes 39
