EtherApe-INFO: 06:03:35.132: sctp protocol not supported
EtherApe-INFO: 06:03:35.132: dccp protocol not supported
EtherApe-INFO: 06:03:35.132: sctp protocol not supported
EtherApe-INFO: 06:03:35.132: sctp protocol not supported
EtherApe-INFO: 06:03:35.132: sctp protocol not supported
EtherApe-INFO: 06:03:35.132: sctp protocol not supported
EtherApe-INFO: 06:03:35.132: sctp protocol not supported
EtherApe-INFO: 06:03:35.132: sctp protocol not supported
EtherApe-INFO: 06:03:35.132: sctp protocol not supported
EtherApe-INFO: 06:03:35.132: dccp protocol not supported
EtherApe-INFO: 06:03:35.132: sctp protocol not supported
EtherApe-INFO: 06:03:35.132: dccp protocol not supported
EtherApe-INFO: 06:03:35.132: dccp protocol not supported
EtherApe-INFO: 06:03:35.132: sctp protocol not supported
EtherApe-INFO: 06:03:35.133: sctp protocol not supported
EtherApe-INFO: 06:03:35.133: sctp protocol not supported
EtherApe-INFO: 06:03:35.133: sctp protocol not supported
EtherApe-INFO: 06:03:35.133: sctp protocol not supported
EtherApe-INFO: 06:03:35.134: sctp protocol not supported
EtherApe-INFO: 06:03:35.134: sctp protocol not supported
EtherApe-INFO: 06:03:35.134: sctp protocol not supported
EtherApe-INFO: 06:03:35.134: sctp protocol not supported
EtherApe-INFO: 06:03:35.134: sctp protocol not supported
EtherApe-INFO: 06:03:35.135: sctp protocol not supported
EtherApe-INFO: 06:03:35.135: sctp protocol not supported
EtherApe-INFO: 06:03:35.135: sctp protocol not supported
EtherApe-INFO: 06:03:35.135: sctp protocol not supported
EtherApe-INFO: 06:03:35.135: sctp protocol not supported
EtherApe-INFO: 06:03:35.135: dccp protocol not supported
EtherApe-INFO: 06:03:35.135: sctp protocol not supported
EtherApe-INFO: 06:03:35.135: sctp protocol not supported
EtherApe-INFO: 06:03:35.135: dccp protocol not supported
EtherApe-INFO: 06:03:35.135: sctp protocol not supported
EtherApe-INFO: 06:03:35.135: sctp protocol not supported
EtherApe-INFO: 06:03:35.135: sctp protocol not supported
EtherApe-INFO: 06:03:35.136: dccp protocol not supported
EtherApe-INFO: 06:03:35.136: dccp protocol not supported
EtherApe-INFO: 06:03:35.136: sctp protocol not supported
EtherApe-INFO: 06:03:35.136: sctp protocol not supported
EtherApe-INFO: 06:03:35.136: sctp protocol not supported
EtherApe-INFO: 06:03:35.136: sctp protocol not supported
EtherApe-INFO: 06:03:35.136: sctp protocol not supported
EtherApe-INFO: 06:03:35.136: sctp protocol not supported
EtherApe-INFO: 06:03:35.136: sctp protocol not supported
EtherApe-INFO: 06:03:35.136: sctp protocol not supported
EtherApe-INFO: 06:03:35.136: sctp protocol not supported
EtherApe-INFO: 06:03:35.136: sctp protocol not supported
EtherApe-INFO: 06:03:35.136: sctp protocol not supported
EtherApe-INFO: 06:03:35.136: sctp protocol not supported
EtherApe-INFO: 06:03:35.136: sctp protocol not supported
EtherApe-INFO: 06:03:35.136: dccp protocol not supported
EtherApe-INFO: 06:03:35.136: sctp protocol not supported
EtherApe-INFO: 06:03:35.136: sctp protocol not supported
EtherApe-INFO: 06:03:35.136: sctp protocol not supported
EtherApe-INFO: 06:03:35.136: sctp protocol not supported
EtherApe-INFO: 06:03:35.137: sctp protocol not supported
EtherApe-INFO: 06:03:35.137: sctp protocol not supported
EtherApe-INFO: 06:03:35.137: sctp protocol not supported
EtherApe-INFO: 06:03:35.137: sctp protocol not supported
EtherApe-INFO: 06:03:35.137: sctp protocol not supported
EtherApe-INFO: 06:03:35.137: sctp protocol not supported
EtherApe-INFO: 06:03:35.137: sctp protocol not supported
EtherApe-INFO: 06:03:35.137: sctp protocol not supported
EtherApe-INFO: 06:03:35.137: sctp protocol not supported
EtherApe-INFO: 06:03:35.137: sctp protocol not supported
EtherApe-INFO: 06:03:35.137: sctp protocol not supported
EtherApe-INFO: 06:03:35.137: sctp protocol not supported
EtherApe-INFO: 06:03:35.137: sctp protocol not supported
EtherApe-INFO: 06:03:35.137: sctp protocol not supported
EtherApe-INFO: 06:03:35.137: sctp protocol not supported
EtherApe-INFO: 06:03:35.137: sctp protocol not supported
EtherApe-INFO: 06:03:35.137: sctp protocol not supported
EtherApe-INFO: 06:03:35.137: sctp protocol not supported
EtherApe-INFO: 06:03:35.137: sctp protocol not supported
EtherApe-INFO: 06:03:35.137: sctp protocol not supported
EtherApe-INFO: 06:03:35.137: sctp protocol not supported
EtherApe-INFO: 06:03:35.137: sctp protocol not supported
EtherApe-INFO: 06:03:35.138: sctp protocol not supported
EtherApe-INFO: 06:03:35.138: sctp protocol not supported
EtherApe-INFO: 06:03:35.138: sctp protocol not supported
EtherApe-INFO: 06:03:35.138: sctp protocol not supported
EtherApe-INFO: 06:03:35.138: sctp protocol not supported
EtherApe-INFO: 06:03:35.138: sctp protocol not supported
EtherApe-INFO: 06:03:35.138: sctp protocol not supported
EtherApe-INFO: 06:03:35.138: sctp protocol not supported
EtherApe-INFO: 06:03:35.138: sctp protocol not supported
EtherApe-INFO: 06:03:35.138: sctp protocol not supported
EtherApe-INFO: 06:03:35.145: get_interface result: ''
EtherApe-INFO: 06:03:35.146: Available interfaces for capture: dbus-session dbus-system nfqueue nflog bluetooth-monitor lo any enp1s0f4u2
EtherApe-INFO: 06:03:35.162: Link type is Ethernet
EtherApe-INFO: 06:03:35.163: Diagram started
EtherApe-INFO: 06:03:36.750: New node: IP: 192.168.88.247. Number of nodes 1
EtherApe-INFO: 06:03:36.750: New node: IP: 37.19.218.143. Number of nodes 2
EtherApe-INFO: 06:03:37.020: New node: IP: 8.8.8.8. Number of nodes 3
EtherApe-INFO: 06:03:42.047: delete node: IP: 8.8.8.8. Number of nodes 2
EtherApe-INFO: 06:03:42.047: delete node: IP: 37.19.218.143. Number of nodes 1
EtherApe-INFO: 06:03:42.047: delete node: IP: 192.168.88.247. Number of nodes 0
EtherApe-INFO: 06:03:42.058: Diagram stopped
EtherApe-INFO: 06:03:42.058: Nodes: 0 (on canvas: 0, shown: 0), Links: 0, Conversations: 0, names 0, protocols 0. Total Packets seen: 2267 (in memory: 0, on list 0). IP cache entries 3. Canvas objs: 11. Refreshed: 0 ms
EtherApe-INFO: 06:03:42.078: Link type is LINUX_SLL
EtherApe-INFO: 06:03:42.078: Diagram started
EtherApe-INFO: 06:03:42.078: Capture interface set to any in GUI
EtherApe-INFO: 06:03:42.590: New node: IP: 192.168.88.247. Number of nodes 1
EtherApe-INFO: 06:03:42.590: New node: IP: 37.19.218.143. Number of nodes 2
EtherApe-INFO: 06:03:42.591: New node: IP: 127.0.0.1. Number of nodes 3
EtherApe-INFO: 06:03:46.057: New node: IP: 142.251.39.42. Number of nodes 4
EtherApe-INFO: 06:03:46.327: New node: IP: 8.8.8.8. Number of nodes 5
EtherApe-INFO: 06:03:46.861: New node: IP: 142.250.180.238. Number of nodes 6
EtherApe-INFO: 06:03:47.146: New node: IP: 142.251.39.4. Number of nodes 7
EtherApe-INFO: 06:03:48.734: New node: IP: 149.154.167.51. Number of nodes 8
EtherApe-INFO: 06:04:20.057: New node: IP: 239.255.255.250. Number of nodes 9
EtherApe-INFO: 06:04:41.264: New node: IP: 142.251.39.10. Number of nodes 10
EtherApe-INFO: 06:05:02.324: New node: IP: 142.251.39.74. Number of nodes 11
EtherApe-INFO: 06:05:48.745: delete node: IP: 142.251.39.42. Number of nodes 10
EtherApe-INFO: 06:07:02.641: delete node: IP: 142.251.39.74. Number of nodes 9
EtherApe-INFO: 06:07:24.724: New node: IP: 192.168.88.1. Number of nodes 10
EtherApe-INFO: 06:07:27.659: New node: IP: 95.216.195.133. Number of nodes 11
EtherApe-INFO: 06:07:39.098: New node: IP: 142.251.39.74. Number of nodes 12
EtherApe-INFO: 06:09:24.984: delete node: IP: 192.168.88.1. Number of nodes 11
EtherApe-INFO: 06:09:27.881: delete node: IP: 95.216.195.133. Number of nodes 10
EtherApe-INFO: 06:09:39.373: delete node: IP: 142.251.39.74. Number of nodes 9
EtherApe-INFO: 06:10:00.858: New node: IP: 142.251.39.74. Number of nodes 10
EtherApe-INFO: 06:11:41.980: New node: IP: 169.47.63.74. Number of nodes 11
EtherApe-INFO: 06:12:24.537: New node: IP: 192.168.88.1. Number of nodes 12
EtherApe-INFO: 06:12:27.737: New node: IP: 95.216.195.133. Number of nodes 13
EtherApe-INFO: 06:13:15.175: delete node: IP: 142.251.39.74. Number of nodes 12
EtherApe-INFO: 06:13:44.825: delete node: IP: 169.47.63.74. Number of nodes 11
EtherApe-INFO: 06:14:22.644: New node: IP: 169.47.63.74. Number of nodes 12
EtherApe-INFO: 06:14:24.831: delete node: IP: 192.168.88.1. Number of nodes 11
EtherApe-INFO: 06:14:27.907: delete node: IP: 95.216.195.133. Number of nodes 10
EtherApe-INFO: 06:14:35.098: New node: IP: 142.251.39.74. Number of nodes 11
EtherApe-INFO: 06:16:23.402: delete node: IP: 169.47.63.74. Number of nodes 10
EtherApe-INFO: 06:16:35.304: delete node: IP: 142.251.39.74. Number of nodes 9
EtherApe-INFO: 06:17:03.710: New node: IP: 149.154.165.111. Number of nodes 10
EtherApe-INFO: 06:17:23.524: New node: IP: 169.47.63.74. Number of nodes 11
EtherApe-INFO: 06:17:24.594: New node: IP: 192.168.88.1. Number of nodes 12
EtherApe-INFO: 06:17:27.800: New node: IP: 95.216.195.133. Number of nodes 13
EtherApe-INFO: 06:19:19.241: delete node: IP: 149.154.165.111. Number of nodes 12
EtherApe-INFO: 06:19:23.443: delete node: IP: 169.47.63.74. Number of nodes 11
EtherApe-INFO: 06:19:25.288: delete node: IP: 192.168.88.1. Number of nodes 10
EtherApe-INFO: 06:19:27.948: delete node: IP: 95.216.195.133. Number of nodes 9
EtherApe-INFO: 06:20:09.844: New node: IP: 192.168.0.1. Number of nodes 10
EtherApe-INFO: 06:20:10.110: New node: IP: 1.1.1.1. Number of nodes 11
EtherApe-INFO: 06:22:24.537: New node: IP: 192.168.88.1. Number of nodes 12
EtherApe-INFO: 06:22:25.624: delete node: IP: 1.1.1.1. Number of nodes 11
EtherApe-INFO: 06:22:27.274: delete node: IP: 192.168.0.1. Number of nodes 10
EtherApe-INFO: 06:22:27.738: New node: IP: 95.216.195.133. Number of nodes 11
EtherApe-INFO: 06:24:24.168: New node: IP: 142.251.39.74. Number of nodes 12
EtherApe-INFO: 06:24:25.542: delete node: IP: 192.168.88.1. Number of nodes 11
EtherApe-INFO: 06:24:27.901: delete node: IP: 95.216.195.133. Number of nodes 10
EtherApe-INFO: 06:26:24.313: delete node: IP: 142.251.39.74. Number of nodes 9
EtherApe-INFO: 06:27:24.724: New node: IP: 192.168.88.1. Number of nodes 10
EtherApe-INFO: 06:27:27.657: New node: IP: 95.216.195.133. Number of nodes 11
EtherApe-INFO: 06:27:57.260: New node: IP: 169.47.63.74. Number of nodes 12
EtherApe-INFO: 06:29:18.404: New node: IP: 142.250.180.195. Number of nodes 13
EtherApe-INFO: 06:29:20.277: New node: IP: 142.251.39.74. Number of nodes 14
EtherApe-INFO: 06:29:26.091: delete node: IP: 192.168.88.1. Number of nodes 13
EtherApe-INFO: 06:29:28.248: delete node: IP: 95.216.195.133. Number of nodes 12
EtherApe-INFO: 06:29:59.799: delete node: IP: 169.47.63.74. Number of nodes 11
EtherApe-INFO: 06:30:59.364: New node: IP: 169.47.63.74. Number of nodes 12
EtherApe-INFO: 06:31:22.777: New node: IP: 142.250.201.206. Number of nodes 13
EtherApe-INFO: 06:31:50.464: delete node: IP: 142.251.39.74. Number of nodes 12
EtherApe-INFO: 06:32:16.057: New node: IP: 142.251.39.74. Number of nodes 13
EtherApe-INFO: 06:32:20.088: delete node: IP: 142.250.180.195. Number of nodes 12
EtherApe-INFO: 06:32:24.593: New node: IP: 192.168.88.1. Number of nodes 13
EtherApe-INFO: 06:32:27.790: New node: IP: 95.216.195.133. Number of nodes 14
EtherApe-INFO: 06:32:59.965: delete node: IP: 169.47.63.74. Number of nodes 13
EtherApe-INFO: 06:33:23.689: delete node: IP: 142.250.201.206. Number of nodes 12
EtherApe-INFO: 06:34:24.787: delete node: IP: 192.168.88.1. Number of nodes 11
EtherApe-INFO: 06:34:28.267: delete node: IP: 95.216.195.133. Number of nodes 10
EtherApe-INFO: 06:34:28.781: delete node: IP: 142.251.39.74. Number of nodes 9
EtherApe-INFO: 06:34:45.550: New node: IP: 142.251.39.74. Number of nodes 10
EtherApe-INFO: 06:36:46.143: delete node: IP: 142.251.39.74. Number of nodes 9
EtherApe-INFO: 06:37:20.324: New node: IP: 142.251.39.74. Number of nodes 10
EtherApe-INFO: 06:37:24.537: New node: IP: 192.168.88.1. Number of nodes 11
EtherApe-INFO: 06:37:27.657: New node: IP: 95.216.195.133. Number of nodes 12
EtherApe-INFO: 06:39:24.945: delete node: IP: 192.168.88.1. Number of nodes 11
EtherApe-INFO: 06:39:28.628: delete node: IP: 95.216.195.133. Number of nodes 10
EtherApe-INFO: 06:40:42.834: delete node: IP: 142.251.39.74. Number of nodes 9
EtherApe-INFO: 06:42:24.540: New node: IP: 192.168.88.1. Number of nodes 10
EtherApe-INFO: 06:42:27.740: New node: IP: 95.216.195.133. Number of nodes 11
EtherApe-INFO: 06:44:25.031: delete node: IP: 192.168.88.1. Number of nodes 10
EtherApe-INFO: 06:44:28.823: delete node: IP: 95.216.195.133. Number of nodes 9
EtherApe-INFO: 06:45:06.987: New node: IP: 142.251.39.74. Number of nodes 10
EtherApe-INFO: 06:47:24.643: New node: IP: 192.168.88.1. Number of nodes 11
EtherApe-INFO: 06:47:27.791: New node: IP: 95.216.195.133. Number of nodes 12
EtherApe-INFO: 06:49:24.928: delete node: IP: 192.168.88.1. Number of nodes 11
EtherApe-INFO: 06:49:28.110: delete node: IP: 95.216.195.133. Number of nodes 10
EtherApe-INFO: 06:50:18.012: delete node: IP: 142.251.39.74. Number of nodes 9
EtherApe-INFO: 06:52:24.727: New node: IP: 192.168.88.1. Number of nodes 10
EtherApe-INFO: 06:52:27.654: New node: IP: 95.216.195.133. Number of nodes 11
EtherApe-INFO: 06:54:24.818: delete node: IP: 192.168.88.1. Number of nodes 10
EtherApe-INFO: 06:54:28.001: delete node: IP: 95.216.195.133. Number of nodes 9
EtherApe-INFO: 06:55:14.168: New node: IP: 172.217.20.13. Number of nodes 10
EtherApe-INFO: 06:55:27.897: New node: IP: 142.251.39.74. Number of nodes 11
EtherApe-INFO: 06:56:53.657: New node: IP: 149.154.167.151. Number of nodes 12
EtherApe-INFO: 06:57:24.723: New node: IP: 192.168.88.1. Number of nodes 13
EtherApe-INFO: 06:57:27.657: New node: IP: 95.216.195.133. Number of nodes 14
EtherApe-INFO: 06:57:28.742: delete node: IP: 142.251.39.74. Number of nodes 13
EtherApe-INFO: 06:58:12.438: delete node: IP: 172.217.20.13. Number of nodes 12
EtherApe-INFO: 06:59:09.842: delete node: IP: 149.154.167.151. Number of nodes 11
EtherApe-INFO: 06:59:14.464: New node: IP: 172.217.20.13. Number of nodes 12
EtherApe-INFO: 06:59:18.476: New node: IP: 142.250.180.195. Number of nodes 13
EtherApe-INFO: 06:59:24.780: delete node: IP: 192.168.88.1. Number of nodes 12
EtherApe-INFO: 06:59:27.982: delete node: IP: 95.216.195.133. Number of nodes 11
EtherApe-INFO: 07:00:34.276: New node: IPv6: fe80::6c65:a528:f44d:11c9. Number of nodes 12
EtherApe-INFO: 07:00:34.276: New node: IPv6: ff02::2. Number of nodes 13
EtherApe-INFO: 07:01:15.080: delete node: IP: 172.217.20.13. Number of nodes 12
EtherApe-INFO: 07:01:20.065: New node: IP: 34.104.35.123. Number of nodes 13
EtherApe-INFO: 07:01:22.990: New node: IP: 142.250.201.206. Number of nodes 14
EtherApe-INFO: 07:02:24.591: New node: IP: 192.168.88.1. Number of nodes 15
EtherApe-INFO: 07:02:27.790: New node: IP: 95.216.195.133. Number of nodes 16
EtherApe-INFO: 07:02:34.462: delete node: IPv6: ff02::2. Number of nodes 15
EtherApe-INFO: 07:02:34.462: delete node: IPv6: fe80::6c65:a528:f44d:11c9. Number of nodes 14
EtherApe-INFO: 07:03:08.684: New node: IP: 149.154.167.151. Number of nodes 15
EtherApe-INFO: 07:03:21.268: delete node: IP: 142.250.180.195. Number of nodes 14
EtherApe-INFO: 07:03:23.129: delete node: IP: 142.250.201.206. Number of nodes 13
EtherApe-INFO: 07:04:24.871: delete node: IP: 192.168.88.1. Number of nodes 12
EtherApe-INFO: 07:04:28.260: delete node: IP: 95.216.195.133. Number of nodes 11
EtherApe-INFO: 07:04:57.603: New node: IP: 142.251.39.74. Number of nodes 12
EtherApe-INFO: 07:05:09.070: New node: IP: 142.250.180.202. Number of nodes 13
EtherApe-INFO: 07:05:24.103: delete node: IP: 149.154.167.151. Number of nodes 12
EtherApe-INFO: 07:05:27.811: delete node: IP: 34.104.35.123. Number of nodes 11
EtherApe-INFO: 07:05:38.671: New node: IP: 149.154.167.151. Number of nodes 12
EtherApe-INFO: 07:06:50.768: delete node: IP: 142.251.39.10. Number of nodes 11
EtherApe-INFO: 07:07:24.703: New node: IP: 192.168.88.1. Number of nodes 12
EtherApe-INFO: 07:07:27.634: New node: IP: 95.216.195.133. Number of nodes 13
EtherApe-INFO: 07:08:14.639: delete node: IP: 142.251.39.74. Number of nodes 12
EtherApe-INFO: 07:08:39.660: delete node: IP: 149.154.167.151. Number of nodes 11
EtherApe-INFO: 07:09:20.537: New node: IP: 142.251.39.74. Number of nodes 12
EtherApe-INFO: 07:09:24.929: delete node: IP: 192.168.88.1. Number of nodes 11
EtherApe-INFO: 07:09:28.029: delete node: IP: 95.216.195.133. Number of nodes 10
EtherApe-INFO: 07:12:11.098: New node: IP: 169.47.63.74. Number of nodes 11
EtherApe-INFO: 07:12:17.763: New node: IP: 149.154.167.151. Number of nodes 12
EtherApe-INFO: 07:12:24.697: New node: IP: 192.168.88.1. Number of nodes 13
EtherApe-INFO: 07:12:27.633: New node: IP: 95.216.195.133. Number of nodes 14
EtherApe-INFO: 07:14:24.718: delete node: IP: 192.168.88.1. Number of nodes 13
EtherApe-INFO: 07:14:26.877: delete node: IP: 142.251.39.74. Number of nodes 12
EtherApe-INFO: 07:14:28.214: delete node: IP: 95.216.195.133. Number of nodes 11
EtherApe-INFO: 07:17:12.458: delete node: IP: 169.47.63.74. Number of nodes 10
EtherApe-INFO: 07:17:24.696: New node: IP: 192.168.88.1. Number of nodes 11
EtherApe-INFO: 07:17:27.630: New node: IP: 95.216.195.133. Number of nodes 12
EtherApe-INFO: 07:17:50.605: delete node: IP: 149.154.167.151. Number of nodes 11
EtherApe-INFO: 07:18:02.830: New node: IP: 142.251.39.74. Number of nodes 12
EtherApe-INFO: 07:18:18.563: New node: IP: 169.47.63.74. Number of nodes 13
EtherApe-INFO: 07:18:18.564: New node: IP: 137.248.197.16. Number of nodes 14
EtherApe-INFO: 07:19:24.712: delete node: IP: 192.168.88.1. Number of nodes 13
EtherApe-INFO: 07:19:27.810: delete node: IP: 95.216.195.133. Number of nodes 12
EtherApe-INFO: 07:20:04.728: delete node: IP: 142.251.39.74. Number of nodes 11
EtherApe-INFO: 07:20:19.373: delete node: IP: 137.248.197.16. Number of nodes 10
EtherApe-INFO: 07:20:38.911: delete node: IP: 169.47.63.74. Number of nodes 9
EtherApe-INFO: 07:21:25.283: New node: IP: 169.47.63.74. Number of nodes 10
EtherApe-INFO: 07:22:09.799: New node: IP: 149.154.167.151. Number of nodes 11
EtherApe-INFO: 07:22:24.726: New node: IP: 192.168.88.1. Number of nodes 12
EtherApe-INFO: 07:22:27.657: New node: IP: 95.216.195.133. Number of nodes 13
EtherApe-INFO: 07:23:37.737: New node: IP: 142.251.39.74. Number of nodes 14
EtherApe-INFO: 07:23:37.832: delete node: IP: 169.47.63.74. Number of nodes 13
EtherApe-INFO: 07:24:24.735: delete node: IP: 192.168.88.1. Number of nodes 12
EtherApe-INFO: 07:24:25.757: delete node: IP: 149.154.167.151. Number of nodes 11
EtherApe-INFO: 07:24:27.818: delete node: IP: 95.216.195.133. Number of nodes 10
EtherApe-INFO: 07:26:00.700: New node: IP: 1.1.1.1. Number of nodes 11
EtherApe-INFO: 07:26:40.887: New node: IP: 142.250.180.206. Number of nodes 12
EtherApe-INFO: 07:27:24.670: New node: IP: 192.168.88.1. Number of nodes 13
EtherApe-INFO: 07:27:27.791: New node: IP: 95.216.195.133. Number of nodes 14
EtherApe-INFO: 07:28:12.058: delete node: IP: 142.251.39.74. Number of nodes 13
EtherApe-INFO: 07:28:41.372: delete node: IP: 142.250.180.206. Number of nodes 12
EtherApe-INFO: 07:28:54.110: New node: IP: 142.251.39.74. Number of nodes 13
EtherApe-INFO: 07:29:18.590: New node: IP: 142.250.180.195. Number of nodes 14
EtherApe-INFO: 07:29:21.583: delete node: IP: 1.1.1.1. Number of nodes 13
EtherApe-INFO: 07:29:25.485: delete node: IP: 192.168.88.1. Number of nodes 12
EtherApe-INFO: 07:29:27.960: delete node: IP: 95.216.195.133. Number of nodes 11
EtherApe-INFO: 07:29:41.657: New node: IP: 149.154.167.151. Number of nodes 12
EtherApe-INFO: 07:31:22.803: New node: IP: 142.250.201.206. Number of nodes 13
EtherApe-INFO: 07:31:56.964: delete node: IP: 149.154.167.151. Number of nodes 12
EtherApe-INFO: 07:32:20.051: delete node: IP: 142.250.180.195. Number of nodes 11
EtherApe-INFO: 07:32:24.551: New node: IP: 192.168.88.1. Number of nodes 12
EtherApe-INFO: 07:32:27.737: New node: IP: 95.216.195.133. Number of nodes 13
EtherApe-INFO: 07:33:23.746: delete node: IP: 142.250.201.206. Number of nodes 12
EtherApe-INFO: 07:34:23.870: New node: IP: 149.154.167.151. Number of nodes 13
EtherApe-INFO: 07:34:26.033: delete node: IP: 192.168.88.1. Number of nodes 12
EtherApe-INFO: 07:34:27.885: delete node: IP: 95.216.195.133. Number of nodes 11
EtherApe-INFO: 07:36:40.221: delete node: IP: 149.154.167.151. Number of nodes 10
EtherApe-INFO: 07:36:48.531: delete node: IP: 142.251.39.74. Number of nodes 9
EtherApe-INFO: 07:37:24.697: New node: IP: 192.168.88.1. Number of nodes 10
EtherApe-INFO: 07:37:27.846: New node: IP: 95.216.195.133. Number of nodes 11
EtherApe-INFO: 07:38:40.537: New node: IP: 142.251.39.74. Number of nodes 12
EtherApe-INFO: 07:39:24.860: delete node: IP: 192.168.88.1. Number of nodes 11
EtherApe-INFO: 07:39:27.859: delete node: IP: 95.216.195.133. Number of nodes 10
EtherApe-INFO: 07:40:28.247: New node: IP: 169.47.63.74. Number of nodes 11
EtherApe-INFO: 07:40:41.094: delete node: IP: 142.251.39.74. Number of nodes 10
EtherApe-INFO: 07:42:10.194: New node: IP: 142.251.39.74. Number of nodes 11
EtherApe-INFO: 07:42:24.754: New node: IP: 192.168.88.1. Number of nodes 12
EtherApe-INFO: 07:42:27.630: New node: IP: 95.216.195.133. Number of nodes 13
EtherApe-INFO: 07:44:24.839: delete node: IP: 192.168.88.1. Number of nodes 12
EtherApe-INFO: 07:44:28.857: delete node: IP: 95.216.195.133. Number of nodes 11
EtherApe-INFO: 07:45:37.511: delete node: IP: 142.251.39.74. Number of nodes 10
EtherApe-INFO: 07:46:01.662: New node: IP: 142.251.39.74. Number of nodes 11
EtherApe-INFO: 07:46:21.288: delete node: IP: 169.47.63.74. Number of nodes 10
EtherApe-INFO: 07:47:21.310: New node: IP: 169.47.63.74. Number of nodes 11
EtherApe-INFO: 07:47:24.776: New node: IP: 192.168.88.1. Number of nodes 12
EtherApe-INFO: 07:47:27.710: New node: IP: 95.216.195.133. Number of nodes 13
EtherApe-INFO: 07:48:01.965: delete node: IP: 142.251.39.74. Number of nodes 12
EtherApe-INFO: 07:49:21.728: delete node: IP: 169.47.63.74. Number of nodes 11
EtherApe-INFO: 07:49:25.438: delete node: IP: 192.168.88.1. Number of nodes 10
EtherApe-INFO: 07:49:27.908: delete node: IP: 95.216.195.133. Number of nodes 9
EtherApe-INFO: 07:51:25.630: New node: IP: 142.251.39.74. Number of nodes 10
EtherApe-INFO: 07:52:24.776: New node: IP: 192.168.88.1. Number of nodes 11
EtherApe-INFO: 07:52:27.713: New node: IP: 95.216.195.133. Number of nodes 12
EtherApe-INFO: 07:54:13.928: delete node: IP: 142.251.39.74. Number of nodes 11
EtherApe-INFO: 07:54:26.092: delete node: IP: 192.168.88.1. Number of nodes 10
EtherApe-INFO: 07:54:27.947: delete node: IP: 95.216.195.133. Number of nodes 9
EtherApe-INFO: 07:55:15.443: New node: IP: 142.251.39.74. Number of nodes 10
EtherApe-INFO: 07:55:23.176: New node: IP: 172.217.20.13. Number of nodes 11
EtherApe-INFO: 07:55:54.536: New node: IPv6: fe80::6c65:a528:f44d:11c9. Number of nodes 12
EtherApe-INFO: 07:55:54.536: New node: IPv6: ff02::2. Number of nodes 13
EtherApe-INFO: 07:57:15.609: delete node: IP: 142.251.39.74. Number of nodes 12
EtherApe-INFO: 07:57:24.590: New node: IP: 192.168.88.1. Number of nodes 13
EtherApe-INFO: 07:57:27.790: New node: IP: 95.216.195.133. Number of nodes 14
EtherApe-INFO: 07:57:55.193: delete node: IPv6: ff02::2. Number of nodes 13
EtherApe-INFO: 07:57:55.193: delete node: IPv6: fe80::6c65:a528:f44d:11c9. Number of nodes 12
EtherApe-INFO: 07:58:21.998: delete node: IP: 172.217.20.13. Number of nodes 11
EtherApe-INFO: 07:59:18.696: New node: IP: 142.250.180.195. Number of nodes 12
EtherApe-INFO: 07:59:23.507: New node: IP: 172.217.20.13. Number of nodes 13
EtherApe-INFO: 07:59:25.121: delete node: IP: 192.168.88.1. Number of nodes 12
EtherApe-INFO: 07:59:28.620: delete node: IP: 95.216.195.133. Number of nodes 11
EtherApe-INFO: 08:01:22.778: New node: IP: 142.250.201.206. Number of nodes 12
EtherApe-INFO: 08:01:23.616: delete node: IP: 172.217.20.13. Number of nodes 11
EtherApe-INFO: 08:01:41.631: New node: IP: 169.47.63.74. Number of nodes 12
EtherApe-INFO: 08:02:20.365: delete node: IP: 142.250.180.195. Number of nodes 11
EtherApe-INFO: 08:02:24.563: New node: IP: 192.168.88.1. Number of nodes 12
EtherApe-INFO: 08:02:27.764: New node: IP: 95.216.195.133. Number of nodes 13
EtherApe-INFO: 08:03:23.001: delete node: IP: 142.250.201.206. Number of nodes 12
EtherApe-INFO: 08:03:41.656: New node: IP: 149.154.167.151. Number of nodes 13
EtherApe-INFO: 08:03:44.941: delete node: IP: 169.47.63.74. Number of nodes 12
EtherApe-INFO: 08:04:06.723: New node: IP: 142.251.39.74. Number of nodes 13
EtherApe-INFO: 08:04:24.931: delete node: IP: 192.168.88.1. Number of nodes 12
EtherApe-INFO: 08:04:28.930: delete node: IP: 95.216.195.133. Number of nodes 11
EtherApe-INFO: 08:04:43.790: New node: IP: 169.47.63.74. Number of nodes 12
EtherApe-INFO: 08:05:33.470: New node: IP: 142.250.180.234. Number of nodes 13
EtherApe-INFO: 08:05:57.138: delete node: IP: 149.154.167.151. Number of nodes 12
EtherApe-INFO: 08:06:44.970: delete node: IP: 169.47.63.74. Number of nodes 11
EtherApe-INFO: 08:07:15.328: delete node: IP: 142.250.180.202. Number of nodes 10
EtherApe-INFO: 08:07:24.723: New node: IP: 192.168.88.1. Number of nodes 11
EtherApe-INFO: 08:07:27.660: New node: IP: 95.216.195.133. Number of nodes 12
EtherApe-INFO: 08:08:51.372: delete node: IP: 142.251.39.74. Number of nodes 11
EtherApe-INFO: 08:09:25.519: delete node: IP: 192.168.88.1. Number of nodes 10
EtherApe-INFO: 08:09:28.180: delete node: IP: 95.216.195.133. Number of nodes 9
EtherApe-INFO: 08:09:35.313: New node: IP: 142.251.39.74. Number of nodes 10
EtherApe-INFO: 08:11:35.645: delete node: IP: 142.251.39.74. Number of nodes 9
EtherApe-INFO: 08:11:47.514: New node: IP: 142.251.39.74. Number of nodes 10
EtherApe-INFO: 08:12:24.643: New node: IP: 192.168.88.1. Number of nodes 11
EtherApe-INFO: 08:12:27.756: New node: IP: 95.216.195.133. Number of nodes 12
EtherApe-INFO: 08:14:24.985: delete node: IP: 192.168.88.1. Number of nodes 11
EtherApe-INFO: 08:14:27.960: delete node: IP: 95.216.195.133. Number of nodes 10
EtherApe-INFO: 08:15:05.698: delete node: IP: 142.251.39.74. Number of nodes 9
EtherApe-INFO: 08:17:15.826: New node: IP: 142.251.39.74. Number of nodes 10
EtherApe-INFO: 08:17:24.620: New node: IP: 192.168.88.1. Number of nodes 11
EtherApe-INFO: 08:17:27.823: New node: IP: 95.216.195.133. Number of nodes 12
EtherApe-INFO: 08:19:16.017: delete node: IP: 142.251.39.74. Number of nodes 11
EtherApe-INFO: 08:19:25.567: delete node: IP: 192.168.88.1. Number of nodes 10
EtherApe-INFO: 08:19:28.239: delete node: IP: 95.216.195.133. Number of nodes 9
EtherApe-INFO: 08:21:22.696: New node: IP: 149.154.165.111. Number of nodes 10
EtherApe-INFO: 08:21:55.817: New node: IP: 142.251.39.74. Number of nodes 11
EtherApe-INFO: 08:22:24.729: New node: IP: 192.168.88.1. Number of nodes 12
EtherApe-INFO: 08:22:27.656: New node: IP: 95.216.195.133. Number of nodes 13
EtherApe-INFO: 08:23:38.120: delete node: IP: 149.154.165.111. Number of nodes 12
EtherApe-INFO: 08:24:24.784: delete node: IP: 192.168.88.1. Number of nodes 11
EtherApe-INFO: 08:24:28.270: delete node: IP: 95.216.195.133. Number of nodes 10
EtherApe-INFO: 08:27:24.558: New node: IP: 192.168.88.1. Number of nodes 11
EtherApe-INFO: 08:27:27.740: New node: IP: 95.216.195.133. Number of nodes 12
EtherApe-INFO: 08:28:50.130: delete node: IP: 142.251.39.74. Number of nodes 11
EtherApe-INFO: 08:29:08.216: New node: IP: 142.251.39.74. Number of nodes 12
EtherApe-INFO: 08:29:18.883: New node: IP: 142.250.180.195. Number of nodes 13
EtherApe-INFO: 08:29:25.074: delete node: IP: 192.168.88.1. Number of nodes 12
EtherApe-INFO: 08:29:28.289: delete node: IP: 95.216.195.133. Number of nodes 11
EtherApe-INFO: 08:30:20.850: delete node: IP: 149.154.167.51. Number of nodes 10
EtherApe-INFO: 08:31:08.425: delete node: IP: 142.251.39.74. Number of nodes 9
EtherApe-INFO: 08:31:22.807: New node: IP: 142.250.201.206. Number of nodes 10
EtherApe-INFO: 08:32:20.345: delete node: IP: 142.250.180.195. Number of nodes 9
EtherApe-INFO: 08:32:24.563: New node: IP: 192.168.88.1. Number of nodes 10
EtherApe-INFO: 08:32:27.740: New node: IP: 95.216.195.133. Number of nodes 11
EtherApe-INFO: 08:33:23.446: delete node: IP: 142.250.201.206. Number of nodes 10
EtherApe-INFO: 08:33:45.002: New node: IP: 142.251.39.74. Number of nodes 11
EtherApe-INFO: 08:34:24.915: delete node: IP: 192.168.88.1. Number of nodes 10
EtherApe-INFO: 08:34:28.872: delete node: IP: 95.216.195.133. Number of nodes 9
EtherApe-INFO: 08:35:45.866: delete node: IP: 142.251.39.74. Number of nodes 8
EtherApe-INFO: 08:36:26.483: New node: IP: 142.251.39.74. Number of nodes 9
EtherApe-INFO: 08:37:24.566: New node: IP: 192.168.88.1. Number of nodes 10
EtherApe-INFO: 08:37:27.766: New node: IP: 95.216.195.133. Number of nodes 11
EtherApe-INFO: 08:38:26.791: delete node: IP: 142.251.39.74. Number of nodes 10
EtherApe-INFO: 08:39:24.978: delete node: IP: 192.168.88.1. Number of nodes 9
EtherApe-INFO: 08:39:28.178: delete node: IP: 95.216.195.133. Number of nodes 8
EtherApe-INFO: 08:41:03.523: New node: IP: 169.47.63.74. Number of nodes 9
EtherApe-INFO: 08:42:24.590: New node: IP: 192.168.88.1. Number of nodes 10
EtherApe-INFO: 08:42:24.860: New node: IP: 142.251.39.74. Number of nodes 11
EtherApe-INFO: 08:42:27.764: New node: IP: 95.216.195.133. Number of nodes 12
EtherApe-INFO: 08:44:24.760: delete node: IP: 192.168.88.1. Number of nodes 11
EtherApe-INFO: 08:44:25.073: delete node: IP: 142.251.39.74. Number of nodes 10
EtherApe-INFO: 08:44:27.968: delete node: IP: 95.216.195.133. Number of nodes 9
EtherApe-INFO: 08:46:04.861: delete node: IP: 169.47.63.74. Number of nodes 8
EtherApe-INFO: 08:46:37.097: New node: IP: 142.251.39.74. Number of nodes 9
EtherApe-INFO: 08:47:24.589: New node: IP: 192.168.88.1. Number of nodes 10
EtherApe-INFO: 08:47:27.793: New node: IP: 95.216.195.133. Number of nodes 11
