(etherape:5299): GLib-GIO-DEBUG: 15:40:32.707: _g_io_module_get_default: Found default implementation local (GLocalVfs) for ‘gio-vfs’
EtherApe-INFO: 15:40:32.830: sctp protocol not supported
EtherApe-INFO: 15:40:32.830: dccp protocol not supported
EtherApe-INFO: 15:40:32.830: sctp protocol not supported
EtherApe-INFO: 15:40:32.830: sctp protocol not supported
EtherApe-INFO: 15:40:32.830: sctp protocol not supported
EtherApe-INFO: 15:40:32.830: sctp protocol not supported
EtherApe-INFO: 15:40:32.830: sctp protocol not supported
EtherApe-INFO: 15:40:32.831: sctp protocol not supported
EtherApe-INFO: 15:40:32.831: sctp protocol not supported
EtherApe-INFO: 15:40:32.831: dccp protocol not supported
EtherApe-INFO: 15:40:32.831: sctp protocol not supported
EtherApe-INFO: 15:40:32.831: dccp protocol not supported
EtherApe-INFO: 15:40:32.831: dccp protocol not supported
EtherApe-INFO: 15:40:32.831: sctp protocol not supported
EtherApe-INFO: 15:40:32.832: sctp protocol not supported
EtherApe-INFO: 15:40:32.832: sctp protocol not supported
EtherApe-INFO: 15:40:32.833: sctp protocol not supported
EtherApe-INFO: 15:40:32.833: sctp protocol not supported
EtherApe-INFO: 15:40:32.834: sctp protocol not supported
EtherApe-INFO: 15:40:32.834: sctp protocol not supported
EtherApe-INFO: 15:40:32.834: sctp protocol not supported
EtherApe-INFO: 15:40:32.834: sctp protocol not supported
EtherApe-INFO: 15:40:32.834: sctp protocol not supported
EtherApe-INFO: 15:40:32.835: sctp protocol not supported
EtherApe-INFO: 15:40:32.835: sctp protocol not supported
EtherApe-INFO: 15:40:32.835: sctp protocol not supported
EtherApe-INFO: 15:40:32.835: sctp protocol not supported
EtherApe-INFO: 15:40:32.835: sctp protocol not supported
EtherApe-INFO: 15:40:32.835: dccp protocol not supported
EtherApe-INFO: 15:40:32.835: sctp protocol not supported
EtherApe-INFO: 15:40:32.836: sctp protocol not supported
EtherApe-INFO: 15:40:32.836: dccp protocol not supported
EtherApe-INFO: 15:40:32.836: sctp protocol not supported
EtherApe-INFO: 15:40:32.836: sctp protocol not supported
EtherApe-INFO: 15:40:32.836: sctp protocol not supported
EtherApe-INFO: 15:40:32.836: dccp protocol not supported
EtherApe-INFO: 15:40:32.836: dccp protocol not supported
EtherApe-INFO: 15:40:32.836: sctp protocol not supported
EtherApe-INFO: 15:40:32.836: sctp protocol not supported
EtherApe-INFO: 15:40:32.836: sctp protocol not supported
EtherApe-INFO: 15:40:32.836: sctp protocol not supported
EtherApe-INFO: 15:40:32.836: sctp protocol not supported
EtherApe-INFO: 15:40:32.836: sctp protocol not supported
EtherApe-INFO: 15:40:32.836: sctp protocol not supported
EtherApe-INFO: 15:40:32.836: sctp protocol not supported
EtherApe-INFO: 15:40:32.837: sctp protocol not supported
EtherApe-INFO: 15:40:32.837: sctp protocol not supported
EtherApe-INFO: 15:40:32.837: sctp protocol not supported
EtherApe-INFO: 15:40:32.837: sctp protocol not supported
EtherApe-INFO: 15:40:32.837: sctp protocol not supported
EtherApe-INFO: 15:40:32.837: dccp protocol not supported
EtherApe-INFO: 15:40:32.837: sctp protocol not supported
EtherApe-INFO: 15:40:32.837: sctp protocol not supported
EtherApe-INFO: 15:40:32.837: sctp protocol not supported
EtherApe-INFO: 15:40:32.837: sctp protocol not supported
EtherApe-INFO: 15:40:32.837: sctp protocol not supported
EtherApe-INFO: 15:40:32.837: sctp protocol not supported
EtherApe-INFO: 15:40:32.837: sctp protocol not supported
EtherApe-INFO: 15:40:32.837: sctp protocol not supported
EtherApe-INFO: 15:40:32.838: sctp protocol not supported
EtherApe-INFO: 15:40:32.838: sctp protocol not supported
EtherApe-INFO: 15:40:32.838: sctp protocol not supported
EtherApe-INFO: 15:40:32.838: sctp protocol not supported
EtherApe-INFO: 15:40:32.838: sctp protocol not supported
EtherApe-INFO: 15:40:32.838: sctp protocol not supported
EtherApe-INFO: 15:40:32.838: sctp protocol not supported
EtherApe-INFO: 15:40:32.838: sctp protocol not supported
EtherApe-INFO: 15:40:32.838: sctp protocol not supported
EtherApe-INFO: 15:40:32.838: sctp protocol not supported
EtherApe-INFO: 15:40:32.838: sctp protocol not supported
EtherApe-INFO: 15:40:32.838: sctp protocol not supported
EtherApe-INFO: 15:40:32.838: sctp protocol not supported
EtherApe-INFO: 15:40:32.838: sctp protocol not supported
EtherApe-INFO: 15:40:32.838: sctp protocol not supported
EtherApe-INFO: 15:40:32.838: sctp protocol not supported
EtherApe-INFO: 15:40:32.839: sctp protocol not supported
EtherApe-INFO: 15:40:32.839: sctp protocol not supported
EtherApe-INFO: 15:40:32.839: sctp protocol not supported
EtherApe-INFO: 15:40:32.839: sctp protocol not supported
EtherApe-INFO: 15:40:32.839: sctp protocol not supported
EtherApe-INFO: 15:40:32.839: sctp protocol not supported
EtherApe-INFO: 15:40:32.839: sctp protocol not supported
EtherApe-INFO: 15:40:32.839: sctp protocol not supported
EtherApe-INFO: 15:40:32.840: sctp protocol not supported
EtherApe-INFO: 15:40:32.840: sctp protocol not supported
EtherApe-INFO: 15:40:32.840: sctp protocol not supported
EtherApe-INFO: 15:40:32.840: sctp protocol not supported
EtherApe-INFO: 15:40:32.973: get_interface result: ''
EtherApe-INFO: 15:40:32.973: Available interfaces for capture: wwp0s20u4i6 dbus-session dbus-system nfqueue nflog bluetooth-monitor bluetooth0 enp0s25 lo any wlp3s0
EtherApe-INFO: 15:40:32.998: Link type is LINUX_SLL
EtherApe-INFO: 15:40:32.999: Diagram started
EtherApe-INFO: 15:40:33.248: New node: IP: 142.250.203.138. Number of nodes 1
EtherApe-INFO: 15:40:33.248: New node: IP: 192.168.2.132. Number of nodes 2
EtherApe-INFO: 15:40:33.514: New node: IP: 192.168.2.1. Number of nodes 3
EtherApe-INFO: 15:40:33.782: New node: IP: 149.154.167.51. Number of nodes 4
EtherApe-INFO: 15:40:38.583: New node: IP: 142.250.203.142. Number of nodes 5
EtherApe-INFO: 15:40:38.848: New node: IP: 142.250.75.4. Number of nodes 6
EtherApe-INFO: 15:40:44.971: Nodes: 6 (shown 6)
EtherApe-INFO: 15:41:02.315: New node: IP: 149.154.167.223. Number of nodes 7
EtherApe-INFO: 15:41:17.248: New node: IP: 91.236.251.5. Number of nodes 8
EtherApe-INFO: 15:41:48.982: New node: IP: 216.58.208.196. Number of nodes 9
EtherApe-INFO: 15:42:19.401: New node: IP: 142.250.203.195. Number of nodes 10
EtherApe-INFO: 15:42:19.404: New node: IP: 216.58.208.205. Number of nodes 11
EtherApe-INFO: 15:42:19.917: New node: IP: 142.250.203.202. Number of nodes 12
EtherApe-INFO: 15:42:20.186: New node: IP: 239.255.255.250. Number of nodes 13
EtherApe-INFO: 15:42:21.516: New node: IP: 104.17.50.74. Number of nodes 14
EtherApe-INFO: 15:42:22.318: New node: IP: 35.188.42.15. Number of nodes 15
EtherApe-INFO: 15:42:22.606: New node: IP: 216.58.209.10. Number of nodes 16
EtherApe-INFO: 15:42:22.849: New node: IP: 142.250.203.134. Number of nodes 17
EtherApe-INFO: 15:42:22.849: New node: IP: 192.0.73.2. Number of nodes 18
EtherApe-INFO: 15:42:22.859: New node: IP: 104.18.12.33. Number of nodes 19
EtherApe-INFO: 15:42:23.699: New node: IP: 198.252.206.25. Number of nodes 20
EtherApe-INFO: 15:42:23.705: New node: IP: 151.101.65.69. Number of nodes 21
EtherApe-INFO: 15:42:24.186: New node: IP: 224.0.0.22. Number of nodes 22
EtherApe-INFO: 15:42:24.186: New node: IP: 224.0.0.251. Number of nodes 23
EtherApe-INFO: 15:42:24.189: New node: IP: 108.177.14.188. Number of nodes 24
EtherApe-INFO: 15:42:24.191: New node: IP: 142.250.75.14. Number of nodes 25
EtherApe-INFO: 15:42:24.455: New node: IP: 216.58.209.3. Number of nodes 26
EtherApe-INFO: 15:42:26.872: New node: IP: 142.250.203.206. Number of nodes 27
EtherApe-INFO: 15:42:30.329: New node: IP: 216.58.209.14. Number of nodes 28
EtherApe-INFO: 15:42:31.934: New node: IP: 135.181.27.174. Number of nodes 29
EtherApe-INFO: 15:42:35.131: New node: IP: 216.58.208.195. Number of nodes 30
EtherApe-INFO: 15:42:36.182: New node: IP: 176.122.110.204. Number of nodes 31
EtherApe-INFO: 15:42:37.792: New node: IP: 142.250.203.150. Number of nodes 32
EtherApe-INFO: 15:42:38.317: New node: IP: 173.194.50.84. Number of nodes 33
EtherApe-INFO: 15:42:41.252: New node: IP: 216.58.215.106. Number of nodes 34
EtherApe-INFO: 15:43:17.325: delete node: IP: 91.236.251.5. Number of nodes 33
EtherApe-INFO: 15:43:17.542: delete node: IP: 149.154.167.223. Number of nodes 32
EtherApe-INFO: 15:43:25.517: New node: IP: 91.236.251.5. Number of nodes 33
EtherApe-INFO: 15:43:33.252: New node: IP: 142.250.186.205. Number of nodes 34
EtherApe-INFO: 15:43:33.257: New node: IP: 172.217.20.195. Number of nodes 35
EtherApe-INFO: 15:43:36.998: New node: IP: 23.152.160.16. Number of nodes 36
EtherApe-INFO: 15:43:39.140: delete node: IP: 142.250.75.4. Number of nodes 35
EtherApe-INFO: 15:43:50.854: New node: IP: 149.154.167.223. Number of nodes 36
EtherApe-INFO: 15:44:01.250: New node: IP: 91.108.56.145. Number of nodes 37
EtherApe-INFO: 15:44:01.515: New node: IP: 95.216.144.15. Number of nodes 38
EtherApe-INFO: 15:44:20.199: New node: IP: 149.154.167.92. Number of nodes 39
EtherApe-INFO: 15:44:24.478: delete node: IP: 224.0.0.22. Number of nodes 38
EtherApe-INFO: 15:44:27.152: delete node: IP: 224.0.0.251. Number of nodes 37
EtherApe-INFO: 15:44:35.461: delete node: IP: 216.58.208.195. Number of nodes 36
EtherApe-INFO: 15:44:39.196: delete node: IP: 176.122.110.204. Number of nodes 35
EtherApe-INFO: 15:44:50.052: New node: IP: 95.216.195.133. Number of nodes 36
EtherApe-INFO: 15:44:50.318: New node: IP: 216.58.208.206. Number of nodes 37
EtherApe-INFO: 15:44:53.001: delete node: IP: 192.0.73.2. Number of nodes 36
EtherApe-INFO: 15:44:59.194: delete node: IP: 173.194.50.84. Number of nodes 35
EtherApe-INFO: 15:45:13.516: New node: IP: 172.217.20.170. Number of nodes 36
EtherApe-INFO: 15:45:25.595: delete node: IP: 91.236.251.5. Number of nodes 35
EtherApe-INFO: 15:45:33.598: delete node: IP: 172.217.20.195. Number of nodes 34
EtherApe-INFO: 15:45:33.599: delete node: IP: 142.250.186.205. Number of nodes 33
EtherApe-INFO: 15:45:37.316: delete node: IP: 135.181.27.174. Number of nodes 32
EtherApe-INFO: 15:46:01.324: delete node: IP: 23.152.160.16. Number of nodes 31
EtherApe-INFO: 15:46:02.070: delete node: IP: 95.216.144.15. Number of nodes 30
EtherApe-INFO: 15:46:18.379: delete node: IP: 91.108.56.145. Number of nodes 29
EtherApe-INFO: 15:46:23.406: delete node: IP: 35.188.42.15. Number of nodes 28
EtherApe-INFO: 15:46:36.514: delete node: IP: 149.154.167.92. Number of nodes 27
EtherApe-INFO: 15:46:41.517: New node: IP: 142.250.75.4. Number of nodes 28
EtherApe-INFO: 15:46:50.380: delete node: IP: 95.216.195.133. Number of nodes 27
EtherApe-INFO: 15:47:41.522: New node: IP: 172.217.20.195. Number of nodes 28
EtherApe-INFO: 15:47:41.783: New node: IP: 91.236.251.5. Number of nodes 29
EtherApe-INFO: 15:48:08.452: New node: IP: 149.154.167.50. Number of nodes 30
EtherApe-INFO: 15:48:23.187: delete node: IP: 142.250.203.134. Number of nodes 29
EtherApe-INFO: 15:48:31.709: delete node: IP: 216.58.208.196. Number of nodes 28
EtherApe-INFO: 15:49:08.449: New node: IP: 172.217.16.10. Number of nodes 29
EtherApe-INFO: 15:49:10.336: delete node: IP: 142.250.203.202. Number of nodes 28
EtherApe-INFO: 15:49:13.253: New node: IP: 172.217.20.206. Number of nodes 29
EtherApe-INFO: 15:49:13.857: delete node: IP: 216.58.209.10. Number of nodes 28
EtherApe-INFO: 15:49:15.654: delete node: IP: 142.250.203.142. Number of nodes 27
EtherApe-INFO: 15:49:15.654: delete node: IP: 142.250.75.14. Number of nodes 26
EtherApe-INFO: 15:49:19.390: delete node: IP: 142.250.203.206. Number of nodes 25
EtherApe-INFO: 15:49:19.707: delete node: IP: 216.58.209.3. Number of nodes 24
EtherApe-INFO: 15:49:20.776: delete node: IP: 216.58.209.14. Number of nodes 23
EtherApe-INFO: 15:49:20.776: delete node: IP: 142.250.203.195. Number of nodes 22
EtherApe-INFO: 15:49:29.309: delete node: IP: 142.250.203.150. Number of nodes 21
EtherApe-INFO: 15:49:32.744: delete node: IP: 216.58.215.106. Number of nodes 20
EtherApe-INFO: 15:49:41.800: delete node: IP: 216.58.208.205. Number of nodes 19
EtherApe-INFO: 15:49:41.800: delete node: IP: 172.217.20.195. Number of nodes 18
EtherApe-INFO: 15:49:41.800: delete node: IP: 91.236.251.5. Number of nodes 17
EtherApe-INFO: 15:49:49.791: New node: IP: 95.216.195.133. Number of nodes 18
EtherApe-INFO: 15:50:13.039: delete node: IP: 149.154.167.223. Number of nodes 17
EtherApe-INFO: 15:51:01.788: delete node: IP: 104.17.50.74. Number of nodes 16
EtherApe-INFO: 15:51:03.706: delete node: IP: 104.18.12.33. Number of nodes 15
EtherApe-INFO: 15:51:12.990: delete node: IP: 151.101.65.69. Number of nodes 14
EtherApe-INFO: 15:51:13.636: delete node: IP: 172.217.20.170. Number of nodes 13
