(etherape:5183): GLib-GIO-DEBUG: 19:53:00.222: _g_io_module_get_default: Found default implementation local (GLocalVfs) for ‘gio-vfs’
EtherApe-INFO: 19:53:00.401: sctp protocol not supported
EtherApe-INFO: 19:53:00.401: dccp protocol not supported
EtherApe-INFO: 19:53:00.401: sctp protocol not supported
EtherApe-INFO: 19:53:00.401: sctp protocol not supported
EtherApe-INFO: 19:53:00.401: sctp protocol not supported
EtherApe-INFO: 19:53:00.401: sctp protocol not supported
EtherApe-INFO: 19:53:00.401: sctp protocol not supported
EtherApe-INFO: 19:53:00.402: sctp protocol not supported
EtherApe-INFO: 19:53:00.402: sctp protocol not supported
EtherApe-INFO: 19:53:00.402: dccp protocol not supported
EtherApe-INFO: 19:53:00.402: sctp protocol not supported
EtherApe-INFO: 19:53:00.402: dccp protocol not supported
EtherApe-INFO: 19:53:00.403: dccp protocol not supported
EtherApe-INFO: 19:53:00.403: sctp protocol not supported
EtherApe-INFO: 19:53:00.403: sctp protocol not supported
EtherApe-INFO: 19:53:00.403: sctp protocol not supported
EtherApe-INFO: 19:53:00.404: sctp protocol not supported
EtherApe-INFO: 19:53:00.404: sctp protocol not supported
EtherApe-INFO: 19:53:00.405: sctp protocol not supported
EtherApe-INFO: 19:53:00.405: sctp protocol not supported
EtherApe-INFO: 19:53:00.405: sctp protocol not supported
EtherApe-INFO: 19:53:00.405: sctp protocol not supported
EtherApe-INFO: 19:53:00.406: sctp protocol not supported
EtherApe-INFO: 19:53:00.406: sctp protocol not supported
EtherApe-INFO: 19:53:00.407: sctp protocol not supported
EtherApe-INFO: 19:53:00.407: sctp protocol not supported
EtherApe-INFO: 19:53:00.407: sctp protocol not supported
EtherApe-INFO: 19:53:00.407: sctp protocol not supported
EtherApe-INFO: 19:53:00.407: dccp protocol not supported
EtherApe-INFO: 19:53:00.407: sctp protocol not supported
EtherApe-INFO: 19:53:00.407: sctp protocol not supported
EtherApe-INFO: 19:53:00.408: dccp protocol not supported
EtherApe-INFO: 19:53:00.408: sctp protocol not supported
EtherApe-INFO: 19:53:00.408: sctp protocol not supported
EtherApe-INFO: 19:53:00.408: sctp protocol not supported
EtherApe-INFO: 19:53:00.408: dccp protocol not supported
EtherApe-INFO: 19:53:00.408: dccp protocol not supported
EtherApe-INFO: 19:53:00.408: sctp protocol not supported
EtherApe-INFO: 19:53:00.408: sctp protocol not supported
EtherApe-INFO: 19:53:00.408: sctp protocol not supported
EtherApe-INFO: 19:53:00.408: sctp protocol not supported
EtherApe-INFO: 19:53:00.408: sctp protocol not supported
EtherApe-INFO: 19:53:00.408: sctp protocol not supported
EtherApe-INFO: 19:53:00.408: sctp protocol not supported
EtherApe-INFO: 19:53:00.408: sctp protocol not supported
EtherApe-INFO: 19:53:00.408: sctp protocol not supported
EtherApe-INFO: 19:53:00.408: sctp protocol not supported
EtherApe-INFO: 19:53:00.409: sctp protocol not supported
EtherApe-INFO: 19:53:00.409: sctp protocol not supported
EtherApe-INFO: 19:53:00.409: sctp protocol not supported
EtherApe-INFO: 19:53:00.409: dccp protocol not supported
EtherApe-INFO: 19:53:00.409: sctp protocol not supported
EtherApe-INFO: 19:53:00.409: sctp protocol not supported
EtherApe-INFO: 19:53:00.409: sctp protocol not supported
EtherApe-INFO: 19:53:00.409: sctp protocol not supported
EtherApe-INFO: 19:53:00.409: sctp protocol not supported
EtherApe-INFO: 19:53:00.409: sctp protocol not supported
EtherApe-INFO: 19:53:00.409: sctp protocol not supported
EtherApe-INFO: 19:53:00.409: sctp protocol not supported
EtherApe-INFO: 19:53:00.410: sctp protocol not supported
EtherApe-INFO: 19:53:00.410: sctp protocol not supported
EtherApe-INFO: 19:53:00.410: sctp protocol not supported
EtherApe-INFO: 19:53:00.410: sctp protocol not supported
EtherApe-INFO: 19:53:00.410: sctp protocol not supported
EtherApe-INFO: 19:53:00.410: sctp protocol not supported
EtherApe-INFO: 19:53:00.410: sctp protocol not supported
EtherApe-INFO: 19:53:00.410: sctp protocol not supported
EtherApe-INFO: 19:53:00.410: sctp protocol not supported
EtherApe-INFO: 19:53:00.410: sctp protocol not supported
EtherApe-INFO: 19:53:00.410: sctp protocol not supported
EtherApe-INFO: 19:53:00.410: sctp protocol not supported
EtherApe-INFO: 19:53:00.411: sctp protocol not supported
EtherApe-INFO: 19:53:00.411: sctp protocol not supported
EtherApe-INFO: 19:53:00.411: sctp protocol not supported
EtherApe-INFO: 19:53:00.411: sctp protocol not supported
EtherApe-INFO: 19:53:00.411: sctp protocol not supported
EtherApe-INFO: 19:53:00.411: sctp protocol not supported
EtherApe-INFO: 19:53:00.411: sctp protocol not supported
EtherApe-INFO: 19:53:00.411: sctp protocol not supported
EtherApe-INFO: 19:53:00.411: sctp protocol not supported
EtherApe-INFO: 19:53:00.411: sctp protocol not supported
EtherApe-INFO: 19:53:00.411: sctp protocol not supported
EtherApe-INFO: 19:53:00.411: sctp protocol not supported
EtherApe-INFO: 19:53:00.411: sctp protocol not supported
EtherApe-INFO: 19:53:00.411: sctp protocol not supported
EtherApe-INFO: 19:53:00.411: sctp protocol not supported
EtherApe-INFO: 19:53:00.411: sctp protocol not supported
EtherApe-INFO: 19:53:00.428: get_interface result: ''
EtherApe-INFO: 19:53:00.429: Available interfaces for capture: dbus-session dbus-system nfqueue nflog bluetooth-monitor lo any wlp1s0f4u2
EtherApe-INFO: 19:53:00.448: Link type is LINUX_SLL
EtherApe-INFO: 19:53:00.448: Diagram started
EtherApe-INFO: 19:53:00.681: New node: IP: 185.199.109.133. Number of nodes 1
EtherApe-INFO: 19:53:00.681: New node: IP: 192.168.2.234. Number of nodes 2
EtherApe-INFO: 19:53:01.751: New node: IP: 140.82.113.25. Number of nodes 3
EtherApe-INFO: 19:53:02.015: New node: IP: 8.8.8.8. Number of nodes 4
EtherApe-INFO: 19:53:02.283: New node: IP: 140.82.121.3. Number of nodes 5
EtherApe-INFO: 19:53:02.814: New node: IP: 142.250.186.202. Number of nodes 6
EtherApe-INFO: 19:53:03.614: New node: IP: 172.217.16.4. Number of nodes 7
EtherApe-INFO: 19:53:04.148: New node: IP: 149.154.167.50. Number of nodes 8
EtherApe-INFO: 19:53:05.215: New node: IP: 149.154.167.51. Number of nodes 9
EtherApe-INFO: 19:53:06.814: New node: IP: 1.1.1.1. Number of nodes 10
EtherApe-INFO: 19:53:07.614: New node: IP: 204.79.197.200. Number of nodes 11
EtherApe-INFO: 19:53:09.215: New node: IP: 169.44.149.64. Number of nodes 12
EtherApe-INFO: 19:53:09.482: New node: IP: 35.170.142.185. Number of nodes 13
EtherApe-INFO: 19:53:10.282: New node: IP: 156.146.54.58. Number of nodes 14
EtherApe-INFO: 19:53:14.548: New node: IP: 216.58.215.106. Number of nodes 15
EtherApe-INFO: 19:53:15.348: New node: IP: 140.82.121.4. Number of nodes 16
EtherApe-INFO: 19:53:15.351: New node: IP: 142.250.186.206. Number of nodes 17
EtherApe-INFO: 19:53:22.548: New node: IP: 185.199.108.133. Number of nodes 18
EtherApe-INFO: 19:53:28.951: New node: IP: 35.173.167.65. Number of nodes 19
EtherApe-INFO: 19:53:28.951: New node: IP: 52.201.195.186. Number of nodes 20
EtherApe-INFO: 19:53:29.218: New node: IP: 52.73.243.8. Number of nodes 21
EtherApe-INFO: 19:53:29.482: New node: IP: 104.18.13.33. Number of nodes 22
EtherApe-INFO: 19:53:30.814: New node: IP: 173.194.222.188. Number of nodes 23
EtherApe-INFO: 19:53:30.815: New node: IP: 142.250.75.3. Number of nodes 24
EtherApe-INFO: 19:53:30.815: New node: IP: 142.250.203.142. Number of nodes 25
EtherApe-INFO: 19:53:30.815: New node: IP: 172.217.16.35. Number of nodes 26
EtherApe-INFO: 19:53:32.414: New node: IP: 216.58.208.195. Number of nodes 27
EtherApe-INFO: 19:53:32.415: New node: IP: 142.250.203.205. Number of nodes 28
EtherApe-INFO: 19:53:32.415: New node: IP: 142.250.203.141. Number of nodes 29
EtherApe-INFO: 19:53:32.685: New node: IP: 172.217.16.19. Number of nodes 30
EtherApe-INFO: 19:53:32.686: New node: IP: 104.17.49.74. Number of nodes 31
EtherApe-INFO: 19:53:34.281: New node: IP: 131.253.33.200. Number of nodes 32
EtherApe-INFO: 19:53:34.281: New node: IP: 104.18.120.34. Number of nodes 33
EtherApe-INFO: 19:53:34.281: New node: IP: 151.101.1.164. Number of nodes 34
EtherApe-INFO: 19:53:35.883: New node: IP: 216.58.215.74. Number of nodes 35
EtherApe-INFO: 19:53:35.883: New node: IP: 151.101.0.217. Number of nodes 36
EtherApe-INFO: 19:53:35.884: New node: IP: 52.84.198.34. Number of nodes 37
EtherApe-INFO: 19:53:35.884: New node: IP: 185.199.108.154. Number of nodes 38
EtherApe-INFO: 19:53:37.481: New node: IP: 45.60.31.34. Number of nodes 39
EtherApe-INFO: 19:53:38.816: New node: IP: 142.250.75.14. Number of nodes 40
EtherApe-INFO: 19:53:40.948: New node: IP: 52.84.198.82. Number of nodes 41
EtherApe-INFO: 19:53:40.948: New node: IP: 52.84.198.55. Number of nodes 42
EtherApe-INFO: 19:53:40.948: New node: IP: 34.227.250.33. Number of nodes 43
