(etherape:8330): GLib-GIO-DEBUG: 01:13:30.478: _g_io_module_get_default: Found default implementation local (GLocalVfs) for ‘gio-vfs’
EtherApe-INFO: 01:13:30.594: sctp protocol not supported
EtherApe-INFO: 01:13:30.594: dccp protocol not supported
EtherApe-INFO: 01:13:30.594: sctp protocol not supported
EtherApe-INFO: 01:13:30.594: sctp protocol not supported
EtherApe-INFO: 01:13:30.594: sctp protocol not supported
EtherApe-INFO: 01:13:30.594: sctp protocol not supported
EtherApe-INFO: 01:13:30.594: sctp protocol not supported
EtherApe-INFO: 01:13:30.595: sctp protocol not supported
EtherApe-INFO: 01:13:30.595: sctp protocol not supported
EtherApe-INFO: 01:13:30.595: dccp protocol not supported
EtherApe-INFO: 01:13:30.595: sctp protocol not supported
EtherApe-INFO: 01:13:30.595: dccp protocol not supported
EtherApe-INFO: 01:13:30.596: dccp protocol not supported
EtherApe-INFO: 01:13:30.596: sctp protocol not supported
EtherApe-INFO: 01:13:30.596: sctp protocol not supported
EtherApe-INFO: 01:13:30.597: sctp protocol not supported
EtherApe-INFO: 01:13:30.598: sctp protocol not supported
EtherApe-INFO: 01:13:30.598: sctp protocol not supported
EtherApe-INFO: 01:13:30.599: sctp protocol not supported
EtherApe-INFO: 01:13:30.599: sctp protocol not supported
EtherApe-INFO: 01:13:30.600: sctp protocol not supported
EtherApe-INFO: 01:13:30.600: sctp protocol not supported
EtherApe-INFO: 01:13:30.600: sctp protocol not supported
EtherApe-INFO: 01:13:30.601: sctp protocol not supported
EtherApe-INFO: 01:13:30.601: sctp protocol not supported
EtherApe-INFO: 01:13:30.601: sctp protocol not supported
EtherApe-INFO: 01:13:30.601: sctp protocol not supported
EtherApe-INFO: 01:13:30.602: sctp protocol not supported
EtherApe-INFO: 01:13:30.602: dccp protocol not supported
EtherApe-INFO: 01:13:30.602: sctp protocol not supported
EtherApe-INFO: 01:13:30.602: sctp protocol not supported
EtherApe-INFO: 01:13:30.602: dccp protocol not supported
EtherApe-INFO: 01:13:30.602: sctp protocol not supported
EtherApe-INFO: 01:13:30.602: sctp protocol not supported
EtherApe-INFO: 01:13:30.603: sctp protocol not supported
EtherApe-INFO: 01:13:30.603: dccp protocol not supported
EtherApe-INFO: 01:13:30.603: dccp protocol not supported
EtherApe-INFO: 01:13:30.603: sctp protocol not supported
EtherApe-INFO: 01:13:30.603: sctp protocol not supported
EtherApe-INFO: 01:13:30.603: sctp protocol not supported
EtherApe-INFO: 01:13:30.603: sctp protocol not supported
EtherApe-INFO: 01:13:30.603: sctp protocol not supported
EtherApe-INFO: 01:13:30.603: sctp protocol not supported
EtherApe-INFO: 01:13:30.603: sctp protocol not supported
EtherApe-INFO: 01:13:30.603: sctp protocol not supported
EtherApe-INFO: 01:13:30.604: sctp protocol not supported
EtherApe-INFO: 01:13:30.604: sctp protocol not supported
EtherApe-INFO: 01:13:30.604: sctp protocol not supported
EtherApe-INFO: 01:13:30.604: sctp protocol not supported
EtherApe-INFO: 01:13:30.604: sctp protocol not supported
EtherApe-INFO: 01:13:30.604: dccp protocol not supported
EtherApe-INFO: 01:13:30.604: sctp protocol not supported
EtherApe-INFO: 01:13:30.604: sctp protocol not supported
EtherApe-INFO: 01:13:30.604: sctp protocol not supported
EtherApe-INFO: 01:13:30.604: sctp protocol not supported
EtherApe-INFO: 01:13:30.604: sctp protocol not supported
EtherApe-INFO: 01:13:30.605: sctp protocol not supported
EtherApe-INFO: 01:13:30.605: sctp protocol not supported
EtherApe-INFO: 01:13:30.605: sctp protocol not supported
EtherApe-INFO: 01:13:30.605: sctp protocol not supported
EtherApe-INFO: 01:13:30.605: sctp protocol not supported
EtherApe-INFO: 01:13:30.605: sctp protocol not supported
EtherApe-INFO: 01:13:30.605: sctp protocol not supported
EtherApe-INFO: 01:13:30.605: sctp protocol not supported
EtherApe-INFO: 01:13:30.606: sctp protocol not supported
EtherApe-INFO: 01:13:30.606: sctp protocol not supported
EtherApe-INFO: 01:13:30.606: sctp protocol not supported
EtherApe-INFO: 01:13:30.606: sctp protocol not supported
EtherApe-INFO: 01:13:30.606: sctp protocol not supported
EtherApe-INFO: 01:13:30.606: sctp protocol not supported
EtherApe-INFO: 01:13:30.606: sctp protocol not supported
EtherApe-INFO: 01:13:30.606: sctp protocol not supported
EtherApe-INFO: 01:13:30.606: sctp protocol not supported
EtherApe-INFO: 01:13:30.606: sctp protocol not supported
EtherApe-INFO: 01:13:30.606: sctp protocol not supported
EtherApe-INFO: 01:13:30.606: sctp protocol not supported
EtherApe-INFO: 01:13:30.607: sctp protocol not supported
EtherApe-INFO: 01:13:30.607: sctp protocol not supported
EtherApe-INFO: 01:13:30.607: sctp protocol not supported
EtherApe-INFO: 01:13:30.607: sctp protocol not supported
EtherApe-INFO: 01:13:30.607: sctp protocol not supported
EtherApe-INFO: 01:13:30.607: sctp protocol not supported
EtherApe-INFO: 01:13:30.607: sctp protocol not supported
EtherApe-INFO: 01:13:30.607: sctp protocol not supported
EtherApe-INFO: 01:13:30.607: sctp protocol not supported
EtherApe-INFO: 01:13:30.607: sctp protocol not supported
EtherApe-INFO: 01:13:30.607: sctp protocol not supported
EtherApe-INFO: 01:13:30.617: get_interface result: ''
EtherApe-INFO: 01:13:30.618: Available interfaces for capture: dbus-session dbus-system nfqueue nflog bluetooth-monitor lo any enp1s0f4u1u2
EtherApe-INFO: 01:13:30.667: Link type is LINUX_SLL
EtherApe-INFO: 01:13:30.669: Diagram started
EtherApe-INFO: 01:13:31.414: New node: IP: 192.168.1.116. Number of nodes 1
EtherApe-INFO: 01:13:31.414: New node: IP: 149.154.167.51. Number of nodes 2
EtherApe-INFO: 01:13:31.414: New node: IP: 149.154.167.50. Number of nodes 3
EtherApe-INFO: 01:13:32.480: New node: IP: 8.8.8.8. Number of nodes 4
EtherApe-INFO: 01:13:35.680: New node: IP: 142.250.180.202. Number of nodes 5
EtherApe-INFO: 01:13:36.481: New node: IP: 142.250.180.238. Number of nodes 6
EtherApe-INFO: 01:13:36.481: New node: IP: 1.1.1.1. Number of nodes 7
EtherApe-INFO: 01:13:36.747: New node: IP: 142.251.39.4. Number of nodes 8
EtherApe-INFO: 01:13:57.547: New node: IP: 142.250.180.234. Number of nodes 9
EtherApe-INFO: 01:14:10.080: New node: IPv6: fe80::86d8:1bff:fe8a:3173. Number of nodes 10
EtherApe-INFO: 01:14:10.080: New node: IPv6: ff02::1:ffbf:99a5. Number of nodes 11
EtherApe-INFO: 01:14:15.147: New node: IP: 239.255.255.250. Number of nodes 12
EtherApe-INFO: 01:14:16.217: New node: IP: 224.0.0.251. Number of nodes 13
EtherApe-INFO: 01:14:18.618: New node: IP: 212.102.33.115. Number of nodes 14
EtherApe-INFO: 01:14:18.883: New node: IP: 142.250.180.195. Number of nodes 15
EtherApe-INFO: 01:14:27.681: New node: IP: 142.251.39.74. Number of nodes 16
EtherApe-INFO: 01:15:13.818: New node: IP: 142.250.201.206. Number of nodes 17
EtherApe-INFO: 01:15:14.081: New node: IP: 34.104.35.123. Number of nodes 18
EtherApe-INFO: 01:15:39.456: delete node: IP: 142.250.180.202. Number of nodes 17
EtherApe-INFO: 01:16:18.909: delete node: IP: 1.1.1.1. Number of nodes 16
EtherApe-INFO: 01:16:23.230: delete node: IP: 224.0.0.251. Number of nodes 15
EtherApe-INFO: 01:16:28.748: New node: IP: 172.217.19.100. Number of nodes 16
EtherApe-INFO: 01:16:37.280: New node: IP: 0.0.0.0. Number of nodes 17
EtherApe-INFO: 01:16:37.280: New node: IP: 255.255.255.255. Number of nodes 18
EtherApe-INFO: 01:16:37.280: New node: IP: 192.168.2.1. Number of nodes 19
EtherApe-INFO: 01:16:37.280: New node: IP: 192.168.2.234. Number of nodes 20
EtherApe-INFO: 01:16:37.281: New node: IP: 95.216.195.133. Number of nodes 21
EtherApe-INFO: 01:16:43.417: New node: IP: 1.1.1.1. Number of nodes 22
EtherApe-INFO: 01:16:43.418: New node: IP: 224.0.0.251. Number of nodes 23
EtherApe-INFO: 01:17:47.147: New node: IP: 172.217.20.10. Number of nodes 24
EtherApe-INFO: 01:17:50.158: delete node: IP: 34.104.35.123. Number of nodes 23
EtherApe-INFO: 01:18:00.762: delete node: IP: 142.250.180.195. Number of nodes 22
EtherApe-INFO: 01:18:13.031: delete node: IPv6: ff02::1:ffbf:99a5. Number of nodes 21
EtherApe-INFO: 01:18:13.032: delete node: IPv6: fe80::86d8:1bff:fe8a:3173. Number of nodes 20
EtherApe-INFO: 01:18:15.414: New node: IP: 142.250.201.202. Number of nodes 21
EtherApe-INFO: 01:18:23.737: delete node: IP: 142.250.180.234. Number of nodes 20
EtherApe-INFO: 01:18:31.771: delete node: IP: 192.168.1.116. Number of nodes 19
EtherApe-INFO: 01:18:37.301: delete node: IP: 255.255.255.255. Number of nodes 18
EtherApe-INFO: 01:18:37.301: delete node: IP: 192.168.2.1. Number of nodes 17
EtherApe-INFO: 01:18:37.301: delete node: IP: 95.216.195.133. Number of nodes 16
EtherApe-INFO: 01:18:37.301: delete node: IP: 0.0.0.0. Number of nodes 15
EtherApe-INFO: 01:18:39.176: delete node: IP: 149.154.167.50. Number of nodes 14
EtherApe-INFO: 01:18:43.478: delete node: IP: 1.1.1.1. Number of nodes 13
EtherApe-INFO: 01:18:44.005: delete node: IP: 142.250.201.206. Number of nodes 12
EtherApe-INFO: 01:18:46.634: delete node: IP: 224.0.0.251. Number of nodes 11
EtherApe-INFO: 01:19:25.606: delete node: IP: 142.251.39.74. Number of nodes 10
EtherApe-INFO: 01:19:35.948: New node: IP: 142.251.39.74. Number of nodes 11
EtherApe-INFO: 01:21:37.227: New node: IP: 95.216.195.133. Number of nodes 12
EtherApe-INFO: 01:21:47.697: delete node: IP: 172.217.19.100. Number of nodes 11
EtherApe-INFO: 01:23:02.117: delete node: IP: 142.251.39.74. Number of nodes 10
EtherApe-INFO: 01:23:08.164: New node: IPv6: fe80::9ada:c4ff:febf:99a5. Number of nodes 11
EtherApe-INFO: 01:23:08.165: New node: IPv6: ff02::1. Number of nodes 12
EtherApe-INFO: 01:23:24.694: New node: IP: 149.154.167.151. Number of nodes 13
EtherApe-INFO: 01:23:37.557: delete node: IP: 95.216.195.133. Number of nodes 12
EtherApe-INFO: 01:23:39.094: New node: IP: 142.251.39.74. Number of nodes 13
EtherApe-INFO: 01:25:08.255: delete node: IPv6: ff02::1. Number of nodes 12
EtherApe-INFO: 01:25:08.255: delete node: IPv6: fe80::9ada:c4ff:febf:99a5. Number of nodes 11
EtherApe-INFO: 01:25:40.731: delete node: IP: 149.154.167.151. Number of nodes 10
EtherApe-INFO: 01:26:00.238: delete node: IP: 142.250.201.202. Number of nodes 9
EtherApe-INFO: 01:26:37.227: New node: IP: 95.216.195.133. Number of nodes 10
EtherApe-INFO: 01:27:20.694: New node: IP: 172.217.19.100. Number of nodes 11
EtherApe-INFO: 01:27:38.086: delete node: IP: 142.251.39.74. Number of nodes 10
EtherApe-INFO: 01:27:43.093: New node: IPv6: fe80::9ada:c4ff:febf:99a5. Number of nodes 11
EtherApe-INFO: 01:27:43.094: New node: IPv6: ff02::1. Number of nodes 12
EtherApe-INFO: 01:28:37.556: delete node: IP: 95.216.195.133. Number of nodes 11
EtherApe-INFO: 01:29:21.040: delete node: IP: 172.217.19.100. Number of nodes 10
EtherApe-INFO: 01:29:42.028: New node: IP: 172.217.19.100. Number of nodes 11
EtherApe-INFO: 01:29:43.183: delete node: IPv6: ff02::1. Number of nodes 10
EtherApe-INFO: 01:29:43.183: delete node: IPv6: fe80::9ada:c4ff:febf:99a5. Number of nodes 9
EtherApe-INFO: 01:31:37.227: New node: IP: 95.216.195.133. Number of nodes 10
EtherApe-INFO: 01:31:42.594: delete node: IP: 172.217.19.100. Number of nodes 9
EtherApe-INFO: 01:32:03.627: New node: IP: 172.217.19.100. Number of nodes 10
EtherApe-INFO: 01:32:12.160: New node: IPv6: fe80::9ada:c4ff:febf:99a5. Number of nodes 11
EtherApe-INFO: 01:32:12.160: New node: IPv6: ff02::1. Number of nodes 12
EtherApe-INFO: 01:32:46.030: New node: IP: 142.251.39.74. Number of nodes 13
EtherApe-INFO: 01:33:37.534: delete node: IP: 95.216.195.133. Number of nodes 12
EtherApe-INFO: 01:34:04.453: delete node: IP: 172.217.19.100. Number of nodes 11
EtherApe-INFO: 01:34:12.204: delete node: IPv6: ff02::1. Number of nodes 10
EtherApe-INFO: 01:34:12.204: delete node: IPv6: fe80::9ada:c4ff:febf:99a5. Number of nodes 9
EtherApe-INFO: 01:36:17.017: delete node: IP: 142.251.39.74. Number of nodes 8
EtherApe-INFO: 01:36:37.236: New node: IP: 95.216.195.133. Number of nodes 9
EtherApe-INFO: 01:37:11.097: New node: IP: 142.251.39.74. Number of nodes 10
EtherApe-INFO: 01:38:37.515: delete node: IP: 95.216.195.133. Number of nodes 9
EtherApe-INFO: 01:39:11.129: delete node: IP: 142.251.39.74. Number of nodes 8
EtherApe-INFO: 01:41:37.231: New node: IP: 95.216.195.133. Number of nodes 9
EtherApe-INFO: 01:42:02.027: New node: IPv6: fe80::9ada:c4ff:febf:99a5. Number of nodes 10
EtherApe-INFO: 01:42:02.027: New node: IPv6: ff02::1. Number of nodes 11
EtherApe-INFO: 01:43:37.500: New node: IP: 142.251.39.74. Number of nodes 12
EtherApe-INFO: 01:43:37.583: delete node: IP: 95.216.195.133. Number of nodes 11
EtherApe-INFO: 01:44:02.056: delete node: IPv6: ff02::1. Number of nodes 10
EtherApe-INFO: 01:44:02.057: delete node: IPv6: fe80::9ada:c4ff:febf:99a5. Number of nodes 9
EtherApe-INFO: 01:44:13.767: New node: IP: 142.250.180.195. Number of nodes 10
EtherApe-INFO: 01:45:09.761: New node: IP: 142.250.201.202. Number of nodes 11
EtherApe-INFO: 01:45:16.697: New node: IP: 142.250.201.206. Number of nodes 12
EtherApe-INFO: 01:45:37.851: delete node: IP: 142.251.39.74. Number of nodes 11
EtherApe-INFO: 01:46:19.093: New node: IP: 1.1.1.1. Number of nodes 12
EtherApe-INFO: 01:46:19.094: New node: IP: 172.217.19.100. Number of nodes 13
EtherApe-INFO: 01:46:37.227: New node: IP: 95.216.195.133. Number of nodes 14
EtherApe-INFO: 01:46:49.764: New node: IP: 142.251.39.74. Number of nodes 15
EtherApe-INFO: 01:47:17.279: delete node: IP: 142.250.201.206. Number of nodes 14
EtherApe-INFO: 01:47:17.279: delete node: IP: 142.250.180.195. Number of nodes 13
EtherApe-INFO: 01:47:39.656: delete node: IP: 142.250.201.202. Number of nodes 12
EtherApe-INFO: 01:48:18.293: New node: IPv6: fe80::9ada:c4ff:febf:99a5. Number of nodes 13
EtherApe-INFO: 01:48:18.293: New node: IPv6: ff02::1. Number of nodes 14
EtherApe-INFO: 01:48:19.650: delete node: IP: 1.1.1.1. Number of nodes 13
EtherApe-INFO: 01:48:37.858: delete node: IP: 95.216.195.133. Number of nodes 12
EtherApe-INFO: 01:50:18.366: delete node: IPv6: ff02::1. Number of nodes 11
EtherApe-INFO: 01:50:18.366: delete node: IPv6: fe80::9ada:c4ff:febf:99a5. Number of nodes 10
EtherApe-INFO: 01:51:02.073: delete node: IP: 142.251.39.74. Number of nodes 9
EtherApe-INFO: 01:51:03.627: New node: IP: 149.154.167.151. Number of nodes 10
EtherApe-INFO: 01:51:37.230: New node: IP: 95.216.195.133. Number of nodes 11
EtherApe-INFO: 01:52:23.894: New node: IPv6: fe80::9ada:c4ff:febf:99a5. Number of nodes 12
EtherApe-INFO: 01:52:23.894: New node: IPv6: ff02::1. Number of nodes 13
EtherApe-INFO: 01:52:31.980: delete node: IP: 172.217.19.100. Number of nodes 12
EtherApe-INFO: 01:53:10.827: New node: IP: 1.1.1.1. Number of nodes 13
EtherApe-INFO: 01:53:37.540: delete node: IP: 95.216.195.133. Number of nodes 12
EtherApe-INFO: 01:54:21.289: delete node: IP: 149.154.167.151. Number of nodes 11
EtherApe-INFO: 01:54:23.896: delete node: IPv6: ff02::1. Number of nodes 10
EtherApe-INFO: 01:54:23.896: delete node: IPv6: fe80::9ada:c4ff:febf:99a5. Number of nodes 9
EtherApe-INFO: 01:54:49.231: New node: IP: 142.251.39.46. Number of nodes 10
EtherApe-INFO: 01:55:10.927: delete node: IP: 1.1.1.1. Number of nodes 9
EtherApe-INFO: 01:55:38.298: New node: IP: 142.251.39.74. Number of nodes 10
EtherApe-INFO: 01:56:37.203: New node: IP: 95.216.195.133. Number of nodes 11
EtherApe-INFO: 01:56:53.474: New node: IPv6: fe80::9ada:c4ff:febf:99a5. Number of nodes 12
EtherApe-INFO: 01:56:53.474: New node: IPv6: ff02::1. Number of nodes 13
EtherApe-INFO: 01:57:38.544: delete node: IP: 142.251.39.74. Number of nodes 12
EtherApe-INFO: 01:58:37.575: delete node: IP: 95.216.195.133. Number of nodes 11
EtherApe-INFO: 01:58:53.536: delete node: IPv6: ff02::1. Number of nodes 10
EtherApe-INFO: 01:58:53.536: delete node: IPv6: fe80::9ada:c4ff:febf:99a5. Number of nodes 9
EtherApe-INFO: 02:00:31.890: delete node: IP: 142.251.39.46. Number of nodes 8
EtherApe-INFO: 02:01:22.267: New node: IP: 172.217.19.100. Number of nodes 9
EtherApe-INFO: 02:01:24.667: New node: IP: 142.251.39.74. Number of nodes 10
EtherApe-INFO: 02:01:37.200: New node: IP: 95.216.195.133. Number of nodes 11
EtherApe-INFO: 02:03:24.719: delete node: IP: 142.251.39.74. Number of nodes 10
EtherApe-INFO: 02:03:37.444: delete node: IP: 95.216.195.133. Number of nodes 9
EtherApe-INFO: 02:03:42.512: New node: IP: 142.251.39.74. Number of nodes 10
EtherApe-INFO: 02:03:51.046: New node: IP: 1.1.1.1. Number of nodes 11
EtherApe-INFO: 02:04:43.048: New node: IPv6: fe80::9ada:c4ff:febf:99a5. Number of nodes 12
EtherApe-INFO: 02:04:43.048: New node: IPv6: ff02::1. Number of nodes 13
EtherApe-INFO: 02:05:42.866: delete node: IP: 142.251.39.74. Number of nodes 12
EtherApe-INFO: 02:05:51.109: delete node: IP: 1.1.1.1. Number of nodes 11
EtherApe-INFO: 02:06:37.147: New node: IP: 95.216.195.133. Number of nodes 12
EtherApe-INFO: 02:06:43.306: delete node: IPv6: ff02::1. Number of nodes 11
EtherApe-INFO: 02:06:43.306: delete node: IPv6: fe80::9ada:c4ff:febf:99a5. Number of nodes 10
EtherApe-INFO: 02:07:50.779: delete node: IP: 172.217.19.100. Number of nodes 9
EtherApe-INFO: 02:08:35.013: New node: IPv6: fe80::9ada:c4ff:febf:99a5. Number of nodes 10
EtherApe-INFO: 02:08:35.013: New node: IPv6: ff02::1. Number of nodes 11
EtherApe-INFO: 02:08:38.779: delete node: IP: 95.216.195.133. Number of nodes 10
EtherApe-INFO: 02:10:35.037: delete node: IPv6: ff02::1. Number of nodes 9
EtherApe-INFO: 02:10:35.038: delete node: IPv6: fe80::9ada:c4ff:febf:99a5. Number of nodes 8
EtherApe-INFO: 02:11:08.881: New node: IP: 142.251.39.74. Number of nodes 9
EtherApe-INFO: 02:11:37.157: New node: IP: 95.216.195.133. Number of nodes 10
EtherApe-INFO: 02:13:09.489: delete node: IP: 142.251.39.74. Number of nodes 9
EtherApe-INFO: 02:13:12.616: New node: IPv6: fe80::9ada:c4ff:febf:99a5. Number of nodes 10
EtherApe-INFO: 02:13:12.617: New node: IPv6: ff02::1. Number of nodes 11
EtherApe-INFO: 02:13:37.492: delete node: IP: 95.216.195.133. Number of nodes 10
EtherApe-INFO: 02:13:45.947: New node: IP: 172.217.20.13. Number of nodes 11
EtherApe-INFO: 02:14:13.680: New node: IP: 142.250.180.195. Number of nodes 12
EtherApe-INFO: 02:15:12.688: delete node: IPv6: ff02::1. Number of nodes 11
EtherApe-INFO: 02:15:12.688: delete node: IPv6: fe80::9ada:c4ff:febf:99a5. Number of nodes 10
EtherApe-INFO: 02:15:16.883: New node: IP: 142.250.201.206. Number of nodes 11
EtherApe-INFO: 02:15:32.614: New node: IP: 1.1.1.1. Number of nodes 12
EtherApe-INFO: 02:15:47.017: New node: IP: 142.251.39.74. Number of nodes 13
EtherApe-INFO: 02:15:47.075: delete node: IP: 172.217.20.13. Number of nodes 12
EtherApe-INFO: 02:16:37.147: New node: IP: 95.216.195.133. Number of nodes 13
EtherApe-INFO: 02:17:17.210: delete node: IP: 142.250.180.195. Number of nodes 12
EtherApe-INFO: 02:17:47.013: New node: IP: 172.217.20.13. Number of nodes 13
EtherApe-INFO: 02:18:35.574: delete node: IP: 142.250.201.206. Number of nodes 12
EtherApe-INFO: 02:18:37.459: delete node: IP: 95.216.195.133. Number of nodes 11
EtherApe-INFO: 02:19:25.365: delete node: IP: 1.1.1.1. Number of nodes 10
EtherApe-INFO: 02:19:28.546: New node: IP: 1.1.1.1. Number of nodes 11
EtherApe-INFO: 02:19:47.300: delete node: IP: 172.217.20.13. Number of nodes 10
EtherApe-INFO: 02:20:03.771: delete node: IP: 172.217.20.10. Number of nodes 9
EtherApe-INFO: 02:21:28.633: delete node: IP: 1.1.1.1. Number of nodes 8
EtherApe-INFO: 02:21:37.337: New node: IP: 95.216.195.133. Number of nodes 9
EtherApe-INFO: 02:21:48.267: New node: IP: 172.217.19.100. Number of nodes 10
EtherApe-INFO: 02:22:21.333: New node: IPv6: fe80::9ada:c4ff:febf:99a5. Number of nodes 11
EtherApe-INFO: 02:22:21.333: New node: IPv6: ff02::1. Number of nodes 12
EtherApe-INFO: 02:23:37.354: delete node: IP: 95.216.195.133. Number of nodes 11
EtherApe-INFO: 02:24:21.664: delete node: IPv6: ff02::1. Number of nodes 10
EtherApe-INFO: 02:24:21.664: delete node: IPv6: fe80::9ada:c4ff:febf:99a5. Number of nodes 9
EtherApe-INFO: 02:25:00.534: New node: IP: 142.250.201.202. Number of nodes 10
EtherApe-INFO: 02:26:06.945: New node: IPv6: fe80::9ada:c4ff:febf:99a5. Number of nodes 11
EtherApe-INFO: 02:26:06.945: New node: IPv6: ff02::1. Number of nodes 12
EtherApe-INFO: 02:26:37.337: New node: IP: 95.216.195.133. Number of nodes 13
EtherApe-INFO: 02:27:00.895: delete node: IP: 142.250.201.202. Number of nodes 12
EtherApe-INFO: 02:27:11.733: New node: IP: 1.1.1.1. Number of nodes 13
EtherApe-INFO: 02:27:11.734: New node: IP: 142.250.180.228. Number of nodes 14
EtherApe-INFO: 02:28:06.960: delete node: IPv6: ff02::1. Number of nodes 13
EtherApe-INFO: 02:28:06.960: delete node: IPv6: fe80::9ada:c4ff:febf:99a5. Number of nodes 12
EtherApe-INFO: 02:28:16.554: delete node: IP: 172.217.19.100. Number of nodes 11
EtherApe-INFO: 02:28:37.392: delete node: IP: 95.216.195.133. Number of nodes 10
EtherApe-INFO: 02:29:11.821: delete node: IP: 1.1.1.1. Number of nodes 9
EtherApe-INFO: 02:29:13.072: delete node: IP: 142.250.180.228. Number of nodes 8
EtherApe-INFO: 02:29:44.267: New node: IP: 1.1.1.1. Number of nodes 9
EtherApe-INFO: 02:31:37.333: New node: IP: 95.216.195.133. Number of nodes 10
EtherApe-INFO: 02:31:44.548: delete node: IP: 1.1.1.1. Number of nodes 9
EtherApe-INFO: 02:33:06.400: New node: IP: 1.1.1.1. Number of nodes 10
EtherApe-INFO: 02:33:37.379: delete node: IP: 95.216.195.133. Number of nodes 9
EtherApe-INFO: 02:34:02.936: New node: IPv6: fe80::9ada:c4ff:febf:99a5. Number of nodes 10
EtherApe-INFO: 02:34:02.937: New node: IPv6: ff02::1. Number of nodes 11
EtherApe-INFO: 02:35:07.281: delete node: IP: 1.1.1.1. Number of nodes 10
EtherApe-INFO: 02:36:03.269: delete node: IPv6: ff02::1. Number of nodes 9
EtherApe-INFO: 02:36:03.269: delete node: IPv6: fe80::9ada:c4ff:febf:99a5. Number of nodes 8
EtherApe-INFO: 02:36:37.333: New node: IP: 95.216.195.133. Number of nodes 9
EtherApe-INFO: 02:38:37.387: delete node: IP: 95.216.195.133. Number of nodes 8
EtherApe-INFO: 02:41:37.336: New node: IP: 95.216.195.133. Number of nodes 9
EtherApe-INFO: 02:42:53.068: New node: IPv6: fe80::9ada:c4ff:febf:99a5. Number of nodes 10
EtherApe-INFO: 02:42:53.068: New node: IPv6: ff02::1. Number of nodes 11
EtherApe-INFO: 02:43:37.438: delete node: IP: 95.216.195.133. Number of nodes 10
EtherApe-INFO: 02:43:50.133: New node: IP: 172.217.19.100. Number of nodes 11
EtherApe-INFO: 02:44:13.600: New node: IP: 142.250.180.195. Number of nodes 12
EtherApe-INFO: 02:44:44.800: New node: IP: 142.250.201.202. Number of nodes 13
EtherApe-INFO: 02:44:54.178: delete node: IPv6: ff02::1. Number of nodes 12
EtherApe-INFO: 02:44:54.178: delete node: IPv6: fe80::9ada:c4ff:febf:99a5. Number of nodes 11
EtherApe-INFO: 02:45:16.805: New node: IP: 142.250.201.206. Number of nodes 12
EtherApe-INFO: 02:45:50.429: delete node: IP: 172.217.19.100. Number of nodes 11
EtherApe-INFO: 02:46:14.667: New node: IP: 1.1.1.1. Number of nodes 12
EtherApe-INFO: 02:46:37.333: New node: IP: 95.216.195.133. Number of nodes 13
EtherApe-INFO: 02:47:17.092: delete node: IP: 142.250.201.206. Number of nodes 12
EtherApe-INFO: 02:47:17.612: delete node: IP: 142.250.180.195. Number of nodes 11
EtherApe-INFO: 02:47:32.097: delete node: IP: 142.250.201.202. Number of nodes 10
EtherApe-INFO: 02:48:15.738: delete node: IP: 1.1.1.1. Number of nodes 9
EtherApe-INFO: 02:48:37.958: delete node: IP: 95.216.195.133. Number of nodes 8
EtherApe-INFO: 02:50:21.600: New node: IPv6: fe80::9ada:c4ff:febf:99a5. Number of nodes 9
EtherApe-INFO: 02:50:21.600: New node: IPv6: ff02::1. Number of nodes 10
EtherApe-INFO: 02:51:37.336: New node: IP: 95.216.195.133. Number of nodes 11
EtherApe-INFO: 02:51:46.401: New node: IP: 1.1.1.1. Number of nodes 12
EtherApe-INFO: 02:52:21.717: delete node: IPv6: ff02::1. Number of nodes 11
EtherApe-INFO: 02:52:21.718: delete node: IPv6: fe80::9ada:c4ff:febf:99a5. Number of nodes 10
EtherApe-INFO: 02:53:37.670: delete node: IP: 95.216.195.133. Number of nodes 9
EtherApe-INFO: 02:54:16.808: New node: IP: 142.250.201.206. Number of nodes 10
EtherApe-INFO: 02:56:16.897: delete node: IP: 1.1.1.1. Number of nodes 9
EtherApe-INFO: 02:56:17.417: delete node: IP: 142.250.201.206. Number of nodes 8
EtherApe-INFO: 02:56:37.333: New node: IP: 95.216.195.133. Number of nodes 9
EtherApe-INFO: 02:58:37.341: delete node: IP: 95.216.195.133. Number of nodes 8
EtherApe-INFO: 02:58:41.071: New node: IPv6: fe80::9ada:c4ff:febf:99a5. Number of nodes 9
EtherApe-INFO: 02:58:41.071: New node: IPv6: ff02::1. Number of nodes 10
EtherApe-INFO: 03:00:41.113: delete node: IPv6: ff02::1. Number of nodes 9
EtherApe-INFO: 03:00:41.113: delete node: IPv6: fe80::9ada:c4ff:febf:99a5. Number of nodes 8
EtherApe-INFO: 03:01:37.336: New node: IP: 95.216.195.133. Number of nodes 9
EtherApe-INFO: 03:02:32.003: New node: IPv6: fe80::9ada:c4ff:febf:99a5. Number of nodes 10
EtherApe-INFO: 03:02:32.003: New node: IPv6: ff02::1. Number of nodes 11
EtherApe-INFO: 03:03:37.370: delete node: IP: 95.216.195.133. Number of nodes 10
EtherApe-INFO: 03:03:47.999: New node: IP: 1.1.1.1. Number of nodes 11
EtherApe-INFO: 03:03:48.000: New node: IP: 142.250.180.228. Number of nodes 12
EtherApe-INFO: 03:04:32.075: delete node: IPv6: ff02::1. Number of nodes 11
EtherApe-INFO: 03:04:32.075: delete node: IPv6: fe80::9ada:c4ff:febf:99a5. Number of nodes 10
EtherApe-INFO: 03:05:48.110: delete node: IP: 142.250.180.228. Number of nodes 9
EtherApe-INFO: 03:05:48.110: delete node: IP: 1.1.1.1. Number of nodes 8
EtherApe-INFO: 03:06:37.333: New node: IP: 95.216.195.133. Number of nodes 9
EtherApe-INFO: 03:08:37.604: delete node: IP: 95.216.195.133. Number of nodes 8
EtherApe-INFO: 03:09:07.755: New node: IPv6: fe80::9ada:c4ff:febf:99a5. Number of nodes 9
EtherApe-INFO: 03:09:07.755: New node: IPv6: ff02::1. Number of nodes 10
EtherApe-INFO: 03:10:00.000: New node: IP: 1.1.1.1. Number of nodes 11
EtherApe-INFO: 03:10:00.000: New node: IP: 142.250.180.206. Number of nodes 12
EtherApe-INFO: 03:11:07.823: delete node: IPv6: ff02::1. Number of nodes 11
EtherApe-INFO: 03:11:07.823: delete node: IPv6: fe80::9ada:c4ff:febf:99a5. Number of nodes 10
EtherApe-INFO: 03:11:37.333: New node: IP: 95.216.195.133. Number of nodes 11
EtherApe-INFO: 03:12:00.096: delete node: IP: 1.1.1.1. Number of nodes 10
EtherApe-INFO: 03:12:01.344: delete node: IP: 142.250.180.206. Number of nodes 9
EtherApe-INFO: 03:12:09.600: New node: IP: 149.154.167.151. Number of nodes 10
EtherApe-INFO: 03:13:37.908: delete node: IP: 95.216.195.133. Number of nodes 9
EtherApe-INFO: 03:13:55.200: New node: IP: 172.217.20.13. Number of nodes 10
EtherApe-INFO: 03:14:01.333: New node: IP: 1.1.1.1. Number of nodes 11
EtherApe-INFO: 03:14:13.600: New node: IP: 142.250.180.195. Number of nodes 12
EtherApe-INFO: 03:15:16.800: New node: IP: 142.250.201.206. Number of nodes 13
EtherApe-INFO: 03:15:48.000: New node: IPv6: fe80::9ada:c4ff:febf:99a5. Number of nodes 14
EtherApe-INFO: 03:15:48.000: New node: IPv6: ff02::1. Number of nodes 15
EtherApe-INFO: 03:16:19.467: New node: IP: 149.154.167.92. Number of nodes 16
EtherApe-INFO: 03:16:34.216: delete node: IP: 149.154.167.151. Number of nodes 15
EtherApe-INFO: 03:16:37.333: New node: IP: 95.216.195.133. Number of nodes 16
EtherApe-INFO: 03:17:17.168: delete node: IP: 142.250.201.206. Number of nodes 15
EtherApe-INFO: 03:17:17.690: delete node: IP: 142.250.180.195. Number of nodes 14
EtherApe-INFO: 03:17:26.152: New node: IP: 142.250.180.206. Number of nodes 15
EtherApe-INFO: 03:17:28.888: delete node: IP: 172.217.20.13. Number of nodes 14
EtherApe-INFO: 03:17:48.017: delete node: IPv6: ff02::1. Number of nodes 13
EtherApe-INFO: 03:17:48.017: delete node: IPv6: fe80::9ada:c4ff:febf:99a5. Number of nodes 12
EtherApe-INFO: 03:17:55.466: New node: IP: 172.217.20.13. Number of nodes 13
EtherApe-INFO: 03:18:36.006: delete node: IP: 149.154.167.92. Number of nodes 12
EtherApe-INFO: 03:18:37.360: delete node: IP: 95.216.195.133. Number of nodes 11
EtherApe-INFO: 03:18:43.475: New node: IP: 142.251.39.10. Number of nodes 12
EtherApe-INFO: 03:19:26.455: delete node: IP: 142.250.180.206. Number of nodes 11
EtherApe-INFO: 03:19:26.455: delete node: IP: 1.1.1.1. Number of nodes 10
EtherApe-INFO: 03:19:55.486: delete node: IP: 172.217.20.13. Number of nodes 9
EtherApe-INFO: 03:21:37.307: New node: IP: 95.216.195.133. Number of nodes 10
EtherApe-INFO: 03:22:17.614: delete node: IP: 142.251.39.74. Number of nodes 9
EtherApe-INFO: 03:23:37.399: delete node: IP: 95.216.195.133. Number of nodes 8
EtherApe-INFO: 03:24:19.173: New node: IPv6: fe80::9ada:c4ff:febf:99a5. Number of nodes 9
EtherApe-INFO: 03:24:19.173: New node: IPv6: ff02::1. Number of nodes 10
EtherApe-INFO: 03:26:07.973: New node: IP: 142.251.39.74. Number of nodes 11
EtherApe-INFO: 03:26:19.538: delete node: IPv6: ff02::1. Number of nodes 10
EtherApe-INFO: 03:26:19.538: delete node: IPv6: fe80::9ada:c4ff:febf:99a5. Number of nodes 9
EtherApe-INFO: 03:26:37.310: New node: IP: 95.216.195.133. Number of nodes 10
EtherApe-INFO: 03:28:37.397: delete node: IP: 95.216.195.133. Number of nodes 9
EtherApe-INFO: 03:29:56.776: New node: IPv6: fe80::9ada:c4ff:febf:99a5. Number of nodes 10
EtherApe-INFO: 03:29:56.776: New node: IPv6: ff02::1. Number of nodes 11
EtherApe-INFO: 03:29:58.185: delete node: IP: 142.251.39.74. Number of nodes 10
EtherApe-INFO: 03:31:13.573: New node: IP: 1.1.1.1. Number of nodes 11
EtherApe-INFO: 03:31:37.310: New node: IP: 95.216.195.133. Number of nodes 12
EtherApe-INFO: 03:31:50.373: New node: IP: 142.251.39.74. Number of nodes 13
EtherApe-INFO: 03:31:58.122: delete node: IPv6: ff02::1. Number of nodes 12
EtherApe-INFO: 03:31:58.122: delete node: IPv6: fe80::9ada:c4ff:febf:99a5. Number of nodes 11
EtherApe-INFO: 03:32:53.839: New node: IP: 172.217.19.100. Number of nodes 12
EtherApe-INFO: 03:33:37.634: delete node: IP: 95.216.195.133. Number of nodes 11
EtherApe-INFO: 03:34:53.844: delete node: IP: 1.1.1.1. Number of nodes 10
EtherApe-INFO: 03:34:54.156: delete node: IP: 172.217.19.100. Number of nodes 9
EtherApe-INFO: 03:35:28.557: delete node: IP: 142.251.39.74. Number of nodes 8
EtherApe-INFO: 03:36:37.306: New node: IP: 95.216.195.133. Number of nodes 9
EtherApe-INFO: 03:36:48.510: New node: IPv6: fe80::9ada:c4ff:febf:99a5. Number of nodes 10
EtherApe-INFO: 03:36:48.510: New node: IPv6: ff02::1. Number of nodes 11
EtherApe-INFO: 03:38:17.841: New node: IP: 1.1.1.1. Number of nodes 12
EtherApe-INFO: 03:38:18.639: New node: IP: 202.158.214.106. Number of nodes 13
EtherApe-INFO: 03:38:37.309: New node: IP: 95.216.144.15. Number of nodes 14
EtherApe-INFO: 03:38:37.377: delete node: IP: 95.216.195.133. Number of nodes 13
EtherApe-INFO: 03:38:49.615: delete node: IPv6: ff02::1. Number of nodes 12
EtherApe-INFO: 03:38:49.615: delete node: IPv6: fe80::9ada:c4ff:febf:99a5. Number of nodes 11
EtherApe-INFO: 03:38:50.909: New node: IP: 172.217.19.100. Number of nodes 12
EtherApe-INFO: 03:39:26.376: New node: IP: 142.251.39.74. Number of nodes 13
EtherApe-INFO: 03:40:19.713: delete node: IP: 1.1.1.1. Number of nodes 12
EtherApe-INFO: 03:40:32.536: delete node: IP: 202.158.214.106. Number of nodes 11
EtherApe-INFO: 03:40:37.857: delete node: IP: 95.216.144.15. Number of nodes 10
EtherApe-INFO: 03:41:37.264: New node: IP: 95.216.195.133. Number of nodes 11
EtherApe-INFO: 03:41:39.389: New node: IPv6: fe80::9ada:c4ff:febf:99a5. Number of nodes 12
EtherApe-INFO: 03:41:39.389: New node: IPv6: ff02::1. Number of nodes 13
EtherApe-INFO: 03:43:34.879: delete node: IP: 142.251.39.74. Number of nodes 12
EtherApe-INFO: 03:43:37.588: delete node: IP: 95.216.195.133. Number of nodes 11
EtherApe-INFO: 03:43:40.291: delete node: IPv6: ff02::1. Number of nodes 10
EtherApe-INFO: 03:43:40.291: delete node: IPv6: fe80::9ada:c4ff:febf:99a5. Number of nodes 9
EtherApe-INFO: 03:44:13.786: New node: IP: 142.250.180.195. Number of nodes 10
EtherApe-INFO: 03:45:08.986: New node: IP: 142.251.39.74. Number of nodes 11
EtherApe-INFO: 03:45:16.986: New node: IP: 142.250.201.206. Number of nodes 12
EtherApe-INFO: 03:46:37.263: New node: IP: 95.216.195.133. Number of nodes 13
EtherApe-INFO: 03:47:10.323: New node: IP: 1.1.1.1. Number of nodes 14
EtherApe-INFO: 03:47:17.077: delete node: IP: 142.250.201.206. Number of nodes 13
EtherApe-INFO: 03:47:18.651: delete node: IP: 142.250.180.195. Number of nodes 12
EtherApe-INFO: 03:48:35.404: New node: IP: 142.251.39.14. Number of nodes 13
EtherApe-INFO: 03:48:37.290: delete node: IP: 95.216.195.133. Number of nodes 12
EtherApe-INFO: 03:49:06.853: New node: IPv6: fe80::9ada:c4ff:febf:99a5. Number of nodes 13
EtherApe-INFO: 03:49:06.853: New node: IPv6: ff02::1. Number of nodes 14
EtherApe-INFO: 03:49:10.358: delete node: IP: 1.1.1.1. Number of nodes 13
EtherApe-INFO: 03:49:50.589: New node: IP: 1.1.1.1. Number of nodes 14
EtherApe-INFO: 03:50:31.398: delete node: IP: 142.251.39.74. Number of nodes 13
EtherApe-INFO: 03:51:05.870: delete node: IP: 142.251.39.14. Number of nodes 12
EtherApe-INFO: 03:51:06.912: delete node: IPv6: ff02::1. Number of nodes 11
EtherApe-INFO: 03:51:06.912: delete node: IPv6: fe80::9ada:c4ff:febf:99a5. Number of nodes 10
EtherApe-INFO: 03:51:15.659: New node: IP: 142.251.39.14. Number of nodes 11
EtherApe-INFO: 03:51:15.680: delete node: IP: 172.217.19.100. Number of nodes 10
EtherApe-INFO: 03:51:37.253: New node: IP: 95.216.195.133. Number of nodes 11
EtherApe-INFO: 03:51:50.901: delete node: IP: 1.1.1.1. Number of nodes 10
EtherApe-INFO: 03:52:32.456: New node: IP: 142.251.39.74. Number of nodes 11
EtherApe-INFO: 03:53:38.643: delete node: IP: 95.216.195.133. Number of nodes 10
EtherApe-INFO: 03:53:45.862: delete node: IP: 142.251.39.14. Number of nodes 9
EtherApe-INFO: 03:54:56.719: New node: IP: 142.251.39.14. Number of nodes 10
EtherApe-INFO: 03:56:03.753: delete node: IP: 142.251.39.74. Number of nodes 9
EtherApe-INFO: 03:56:37.253: New node: IP: 95.216.195.133. Number of nodes 10
EtherApe-INFO: 03:56:56.812: delete node: IP: 142.251.39.14. Number of nodes 9
EtherApe-INFO: 03:57:18.319: New node: IPv6: fe80::9ada:c4ff:febf:99a5. Number of nodes 10
EtherApe-INFO: 03:57:18.319: New node: IPv6: ff02::1. Number of nodes 11
EtherApe-INFO: 03:58:21.790: New node: IP: 1.1.1.1. Number of nodes 12
EtherApe-INFO: 03:58:21.790: New node: IP: 142.250.180.206. Number of nodes 13
EtherApe-INFO: 03:58:33.791: New node: IP: 142.251.39.74. Number of nodes 14
EtherApe-INFO: 03:58:37.581: delete node: IP: 95.216.195.133. Number of nodes 13
EtherApe-INFO: 03:59:18.392: delete node: IPv6: ff02::1. Number of nodes 12
EtherApe-INFO: 03:59:18.392: delete node: IPv6: fe80::9ada:c4ff:febf:99a5. Number of nodes 11
EtherApe-INFO: 04:00:21.865: delete node: IP: 1.1.1.1. Number of nodes 10
EtherApe-INFO: 04:00:22.075: delete node: IP: 142.250.180.206. Number of nodes 9
EtherApe-INFO: 04:00:35.412: delete node: IP: 142.251.39.74. Number of nodes 8
EtherApe-INFO: 04:01:37.253: New node: IP: 95.216.195.133. Number of nodes 9
EtherApe-INFO: 04:03:37.335: delete node: IP: 95.216.195.133. Number of nodes 8
EtherApe-INFO: 04:05:19.120: New node: IP: 142.251.39.74. Number of nodes 9
EtherApe-INFO: 04:06:26.507: New node: IPv6: fe80::9ada:c4ff:febf:99a5. Number of nodes 10
EtherApe-INFO: 04:06:26.507: New node: IPv6: ff02::1. Number of nodes 11
EtherApe-INFO: 04:06:37.173: New node: IP: 95.216.195.133. Number of nodes 12
EtherApe-INFO: 04:07:02.776: New node: IP: 1.1.1.1. Number of nodes 13
EtherApe-INFO: 04:08:27.068: delete node: IPv6: ff02::1. Number of nodes 12
EtherApe-INFO: 04:08:27.068: delete node: IPv6: fe80::9ada:c4ff:febf:99a5. Number of nodes 11
EtherApe-INFO: 04:08:32.385: delete node: IP: 142.251.39.74. Number of nodes 10
EtherApe-INFO: 04:08:37.807: delete node: IP: 95.216.195.133. Number of nodes 9
EtherApe-INFO: 04:09:01.449: New node: IP: 142.251.39.74. Number of nodes 10
EtherApe-INFO: 04:09:03.136: delete node: IP: 1.1.1.1. Number of nodes 9
EtherApe-INFO: 04:11:37.176: New node: IP: 95.216.195.133. Number of nodes 10
EtherApe-INFO: 04:12:41.755: delete node: IP: 142.251.39.74. Number of nodes 9
EtherApe-INFO: 04:13:19.306: New node: IPv6: fe80::9ada:c4ff:febf:99a5. Number of nodes 10
EtherApe-INFO: 04:13:19.306: New node: IPv6: ff02::1. Number of nodes 11
EtherApe-INFO: 04:13:37.787: delete node: IP: 95.216.195.133. Number of nodes 10
EtherApe-INFO: 04:14:05.173: New node: IP: 172.217.20.13. Number of nodes 11
EtherApe-INFO: 04:14:13.706: New node: IP: 142.250.180.195. Number of nodes 12
EtherApe-INFO: 04:15:16.910: New node: IP: 142.250.201.206. Number of nodes 13
EtherApe-INFO: 04:15:19.362: delete node: IPv6: ff02::1. Number of nodes 12
EtherApe-INFO: 04:15:19.362: delete node: IPv6: fe80::9ada:c4ff:febf:99a5. Number of nodes 11
EtherApe-INFO: 04:16:37.173: New node: IP: 95.216.195.133. Number of nodes 12
EtherApe-INFO: 04:17:01.439: New node: IP: 142.251.39.74. Number of nodes 13
EtherApe-INFO: 04:17:05.775: delete node: IP: 172.217.20.13. Number of nodes 12
EtherApe-INFO: 04:17:17.799: delete node: IP: 142.250.201.206. Number of nodes 11
EtherApe-INFO: 04:17:18.009: delete node: IP: 142.250.180.195. Number of nodes 10
EtherApe-INFO: 04:17:32.909: New node: IPv6: fe80::9ada:c4ff:febf:99a5. Number of nodes 11
EtherApe-INFO: 04:17:32.909: New node: IPv6: ff02::1. Number of nodes 12
EtherApe-INFO: 04:18:05.442: New node: IP: 172.217.20.13. Number of nodes 13
EtherApe-INFO: 04:18:37.792: delete node: IP: 95.216.195.133. Number of nodes 12
EtherApe-INFO: 04:18:55.016: New node: IP: 1.1.1.1. Number of nodes 13
EtherApe-INFO: 04:18:55.016: New node: IP: 142.250.201.206. Number of nodes 14
EtherApe-INFO: 04:19:01.745: delete node: IP: 142.251.39.74. Number of nodes 13
EtherApe-INFO: 04:19:33.686: delete node: IPv6: ff02::1. Number of nodes 12
EtherApe-INFO: 04:19:33.686: delete node: IPv6: fe80::9ada:c4ff:febf:99a5. Number of nodes 11
EtherApe-INFO: 04:19:49.680: New node: IP: 142.251.39.74. Number of nodes 12
EtherApe-INFO: 04:19:55.013: New node: IP: 172.217.19.100. Number of nodes 13
EtherApe-INFO: 04:20:05.999: delete node: IP: 172.217.20.13. Number of nodes 12
EtherApe-INFO: 04:20:55.873: delete node: IP: 142.250.201.206. Number of nodes 11
EtherApe-INFO: 04:21:37.146: New node: IP: 95.216.195.133. Number of nodes 12
EtherApe-INFO: 04:21:50.009: delete node: IP: 142.251.39.74. Number of nodes 11
EtherApe-INFO: 04:21:55.344: delete node: IP: 172.217.19.100. Number of nodes 10
EtherApe-INFO: 04:21:55.345: delete node: IP: 1.1.1.1. Number of nodes 9
EtherApe-INFO: 04:22:40.883: New node: IPv6: fe80::9ada:c4ff:febf:99a5. Number of nodes 10
EtherApe-INFO: 04:22:40.883: New node: IPv6: ff02::1. Number of nodes 11
EtherApe-INFO: 04:23:37.477: delete node: IP: 95.216.195.133. Number of nodes 10
EtherApe-INFO: 04:24:41.745: delete node: IPv6: ff02::1. Number of nodes 9
EtherApe-INFO: 04:24:41.745: delete node: IPv6: fe80::9ada:c4ff:febf:99a5. Number of nodes 8
EtherApe-INFO: 04:26:37.171: New node: IP: 95.216.195.133. Number of nodes 9
EtherApe-INFO: 04:27:00.346: New node: IPv6: fe80::9ada:c4ff:febf:99a5. Number of nodes 10
EtherApe-INFO: 04:27:00.346: New node: IPv6: ff02::1. Number of nodes 11
EtherApe-INFO: 04:28:12.616: New node: IP: 142.250.180.206. Number of nodes 12
EtherApe-INFO: 04:28:37.489: delete node: IP: 95.216.195.133. Number of nodes 11
EtherApe-INFO: 04:28:59.016: New node: IP: 142.251.39.74. Number of nodes 12
EtherApe-INFO: 04:29:00.665: delete node: IPv6: ff02::1. Number of nodes 11
EtherApe-INFO: 04:29:00.665: delete node: IPv6: fe80::9ada:c4ff:febf:99a5. Number of nodes 10
EtherApe-INFO: 04:30:37.149: New node: IPv6: fe80::9ada:c4ff:febf:99a5. Number of nodes 11
EtherApe-INFO: 04:30:37.149: New node: IPv6: ff02::1. Number of nodes 12
EtherApe-INFO: 04:31:37.146: New node: IP: 95.216.195.133. Number of nodes 13
EtherApe-INFO: 04:31:52.666: delete node: IP: 142.251.39.74. Number of nodes 12
EtherApe-INFO: 04:32:37.732: delete node: IPv6: ff02::1. Number of nodes 11
EtherApe-INFO: 04:32:37.732: delete node: IPv6: fe80::9ada:c4ff:febf:99a5. Number of nodes 10
EtherApe-INFO: 04:33:37.701: delete node: IP: 95.216.195.133. Number of nodes 9
EtherApe-INFO: 04:33:43.875: delete node: IP: 142.250.180.238. Number of nodes 8
EtherApe-INFO: 04:33:54.189: New node: IP: 149.154.167.50. Number of nodes 9
EtherApe-INFO: 15:17:03.634: New node: IP: 0.0.0.0. Number of nodes 10
EtherApe-INFO: 15:17:03.636: New node: IP: 255.255.255.255. Number of nodes 11
EtherApe-INFO: 15:17:03.642: delete node: IP: 239.255.255.250. Number of nodes 10
EtherApe-INFO: 15:17:03.642: delete node: IP: 212.102.33.115. Number of nodes 9
EtherApe-INFO: 15:17:03.642: delete node: IP: 192.168.2.234. Number of nodes 8
EtherApe-INFO: 15:17:03.642: delete node: IP: 149.154.167.51. Number of nodes 7
EtherApe-INFO: 15:17:03.642: delete node: IP: 149.154.167.50. Number of nodes 6
EtherApe-INFO: 15:17:03.642: delete node: IP: 142.251.39.10. Number of nodes 5
EtherApe-INFO: 15:17:03.642: delete node: IP: 142.251.39.4. Number of nodes 4
EtherApe-INFO: 15:17:03.642: delete node: IP: 142.250.180.206. Number of nodes 3
EtherApe-INFO: 15:17:03.642: delete node: IP: 8.8.8.8. Number of nodes 2
EtherApe-INFO: 15:17:53.500: New node: IP: 192.168.1.1. Number of nodes 3
EtherApe-INFO: 15:17:53.500: New node: IP: 192.168.1.255. Number of nodes 4
EtherApe-INFO: 15:18:21.767: New node: IPv6: fe80::86d8:1bff:fe8a:3173. Number of nodes 5
EtherApe-INFO: 15:18:21.767: New node: IPv6: ff02::1. Number of nodes 6
EtherApe-INFO: 15:18:34.034: New node: IP: 192.168.1.116. Number of nodes 7
EtherApe-INFO: 15:18:34.034: New node: IP: 8.8.8.8. Number of nodes 8
EtherApe-INFO: 15:18:34.034: New node: IP: 149.154.175.100. Number of nodes 9
EtherApe-INFO: 15:18:34.034: New node: IP: 149.154.167.50. Number of nodes 10
EtherApe-INFO: 15:18:34.034: New node: IP: 149.154.167.51. Number of nodes 11
EtherApe-INFO: 15:18:34.300: New node: IP: 95.216.195.133. Number of nodes 12
EtherApe-INFO: 15:18:34.302: New node: IP: 212.102.33.115. Number of nodes 13
EtherApe-INFO: 15:18:34.572: New node: IP: 35.201.97.85. Number of nodes 14
EtherApe-INFO: 15:18:34.576: New node: IP: 239.255.255.250. Number of nodes 15
EtherApe-INFO: 15:18:35.101: New node: IP: 5.28.194.216. Number of nodes 16
EtherApe-INFO: 15:18:35.367: New node: IP: 149.154.167.151. Number of nodes 17
EtherApe-INFO: 15:18:37.234: New node: IP: 142.250.180.238. Number of nodes 18
EtherApe-INFO: 15:18:37.505: New node: IP: 142.251.39.4. Number of nodes 19
EtherApe-INFO: 15:18:37.767: New node: IP: 224.0.0.251. Number of nodes 20
EtherApe-INFO: 15:19:46.514: New node: IP: 172.217.20.10. Number of nodes 21
EtherApe-INFO: 15:19:46.781: New node: IP: 172.217.20.13. Number of nodes 22
EtherApe-INFO: 15:19:54.578: delete node: IP: 192.168.1.255. Number of nodes 21
EtherApe-INFO: 15:20:34.212: delete node: IP: 255.255.255.255. Number of nodes 20
EtherApe-INFO: 15:20:34.213: delete node: IP: 192.168.1.1. Number of nodes 19
EtherApe-INFO: 15:20:34.213: delete node: IP: 95.216.195.133. Number of nodes 18
EtherApe-INFO: 15:20:34.213: delete node: IP: 0.0.0.0. Number of nodes 17
EtherApe-INFO: 15:20:35.576: delete node: IP: 149.154.175.100. Number of nodes 16
EtherApe-INFO: 15:20:35.576: delete node: IP: 35.201.97.85. Number of nodes 15
EtherApe-INFO: 15:20:35.576: delete node: IP: 5.28.194.216. Number of nodes 14
EtherApe-INFO: 15:20:44.070: delete node: IP: 224.0.0.251. Number of nodes 13
EtherApe-INFO: 15:20:55.071: delete node: IPv6: ff02::1. Number of nodes 12
EtherApe-INFO: 15:20:55.071: delete node: IPv6: fe80::86d8:1bff:fe8a:3173. Number of nodes 11
EtherApe-INFO: 15:21:41.395: New node: IP: 142.251.39.46. Number of nodes 12
EtherApe-INFO: 15:21:47.018: delete node: IP: 172.217.20.13. Number of nodes 11
EtherApe-INFO: 15:22:31.900: New node: IP: 149.154.165.111. Number of nodes 12
EtherApe-INFO: 15:22:43.031: New node: IP: 172.217.19.100. Number of nodes 13
EtherApe-INFO: 15:23:34.221: New node: IP: 95.216.195.133. Number of nodes 14
EtherApe-INFO: 15:23:47.020: New node: IP: 172.217.20.13. Number of nodes 15
EtherApe-INFO: 15:24:27.116: delete node: IP: 149.154.167.50. Number of nodes 14
EtherApe-INFO: 15:25:22.754: New node: IP: 202.158.214.106. Number of nodes 15
EtherApe-INFO: 15:25:22.765: delete node: IP: 149.154.165.111. Number of nodes 14
EtherApe-INFO: 15:25:33.990: delete node: IP: 142.251.39.46. Number of nodes 13
EtherApe-INFO: 15:25:35.035: delete node: IP: 95.216.195.133. Number of nodes 12
EtherApe-INFO: 15:25:36.712: delete node: IP: 149.154.167.151. Number of nodes 11
EtherApe-INFO: 15:25:48.669: delete node: IP: 172.217.20.13. Number of nodes 10
EtherApe-INFO: 15:26:32.087: New node: IP: 1.1.1.1. Number of nodes 11
EtherApe-INFO: 15:26:32.087: New node: IP: 142.250.201.206. Number of nodes 12
EtherApe-INFO: 15:27:04.087: New node: IP: 95.216.144.15. Number of nodes 13
EtherApe-INFO: 15:27:06.487: New node: IP: 142.250.180.195. Number of nodes 14
EtherApe-INFO: 15:27:26.220: New node: IP: 149.154.167.151. Number of nodes 15
EtherApe-INFO: 15:27:33.421: New node: IPv6: fe80::86d8:1bff:fe8a:3173. Number of nodes 16
EtherApe-INFO: 15:27:33.421: New node: IPv6: ff02::1. Number of nodes 17
EtherApe-INFO: 15:28:09.688: New node: IP: 172.217.20.14. Number of nodes 18
EtherApe-INFO: 15:28:33.424: delete node: IP: 142.250.201.206. Number of nodes 17
EtherApe-INFO: 15:28:33.424: delete node: IP: 1.1.1.1. Number of nodes 16
EtherApe-INFO: 15:28:34.220: New node: IP: 95.216.195.133. Number of nodes 17
EtherApe-INFO: 15:29:04.144: delete node: IP: 202.158.214.106. Number of nodes 16
EtherApe-INFO: 15:29:04.670: delete node: IP: 95.216.144.15. Number of nodes 15
EtherApe-INFO: 15:29:33.154: New node: IP: 142.250.201.202. Number of nodes 16
EtherApe-INFO: 15:29:33.496: delete node: IPv6: ff02::1. Number of nodes 15
EtherApe-INFO: 15:29:33.496: delete node: IPv6: fe80::86d8:1bff:fe8a:3173. Number of nodes 14
EtherApe-INFO: 15:29:41.433: delete node: IP: 149.154.167.151. Number of nodes 13
