(etherape:19539): GLib-GIO-DEBUG: 17:48:27.025: _g_io_module_get_default: Found default implementation local (GLocalVfs) for ‘gio-vfs’
EtherApe-INFO: 17:48:27.150: sctp protocol not supported
EtherApe-INFO: 17:48:27.150: dccp protocol not supported
EtherApe-INFO: 17:48:27.150: sctp protocol not supported
EtherApe-INFO: 17:48:27.150: sctp protocol not supported
EtherApe-INFO: 17:48:27.150: sctp protocol not supported
EtherApe-INFO: 17:48:27.150: sctp protocol not supported
EtherApe-INFO: 17:48:27.150: sctp protocol not supported
EtherApe-INFO: 17:48:27.150: sctp protocol not supported
EtherApe-INFO: 17:48:27.150: sctp protocol not supported
EtherApe-INFO: 17:48:27.150: dccp protocol not supported
EtherApe-INFO: 17:48:27.150: sctp protocol not supported
EtherApe-INFO: 17:48:27.150: dccp protocol not supported
EtherApe-INFO: 17:48:27.150: dccp protocol not supported
EtherApe-INFO: 17:48:27.150: sctp protocol not supported
EtherApe-INFO: 17:48:27.151: sctp protocol not supported
EtherApe-INFO: 17:48:27.151: sctp protocol not supported
EtherApe-INFO: 17:48:27.151: sctp protocol not supported
EtherApe-INFO: 17:48:27.151: sctp protocol not supported
EtherApe-INFO: 17:48:27.152: sctp protocol not supported
EtherApe-INFO: 17:48:27.152: sctp protocol not supported
EtherApe-INFO: 17:48:27.152: sctp protocol not supported
EtherApe-INFO: 17:48:27.152: sctp protocol not supported
EtherApe-INFO: 17:48:27.152: sctp protocol not supported
EtherApe-INFO: 17:48:27.152: sctp protocol not supported
EtherApe-INFO: 17:48:27.153: sctp protocol not supported
EtherApe-INFO: 17:48:27.153: sctp protocol not supported
EtherApe-INFO: 17:48:27.153: sctp protocol not supported
EtherApe-INFO: 17:48:27.153: sctp protocol not supported
EtherApe-INFO: 17:48:27.153: dccp protocol not supported
EtherApe-INFO: 17:48:27.153: sctp protocol not supported
EtherApe-INFO: 17:48:27.153: sctp protocol not supported
EtherApe-INFO: 17:48:27.153: dccp protocol not supported
EtherApe-INFO: 17:48:27.153: sctp protocol not supported
EtherApe-INFO: 17:48:27.153: sctp protocol not supported
EtherApe-INFO: 17:48:27.153: sctp protocol not supported
EtherApe-INFO: 17:48:27.153: dccp protocol not supported
EtherApe-INFO: 17:48:27.153: dccp protocol not supported
EtherApe-INFO: 17:48:27.153: sctp protocol not supported
EtherApe-INFO: 17:48:27.153: sctp protocol not supported
EtherApe-INFO: 17:48:27.153: sctp protocol not supported
EtherApe-INFO: 17:48:27.153: sctp protocol not supported
EtherApe-INFO: 17:48:27.153: sctp protocol not supported
EtherApe-INFO: 17:48:27.153: sctp protocol not supported
EtherApe-INFO: 17:48:27.153: sctp protocol not supported
EtherApe-INFO: 17:48:27.153: sctp protocol not supported
EtherApe-INFO: 17:48:27.154: sctp protocol not supported
EtherApe-INFO: 17:48:27.154: sctp protocol not supported
EtherApe-INFO: 17:48:27.154: sctp protocol not supported
EtherApe-INFO: 17:48:27.154: sctp protocol not supported
EtherApe-INFO: 17:48:27.154: sctp protocol not supported
EtherApe-INFO: 17:48:27.154: dccp protocol not supported
EtherApe-INFO: 17:48:27.154: sctp protocol not supported
EtherApe-INFO: 17:48:27.154: sctp protocol not supported
EtherApe-INFO: 17:48:27.154: sctp protocol not supported
EtherApe-INFO: 17:48:27.154: sctp protocol not supported
EtherApe-INFO: 17:48:27.154: sctp protocol not supported
EtherApe-INFO: 17:48:27.154: sctp protocol not supported
EtherApe-INFO: 17:48:27.154: sctp protocol not supported
EtherApe-INFO: 17:48:27.154: sctp protocol not supported
EtherApe-INFO: 17:48:27.154: sctp protocol not supported
EtherApe-INFO: 17:48:27.154: sctp protocol not supported
EtherApe-INFO: 17:48:27.154: sctp protocol not supported
EtherApe-INFO: 17:48:27.154: sctp protocol not supported
EtherApe-INFO: 17:48:27.154: sctp protocol not supported
EtherApe-INFO: 17:48:27.154: sctp protocol not supported
EtherApe-INFO: 17:48:27.154: sctp protocol not supported
EtherApe-INFO: 17:48:27.154: sctp protocol not supported
EtherApe-INFO: 17:48:27.154: sctp protocol not supported
EtherApe-INFO: 17:48:27.154: sctp protocol not supported
EtherApe-INFO: 17:48:27.155: sctp protocol not supported
EtherApe-INFO: 17:48:27.155: sctp protocol not supported
EtherApe-INFO: 17:48:27.155: sctp protocol not supported
EtherApe-INFO: 17:48:27.155: sctp protocol not supported
EtherApe-INFO: 17:48:27.155: sctp protocol not supported
EtherApe-INFO: 17:48:27.155: sctp protocol not supported
EtherApe-INFO: 17:48:27.155: sctp protocol not supported
EtherApe-INFO: 17:48:27.155: sctp protocol not supported
EtherApe-INFO: 17:48:27.155: sctp protocol not supported
EtherApe-INFO: 17:48:27.155: sctp protocol not supported
EtherApe-INFO: 17:48:27.155: sctp protocol not supported
EtherApe-INFO: 17:48:27.155: sctp protocol not supported
EtherApe-INFO: 17:48:27.155: sctp protocol not supported
EtherApe-INFO: 17:48:27.155: sctp protocol not supported
EtherApe-INFO: 17:48:27.155: sctp protocol not supported
EtherApe-INFO: 17:48:27.155: sctp protocol not supported
EtherApe-INFO: 17:48:27.155: sctp protocol not supported
EtherApe-INFO: 17:48:27.155: sctp protocol not supported
EtherApe-INFO: 17:48:27.163: get_interface result: ''
EtherApe-INFO: 17:48:27.163: Available interfaces for capture: dbus-session dbus-system nfqueue nflog bluetooth-monitor lo any enp1s0f4u1u2
EtherApe-INFO: 17:48:27.206: Link type is LINUX_SLL
EtherApe-INFO: 17:48:27.207: Diagram started
EtherApe-INFO: 17:48:27.700: New node: IP: 192.168.1.116. Number of nodes 1
EtherApe-INFO: 17:48:27.700: New node: IP: 149.154.167.50. Number of nodes 2
EtherApe-INFO: 17:48:27.701: New node: IP: 8.8.8.8. Number of nodes 3
EtherApe-INFO: 17:48:27.703: New node: IP: 172.217.20.163. Number of nodes 4
EtherApe-INFO: 17:48:28.500: New node: IP: 142.250.203.142. Number of nodes 5
EtherApe-INFO: 17:48:29.300: New node: IP: 185.199.108.154. Number of nodes 6
EtherApe-INFO: 17:48:29.567: New node: IP: 216.58.208.202. Number of nodes 7
EtherApe-INFO: 17:48:29.567: New node: IP: 104.18.12.33. Number of nodes 8
EtherApe-INFO: 17:48:34.101: New node: IP: 149.154.167.51. Number of nodes 9
EtherApe-INFO: 17:48:34.367: New node: IP: 173.194.222.188. Number of nodes 10
EtherApe-INFO: 17:48:37.833: New node: IP: 172.217.20.165. Number of nodes 11
EtherApe-INFO: 17:48:39.167: New node: IP: 140.82.114.21. Number of nodes 12
EtherApe-INFO: 17:48:44.233: New node: IP: 172.217.16.10. Number of nodes 13
EtherApe-INFO: 17:48:45.035: New node: IP: 142.250.203.206. Number of nodes 14
EtherApe-INFO: 17:48:45.568: New node: IP: 142.250.186.196. Number of nodes 15
EtherApe-INFO: 17:48:46.366: New node: IP: 185.199.111.133. Number of nodes 16
EtherApe-INFO: 17:48:46.900: New node: IP: 239.255.255.250. Number of nodes 17
EtherApe-INFO: 17:48:49.567: New node: IP: 140.82.121.6. Number of nodes 18
EtherApe-INFO: 17:48:53.033: New node: IP: 100.24.181.185. Number of nodes 19
EtherApe-INFO: 17:48:54.900: New node: IP: 54.192.230.120. Number of nodes 20
EtherApe-INFO: 17:48:58.635: New node: IP: 172.217.20.202. Number of nodes 21
EtherApe-INFO: 17:48:59.967: New node: IP: 140.82.112.25. Number of nodes 22
EtherApe-INFO: 17:49:01.567: New node: IP: 74.125.205.188. Number of nodes 23
EtherApe-INFO: 17:49:06.634: New node: IP: 140.82.121.4. Number of nodes 24
EtherApe-INFO: 17:49:07.701: New node: IP: 52.94.216.116. Number of nodes 25
EtherApe-INFO: 17:49:08.768: New node: IP: 3.3.9.1. Number of nodes 26
EtherApe-INFO: 17:49:22.901: New node: IP: 216.58.215.106. Number of nodes 27
EtherApe-INFO: 17:49:29.033: New node: IP: 173.249.33.207. Number of nodes 28
EtherApe-INFO: 17:49:47.967: New node: IP: 95.216.195.133. Number of nodes 29
EtherApe-INFO: 17:50:24.768: New node: IP: 142.250.186.202. Number of nodes 30
EtherApe-INFO: 17:50:39.434: New node: IP: 140.82.114.22. Number of nodes 31
EtherApe-INFO: 17:50:39.435: New node: IP: 140.82.113.25. Number of nodes 32
EtherApe-INFO: 17:50:39.436: New node: IP: 140.82.121.5. Number of nodes 33
EtherApe-INFO: 17:50:41.039: New node: IP: 142.250.203.202. Number of nodes 34
EtherApe-INFO: 17:50:41.306: New node: IP: 13.107.42.16. Number of nodes 35
EtherApe-INFO: 17:50:46.901: New node: IP: 216.58.209.3. Number of nodes 36
EtherApe-INFO: 17:50:49.301: New node: IP: 216.58.208.206. Number of nodes 37
EtherApe-INFO: 17:50:50.102: New node: IP: 74.125.131.113. Number of nodes 38
EtherApe-INFO: 17:50:51.700: New node: IP: 54.192.230.116. Number of nodes 39
EtherApe-INFO: 17:50:52.234: New node: IP: 3.3.8.1. Number of nodes 40
EtherApe-INFO: 17:50:58.639: delete node: IP: 172.217.16.10. Number of nodes 39
EtherApe-INFO: 17:51:09.033: New node: IP: 172.217.16.45. Number of nodes 40
EtherApe-INFO: 17:51:17.591: delete node: IP: 140.82.121.6. Number of nodes 39
EtherApe-INFO: 17:51:17.591: delete node: IP: 140.82.114.21. Number of nodes 38
EtherApe-INFO: 17:51:19.436: New node: IP: 142.250.75.3. Number of nodes 39
EtherApe-INFO: 17:51:19.446: New node: IP: 172.217.16.46. Number of nodes 40
EtherApe-INFO: 17:51:20.276: New node: IP: 142.250.203.129. Number of nodes 41
EtherApe-INFO: 17:51:20.282: New node: IP: 216.58.209.10. Number of nodes 42
EtherApe-INFO: 17:51:21.567: New node: IP: 216.58.209.14. Number of nodes 43
EtherApe-INFO: 17:51:23.715: delete node: IP: 216.58.215.106. Number of nodes 42
EtherApe-INFO: 17:51:27.971: New node: IP: 172.217.16.10. Number of nodes 43
EtherApe-INFO: 17:51:28.773: New node: IP: 64.233.162.189. Number of nodes 44
EtherApe-INFO: 17:51:29.045: delete node: IP: 173.249.33.207. Number of nodes 43
EtherApe-INFO: 17:51:29.317: New node: IP: 142.250.75.14. Number of nodes 44
EtherApe-INFO: 17:51:39.701: New node: IP: 216.58.215.74. Number of nodes 45
EtherApe-INFO: 17:51:48.504: delete node: IP: 95.216.195.133. Number of nodes 44
EtherApe-INFO: 17:52:13.877: delete node: IP: 3.3.9.1. Number of nodes 43
EtherApe-INFO: 17:52:24.504: New node: IP: 149.154.167.223. Number of nodes 44
EtherApe-INFO: 17:52:25.110: delete node: IP: 142.250.186.202. Number of nodes 43
EtherApe-INFO: 17:52:28.770: New node: IP: 142.250.75.10. Number of nodes 44
EtherApe-INFO: 17:52:38.943: delete node: IP: 54.192.230.120. Number of nodes 43
EtherApe-INFO: 17:52:38.944: delete node: IP: 52.94.216.116. Number of nodes 42
EtherApe-INFO: 17:52:39.486: delete node: IP: 140.82.112.25. Number of nodes 41
EtherApe-INFO: 17:52:53.656: delete node: IP: 74.125.131.113. Number of nodes 40
EtherApe-INFO: 17:53:01.846: delete node: IP: 142.250.203.202. Number of nodes 39
EtherApe-INFO: 17:53:05.569: New node: IP: 149.154.165.111. Number of nodes 40
EtherApe-INFO: 17:53:11.968: New node: IP: 172.217.20.195. Number of nodes 41
EtherApe-INFO: 17:53:11.968: New node: IP: 142.250.186.195. Number of nodes 42
EtherApe-INFO: 17:53:12.237: New node: IP: 216.239.32.116. Number of nodes 43
EtherApe-INFO: 17:53:28.771: New node: IP: 142.250.186.202. Number of nodes 44
EtherApe-INFO: 17:53:29.875: delete node: IP: 142.250.75.3. Number of nodes 43
EtherApe-INFO: 17:53:40.015: delete node: IP: 216.58.209.14. Number of nodes 42
EtherApe-INFO: 17:53:49.567: New node: IP: 142.250.203.202. Number of nodes 43
EtherApe-INFO: 17:54:06.167: delete node: IP: 172.217.16.46. Number of nodes 42
EtherApe-INFO: 17:54:08.767: New node: IP: 52.94.216.116. Number of nodes 43
EtherApe-INFO: 17:54:12.234: New node: IP: 173.194.67.94. Number of nodes 44
EtherApe-INFO: 17:54:26.705: delete node: IP: 172.217.16.45. Number of nodes 43
EtherApe-INFO: 17:54:26.705: delete node: IP: 142.250.203.129. Number of nodes 42
EtherApe-INFO: 17:54:29.384: delete node: IP: 142.250.75.10. Number of nodes 41
EtherApe-INFO: 17:54:30.992: delete node: IP: 142.250.75.14. Number of nodes 40
EtherApe-INFO: 17:54:34.437: delete node: IP: 149.154.167.50. Number of nodes 39
EtherApe-INFO: 17:54:43.250: delete node: IP: 140.82.114.22. Number of nodes 38
EtherApe-INFO: 17:54:47.450: delete node: IP: 216.58.215.74. Number of nodes 37
EtherApe-INFO: 17:54:47.968: New node: IP: 95.216.195.133. Number of nodes 38
EtherApe-INFO: 17:54:58.635: New node: IP: 172.217.16.4. Number of nodes 39
EtherApe-INFO: 17:54:59.970: delete node: IP: 13.107.42.16. Number of nodes 38
EtherApe-INFO: 17:55:01.047: delete node: IP: 140.82.121.5. Number of nodes 37
EtherApe-INFO: 17:55:12.247: delete node: IP: 172.217.20.195. Number of nodes 36
EtherApe-INFO: 17:55:12.247: delete node: IP: 142.250.186.195. Number of nodes 35
EtherApe-INFO: 17:55:24.540: delete node: IP: 149.154.165.111. Number of nodes 34
EtherApe-INFO: 17:55:36.500: New node: IP: 142.250.186.206. Number of nodes 35
EtherApe-INFO: 17:55:42.955: delete node: IP: 142.250.186.202. Number of nodes 34
EtherApe-INFO: 17:55:44.767: New node: IP: 172.217.16.42. Number of nodes 35
EtherApe-INFO: 17:55:53.567: New node: IP: 74.125.131.113. Number of nodes 36
EtherApe-INFO: 17:55:56.768: delete node: IP: 140.82.121.4. Number of nodes 35
EtherApe-INFO: 17:56:13.318: delete node: IP: 173.194.67.94. Number of nodes 34
EtherApe-INFO: 17:56:19.433: New node: IP: 140.82.121.5. Number of nodes 35
EtherApe-INFO: 17:56:20.767: New node: IP: 140.82.121.3. Number of nodes 36
EtherApe-INFO: 17:56:21.301: New node: IP: 13.107.43.16. Number of nodes 37
EtherApe-INFO: 17:56:49.608: delete node: IP: 95.216.195.133. Number of nodes 36
EtherApe-INFO: 17:57:06.367: New node: IP: 149.154.165.111. Number of nodes 37
EtherApe-INFO: 17:57:16.273: delete node: IP: 52.94.216.116. Number of nodes 36
EtherApe-INFO: 17:57:18.968: delete node: IP: 216.58.208.206. Number of nodes 35
EtherApe-INFO: 17:57:31.971: New node: IP: 178.248.237.68. Number of nodes 36
EtherApe-INFO: 17:57:32.501: New node: IP: 95.47.236.28. Number of nodes 37
EtherApe-INFO: 17:57:32.780: New node: IP: 82.192.95.170. Number of nodes 38
EtherApe-INFO: 17:57:32.783: New node: IP: 178.248.233.33. Number of nodes 39
EtherApe-INFO: 17:57:32.786: New node: IP: 142.250.75.3. Number of nodes 40
EtherApe-INFO: 17:57:33.058: New node: IP: 104.26.12.161. Number of nodes 41
EtherApe-INFO: 17:57:33.845: New node: IP: 142.250.186.202. Number of nodes 42
EtherApe-INFO: 17:57:38.637: New node: IP: 216.58.215.110. Number of nodes 43
EtherApe-INFO: 17:57:39.185: New node: IP: 142.250.203.129. Number of nodes 44
EtherApe-INFO: 17:57:39.437: New node: IP: 172.217.20.182. Number of nodes 45
EtherApe-INFO: 17:57:43.438: New node: IP: 172.217.16.46. Number of nodes 46
EtherApe-INFO: 17:57:53.837: delete node: IP: 74.125.131.113. Number of nodes 45
EtherApe-INFO: 17:58:11.967: New node: IP: 172.217.20.195. Number of nodes 46
EtherApe-INFO: 17:58:13.034: New node: IP: 216.58.209.14. Number of nodes 47
EtherApe-INFO: 17:58:17.891: delete node: IP: 172.217.16.4. Number of nodes 46
EtherApe-INFO: 17:58:32.501: New node: IP: 216.58.208.206. Number of nodes 47
EtherApe-INFO: 17:58:32.503: New node: IP: 142.250.75.14. Number of nodes 48
EtherApe-INFO: 17:58:46.984: delete node: IP: 142.250.203.202. Number of nodes 47
EtherApe-INFO: 17:58:48.060: delete node: IP: 142.250.186.206. Number of nodes 46
EtherApe-INFO: 17:58:56.771: New node: IP: 142.250.203.202. Number of nodes 47
EtherApe-INFO: 17:59:10.634: New node: IP: 52.94.216.116. Number of nodes 48
EtherApe-INFO: 17:59:22.448: delete node: IP: 149.154.165.111. Number of nodes 47
EtherApe-INFO: 17:59:31.987: delete node: IP: 216.239.32.116. Number of nodes 46
EtherApe-INFO: 17:59:47.967: New node: IP: 95.216.195.133. Number of nodes 47
EtherApe-INFO: 17:59:51.968: New node: IP: 216.58.215.106. Number of nodes 48
EtherApe-INFO: 17:59:55.180: delete node: IP: 172.217.16.42. Number of nodes 47
EtherApe-INFO: 17:59:58.367: New node: IP: 142.250.75.10. Number of nodes 48
EtherApe-INFO: 18:00:03.167: New node: IP: 142.250.186.206. Number of nodes 49
EtherApe-INFO: 18:00:13.378: delete node: IP: 178.248.237.68. Number of nodes 48
EtherApe-INFO: 18:00:13.379: delete node: IP: 178.248.233.33. Number of nodes 47
EtherApe-INFO: 18:00:21.896: delete node: IP: 140.82.121.3. Number of nodes 46
EtherApe-INFO: 18:00:30.412: delete node: IP: 13.107.43.16. Number of nodes 45
EtherApe-INFO: 18:00:32.566: delete node: IP: 216.58.209.14. Number of nodes 44
EtherApe-INFO: 18:00:32.566: delete node: IP: 142.250.186.202. Number of nodes 43
EtherApe-INFO: 18:00:37.310: delete node: IP: 142.250.75.3. Number of nodes 42
EtherApe-INFO: 18:00:42.910: delete node: IP: 172.217.16.46. Number of nodes 41
EtherApe-INFO: 18:00:50.379: delete node: IP: 216.58.209.10. Number of nodes 40
EtherApe-INFO: 18:00:53.305: New node: IP: 74.125.131.113. Number of nodes 41
EtherApe-INFO: 18:00:57.616: delete node: IP: 142.250.203.202. Number of nodes 40
EtherApe-INFO: 18:00:59.968: New node: IP: 216.58.215.67. Number of nodes 41
EtherApe-INFO: 18:01:12.592: delete node: IP: 172.217.20.195. Number of nodes 40
EtherApe-INFO: 18:01:20.505: New node: IP: 151.101.1.140. Number of nodes 41
EtherApe-INFO: 18:01:22.105: New node: IP: 216.58.209.14. Number of nodes 42
EtherApe-INFO: 18:01:22.106: New node: IP: 147.75.198.156. Number of nodes 43
EtherApe-INFO: 18:01:22.115: New node: IP: 188.114.96.7. Number of nodes 44
EtherApe-INFO: 18:01:22.369: New node: IP: 135.181.27.174. Number of nodes 45
EtherApe-INFO: 18:01:22.634: New node: IP: 95.217.163.246. Number of nodes 46
EtherApe-INFO: 18:01:23.193: New node: IP: 185.199.110.133. Number of nodes 47
EtherApe-INFO: 18:01:23.202: New node: IP: 104.16.86.20. Number of nodes 48
EtherApe-INFO: 18:01:23.721: New node: IP: 142.250.75.3. Number of nodes 49
EtherApe-INFO: 18:01:24.236: New node: IP: 217.65.3.21. Number of nodes 50
EtherApe-INFO: 18:01:24.249: New node: IP: 31.13.81.36. Number of nodes 51
EtherApe-INFO: 18:01:24.787: New node: IP: 140.82.121.4. Number of nodes 52
EtherApe-INFO: 18:01:24.788: New node: IP: 93.184.220.66. Number of nodes 53
EtherApe-INFO: 18:01:24.789: New node: IP: 54.192.230.9. Number of nodes 54
EtherApe-INFO: 18:01:25.055: New node: IP: 185.185.68.145. Number of nodes 55
EtherApe-INFO: 18:01:25.066: New node: IP: 45.60.34.99. Number of nodes 56
EtherApe-INFO: 18:01:26.109: New node: IP: 104.244.42.8. Number of nodes 57
EtherApe-INFO: 18:01:26.372: New node: IP: 192.0.73.2. Number of nodes 58
EtherApe-INFO: 18:01:27.170: New node: IP: 34.236.174.55. Number of nodes 59
EtherApe-INFO: 18:01:27.969: New node: IP: 188.114.97.7. Number of nodes 60
EtherApe-INFO: 18:01:27.970: New node: IP: 151.101.0.134. Number of nodes 61
EtherApe-INFO: 18:01:27.975: New node: IP: 199.232.192.134. Number of nodes 62
EtherApe-INFO: 18:01:28.243: New node: IP: 172.217.16.45. Number of nodes 63
EtherApe-INFO: 18:01:28.518: New node: IP: 140.82.121.6. Number of nodes 64
EtherApe-INFO: 18:01:28.519: New node: IP: 185.199.108.133. Number of nodes 65
EtherApe-INFO: 18:01:28.519: New node: IP: 54.192.230.28. Number of nodes 66
EtherApe-INFO: 18:01:29.319: New node: IP: 142.250.203.202. Number of nodes 67
EtherApe-INFO: 18:01:30.707: delete node: IP: 140.82.121.5. Number of nodes 66
EtherApe-INFO: 18:01:33.041: New node: IP: 140.82.113.22. Number of nodes 67
EtherApe-INFO: 18:01:34.635: New node: IP: 31.13.81.13. Number of nodes 68
EtherApe-INFO: 18:01:43.167: New node: IP: 216.58.215.97. Number of nodes 69
EtherApe-INFO: 18:01:43.168: New node: IP: 172.217.16.33. Number of nodes 70
EtherApe-INFO: 18:01:43.168: New node: IP: 216.58.209.1. Number of nodes 71
EtherApe-INFO: 18:01:43.169: New node: IP: 172.217.16.1. Number of nodes 72
EtherApe-INFO: 18:01:48.298: delete node: IP: 95.216.195.133. Number of nodes 71
EtherApe-INFO: 18:01:56.235: New node: IP: 142.250.186.202. Number of nodes 72
EtherApe-INFO: 18:01:58.399: delete node: IP: 216.58.209.3. Number of nodes 71
EtherApe-INFO: 18:01:58.731: delete node: IP: 142.250.75.10. Number of nodes 70
EtherApe-INFO: 18:01:59.701: New node: IP: 52.84.199.71. Number of nodes 71
EtherApe-INFO: 18:02:03.779: delete node: IP: 142.250.186.206. Number of nodes 70
