(etherape:2412): GLib-GIO-DEBUG: 16:49:48.323: _g_io_module_get_default: Found default implementation local (GLocalVfs) for ‘gio-vfs’
EtherApe-INFO: 16:49:48.505: sctp protocol not supported
EtherApe-INFO: 16:49:48.505: dccp protocol not supported
EtherApe-INFO: 16:49:48.505: sctp protocol not supported
EtherApe-INFO: 16:49:48.505: sctp protocol not supported
EtherApe-INFO: 16:49:48.505: sctp protocol not supported
EtherApe-INFO: 16:49:48.505: sctp protocol not supported
EtherApe-INFO: 16:49:48.505: sctp protocol not supported
EtherApe-INFO: 16:49:48.506: sctp protocol not supported
EtherApe-INFO: 16:49:48.506: sctp protocol not supported
EtherApe-INFO: 16:49:48.506: dccp protocol not supported
EtherApe-INFO: 16:49:48.506: sctp protocol not supported
EtherApe-INFO: 16:49:48.506: dccp protocol not supported
EtherApe-INFO: 16:49:48.506: dccp protocol not supported
EtherApe-INFO: 16:49:48.506: sctp protocol not supported
EtherApe-INFO: 16:49:48.507: sctp protocol not supported
EtherApe-INFO: 16:49:48.507: sctp protocol not supported
EtherApe-INFO: 16:49:48.507: sctp protocol not supported
EtherApe-INFO: 16:49:48.508: sctp protocol not supported
EtherApe-INFO: 16:49:48.508: sctp protocol not supported
EtherApe-INFO: 16:49:48.508: sctp protocol not supported
EtherApe-INFO: 16:49:48.508: sctp protocol not supported
EtherApe-INFO: 16:49:48.508: sctp protocol not supported
EtherApe-INFO: 16:49:48.509: sctp protocol not supported
EtherApe-INFO: 16:49:48.509: sctp protocol not supported
EtherApe-INFO: 16:49:48.509: sctp protocol not supported
EtherApe-INFO: 16:49:48.509: sctp protocol not supported
EtherApe-INFO: 16:49:48.509: sctp protocol not supported
EtherApe-INFO: 16:49:48.510: sctp protocol not supported
EtherApe-INFO: 16:49:48.510: dccp protocol not supported
EtherApe-INFO: 16:49:48.510: sctp protocol not supported
EtherApe-INFO: 16:49:48.510: sctp protocol not supported
EtherApe-INFO: 16:49:48.510: dccp protocol not supported
EtherApe-INFO: 16:49:48.510: sctp protocol not supported
EtherApe-INFO: 16:49:48.510: sctp protocol not supported
EtherApe-INFO: 16:49:48.510: sctp protocol not supported
EtherApe-INFO: 16:49:48.510: dccp protocol not supported
EtherApe-INFO: 16:49:48.510: dccp protocol not supported
EtherApe-INFO: 16:49:48.510: sctp protocol not supported
EtherApe-INFO: 16:49:48.510: sctp protocol not supported
EtherApe-INFO: 16:49:48.510: sctp protocol not supported
EtherApe-INFO: 16:49:48.510: sctp protocol not supported
EtherApe-INFO: 16:49:48.510: sctp protocol not supported
EtherApe-INFO: 16:49:48.510: sctp protocol not supported
EtherApe-INFO: 16:49:48.510: sctp protocol not supported
EtherApe-INFO: 16:49:48.510: sctp protocol not supported
EtherApe-INFO: 16:49:48.511: sctp protocol not supported
EtherApe-INFO: 16:49:48.511: sctp protocol not supported
EtherApe-INFO: 16:49:48.511: sctp protocol not supported
EtherApe-INFO: 16:49:48.511: sctp protocol not supported
EtherApe-INFO: 16:49:48.511: sctp protocol not supported
EtherApe-INFO: 16:49:48.511: dccp protocol not supported
EtherApe-INFO: 16:49:48.511: sctp protocol not supported
EtherApe-INFO: 16:49:48.511: sctp protocol not supported
EtherApe-INFO: 16:49:48.511: sctp protocol not supported
EtherApe-INFO: 16:49:48.511: sctp protocol not supported
EtherApe-INFO: 16:49:48.511: sctp protocol not supported
EtherApe-INFO: 16:49:48.511: sctp protocol not supported
EtherApe-INFO: 16:49:48.511: sctp protocol not supported
EtherApe-INFO: 16:49:48.511: sctp protocol not supported
EtherApe-INFO: 16:49:48.511: sctp protocol not supported
EtherApe-INFO: 16:49:48.511: sctp protocol not supported
EtherApe-INFO: 16:49:48.512: sctp protocol not supported
EtherApe-INFO: 16:49:48.512: sctp protocol not supported
EtherApe-INFO: 16:49:48.512: sctp protocol not supported
EtherApe-INFO: 16:49:48.512: sctp protocol not supported
EtherApe-INFO: 16:49:48.512: sctp protocol not supported
EtherApe-INFO: 16:49:48.512: sctp protocol not supported
EtherApe-INFO: 16:49:48.512: sctp protocol not supported
EtherApe-INFO: 16:49:48.512: sctp protocol not supported
EtherApe-INFO: 16:49:48.512: sctp protocol not supported
EtherApe-INFO: 16:49:48.512: sctp protocol not supported
EtherApe-INFO: 16:49:48.512: sctp protocol not supported
EtherApe-INFO: 16:49:48.512: sctp protocol not supported
EtherApe-INFO: 16:49:48.512: sctp protocol not supported
EtherApe-INFO: 16:49:48.512: sctp protocol not supported
EtherApe-INFO: 16:49:48.512: sctp protocol not supported
EtherApe-INFO: 16:49:48.512: sctp protocol not supported
EtherApe-INFO: 16:49:48.512: sctp protocol not supported
EtherApe-INFO: 16:49:48.512: sctp protocol not supported
EtherApe-INFO: 16:49:48.512: sctp protocol not supported
EtherApe-INFO: 16:49:48.512: sctp protocol not supported
EtherApe-INFO: 16:49:48.512: sctp protocol not supported
EtherApe-INFO: 16:49:48.512: sctp protocol not supported
EtherApe-INFO: 16:49:48.512: sctp protocol not supported
EtherApe-INFO: 16:49:48.512: sctp protocol not supported
EtherApe-INFO: 16:49:48.512: sctp protocol not supported
EtherApe-INFO: 16:49:48.512: sctp protocol not supported
EtherApe-INFO: 16:49:48.523: get_interface result: ''
EtherApe-INFO: 16:49:48.523: Available interfaces for capture: dbus-session dbus-system nfqueue nflog bluetooth-monitor wlp3s0 lo any enp0s25
EtherApe-INFO: 16:49:48.569: Link type is LINUX_SLL
EtherApe-INFO: 16:49:48.569: Diagram started
EtherApe-INFO: 16:49:49.039: New node: IP: 192.168.2.227. Number of nodes 1
EtherApe-INFO: 16:49:49.039: New node: IP: 172.217.16.3. Number of nodes 2
EtherApe-INFO: 16:49:50.339: New node: IP: 104.16.249.249. Number of nodes 3
EtherApe-INFO: 16:49:50.339: New node: IP: 142.250.186.197. Number of nodes 4
EtherApe-INFO: 16:49:51.379: New node: IP: 172.217.16.10. Number of nodes 5
EtherApe-INFO: 16:49:51.639: New node: IP: 192.168.2.1. Number of nodes 6
EtherApe-INFO: 16:49:51.640: New node: IP: 216.58.208.206. Number of nodes 7
EtherApe-INFO: 16:49:51.899: New node: IP: 216.58.215.78. Number of nodes 8
EtherApe-INFO: 16:49:52.939: New node: IP: 172.217.20.174. Number of nodes 9
EtherApe-INFO: 16:49:53.199: New node: IP: 87.245.216.9. Number of nodes 10
EtherApe-INFO: 16:49:53.199: New node: IP: 18.64.79.96. Number of nodes 11
EtherApe-INFO: 16:49:53.459: New node: IP: 149.154.167.51. Number of nodes 12
EtherApe-INFO: 16:49:54.499: New node: IP: 142.250.203.202. Number of nodes 13
EtherApe-INFO: 16:49:55.019: New node: IP: 142.250.203.142. Number of nodes 14
EtherApe-INFO: 16:49:55.540: New node: IP: 149.154.167.50. Number of nodes 15
EtherApe-INFO: 16:49:56.059: New node: IP: 172.217.20.195. Number of nodes 16
EtherApe-INFO: 16:49:56.062: New node: IP: 216.58.215.67. Number of nodes 17
EtherApe-INFO: 16:49:56.062: New node: IP: 216.58.209.1. Number of nodes 18
EtherApe-INFO: 16:49:56.063: New node: IP: 142.250.203.129. Number of nodes 19
EtherApe-INFO: 16:49:56.582: New node: IP: 93.184.220.29. Number of nodes 20
EtherApe-INFO: 16:49:56.586: New node: IP: 34.107.221.82. Number of nodes 21
EtherApe-INFO: 16:49:56.586: New node: IP: 54.201.62.176. Number of nodes 22
EtherApe-INFO: 16:49:56.586: New node: IP: 34.210.177.250. Number of nodes 23
EtherApe-INFO: 16:49:57.500: New node: IP: 172.217.20.193. Number of nodes 24
EtherApe-INFO: 16:49:57.504: New node: IP: 142.251.1.189. Number of nodes 25
EtherApe-INFO: 16:50:01.689: New node: IP: 216.58.215.68. Number of nodes 26
EtherApe-INFO: 16:50:01.689: New node: IP: 172.217.16.5. Number of nodes 27
EtherApe-INFO: 16:50:02.989: New node: IP: 172.217.16.2. Number of nodes 28
EtherApe-INFO: 16:50:13.669: New node: IP: 149.154.167.223. Number of nodes 29
EtherApe-INFO: 16:50:19.689: New node: IP: 34.120.208.123. Number of nodes 30
EtherApe-INFO: 16:50:20.989: New node: IP: 94.158.46.150. Number of nodes 31
EtherApe-INFO: 16:50:22.809: New node: IP: 34.117.237.239. Number of nodes 32
EtherApe-INFO: 16:50:24.109: New node: IP: 104.16.248.249. Number of nodes 33
EtherApe-INFO: 16:50:24.899: New node: IP: 104.18.12.33. Number of nodes 34
EtherApe-INFO: 16:50:26.619: New node: IP: 140.82.113.25. Number of nodes 35
EtherApe-INFO: 16:50:26.758: New node: IP: 185.199.111.133. Number of nodes 36
EtherApe-INFO: 16:50:26.759: New node: IP: 185.199.110.154. Number of nodes 37
EtherApe-INFO: 16:50:30.732: New node: IP: 216.58.215.105. Number of nodes 38
EtherApe-INFO: 16:50:30.733: New node: IP: 35.186.227.140. Number of nodes 39
EtherApe-INFO: 16:50:30.733: New node: IP: 140.82.113.22. Number of nodes 40
EtherApe-INFO: 16:50:31.699: New node: IP: 140.82.121.3. Number of nodes 41
EtherApe-INFO: 16:50:31.699: New node: IP: 151.101.66.133. Number of nodes 42
EtherApe-INFO: 16:50:34.820: New node: IP: 140.82.121.6. Number of nodes 43
EtherApe-INFO: 16:50:35.343: New node: IP: 216.58.209.10. Number of nodes 44
EtherApe-INFO: 16:50:35.343: New node: IP: 172.217.20.162. Number of nodes 45
EtherApe-INFO: 16:50:35.346: New node: IP: 142.250.75.14. Number of nodes 46
EtherApe-INFO: 16:50:35.602: New node: IP: 172.217.20.194. Number of nodes 47
EtherApe-INFO: 16:50:40.819: New node: IP: 142.250.203.206. Number of nodes 48
EtherApe-INFO: 16:50:47.369: New node: IP: 138.68.96.184. Number of nodes 49
EtherApe-INFO: 16:50:48.149: New node: IP: 18.66.112.50. Number of nodes 50
EtherApe-INFO: 16:50:48.149: New node: IP: 18.66.112.52. Number of nodes 51
EtherApe-INFO: 16:50:48.669: New node: IP: 216.58.209.8. Number of nodes 52
EtherApe-INFO: 16:51:21.829: New node: IPv6: fe80::9ada:c4ff:febf:99a5. Number of nodes 53
EtherApe-INFO: 16:51:21.829: New node: IPv6: ff02::1. Number of nodes 54
EtherApe-INFO: 16:51:37.749: New node: IP: 54.189.175.5. Number of nodes 55
EtherApe-INFO: 16:51:50.600: New node: IP: 172.217.20.206. Number of nodes 56
EtherApe-INFO: 16:52:09.293: delete node: IP: 216.58.209.1. Number of nodes 55
EtherApe-INFO: 16:52:12.681: delete node: IP: 142.250.203.129. Number of nodes 54
EtherApe-INFO: 16:52:20.960: delete node: IP: 94.158.46.150. Number of nodes 53
EtherApe-INFO: 16:52:26.878: delete node: IP: 54.201.62.176. Number of nodes 52
EtherApe-INFO: 16:52:26.878: delete node: IP: 34.210.177.250. Number of nodes 51
EtherApe-INFO: 16:52:29.159: New node: IP: 94.158.46.150. Number of nodes 52
EtherApe-INFO: 16:52:35.724: delete node: IP: 216.58.215.78. Number of nodes 51
EtherApe-INFO: 16:52:35.724: delete node: IP: 216.58.209.10. Number of nodes 50
EtherApe-INFO: 16:52:38.152: delete node: IP: 172.217.20.162. Number of nodes 49
EtherApe-INFO: 16:52:38.152: delete node: IP: 172.217.16.2. Number of nodes 48
EtherApe-INFO: 16:52:40.497: delete node: IP: 216.58.215.67. Number of nodes 47
EtherApe-INFO: 16:52:40.497: delete node: IP: 216.58.208.206. Number of nodes 46
EtherApe-INFO: 16:52:40.497: delete node: IP: 142.250.203.142. Number of nodes 45
EtherApe-INFO: 16:52:41.555: delete node: IP: 142.250.203.206. Number of nodes 44
EtherApe-INFO: 16:52:47.181: delete node: IP: 172.217.20.193. Number of nodes 43
EtherApe-INFO: 16:52:47.181: delete node: IP: 142.250.75.14. Number of nodes 42
EtherApe-INFO: 16:52:49.617: delete node: IP: 216.58.215.68. Number of nodes 41
EtherApe-INFO: 16:52:49.617: delete node: IP: 216.58.209.8. Number of nodes 40
EtherApe-INFO: 16:52:49.617: delete node: IP: 18.66.112.50. Number of nodes 39
EtherApe-INFO: 16:52:52.720: delete node: IP: 138.68.96.184. Number of nodes 38
EtherApe-INFO: 16:52:57.089: New node: IP: 216.58.215.68. Number of nodes 39
EtherApe-INFO: 16:52:57.349: New node: IP: 216.58.215.67. Number of nodes 40
EtherApe-INFO: 16:52:58.390: New node: IP: 172.217.20.193. Number of nodes 41
EtherApe-INFO: 16:52:58.391: New node: IP: 216.58.215.78. Number of nodes 42
EtherApe-INFO: 16:52:58.911: New node: IP: 172.217.16.2. Number of nodes 43
EtherApe-INFO: 16:52:59.693: New node: IP: 91.198.174.192. Number of nodes 44
EtherApe-INFO: 16:52:59.949: New node: IP: 91.198.174.208. Number of nodes 45
EtherApe-INFO: 16:53:00.729: New node: IP: 142.250.186.206. Number of nodes 46
EtherApe-INFO: 16:53:02.304: New node: IP: 142.250.203.142. Number of nodes 47
EtherApe-INFO: 16:53:03.070: New node: IP: 172.217.16.42. Number of nodes 48
EtherApe-INFO: 16:53:03.075: New node: IP: 216.58.215.106. Number of nodes 49
EtherApe-INFO: 16:53:05.149: New node: IP: 185.199.111.154. Number of nodes 50
EtherApe-INFO: 16:53:05.155: New node: IP: 185.199.110.133. Number of nodes 51
EtherApe-INFO: 16:53:06.190: New node: IP: 172.217.16.14. Number of nodes 52
EtherApe-INFO: 16:53:07.749: New node: IP: 216.58.209.10. Number of nodes 53
EtherApe-INFO: 16:53:08.010: New node: IP: 140.82.112.21. Number of nodes 54
EtherApe-INFO: 16:53:09.570: New node: IP: 172.217.16.46. Number of nodes 55
EtherApe-INFO: 16:53:09.570: New node: IP: 142.250.75.10. Number of nodes 56
EtherApe-INFO: 16:53:10.090: New node: IP: 151.101.2.133. Number of nodes 57
EtherApe-INFO: 16:53:10.356: New node: IP: 142.250.203.206. Number of nodes 58
EtherApe-INFO: 16:53:17.923: delete node: IP: 18.64.79.96. Number of nodes 57
EtherApe-INFO: 16:53:22.135: delete node: IPv6: ff02::1. Number of nodes 56
EtherApe-INFO: 16:53:22.135: delete node: IPv6: fe80::9ada:c4ff:febf:99a5. Number of nodes 55
EtherApe-INFO: 16:53:28.080: delete node: IP: 87.245.216.9. Number of nodes 54
EtherApe-INFO: 16:53:46.069: New node: IP: 74.125.131.189. Number of nodes 55
EtherApe-INFO: 16:54:03.789: New node: IP: 95.216.195.133. Number of nodes 56
EtherApe-INFO: 16:54:15.169: delete node: IP: 34.117.237.239. Number of nodes 55
EtherApe-INFO: 16:54:16.799: delete node: IP: 104.18.12.33. Number of nodes 54
EtherApe-INFO: 16:54:16.799: delete node: IP: 34.107.221.82. Number of nodes 53
EtherApe-INFO: 16:54:18.566: delete node: IP: 185.199.111.133. Number of nodes 52
EtherApe-INFO: 16:54:18.566: delete node: IP: 185.199.110.154. Number of nodes 51
EtherApe-INFO: 16:54:20.890: New node: IP: 34.117.237.239. Number of nodes 52
EtherApe-INFO: 16:54:21.410: New node: IP: 149.154.175.57. Number of nodes 53
EtherApe-INFO: 16:54:21.410: New node: IP: 149.154.175.50. Number of nodes 54
EtherApe-INFO: 16:54:21.411: New node: IP: 149.154.166.120. Number of nodes 55
EtherApe-INFO: 16:54:23.053: delete node: IP: 216.58.215.105. Number of nodes 54
EtherApe-INFO: 16:54:23.053: delete node: IP: 140.82.113.22. Number of nodes 53
EtherApe-INFO: 16:54:23.818: delete node: IP: 35.186.227.140. Number of nodes 52
EtherApe-INFO: 16:54:25.349: New node: IP: 52.39.57.61. Number of nodes 53
EtherApe-INFO: 16:54:25.434: delete node: IP: 151.101.66.133. Number of nodes 52
EtherApe-INFO: 16:54:28.301: delete node: IP: 172.217.20.174. Number of nodes 51
EtherApe-INFO: 16:54:31.413: delete node: IP: 94.158.46.150. Number of nodes 50
EtherApe-INFO: 16:54:39.218: delete node: IP: 54.189.175.5. Number of nodes 49
EtherApe-INFO: 16:54:43.237: delete node: IP: 93.184.220.29. Number of nodes 48
EtherApe-INFO: 16:55:00.230: delete node: IP: 172.217.16.2. Number of nodes 47
EtherApe-INFO: 16:55:01.740: delete node: IP: 172.217.16.10. Number of nodes 46
EtherApe-INFO: 16:55:03.802: delete node: IP: 216.58.215.67. Number of nodes 45
EtherApe-INFO: 16:55:03.802: delete node: IP: 172.217.20.193. Number of nodes 44
EtherApe-INFO: 16:55:04.120: delete node: IP: 172.217.16.5. Number of nodes 43
EtherApe-INFO: 16:55:11.597: delete node: IP: 216.58.215.68. Number of nodes 42
EtherApe-INFO: 16:55:12.368: delete node: IP: 216.58.215.78. Number of nodes 41
EtherApe-INFO: 16:55:12.368: delete node: IP: 142.250.203.142. Number of nodes 40
EtherApe-INFO: 16:55:14.014: delete node: IP: 172.217.16.46. Number of nodes 39
EtherApe-INFO: 16:55:14.014: delete node: IP: 142.250.75.10. Number of nodes 38
EtherApe-INFO: 16:55:43.169: delete node: IP: 18.66.112.52. Number of nodes 37
EtherApe-INFO: 16:55:45.496: delete node: IP: 142.251.1.189. Number of nodes 36
EtherApe-INFO: 16:55:45.679: New node: IPv6: fe80::9ada:c4ff:febf:99a5. Number of nodes 37
EtherApe-INFO: 16:55:45.679: New node: IPv6: ff02::1. Number of nodes 38
EtherApe-INFO: 16:55:57.139: New node: IP: 216.58.215.68. Number of nodes 39
EtherApe-INFO: 16:56:03.951: delete node: IP: 95.216.195.133. Number of nodes 38
EtherApe-INFO: 16:56:05.563: delete node: IP: 142.250.186.206. Number of nodes 37
EtherApe-INFO: 16:56:10.758: delete node: IP: 34.120.208.123. Number of nodes 36
EtherApe-INFO: 16:56:22.745: delete node: IP: 149.154.175.50. Number of nodes 35
EtherApe-INFO: 16:56:26.727: delete node: IP: 52.39.57.61. Number of nodes 34
EtherApe-INFO: 16:56:37.722: delete node: IP: 149.154.166.120. Number of nodes 33
EtherApe-INFO: 16:56:43.218: delete node: IP: 172.217.20.206. Number of nodes 32
EtherApe-INFO: 16:56:43.218: delete node: IP: 149.154.175.57. Number of nodes 31
EtherApe-INFO: 16:56:45.489: New node: IP: 94.158.46.150. Number of nodes 32
EtherApe-INFO: 16:56:46.789: New node: IP: 34.120.208.123. Number of nodes 33
EtherApe-INFO: 16:57:00.885: delete node: IP: 91.198.174.208. Number of nodes 32
EtherApe-INFO: 16:57:02.744: delete node: IP: 91.198.174.192. Number of nodes 31
EtherApe-INFO: 16:57:44.043: delete node: IP: 172.217.16.3. Number of nodes 30
EtherApe-INFO: 16:57:45.846: delete node: IPv6: ff02::1. Number of nodes 29
EtherApe-INFO: 16:57:45.846: delete node: IPv6: fe80::9ada:c4ff:febf:99a5. Number of nodes 28
EtherApe-INFO: 16:57:51.096: delete node: IP: 172.217.20.194. Number of nodes 27
EtherApe-INFO: 16:57:53.668: delete node: IP: 172.217.16.42. Number of nodes 26
EtherApe-INFO: 16:57:59.658: delete node: IP: 216.58.215.106. Number of nodes 25
EtherApe-INFO: 16:57:59.658: delete node: IP: 140.82.112.21. Number of nodes 24
EtherApe-INFO: 16:58:00.955: delete node: IP: 185.199.110.133. Number of nodes 23
EtherApe-INFO: 16:58:00.955: delete node: IP: 140.82.121.3. Number of nodes 22
EtherApe-INFO: 16:58:03.862: delete node: IP: 151.101.2.133. Number of nodes 21
EtherApe-INFO: 16:58:04.617: delete node: IP: 216.58.209.10. Number of nodes 20
EtherApe-INFO: 16:58:04.617: delete node: IP: 140.82.121.6. Number of nodes 19
EtherApe-INFO: 16:58:05.697: delete node: IP: 185.199.111.154. Number of nodes 18
EtherApe-INFO: 16:58:44.786: delete node: IP: 142.250.203.206. Number of nodes 17
EtherApe-INFO: 16:58:45.649: delete node: IP: 94.158.46.150. Number of nodes 16
EtherApe-INFO: 16:59:03.859: New node: IP: 95.216.195.133. Number of nodes 17
EtherApe-INFO: 16:59:04.899: New node: IP: 142.250.203.133. Number of nodes 18
EtherApe-INFO: 16:59:12.322: delete node: IP: 34.117.237.239. Number of nodes 17
EtherApe-INFO: 16:59:25.580: New node: IP: 52.39.57.61. Number of nodes 18
EtherApe-INFO: 16:59:35.009: New node: IP: 216.58.209.3. Number of nodes 19
EtherApe-INFO: 16:59:35.269: New node: IP: 172.217.16.3. Number of nodes 20
EtherApe-INFO: 16:59:36.310: New node: IP: 172.217.20.193. Number of nodes 21
EtherApe-INFO: 16:59:36.311: New node: IP: 216.58.215.78. Number of nodes 22
EtherApe-INFO: 16:59:36.569: New node: IP: 142.250.203.138. Number of nodes 23
EtherApe-INFO: 16:59:36.569: New node: IP: 216.58.208.194. Number of nodes 24
EtherApe-INFO: 16:59:36.571: New node: IP: 216.58.209.2. Number of nodes 25
EtherApe-INFO: 16:59:37.869: New node: IP: 104.18.41.174. Number of nodes 26
EtherApe-INFO: 16:59:38.390: New node: IP: 104.17.24.14. Number of nodes 27
EtherApe-INFO: 16:59:38.391: New node: IP: 172.64.146.82. Number of nodes 28
EtherApe-INFO: 16:59:38.649: New node: IP: 104.16.132.229. Number of nodes 29
EtherApe-INFO: 16:59:38.650: New node: IP: 104.16.133.229. Number of nodes 30
EtherApe-INFO: 16:59:38.910: New node: IP: 104.16.123.96. Number of nodes 31
EtherApe-INFO: 16:59:38.911: New node: IP: 104.17.25.14. Number of nodes 32
EtherApe-INFO: 16:59:38.921: New node: IP: 172.217.16.10. Number of nodes 33
EtherApe-INFO: 16:59:38.922: New node: IP: 104.16.124.96. Number of nodes 34
EtherApe-INFO: 16:59:39.172: New node: IP: 142.250.203.195. Number of nodes 35
EtherApe-INFO: 16:59:39.429: New node: IP: 142.250.203.208. Number of nodes 36
EtherApe-INFO: 16:59:39.949: New node: IP: 216.58.209.8. Number of nodes 37
EtherApe-INFO: 17:00:38.139: New node: IP: 192.168.1.1. Number of nodes 38
EtherApe-INFO: 17:00:55.089: delete node: IP: 142.250.186.197. Number of nodes 37
EtherApe-INFO: 17:00:59.479: New node: IP: 104.18.6.240. Number of nodes 38
EtherApe-INFO: 17:00:59.739: New node: IP: 93.184.220.29. Number of nodes 39
EtherApe-INFO: 17:00:59.739: New node: IP: 104.18.12.33. Number of nodes 40
EtherApe-INFO: 17:01:00.287: New node: IP: 104.18.13.33. Number of nodes 41
EtherApe-INFO: 17:01:02.639: New node: IP: 34.107.221.82. Number of nodes 42
EtherApe-INFO: 17:01:04.008: delete node: IP: 95.216.195.133. Number of nodes 41
EtherApe-INFO: 17:01:26.039: delete node: IP: 52.39.57.61. Number of nodes 40
EtherApe-INFO: 17:01:35.609: delete node: IP: 172.217.16.3. Number of nodes 39
EtherApe-INFO: 17:01:36.454: delete node: IP: 216.58.215.78. Number of nodes 38
EtherApe-INFO: 17:01:36.454: delete node: IP: 172.217.20.193. Number of nodes 37
EtherApe-INFO: 17:01:36.673: delete node: IP: 142.250.203.138. Number of nodes 36
EtherApe-INFO: 17:01:38.486: delete node: IP: 172.64.146.82. Number of nodes 35
EtherApe-INFO: 17:01:39.025: delete node: IP: 104.16.132.229. Number of nodes 34
EtherApe-INFO: 17:01:39.553: delete node: IP: 104.16.123.96. Number of nodes 33
EtherApe-INFO: 17:01:40.084: delete node: IP: 142.250.203.208. Number of nodes 32
EtherApe-INFO: 17:01:40.622: delete node: IP: 216.58.209.8. Number of nodes 31
EtherApe-INFO: 17:01:41.569: New node: IP: 216.58.208.202. Number of nodes 32
EtherApe-INFO: 17:03:00.629: New node: IPv6: fe80::9ada:c4ff:febf:99a5. Number of nodes 33
EtherApe-INFO: 17:03:00.629: New node: IPv6: ff02::1. Number of nodes 34
EtherApe-INFO: 17:03:03.239: New node: IP: 139.162.188.91. Number of nodes 35
EtherApe-INFO: 17:03:08.969: New node: IP: 142.250.203.206. Number of nodes 36
EtherApe-INFO: 17:03:27.034: delete node: IP: 140.82.113.25. Number of nodes 35
EtherApe-INFO: 17:03:36.008: delete node: IP: 142.250.203.195. Number of nodes 34
EtherApe-INFO: 17:03:43.802: delete node: IP: 142.250.203.202. Number of nodes 33
EtherApe-INFO: 17:04:03.609: New node: IP: 95.216.195.133. Number of nodes 34
EtherApe-INFO: 17:04:25.854: delete node: IP: 216.58.209.3. Number of nodes 33
EtherApe-INFO: 17:04:26.402: delete node: IP: 172.217.20.195. Number of nodes 32
EtherApe-INFO: 17:04:27.339: New node: IP: 172.217.20.195. Number of nodes 33
EtherApe-INFO: 17:04:27.695: delete node: IP: 216.58.209.2. Number of nodes 32
EtherApe-INFO: 17:04:27.696: delete node: IP: 216.58.208.194. Number of nodes 31
EtherApe-INFO: 17:04:28.667: delete node: IP: 104.17.24.14. Number of nodes 30
EtherApe-INFO: 17:04:29.758: delete node: IP: 104.18.41.174. Number of nodes 29
EtherApe-INFO: 17:04:29.759: delete node: IP: 104.17.25.14. Number of nodes 28
EtherApe-INFO: 17:04:29.759: delete node: IP: 104.16.133.229. Number of nodes 27
EtherApe-INFO: 17:04:29.759: delete node: IP: 104.16.124.96. Number of nodes 26
EtherApe-INFO: 17:04:30.741: delete node: IP: 172.217.16.10. Number of nodes 25
EtherApe-INFO: 17:04:43.500: New node: IP: 172.217.20.193. Number of nodes 26
EtherApe-INFO: 17:04:55.812: delete node: IP: 93.184.220.29. Number of nodes 25
EtherApe-INFO: 17:04:56.560: delete node: IP: 149.154.167.223. Number of nodes 24
EtherApe-INFO: 17:04:57.069: New node: IP: 104.18.235.68. Number of nodes 25
EtherApe-INFO: 17:05:00.773: delete node: IPv6: ff02::1. Number of nodes 24
EtherApe-INFO: 17:05:00.773: delete node: IPv6: fe80::9ada:c4ff:febf:99a5. Number of nodes 23
EtherApe-INFO: 17:05:01.008: New node: IP: 104.21.52.95. Number of nodes 24
EtherApe-INFO: 17:05:01.012: New node: IP: 2.18.97.48. Number of nodes 25
EtherApe-INFO: 17:05:01.012: New node: IP: 172.67.197.215. Number of nodes 26
EtherApe-INFO: 17:05:01.013: New node: IP: 216.58.209.10. Number of nodes 27
EtherApe-INFO: 17:05:01.269: New node: IP: 172.217.16.3. Number of nodes 28
EtherApe-INFO: 17:05:01.533: New node: IP: 216.58.209.8. Number of nodes 29
EtherApe-INFO: 17:05:01.791: New node: IP: 216.58.215.100. Number of nodes 30
EtherApe-INFO: 17:05:01.792: New node: IP: 203.133.248.108. Number of nodes 31
EtherApe-INFO: 17:05:02.579: New node: IP: 87.245.216.9. Number of nodes 32
EtherApe-INFO: 17:05:02.580: New node: IP: 216.58.215.67. Number of nodes 33
EtherApe-INFO: 17:05:02.850: New node: IP: 216.58.209.3. Number of nodes 34
EtherApe-INFO: 17:05:03.889: New node: IP: 104.18.236.68. Number of nodes 35
EtherApe-INFO: 17:05:04.159: New node: IP: 192.0.73.2. Number of nodes 36
EtherApe-INFO: 17:05:17.749: New node: IP: 94.158.46.150. Number of nodes 37
EtherApe-INFO: 17:05:23.489: New node: IP: 172.217.16.10. Number of nodes 38
EtherApe-INFO: 17:05:26.632: delete node: IP: 216.58.215.68. Number of nodes 37
EtherApe-INFO: 17:05:38.859: New node: IP: 104.18.41.174. Number of nodes 38
EtherApe-INFO: 17:05:40.429: New node: IP: 172.217.16.4. Number of nodes 39
EtherApe-INFO: 17:05:41.730: New node: IP: 172.217.20.162. Number of nodes 40
EtherApe-INFO: 17:05:41.990: New node: IP: 216.58.208.194. Number of nodes 41
EtherApe-INFO: 17:05:41.990: New node: IP: 142.250.203.194. Number of nodes 42
EtherApe-INFO: 17:05:45.677: New node: IP: 216.58.215.110. Number of nodes 43
EtherApe-INFO: 17:05:50.375: delete node: IP: 104.18.6.240. Number of nodes 42
EtherApe-INFO: 17:05:51.454: delete node: IP: 104.18.13.33. Number of nodes 41
EtherApe-INFO: 17:05:52.449: New node: IP: 87.245.212.56. Number of nodes 42
EtherApe-INFO: 17:06:04.173: delete node: IP: 95.216.195.133. Number of nodes 41
EtherApe-INFO: 17:06:06.769: New node: IP: 151.101.193.69. Number of nodes 42
EtherApe-INFO: 17:06:13.059: New node: IP: 149.154.167.223. Number of nodes 43
EtherApe-INFO: 17:06:18.009: New node: IP: 142.250.75.14. Number of nodes 44
EtherApe-INFO: 17:06:20.164: delete node: IP: 34.107.221.82. Number of nodes 43
EtherApe-INFO: 17:06:27.291: delete node: IP: 139.162.188.91. Number of nodes 42
EtherApe-INFO: 17:06:39.996: delete node: IP: 34.120.208.123. Number of nodes 41
EtherApe-INFO: 17:06:43.898: delete node: IP: 192.168.1.1. Number of nodes 40
EtherApe-INFO: 17:06:56.661: delete node: IP: 142.250.203.133. Number of nodes 39
EtherApe-INFO: 17:06:57.940: New node: IP: 34.120.208.123. Number of nodes 40
EtherApe-INFO: 17:07:03.660: delete node: IP: 216.58.215.67. Number of nodes 39
EtherApe-INFO: 17:07:03.660: delete node: IP: 216.58.209.8. Number of nodes 38
EtherApe-INFO: 17:07:03.660: delete node: IP: 104.21.52.95. Number of nodes 37
EtherApe-INFO: 17:07:06.519: New node: IP: 216.58.215.101. Number of nodes 38
EtherApe-INFO: 17:07:09.933: delete node: IP: 203.133.248.108. Number of nodes 37
EtherApe-INFO: 17:07:18.802: delete node: IP: 94.158.46.150. Number of nodes 36
EtherApe-INFO: 17:07:38.499: New node: IP: 2.23.108.57. Number of nodes 37
EtherApe-INFO: 17:07:39.306: delete node: IP: 104.18.41.174. Number of nodes 36
EtherApe-INFO: 17:07:42.490: delete node: IP: 216.58.209.10. Number of nodes 35
EtherApe-INFO: 17:08:14.415: delete node: IP: 87.245.212.56. Number of nodes 34
EtherApe-INFO: 17:08:14.956: delete node: IP: 142.250.203.206. Number of nodes 33
EtherApe-INFO: 17:08:19.839: New node: IP: 199.232.16.193. Number of nodes 34
EtherApe-INFO: 17:08:28.499: delete node: IP: 149.154.167.223. Number of nodes 33
EtherApe-INFO: 17:08:31.019: New node: IPv6: fe80::9ada:c4ff:febf:99a5. Number of nodes 34
EtherApe-INFO: 17:08:31.019: New node: IPv6: ff02::1. Number of nodes 35
EtherApe-INFO: 17:08:49.739: New node: IP: 149.154.167.223. Number of nodes 36
EtherApe-INFO: 17:08:57.867: delete node: IP: 87.245.216.9. Number of nodes 35
EtherApe-INFO: 17:09:00.206: delete node: IP: 2.18.97.48. Number of nodes 34
EtherApe-INFO: 17:09:03.779: New node: IP: 95.216.195.133. Number of nodes 35
EtherApe-INFO: 17:09:16.779: New node: IP: 0.0.0.0. Number of nodes 36
EtherApe-INFO: 17:09:16.779: New node: IP: 255.255.255.255. Number of nodes 37
EtherApe-INFO: 17:09:17.039: New node: IP: 127.0.0.1. Number of nodes 38
EtherApe-INFO: 17:09:17.559: New node: IP: 142.250.186.206. Number of nodes 39
EtherApe-INFO: 17:09:17.820: New node: IP: 34.107.221.82. Number of nodes 40
EtherApe-INFO: 17:09:17.821: New node: IP: 54.201.62.176. Number of nodes 41
EtherApe-INFO: 17:09:17.822: New node: IP: 35.186.227.140. Number of nodes 42
EtherApe-INFO: 17:09:18.082: New node: IP: 35.82.103.10. Number of nodes 43
EtherApe-INFO: 17:09:18.082: New node: IP: 140.82.112.25. Number of nodes 44
EtherApe-INFO: 17:09:18.085: New node: IP: 140.82.113.25. Number of nodes 45
EtherApe-INFO: 17:09:19.899: New node: IP: 52.39.57.61. Number of nodes 46
EtherApe-INFO: 17:09:20.939: New node: IP: 34.117.237.239. Number of nodes 47
EtherApe-INFO: 17:09:35.501: New node: IP: 172.217.20.214. Number of nodes 48
EtherApe-INFO: 17:09:36.279: New node: IP: 172.217.20.206. Number of nodes 49
EtherApe-INFO: 17:09:39.140: New node: IP: 142.251.1.189. Number of nodes 50
EtherApe-INFO: 17:09:39.659: New node: IP: 85.222.140.6. Number of nodes 51
EtherApe-INFO: 17:09:39.660: New node: IP: 192.35.177.23. Number of nodes 52
EtherApe-INFO: 17:09:43.039: New node: IP: 216.58.209.10. Number of nodes 53
EtherApe-INFO: 17:09:48.786: delete node: IP: 172.217.20.193. Number of nodes 52
EtherApe-INFO: 17:09:52.435: delete node: IP: 216.58.215.100. Number of nodes 51
EtherApe-INFO: 17:09:54.282: delete node: IP: 172.67.197.215. Number of nodes 50
EtherApe-INFO: 17:09:55.030: delete node: IP: 104.18.236.68. Number of nodes 49
EtherApe-INFO: 17:09:55.030: delete node: IP: 104.18.235.68. Number of nodes 48
EtherApe-INFO: 17:09:57.341: New node: IP: 216.58.209.8. Number of nodes 49
EtherApe-INFO: 17:09:57.341: New node: IP: 216.58.215.106. Number of nodes 50
EtherApe-INFO: 17:09:57.341: New node: IP: 184.51.9.85. Number of nodes 51
EtherApe-INFO: 17:09:57.341: New node: IP: 23.9.13.211. Number of nodes 52
EtherApe-INFO: 17:09:57.346: New node: IP: 52.204.233.198. Number of nodes 53
EtherApe-INFO: 17:09:58.119: New node: IP: 18.66.112.123. Number of nodes 54
EtherApe-INFO: 17:10:01.574: delete node: IP: 2.23.108.57. Number of nodes 53
EtherApe-INFO: 17:10:09.094: delete node: IP: 142.250.75.14. Number of nodes 52
EtherApe-INFO: 17:10:14.530: delete node: IP: 172.217.16.10. Number of nodes 51
EtherApe-INFO: 17:10:24.640: New node: IP: 142.250.203.130. Number of nodes 52
EtherApe-INFO: 17:10:24.901: New node: IP: 216.58.215.78. Number of nodes 53
EtherApe-INFO: 17:10:25.159: New node: IP: 142.250.75.2. Number of nodes 54
EtherApe-INFO: 17:10:29.059: New node: IP: 45.60.76.225. Number of nodes 55
EtherApe-INFO: 17:10:32.023: delete node: IPv6: ff02::1. Number of nodes 54
EtherApe-INFO: 17:10:32.023: delete node: IPv6: fe80::9ada:c4ff:febf:99a5. Number of nodes 53
EtherApe-INFO: 17:10:35.562: New node: IP: 104.17.73.206. Number of nodes 54
EtherApe-INFO: 17:10:35.563: New node: IP: 104.17.70.206. Number of nodes 55
EtherApe-INFO: 17:10:35.823: New node: IP: 104.17.71.206. Number of nodes 56
EtherApe-INFO: 17:10:35.823: New node: IP: 93.184.220.29. Number of nodes 57
EtherApe-INFO: 17:10:36.079: New node: IP: 52.166.179.92. Number of nodes 58
EtherApe-INFO: 17:10:36.082: New node: IP: 104.18.32.68. Number of nodes 59
EtherApe-INFO: 17:11:05.039: delete node: IP: 149.154.167.223. Number of nodes 58
EtherApe-INFO: 17:11:17.209: delete node: IP: 255.255.255.255. Number of nodes 57
EtherApe-INFO: 17:11:17.209: delete node: IP: 0.0.0.0. Number of nodes 56
EtherApe-INFO: 17:11:18.499: delete node: IP: 140.82.113.25. Number of nodes 55
EtherApe-INFO: 17:11:19.785: delete node: IP: 149.154.167.50. Number of nodes 54
EtherApe-INFO: 17:11:19.785: delete node: IP: 95.216.195.133. Number of nodes 53
EtherApe-INFO: 17:11:19.785: delete node: IP: 35.82.103.10. Number of nodes 52
EtherApe-INFO: 17:11:21.650: delete node: IP: 52.39.57.61. Number of nodes 51
EtherApe-INFO: 17:11:22.418: delete node: IP: 127.0.0.1. Number of nodes 50
EtherApe-INFO: 17:11:23.492: delete node: IP: 172.217.16.14. Number of nodes 49
EtherApe-INFO: 17:11:26.002: delete node: IP: 216.58.208.194. Number of nodes 48
EtherApe-INFO: 17:11:26.002: delete node: IP: 172.217.20.162. Number of nodes 47
EtherApe-INFO: 17:11:29.204: delete node: IP: 216.58.215.110. Number of nodes 46
EtherApe-INFO: 17:11:31.459: New node: IP: 149.154.167.223. Number of nodes 47
EtherApe-INFO: 17:11:35.499: delete node: IP: 192.0.73.2. Number of nodes 46
EtherApe-INFO: 17:11:38.932: delete node: IP: 74.125.131.189. Number of nodes 45
EtherApe-INFO: 17:11:42.484: delete node: IP: 216.58.208.202. Number of nodes 44
EtherApe-INFO: 17:11:45.923: delete node: IP: 192.35.177.23. Number of nodes 43
EtherApe-INFO: 17:11:52.099: New node: IP: 216.58.215.68. Number of nodes 44
EtherApe-INFO: 17:11:56.519: New node: IP: 172.217.20.193. Number of nodes 45
EtherApe-INFO: 17:11:57.835: delete node: IP: 216.58.215.106. Number of nodes 44
EtherApe-INFO: 17:12:00.680: New node: IP: 216.58.215.110. Number of nodes 45
EtherApe-INFO: 17:12:18.364: delete node: IP: 184.51.9.85. Number of nodes 44
EtherApe-INFO: 17:12:18.906: delete node: IP: 23.9.13.211. Number of nodes 43
EtherApe-INFO: 17:12:19.232: delete node: IP: 54.201.62.176. Number of nodes 42
EtherApe-INFO: 17:12:21.505: delete node: IP: 216.58.215.101. Number of nodes 41
EtherApe-INFO: 17:12:25.119: New node: IP: 184.73.192.208. Number of nodes 42
EtherApe-INFO: 17:12:26.159: New node: IP: 18.66.121.119. Number of nodes 43
EtherApe-INFO: 17:12:35.876: delete node: IP: 104.17.73.206. Number of nodes 42
EtherApe-INFO: 17:12:36.831: delete node: IP: 216.58.209.8. Number of nodes 41
EtherApe-INFO: 17:12:36.831: delete node: IP: 104.17.71.206. Number of nodes 40
EtherApe-INFO: 17:12:48.876: delete node: IP: 52.204.233.198. Number of nodes 39
EtherApe-INFO: 17:13:09.839: New node: IP: 172.217.16.14. Number of nodes 40
EtherApe-INFO: 17:13:10.974: delete node: IP: 199.232.16.193. Number of nodes 39
EtherApe-INFO: 17:13:26.219: New node: IP: 140.82.121.4. Number of nodes 40
EtherApe-INFO: 17:13:27.000: New node: IP: 185.199.111.154. Number of nodes 41
EtherApe-INFO: 17:13:27.001: New node: IP: 185.199.111.133. Number of nodes 42
EtherApe-INFO: 17:13:27.001: New node: IP: 185.199.108.154. Number of nodes 43
EtherApe-INFO: 17:13:27.259: New node: IP: 140.82.112.22. Number of nodes 44
EtherApe-INFO: 17:13:27.521: New node: IP: 140.82.121.6. Number of nodes 45
EtherApe-INFO: 17:13:31.419: New node: IP: 216.58.215.101. Number of nodes 46
EtherApe-INFO: 17:13:47.345: delete node: IP: 149.154.167.223. Number of nodes 45
EtherApe-INFO: 17:14:09.139: delete node: IP: 142.250.186.206. Number of nodes 44
EtherApe-INFO: 17:14:11.049: delete node: IP: 151.101.193.69. Number of nodes 43
EtherApe-INFO: 17:14:11.049: delete node: IP: 35.186.227.140. Number of nodes 42
EtherApe-INFO: 17:14:13.628: delete node: IP: 34.117.237.239. Number of nodes 41
EtherApe-INFO: 17:14:14.385: delete node: IP: 34.107.221.82. Number of nodes 40
EtherApe-INFO: 17:14:16.919: New node: IP: 95.216.195.133. Number of nodes 41
EtherApe-INFO: 17:14:18.739: New node: IP: 35.82.103.10. Number of nodes 42
EtherApe-INFO: 17:14:19.103: delete node: IP: 85.222.140.6. Number of nodes 41
EtherApe-INFO: 17:14:30.261: delete node: IP: 172.217.20.214. Number of nodes 40
EtherApe-INFO: 17:14:34.637: delete node: IP: 104.18.32.68. Number of nodes 39
EtherApe-INFO: 17:14:50.238: delete node: IP: 18.66.112.123. Number of nodes 38
EtherApe-INFO: 17:14:50.459: New node: IP: 89.187.191.12. Number of nodes 39
EtherApe-INFO: 17:15:02.579: New node: IP: 95.216.144.15. Number of nodes 40
EtherApe-INFO: 17:15:04.399: New node: IP: 149.154.167.223. Number of nodes 41
EtherApe-INFO: 17:15:11.519: New node: IP: 149.154.167.92. Number of nodes 42
EtherApe-INFO: 17:15:12.299: New node: IP: 149.154.175.57. Number of nodes 43
EtherApe-INFO: 17:15:12.299: New node: IP: 149.154.175.54. Number of nodes 44
EtherApe-INFO: 17:15:13.955: delete node: IP: 216.58.209.3. Number of nodes 43
EtherApe-INFO: 17:15:14.922: delete node: IP: 172.217.16.3. Number of nodes 42
EtherApe-INFO: 17:15:24.629: New node: IPv6: fe80::9ada:c4ff:febf:99a5. Number of nodes 43
EtherApe-INFO: 17:15:24.629: New node: IPv6: ff02::1. Number of nodes 44
EtherApe-INFO: 17:15:27.316: delete node: IP: 185.199.108.154. Number of nodes 43
EtherApe-INFO: 17:15:27.316: delete node: IP: 104.17.70.206. Number of nodes 42
EtherApe-INFO: 17:15:28.060: delete node: IP: 52.166.179.92. Number of nodes 41
EtherApe-INFO: 17:15:28.060: delete node: IP: 45.60.76.225. Number of nodes 40
EtherApe-INFO: 17:16:18.342: delete node: IP: 95.216.195.133. Number of nodes 39
EtherApe-INFO: 17:16:19.390: delete node: IP: 35.82.103.10. Number of nodes 38
EtherApe-INFO: 17:16:20.439: delete node: IP: 184.73.192.208. Number of nodes 37
EtherApe-INFO: 17:16:22.488: delete node: IP: 93.184.220.29. Number of nodes 36
EtherApe-INFO: 17:16:48.333: delete node: IP: 216.58.215.68. Number of nodes 35
EtherApe-INFO: 17:16:48.333: delete node: IP: 172.217.20.193. Number of nodes 34
EtherApe-INFO: 17:16:48.333: delete node: IP: 34.120.208.123. Number of nodes 33
EtherApe-INFO: 17:16:51.708: delete node: IP: 216.58.215.110. Number of nodes 32
EtherApe-INFO: 17:16:55.115: delete node: IP: 216.58.215.78. Number of nodes 31
EtherApe-INFO: 17:16:57.250: delete node: IP: 89.187.191.12. Number of nodes 30
EtherApe-INFO: 17:17:03.305: delete node: IP: 95.216.144.15. Number of nodes 29
EtherApe-INFO: 17:17:13.570: delete node: IP: 149.154.175.57. Number of nodes 28
EtherApe-INFO: 17:17:14.648: delete node: IP: 142.250.203.194. Number of nodes 27
EtherApe-INFO: 17:17:14.648: delete node: IP: 142.250.203.130. Number of nodes 26
EtherApe-INFO: 17:17:14.649: delete node: IP: 142.250.75.2. Number of nodes 25
EtherApe-INFO: 17:17:18.265: delete node: IP: 172.217.16.4. Number of nodes 24
EtherApe-INFO: 17:17:24.896: delete node: IPv6: ff02::1. Number of nodes 23
EtherApe-INFO: 17:17:24.896: delete node: IPv6: fe80::9ada:c4ff:febf:99a5. Number of nodes 22
EtherApe-INFO: 17:17:28.553: delete node: IP: 149.154.167.92. Number of nodes 21
EtherApe-INFO: 17:17:31.255: delete node: IP: 149.154.175.54. Number of nodes 20
EtherApe-INFO: 17:17:37.840: delete node: IP: 149.154.167.223. Number of nodes 19
EtherApe-INFO: 17:17:41.420: New node: IP: 142.250.75.10. Number of nodes 20
EtherApe-INFO: 17:17:41.949: New node: IP: 172.217.16.3. Number of nodes 21
EtherApe-INFO: 17:18:02.769: New node: IP: 149.154.167.223. Number of nodes 22
EtherApe-INFO: 17:18:09.197: delete node: IP: 18.66.121.119. Number of nodes 21
EtherApe-INFO: 17:18:16.299: delete node: IP: 172.217.16.14. Number of nodes 20
EtherApe-INFO: 17:18:18.619: delete node: IP: 185.199.111.154. Number of nodes 19
EtherApe-INFO: 17:18:18.619: delete node: IP: 185.199.111.133. Number of nodes 18
EtherApe-INFO: 17:18:18.931: delete node: IP: 140.82.121.6. Number of nodes 17
EtherApe-INFO: 17:18:18.931: delete node: IP: 140.82.121.4. Number of nodes 16
EtherApe-INFO: 17:18:18.931: delete node: IP: 140.82.112.22. Number of nodes 15
EtherApe-INFO: 17:18:23.437: delete node: IP: 216.58.215.101. Number of nodes 14
EtherApe-INFO: 17:18:32.579: New node: IP: 216.58.215.101. Number of nodes 15
EtherApe-INFO: 17:18:47.849: New node: IPv6: fe80::9ada:c4ff:febf:99a5. Number of nodes 16
EtherApe-INFO: 17:18:47.849: New node: IPv6: ff02::1. Number of nodes 17
EtherApe-INFO: 17:19:16.999: New node: IP: 95.216.195.133. Number of nodes 18
EtherApe-INFO: 17:19:18.869: New node: IP: 35.82.103.10. Number of nodes 19
EtherApe-INFO: 17:19:27.549: New node: IP: 142.250.203.138. Number of nodes 20
EtherApe-INFO: 17:19:38.279: New node: IP: 142.250.203.202. Number of nodes 21
EtherApe-INFO: 17:19:40.639: New node: IP: 216.58.215.69. Number of nodes 22
EtherApe-INFO: 17:19:46.743: delete node: IP: 104.16.248.249. Number of nodes 21
EtherApe-INFO: 17:20:50.887: delete node: IPv6: ff02::1. Number of nodes 20
EtherApe-INFO: 17:20:50.887: delete node: IPv6: fe80::9ada:c4ff:febf:99a5. Number of nodes 19
EtherApe-INFO: 17:21:18.162: delete node: IP: 95.216.195.133. Number of nodes 18
EtherApe-INFO: 17:21:19.506: delete node: IP: 149.154.167.223. Number of nodes 17
EtherApe-INFO: 17:21:19.506: delete node: IP: 35.82.103.10. Number of nodes 16
EtherApe-INFO: 17:21:28.141: delete node: IP: 142.250.203.138. Number of nodes 15
EtherApe-INFO: 17:21:46.009: New node: IP: 149.154.167.223. Number of nodes 16
EtherApe-INFO: 17:22:21.879: New node: IP: 94.158.46.150. Number of nodes 17
EtherApe-INFO: 17:22:32.301: delete node: IP: 172.217.16.3. Number of nodes 16
EtherApe-INFO: 17:23:10.239: New node: IP: 172.217.16.14. Number of nodes 17
EtherApe-INFO: 17:23:33.640: New node: IP: 142.250.203.133. Number of nodes 18
EtherApe-INFO: 17:24:17.059: New node: IP: 95.216.195.133. Number of nodes 19
EtherApe-INFO: 17:24:19.399: New node: IP: 35.82.103.10. Number of nodes 20
EtherApe-INFO: 17:24:20.959: New node: IP: 34.117.237.239. Number of nodes 21
EtherApe-INFO: 17:24:23.126: delete node: IP: 94.158.46.150. Number of nodes 20
EtherApe-INFO: 17:24:29.838: delete node: IP: 142.250.203.202. Number of nodes 19
EtherApe-INFO: 17:24:32.232: delete node: IP: 216.58.215.69. Number of nodes 18
EtherApe-INFO: 17:24:38.120: New node: IP: 216.58.215.68. Number of nodes 19
EtherApe-INFO: 17:25:27.281: delete node: IP: 216.58.215.101. Number of nodes 18
EtherApe-INFO: 17:25:28.039: New node: IP: 34.120.208.123. Number of nodes 19
EtherApe-INFO: 17:25:28.299: New node: IP: 216.58.209.3. Number of nodes 20
EtherApe-INFO: 17:25:29.080: New node: IP: 172.217.16.3. Number of nodes 21
EtherApe-INFO: 17:25:29.080: New node: IP: 172.217.20.193. Number of nodes 22
EtherApe-INFO: 17:25:29.339: New node: IP: 216.58.215.78. Number of nodes 23
EtherApe-INFO: 17:25:29.340: New node: IP: 216.58.215.98. Number of nodes 24
EtherApe-INFO: 17:25:29.599: New node: IP: 142.250.203.194. Number of nodes 25
EtherApe-INFO: 17:25:33.239: New node: IP: 216.58.215.110. Number of nodes 26
EtherApe-INFO: 17:25:34.539: New node: IP: 172.67.153.20. Number of nodes 27
EtherApe-INFO: 17:25:35.319: New node: IP: 104.21.32.169. Number of nodes 28
EtherApe-INFO: 17:25:59.586: delete node: IP: 142.250.75.10. Number of nodes 27
EtherApe-INFO: 17:26:17.494: delete node: IP: 95.216.195.133. Number of nodes 26
EtherApe-INFO: 17:26:19.808: delete node: IP: 35.82.103.10. Number of nodes 25
EtherApe-INFO: 17:26:46.819: New node: IPv6: fe80::9ada:c4ff:febf:99a5. Number of nodes 26
EtherApe-INFO: 17:26:46.819: New node: IPv6: ff02::1. Number of nodes 27
EtherApe-INFO: 17:26:50.199: New node: IP: 149.154.165.111. Number of nodes 28
EtherApe-INFO: 17:27:24.780: New node: IP: 142.250.203.138. Number of nodes 29
EtherApe-INFO: 17:27:25.560: New node: IP: 216.58.209.8. Number of nodes 30
EtherApe-INFO: 17:27:26.079: New node: IP: 172.217.20.209. Number of nodes 31
EtherApe-INFO: 17:27:26.340: New node: IP: 142.250.75.14. Number of nodes 32
EtherApe-INFO: 17:27:26.340: New node: IP: 142.250.203.206. Number of nodes 33
EtherApe-INFO: 17:27:35.744: delete node: IP: 104.21.32.169. Number of nodes 32
EtherApe-INFO: 17:27:37.001: New node: IP: 142.250.186.202. Number of nodes 33
EtherApe-INFO: 17:27:40.381: New node: IP: 142.250.75.10. Number of nodes 34
EtherApe-INFO: 17:27:40.639: New node: IP: 216.58.208.202. Number of nodes 35
EtherApe-INFO: 17:28:15.036: delete node: IP: 149.154.167.223. Number of nodes 34
EtherApe-INFO: 17:28:16.305: delete node: IP: 172.217.16.14. Number of nodes 33
EtherApe-INFO: 17:28:24.680: delete node: IP: 142.250.203.133. Number of nodes 32
EtherApe-INFO: 17:28:34.980: New node: IP: 142.250.186.197. Number of nodes 33
EtherApe-INFO: 17:28:50.360: delete node: IPv6: ff02::1. Number of nodes 32
EtherApe-INFO: 17:28:50.360: delete node: IPv6: fe80::9ada:c4ff:febf:99a5. Number of nodes 31
EtherApe-INFO: 17:29:07.836: delete node: IP: 149.154.165.111. Number of nodes 30
EtherApe-INFO: 17:29:13.041: delete node: IP: 34.117.237.239. Number of nodes 29
EtherApe-INFO: 17:29:16.839: New node: IP: 95.216.195.133. Number of nodes 30
EtherApe-INFO: 17:29:19.700: New node: IP: 35.82.103.10. Number of nodes 31
EtherApe-INFO: 17:29:26.202: delete node: IP: 216.58.209.8. Number of nodes 30
EtherApe-INFO: 17:29:26.728: delete node: IP: 142.250.203.206. Number of nodes 29
EtherApe-INFO: 17:29:26.728: delete node: IP: 142.250.75.14. Number of nodes 28
EtherApe-INFO: 17:29:26.980: New node: IP: 104.18.13.33. Number of nodes 29
EtherApe-INFO: 17:29:35.637: delete node: IP: 142.250.203.138. Number of nodes 28
EtherApe-INFO: 17:29:51.159: New node: IP: 149.154.167.223. Number of nodes 29
EtherApe-INFO: 17:30:18.286: delete node: IP: 142.250.186.202. Number of nodes 28
EtherApe-INFO: 17:30:23.459: New node: IP: 142.250.203.202. Number of nodes 29
EtherApe-INFO: 17:30:42.376: delete node: IP: 172.67.153.20. Number of nodes 28
EtherApe-INFO: 17:31:17.166: delete node: IP: 95.216.195.133. Number of nodes 27
EtherApe-INFO: 17:31:22.203: delete node: IP: 35.82.103.10. Number of nodes 26
EtherApe-INFO: 17:31:27.381: delete node: IP: 104.18.12.33. Number of nodes 25
EtherApe-INFO: 17:32:13.828: delete node: IP: 34.120.208.123. Number of nodes 24
EtherApe-INFO: 17:32:15.658: delete node: IP: 216.58.215.98. Number of nodes 23
EtherApe-INFO: 17:32:15.658: delete node: IP: 142.250.203.194. Number of nodes 22
EtherApe-INFO: 17:32:20.688: delete node: IP: 216.58.215.68. Number of nodes 21
EtherApe-INFO: 17:32:27.830: delete node: IP: 216.58.209.3. Number of nodes 20
EtherApe-INFO: 17:32:27.830: delete node: IP: 172.217.20.209. Number of nodes 19
EtherApe-INFO: 17:32:29.291: New node: IPv6: fe80::9ada:c4ff:febf:99a5. Number of nodes 20
EtherApe-INFO: 17:32:29.291: New node: IPv6: ff02::1. Number of nodes 21
EtherApe-INFO: 17:32:29.391: delete node: IP: 216.58.215.78. Number of nodes 20
EtherApe-INFO: 17:32:32.009: delete node: IP: 216.58.208.202. Number of nodes 19
EtherApe-INFO: 17:32:32.009: delete node: IP: 142.250.75.10. Number of nodes 18
EtherApe-INFO: 17:33:04.599: New node: IP: 149.154.167.50. Number of nodes 19
EtherApe-INFO: 17:33:26.759: New node: IP: 149.154.175.100. Number of nodes 20
EtherApe-INFO: 17:33:26.760: delete node: IP: 172.217.16.3. Number of nodes 19
EtherApe-INFO: 17:33:34.569: New node: IP: 149.154.167.91. Number of nodes 20
EtherApe-INFO: 17:33:35.609: New node: IP: 149.154.167.92. Number of nodes 21
EtherApe-INFO: 17:33:42.629: New node: IP: 91.108.56.188. Number of nodes 22
EtherApe-INFO: 17:33:43.679: New node: IP: 91.108.56.145. Number of nodes 23
EtherApe-INFO: 17:33:50.739: New node: IP: 149.154.175.57. Number of nodes 24
EtherApe-INFO: 17:33:50.739: New node: IP: 149.154.175.50. Number of nodes 25
EtherApe-INFO: 17:33:51.779: New node: IP: 149.154.175.54. Number of nodes 26
EtherApe-INFO: 17:33:53.605: New node: IP: 104.16.248.249. Number of nodes 27
EtherApe-INFO: 17:33:54.909: New node: IP: 142.250.75.10. Number of nodes 28
EtherApe-INFO: 17:34:20.588: delete node: IP: 140.82.112.25. Number of nodes 27
EtherApe-INFO: 17:34:26.915: delete node: IP: 149.154.167.223. Number of nodes 26
EtherApe-INFO: 17:34:29.990: delete node: IPv6: ff02::1. Number of nodes 25
EtherApe-INFO: 17:34:29.990: delete node: IPv6: fe80::9ada:c4ff:febf:99a5. Number of nodes 24
EtherApe-INFO: 17:34:36.432: delete node: IP: 172.217.20.193. Number of nodes 23
EtherApe-INFO: 17:34:45.575: delete node: IP: 142.250.186.197. Number of nodes 22
                                                                                                                                                                                                                                                                                                                                                                                                                                                                                                                                                                                                                                                                        