(etherape:1067): GLib-GIO-DEBUG: 02:10:13.397: _g_io_module_get_default: Found default implementation local (GLocalVfs) for ‘gio-vfs’
EtherApe-INFO: 02:10:13.536: sctp protocol not supported
EtherApe-INFO: 02:10:13.536: dccp protocol not supported
EtherApe-INFO: 02:10:13.536: sctp protocol not supported
EtherApe-INFO: 02:10:13.536: sctp protocol not supported
EtherApe-INFO: 02:10:13.536: sctp protocol not supported
EtherApe-INFO: 02:10:13.536: sctp protocol not supported
EtherApe-INFO: 02:10:13.536: sctp protocol not supported
EtherApe-INFO: 02:10:13.536: sctp protocol not supported
EtherApe-INFO: 02:10:13.537: sctp protocol not supported
EtherApe-INFO: 02:10:13.537: dccp protocol not supported
EtherApe-INFO: 02:10:13.537: sctp protocol not supported
EtherApe-INFO: 02:10:13.537: dccp protocol not supported
EtherApe-INFO: 02:10:13.537: dccp protocol not supported
EtherApe-INFO: 02:10:13.537: sctp protocol not supported
EtherApe-INFO: 02:10:13.537: sctp protocol not supported
EtherApe-INFO: 02:10:13.538: sctp protocol not supported
EtherApe-INFO: 02:10:13.538: sctp protocol not supported
EtherApe-INFO: 02:10:13.538: sctp protocol not supported
EtherApe-INFO: 02:10:13.539: sctp protocol not supported
EtherApe-INFO: 02:10:13.539: sctp protocol not supported
EtherApe-INFO: 02:10:13.539: sctp protocol not supported
EtherApe-INFO: 02:10:13.539: sctp protocol not supported
EtherApe-INFO: 02:10:13.539: sctp protocol not supported
EtherApe-INFO: 02:10:13.540: sctp protocol not supported
EtherApe-INFO: 02:10:13.540: sctp protocol not supported
EtherApe-INFO: 02:10:13.540: sctp protocol not supported
EtherApe-INFO: 02:10:13.540: sctp protocol not supported
EtherApe-INFO: 02:10:13.540: sctp protocol not supported
EtherApe-INFO: 02:10:13.540: dccp protocol not supported
EtherApe-INFO: 02:10:13.541: sctp protocol not supported
EtherApe-INFO: 02:10:13.541: sctp protocol not supported
EtherApe-INFO: 02:10:13.541: dccp protocol not supported
EtherApe-INFO: 02:10:13.541: sctp protocol not supported
EtherApe-INFO: 02:10:13.541: sctp protocol not supported
EtherApe-INFO: 02:10:13.541: sctp protocol not supported
EtherApe-INFO: 02:10:13.541: dccp protocol not supported
EtherApe-INFO: 02:10:13.541: dccp protocol not supported
EtherApe-INFO: 02:10:13.541: sctp protocol not supported
EtherApe-INFO: 02:10:13.541: sctp protocol not supported
EtherApe-INFO: 02:10:13.541: sctp protocol not supported
EtherApe-INFO: 02:10:13.541: sctp protocol not supported
EtherApe-INFO: 02:10:13.541: sctp protocol not supported
EtherApe-INFO: 02:10:13.541: sctp protocol not supported
EtherApe-INFO: 02:10:13.541: sctp protocol not supported
EtherApe-INFO: 02:10:13.541: sctp protocol not supported
EtherApe-INFO: 02:10:13.541: sctp protocol not supported
EtherApe-INFO: 02:10:13.541: sctp protocol not supported
EtherApe-INFO: 02:10:13.541: sctp protocol not supported
EtherApe-INFO: 02:10:13.541: sctp protocol not supported
EtherApe-INFO: 02:10:13.541: sctp protocol not supported
EtherApe-INFO: 02:10:13.542: dccp protocol not supported
EtherApe-INFO: 02:10:13.542: sctp protocol not supported
EtherApe-INFO: 02:10:13.542: sctp protocol not supported
EtherApe-INFO: 02:10:13.542: sctp protocol not supported
EtherApe-INFO: 02:10:13.542: sctp protocol not supported
EtherApe-INFO: 02:10:13.542: sctp protocol not supported
EtherApe-INFO: 02:10:13.542: sctp protocol not supported
EtherApe-INFO: 02:10:13.542: sctp protocol not supported
EtherApe-INFO: 02:10:13.542: sctp protocol not supported
EtherApe-INFO: 02:10:13.542: sctp protocol not supported
EtherApe-INFO: 02:10:13.542: sctp protocol not supported
EtherApe-INFO: 02:10:13.542: sctp protocol not supported
EtherApe-INFO: 02:10:13.542: sctp protocol not supported
EtherApe-INFO: 02:10:13.542: sctp protocol not supported
EtherApe-INFO: 02:10:13.543: sctp protocol not supported
EtherApe-INFO: 02:10:13.543: sctp protocol not supported
EtherApe-INFO: 02:10:13.543: sctp protocol not supported
EtherApe-INFO: 02:10:13.543: sctp protocol not supported
EtherApe-INFO: 02:10:13.543: sctp protocol not supported
EtherApe-INFO: 02:10:13.543: sctp protocol not supported
EtherApe-INFO: 02:10:13.543: sctp protocol not supported
EtherApe-INFO: 02:10:13.543: sctp protocol not supported
EtherApe-INFO: 02:10:13.543: sctp protocol not supported
EtherApe-INFO: 02:10:13.543: sctp protocol not supported
EtherApe-INFO: 02:10:13.543: sctp protocol not supported
EtherApe-INFO: 02:10:13.543: sctp protocol not supported
EtherApe-INFO: 02:10:13.543: sctp protocol not supported
EtherApe-INFO: 02:10:13.543: sctp protocol not supported
EtherApe-INFO: 02:10:13.543: sctp protocol not supported
EtherApe-INFO: 02:10:13.543: sctp protocol not supported
EtherApe-INFO: 02:10:13.543: sctp protocol not supported
EtherApe-INFO: 02:10:13.543: sctp protocol not supported
EtherApe-INFO: 02:10:13.543: sctp protocol not supported
EtherApe-INFO: 02:10:13.543: sctp protocol not supported
EtherApe-INFO: 02:10:13.543: sctp protocol not supported
EtherApe-INFO: 02:10:13.543: sctp protocol not supported
EtherApe-INFO: 02:10:13.543: sctp protocol not supported
EtherApe-INFO: 02:10:13.589: get_interface result: ''
EtherApe-INFO: 02:10:13.589: Available interfaces for capture: dbus-session dbus-system nfqueue nflog bluetooth-monitor enp0s25 lo any wlp3s0
EtherApe-INFO: 02:10:13.605: Link type is LINUX_SLL
EtherApe-INFO: 02:10:13.605: Diagram started
EtherApe-INFO: 02:10:17.598: New node: IP: 140.82.113.26. Number of nodes 1
EtherApe-INFO: 02:10:17.598: New node: IP: 192.168.2.132. Number of nodes 2
EtherApe-INFO: 02:10:17.865: New node: IP: 142.250.75.10. Number of nodes 3
EtherApe-INFO: 02:10:21.332: New node: IP: 192.168.2.1. Number of nodes 4
EtherApe-INFO: 02:10:33.332: New node: IP: 149.154.167.51. Number of nodes 5
EtherApe-INFO: 02:10:38.400: New node: IP: 108.177.14.189. Number of nodes 6
EtherApe-INFO: 02:10:39.465: New node: IP: 79.142.192.130. Number of nodes 7
EtherApe-INFO: 02:10:49.865: New node: IP: 104.16.249.249. Number of nodes 8
EtherApe-INFO: 02:10:50.932: New node: IP: 34.107.221.82. Number of nodes 9
EtherApe-INFO: 02:10:50.932: New node: IP: 34.117.237.239. Number of nodes 10
EtherApe-INFO: 02:10:50.933: New node: IP: 13.32.27.65. Number of nodes 11
EtherApe-INFO: 02:10:50.933: New node: IP: 142.250.186.202. Number of nodes 12
EtherApe-INFO: 02:10:50.933: New node: IP: 18.66.248.43. Number of nodes 13
EtherApe-INFO: 02:10:50.934: New node: IP: 54.189.175.5. Number of nodes 14
EtherApe-INFO: 02:10:50.934: New node: IP: 54.214.186.87. Number of nodes 15
EtherApe-INFO: 02:10:50.934: New node: IP: 52.34.119.3. Number of nodes 16
EtherApe-INFO: 02:10:50.934: New node: IP: 34.120.208.123. Number of nodes 17
EtherApe-INFO: 02:10:50.934: New node: IP: 104.18.13.33. Number of nodes 18
EtherApe-INFO: 02:10:50.935: New node: IP: 142.250.203.142. Number of nodes 19
EtherApe-INFO: 02:10:50.935: New node: IP: 216.58.215.101. Number of nodes 20
EtherApe-INFO: 02:10:50.935: New node: IP: 140.82.121.3. Number of nodes 21
EtherApe-INFO: 02:10:50.937: New node: IP: 34.210.106.10. Number of nodes 22
EtherApe-INFO: 02:10:50.938: New node: IP: 104.16.248.249. Number of nodes 23
EtherApe-INFO: 02:10:52.532: New node: IP: 87.245.216.9. Number of nodes 24
EtherApe-INFO: 02:10:52.534: New node: IP: 142.250.203.195. Number of nodes 25
EtherApe-INFO: 02:10:52.535: New node: IP: 93.184.220.29. Number of nodes 26
EtherApe-INFO: 02:10:52.799: New node: IP: 65.9.63.48. Number of nodes 27
EtherApe-INFO: 02:10:52.802: New node: IP: 142.250.203.131. Number of nodes 28
EtherApe-INFO: 02:10:53.067: New node: IP: 35.186.227.140. Number of nodes 29
EtherApe-INFO: 02:10:53.355: New node: IP: 172.217.16.54. Number of nodes 30
EtherApe-INFO: 02:10:53.357: New node: IP: 142.250.203.202. Number of nodes 31
EtherApe-INFO: 02:10:53.609: New node: IP: 176.122.110.204. Number of nodes 32
EtherApe-INFO: 02:10:53.611: New node: IP: 185.199.108.154. Number of nodes 33
EtherApe-INFO: 02:10:54.175: New node: IP: 104.18.12.33. Number of nodes 34
EtherApe-INFO: 02:10:54.187: New node: IP: 216.58.209.3. Number of nodes 35
EtherApe-INFO: 02:10:54.686: New node: IP: 185.199.111.133. Number of nodes 36
EtherApe-INFO: 02:10:56.008: New node: IP: 216.58.208.195. Number of nodes 37
EtherApe-INFO: 02:10:56.299: New node: IP: 176.122.113.77. Number of nodes 38
EtherApe-INFO: 02:10:56.803: New node: IP: 140.82.114.21. Number of nodes 39
EtherApe-INFO: 02:10:56.808: New node: IP: 172.66.40.203. Number of nodes 40
EtherApe-INFO: 02:10:57.347: New node: IP: 172.64.156.26. Number of nodes 41
EtherApe-INFO: 02:10:57.348: New node: IP: 104.18.47.230. Number of nodes 42
EtherApe-INFO: 02:11:02.964: New node: IP: 172.217.16.34. Number of nodes 43
EtherApe-INFO: 02:11:03.241: New node: IP: 216.58.215.72. Number of nodes 44
EtherApe-INFO: 02:11:03.248: New node: IP: 216.58.209.1. Number of nodes 45
EtherApe-INFO: 02:11:03.480: New node: IP: 216.58.209.2. Number of nodes 46
EtherApe-INFO: 02:11:03.733: New node: IP: 142.250.203.193. Number of nodes 47
EtherApe-INFO: 02:11:03.733: New node: IP: 142.250.203.196. Number of nodes 48
EtherApe-INFO: 02:11:04.000: New node: IP: 142.250.203.206. Number of nodes 49
EtherApe-INFO: 02:11:04.009: New node: IP: 140.82.121.5. Number of nodes 50
EtherApe-INFO: 02:11:04.291: New node: IP: 216.58.208.206. Number of nodes 51
EtherApe-INFO: 02:11:04.292: New node: IP: 142.250.75.14. Number of nodes 52
EtherApe-INFO: 02:11:04.816: New node: IP: 216.58.215.110. Number of nodes 53
EtherApe-INFO: 02:11:05.075: New node: IP: 142.250.75.2. Number of nodes 54
EtherApe-INFO: 02:11:05.875: New node: IP: 172.217.20.174. Number of nodes 55
EtherApe-INFO: 02:11:06.133: New node: IP: 216.58.215.98. Number of nodes 56
EtherApe-INFO: 02:11:06.133: New node: IP: 172.217.16.2. Number of nodes 57
EtherApe-INFO: 02:11:06.134: New node: IP: 142.250.203.130. Number of nodes 58
EtherApe-INFO: 02:11:08.001: New node: IP: 216.58.215.74. Number of nodes 59
EtherApe-INFO: 02:11:08.006: New node: IP: 142.250.186.198. Number of nodes 60
EtherApe-INFO: 02:11:08.266: New node: IP: 216.58.209.14. Number of nodes 61
EtherApe-INFO: 02:11:10.667: New node: IP: 142.250.75.3. Number of nodes 62
EtherApe-INFO: 02:11:11.200: New node: IP: 35.186.253.211. Number of nodes 63
EtherApe-INFO: 02:11:11.200: New node: IP: 91.228.74.208. Number of nodes 64
EtherApe-INFO: 02:11:11.467: New node: IP: 54.64.206.14. Number of nodes 65
EtherApe-INFO: 02:11:11.467: New node: IP: 18.170.144.30. Number of nodes 66
EtherApe-INFO: 02:11:11.468: New node: IP: 172.217.20.194. Number of nodes 67
EtherApe-INFO: 02:11:11.468: New node: IP: 198.47.127.19. Number of nodes 68
EtherApe-INFO: 02:11:11.468: New node: IP: 69.173.144.165. Number of nodes 69
EtherApe-INFO: 02:11:11.747: New node: IP: 2.23.110.21. Number of nodes 70
EtherApe-INFO: 02:11:12.270: New node: IP: 35.244.174.68. Number of nodes 71
EtherApe-INFO: 02:11:12.799: New node: IP: 216.58.209.5. Number of nodes 72
EtherApe-INFO: 02:11:13.602: New node: IP: 104.18.32.68. Number of nodes 73
EtherApe-INFO: 02:11:14.134: New node: IP: 142.250.203.138. Number of nodes 74
EtherApe-INFO: 02:11:15.201: New node: IP: 173.194.222.157. Number of nodes 75
EtherApe-INFO: 02:11:17.600: New node: IP: 172.217.20.202. Number of nodes 76
EtherApe-INFO: 02:11:18.679: New node: IP: 216.58.215.78. Number of nodes 77
EtherApe-INFO: 02:11:18.682: New node: IP: 176.122.110.205. Number of nodes 78
EtherApe-INFO: 02:11:20.800: New node: IP: 66.102.1.189. Number of nodes 79
EtherApe-INFO: 02:11:33.333: New node: IP: 216.58.215.106. Number of nodes 80
EtherApe-INFO: 02:11:35.465: New node: IP: 172.217.16.42. Number of nodes 81
EtherApe-INFO: 02:11:50.132: New node: IP: 142.250.203.150. Number of nodes 82
EtherApe-INFO: 02:12:53.640: delete node: IP: 34.210.106.10. Number of nodes 81
EtherApe-INFO: 02:12:54.760: delete node: IP: 104.18.12.33. Number of nodes 80
EtherApe-INFO: 02:12:57.918: delete node: IP: 172.64.156.26. Number of nodes 79
EtherApe-INFO: 02:13:03.820: delete node: IP: 54.214.186.87. Number of nodes 78
EtherApe-INFO: 02:13:04.799: New node: IP: 216.58.208.194. Number of nodes 79
EtherApe-INFO: 02:13:06.493: delete node: IP: 142.250.75.14. Number of nodes 78
EtherApe-INFO: 02:13:06.951: delete node: IP: 142.250.203.130. Number of nodes 77
EtherApe-INFO: 02:13:10.175: delete node: IP: 172.217.16.2. Number of nodes 76
EtherApe-INFO: 02:13:10.175: delete node: IP: 142.250.186.198. Number of nodes 75
EtherApe-INFO: 02:13:11.302: delete node: IP: 142.250.203.202. Number of nodes 74
EtherApe-INFO: 02:13:13.098: delete node: IP: 142.250.75.2. Number of nodes 73
EtherApe-INFO: 02:13:14.439: delete node: IP: 172.217.20.194. Number of nodes 72
EtherApe-INFO: 02:13:14.439: delete node: IP: 35.186.253.211. Number of nodes 71
EtherApe-INFO: 02:13:16.339: delete node: IP: 35.244.174.68. Number of nodes 70
EtherApe-INFO: 02:13:18.234: delete node: IP: 216.58.215.72. Number of nodes 69
EtherApe-INFO: 02:13:18.783: delete node: IP: 216.58.209.1. Number of nodes 68
EtherApe-INFO: 02:13:20.076: delete node: IP: 216.58.208.206. Number of nodes 67
EtherApe-INFO: 02:13:22.427: delete node: IP: 216.58.215.78. Number of nodes 66
EtherApe-INFO: 02:13:29.865: New node: IP: 216.58.208.206. Number of nodes 67
EtherApe-INFO: 02:13:33.332: New node: IP: 35.164.163.28. Number of nodes 68
EtherApe-INFO: 02:13:33.689: delete node: IP: 216.58.215.106. Number of nodes 67
EtherApe-INFO: 02:13:37.934: delete node: IP: 142.250.203.138. Number of nodes 66
EtherApe-INFO: 02:13:39.844: delete node: IP: 108.177.14.189. Number of nodes 65
EtherApe-INFO: 02:13:44.005: delete node: IP: 79.142.192.130. Number of nodes 64
EtherApe-INFO: 02:13:48.335: delete node: IP: 142.250.186.202. Number of nodes 63
EtherApe-INFO: 02:13:51.005: delete node: IP: 216.58.209.2. Number of nodes 62
EtherApe-INFO: 02:13:51.005: delete node: IP: 142.250.203.196. Number of nodes 61
EtherApe-INFO: 02:13:51.005: delete node: IP: 142.250.203.193. Number of nodes 60
EtherApe-INFO: 02:13:51.006: delete node: IP: 142.250.75.3. Number of nodes 59
EtherApe-INFO: 02:13:51.998: New node: IP: 79.142.192.130. Number of nodes 60
EtherApe-INFO: 02:13:54.958: delete node: IP: 54.189.175.5. Number of nodes 59
EtherApe-INFO: 02:13:54.959: delete node: IP: 52.34.119.3. Number of nodes 58
EtherApe-INFO: 02:14:14.132: New node: IP: 172.217.20.206. Number of nodes 59
EtherApe-INFO: 02:14:14.192: delete node: IP: 91.228.74.208. Number of nodes 58
EtherApe-INFO: 02:14:38.398: New node: IP: 95.216.195.133. Number of nodes 59
EtherApe-INFO: 02:14:38.772: delete node: IP: 176.122.110.204. Number of nodes 58
EtherApe-INFO: 02:14:50.947: delete node: IP: 142.250.203.195. Number of nodes 57
EtherApe-INFO: 02:14:50.947: delete node: IP: 87.245.216.9. Number of nodes 56
EtherApe-INFO: 02:14:50.947: delete node: IP: 65.9.63.48. Number of nodes 55
EtherApe-INFO: 02:14:50.947: delete node: IP: 18.66.248.43. Number of nodes 54
EtherApe-INFO: 02:14:53.890: delete node: IP: 176.122.113.77. Number of nodes 53
EtherApe-INFO: 02:14:58.414: delete node: IP: 142.250.203.142. Number of nodes 52
EtherApe-INFO: 02:15:11.205: delete node: IP: 104.18.32.68. Number of nodes 51
EtherApe-INFO: 02:15:11.205: delete node: IP: 93.184.220.29. Number of nodes 50
EtherApe-INFO: 02:15:11.205: delete node: IP: 69.173.144.165. Number of nodes 49
EtherApe-INFO: 02:15:11.205: delete node: IP: 2.23.110.21. Number of nodes 48
EtherApe-INFO: 02:15:25.428: delete node: IP: 142.250.75.10. Number of nodes 47
EtherApe-INFO: 02:15:43.483: delete node: IP: 142.250.203.206. Number of nodes 46
EtherApe-INFO: 02:15:43.483: delete node: IP: 34.117.237.239. Number of nodes 45
EtherApe-INFO: 02:15:43.484: delete node: IP: 13.32.27.65. Number of nodes 44
EtherApe-INFO: 02:15:44.542: delete node: IP: 34.120.208.123. Number of nodes 43
EtherApe-INFO: 02:15:45.602: delete node: IP: 185.199.111.133. Number of nodes 42
EtherApe-INFO: 02:15:45.602: delete node: IP: 104.18.13.33. Number of nodes 41
EtherApe-INFO: 02:15:45.865: New node: IP: 34.117.237.239. Number of nodes 42
EtherApe-INFO: 02:15:46.231: delete node: IP: 142.250.203.131. Number of nodes 41
EtherApe-INFO: 02:15:47.527: delete node: IP: 140.82.121.3. Number of nodes 40
EtherApe-INFO: 02:15:48.577: delete node: IP: 185.199.108.154. Number of nodes 39
EtherApe-INFO: 02:15:48.577: delete node: IP: 140.82.114.21. Number of nodes 38
EtherApe-INFO: 02:15:48.577: delete node: IP: 104.18.47.230. Number of nodes 37
EtherApe-INFO: 02:15:49.110: delete node: IP: 176.122.110.205. Number of nodes 36
EtherApe-INFO: 02:15:51.563: delete node: IP: 35.186.227.140. Number of nodes 35
EtherApe-INFO: 02:15:52.095: delete node: IP: 79.142.192.130. Number of nodes 34
EtherApe-INFO: 02:15:52.265: New node: IP: 216.58.208.196. Number of nodes 35
EtherApe-INFO: 02:15:53.065: New node: IP: 34.210.106.10. Number of nodes 36
EtherApe-INFO: 02:15:54.977: delete node: IP: 172.66.40.203. Number of nodes 35
EtherApe-INFO: 02:15:55.303: delete node: IP: 172.217.16.34. Number of nodes 34
EtherApe-INFO: 02:15:56.275: delete node: IP: 140.82.121.5. Number of nodes 33
EtherApe-INFO: 02:15:58.216: delete node: IP: 216.58.215.98. Number of nodes 32
EtherApe-INFO: 02:16:02.408: delete node: IP: 216.58.209.14. Number of nodes 31
EtherApe-INFO: 02:16:02.408: delete node: IP: 216.58.208.195. Number of nodes 30
EtherApe-INFO: 02:16:05.065: New node: IP: 216.58.209.14. Number of nodes 31
EtherApe-INFO: 02:16:05.096: delete node: IP: 198.47.127.19. Number of nodes 30
EtherApe-INFO: 02:16:05.096: delete node: IP: 54.64.206.14. Number of nodes 29
EtherApe-INFO: 02:16:05.096: delete node: IP: 35.164.163.28. Number of nodes 28
EtherApe-INFO: 02:16:05.096: delete node: IP: 18.170.144.30. Number of nodes 27
EtherApe-INFO: 02:16:10.234: delete node: IP: 216.58.215.110. Number of nodes 26
EtherApe-INFO: 02:16:10.234: delete node: IP: 216.58.215.74. Number of nodes 25
EtherApe-INFO: 02:16:10.235: delete node: IP: 216.58.209.5. Number of nodes 24
EtherApe-INFO: 02:16:10.235: delete node: IP: 173.194.222.157. Number of nodes 23
EtherApe-INFO: 02:16:29.416: delete node: IP: 172.217.20.202. Number of nodes 22
EtherApe-INFO: 02:16:39.031: delete node: IP: 95.216.195.133. Number of nodes 21
EtherApe-INFO: 02:16:44.016: delete node: IP: 142.250.203.150. Number of nodes 20
EtherApe-INFO: 02:16:45.074: delete node: IP: 172.217.16.54. Number of nodes 19
EtherApe-INFO: 02:17:20.326: delete node: IP: 172.217.20.206. Number of nodes 18
EtherApe-INFO: 02:17:20.326: delete node: IP: 34.107.221.82. Number of nodes 17
EtherApe-INFO: 02:17:55.289: delete node: IP: 216.58.208.194. Number of nodes 16
EtherApe-INFO: 02:17:55.289: delete node: IP: 34.210.106.10. Number of nodes 15
EtherApe-INFO: 02:18:07.998: New node: IP: 79.142.192.130. Number of nodes 16
EtherApe-INFO: 02:18:08.094: delete node: IP: 216.58.209.14. Number of nodes 15
EtherApe-INFO: 02:18:38.132: New node: IP: 142.250.203.142. Number of nodes 16
EtherApe-INFO: 02:19:28.531: New node: IPv6: fe80::9ada:c4ff:febf:99a5. Number of nodes 17
EtherApe-INFO: 02:19:28.532: New node: IPv6: ff02::1. Number of nodes 18
EtherApe-INFO: 02:19:38.398: New node: IP: 95.216.195.133. Number of nodes 19
EtherApe-INFO: 02:20:05.332: New node: IP: 142.250.75.5. Number of nodes 20
EtherApe-INFO: 02:20:06.399: New node: IP: 142.250.203.131. Number of nodes 21
EtherApe-INFO: 02:20:21.380: delete node: IP: 216.58.209.3. Number of nodes 20
EtherApe-INFO: 02:20:24.373: delete node: IP: 79.142.192.130. Number of nodes 19
EtherApe-INFO: 02:20:40.097: delete node: IP: 216.58.208.206. Number of nodes 18
EtherApe-INFO: 02:20:40.098: delete node: IP: 34.117.237.239. Number of nodes 17
EtherApe-INFO: 02:20:53.332: New node: IP: 34.210.106.10. Number of nodes 18
EtherApe-INFO: 02:21:05.332: New node: IP: 172.217.20.206. Number of nodes 19
EtherApe-INFO: 02:21:28.579: delete node: IPv6: ff02::1. Number of nodes 18
EtherApe-INFO: 02:21:28.579: delete node: IPv6: fe80::9ada:c4ff:febf:99a5. Number of nodes 17
EtherApe-INFO: 02:21:38.975: delete node: IP: 95.216.195.133. Number of nodes 16
EtherApe-INFO: 02:21:58.218: delete node: IP: 216.58.215.101. Number of nodes 15
EtherApe-INFO: 02:22:25.948: delete node: IP: 172.217.20.174. Number of nodes 14
EtherApe-INFO: 02:22:52.053: delete node: IP: 216.58.208.196. Number of nodes 13
EtherApe-INFO: 02:22:58.185: delete node: IP: 34.210.106.10. Number of nodes 12
EtherApe-INFO: 02:23:41.332: New node: IPv6: fe80::9ada:c4ff:febf:99a5. Number of nodes 13
EtherApe-INFO: 02:23:41.332: New node: IPv6: ff02::1. Number of nodes 14
EtherApe-INFO: 02:24:08.088: delete node: IP: 142.250.203.131. Number of nodes 13
EtherApe-INFO: 02:24:08.532: New node: IP: 142.250.203.131. Number of nodes 14
EtherApe-INFO: 02:24:38.398: New node: IP: 95.216.195.133. Number of nodes 15
EtherApe-INFO: 02:24:45.065: New node: IP: 176.122.110.205. Number of nodes 16
EtherApe-INFO: 02:25:44.058: delete node: IPv6: ff02::1. Number of nodes 15
EtherApe-INFO: 02:25:44.058: delete node: IPv6: fe80::9ada:c4ff:febf:99a5. Number of nodes 14
EtherApe-INFO: 02:25:53.332: New node: IP: 34.210.106.10. Number of nodes 15
EtherApe-INFO: 02:26:08.532: New node: IP: 216.58.215.106. Number of nodes 16
EtherApe-INFO: 02:26:08.570: delete node: IP: 142.250.203.131. Number of nodes 15
EtherApe-INFO: 02:26:09.598: New node: IP: 142.250.203.131. Number of nodes 16
EtherApe-INFO: 02:26:43.214: delete node: IP: 95.216.195.133. Number of nodes 15
EtherApe-INFO: 02:26:55.732: New node: IP: 79.142.192.130. Number of nodes 16
EtherApe-INFO: 02:27:05.598: New node: IPv6: fe80::9ada:c4ff:febf:99a5. Number of nodes 17
EtherApe-INFO: 02:27:05.598: New node: IPv6: ff02::1. Number of nodes 18
EtherApe-INFO: 02:27:56.543: delete node: IP: 34.210.106.10. Number of nodes 17
EtherApe-INFO: 02:27:57.897: delete node: IP: 142.250.75.5. Number of nodes 16
EtherApe-INFO: 02:28:07.732: New node: IP: 142.250.75.5. Number of nodes 17
EtherApe-INFO: 02:28:55.775: delete node: IP: 79.142.192.130. Number of nodes 16
EtherApe-INFO: 02:29:06.768: delete node: IPv6: ff02::1. Number of nodes 15
EtherApe-INFO: 02:29:06.768: delete node: IPv6: fe80::9ada:c4ff:febf:99a5. Number of nodes 14
EtherApe-INFO: 02:29:08.798: New node: IP: 172.217.20.174. Number of nodes 15
EtherApe-INFO: 02:29:38.398: New node: IP: 95.216.195.133. Number of nodes 16
EtherApe-INFO: 02:30:11.555: delete node: IP: 142.250.203.131. Number of nodes 15
EtherApe-INFO: 02:30:11.735: New node: IP: 142.250.203.131. Number of nodes 16
EtherApe-INFO: 02:30:34.931: New node: IPv6: fe80::9ada:c4ff:febf:99a5. Number of nodes 17
EtherApe-INFO: 02:30:34.932: New node: IPv6: ff02::1. Number of nodes 18
EtherApe-INFO: 02:30:42.132: New node: IP: 216.58.208.196. Number of nodes 19
EtherApe-INFO: 02:30:45.865: New node: IP: 34.117.237.239. Number of nodes 20
EtherApe-INFO: 02:30:53.598: New node: IP: 34.210.106.10. Number of nodes 21
EtherApe-INFO: 02:30:56.831: delete node: IP: 172.217.20.206. Number of nodes 20
EtherApe-INFO: 02:31:01.887: delete node: IP: 216.58.215.106. Number of nodes 19
EtherApe-INFO: 02:31:38.487: delete node: IP: 95.216.195.133. Number of nodes 18
EtherApe-INFO: 02:31:41.335: New node: IP: 149.154.167.50. Number of nodes 19
EtherApe-INFO: 02:32:37.887: delete node: IPv6: ff02::1. Number of nodes 18
EtherApe-INFO: 02:32:37.887: delete node: IPv6: fe80::9ada:c4ff:febf:99a5. Number of nodes 17
EtherApe-INFO: 02:32:53.907: delete node: IP: 34.210.106.10. Number of nodes 16
EtherApe-INFO: 02:33:42.432: delete node: IP: 149.154.167.50. Number of nodes 15
EtherApe-INFO: 02:34:13.068: New node: IP: 216.58.209.3. Number of nodes 16
EtherApe-INFO: 02:34:13.106: delete node: IP: 142.250.203.131. Number of nodes 15
EtherApe-INFO: 02:34:38.398: New node: IP: 95.216.195.133. Number of nodes 16
EtherApe-INFO: 02:34:58.132: New node: IPv6: fe80::9ada:c4ff:febf:99a5. Number of nodes 17
EtherApe-INFO: 02:34:58.132: New node: IPv6: ff02::1. Number of nodes 18
EtherApe-INFO: 02:35:37.935: delete node: IP: 216.58.208.196. Number of nodes 17
EtherApe-INFO: 02:35:37.935: delete node: IP: 34.117.237.239. Number of nodes 16
EtherApe-INFO: 02:35:53.868: New node: IP: 34.210.106.10. Number of nodes 17
EtherApe-INFO: 02:36:40.807: delete node: IP: 95.216.195.133. Number of nodes 16
EtherApe-INFO: 02:36:58.164: delete node: IPv6: ff02::1. Number of nodes 15
EtherApe-INFO: 02:36:58.164: delete node: IPv6: fe80::9ada:c4ff:febf:99a5. Number of nodes 14
EtherApe-INFO: 02:37:57.343: delete node: IP: 34.210.106.10. Number of nodes 13
EtherApe-INFO: 02:38:00.029: delete node: IP: 142.250.75.5. Number of nodes 12
EtherApe-INFO: 02:38:09.065: New node: IP: 216.58.215.101. Number of nodes 13
EtherApe-INFO: 02:39:04.599: delete node: IP: 176.122.110.205. Number of nodes 12
EtherApe-INFO: 02:39:07.732: New node: IP: 142.250.75.10. Number of nodes 13
EtherApe-INFO: 02:39:09.065: New node: IP: 176.122.110.205. Number of nodes 14
EtherApe-INFO: 02:39:09.332: New node: IP: 172.217.20.182. Number of nodes 15
EtherApe-INFO: 02:39:09.332: New node: IP: 142.250.203.129. Number of nodes 16
EtherApe-INFO: 02:39:22.665: New node: IP: 176.122.110.206. Number of nodes 17
EtherApe-INFO: 02:39:22.667: New node: IP: 216.58.208.195. Number of nodes 18
EtherApe-INFO: 02:39:22.677: New node: IP: 142.250.186.214. Number of nodes 19
EtherApe-INFO: 02:39:23.199: New node: IP: 216.58.208.196. Number of nodes 20
EtherApe-INFO: 02:39:23.465: New node: IP: 142.250.203.195. Number of nodes 21
EtherApe-INFO: 02:39:38.398: New node: IP: 95.216.195.133. Number of nodes 22
EtherApe-INFO: 02:39:53.065: New node: IP: 176.122.113.13. Number of nodes 23
EtherApe-INFO: 02:39:53.068: New node: IP: 74.125.15.211. Number of nodes 24
EtherApe-INFO: 02:39:58.133: New node: IP: 140.82.114.25. Number of nodes 25
EtherApe-INFO: 02:40:15.229: delete node: IP: 216.58.209.3. Number of nodes 24
EtherApe-INFO: 02:40:15.465: New node: IP: 142.250.203.131. Number of nodes 25
