(etherape:5206): GLib-GIO-DEBUG: 13:30:21.828: _g_io_module_get_default: Found default implementation local (GLocalVfs) for ‘gio-vfs’
EtherApe-INFO: 13:30:21.997: sctp protocol not supported
EtherApe-INFO: 13:30:21.997: dccp protocol not supported
EtherApe-INFO: 13:30:21.997: sctp protocol not supported
EtherApe-INFO: 13:30:21.997: sctp protocol not supported
EtherApe-INFO: 13:30:21.997: sctp protocol not supported
EtherApe-INFO: 13:30:21.997: sctp protocol not supported
EtherApe-INFO: 13:30:21.998: sctp protocol not supported
EtherApe-INFO: 13:30:21.998: sctp protocol not supported
EtherApe-INFO: 13:30:21.998: sctp protocol not supported
EtherApe-INFO: 13:30:21.998: dccp protocol not supported
EtherApe-INFO: 13:30:21.998: sctp protocol not supported
EtherApe-INFO: 13:30:21.998: dccp protocol not supported
EtherApe-INFO: 13:30:21.998: dccp protocol not supported
EtherApe-INFO: 13:30:21.998: sctp protocol not supported
EtherApe-INFO: 13:30:21.999: sctp protocol not supported
EtherApe-INFO: 13:30:21.999: sctp protocol not supported
EtherApe-INFO: 13:30:22.000: sctp protocol not supported
EtherApe-INFO: 13:30:22.000: sctp protocol not supported
EtherApe-INFO: 13:30:22.001: sctp protocol not supported
EtherApe-INFO: 13:30:22.001: sctp protocol not supported
EtherApe-INFO: 13:30:22.001: sctp protocol not supported
EtherApe-INFO: 13:30:22.001: sctp protocol not supported
EtherApe-INFO: 13:30:22.001: sctp protocol not supported
EtherApe-INFO: 13:30:22.002: sctp protocol not supported
EtherApe-INFO: 13:30:22.002: sctp protocol not supported
EtherApe-INFO: 13:30:22.002: sctp protocol not supported
EtherApe-INFO: 13:30:22.002: sctp protocol not supported
EtherApe-INFO: 13:30:22.003: sctp protocol not supported
EtherApe-INFO: 13:30:22.003: dccp protocol not supported
EtherApe-INFO: 13:30:22.003: sctp protocol not supported
EtherApe-INFO: 13:30:22.003: sctp protocol not supported
EtherApe-INFO: 13:30:22.003: dccp protocol not supported
EtherApe-INFO: 13:30:22.003: sctp protocol not supported
EtherApe-INFO: 13:30:22.003: sctp protocol not supported
EtherApe-INFO: 13:30:22.003: sctp protocol not supported
EtherApe-INFO: 13:30:22.004: dccp protocol not supported
EtherApe-INFO: 13:30:22.004: dccp protocol not supported
EtherApe-INFO: 13:30:22.004: sctp protocol not supported
EtherApe-INFO: 13:30:22.004: sctp protocol not supported
EtherApe-INFO: 13:30:22.004: sctp protocol not supported
EtherApe-INFO: 13:30:22.004: sctp protocol not supported
EtherApe-INFO: 13:30:22.004: sctp protocol not supported
EtherApe-INFO: 13:30:22.004: sctp protocol not supported
EtherApe-INFO: 13:30:22.004: sctp protocol not supported
EtherApe-INFO: 13:30:22.004: sctp protocol not supported
EtherApe-INFO: 13:30:22.005: sctp protocol not supported
EtherApe-INFO: 13:30:22.005: sctp protocol not supported
EtherApe-INFO: 13:30:22.005: sctp protocol not supported
EtherApe-INFO: 13:30:22.005: sctp protocol not supported
EtherApe-INFO: 13:30:22.005: sctp protocol not supported
EtherApe-INFO: 13:30:22.005: dccp protocol not supported
EtherApe-INFO: 13:30:22.005: sctp protocol not supported
EtherApe-INFO: 13:30:22.005: sctp protocol not supported
EtherApe-INFO: 13:30:22.005: sctp protocol not supported
EtherApe-INFO: 13:30:22.005: sctp protocol not supported
EtherApe-INFO: 13:30:22.005: sctp protocol not supported
EtherApe-INFO: 13:30:22.005: sctp protocol not supported
EtherApe-INFO: 13:30:22.005: sctp protocol not supported
EtherApe-INFO: 13:30:22.005: sctp protocol not supported
EtherApe-INFO: 13:30:22.006: sctp protocol not supported
EtherApe-INFO: 13:30:22.006: sctp protocol not supported
EtherApe-INFO: 13:30:22.006: sctp protocol not supported
EtherApe-INFO: 13:30:22.006: sctp protocol not supported
EtherApe-INFO: 13:30:22.006: sctp protocol not supported
EtherApe-INFO: 13:30:22.006: sctp protocol not supported
EtherApe-INFO: 13:30:22.006: sctp protocol not supported
EtherApe-INFO: 13:30:22.006: sctp protocol not supported
EtherApe-INFO: 13:30:22.006: sctp protocol not supported
EtherApe-INFO: 13:30:22.006: sctp protocol not supported
EtherApe-INFO: 13:30:22.006: sctp protocol not supported
EtherApe-INFO: 13:30:22.006: sctp protocol not supported
EtherApe-INFO: 13:30:22.006: sctp protocol not supported
EtherApe-INFO: 13:30:22.006: sctp protocol not supported
EtherApe-INFO: 13:30:22.006: sctp protocol not supported
EtherApe-INFO: 13:30:22.006: sctp protocol not supported
EtherApe-INFO: 13:30:22.006: sctp protocol not supported
EtherApe-INFO: 13:30:22.006: sctp protocol not supported
EtherApe-INFO: 13:30:22.006: sctp protocol not supported
EtherApe-INFO: 13:30:22.006: sctp protocol not supported
EtherApe-INFO: 13:30:22.006: sctp protocol not supported
EtherApe-INFO: 13:30:22.006: sctp protocol not supported
EtherApe-INFO: 13:30:22.006: sctp protocol not supported
EtherApe-INFO: 13:30:22.007: sctp protocol not supported
EtherApe-INFO: 13:30:22.007: sctp protocol not supported
EtherApe-INFO: 13:30:22.007: sctp protocol not supported
EtherApe-INFO: 13:30:22.007: sctp protocol not supported
EtherApe-INFO: 13:30:22.007: sctp protocol not supported
EtherApe-INFO: 13:30:22.209: get_interface result: ''
EtherApe-INFO: 13:30:22.209: Available interfaces for capture: wwp0s29u1u4i6 dbus-session dbus-system nfqueue nflog bluetooth-monitor wlp3s0 enp0s25 lo any
EtherApe-INFO: 13:30:22.258: Link type is LINUX_SLL
EtherApe-INFO: 13:30:22.258: Diagram started
EtherApe-INFO: 13:30:23.248: New node: IP: 127.0.0.1. Number of nodes 1
EtherApe-INFO: 13:31:12.308: New node: IPv6: fe80::9ada:c4ff:febf:99a5. Number of nodes 2
EtherApe-INFO: 13:31:12.308: New node: IPv6: ff02::1. Number of nodes 3
EtherApe-INFO: 13:31:23.058: New node: IP: 0.0.0.0. Number of nodes 4
EtherApe-INFO: 13:31:23.058: New node: IP: 255.255.255.255. Number of nodes 5
EtherApe-INFO: 13:31:23.058: New node: IP: 192.168.2.1. Number of nodes 6
EtherApe-INFO: 13:31:23.058: New node: IP: 192.168.2.226. Number of nodes 7
EtherApe-INFO: 13:31:23.058: New node: IP: 149.154.175.57. Number of nodes 8
EtherApe-INFO: 13:31:23.058: New node: IP: 192.168.1.1. Number of nodes 9
EtherApe-INFO: 13:31:23.059: New node: IP: 149.154.167.51. Number of nodes 10
EtherApe-INFO: 13:31:23.059: New node: IP: 149.154.167.50. Number of nodes 11
EtherApe-INFO: 13:31:23.059: New node: IP: 149.154.175.50. Number of nodes 12
EtherApe-INFO: 13:31:23.059: New node: IP: 149.154.175.54. Number of nodes 13
EtherApe-INFO: 13:31:23.848: New node: IP: 192.168.1.2. Number of nodes 14
EtherApe-INFO: 13:31:26.458: New node: IP: 239.255.255.250. Number of nodes 15
EtherApe-INFO: 13:31:29.618: New node: IP: 224.0.0.251. Number of nodes 16
EtherApe-INFO: 13:31:35.918: New node: IP: 149.154.175.100. Number of nodes 17
EtherApe-INFO: 13:31:40.368: New node: IP: 192.168.2.176. Number of nodes 18
EtherApe-INFO: 13:31:40.368: New node: IPv6: fe80::18f0:cb63:f8d4:4a0e. Number of nodes 19
EtherApe-INFO: 13:31:40.368: New node: IPv6: ff02::fb. Number of nodes 20
EtherApe-INFO: 13:31:44.068: New node: IP: 149.154.167.92. Number of nodes 21
EtherApe-INFO: 13:31:44.068: New node: IP: 149.154.167.91. Number of nodes 22
EtherApe-INFO: 13:31:51.958: New node: IP: 91.108.56.145. Number of nodes 23
EtherApe-INFO: 13:31:51.958: New node: IP: 91.108.56.188. Number of nodes 24
EtherApe-INFO: 13:32:10.348: New node: IP: 91.236.251.14. Number of nodes 25
EtherApe-INFO: 13:32:11.388: New node: IP: 149.154.167.223. Number of nodes 26
EtherApe-INFO: 13:32:11.392: New node: IP: 217.138.213.219. Number of nodes 27
EtherApe-INFO: 13:32:14.769: New node: IP: 172.217.20.195. Number of nodes 28
EtherApe-INFO: 13:32:15.810: New node: IP: 95.216.195.133. Number of nodes 29
(etherape:5206): Gdk-DEBUG: 13:32:15.872: etherape: Fatal IO error 11 (Resource temporarily unavailable) on X server :0.

