(etherape:5595): GLib-GIO-DEBUG: 12:19:34.665: _g_io_module_get_default: Found default implementation local (GLocalVfs) for ‘gio-vfs’
EtherApe-INFO: 12:19:34.796: sctp protocol not supported
EtherApe-INFO: 12:19:34.796: dccp protocol not supported
EtherApe-INFO: 12:19:34.796: sctp protocol not supported
EtherApe-INFO: 12:19:34.796: sctp protocol not supported
EtherApe-INFO: 12:19:34.796: sctp protocol not supported
EtherApe-INFO: 12:19:34.796: sctp protocol not supported
EtherApe-INFO: 12:19:34.796: sctp protocol not supported
EtherApe-INFO: 12:19:34.796: sctp protocol not supported
EtherApe-INFO: 12:19:34.797: sctp protocol not supported
EtherApe-INFO: 12:19:34.797: dccp protocol not supported
EtherApe-INFO: 12:19:34.797: sctp protocol not supported
EtherApe-INFO: 12:19:34.797: dccp protocol not supported
EtherApe-INFO: 12:19:34.797: dccp protocol not supported
EtherApe-INFO: 12:19:34.797: sctp protocol not supported
EtherApe-INFO: 12:19:34.797: sctp protocol not supported
EtherApe-INFO: 12:19:34.798: sctp protocol not supported
EtherApe-INFO: 12:19:34.798: sctp protocol not supported
EtherApe-INFO: 12:19:34.798: sctp protocol not supported
EtherApe-INFO: 12:19:34.799: sctp protocol not supported
EtherApe-INFO: 12:19:34.799: sctp protocol not supported
EtherApe-INFO: 12:19:34.799: sctp protocol not supported
EtherApe-INFO: 12:19:34.799: sctp protocol not supported
EtherApe-INFO: 12:19:34.799: sctp protocol not supported
EtherApe-INFO: 12:19:34.800: sctp protocol not supported
EtherApe-INFO: 12:19:34.801: sctp protocol not supported
EtherApe-INFO: 12:19:34.801: sctp protocol not supported
EtherApe-INFO: 12:19:34.801: sctp protocol not supported
EtherApe-INFO: 12:19:34.801: sctp protocol not supported
EtherApe-INFO: 12:19:34.801: dccp protocol not supported
EtherApe-INFO: 12:19:34.801: sctp protocol not supported
EtherApe-INFO: 12:19:34.801: sctp protocol not supported
EtherApe-INFO: 12:19:34.801: dccp protocol not supported
EtherApe-INFO: 12:19:34.801: sctp protocol not supported
EtherApe-INFO: 12:19:34.802: sctp protocol not supported
EtherApe-INFO: 12:19:34.802: sctp protocol not supported
EtherApe-INFO: 12:19:34.802: dccp protocol not supported
EtherApe-INFO: 12:19:34.802: dccp protocol not supported
EtherApe-INFO: 12:19:34.802: sctp protocol not supported
EtherApe-INFO: 12:19:34.802: sctp protocol not supported
EtherApe-INFO: 12:19:34.802: sctp protocol not supported
EtherApe-INFO: 12:19:34.802: sctp protocol not supported
EtherApe-INFO: 12:19:34.802: sctp protocol not supported
EtherApe-INFO: 12:19:34.802: sctp protocol not supported
EtherApe-INFO: 12:19:34.802: sctp protocol not supported
EtherApe-INFO: 12:19:34.802: sctp protocol not supported
EtherApe-INFO: 12:19:34.802: sctp protocol not supported
EtherApe-INFO: 12:19:34.802: sctp protocol not supported
EtherApe-INFO: 12:19:34.802: sctp protocol not supported
EtherApe-INFO: 12:19:34.802: sctp protocol not supported
EtherApe-INFO: 12:19:34.802: sctp protocol not supported
EtherApe-INFO: 12:19:34.803: dccp protocol not supported
EtherApe-INFO: 12:19:34.803: sctp protocol not supported
EtherApe-INFO: 12:19:34.803: sctp protocol not supported
EtherApe-INFO: 12:19:34.803: sctp protocol not supported
EtherApe-INFO: 12:19:34.803: sctp protocol not supported
EtherApe-INFO: 12:19:34.803: sctp protocol not supported
EtherApe-INFO: 12:19:34.803: sctp protocol not supported
EtherApe-INFO: 12:19:34.803: sctp protocol not supported
EtherApe-INFO: 12:19:34.803: sctp protocol not supported
EtherApe-INFO: 12:19:34.803: sctp protocol not supported
EtherApe-INFO: 12:19:34.803: sctp protocol not supported
EtherApe-INFO: 12:19:34.804: sctp protocol not supported
EtherApe-INFO: 12:19:34.804: sctp protocol not supported
EtherApe-INFO: 12:19:34.804: sctp protocol not supported
EtherApe-INFO: 12:19:34.804: sctp protocol not supported
EtherApe-INFO: 12:19:34.804: sctp protocol not supported
EtherApe-INFO: 12:19:34.804: sctp protocol not supported
EtherApe-INFO: 12:19:34.804: sctp protocol not supported
EtherApe-INFO: 12:19:34.804: sctp protocol not supported
EtherApe-INFO: 12:19:34.804: sctp protocol not supported
EtherApe-INFO: 12:19:34.804: sctp protocol not supported
EtherApe-INFO: 12:19:34.804: sctp protocol not supported
EtherApe-INFO: 12:19:34.804: sctp protocol not supported
EtherApe-INFO: 12:19:34.804: sctp protocol not supported
EtherApe-INFO: 12:19:34.804: sctp protocol not supported
EtherApe-INFO: 12:19:34.804: sctp protocol not supported
EtherApe-INFO: 12:19:34.804: sctp protocol not supported
EtherApe-INFO: 12:19:34.804: sctp protocol not supported
EtherApe-INFO: 12:19:34.804: sctp protocol not supported
EtherApe-INFO: 12:19:34.804: sctp protocol not supported
EtherApe-INFO: 12:19:34.804: sctp protocol not supported
EtherApe-INFO: 12:19:34.804: sctp protocol not supported
EtherApe-INFO: 12:19:34.804: sctp protocol not supported
EtherApe-INFO: 12:19:34.804: sctp protocol not supported
EtherApe-INFO: 12:19:34.804: sctp protocol not supported
EtherApe-INFO: 12:19:34.804: sctp protocol not supported
EtherApe-INFO: 12:19:34.804: sctp protocol not supported
EtherApe-INFO: 12:19:34.933: get_interface result: ''
EtherApe-INFO: 12:19:34.934: Available interfaces for capture: wwp0s20u4i6 dbus-session dbus-system nfqueue nflog bluetooth-monitor bluetooth0 enp0s25 lo any wlp3s0
EtherApe-INFO: 12:19:34.945: Link type is LINUX_SLL
EtherApe-INFO: 12:19:34.946: Diagram started
EtherApe-INFO: 12:19:35.475: New node: IP: 192.168.2.132. Number of nodes 1
EtherApe-INFO: 12:19:35.475: New node: IP: 149.154.167.51. Number of nodes 2
EtherApe-INFO: 12:19:35.741: New node: IP: 192.168.2.1. Number of nodes 3
EtherApe-INFO: 12:19:36.008: New node: IP: 142.250.203.202. Number of nodes 4
EtherApe-INFO: 12:19:36.011: New node: IP: 142.250.186.206. Number of nodes 5
EtherApe-INFO: 12:19:36.288: New node: IP: 176.122.113.76. Number of nodes 6
EtherApe-INFO: 12:19:37.612: New node: IP: 216.58.215.118. Number of nodes 7
EtherApe-INFO: 12:19:41.350: New node: IP: 142.250.203.196. Number of nodes 8
EtherApe-INFO: 12:19:45.341: New node: IP: 142.250.203.138. Number of nodes 9
EtherApe-INFO: 12:19:45.341: New node: IP: 142.250.75.13. Number of nodes 10
EtherApe-INFO: 12:19:46.145: New node: IP: 216.58.215.67. Number of nodes 11
EtherApe-INFO: 12:19:46.411: New node: IP: 216.58.209.14. Number of nodes 12
EtherApe-INFO: 12:19:58.941: New node: IP: 142.250.186.195. Number of nodes 13
EtherApe-INFO: 12:20:00.547: New node: IP: 216.58.215.74. Number of nodes 14
EtherApe-INFO: 12:20:00.547: New node: IP: 35.188.42.15. Number of nodes 15
EtherApe-INFO: 12:20:00.547: New node: IP: 104.17.50.74. Number of nodes 16
EtherApe-INFO: 12:20:00.547: New node: IP: 104.17.49.74. Number of nodes 17
EtherApe-INFO: 12:20:02.408: New node: IP: 64.233.162.188. Number of nodes 18
EtherApe-INFO: 12:20:02.409: New node: IP: 104.18.13.33. Number of nodes 19
EtherApe-INFO: 12:20:05.608: New node: IP: 172.217.16.42. Number of nodes 20
EtherApe-INFO: 12:20:09.341: New node: IP: 91.236.251.12. Number of nodes 21
EtherApe-INFO: 12:20:12.009: New node: IP: 216.58.215.110. Number of nodes 22
EtherApe-INFO: 12:20:12.275: New node: IP: 142.250.203.195. Number of nodes 23
EtherApe-INFO: 12:20:16.008: New node: IP: 140.82.112.22. Number of nodes 24
EtherApe-INFO: 12:20:16.009: New node: IP: 216.58.209.10. Number of nodes 25
EtherApe-INFO: 12:20:16.009: New node: IP: 185.199.108.133. Number of nodes 26
EtherApe-INFO: 12:20:16.009: New node: IP: 185.199.108.154. Number of nodes 27
EtherApe-INFO: 12:20:19.756: New node: IP: 172.217.20.195. Number of nodes 28
EtherApe-INFO: 12:20:20.012: New node: IP: 34.92.53.177. Number of nodes 29
EtherApe-INFO: 12:20:20.015: New node: IP: 142.250.75.10. Number of nodes 30
EtherApe-INFO: 12:20:20.809: New node: IP: 172.217.16.3. Number of nodes 31
EtherApe-INFO: 12:20:32.542: New node: IP: 216.58.209.3. Number of nodes 32
EtherApe-INFO: 12:20:33.087: New node: IP: 172.217.16.14. Number of nodes 33
EtherApe-INFO: 12:20:33.609: New node: IP: 142.250.75.14. Number of nodes 34
EtherApe-INFO: 12:20:34.408: New node: IP: 142.250.186.202. Number of nodes 35
EtherApe-INFO: 12:20:36.543: New node: IP: 216.58.208.206. Number of nodes 36
EtherApe-INFO: 12:20:37.363: New node: IP: 216.58.208.195. Number of nodes 37
EtherApe-INFO: 12:20:37.621: New node: IP: 142.250.203.206. Number of nodes 38
EtherApe-INFO: 12:20:37.876: New node: IP: 142.250.203.129. Number of nodes 39
EtherApe-INFO: 12:20:41.342: New node: IP: 172.217.20.170. Number of nodes 40
EtherApe-INFO: 12:20:42.942: New node: IP: 172.217.16.46. Number of nodes 41
EtherApe-INFO: 12:20:47.743: New node: IP: 142.250.203.142. Number of nodes 42
EtherApe-INFO: 12:20:52.008: New node: IP: 142.250.186.193. Number of nodes 43
EtherApe-INFO: 12:21:12.542: New node: IP: 239.255.255.250. Number of nodes 44
EtherApe-INFO: 12:21:12.809: New node: IP: 74.125.205.113. Number of nodes 45
EtherApe-INFO: 12:21:14.408: New node: IP: 216.239.32.116. Number of nodes 46
EtherApe-INFO: 12:21:14.408: New node: IP: 185.199.111.154. Number of nodes 47
EtherApe-INFO: 12:21:14.683: New node: IP: 185.199.110.133. Number of nodes 48
EtherApe-INFO: 12:21:14.974: New node: IP: 135.181.27.174. Number of nodes 49
EtherApe-INFO: 12:21:15.475: New node: IP: 2.18.99.157. Number of nodes 50
EtherApe-INFO: 12:21:15.475: New node: IP: 78.46.105.101. Number of nodes 51
EtherApe-INFO: 12:21:15.760: New node: IP: 52.49.221.107. Number of nodes 52
EtherApe-INFO: 12:21:15.761: New node: IP: 142.0.165.137. Number of nodes 53
EtherApe-INFO: 12:21:15.778: New node: IP: 54.228.154.117. Number of nodes 54
EtherApe-INFO: 12:21:16.009: New node: IP: 13.36.218.177. Number of nodes 55
EtherApe-INFO: 12:21:16.009: New node: IP: 2.23.108.247. Number of nodes 56
EtherApe-INFO: 12:21:16.808: New node: IP: 104.81.244.232. Number of nodes 57
EtherApe-INFO: 12:21:17.365: New node: IP: 192.198.164.71. Number of nodes 58
EtherApe-INFO: 12:21:21.342: New node: IP: 35.201.70.27. Number of nodes 59
EtherApe-INFO: 12:21:23.742: New node: IP: 35.214.65.239. Number of nodes 60
EtherApe-INFO: 12:21:24.009: New node: IP: 2.23.109.9. Number of nodes 61
EtherApe-INFO: 12:21:24.808: New node: IP: 18.64.79.112. Number of nodes 62
EtherApe-INFO: 12:21:26.408: New node: IP: 149.154.167.223. Number of nodes 63
EtherApe-INFO: 12:21:26.675: New node: IP: 2.18.101.155. Number of nodes 64
EtherApe-INFO: 12:21:28.011: New node: IP: 34.192.84.79. Number of nodes 65
EtherApe-INFO: 12:21:29.888: New node: IP: 35.168.250.212. Number of nodes 66
EtherApe-INFO: 12:21:33.608: New node: IP: 95.216.195.133. Number of nodes 67
EtherApe-INFO: 12:21:41.610: New node: IP: 35.185.21.228. Number of nodes 68
EtherApe-INFO: 12:22:02.142: New node: IP: 216.58.208.196. Number of nodes 69
EtherApe-INFO: 12:22:09.880: delete node: IP: 91.236.251.12. Number of nodes 68
EtherApe-INFO: 12:22:14.151: New node: IP: 216.58.215.99. Number of nodes 69
EtherApe-INFO: 12:22:32.547: delete node: IP: 216.58.209.14. Number of nodes 68
EtherApe-INFO: 12:22:33.429: delete node: IP: 216.58.209.3. Number of nodes 67
EtherApe-INFO: 12:22:33.429: delete node: IP: 185.199.108.154. Number of nodes 66
EtherApe-INFO: 12:22:33.429: delete node: IP: 185.199.108.133. Number of nodes 65
EtherApe-INFO: 12:22:33.429: delete node: IP: 35.188.42.15. Number of nodes 64
EtherApe-INFO: 12:22:40.041: delete node: IP: 142.250.75.14. Number of nodes 63
EtherApe-INFO: 12:22:44.577: delete node: IP: 142.250.203.129. Number of nodes 62
EtherApe-INFO: 12:22:51.209: New node: IP: 34.118.72.152. Number of nodes 63
EtherApe-INFO: 12:22:52.615: delete node: IP: 142.250.186.193. Number of nodes 62
EtherApe-INFO: 12:22:53.952: delete node: IP: 216.58.215.118. Number of nodes 61
EtherApe-INFO: 12:23:21.127: delete node: IP: 172.217.20.195. Number of nodes 60
EtherApe-INFO: 12:23:21.127: delete node: IP: 142.250.75.10. Number of nodes 59
EtherApe-INFO: 12:23:21.357: delete node: IP: 34.92.53.177. Number of nodes 58
EtherApe-INFO: 12:23:23.829: delete node: IP: 172.217.16.42. Number of nodes 57
EtherApe-INFO: 12:23:33.910: delete node: IP: 95.216.195.133. Number of nodes 56
EtherApe-INFO: 12:23:41.957: delete node: IP: 149.154.167.223. Number of nodes 55
EtherApe-INFO: 12:23:41.957: delete node: IP: 142.250.186.202. Number of nodes 54
EtherApe-INFO: 12:23:44.311: delete node: IP: 2.23.109.9. Number of nodes 53
EtherApe-INFO: 12:23:47.534: delete node: IP: 35.185.21.228. Number of nodes 52
EtherApe-INFO: 12:23:48.608: delete node: IP: 2.18.101.155. Number of nodes 51
EtherApe-INFO: 12:23:50.424: delete node: IP: 216.58.208.195. Number of nodes 50
EtherApe-INFO: 12:23:52.601: delete node: IP: 142.250.203.196. Number of nodes 49
EtherApe-INFO: 12:23:53.885: delete node: IP: 104.81.244.232. Number of nodes 48
EtherApe-INFO: 12:24:14.147: New node: IP: 172.217.20.195. Number of nodes 49
EtherApe-INFO: 12:24:14.149: delete node: IP: 74.125.205.113. Number of nodes 48
EtherApe-INFO: 12:24:14.149: delete node: IP: 13.36.218.177. Number of nodes 47
EtherApe-INFO: 12:24:22.153: delete node: IP: 135.181.27.174. Number of nodes 46
EtherApe-INFO: 12:24:25.608: New node: IP: 91.236.251.12. Number of nodes 47
EtherApe-INFO: 12:24:30.178: delete node: IP: 35.214.65.239. Number of nodes 46
EtherApe-INFO: 12:24:52.350: delete node: IP: 185.199.111.154. Number of nodes 45
EtherApe-INFO: 12:24:52.350: delete node: IP: 185.199.110.133. Number of nodes 44
EtherApe-INFO: 12:24:52.350: delete node: IP: 142.0.165.137. Number of nodes 43
EtherApe-INFO: 12:24:52.350: delete node: IP: 52.49.221.107. Number of nodes 42
EtherApe-INFO: 12:24:52.350: delete node: IP: 34.192.84.79. Number of nodes 41
EtherApe-INFO: 12:24:52.350: delete node: IP: 2.23.108.247. Number of nodes 40
EtherApe-INFO: 12:24:56.295: delete node: IP: 34.118.72.152. Number of nodes 39
EtherApe-INFO: 12:24:59.265: delete node: IP: 172.217.16.3. Number of nodes 38
EtherApe-INFO: 12:25:02.238: delete node: IP: 54.228.154.117. Number of nodes 37
EtherApe-INFO: 12:25:24.031: delete node: IP: 140.82.112.22. Number of nodes 36
EtherApe-INFO: 12:25:28.287: delete node: IP: 192.198.164.71. Number of nodes 35
EtherApe-INFO: 12:25:30.943: delete node: IP: 216.58.209.10. Number of nodes 34
EtherApe-INFO: 12:25:49.132: delete node: IP: 142.250.75.13. Number of nodes 33
EtherApe-INFO: 12:25:50.680: New node: IP: 142.250.75.14. Number of nodes 34
EtherApe-INFO: 12:26:12.660: delete node: IP: 216.58.215.110. Number of nodes 33
EtherApe-INFO: 12:26:12.660: delete node: IP: 142.250.203.195. Number of nodes 32
EtherApe-INFO: 12:26:12.660: delete node: IP: 142.250.186.195. Number of nodes 31
EtherApe-INFO: 12:26:14.682: delete node: IP: 216.239.32.116. Number of nodes 30
EtherApe-INFO: 12:26:20.336: delete node: IP: 78.46.105.101. Number of nodes 29
EtherApe-INFO: 12:26:25.928: delete node: IP: 91.236.251.12. Number of nodes 28
EtherApe-INFO: 12:26:33.609: New node: IP: 95.216.195.133. Number of nodes 29
EtherApe-INFO: 12:26:36.944: delete node: IP: 216.58.208.206. Number of nodes 28
EtherApe-INFO: 12:26:41.622: delete node: IP: 172.217.20.170. Number of nodes 27
EtherApe-INFO: 12:26:43.306: delete node: IP: 172.217.16.46. Number of nodes 26
EtherApe-INFO: 12:26:43.306: delete node: IP: 142.250.203.138. Number of nodes 25
EtherApe-INFO: 12:27:04.011: New node: IP: 142.250.75.4. Number of nodes 26
EtherApe-INFO: 12:27:12.057: delete node: IP: 142.250.203.206. Number of nodes 25
EtherApe-INFO: 12:27:19.515: delete node: IP: 142.250.203.142. Number of nodes 24
EtherApe-INFO: 12:27:21.943: delete node: IP: 172.217.16.14. Number of nodes 23
EtherApe-INFO: 12:27:25.198: delete node: IP: 18.64.79.112. Number of nodes 22
EtherApe-INFO: 12:27:50.948: New node: IP: 142.250.203.142. Number of nodes 23
EtherApe-INFO: 12:27:54.529: delete node: IP: 104.17.49.74. Number of nodes 22
EtherApe-INFO: 12:27:54.738: delete node: IP: 104.17.50.74. Number of nodes 21
EtherApe-INFO: 12:28:05.112: delete node: IP: 35.201.70.27. Number of nodes 20
EtherApe-INFO: 12:28:14.141: New node: IP: 216.58.208.206. Number of nodes 21
EtherApe-INFO: 12:28:14.509: delete node: IP: 216.58.215.99. Number of nodes 20
EtherApe-INFO: 12:28:33.161: delete node: IP: 35.168.250.212. Number of nodes 19
EtherApe-INFO: 12:28:33.893: delete node: IP: 95.216.195.133. Number of nodes 18
EtherApe-INFO: 12:28:36.544: New node: IP: 216.58.209.10. Number of nodes 19
EtherApe-INFO: 12:28:44.619: delete node: IP: 104.18.13.33. Number of nodes 18
EtherApe-INFO: 12:28:53.943: delete node: IP: 216.58.208.196. Number of nodes 17
EtherApe-INFO: 12:29:08.811: New node: IP: 0.0.0.0. Number of nodes 18
EtherApe-INFO: 12:29:08.811: New node: IP: 255.255.255.255. Number of nodes 19
EtherApe-INFO: 12:29:09.345: New node: IP: 142.250.203.195. Number of nodes 20
EtherApe-INFO: 12:29:09.345: New node: IP: 64.233.164.188. Number of nodes 21
EtherApe-INFO: 12:29:09.351: New node: IP: 173.194.189.151. Number of nodes 22
EtherApe-INFO: 12:29:09.628: New node: IP: 224.0.0.251. Number of nodes 23
EtherApe-INFO: 12:29:09.629: New node: IP: 224.0.0.22. Number of nodes 24
EtherApe-INFO: 12:29:11.481: New node: IP: 149.154.167.223. Number of nodes 25
EtherApe-INFO: 12:29:19.541: delete node: IP: 142.250.75.14. Number of nodes 24
EtherApe-INFO: 12:29:34.945: New node: IP: 172.217.16.14. Number of nodes 25
EtherApe-INFO: 12:29:57.460: delete node: IP: 216.58.215.67. Number of nodes 24
EtherApe-INFO: 12:30:10.147: New node: IP: 216.58.215.67. Number of nodes 25
EtherApe-INFO: 12:30:14.421: delete node: IP: 216.58.208.206. Number of nodes 24
EtherApe-INFO: 12:30:37.966: delete node: IP: 216.58.209.10. Number of nodes 23
EtherApe-INFO: 12:31:10.228: delete node: IP: 64.233.162.188. Number of nodes 22
EtherApe-INFO: 12:31:10.971: delete node: IP: 255.255.255.255. Number of nodes 21
EtherApe-INFO: 12:31:10.971: delete node: IP: 0.0.0.0. Number of nodes 20
EtherApe-INFO: 12:31:14.467: delete node: IP: 224.0.0.22. Number of nodes 19
EtherApe-INFO: 12:31:16.364: delete node: IP: 224.0.0.251. Number of nodes 18
EtherApe-INFO: 12:31:19.544: delete node: IP: 142.250.203.142. Number of nodes 17
EtherApe-INFO: 12:31:25.731: delete node: IP: 142.250.186.206. Number of nodes 16
EtherApe-INFO: 12:31:27.007: delete node: IP: 149.154.167.223. Number of nodes 15
EtherApe-INFO: 12:31:27.539: delete node: IP: 173.194.189.151. Number of nodes 14
EtherApe-INFO: 12:31:33.615: New node: IP: 95.216.195.133. Number of nodes 15
EtherApe-INFO: 12:31:51.224: New node: IP: 216.58.209.14. Number of nodes 16
EtherApe-INFO: 12:32:06.951: New node: IP: 216.58.208.196. Number of nodes 17
EtherApe-INFO: 12:32:10.143: New node: IP: 142.250.203.206. Number of nodes 18
EtherApe-INFO: 12:32:57.876: New node: IP: 91.236.251.12. Number of nodes 19
EtherApe-INFO: 12:33:08.379: delete node: IP: 2.18.99.157. Number of nodes 18
EtherApe-INFO: 12:33:10.141: New node: IP: 216.58.215.99. Number of nodes 19
EtherApe-INFO: 12:33:10.162: delete node: IP: 216.58.215.67. Number of nodes 18
EtherApe-INFO: 12:33:19.475: New node: IP: 34.101.114.154. Number of nodes 19
EtherApe-INFO: 12:33:33.933: delete node: IP: 95.216.195.133. Number of nodes 18
EtherApe-INFO: 12:33:40.549: New node: IP: 35.216.230.172. Number of nodes 19
EtherApe-INFO: 12:33:57.128: delete node: IP: 142.250.75.4. Number of nodes 18
EtherApe-INFO: 12:34:10.141: New node: IP: 216.239.32.116. Number of nodes 19
EtherApe-INFO: 12:34:10.146: delete node: IP: 142.250.203.206. Number of nodes 18
EtherApe-INFO: 12:34:16.011: New node: IP: 216.58.209.10. Number of nodes 19
EtherApe-INFO: 12:34:37.611: New node: IP: 216.58.208.206. Number of nodes 20
EtherApe-INFO: 12:34:57.880: delete node: IP: 91.236.251.12. Number of nodes 19
EtherApe-INFO: 12:35:04.816: New node: IP: 149.154.167.223. Number of nodes 20
EtherApe-INFO: 12:35:19.490: delete node: IP: 216.58.209.14. Number of nodes 19
EtherApe-INFO: 12:35:32.541: New node: IP: 216.58.215.110. Number of nodes 20
EtherApe-INFO: 12:35:45.901: delete node: IP: 35.216.230.172. Number of nodes 19
EtherApe-INFO: 12:35:51.747: New node: IP: 216.58.209.14. Number of nodes 20
EtherApe-INFO: 12:35:51.849: delete node: IP: 216.58.215.99. Number of nodes 19
EtherApe-INFO: 12:36:11.024: delete node: IP: 216.239.32.116. Number of nodes 18
EtherApe-INFO: 12:36:33.612: New node: IP: 95.216.195.133. Number of nodes 19
EtherApe-INFO: 12:37:08.813: New node: IP: 142.250.203.196. Number of nodes 20
EtherApe-INFO: 12:37:19.749: delete node: IP: 172.217.16.14. Number of nodes 19
EtherApe-INFO: 12:37:21.141: delete node: IP: 149.154.167.223. Number of nodes 18
EtherApe-INFO: 12:37:33.089: delete node: IP: 216.58.215.110. Number of nodes 17
EtherApe-INFO: 12:37:52.010: New node: IP: 172.217.16.14. Number of nodes 18
EtherApe-INFO: 12:38:34.227: delete node: IP: 95.216.195.133. Number of nodes 17
EtherApe-INFO: 12:38:52.275: New node: IP: 216.58.215.67. Number of nodes 18
EtherApe-INFO: 12:38:58.950: delete node: IP: 216.58.208.196. Number of nodes 17
EtherApe-INFO: 12:39:02.143: New node: IP: 142.250.75.3. Number of nodes 18
EtherApe-INFO: 12:39:02.144: New node: IP: 172.217.16.1. Number of nodes 19
EtherApe-INFO: 12:39:09.608: New node: IP: 216.58.208.214. Number of nodes 20
EtherApe-INFO: 12:39:16.398: delete node: IP: 176.122.113.76. Number of nodes 19
EtherApe-INFO: 12:39:17.078: New node: IP: 176.122.113.78. Number of nodes 20
EtherApe-INFO: 12:39:17.875: New node: IP: 172.217.20.170. Number of nodes 21
EtherApe-INFO: 12:39:19.493: delete node: IP: 216.58.209.14. Number of nodes 20
EtherApe-INFO: 12:39:28.543: New node: IP: 176.122.110.205. Number of nodes 21
EtherApe-INFO: 12:39:29.086: New node: IP: 142.250.203.206. Number of nodes 22
EtherApe-INFO: 12:39:29.608: New node: IP: 142.250.186.202. Number of nodes 23
EtherApe-INFO: 12:39:30.675: New node: IP: 172.217.16.46. Number of nodes 24
EtherApe-INFO: 12:39:55.488: delete node: IP: 142.250.203.195. Number of nodes 23
EtherApe-INFO: 12:39:56.278: New node: IP: 142.250.203.195. Number of nodes 24
EtherApe-INFO: 12:40:30.408: New node: IP: 142.250.186.206. Number of nodes 25
EtherApe-INFO: 12:40:33.877: New node: IP: 216.58.209.14. Number of nodes 26
EtherApe-INFO: 12:41:02.716: delete node: IP: 142.250.75.3. Number of nodes 25
EtherApe-INFO: 12:41:04.541: New node: IP: 216.239.32.116. Number of nodes 26
EtherApe-INFO: 12:41:17.356: delete node: IP: 176.122.113.78. Number of nodes 25
EtherApe-INFO: 12:41:18.540: delete node: IP: 172.217.20.170. Number of nodes 24
EtherApe-INFO: 12:41:29.903: delete node: IP: 216.58.208.206. Number of nodes 23
EtherApe-INFO: 12:41:30.428: delete node: IP: 216.58.209.10. Number of nodes 22
EtherApe-INFO: 12:41:30.428: delete node: IP: 142.250.186.202. Number of nodes 21
EtherApe-INFO: 12:41:30.751: delete node: IP: 34.101.114.154. Number of nodes 20
EtherApe-INFO: 12:41:31.280: delete node: IP: 172.217.16.1. Number of nodes 19
EtherApe-INFO: 12:41:31.628: delete node: IP: 216.58.208.214. Number of nodes 18
EtherApe-INFO: 12:41:33.611: New node: IP: 95.216.195.133. Number of nodes 19
EtherApe-INFO: 12:41:35.743: New node: IP: 149.154.167.223. Number of nodes 20
EtherApe-INFO: 12:41:41.644: delete node: IP: 142.250.203.206. Number of nodes 19
EtherApe-INFO: 12:41:56.341: delete node: IP: 142.250.203.195. Number of nodes 18
EtherApe-INFO: 12:41:57.345: New node: IP: 142.250.203.195. Number of nodes 19
EtherApe-INFO: 12:42:01.075: New node: IP: 216.58.208.196. Number of nodes 20
EtherApe-INFO: 12:42:05.406: delete node: IP: 216.58.215.67. Number of nodes 19
EtherApe-INFO: 12:42:10.679: New node: IP: 23.152.160.16. Number of nodes 20
EtherApe-INFO: 12:42:20.605: delete node: IP: 172.217.16.14. Number of nodes 19
EtherApe-INFO: 12:42:33.878: New node: IP: 142.250.203.206. Number of nodes 20
EtherApe-INFO: 12:43:05.174: delete node: IP: 216.239.32.116. Number of nodes 19
EtherApe-INFO: 12:43:34.228: delete node: IP: 95.216.195.133. Number of nodes 18
EtherApe-INFO: 12:43:35.742: New node: IP: 216.58.215.99. Number of nodes 19
EtherApe-INFO: 12:43:48.011: New node: IP: 142.250.203.138. Number of nodes 20
EtherApe-INFO: 12:43:51.276: delete node: IP: 142.250.203.196. Number of nodes 19
EtherApe-INFO: 12:43:51.796: delete node: IP: 149.154.167.223. Number of nodes 18
EtherApe-INFO: 12:43:54.222: delete node: IP: 216.58.209.14. Number of nodes 17
EtherApe-INFO: 12:43:57.681: delete node: IP: 142.250.203.195. Number of nodes 16
EtherApe-INFO: 12:43:58.145: New node: IP: 142.250.203.195. Number of nodes 17
EtherApe-INFO: 12:44:13.920: delete node: IP: 23.152.160.16. Number of nodes 16
EtherApe-INFO: 12:44:33.874: New node: IP: 216.58.209.14. Number of nodes 17
EtherApe-INFO: 12:45:17.876: New node: IP: 199.232.16.193. Number of nodes 18
EtherApe-INFO: 12:45:30.748: delete node: IP: 172.217.16.46. Number of nodes 17
EtherApe-INFO: 12:45:53.898: delete node: IP: 142.250.203.206. Number of nodes 16
EtherApe-INFO: 12:45:58.498: delete node: IP: 142.250.203.195. Number of nodes 15
EtherApe-INFO: 12:45:59.208: New node: IP: 142.250.203.195. Number of nodes 16
EtherApe-INFO: 12:46:33.608: New node: IP: 95.216.195.133. Number of nodes 17
EtherApe-INFO: 12:46:33.875: New node: IP: 142.250.203.206. Number of nodes 18
EtherApe-INFO: 12:46:35.754: delete node: IP: 216.58.215.99. Number of nodes 17
EtherApe-INFO: 12:47:14.201: delete node: IP: 172.217.20.195. Number of nodes 16
EtherApe-INFO: 12:47:19.538: delete node: IP: 199.232.16.193. Number of nodes 15
EtherApe-INFO: 12:47:29.345: New node: IP: 172.217.20.195. Number of nodes 16
EtherApe-INFO: 12:47:29.345: New node: IP: 216.239.32.116. Number of nodes 17
EtherApe-INFO: 12:47:54.188: delete node: IP: 216.58.209.14. Number of nodes 16
EtherApe-INFO: 12:47:59.538: delete node: IP: 142.250.203.195. Number of nodes 15
EtherApe-INFO: 12:48:00.275: New node: IP: 142.250.203.195. Number of nodes 16
EtherApe-INFO: 12:48:33.876: New node: IP: 142.250.203.142. Number of nodes 17
EtherApe-INFO: 12:48:33.884: delete node: IP: 95.216.195.133. Number of nodes 16
EtherApe-INFO: 12:48:41.342: New node: IP: 172.217.16.10. Number of nodes 17
EtherApe-INFO: 12:48:55.211: New node: IP: 216.58.208.202. Number of nodes 18
EtherApe-INFO: 12:49:53.990: delete node: IP: 142.250.203.206. Number of nodes 17
EtherApe-INFO: 12:49:54.410: delete node: IP: 142.250.203.138. Number of nodes 16
EtherApe-INFO: 12:50:02.146: New node: IP: 91.236.251.12. Number of nodes 17
EtherApe-INFO: 12:50:15.209: New node: IP: 142.250.203.206. Number of nodes 18
EtherApe-INFO: 12:50:30.712: delete node: IP: 172.217.20.195. Number of nodes 17
EtherApe-INFO: 12:50:33.875: New node: IP: 216.58.209.14. Number of nodes 18
EtherApe-INFO: 12:50:36.275: New node: IP: 172.217.20.195. Number of nodes 19
EtherApe-INFO: 12:50:42.500: delete node: IP: 172.217.16.10. Number of nodes 18
EtherApe-INFO: 12:51:24.635: delete node: IP: 142.250.186.206. Number of nodes 17
EtherApe-INFO: 12:51:30.156: delete node: IP: 216.239.32.116. Number of nodes 16
EtherApe-INFO: 12:51:33.608: New node: IP: 95.216.195.133. Number of nodes 17
EtherApe-INFO: 12:52:02.160: delete node: IP: 91.236.251.12. Number of nodes 16
EtherApe-INFO: 12:52:15.291: delete node: IP: 142.250.203.206. Number of nodes 15
EtherApe-INFO: 12:52:20.274: New node: IP: 216.58.208.206. Number of nodes 16
EtherApe-INFO: 12:53:16.009: New node: IP: 216.58.209.10. Number of nodes 17
EtherApe-INFO: 12:53:19.743: New node: IP: 149.154.167.223. Number of nodes 18
EtherApe-INFO: 12:53:21.347: New node: IP: 149.154.175.57. Number of nodes 19
EtherApe-INFO: 12:53:21.347: New node: IP: 149.154.175.50. Number of nodes 20
EtherApe-INFO: 12:53:34.152: delete node: IP: 95.216.195.133. Number of nodes 19
EtherApe-INFO: 12:53:53.952: delete node: IP: 216.58.209.14. Number of nodes 18
EtherApe-INFO: 12:54:01.084: New node: IP: 142.250.203.138. Number of nodes 19
EtherApe-INFO: 12:54:02.483: delete node: IP: 142.250.203.195. Number of nodes 18
EtherApe-INFO: 12:54:03.212: New node: IP: 142.250.203.195. Number of nodes 19
EtherApe-INFO: 12:54:36.411: delete node: IP: 216.58.208.206. Number of nodes 18
EtherApe-INFO: 12:54:59.841: delete node: IP: 216.58.208.202. Number of nodes 17
EtherApe-INFO: 12:55:16.357: delete node: IP: 216.58.209.10. Number of nodes 16
EtherApe-INFO: 12:55:21.609: New node: IP: 172.217.16.22. Number of nodes 17
EtherApe-INFO: 12:55:22.431: delete node: IP: 149.154.175.57. Number of nodes 16
EtherApe-INFO: 12:55:25.345: New node: IP: 142.250.203.129. Number of nodes 17
EtherApe-INFO: 12:55:25.347: New node: IP: 216.58.209.3. Number of nodes 18
EtherApe-INFO: 12:55:25.618: New node: IP: 142.250.186.202. Number of nodes 19
EtherApe-INFO: 12:55:26.141: New node: IP: 172.217.16.14. Number of nodes 20
EtherApe-INFO: 12:55:27.748: New node: IP: 216.58.209.10. Number of nodes 21
EtherApe-INFO: 12:55:30.684: New node: IP: 142.250.203.206. Number of nodes 22
EtherApe-INFO: 12:55:30.941: New node: IP: 213.169.83.17. Number of nodes 23
EtherApe-INFO: 12:55:32.291: New node: IP: 142.250.75.3. Number of nodes 24
EtherApe-INFO: 12:55:38.943: delete node: IP: 149.154.175.50. Number of nodes 23
EtherApe-INFO: 12:56:03.217: delete node: IP: 142.250.203.195. Number of nodes 22
EtherApe-INFO: 12:56:04.274: New node: IP: 142.250.203.195. Number of nodes 23
EtherApe-INFO: 12:56:29.081: New node: IP: 35.201.119.151. Number of nodes 24
EtherApe-INFO: 12:56:33.609: New node: IP: 95.216.195.133. Number of nodes 25
EtherApe-INFO: 12:56:33.874: New node: IP: 216.58.208.206. Number of nodes 26
EtherApe-INFO: 12:56:36.892: delete node: IP: 172.217.20.195. Number of nodes 25
EtherApe-INFO: 12:56:47.017: delete node: IP: 149.154.167.223. Number of nodes 24
EtherApe-INFO: 12:56:56.278: New node: IP: 142.250.186.214. Number of nodes 25
EtherApe-INFO: 12:56:56.279: New node: IP: 142.250.186.193. Number of nodes 26
EtherApe-INFO: 12:57:07.210: New node: IP: 142.250.203.196. Number of nodes 27
EtherApe-INFO: 12:57:13.875: New node: IP: 216.58.215.68. Number of nodes 28
EtherApe-INFO: 12:57:17.889: New node: IP: 172.217.16.10. Number of nodes 29
EtherApe-INFO: 12:57:21.346: New node: IP: 149.154.167.223. Number of nodes 30
EtherApe-INFO: 12:57:21.346: New node: IP: 64.233.161.138. Number of nodes 31
EtherApe-INFO: 12:57:22.733: delete node: IP: 172.217.16.22. Number of nodes 30
EtherApe-INFO: 12:57:23.208: New node: IP: 64.233.161.101. Number of nodes 31
EtherApe-INFO: 12:57:23.208: New node: IP: 142.250.75.13. Number of nodes 32
EtherApe-INFO: 12:57:23.209: New node: IP: 172.217.16.46. Number of nodes 33
EtherApe-INFO: 12:57:23.475: New node: IP: 216.58.209.14. Number of nodes 34
EtherApe-INFO: 12:57:27.814: delete node: IP: 216.58.209.3. Number of nodes 33
EtherApe-INFO: 12:57:31.276: delete node: IP: 142.250.203.206. Number of nodes 32
EtherApe-INFO: 12:57:31.277: delete node: IP: 142.250.186.202. Number of nodes 31
EtherApe-INFO: 12:57:32.874: delete node: IP: 216.58.209.10. Number of nodes 30
EtherApe-INFO: 12:57:32.874: delete node: IP: 142.250.75.3. Number of nodes 29
EtherApe-INFO: 12:58:04.288: delete node: IP: 142.250.203.195. Number of nodes 28
EtherApe-INFO: 12:58:05.343: New node: IP: 142.250.203.195. Number of nodes 29
EtherApe-INFO: 12:58:16.015: New node: IP: 172.217.16.22. Number of nodes 30
EtherApe-INFO: 12:58:20.281: New node: IP: 216.58.215.110. Number of nodes 31
EtherApe-INFO: 12:58:26.675: New node: IP: 216.58.215.67. Number of nodes 32
EtherApe-INFO: 12:58:29.681: delete node: IP: 213.169.83.17. Number of nodes 31
EtherApe-INFO: 12:58:29.681: delete node: IP: 142.250.203.129. Number of nodes 30
EtherApe-INFO: 12:58:33.952: delete node: IP: 95.216.195.133. Number of nodes 29
EtherApe-INFO: 12:58:57.159: delete node: IP: 216.58.208.196. Number of nodes 28
EtherApe-INFO: 12:59:13.881: New node: IP: 172.217.20.206. Number of nodes 29
EtherApe-INFO: 12:59:23.014: delete node: IP: 216.58.215.74. Number of nodes 28
EtherApe-INFO: 12:59:23.014: delete node: IP: 216.58.215.68. Number of nodes 27
EtherApe-INFO: 12:59:23.014: delete node: IP: 142.250.186.214. Number of nodes 26
EtherApe-INFO: 12:59:23.014: delete node: IP: 142.250.186.193. Number of nodes 25
EtherApe-INFO: 12:59:23.014: delete node: IP: 64.233.161.138. Number of nodes 24
EtherApe-INFO: 12:59:28.012: New node: IP: 172.217.20.170. Number of nodes 25
EtherApe-INFO: 12:59:37.077: delete node: IP: 149.154.167.223. Number of nodes 24
EtherApe-INFO: 13:00:06.408: New node: IP: 142.250.186.202. Number of nodes 25
EtherApe-INFO: 13:00:06.409: New node: IP: 23.37.60.55. Number of nodes 26
EtherApe-INFO: 13:00:10.945: New node: IP: 104.81.110.27. Number of nodes 27
EtherApe-INFO: 13:00:12.032: New node: IP: 142.251.42.206. Number of nodes 28
EtherApe-INFO: 13:00:12.281: New node: IP: 95.216.144.15. Number of nodes 29
EtherApe-INFO: 13:00:12.545: New node: IP: 3.2.9.2. Number of nodes 30
EtherApe-INFO: 13:00:14.175: New node: IP: 104.81.244.232. Number of nodes 31
EtherApe-INFO: 13:00:14.693: New node: IP: 50.76.216.117. Number of nodes 32
EtherApe-INFO: 13:00:15.208: New node: IP: 104.81.220.87. Number of nodes 33
EtherApe-INFO: 13:00:15.474: New node: IP: 2.18.101.155. Number of nodes 34
EtherApe-INFO: 13:00:17.089: New node: IP: 142.250.203.206. Number of nodes 35
EtherApe-INFO: 13:00:17.097: New node: IP: 216.58.209.3. Number of nodes 36
EtherApe-INFO: 13:00:17.102: New node: IP: 216.58.215.74. Number of nodes 37
EtherApe-INFO: 13:00:17.620: New node: IP: 99.81.5.109. Number of nodes 38
EtherApe-INFO: 13:00:17.620: New node: IP: 34.247.205.50. Number of nodes 39
EtherApe-INFO: 13:00:17.622: New node: IP: 142.0.165.137. Number of nodes 40
EtherApe-INFO: 13:00:17.623: New node: IP: 15.188.95.229. Number of nodes 41
EtherApe-INFO: 13:00:17.626: New node: IP: 2.23.108.247. Number of nodes 42
EtherApe-INFO: 13:00:18.430: New node: IP: 216.58.209.10. Number of nodes 43
EtherApe-INFO: 13:00:20.010: New node: IP: 192.198.164.71. Number of nodes 44
EtherApe-INFO: 13:00:20.541: New node: IP: 18.66.245.111. Number of nodes 45
EtherApe-INFO: 13:00:20.817: New node: IP: 184.51.9.85. Number of nodes 46
EtherApe-INFO: 13:00:22.412: New node: IP: 149.154.167.223. Number of nodes 47
EtherApe-INFO: 13:00:23.477: New node: IP: 54.163.238.130. Number of nodes 48
EtherApe-INFO: 13:00:24.023: New node: IP: 18.64.79.13. Number of nodes 49
EtherApe-INFO: 13:00:24.280: New node: IP: 152.199.21.175. Number of nodes 50
EtherApe-INFO: 13:00:28.546: New node: IP: 35.210.188.173. Number of nodes 51
EtherApe-INFO: 13:00:33.879: New node: IP: 216.58.215.78. Number of nodes 52
EtherApe-INFO: 13:00:46.683: New node: IP: 216.58.208.195. Number of nodes 53
EtherApe-INFO: 13:00:50.411: New node: IP: 172.217.16.54. Number of nodes 54
EtherApe-INFO: 13:00:50.411: New node: IP: 172.217.16.1. Number of nodes 55
EtherApe-INFO: 13:00:58.408: New node: IP: 176.122.113.77. Number of nodes 56
EtherApe-INFO: 13:01:12.542: New node: IP: 23.64.226.53. Number of nodes 57
EtherApe-INFO: 13:01:33.608: New node: IP: 95.216.195.133. Number of nodes 58
EtherApe-INFO: 13:01:38.676: New node: IP: 176.122.113.13. Number of nodes 59
EtherApe-INFO: 13:01:46.942: New node: IP: 35.216.230.172. Number of nodes 60
EtherApe-INFO: 13:01:47.212: New node: IP: 216.58.215.99. Number of nodes 61
EtherApe-INFO: 13:01:54.199: delete node: IP: 172.217.20.206. Number of nodes 60
EtherApe-INFO: 13:02:00.280: New node: IP: 216.58.208.196. Number of nodes 61
EtherApe-INFO: 13:02:06.476: delete node: IP: 176.122.110.205. Number of nodes 60
EtherApe-INFO: 13:02:13.099: delete node: IP: 142.251.42.206. Number of nodes 59
EtherApe-INFO: 13:02:28.554: delete node: IP: 35.210.188.173. Number of nodes 58
EtherApe-INFO: 13:02:29.637: delete node: IP: 2.23.108.247. Number of nodes 57
EtherApe-INFO: 13:02:36.287: delete node: IP: 50.76.216.117. Number of nodes 56
EtherApe-INFO: 13:02:41.406: delete node: IP: 184.51.9.85. Number of nodes 55
EtherApe-INFO: 13:02:50.775: delete node: IP: 15.188.95.229. Number of nodes 54
EtherApe-INFO: 13:02:56.066: delete node: IP: 104.81.220.87. Number of nodes 53
EtherApe-INFO: 13:02:57.139: delete node: IP: 149.154.167.223. Number of nodes 52
EtherApe-INFO: 13:02:58.761: delete node: IP: 104.81.110.27. Number of nodes 51
EtherApe-INFO: 13:03:00.367: delete node: IP: 176.122.113.77. Number of nodes 50
EtherApe-INFO: 13:03:06.145: New node: IP: 149.154.167.223. Number of nodes 51
EtherApe-INFO: 13:03:07.840: delete node: IP: 142.250.203.206. Number of nodes 50
EtherApe-INFO: 13:03:10.433: New node: IP: 142.250.75.14. Number of nodes 51
EtherApe-INFO: 13:03:18.155: delete node: IP: 172.217.16.10. Number of nodes 50
EtherApe-INFO: 13:03:22.233: delete node: IP: 3.2.9.2. Number of nodes 49
EtherApe-INFO: 13:03:24.364: delete node: IP: 142.250.75.13. Number of nodes 48
EtherApe-INFO: 13:03:24.364: delete node: IP: 95.216.144.15. Number of nodes 47
EtherApe-INFO: 13:03:24.364: delete node: IP: 64.233.161.101. Number of nodes 46
EtherApe-INFO: 13:03:33.365: delete node: IP: 104.81.244.232. Number of nodes 45
EtherApe-INFO: 13:03:33.897: delete node: IP: 95.216.195.133. Number of nodes 44
EtherApe-INFO: 13:03:36.893: delete node: IP: 142.250.203.142. Number of nodes 43
EtherApe-INFO: 13:03:44.353: delete node: IP: 34.247.205.50. Number of nodes 42
EtherApe-INFO: 13:03:47.009: delete node: IP: 54.163.238.130. Number of nodes 41
EtherApe-INFO: 13:03:47.220: delete node: IP: 142.0.165.137. Number of nodes 40
EtherApe-INFO: 13:03:47.220: delete node: IP: 99.81.5.109. Number of nodes 39
EtherApe-INFO: 13:03:47.563: delete node: IP: 216.58.215.99. Number of nodes 38
EtherApe-INFO: 13:03:47.563: delete node: IP: 172.217.16.54. Number of nodes 37
EtherApe-INFO: 13:03:52.565: delete node: IP: 35.216.230.172. Number of nodes 36
EtherApe-INFO: 13:04:07.487: delete node: IP: 142.250.203.195. Number of nodes 35
EtherApe-INFO: 13:04:08.279: New node: IP: 142.250.203.195. Number of nodes 36
EtherApe-INFO: 13:04:16.347: delete node: IP: 172.217.16.22. Number of nodes 35
EtherApe-INFO: 13:04:20.613: delete node: IP: 216.58.215.110. Number of nodes 34
EtherApe-INFO: 13:04:20.613: delete node: IP: 216.58.209.14. Number of nodes 33
EtherApe-INFO: 13:04:26.685: delete node: IP: 216.58.215.67. Number of nodes 32
EtherApe-INFO: 13:04:27.216: delete node: IP: 192.198.164.71. Number of nodes 31
EtherApe-INFO: 13:05:28.082: delete node: IP: 152.199.21.175. Number of nodes 30
EtherApe-INFO: 13:05:36.117: delete node: IP: 172.217.20.170. Number of nodes 29
EtherApe-INFO: 13:06:06.968: delete node: IP: 142.250.186.202. Number of nodes 28
EtherApe-INFO: 13:06:08.554: delete node: IP: 142.250.203.195. Number of nodes 27
EtherApe-INFO: 13:06:09.346: New node: IP: 142.250.203.195. Number of nodes 28
EtherApe-INFO: 13:06:10.779: delete node: IP: 142.250.75.14. Number of nodes 27
EtherApe-INFO: 13:06:17.137: delete node: IP: 216.58.209.3. Number of nodes 26
EtherApe-INFO: 13:06:17.671: delete node: IP: 216.58.215.74. Number of nodes 25
EtherApe-INFO: 13:06:20.630: delete node: IP: 18.66.245.111. Number of nodes 24
EtherApe-INFO: 13:06:29.362: delete node: IP: 18.64.79.13. Number of nodes 23
EtherApe-INFO: 13:06:33.614: New node: IP: 95.216.195.133. Number of nodes 24
EtherApe-INFO: 13:06:40.277: New node: IP: 35.227.224.122. Number of nodes 25
EtherApe-INFO: 13:06:46.757: delete node: IP: 216.58.209.10. Number of nodes 24
EtherApe-INFO: 13:06:47.502: delete node: IP: 216.58.208.195. Number of nodes 23
EtherApe-INFO: 13:06:50.466: delete node: IP: 172.217.16.1. Number of nodes 22
EtherApe-INFO: 13:06:55.300: delete node: IP: 142.250.203.196. Number of nodes 21
EtherApe-INFO: 13:07:01.961: delete node: IP: 172.217.16.46. Number of nodes 20
EtherApe-INFO: 13:07:02.682: New node: IP: 142.250.75.4. Number of nodes 21
EtherApe-INFO: 13:07:10.941: New node: IP: 172.217.16.46. Number of nodes 22
EtherApe-INFO: 13:07:20.356: delete node: IP: 216.58.215.78. Number of nodes 21
EtherApe-INFO: 13:08:09.384: delete node: IP: 142.250.203.195. Number of nodes 20
EtherApe-INFO: 13:08:10.152: New node: IP: 142.250.203.195. Number of nodes 21
EtherApe-INFO: 13:08:33.937: delete node: IP: 95.216.195.133. Number of nodes 20
EtherApe-INFO: 13:08:41.388: delete node: IP: 35.227.224.122. Number of nodes 19
EtherApe-INFO: 13:08:44.008: New node: IP: 35.227.224.122. Number of nodes 20
EtherApe-INFO: 13:08:44.008: New node: IP: 216.58.208.202. Number of nodes 21
EtherApe-INFO: 13:08:52.608: delete node: IP: 216.58.208.196. Number of nodes 20
EtherApe-INFO: 13:09:19.832: delete node: IP: 149.154.167.223. Number of nodes 19
EtherApe-INFO: 13:09:43.478: New node: IP: 142.250.203.142. Number of nodes 20
EtherApe-INFO: 13:10:00.275: New node: IP: 216.58.209.14. Number of nodes 21
EtherApe-INFO: 13:10:11.038: delete node: IP: 142.250.203.195. Number of nodes 20
EtherApe-INFO: 13:10:11.208: New node: IP: 142.250.203.195. Number of nodes 21
EtherApe-INFO: 13:10:11.261: delete node: IP: 172.217.16.46. Number of nodes 20
EtherApe-INFO: 13:11:20.283: delete node: IP: 216.58.208.206. Number of nodes 19
EtherApe-INFO: 13:11:33.608: New node: IP: 95.216.195.133. Number of nodes 20
EtherApe-INFO: 13:11:33.684: delete node: IP: 172.217.16.14. Number of nodes 19
EtherApe-INFO: 13:11:48.054: delete node: IP: 35.227.224.122. Number of nodes 18
EtherApe-INFO: 13:11:58.142: New node: IP: 172.217.20.214. Number of nodes 19
EtherApe-INFO: 13:12:11.298: delete node: IP: 142.250.203.195. Number of nodes 18
EtherApe-INFO: 13:12:12.275: New node: IP: 142.250.203.195. Number of nodes 19
EtherApe-INFO: 13:12:19.746: delete node: IP: 23.37.60.55. Number of nodes 18
EtherApe-INFO: 13:12:38.429: delete node: IP: 2.18.101.155. Number of nodes 17
EtherApe-INFO: 13:12:52.019: New node: IP: 35.241.20.48. Number of nodes 18
EtherApe-INFO: 13:13:04.076: delete node: IP: 23.64.226.53. Number of nodes 17
EtherApe-INFO: 13:13:11.741: New node: IP: 216.58.215.110. Number of nodes 18
EtherApe-INFO: 13:13:11.784: delete node: IP: 176.122.113.13. Number of nodes 17
EtherApe-INFO: 13:13:32.808: New node: IP: 176.122.110.204. Number of nodes 18
EtherApe-INFO: 13:13:33.941: delete node: IP: 95.216.195.133. Number of nodes 17
EtherApe-INFO: 13:13:34.945: New node: IP: 172.217.16.42. Number of nodes 18
EtherApe-INFO: 13:13:34.953: New node: IP: 216.58.209.22. Number of nodes 19
EtherApe-INFO: 13:13:58.268: delete node: IP: 172.217.20.214. Number of nodes 18
EtherApe-INFO: 13:14:12.350: delete node: IP: 142.250.203.195. Number of nodes 17
EtherApe-INFO: 13:14:13.341: New node: IP: 216.58.215.67. Number of nodes 18
EtherApe-INFO: 13:14:40.362: delete node: IP: 216.58.209.14. Number of nodes 17
EtherApe-INFO: 13:14:40.362: delete node: IP: 35.201.119.151. Number of nodes 16
EtherApe-INFO: 13:14:52.304: delete node: IP: 35.241.20.48. Number of nodes 15
EtherApe-INFO: 13:15:31.749: New node: IP: 216.58.209.14. Number of nodes 16
EtherApe-INFO: 13:15:35.295: delete node: IP: 172.217.16.42. Number of nodes 15
EtherApe-INFO: 13:15:37.082: delete node: IP: 216.58.209.22. Number of nodes 14
EtherApe-INFO: 13:15:41.609: New node: IP: 216.58.215.68. Number of nodes 15
EtherApe-INFO: 13:15:57.084: New node: IP: 172.217.20.195. Number of nodes 16
EtherApe-INFO: 13:16:07.212: New node: IP: 172.217.16.3. Number of nodes 17
EtherApe-INFO: 13:16:13.379: delete node: IP: 216.58.215.67. Number of nodes 16
EtherApe-INFO: 13:16:14.149: New node: IP: 216.58.215.67. Number of nodes 17
EtherApe-INFO: 13:16:33.612: New node: IP: 95.216.195.133. Number of nodes 18
EtherApe-INFO: 13:16:42.418: New node: IP: 216.58.209.3. Number of nodes 19
EtherApe-INFO: 13:16:48.275: New node: IP: 172.217.20.170. Number of nodes 20
EtherApe-INFO: 13:16:56.280: New node: IP: 216.58.208.196. Number of nodes 21
EtherApe-INFO: 13:17:13.613: New node: IP: 142.250.186.193. Number of nodes 22
EtherApe-INFO: 13:17:51.784: delete node: IP: 216.58.215.110. Number of nodes 21
EtherApe-INFO: 13:17:57.348: delete node: IP: 172.217.20.195. Number of nodes 20
EtherApe-INFO: 13:18:07.476: delete node: IP: 172.217.16.3. Number of nodes 19
EtherApe-INFO: 13:18:11.745: New node: IP: 172.217.16.14. Number of nodes 20
EtherApe-INFO: 13:18:14.435: delete node: IP: 216.58.215.67. Number of nodes 19
EtherApe-INFO: 13:18:15.214: New node: IP: 216.58.215.67. Number of nodes 20
EtherApe-INFO: 13:18:30.416: New node: IP: 149.154.167.223. Number of nodes 21
EtherApe-INFO: 13:18:33.886: delete node: IP: 95.216.195.133. Number of nodes 20
EtherApe-INFO: 13:18:39.477: New node: IP: 172.217.20.195. Number of nodes 21
EtherApe-INFO: 13:18:39.490: New node: IP: 34.88.201.232. Number of nodes 22
EtherApe-INFO: 13:18:42.749: delete node: IP: 216.58.209.3. Number of nodes 21
EtherApe-INFO: 13:18:46.750: delete node: IP: 142.250.75.4. Number of nodes 20
EtherApe-INFO: 13:18:48.335: delete node: IP: 142.250.203.202. Number of nodes 19
EtherApe-INFO: 13:19:07.208: New node: IP: 172.217.20.163. Number of nodes 20
EtherApe-INFO: 13:19:12.279: New node: IP: 142.250.203.195. Number of nodes 21
EtherApe-INFO: 13:19:14.456: delete node: IP: 142.250.186.193. Number of nodes 20
EtherApe-INFO: 13:19:31.743: New node: IP: 172.217.20.174. Number of nodes 21
EtherApe-INFO: 13:19:37.341: New node: IP: 216.58.208.206. Number of nodes 22
EtherApe-INFO: 13:19:39.540: delete node: IP: 216.58.209.14. Number of nodes 21
EtherApe-INFO: 13:19:50.675: New node: IP: 142.250.75.13. Number of nodes 22
EtherApe-INFO: 13:19:50.675: New node: IP: 142.250.186.205. Number of nodes 23
EtherApe-INFO: 13:20:02.199: delete node: IP: 216.58.208.202. Number of nodes 22
EtherApe-INFO: 13:20:15.210: New node: IP: 142.250.203.206. Number of nodes 23
EtherApe-INFO: 13:20:39.579: delete node: IP: 172.217.20.195. Number of nodes 22
EtherApe-INFO: 13:20:42.152: New node: IP: 142.250.75.10. Number of nodes 23
EtherApe-INFO: 13:20:45.376: delete node: IP: 34.88.201.232. Number of nodes 22
EtherApe-INFO: 13:20:51.809: delete node: IP: 172.217.16.14. Number of nodes 21
EtherApe-INFO: 13:20:52.023: delete node: IP: 216.58.215.67. Number of nodes 20
EtherApe-INFO: 13:21:01.080: New node: IP: 216.58.215.74. Number of nodes 21
EtherApe-INFO: 13:21:06.948: New node: IP: 172.217.20.195. Number of nodes 22
EtherApe-INFO: 13:21:27.562: delete node: IP: 142.250.203.142. Number of nodes 21
EtherApe-INFO: 13:21:31.744: New node: IP: 172.217.16.14. Number of nodes 22
EtherApe-INFO: 13:21:33.613: New node: IP: 95.216.195.133. Number of nodes 23
EtherApe-INFO: 13:21:41.654: delete node: IP: 216.58.215.68. Number of nodes 22
EtherApe-INFO: 13:21:50.720: delete node: IP: 142.250.186.205. Number of nodes 21
EtherApe-INFO: 13:21:58.412: New node: IP: 142.250.75.4. Number of nodes 22
EtherApe-INFO: 13:22:16.310: delete node: IP: 142.250.203.206. Number of nodes 21
EtherApe-INFO: 13:22:16.310: delete node: IP: 142.250.203.195. Number of nodes 20
EtherApe-INFO: 13:22:17.344: New node: IP: 142.250.203.195. Number of nodes 21
EtherApe-INFO: 13:22:35.771: delete node: IP: 149.154.167.223. Number of nodes 20
EtherApe-INFO: 13:22:49.379: delete node: IP: 142.250.75.13. Number of nodes 19
EtherApe-INFO: 13:22:51.794: delete node: IP: 172.217.20.174. Number of nodes 18
EtherApe-INFO: 13:23:01.345: delete node: IP: 216.58.215.74. Number of nodes 17
EtherApe-INFO: 13:23:07.248: delete node: IP: 172.217.20.195. Number of nodes 16
EtherApe-INFO: 13:23:31.741: New node: IP: 172.217.16.46. Number of nodes 17
EtherApe-INFO: 13:23:32.814: New node: IP: 149.154.167.223. Number of nodes 18
EtherApe-INFO: 13:23:33.885: delete node: IP: 95.216.195.133. Number of nodes 17
EtherApe-INFO: 13:23:48.910: delete node: IP: 216.58.208.196. Number of nodes 16
EtherApe-INFO: 13:23:50.683: New node: IP: 142.250.186.205. Number of nodes 17
EtherApe-INFO: 13:23:56.809: New node: IP: 172.217.20.195. Number of nodes 18
EtherApe-INFO: 13:23:57.877: New node: IP: 149.154.167.92. Number of nodes 19
EtherApe-INFO: 13:24:10.145: New node: IP: 91.236.251.12. Number of nodes 20
EtherApe-INFO: 13:24:39.212: New node: IP: 142.250.203.206. Number of nodes 21
EtherApe-INFO: 13:24:51.762: delete node: IP: 172.217.16.14. Number of nodes 20
EtherApe-INFO: 13:24:53.624: New node: IP: 142.250.186.214. Number of nodes 21
EtherApe-INFO: 13:24:53.647: New node: IP: 142.250.186.193. Number of nodes 22
EtherApe-INFO: 13:25:01.341: New node: IP: 176.122.113.76. Number of nodes 23
EtherApe-INFO: 13:25:01.350: New node: IP: 74.125.0.71. Number of nodes 24
EtherApe-INFO: 13:25:02.433: New node: IP: 176.122.113.77. Number of nodes 25
EtherApe-INFO: 13:25:02.690: New node: IP: 173.194.189.83. Number of nodes 26
EtherApe-INFO: 13:25:07.865: delete node: IP: 172.217.20.163. Number of nodes 25
EtherApe-INFO: 13:25:14.415: New node: IP: 176.122.113.78. Number of nodes 26
EtherApe-INFO: 13:25:18.688: New node: IP: 176.122.110.205. Number of nodes 27
EtherApe-INFO: 13:25:51.003: delete node: IP: 142.250.186.205. Number of nodes 26
EtherApe-INFO: 13:25:52.808: New node: IP: 95.216.144.15. Number of nodes 27
EtherApe-INFO: 13:26:00.014: New node: IP: 216.58.208.196. Number of nodes 28
EtherApe-INFO: 13:26:10.430: delete node: IP: 91.236.251.12. Number of nodes 27
EtherApe-INFO: 13:26:10.678: New node: IP: 23.152.160.16. Number of nodes 28
EtherApe-INFO: 13:26:11.817: delete node: IP: 172.217.20.195. Number of nodes 27
EtherApe-INFO: 13:26:12.541: New node: IP: 216.58.215.110. Number of nodes 28
EtherApe-INFO: 13:26:12.809: New node: IP: 172.217.20.195. Number of nodes 29
EtherApe-INFO: 13:26:12.809: New node: IP: 176.122.110.206. Number of nodes 30
EtherApe-INFO: 13:26:13.076: New node: IP: 74.125.171.74. Number of nodes 31
EtherApe-INFO: 13:26:14.183: delete node: IP: 149.154.167.92. Number of nodes 30
EtherApe-INFO: 13:26:25.074: New node: IP: 216.58.215.67. Number of nodes 31
EtherApe-INFO: 13:26:26.480: delete node: IP: 176.122.110.204. Number of nodes 30
EtherApe-INFO: 13:26:29.685: delete node: IP: 216.58.208.206. Number of nodes 29
EtherApe-INFO: 13:26:33.608: New node: IP: 95.216.195.133. Number of nodes 30
EtherApe-INFO: 13:26:35.333: delete node: IP: 149.154.167.223. Number of nodes 29
EtherApe-INFO: 13:26:42.749: delete node: IP: 142.250.75.10. Number of nodes 28
EtherApe-INFO: 13:27:01.944: delete node: IP: 74.125.0.71. Number of nodes 27
EtherApe-INFO: 13:27:03.553: delete node: IP: 176.122.113.77. Number of nodes 26
EtherApe-INFO: 13:27:03.553: delete node: IP: 173.194.189.83. Number of nodes 25
EtherApe-INFO: 13:27:10.693: delete node: IP: 176.122.113.76. Number of nodes 24
EtherApe-INFO: 13:27:17.389: delete node: IP: 176.122.113.78. Number of nodes 23
EtherApe-INFO: 13:27:19.005: delete node: IP: 176.122.110.205. Number of nodes 22
EtherApe-INFO: 13:27:33.645: delete node: IP: 172.217.16.46. Number of nodes 21
EtherApe-INFO: 13:27:34.945: New node: IP: 172.217.16.46. Number of nodes 22
EtherApe-INFO: 13:27:35.047: delete node: IP: 142.250.186.214. Number of nodes 21
EtherApe-INFO: 13:27:35.047: delete node: IP: 142.250.186.193. Number of nodes 20
EtherApe-INFO: 13:27:53.966: delete node: IP: 95.216.144.15. Number of nodes 19
EtherApe-INFO: 13:28:12.342: delete node: IP: 23.152.160.16. Number of nodes 18
EtherApe-INFO: 13:28:33.912: delete node: IP: 95.216.195.133. Number of nodes 17
EtherApe-INFO: 13:28:34.944: New node: IP: 173.194.76.94. Number of nodes 18
EtherApe-INFO: 13:28:50.983: delete node: IP: 216.58.208.196. Number of nodes 17
EtherApe-INFO: 13:28:54.941: New node: IP: 216.58.208.206. Number of nodes 18
EtherApe-INFO: 13:28:55.029: delete node: IP: 216.58.215.110. Number of nodes 17
EtherApe-INFO: 13:29:19.474: New node: IP: 142.250.186.202. Number of nodes 18
EtherApe-INFO: 13:29:42.674: New node: IP: 172.217.16.14. Number of nodes 19
EtherApe-INFO: 13:29:59.781: delete node: IP: 74.125.171.74. Number of nodes 18
EtherApe-INFO: 13:30:14.941: New node: IP: 142.250.203.142. Number of nodes 19
EtherApe-INFO: 13:30:15.014: delete node: IP: 172.217.16.46. Number of nodes 18
EtherApe-INFO: 13:30:19.211: New node: IP: 172.217.20.214. Number of nodes 19
EtherApe-INFO: 13:30:23.510: New node: IP: 176.122.110.205. Number of nodes 20
EtherApe-INFO: 13:30:30.169: New node: IP: 176.122.113.77. Number of nodes 21
EtherApe-INFO: 13:30:33.892: New node: IP: 142.250.186.193. Number of nodes 22
EtherApe-INFO: 13:30:34.944: New node: IP: 216.239.32.116. Number of nodes 23
EtherApe-INFO: 13:30:44.275: New node: IP: 216.58.209.3. Number of nodes 24
EtherApe-INFO: 13:30:44.818: New node: IP: 216.58.215.78. Number of nodes 25
EtherApe-INFO: 13:30:45.092: New node: IP: 216.58.208.195. Number of nodes 26
EtherApe-INFO: 13:30:51.741: New node: IP: 216.58.209.10. Number of nodes 27
EtherApe-INFO: 13:31:03.208: New node: IP: 216.58.209.14. Number of nodes 28
EtherApe-INFO: 13:31:33.614: New node: IP: 95.216.195.133. Number of nodes 29
EtherApe-INFO: 13:31:34.998: delete node: IP: 216.58.208.206. Number of nodes 28
EtherApe-INFO: 13:31:47.743: New node: IP: 216.58.215.99. Number of nodes 29
EtherApe-INFO: 13:31:55.209: New node: IP: 216.58.208.196. Number of nodes 30
EtherApe-INFO: 13:32:25.166: delete node: IP: 216.58.215.67. Number of nodes 29
EtherApe-INFO: 13:32:28.871: delete node: IP: 176.122.110.205. Number of nodes 28
EtherApe-INFO: 13:32:31.225: delete node: IP: 176.122.113.77. Number of nodes 27
EtherApe-INFO: 13:32:44.552: delete node: IP: 216.58.209.3. Number of nodes 26
EtherApe-INFO: 13:32:45.926: delete node: IP: 216.58.208.195. Number of nodes 25
EtherApe-INFO: 13:32:52.578: delete node: IP: 216.58.209.10. Number of nodes 24
EtherApe-INFO: 13:32:58.144: New node: IP: 216.58.208.206. Number of nodes 25
EtherApe-INFO: 13:33:03.253: delete node: IP: 216.58.209.14. Number of nodes 24
EtherApe-INFO: 13:33:05.970: delete node: IP: 172.217.20.214. Number of nodes 23
EtherApe-INFO: 13:33:05.970: delete node: IP: 142.250.186.193. Number of nodes 22
EtherApe-INFO: 13:33:16.274: New node: IP: 149.154.167.223. Number of nodes 23
EtherApe-INFO: 13:33:18.143: New node: IP: 172.217.20.214. Number of nodes 24
EtherApe-INFO: 13:33:33.928: delete node: IP: 95.216.195.133. Number of nodes 23
EtherApe-INFO: 13:33:48.645: delete node: IP: 216.58.215.99. Number of nodes 22
EtherApe-INFO: 13:34:05.969: delete node: IP: 216.58.208.196. Number of nodes 21
EtherApe-INFO: 13:34:18.436: delete node: IP: 142.250.203.142. Number of nodes 20
EtherApe-INFO: 13:34:27.474: New node: IP: 172.217.16.42. Number of nodes 21
EtherApe-INFO: 13:34:35.530: delete node: IP: 173.194.76.94. Number of nodes 20
