(etherape:42308): GLib-GIO-DEBUG: 12:16:15.225: _g_io_module_get_default: Found default implementation local (GLocalVfs) for ‘gio-vfs’
EtherApe-INFO: 12:16:15.376: sctp protocol not supported
EtherApe-INFO: 12:16:15.376: dccp protocol not supported
EtherApe-INFO: 12:16:15.376: sctp protocol not supported
EtherApe-INFO: 12:16:15.376: sctp protocol not supported
EtherApe-INFO: 12:16:15.376: sctp protocol not supported
EtherApe-INFO: 12:16:15.377: sctp protocol not supported
EtherApe-INFO: 12:16:15.377: sctp protocol not supported
EtherApe-INFO: 12:16:15.377: sctp protocol not supported
EtherApe-INFO: 12:16:15.378: sctp protocol not supported
EtherApe-INFO: 12:16:15.378: dccp protocol not supported
EtherApe-INFO: 12:16:15.378: sctp protocol not supported
EtherApe-INFO: 12:16:15.378: dccp protocol not supported
EtherApe-INFO: 12:16:15.379: dccp protocol not supported
EtherApe-INFO: 12:16:15.379: sctp protocol not supported
EtherApe-INFO: 12:16:15.380: sctp protocol not supported
EtherApe-INFO: 12:16:15.380: sctp protocol not supported
EtherApe-INFO: 12:16:15.381: sctp protocol not supported
EtherApe-INFO: 12:16:15.381: sctp protocol not supported
EtherApe-INFO: 12:16:15.382: sctp protocol not supported
EtherApe-INFO: 12:16:15.383: sctp protocol not supported
EtherApe-INFO: 12:16:15.383: sctp protocol not supported
EtherApe-INFO: 12:16:15.383: sctp protocol not supported
EtherApe-INFO: 12:16:15.383: sctp protocol not supported
EtherApe-INFO: 12:16:15.384: sctp protocol not supported
EtherApe-INFO: 12:16:15.385: sctp protocol not supported
EtherApe-INFO: 12:16:15.385: sctp protocol not supported
EtherApe-INFO: 12:16:15.385: sctp protocol not supported
EtherApe-INFO: 12:16:15.385: sctp protocol not supported
EtherApe-INFO: 12:16:15.385: dccp protocol not supported
EtherApe-INFO: 12:16:15.386: sctp protocol not supported
EtherApe-INFO: 12:16:15.386: sctp protocol not supported
EtherApe-INFO: 12:16:15.386: dccp protocol not supported
EtherApe-INFO: 12:16:15.386: sctp protocol not supported
EtherApe-INFO: 12:16:15.386: sctp protocol not supported
EtherApe-INFO: 12:16:15.386: sctp protocol not supported
EtherApe-INFO: 12:16:15.386: dccp protocol not supported
EtherApe-INFO: 12:16:15.386: dccp protocol not supported
EtherApe-INFO: 12:16:15.386: sctp protocol not supported
EtherApe-INFO: 12:16:15.386: sctp protocol not supported
EtherApe-INFO: 12:16:15.386: sctp protocol not supported
EtherApe-INFO: 12:16:15.386: sctp protocol not supported
EtherApe-INFO: 12:16:15.386: sctp protocol not supported
EtherApe-INFO: 12:16:15.386: sctp protocol not supported
EtherApe-INFO: 12:16:15.387: sctp protocol not supported
EtherApe-INFO: 12:16:15.387: sctp protocol not supported
EtherApe-INFO: 12:16:15.387: sctp protocol not supported
EtherApe-INFO: 12:16:15.387: sctp protocol not supported
EtherApe-INFO: 12:16:15.387: sctp protocol not supported
EtherApe-INFO: 12:16:15.387: sctp protocol not supported
EtherApe-INFO: 12:16:15.387: sctp protocol not supported
EtherApe-INFO: 12:16:15.387: dccp protocol not supported
EtherApe-INFO: 12:16:15.387: sctp protocol not supported
EtherApe-INFO: 12:16:15.387: sctp protocol not supported
EtherApe-INFO: 12:16:15.387: sctp protocol not supported
EtherApe-INFO: 12:16:15.387: sctp protocol not supported
EtherApe-INFO: 12:16:15.387: sctp protocol not supported
EtherApe-INFO: 12:16:15.387: sctp protocol not supported
EtherApe-INFO: 12:16:15.387: sctp protocol not supported
EtherApe-INFO: 12:16:15.388: sctp protocol not supported
EtherApe-INFO: 12:16:15.388: sctp protocol not supported
EtherApe-INFO: 12:16:15.388: sctp protocol not supported
EtherApe-INFO: 12:16:15.388: sctp protocol not supported
EtherApe-INFO: 12:16:15.388: sctp protocol not supported
EtherApe-INFO: 12:16:15.388: sctp protocol not supported
EtherApe-INFO: 12:16:15.388: sctp protocol not supported
EtherApe-INFO: 12:16:15.388: sctp protocol not supported
EtherApe-INFO: 12:16:15.388: sctp protocol not supported
EtherApe-INFO: 12:16:15.388: sctp protocol not supported
EtherApe-INFO: 12:16:15.388: sctp protocol not supported
EtherApe-INFO: 12:16:15.389: sctp protocol not supported
EtherApe-INFO: 12:16:15.389: sctp protocol not supported
EtherApe-INFO: 12:16:15.389: sctp protocol not supported
EtherApe-INFO: 12:16:15.389: sctp protocol not supported
EtherApe-INFO: 12:16:15.389: sctp protocol not supported
EtherApe-INFO: 12:16:15.389: sctp protocol not supported
EtherApe-INFO: 12:16:15.389: sctp protocol not supported
EtherApe-INFO: 12:16:15.389: sctp protocol not supported
EtherApe-INFO: 12:16:15.389: sctp protocol not supported
EtherApe-INFO: 12:16:15.389: sctp protocol not supported
EtherApe-INFO: 12:16:15.389: sctp protocol not supported
EtherApe-INFO: 12:16:15.389: sctp protocol not supported
EtherApe-INFO: 12:16:15.389: sctp protocol not supported
EtherApe-INFO: 12:16:15.389: sctp protocol not supported
EtherApe-INFO: 12:16:15.389: sctp protocol not supported
EtherApe-INFO: 12:16:15.389: sctp protocol not supported
EtherApe-INFO: 12:16:15.389: sctp protocol not supported
EtherApe-INFO: 12:16:15.389: sctp protocol not supported
EtherApe-INFO: 12:16:15.400: get_interface result: ''
EtherApe-INFO: 12:16:15.400: Available interfaces for capture: dbus-session dbus-system nfqueue nflog bluetooth-monitor lo any wlp1s0
EtherApe-INFO: 12:16:15.435: Link type is LINUX_SLL
EtherApe-INFO: 12:16:15.436: Diagram started
EtherApe-INFO: 12:16:18.319: New node: IP: 192.168.2.158. Number of nodes 1
EtherApe-INFO: 12:16:18.319: New node: IP: 91.236.251.29. Number of nodes 2
EtherApe-INFO: 12:16:18.586: New node: IP: 8.8.8.8. Number of nodes 3
EtherApe-INFO: 12:16:19.386: New node: IP: 149.154.167.50. Number of nodes 4
EtherApe-INFO: 12:16:22.853: New node: IP: 95.216.195.133. Number of nodes 5
EtherApe-INFO: 12:16:25.252: New node: IP: 142.250.186.205. Number of nodes 6
EtherApe-INFO: 12:16:25.252: New node: IP: 149.154.167.51. Number of nodes 7
EtherApe-INFO: 12:16:29.519: New node: IP: 142.250.203.138. Number of nodes 8
EtherApe-INFO: 12:16:30.320: New node: IP: 172.217.16.14. Number of nodes 9
EtherApe-INFO: 12:16:30.587: New node: IP: 216.58.215.100. Number of nodes 10
EtherApe-INFO: 12:16:34.586: New node: IP: 172.217.20.170. Number of nodes 11
EtherApe-INFO: 12:16:38.855: New node: IP: 172.217.16.46. Number of nodes 12
EtherApe-INFO: 12:16:38.856: New node: IP: 172.217.16.13. Number of nodes 13
EtherApe-INFO: 12:16:38.856: New node: IP: 172.217.20.195. Number of nodes 14
EtherApe-INFO: 12:16:39.119: New node: IP: 104.17.50.74. Number of nodes 15
EtherApe-INFO: 12:16:41.523: New node: IP: 142.250.203.195. Number of nodes 16
EtherApe-INFO: 12:16:42.321: New node: IP: 173.194.73.188. Number of nodes 17
EtherApe-INFO: 12:16:42.321: New node: IP: 198.252.206.25. Number of nodes 18
EtherApe-INFO: 12:16:42.855: New node: IP: 151.101.129.69. Number of nodes 19
EtherApe-INFO: 12:16:43.919: New node: IP: 140.82.113.26. Number of nodes 20
EtherApe-INFO: 12:16:43.919: New node: IP: 140.82.121.3. Number of nodes 21
EtherApe-INFO: 12:16:43.919: New node: IP: 185.199.108.154. Number of nodes 22
EtherApe-INFO: 12:16:43.920: New node: IP: 185.199.108.133. Number of nodes 23
EtherApe-INFO: 12:16:43.920: New node: IP: 142.250.203.197. Number of nodes 24
EtherApe-INFO: 12:16:44.186: New node: IP: 140.82.114.22. Number of nodes 25
EtherApe-INFO: 12:16:45.785: New node: IP: 172.217.20.163. Number of nodes 26
EtherApe-INFO: 12:16:47.923: New node: IP: 149.154.167.222. Number of nodes 27
EtherApe-INFO: 12:16:50.053: New node: IP: 216.58.208.202. Number of nodes 28
EtherApe-INFO: 12:16:53.522: New node: IP: 95.216.144.15. Number of nodes 29
EtherApe-INFO: 12:16:58.322: New node: IP: 1.1.1.1. Number of nodes 30
EtherApe-INFO: 12:16:58.323: New node: IP: 142.250.201.195. Number of nodes 31
EtherApe-INFO: 12:17:04.719: New node: IP: 104.18.13.33. Number of nodes 32
EtherApe-INFO: 12:17:07.919: New node: IP: 151.101.64.223. Number of nodes 33
EtherApe-INFO: 12:17:14.320: New node: IP: 104.18.12.33. Number of nodes 34
EtherApe-INFO: 12:17:18.855: New node: IP: 216.58.215.74. Number of nodes 35
EtherApe-INFO: 12:17:18.857: New node: IP: 172.217.16.10. Number of nodes 36
EtherApe-INFO: 12:17:19.923: New node: IP: 216.58.209.3. Number of nodes 37
EtherApe-INFO: 12:17:29.527: New node: IP: 216.58.209.14. Number of nodes 38
EtherApe-INFO: 12:17:30.585: New node: IP: 216.58.209.10. Number of nodes 39
EtherApe-INFO: 12:17:34.052: New node: IP: 216.58.215.67. Number of nodes 40
EtherApe-INFO: 12:17:35.119: New node: IP: 216.58.209.1. Number of nodes 41
EtherApe-INFO: 12:17:38.323: New node: IP: 142.250.203.142. Number of nodes 42
EtherApe-INFO: 12:17:42.053: New node: IP: 216.58.215.106. Number of nodes 43
EtherApe-INFO: 12:17:42.053: New node: IP: 216.58.208.206. Number of nodes 44
EtherApe-INFO: 12:17:49.786: New node: IP: 217.198.116.98. Number of nodes 45
EtherApe-INFO: 12:17:53.519: New node: IP: 239.255.255.250. Number of nodes 46
EtherApe-INFO: 12:17:55.919: New node: IP: 216.58.208.196. Number of nodes 47
EtherApe-INFO: 12:18:07.387: New node: IP: 140.82.114.26. Number of nodes 48
EtherApe-INFO: 12:18:07.653: New node: IP: 142.250.203.202. Number of nodes 49
EtherApe-INFO: 12:18:07.919: New node: IP: 140.82.112.22. Number of nodes 50
EtherApe-INFO: 12:18:07.921: New node: IP: 140.82.121.5. Number of nodes 51
EtherApe-INFO: 12:18:12.986: New node: IP: 142.250.206.142. Number of nodes 52
EtherApe-INFO: 12:18:14.320: New node: IP: 216.58.215.78. Number of nodes 53
EtherApe-INFO: 12:18:19.919: New node: IP: 216.239.32.116. Number of nodes 54
EtherApe-INFO: 12:18:20.012: delete node: IP: 91.236.251.29. Number of nodes 53
EtherApe-INFO: 12:18:23.409: delete node: IP: 95.216.195.133. Number of nodes 52
EtherApe-INFO: 12:18:32.794: delete node: IP: 142.250.203.138. Number of nodes 51
EtherApe-INFO: 12:18:34.852: New node: IP: 142.250.180.206. Number of nodes 52
EtherApe-INFO: 12:18:43.919: New node: IP: 216.58.215.99. Number of nodes 53
EtherApe-INFO: 12:18:53.826: delete node: IP: 95.216.144.15. Number of nodes 52
EtherApe-INFO: 12:18:54.585: New node: IP: 142.250.186.202. Number of nodes 53
EtherApe-INFO: 12:19:08.773: delete node: IP: 151.101.64.223. Number of nodes 52
EtherApe-INFO: 12:19:20.013: delete node: IP: 172.217.16.10. Number of nodes 51
EtherApe-INFO: 12:19:20.542: delete node: IP: 216.58.209.3. Number of nodes 50
EtherApe-INFO: 12:19:27.730: delete node: IP: 216.58.215.74. Number of nodes 49
EtherApe-INFO: 12:19:35.437: delete node: IP: 172.217.20.170. Number of nodes 48
EtherApe-INFO: 12:19:39.401: delete node: IP: 142.250.203.142. Number of nodes 47
EtherApe-INFO: 12:19:50.680: delete node: IP: 217.198.116.98. Number of nodes 46
EtherApe-INFO: 12:19:55.422: New node: IP: 172.217.20.170. Number of nodes 47
EtherApe-INFO: 12:19:59.690: delete node: IP: 140.82.114.22. Number of nodes 46
EtherApe-INFO: 12:20:01.308: delete node: IP: 216.58.215.67. Number of nodes 45
EtherApe-INFO: 12:20:14.934: delete node: IP: 216.58.215.78. Number of nodes 44
EtherApe-INFO: 12:20:14.934: delete node: IP: 172.217.16.46. Number of nodes 43
EtherApe-INFO: 12:20:20.510: delete node: IP: 216.239.32.116. Number of nodes 42
EtherApe-INFO: 12:20:35.477: delete node: IP: 142.250.180.206. Number of nodes 41
EtherApe-INFO: 12:20:35.477: delete node: IP: 1.1.1.1. Number of nodes 40
EtherApe-INFO: 12:20:39.540: delete node: IP: 142.250.203.195. Number of nodes 39
EtherApe-INFO: 12:20:44.032: delete node: IP: 216.58.209.14. Number of nodes 38
EtherApe-INFO: 12:20:44.032: delete node: IP: 216.58.209.10. Number of nodes 37
EtherApe-INFO: 12:20:44.032: delete node: IP: 216.58.209.1. Number of nodes 36
EtherApe-INFO: 12:20:44.032: delete node: IP: 216.58.208.206. Number of nodes 35
EtherApe-INFO: 12:20:45.572: New node: IP: 142.250.203.195. Number of nodes 36
EtherApe-INFO: 12:20:46.372: New node: IP: 1.1.1.1. Number of nodes 37
EtherApe-INFO: 12:20:54.960: delete node: IP: 142.250.186.202. Number of nodes 36
EtherApe-INFO: 12:20:56.239: New node: IP: 142.250.203.138. Number of nodes 37
EtherApe-INFO: 12:21:06.106: New node: IP: 140.82.121.10. Number of nodes 38
EtherApe-INFO: 12:21:22.906: New node: IP: 95.216.195.133. Number of nodes 39
EtherApe-INFO: 12:21:56.331: delete node: IP: 172.217.20.170. Number of nodes 38
EtherApe-INFO: 12:21:58.718: delete node: IP: 142.250.203.197. Number of nodes 37
EtherApe-INFO: 12:21:59.706: New node: IP: 172.217.16.10. Number of nodes 38
EtherApe-INFO: 12:22:00.008: delete node: IP: 172.217.20.163. Number of nodes 37
EtherApe-INFO: 12:22:09.678: delete node: IP: 140.82.121.5. Number of nodes 36
EtherApe-INFO: 12:22:09.678: delete node: IP: 140.82.112.22. Number of nodes 35
EtherApe-INFO: 12:22:44.810: delete node: IP: 142.250.186.205. Number of nodes 34
EtherApe-INFO: 12:22:57.599: delete node: IP: 1.1.1.1. Number of nodes 33
EtherApe-INFO: 12:22:58.959: delete node: IP: 142.250.203.138. Number of nodes 32
EtherApe-INFO: 12:22:58.959: delete node: IP: 142.250.201.195. Number of nodes 31
EtherApe-INFO: 12:23:02.642: New node: IP: 216.58.215.74. Number of nodes 32
EtherApe-INFO: 12:23:02.643: New node: IP: 172.217.16.35. Number of nodes 33
EtherApe-INFO: 12:23:07.172: New node: IPv6: fe80::9ada:c4ff:febf:99a5. Number of nodes 34
EtherApe-INFO: 12:23:07.172: New node: IPv6: ff02::1. Number of nodes 35
EtherApe-INFO: 12:23:11.791: delete node: IP: 140.82.121.10. Number of nodes 34
EtherApe-INFO: 12:23:11.792: delete node: IP: 140.82.121.3. Number of nodes 33
EtherApe-INFO: 12:23:17.042: New node: IP: 149.154.167.92. Number of nodes 34
EtherApe-INFO: 12:23:23.214: delete node: IP: 95.216.195.133. Number of nodes 33
EtherApe-INFO: 12:23:34.388: New node: IP: 149.154.165.111. Number of nodes 34
EtherApe-INFO: 12:23:35.190: New node: IP: 149.154.175.57. Number of nodes 35
EtherApe-INFO: 12:23:35.191: New node: IP: 149.154.175.54. Number of nodes 36
EtherApe-INFO: 12:23:40.298: New node: IP: 1.1.1.1. Number of nodes 37
EtherApe-INFO: 12:24:04.003: delete node: IP: 172.217.16.10. Number of nodes 36
EtherApe-INFO: 12:24:07.734: delete node: IP: 142.250.203.202. Number of nodes 35
EtherApe-INFO: 12:24:07.973: New node: IP: 172.217.16.10. Number of nodes 36
EtherApe-INFO: 12:24:34.158: delete node: IP: 104.17.50.74. Number of nodes 35
EtherApe-INFO: 12:24:50.970: delete node: IP: 172.217.20.195. Number of nodes 34
EtherApe-INFO: 12:24:50.970: delete node: IP: 172.217.16.13. Number of nodes 33
EtherApe-INFO: 12:25:04.335: delete node: IP: 172.217.16.35. Number of nodes 32
EtherApe-INFO: 12:25:05.924: delete node: IP: 142.250.206.142. Number of nodes 31
EtherApe-INFO: 12:25:07.830: delete node: IPv6: ff02::1. Number of nodes 30
EtherApe-INFO: 12:25:07.831: delete node: IPv6: fe80::9ada:c4ff:febf:99a5. Number of nodes 29
EtherApe-INFO: 12:25:07.831: delete node: IP: 216.58.215.74. Number of nodes 28
EtherApe-INFO: 12:25:33.109: delete node: IP: 149.154.167.92. Number of nodes 27
EtherApe-INFO: 12:25:37.936: delete node: IP: 149.154.175.57. Number of nodes 26
EtherApe-INFO: 12:25:40.365: delete node: IP: 1.1.1.1. Number of nodes 25
EtherApe-INFO: 12:25:46.705: delete node: IP: 104.18.13.33. Number of nodes 24
EtherApe-INFO: 12:25:49.599: New node: IP: 192.168.1.126. Number of nodes 25
EtherApe-INFO: 12:25:50.708: delete node: IP: 149.154.165.111. Number of nodes 24
EtherApe-INFO: 12:25:53.355: delete node: IP: 149.154.175.54. Number of nodes 23
EtherApe-INFO: 12:25:58.459: delete node: IP: 149.154.167.222. Number of nodes 22
EtherApe-INFO: 12:25:59.212: New node: IP: 142.250.186.206. Number of nodes 23
EtherApe-INFO: 12:26:21.599: New node: IP: 172.217.20.163. Number of nodes 24
EtherApe-INFO: 12:26:21.868: New node: IP: 172.217.29.99. Number of nodes 25
EtherApe-INFO: 12:26:22.933: New node: IP: 95.216.195.133. Number of nodes 26
EtherApe-INFO: 12:26:33.599: New node: IP: 172.217.16.46. Number of nodes 27
EtherApe-INFO: 12:26:39.829: delete node: IP: 142.250.203.195. Number of nodes 26
EtherApe-INFO: 12:26:43.199: New node: IP: 149.154.167.222. Number of nodes 27
EtherApe-INFO: 12:26:51.737: New node: IP: 149.154.165.111. Number of nodes 28
EtherApe-INFO: 12:27:21.869: New node: IP: 216.58.209.3. Number of nodes 29
