(etherape:1430): GLib-GIO-DEBUG: 15:17:13.990: _g_io_module_get_default: Found default implementation local (GLocalVfs) for ‘gio-vfs’
EtherApe-INFO: 15:17:14.132: sctp protocol not supported
EtherApe-INFO: 15:17:14.132: dccp protocol not supported
EtherApe-INFO: 15:17:14.132: sctp protocol not supported
EtherApe-INFO: 15:17:14.132: sctp protocol not supported
EtherApe-INFO: 15:17:14.132: sctp protocol not supported
EtherApe-INFO: 15:17:14.132: sctp protocol not supported
EtherApe-INFO: 15:17:14.132: sctp protocol not supported
EtherApe-INFO: 15:17:14.132: sctp protocol not supported
EtherApe-INFO: 15:17:14.133: sctp protocol not supported
EtherApe-INFO: 15:17:14.133: dccp protocol not supported
EtherApe-INFO: 15:17:14.133: sctp protocol not supported
EtherApe-INFO: 15:17:14.133: dccp protocol not supported
EtherApe-INFO: 15:17:14.133: dccp protocol not supported
EtherApe-INFO: 15:17:14.133: sctp protocol not supported
EtherApe-INFO: 15:17:14.133: sctp protocol not supported
EtherApe-INFO: 15:17:14.134: sctp protocol not supported
EtherApe-INFO: 15:17:14.134: sctp protocol not supported
EtherApe-INFO: 15:17:14.134: sctp protocol not supported
EtherApe-INFO: 15:17:14.135: sctp protocol not supported
EtherApe-INFO: 15:17:14.135: sctp protocol not supported
EtherApe-INFO: 15:17:14.135: sctp protocol not supported
EtherApe-INFO: 15:17:14.135: sctp protocol not supported
EtherApe-INFO: 15:17:14.135: sctp protocol not supported
EtherApe-INFO: 15:17:14.136: sctp protocol not supported
EtherApe-INFO: 15:17:14.136: sctp protocol not supported
EtherApe-INFO: 15:17:14.136: sctp protocol not supported
EtherApe-INFO: 15:17:14.136: sctp protocol not supported
EtherApe-INFO: 15:17:14.136: sctp protocol not supported
EtherApe-INFO: 15:17:14.137: dccp protocol not supported
EtherApe-INFO: 15:17:14.137: sctp protocol not supported
EtherApe-INFO: 15:17:14.137: sctp protocol not supported
EtherApe-INFO: 15:17:14.137: dccp protocol not supported
EtherApe-INFO: 15:17:14.137: sctp protocol not supported
EtherApe-INFO: 15:17:14.137: sctp protocol not supported
EtherApe-INFO: 15:17:14.137: sctp protocol not supported
EtherApe-INFO: 15:17:14.137: dccp protocol not supported
EtherApe-INFO: 15:17:14.137: dccp protocol not supported
EtherApe-INFO: 15:17:14.137: sctp protocol not supported
EtherApe-INFO: 15:17:14.137: sctp protocol not supported
EtherApe-INFO: 15:17:14.137: sctp protocol not supported
EtherApe-INFO: 15:17:14.137: sctp protocol not supported
EtherApe-INFO: 15:17:14.137: sctp protocol not supported
EtherApe-INFO: 15:17:14.137: sctp protocol not supported
EtherApe-INFO: 15:17:14.137: sctp protocol not supported
EtherApe-INFO: 15:17:14.137: sctp protocol not supported
EtherApe-INFO: 15:17:14.137: sctp protocol not supported
EtherApe-INFO: 15:17:14.137: sctp protocol not supported
EtherApe-INFO: 15:17:14.137: sctp protocol not supported
EtherApe-INFO: 15:17:14.137: sctp protocol not supported
EtherApe-INFO: 15:17:14.137: sctp protocol not supported
EtherApe-INFO: 15:17:14.137: sctp protocol not supported
EtherApe-INFO: 15:17:14.137: sctp protocol not supported
EtherApe-INFO: 15:17:14.137: sctp protocol not supported
EtherApe-INFO: 15:17:14.137: sctp protocol not supported
EtherApe-INFO: 15:17:14.137: sctp protocol not supported
EtherApe-INFO: 15:17:14.137: sctp protocol not supported
EtherApe-INFO: 15:17:14.138: sctp protocol not supported
EtherApe-INFO: 15:17:14.138: dccp protocol not supported
EtherApe-INFO: 15:17:14.138: sctp protocol not supported
EtherApe-INFO: 15:17:14.138: sctp protocol not supported
EtherApe-INFO: 15:17:14.138: sctp protocol not supported
EtherApe-INFO: 15:17:14.138: sctp protocol not supported
EtherApe-INFO: 15:17:14.138: sctp protocol not supported
EtherApe-INFO: 15:17:14.138: sctp protocol not supported
EtherApe-INFO: 15:17:14.138: sctp protocol not supported
EtherApe-INFO: 15:17:14.138: sctp protocol not supported
EtherApe-INFO: 15:17:14.138: sctp protocol not supported
EtherApe-INFO: 15:17:14.138: sctp protocol not supported
EtherApe-INFO: 15:17:14.138: sctp protocol not supported
EtherApe-INFO: 15:17:14.138: sctp protocol not supported
EtherApe-INFO: 15:17:14.138: sctp protocol not supported
EtherApe-INFO: 15:17:14.139: sctp protocol not supported
EtherApe-INFO: 15:17:14.139: sctp protocol not supported
EtherApe-INFO: 15:17:14.139: sctp protocol not supported
EtherApe-INFO: 15:17:14.139: sctp protocol not supported
EtherApe-INFO: 15:17:14.139: sctp protocol not supported
EtherApe-INFO: 15:17:14.139: sctp protocol not supported
EtherApe-INFO: 15:17:14.139: sctp protocol not supported
EtherApe-INFO: 15:17:14.139: sctp protocol not supported
EtherApe-INFO: 15:17:14.139: sctp protocol not supported
EtherApe-INFO: 15:17:14.139: sctp protocol not supported
EtherApe-INFO: 15:17:14.139: sctp protocol not supported
EtherApe-INFO: 15:17:14.139: sctp protocol not supported
EtherApe-INFO: 15:17:14.139: sctp protocol not supported
EtherApe-INFO: 15:17:14.139: sctp protocol not supported
EtherApe-INFO: 15:17:14.139: sctp protocol not supported
EtherApe-INFO: 15:17:14.139: sctp protocol not supported
EtherApe-INFO: 15:17:14.139: sctp protocol not supported
EtherApe-INFO: 15:17:14.139: sctp protocol not supported
EtherApe-INFO: 15:17:14.139: sctp protocol not supported
EtherApe-INFO: 15:17:14.139: sctp protocol not supported
EtherApe-INFO: 15:17:14.139: sctp protocol not supported
EtherApe-INFO: 15:17:14.139: sctp protocol not supported
EtherApe-INFO: 15:17:14.139: sctp protocol not supported
EtherApe-INFO: 15:17:14.150: get_interface result: ''
EtherApe-INFO: 15:17:14.150: Available interfaces for capture: dbus-session dbus-system nfqueue nflog bluetooth-monitor enp0s25 lo any wlp3s0
EtherApe-INFO: 15:17:14.186: Link type is LINUX_SLL
EtherApe-INFO: 15:17:14.187: Diagram started
EtherApe-INFO: 15:17:16.486: New node: IP: 192.168.2.133. Number of nodes 1
EtherApe-INFO: 15:17:16.487: New node: IP: 149.154.167.51. Number of nodes 2
EtherApe-INFO: 15:17:19.116: New node: IP: 192.168.2.1. Number of nodes 3
EtherApe-INFO: 15:17:28.216: New node: IP: 45.87.155.109. Number of nodes 4
EtherApe-INFO: 15:17:29.786: New node: IP: 149.154.167.99. Number of nodes 5
EtherApe-INFO: 15:17:31.867: New node: IP: 149.154.167.223. Number of nodes 6
EtherApe-INFO: 15:17:58.917: New node: IP: 216.58.215.106. Number of nodes 7
EtherApe-INFO: 15:17:58.917: New node: IP: 35.83.91.138. Number of nodes 8
EtherApe-INFO: 15:17:58.917: New node: IP: 34.120.208.123. Number of nodes 9
EtherApe-INFO: 15:17:59.177: New node: IP: 54.187.105.247. Number of nodes 10
EtherApe-INFO: 15:17:59.177: New node: IP: 34.213.117.0. Number of nodes 11
EtherApe-INFO: 15:17:59.177: New node: IP: 52.89.11.225. Number of nodes 12
EtherApe-INFO: 15:18:00.482: New node: IP: 142.250.203.131. Number of nodes 13
EtherApe-INFO: 15:18:00.482: New node: IP: 93.184.220.29. Number of nodes 14
EtherApe-INFO: 15:18:00.738: New node: IP: 104.16.248.249. Number of nodes 15
EtherApe-INFO: 15:18:00.998: New node: IP: 147.75.198.156. Number of nodes 16
EtherApe-INFO: 15:18:01.257: New node: IP: 157.245.26.125. Number of nodes 17
EtherApe-INFO: 15:18:01.518: New node: IP: 34.107.221.82. Number of nodes 18
EtherApe-INFO: 15:18:01.778: New node: IP: 104.16.249.249. Number of nodes 19
EtherApe-INFO: 15:18:02.039: New node: IP: 87.245.216.107. Number of nodes 20
EtherApe-INFO: 15:18:02.297: New node: IP: 172.217.16.37. Number of nodes 21
EtherApe-INFO: 15:18:02.557: New node: IP: 216.58.209.3. Number of nodes 22
EtherApe-INFO: 15:18:02.559: New node: IP: 35.186.227.140. Number of nodes 23
EtherApe-INFO: 15:18:03.077: New node: IP: 216.58.215.99. Number of nodes 24
EtherApe-INFO: 15:18:03.337: New node: IP: 143.204.215.37. Number of nodes 25
EtherApe-INFO: 15:18:03.337: New node: IP: 34.117.237.239. Number of nodes 26
EtherApe-INFO: 15:18:03.857: New node: IP: 104.16.88.20. Number of nodes 27
EtherApe-INFO: 15:18:03.858: New node: IP: 104.16.87.20. Number of nodes 28
EtherApe-INFO: 15:18:04.377: New node: IP: 18.66.139.90. Number of nodes 29
EtherApe-INFO: 15:18:04.897: New node: IP: 108.156.253.131. Number of nodes 30
EtherApe-INFO: 15:18:04.897: New node: IP: 34.227.250.33. Number of nodes 31
EtherApe-INFO: 15:18:05.157: New node: IP: 34.225.36.183. Number of nodes 32
EtherApe-INFO: 15:18:06.457: New node: IP: 99.86.4.45. Number of nodes 33
EtherApe-INFO: 15:18:06.458: New node: IP: 52.33.232.236. Number of nodes 34
EtherApe-INFO: 15:18:07.237: New node: IP: 18.66.139.109. Number of nodes 35
EtherApe-INFO: 15:18:07.239: New node: IP: 138.201.80.190. Number of nodes 36
EtherApe-INFO: 15:18:07.242: New node: IP: 142.250.75.3. Number of nodes 37
EtherApe-INFO: 15:18:07.757: New node: IP: 216.58.208.195. Number of nodes 38
EtherApe-INFO: 15:18:07.758: New node: IP: 165.227.153.193. Number of nodes 39
EtherApe-INFO: 15:18:07.762: New node: IP: 216.58.215.97. Number of nodes 40
EtherApe-INFO: 15:18:08.537: New node: IP: 75.2.88.188. Number of nodes 41
EtherApe-INFO: 15:18:08.541: New node: IP: 185.209.160.143. Number of nodes 42
EtherApe-INFO: 15:18:08.541: New node: IP: 216.58.208.206. Number of nodes 43
EtherApe-INFO: 15:18:09.056: New node: IP: 104.18.20.226. Number of nodes 44
EtherApe-INFO: 15:18:09.057: New node: IP: 140.82.121.4. Number of nodes 45
EtherApe-INFO: 15:18:09.316: New node: IP: 142.250.75.14. Number of nodes 46
EtherApe-INFO: 15:18:09.843: New node: IP: 185.199.111.154. Number of nodes 47
EtherApe-INFO: 15:18:09.843: New node: IP: 185.199.110.154. Number of nodes 48
EtherApe-INFO: 15:18:09.848: New node: IP: 185.199.111.133. Number of nodes 49
EtherApe-INFO: 15:18:10.097: New node: IP: 91.198.174.208. Number of nodes 50
EtherApe-INFO: 15:18:10.097: New node: IP: 185.199.109.133. Number of nodes 51
EtherApe-INFO: 15:18:10.357: New node: IP: 13.248.149.140. Number of nodes 52
EtherApe-INFO: 15:18:10.357: New node: IP: 216.58.209.10. Number of nodes 53
EtherApe-INFO: 15:18:10.618: New node: IP: 216.58.208.196. Number of nodes 54
EtherApe-INFO: 15:18:10.619: New node: IP: 213.180.193.90. Number of nodes 55
EtherApe-INFO: 15:18:10.880: New node: IP: 93.158.134.90. Number of nodes 56
EtherApe-INFO: 15:18:11.137: New node: IP: 185.199.108.154. Number of nodes 57
EtherApe-INFO: 15:18:11.138: New node: IP: 140.82.114.22. Number of nodes 58
EtherApe-INFO: 15:18:11.400: New node: IP: 185.199.109.154. Number of nodes 59
EtherApe-INFO: 15:18:11.402: New node: IP: 140.82.112.25. Number of nodes 60
EtherApe-INFO: 15:18:12.697: New node: IP: 216.58.215.78. Number of nodes 61
EtherApe-INFO: 15:18:12.698: New node: IP: 216.58.209.14. Number of nodes 62
EtherApe-INFO: 15:18:14.794: New node: IP: 172.217.20.174. Number of nodes 63
EtherApe-INFO: 15:18:15.557: New node: IP: 140.82.121.6. Number of nodes 64
EtherApe-INFO: 15:18:16.077: New node: IP: 142.250.75.5. Number of nodes 65
EtherApe-INFO: 15:18:16.857: New node: IP: 142.250.75.10. Number of nodes 66
EtherApe-INFO: 15:18:17.901: New node: IP: 77.88.21.90. Number of nodes 67
EtherApe-INFO: 15:18:18.161: New node: IP: 213.180.204.90. Number of nodes 68
EtherApe-INFO: 15:18:18.677: New node: IP: 142.250.203.142. Number of nodes 69
EtherApe-INFO: 15:18:19.204: New node: IP: 216.58.215.74. Number of nodes 70
EtherApe-INFO: 15:18:19.467: New node: IP: 216.58.215.110. Number of nodes 71
EtherApe-INFO: 15:18:24.137: New node: IP: 142.250.102.189. Number of nodes 72
EtherApe-INFO: 15:18:25.177: New node: IP: 87.250.250.90. Number of nodes 73
EtherApe-INFO: 15:18:29.337: New node: IP: 172.217.16.42. Number of nodes 74
EtherApe-INFO: 15:18:39.507: New node: IPv6: fe80::9ada:c4ff:febf:99a5. Number of nodes 75
EtherApe-INFO: 15:18:39.507: New node: IPv6: ff02::1. Number of nodes 76
EtherApe-INFO: 15:18:39.746: New node: IP: 142.250.203.138. Number of nodes 77
EtherApe-INFO: 15:19:30.523: delete node: IP: 149.154.167.99. Number of nodes 76
EtherApe-INFO: 15:20:01.804: delete node: IP: 35.83.91.138. Number of nodes 75
EtherApe-INFO: 15:20:03.921: delete node: IP: 104.16.87.20. Number of nodes 74
EtherApe-INFO: 15:20:04.918: delete node: IP: 34.227.250.33. Number of nodes 73
EtherApe-INFO: 15:20:08.128: delete node: IP: 138.201.80.190. Number of nodes 72
EtherApe-INFO: 15:20:08.128: delete node: IP: 52.33.232.236. Number of nodes 71
EtherApe-INFO: 15:20:10.698: delete node: IP: 185.199.111.154. Number of nodes 70
EtherApe-INFO: 15:20:10.698: delete node: IP: 185.199.111.133. Number of nodes 69
EtherApe-INFO: 15:20:10.698: delete node: IP: 185.199.109.133. Number of nodes 68
EtherApe-INFO: 15:20:10.698: delete node: IP: 91.198.174.208. Number of nodes 67
EtherApe-INFO: 15:20:11.489: delete node: IP: 185.199.108.154. Number of nodes 66
EtherApe-INFO: 15:20:12.825: delete node: IP: 216.58.208.196. Number of nodes 65
EtherApe-INFO: 15:20:13.040: delete node: IP: 216.58.215.78. Number of nodes 64
EtherApe-INFO: 15:20:13.263: delete node: IP: 34.213.117.0. Number of nodes 63
EtherApe-INFO: 15:20:14.040: delete node: IP: 142.250.75.14. Number of nodes 62
EtherApe-INFO: 15:20:20.112: delete node: IP: 216.58.208.195. Number of nodes 61
EtherApe-INFO: 15:20:25.327: delete node: IP: 216.58.215.97. Number of nodes 60
EtherApe-INFO: 15:20:25.862: delete node: IP: 172.217.20.174. Number of nodes 59
EtherApe-INFO: 15:20:34.172: delete node: IP: 45.87.155.109. Number of nodes 58
EtherApe-INFO: 15:20:40.686: New node: IP: 45.87.155.109. Number of nodes 59
EtherApe-INFO: 15:20:40.776: delete node: IPv6: ff02::1. Number of nodes 58
EtherApe-INFO: 15:20:40.776: delete node: IPv6: fe80::9ada:c4ff:febf:99a5. Number of nodes 57
EtherApe-INFO: 15:20:41.526: delete node: IP: 216.58.215.106. Number of nodes 56
EtherApe-INFO: 15:20:57.889: delete node: IP: 93.158.134.90. Number of nodes 55
EtherApe-INFO: 15:21:02.093: delete node: IP: 54.187.105.247. Number of nodes 54
EtherApe-INFO: 15:21:02.879: delete node: IP: 52.89.11.225. Number of nodes 53
EtherApe-INFO: 15:21:06.069: delete node: IP: 87.250.250.90. Number of nodes 52
EtherApe-INFO: 15:21:06.069: delete node: IP: 77.88.21.90. Number of nodes 51
EtherApe-INFO: 15:21:12.796: delete node: IP: 213.180.204.90. Number of nodes 50
EtherApe-INFO: 15:21:17.254: delete node: IP: 216.58.215.99. Number of nodes 49
EtherApe-INFO: 15:21:17.254: delete node: IP: 185.209.160.143. Number of nodes 48
EtherApe-INFO: 15:21:20.121: delete node: IP: 213.180.193.90. Number of nodes 47
EtherApe-INFO: 15:21:23.558: delete node: IP: 147.75.198.156. Number of nodes 46
EtherApe-INFO: 15:21:28.407: New node: IP: 95.216.195.133. Number of nodes 47
EtherApe-INFO: 15:21:59.536: delete node: IP: 143.204.215.37. Number of nodes 46
EtherApe-INFO: 15:21:59.536: delete node: IP: 87.245.216.107. Number of nodes 45
EtherApe-INFO: 15:22:04.478: delete node: IP: 108.156.253.131. Number of nodes 44
EtherApe-INFO: 15:22:06.517: delete node: IP: 149.154.167.223. Number of nodes 43
EtherApe-INFO: 15:22:06.517: delete node: IP: 104.18.20.226. Number of nodes 42
EtherApe-INFO: 15:22:08.338: delete node: IP: 93.184.220.29. Number of nodes 41
EtherApe-INFO: 15:22:22.963: delete node: IP: 216.58.209.3. Number of nodes 40
EtherApe-INFO: 15:22:43.522: delete node: IP: 45.87.155.109. Number of nodes 39
EtherApe-INFO: 15:22:53.642: delete node: IP: 34.107.221.82. Number of nodes 38
EtherApe-INFO: 15:22:55.958: delete node: IP: 104.16.88.20. Number of nodes 37
EtherApe-INFO: 15:22:55.958: delete node: IP: 34.120.208.123. Number of nodes 36
EtherApe-INFO: 15:22:55.958: delete node: IP: 34.117.237.239. Number of nodes 35
EtherApe-INFO: 15:22:56.477: delete node: IP: 34.225.36.183. Number of nodes 34
EtherApe-INFO: 15:22:56.727: New node: IP: 34.117.237.239. Number of nodes 35
EtherApe-INFO: 15:22:58.384: delete node: IP: 99.86.4.45. Number of nodes 34
EtherApe-INFO: 15:22:58.384: delete node: IP: 18.66.139.109. Number of nodes 33
EtherApe-INFO: 15:22:58.384: delete node: IP: 18.66.139.90. Number of nodes 32
EtherApe-INFO: 15:23:00.709: delete node: IP: 75.2.88.188. Number of nodes 31
EtherApe-INFO: 15:23:00.906: New node: IP: 35.83.91.138. Number of nodes 32
EtherApe-INFO: 15:23:00.919: delete node: IP: 216.58.209.10. Number of nodes 31
EtherApe-INFO: 15:23:00.919: delete node: IP: 216.58.208.206. Number of nodes 30
EtherApe-INFO: 15:23:00.919: delete node: IP: 185.199.110.154. Number of nodes 29
EtherApe-INFO: 15:23:01.233: delete node: IP: 157.245.26.125. Number of nodes 28
EtherApe-INFO: 15:23:02.278: delete node: IP: 185.199.109.154. Number of nodes 27
EtherApe-INFO: 15:23:02.279: delete node: IP: 140.82.114.22. Number of nodes 26
EtherApe-INFO: 15:23:03.546: delete node: IP: 142.250.75.3. Number of nodes 25
EtherApe-INFO: 15:23:03.546: delete node: IP: 140.82.121.4. Number of nodes 24
EtherApe-INFO: 15:23:03.769: New node: IP: 216.58.209.1. Number of nodes 25
EtherApe-INFO: 15:23:03.769: New node: IP: 216.58.208.195. Number of nodes 26
EtherApe-INFO: 15:23:04.287: New node: IP: 216.58.208.205. Number of nodes 27
EtherApe-INFO: 15:23:04.547: New node: IP: 216.58.209.3. Number of nodes 28
EtherApe-INFO: 15:23:06.634: delete node: IP: 140.82.121.6. Number of nodes 27
EtherApe-INFO: 15:23:08.225: delete node: IP: 142.250.75.10. Number of nodes 26
EtherApe-INFO: 15:23:08.225: delete node: IP: 142.250.75.5. Number of nodes 25
EtherApe-INFO: 15:23:09.590: delete node: IP: 142.250.203.142. Number of nodes 24
EtherApe-INFO: 15:23:10.027: New node: IP: 34.120.208.123. Number of nodes 25
EtherApe-INFO: 15:23:10.118: delete node: IP: 216.58.215.74. Number of nodes 24
EtherApe-INFO: 15:23:10.286: New node: IP: 3.3.9.1. Number of nodes 25
EtherApe-INFO: 15:23:10.547: New node: IP: 108.156.253.131. Number of nodes 26
EtherApe-INFO: 15:23:11.847: New node: IP: 3.2.8.1. Number of nodes 27
EtherApe-INFO: 15:23:12.367: New node: IP: 52.36.0.217. Number of nodes 28
EtherApe-INFO: 15:23:12.627: New node: IP: 3.2.9.2. Number of nodes 29
EtherApe-INFO: 15:23:13.408: New node: IP: 142.250.75.10. Number of nodes 30
EtherApe-INFO: 15:23:13.668: New node: IP: 18.66.98.108. Number of nodes 31
EtherApe-INFO: 15:23:14.967: New node: IP: 52.84.199.71. Number of nodes 32
EtherApe-INFO: 15:23:20.226: delete node: IP: 172.217.16.42. Number of nodes 31
EtherApe-INFO: 15:23:29.115: delete node: IP: 95.216.195.133. Number of nodes 30
EtherApe-INFO: 15:23:33.776: New node: IPv6: fe80::9ada:c4ff:febf:99a5. Number of nodes 31
EtherApe-INFO: 15:23:33.776: New node: IPv6: ff02::1. Number of nodes 32
EtherApe-INFO: 15:23:49.710: New node: IP: 54.192.231.24. Number of nodes 33
EtherApe-INFO: 15:23:49.714: New node: IP: 54.192.231.101. Number of nodes 34
EtherApe-INFO: 15:23:49.968: New node: IP: 52.222.230.117. Number of nodes 35
EtherApe-INFO: 15:23:49.969: New node: IP: 18.66.15.116. Number of nodes 36
EtherApe-INFO: 15:23:50.233: New node: IP: 13.49.146.83. Number of nodes 37
EtherApe-INFO: 15:23:50.487: New node: IP: 52.94.220.76. Number of nodes 38
EtherApe-INFO: 15:23:50.489: New node: IP: 52.58.219.35. Number of nodes 39
EtherApe-INFO: 15:23:50.747: New node: IP: 18.66.139.22. Number of nodes 40
EtherApe-INFO: 15:23:51.267: New node: IP: 54.239.32.176. Number of nodes 41
EtherApe-INFO: 15:23:52.307: New node: IP: 34.195.132.248. Number of nodes 42
EtherApe-INFO: 15:23:53.347: New node: IP: 16.170.54.10. Number of nodes 43
EtherApe-INFO: 15:24:25.637: New node: IP: 99.86.240.48. Number of nodes 44
EtherApe-INFO: 15:24:25.898: New node: IP: 34.98.75.36. Number of nodes 45
EtherApe-INFO: 15:24:25.899: New node: IP: 87.245.216.9. Number of nodes 46
EtherApe-INFO: 15:24:26.167: New node: IP: 13.32.110.32. Number of nodes 47
EtherApe-INFO: 15:24:56.947: New node: IP: 45.87.155.109. Number of nodes 48
EtherApe-INFO: 15:25:01.731: delete node: IP: 35.83.91.138. Number of nodes 47
EtherApe-INFO: 15:25:05.103: delete node: IP: 216.58.209.1. Number of nodes 46
EtherApe-INFO: 15:25:05.103: delete node: IP: 216.58.208.205. Number of nodes 45
EtherApe-INFO: 15:25:15.491: delete node: IP: 142.250.75.10. Number of nodes 44
EtherApe-INFO: 15:25:18.877: New node: IP: 149.154.167.223. Number of nodes 45
EtherApe-INFO: 15:25:33.702: delete node: IPv6: ff02::1. Number of nodes 44
EtherApe-INFO: 15:25:33.703: delete node: IPv6: fe80::9ada:c4ff:febf:99a5. Number of nodes 43
EtherApe-INFO: 15:25:50.192: delete node: IP: 54.192.231.101. Number of nodes 42
EtherApe-INFO: 15:25:57.785: delete node: IP: 52.222.230.117. Number of nodes 41
EtherApe-INFO: 15:25:58.534: delete node: IP: 52.94.220.76. Number of nodes 40
EtherApe-INFO: 15:26:14.509: delete node: IP: 52.36.0.217. Number of nodes 39
EtherApe-INFO: 15:26:28.497: New node: IP: 95.216.195.133. Number of nodes 40
EtherApe-INFO: 15:26:51.957: delete node: IP: 54.239.32.176. Number of nodes 39
EtherApe-INFO: 15:26:51.957: delete node: IP: 3.2.9.2. Number of nodes 38
EtherApe-INFO: 15:26:57.661: delete node: IP: 45.87.155.109. Number of nodes 37
EtherApe-INFO: 15:27:01.094: delete node: IP: 216.58.209.3. Number of nodes 36
EtherApe-INFO: 15:27:39.427: New node: IP: 18.213.79.209. Number of nodes 37
EtherApe-INFO: 15:27:48.419: delete node: IP: 34.117.237.239. Number of nodes 36
EtherApe-INFO: 15:27:50.964: delete node: IP: 108.156.253.131. Number of nodes 35
EtherApe-INFO: 15:27:50.964: delete node: IP: 3.2.8.1. Number of nodes 34
EtherApe-INFO: 15:27:54.073: delete node: IP: 216.58.215.110. Number of nodes 33
EtherApe-INFO: 15:27:54.922: delete node: IP: 216.58.208.195. Number of nodes 32
EtherApe-INFO: 15:27:58.496: New node: IPv6: fe80::9ada:c4ff:febf:99a5. Number of nodes 33
EtherApe-INFO: 15:27:58.497: New node: IPv6: ff02::1. Number of nodes 34
EtherApe-INFO: 15:28:01.106: New node: IP: 35.83.91.138. Number of nodes 35
EtherApe-INFO: 15:28:01.950: delete node: IP: 34.120.208.123. Number of nodes 34
EtherApe-INFO: 15:28:07.133: delete node: IP: 52.84.199.71. Number of nodes 33
EtherApe-INFO: 15:28:07.133: delete node: IP: 18.66.98.108. Number of nodes 32
EtherApe-INFO: 15:28:27.988: delete node: IP: 99.86.240.48. Number of nodes 31
EtherApe-INFO: 15:28:27.988: delete node: IP: 87.245.216.9. Number of nodes 30
EtherApe-INFO: 15:28:29.551: delete node: IP: 95.216.195.133. Number of nodes 29
EtherApe-INFO: 15:28:44.139: delete node: IP: 54.192.231.24. Number of nodes 28
EtherApe-INFO: 15:28:44.139: delete node: IP: 52.58.219.35. Number of nodes 27
EtherApe-INFO: 15:28:44.139: delete node: IP: 18.66.139.22. Number of nodes 26
EtherApe-INFO: 15:28:44.139: delete node: IP: 18.66.15.116. Number of nodes 25
EtherApe-INFO: 15:28:44.139: delete node: IP: 13.49.146.83. Number of nodes 24
EtherApe-INFO: 15:28:46.482: delete node: IP: 16.170.54.10. Number of nodes 23
EtherApe-INFO: 15:28:47.016: delete node: IP: 35.186.227.140. Number of nodes 22
EtherApe-INFO: 15:28:47.016: delete node: IP: 3.3.9.1. Number of nodes 21
EtherApe-INFO: 15:28:52.467: New node: IP: 52.94.220.76. Number of nodes 22
EtherApe-INFO: 15:28:52.727: New node: IP: 3.3.8.1. Number of nodes 23
EtherApe-INFO: 15:28:58.038: delete node: IP: 34.195.132.248. Number of nodes 22
EtherApe-INFO: 15:29:17.336: delete node: IP: 34.98.75.36. Number of nodes 21
EtherApe-INFO: 15:29:17.336: delete node: IP: 13.32.110.32. Number of nodes 20
EtherApe-INFO: 15:29:58.496: delete node: IPv6: ff02::1. Number of nodes 19
EtherApe-INFO: 15:29:58.496: delete node: IPv6: fe80::9ada:c4ff:febf:99a5. Number of nodes 18
EtherApe-INFO: 15:30:01.642: delete node: IP: 35.83.91.138. Number of nodes 17
EtherApe-INFO: 15:31:00.566: delete node: IP: 52.94.220.76. Number of nodes 16
EtherApe-INFO: 15:31:28.407: New node: IP: 95.216.195.133. Number of nodes 17
EtherApe-INFO: 15:31:31.840: delete node: IP: 149.154.167.223. Number of nodes 16
EtherApe-INFO: 15:31:35.427: New node: IP: 172.217.20.206. Number of nodes 17
EtherApe-INFO: 15:32:04.156: New node: IPv6: fe80::9ada:c4ff:febf:99a5. Number of nodes 18
EtherApe-INFO: 15:32:04.156: New node: IPv6: ff02::1. Number of nodes 19
EtherApe-INFO: 15:33:01.346: New node: IP: 35.83.91.138. Number of nodes 20
EtherApe-INFO: 15:33:21.017: delete node: IP: 216.58.209.14. Number of nodes 19
EtherApe-INFO: 15:33:29.276: New node: IP: 45.87.155.109. Number of nodes 20
EtherApe-INFO: 15:33:29.317: delete node: IP: 95.216.195.133. Number of nodes 19
EtherApe-INFO: 15:33:52.767: New node: IP: 52.94.220.76. Number of nodes 20
EtherApe-INFO: 15:34:05.386: delete node: IPv6: ff02::1. Number of nodes 19
EtherApe-INFO: 15:34:05.386: delete node: IPv6: fe80::9ada:c4ff:febf:99a5. Number of nodes 18
EtherApe-INFO: 15:34:40.527: New node: IP: 149.154.167.223. Number of nodes 19
EtherApe-INFO: 15:35:03.305: delete node: IP: 35.83.91.138. Number of nodes 18
EtherApe-INFO: 15:35:29.642: delete node: IP: 45.87.155.109. Number of nodes 17
EtherApe-INFO: 15:36:00.390: delete node: IP: 52.94.220.76. Number of nodes 16
EtherApe-INFO: 15:36:28.516: New node: IP: 95.216.195.133. Number of nodes 17
EtherApe-INFO: 15:36:43.898: New node: IP: 143.204.214.134. Number of nodes 18
EtherApe-INFO: 15:36:43.899: New node: IP: 108.138.17.61. Number of nodes 19
EtherApe-INFO: 15:36:43.899: New node: IP: 18.66.112.42. Number of nodes 20
EtherApe-INFO: 15:36:44.159: New node: IP: 13.53.110.54. Number of nodes 21
EtherApe-INFO: 15:36:44.417: New node: IP: 52.94.216.116. Number of nodes 22
EtherApe-INFO: 15:36:44.676: New node: IP: 18.66.139.79. Number of nodes 23
EtherApe-INFO: 15:36:44.676: New node: IP: 52.28.224.57. Number of nodes 24
EtherApe-INFO: 15:36:45.457: New node: IP: 13.53.102.99. Number of nodes 25
EtherApe-INFO: 15:36:48.836: New node: IP: 35.186.227.140. Number of nodes 26
EtherApe-INFO: 15:36:48.838: New node: IP: 52.36.0.217. Number of nodes 27
EtherApe-INFO: 15:36:49.627: New node: IP: 54.187.120.38. Number of nodes 28
EtherApe-INFO: 15:36:55.968: delete node: IP: 149.154.167.223. Number of nodes 27
EtherApe-INFO: 15:37:19.887: New node: IP: 3.2.8.1. Number of nodes 28
EtherApe-INFO: 15:37:20.930: New node: IP: 13.32.118.224. Number of nodes 29
EtherApe-INFO: 15:37:20.931: New node: IP: 52.222.230.2. Number of nodes 30
EtherApe-INFO: 15:37:21.191: New node: IP: 142.250.75.10. Number of nodes 31
EtherApe-INFO: 15:37:23.787: New node: IP: 52.119.172.173. Number of nodes 32
EtherApe-INFO: 15:37:24.307: New node: IP: 108.156.253.131. Number of nodes 33
EtherApe-INFO: 15:37:41.006: New node: IPv6: fe80::9ada:c4ff:febf:99a5. Number of nodes 34
EtherApe-INFO: 15:37:41.006: New node: IPv6: ff02::1. Number of nodes 35
EtherApe-INFO: 15:37:56.657: New node: IP: 34.117.237.239. Number of nodes 36
EtherApe-INFO: 15:38:01.616: New node: IP: 35.83.91.138. Number of nodes 37
EtherApe-INFO: 15:38:08.647: New node: IP: 142.250.186.202. Number of nodes 38
EtherApe-INFO: 15:38:10.987: New node: IP: 172.217.20.174. Number of nodes 39
EtherApe-INFO: 15:38:29.817: New node: IP: 142.250.75.5. Number of nodes 40
EtherApe-INFO: 15:38:29.914: delete node: IP: 95.216.195.133. Number of nodes 39
EtherApe-INFO: 15:38:42.087: New node: IP: 149.154.167.223. Number of nodes 40
EtherApe-INFO: 15:38:49.123: delete node: IP: 143.204.214.134. Number of nodes 39
EtherApe-INFO: 15:39:12.023: delete node: IP: 172.217.16.37. Number of nodes 38
EtherApe-INFO: 15:39:27.080: delete node: IP: 172.217.20.206. Number of nodes 37
EtherApe-INFO: 15:39:28.662: delete node: IP: 52.94.216.116. Number of nodes 36
EtherApe-INFO: 15:39:41.146: delete node: IPv6: ff02::1. Number of nodes 35
EtherApe-INFO: 15:39:41.146: delete node: IPv6: fe80::9ada:c4ff:febf:99a5. Number of nodes 34
EtherApe-INFO: 15:39:51.086: delete node: IP: 54.187.120.38. Number of nodes 33
EtherApe-INFO: 15:39:51.297: delete node: IP: 52.36.0.217. Number of nodes 32
EtherApe-INFO: 15:39:53.410: delete node: IP: 52.119.172.173. Number of nodes 31
EtherApe-INFO: 15:40:01.952: delete node: IP: 35.83.91.138. Number of nodes 30
EtherApe-INFO: 15:40:58.337: delete node: IP: 149.154.167.223. Number of nodes 29
EtherApe-INFO: 15:41:17.109: delete node: IP: 52.222.230.2. Number of nodes 28
EtherApe-INFO: 15:41:17.109: delete node: IP: 13.32.118.224. Number of nodes 27
EtherApe-INFO: 15:41:19.958: delete node: IP: 108.156.253.131. Number of nodes 26
EtherApe-INFO: 15:41:26.512: delete node: IP: 142.250.75.10. Number of nodes 25
EtherApe-INFO: 15:41:28.556: New node: IP: 95.216.195.133. Number of nodes 26
EtherApe-INFO: 15:42:11.265: delete node: IP: 3.2.8.1. Number of nodes 25
EtherApe-INFO: 15:42:12.824: delete node: IP: 108.138.17.61. Number of nodes 24
EtherApe-INFO: 15:42:12.824: delete node: IP: 52.28.224.57. Number of nodes 23
EtherApe-INFO: 15:42:12.824: delete node: IP: 18.66.112.42. Number of nodes 22
EtherApe-INFO: 15:42:12.824: delete node: IP: 13.53.110.54. Number of nodes 21
EtherApe-INFO: 15:42:13.345: delete node: IP: 18.66.139.79. Number of nodes 20
EtherApe-INFO: 15:42:14.184: delete node: IP: 13.53.102.99. Number of nodes 19
EtherApe-INFO: 15:42:14.356: New node: IP: 52.119.172.173. Number of nodes 20
EtherApe-INFO: 15:42:15.443: delete node: IP: 35.186.227.140. Number of nodes 19
EtherApe-INFO: 15:42:22.717: New node: IP: 52.94.216.116. Number of nodes 20
EtherApe-INFO: 15:42:47.296: delete node: IP: 34.117.237.239. Number of nodes 19
EtherApe-INFO: 15:42:53.737: New node: IP: 149.154.167.223. Number of nodes 20
EtherApe-INFO: 15:43:01.354: delete node: IP: 142.250.186.202. Number of nodes 19
EtherApe-INFO: 15:43:01.796: New node: IP: 35.83.91.138. Number of nodes 20
EtherApe-INFO: 15:43:11.417: New node: IP: 172.217.20.206. Number of nodes 21
EtherApe-INFO: 15:43:28.624: delete node: IP: 95.216.195.133. Number of nodes 20
EtherApe-INFO: 15:43:30.917: New node: IP: 34.120.208.123. Number of nodes 21
EtherApe-INFO: 15:44:13.654: delete node: IP: 142.250.75.5. Number of nodes 20
EtherApe-INFO: 15:44:22.397: New node: IP: 172.217.16.37. Number of nodes 21
EtherApe-INFO: 15:44:27.646: delete node: IP: 172.217.20.174. Number of nodes 20
EtherApe-INFO: 15:44:30.982: delete node: IP: 52.94.216.116. Number of nodes 19
EtherApe-INFO: 15:44:46.933: delete node: IP: 52.119.172.173. Number of nodes 18
EtherApe-INFO: 15:44:58.797: New node: IP: 65.9.63.7. Number of nodes 19
EtherApe-INFO: 15:44:59.057: New node: IP: 13.32.110.32. Number of nodes 20
EtherApe-INFO: 15:45:01.396: New node: IP: 52.71.65.192. Number of nodes 21
EtherApe-INFO: 15:45:01.917: New node: IP: 3.3.9.1. Number of nodes 22
EtherApe-INFO: 15:45:01.963: delete node: IP: 35.83.91.138. Number of nodes 21
EtherApe-INFO: 15:45:09.208: delete node: IP: 149.154.167.223. Number of nodes 20
EtherApe-INFO: 15:45:13.357: New node: IP: 216.58.215.99. Number of nodes 21
EtherApe-INFO: 15:45:24.536: New node: IP: 172.217.16.42. Number of nodes 22
EtherApe-INFO: 15:46:28.387: New node: IP: 95.216.195.133. Number of nodes 23
EtherApe-INFO: 15:46:58.647: New node: IP: 52.222.236.80. Number of nodes 24
EtherApe-INFO: 15:46:59.187: New node: IP: 52.84.106.43. Number of nodes 25
EtherApe-INFO: 15:46:59.457: New node: IP: 35.244.181.201. Number of nodes 26
EtherApe-INFO: 15:46:59.457: New node: IP: 93.184.220.29. Number of nodes 27
EtherApe-INFO: 15:46:59.496: delete node: IP: 172.217.16.37. Number of nodes 26
EtherApe-INFO: 15:46:59.496: delete node: IP: 142.250.203.131. Number of nodes 25
EtherApe-INFO: 15:46:59.496: delete node: IP: 104.16.248.249. Number of nodes 24
EtherApe-INFO: 15:46:59.496: delete node: IP: 65.9.63.7. Number of nodes 23
EtherApe-INFO: 15:46:59.496: delete node: IP: 34.120.208.123. Number of nodes 22
EtherApe-INFO: 15:46:59.496: delete node: IP: 18.213.79.209. Number of nodes 21
EtherApe-INFO: 15:46:59.496: delete node: IP: 13.32.110.32. Number of nodes 20
EtherApe-INFO: 15:46:59.496: delete node: IP: 3.3.8.1. Number of nodes 19
EtherApe-INFO: 15:47:09.687: New node: IP: 149.154.167.223. Number of nodes 20
EtherApe-INFO: 15:47:17.266: New node: IPv6: fe80::9ada:c4ff:febf:99a5. Number of nodes 21
EtherApe-INFO: 15:47:17.267: New node: IPv6: ff02::1. Number of nodes 22
EtherApe-INFO: 15:47:23.007: New node: IP: 52.94.216.116. Number of nodes 23
EtherApe-INFO: 15:47:24.877: delete node: IP: 142.250.203.138. Number of nodes 22
EtherApe-INFO: 15:48:01.858: New node: IP: 35.83.91.138. Number of nodes 23
EtherApe-INFO: 15:48:17.497: New node: IP: 216.58.209.5. Number of nodes 24
EtherApe-INFO: 15:48:19.837: New node: IP: 216.58.208.202. Number of nodes 25
EtherApe-INFO: 15:48:20.357: New node: IP: 142.250.75.10. Number of nodes 26
EtherApe-INFO: 15:48:29.120: delete node: IP: 95.216.195.133. Number of nodes 25
EtherApe-INFO: 15:48:30.317: New node: IP: 216.58.208.197. Number of nodes 26
EtherApe-INFO: 15:48:44.117: New node: IP: 52.94.243.162. Number of nodes 27
EtherApe-INFO: 15:48:44.377: New node: IP: 108.156.253.131. Number of nodes 28
EtherApe-INFO: 15:49:17.548: delete node: IPv6: ff02::1. Number of nodes 27
EtherApe-INFO: 15:49:17.548: delete node: IPv6: fe80::9ada:c4ff:febf:99a5. Number of nodes 26
EtherApe-INFO: 15:49:29.846: delete node: IP: 52.94.216.116. Number of nodes 25
EtherApe-INFO: 15:50:04.266: delete node: IP: 35.83.91.138. Number of nodes 24
EtherApe-INFO: 15:50:12.337: New node: IP: 172.217.16.10. Number of nodes 25
EtherApe-INFO: 15:50:21.002: delete node: IP: 216.58.208.202. Number of nodes 24
EtherApe-INFO: 15:50:21.002: delete node: IP: 142.250.75.10. Number of nodes 23
EtherApe-INFO: 15:50:33.676: New node: IP: 45.87.155.109. Number of nodes 24
EtherApe-INFO: 15:50:37.577: New node: IP: 34.120.208.123. Number of nodes 25
EtherApe-INFO: 15:50:49.814: delete node: IP: 149.154.167.223. Number of nodes 24
EtherApe-INFO: 15:50:52.223: delete node: IP: 52.94.243.162. Number of nodes 23
EtherApe-INFO: 15:50:55.873: delete node: IP: 93.184.220.29. Number of nodes 22
EtherApe-INFO: 15:50:55.873: delete node: IP: 52.84.106.43. Number of nodes 21
EtherApe-INFO: 15:51:28.536: New node: IP: 95.216.195.133. Number of nodes 22
EtherApe-INFO: 15:51:49.358: delete node: IP: 52.222.236.80. Number of nodes 21
EtherApe-INFO: 15:51:51.755: delete node: IP: 35.244.181.201. Number of nodes 20
EtherApe-INFO: 15:52:13.107: New node: IP: 140.82.112.26. Number of nodes 21
EtherApe-INFO: 15:52:23.267: New node: IP: 52.94.216.116. Number of nodes 22
EtherApe-INFO: 15:52:33.725: delete node: IP: 45.87.155.109. Number of nodes 21
EtherApe-INFO: 15:52:40.533: delete node: IP: 108.156.253.131. Number of nodes 20
EtherApe-INFO: 15:52:51.396: New node: IP: 34.234.130.154. Number of nodes 21
EtherApe-INFO: 15:52:51.397: New node: IP: 54.242.46.41. Number of nodes 22
EtherApe-INFO: 15:52:51.917: New node: IP: 87.245.216.9. Number of nodes 23
EtherApe-INFO: 15:52:55.846: New node: IP: 35.186.227.140. Number of nodes 24
EtherApe-INFO: 15:52:55.847: New node: IP: 52.36.0.217. Number of nodes 25
EtherApe-INFO: 15:52:56.627: New node: IP: 34.117.237.239. Number of nodes 26
EtherApe-INFO: 15:53:01.567: New node: IP: 149.154.167.223. Number of nodes 27
EtherApe-INFO: 15:53:02.086: New node: IP: 35.83.91.138. Number of nodes 28
EtherApe-INFO: 15:53:09.445: delete node: IP: 216.58.209.5. Number of nodes 27
EtherApe-INFO: 15:53:22.387: New node: IPv6: fe80::9ada:c4ff:febf:99a5. Number of nodes 28
EtherApe-INFO: 15:53:22.387: New node: IPv6: ff02::1. Number of nodes 29
EtherApe-INFO: 15:53:29.168: delete node: IP: 95.216.195.133. Number of nodes 28
EtherApe-INFO: 15:54:13.181: delete node: IP: 140.82.112.25. Number of nodes 27
EtherApe-INFO: 15:54:15.168: delete node: IP: 216.58.208.197. Number of nodes 26
EtherApe-INFO: 15:54:24.527: New node: IP: 172.217.16.37. Number of nodes 27
EtherApe-INFO: 15:54:30.284: delete node: IP: 52.94.216.116. Number of nodes 26
EtherApe-INFO: 15:54:33.368: New node: IP: 52.119.172.173. Number of nodes 27
EtherApe-INFO: 15:54:52.228: delete node: IP: 54.242.46.41. Number of nodes 26
EtherApe-INFO: 15:55:02.428: delete node: IP: 35.83.91.138. Number of nodes 25
EtherApe-INFO: 15:55:03.266: delete node: IP: 172.217.16.10. Number of nodes 24
EtherApe-INFO: 15:55:12.367: New node: IP: 34.234.209.47. Number of nodes 25
EtherApe-INFO: 15:55:12.627: New node: IP: 104.18.32.68. Number of nodes 26
EtherApe-INFO: 15:55:14.987: New node: IP: 34.231.73.164. Number of nodes 27
EtherApe-INFO: 15:55:17.162: delete node: IP: 149.154.167.223. Number of nodes 26
EtherApe-INFO: 15:55:22.344: delete node: IPv6: ff02::1. Number of nodes 25
EtherApe-INFO: 15:55:22.344: delete node: IPv6: fe80::9ada:c4ff:febf:99a5. Number of nodes 24
EtherApe-INFO: 15:55:28.004: delete node: IP: 34.120.208.123. Number of nodes 23
EtherApe-INFO: 15:56:28.467: New node: IP: 95.216.195.133. Number of nodes 24
EtherApe-INFO: 15:56:46.667: New node: IP: 3.2.9.1. Number of nodes 25
EtherApe-INFO: 15:56:47.717: delete node: IP: 87.245.216.9. Number of nodes 24
EtherApe-INFO: 15:56:47.967: New node: IP: 54.192.231.91. Number of nodes 25
EtherApe-INFO: 15:56:47.968: New node: IP: 18.66.112.42. Number of nodes 26
EtherApe-INFO: 15:56:47.970: New node: IP: 143.204.101.130. Number of nodes 27
EtherApe-INFO: 15:56:48.227: New node: IP: 13.53.211.194. Number of nodes 28
EtherApe-INFO: 15:56:48.747: New node: IP: 52.94.216.116. Number of nodes 29
EtherApe-INFO: 15:56:49.007: New node: IP: 13.224.106.136. Number of nodes 30
EtherApe-INFO: 15:56:49.008: New node: IP: 52.58.212.161. Number of nodes 31
EtherApe-INFO: 15:56:49.009: New node: IP: 18.66.139.79. Number of nodes 32
EtherApe-INFO: 15:56:49.791: New node: IP: 18.66.122.58. Number of nodes 33
EtherApe-INFO: 15:56:50.048: New node: IP: 52.57.57.110. Number of nodes 34
EtherApe-INFO: 15:56:50.307: New node: IP: 108.156.253.131. Number of nodes 35
EtherApe-INFO: 15:56:50.827: New node: IP: 216.58.215.106. Number of nodes 36
EtherApe-INFO: 15:56:51.087: New node: IP: 18.66.239.66. Number of nodes 37
EtherApe-INFO: 15:56:51.089: New node: IP: 18.66.92.184. Number of nodes 38
EtherApe-INFO: 15:56:51.607: New node: IP: 13.53.102.99. Number of nodes 39
EtherApe-INFO: 15:56:51.607: New node: IP: 13.227.178.15. Number of nodes 40
EtherApe-INFO: 15:56:54.737: New node: IP: 143.204.214.205. Number of nodes 41
EtherApe-INFO: 15:56:58.887: New node: IP: 52.222.230.228. Number of nodes 42
EtherApe-INFO: 15:57:01.748: New node: IP: 3.236.94.246. Number of nodes 43
EtherApe-INFO: 15:57:02.527: New node: IP: 52.94.227.239. Number of nodes 44
EtherApe-INFO: 15:57:31.032: delete node: IP: 34.234.209.47. Number of nodes 43
EtherApe-INFO: 15:57:43.771: delete node: IP: 34.234.130.154. Number of nodes 42
EtherApe-INFO: 15:57:47.413: delete node: IP: 34.117.237.239. Number of nodes 41
EtherApe-INFO: 15:57:52.356: New node: IPv6: fe80::9ada:c4ff:febf:99a5. Number of nodes 42
EtherApe-INFO: 15:57:52.357: New node: IPv6: ff02::1. Number of nodes 43
EtherApe-INFO: 15:58:02.280: New node: IP: 35.83.91.138. Number of nodes 44
EtherApe-INFO: 15:58:06.452: delete node: IP: 52.119.172.173. Number of nodes 43
EtherApe-INFO: 15:58:08.257: New node: IP: 52.119.172.173. Number of nodes 44
EtherApe-INFO: 15:58:12.157: New node: IP: 216.58.209.14. Number of nodes 45
EtherApe-INFO: 15:58:30.457: delete node: IP: 95.216.195.133. Number of nodes 44
EtherApe-INFO: 15:58:31.137: New node: IP: 142.250.75.5. Number of nodes 45
EtherApe-INFO: 15:58:31.138: New node: IP: 34.120.208.123. Number of nodes 46
EtherApe-INFO: 15:58:51.254: delete node: IP: 216.58.215.106. Number of nodes 45
EtherApe-INFO: 15:58:54.041: delete node: IP: 143.204.101.130. Number of nodes 44
EtherApe-INFO: 15:59:08.411: delete node: IP: 104.18.32.68. Number of nodes 43
EtherApe-INFO: 15:59:10.733: delete node: IP: 52.94.227.239. Number of nodes 42
EtherApe-INFO: 15:59:10.733: delete node: IP: 3.236.94.246. Number of nodes 41
EtherApe-INFO: 15:59:16.154: delete node: IP: 172.217.16.37. Number of nodes 40
EtherApe-INFO: 15:59:30.005: delete node: IP: 172.217.20.206. Number of nodes 39
EtherApe-INFO: 15:59:32.032: delete node: IP: 52.94.216.116. Number of nodes 38
EtherApe-INFO: 15:59:38.486: New node: IP: 108.138.17.61. Number of nodes 39
EtherApe-INFO: 15:59:38.486: New node: IP: 13.32.118.224. Number of nodes 40
EtherApe-INFO: 15:59:38.487: New node: IP: 108.156.253.53. Number of nodes 41
EtherApe-INFO: 15:59:38.491: New node: IP: 216.58.215.106. Number of nodes 42
EtherApe-INFO: 15:59:39.007: New node: IP: 18.156.96.52. Number of nodes 43
EtherApe-INFO: 15:59:39.267: New node: IP: 52.218.184.209. Number of nodes 44
EtherApe-INFO: 15:59:39.527: New node: IP: 52.94.216.116. Number of nodes 45
EtherApe-INFO: 15:59:40.828: New node: IP: 52.94.243.162. Number of nodes 46
EtherApe-INFO: 15:59:41.867: New node: IP: 52.28.15.78. Number of nodes 47
EtherApe-INFO: 15:59:51.543: delete node: IP: 52.57.57.110. Number of nodes 46
EtherApe-INFO: 15:59:52.615: delete node: IPv6: ff02::1. Number of nodes 45
EtherApe-INFO: 15:59:52.615: delete node: IPv6: fe80::9ada:c4ff:febf:99a5. Number of nodes 44
EtherApe-INFO: 16:00:03.810: delete node: IP: 35.83.91.138. Number of nodes 43
EtherApe-INFO: 16:00:09.687: New node: IP: 149.154.167.223. Number of nodes 44
EtherApe-INFO: 16:00:21.436: delete node: IP: 52.119.172.173. Number of nodes 43
EtherApe-INFO: 16:00:45.569: delete node: IP: 13.224.106.136. Number of nodes 42
EtherApe-INFO: 16:00:48.438: delete node: IP: 18.66.92.184. Number of nodes 41
EtherApe-INFO: 16:00:51.306: delete node: IP: 143.204.214.205. Number of nodes 40
EtherApe-INFO: 16:00:58.380: delete node: IP: 52.222.230.228. Number of nodes 39
EtherApe-INFO: 16:01:20.667: New node: IP: 13.32.118.102. Number of nodes 40
EtherApe-INFO: 16:01:21.447: New node: IP: 52.92.163.18. Number of nodes 41
EtherApe-INFO: 16:01:21.707: New node: IP: 52.94.220.76. Number of nodes 42
EtherApe-INFO: 16:01:26.127: New node: IP: 142.250.75.10. Number of nodes 43
EtherApe-INFO: 16:01:28.467: New node: IP: 95.216.195.133. Number of nodes 44
EtherApe-INFO: 16:01:35.487: New node: IP: 216.58.209.3. Number of nodes 45
EtherApe-INFO: 16:01:38.401: delete node: IP: 54.192.231.91. Number of nodes 44
EtherApe-INFO: 16:01:38.930: delete node: IP: 216.58.215.106. Number of nodes 43
EtherApe-INFO: 16:01:39.459: delete node: IP: 13.53.211.194. Number of nodes 42
EtherApe-INFO: 16:01:42.338: delete node: IP: 18.66.122.58. Number of nodes 41
EtherApe-INFO: 16:01:42.338: delete node: IP: 13.227.178.15. Number of nodes 40
EtherApe-INFO: 16:01:43.622: delete node: IP: 18.66.239.66. Number of nodes 39
EtherApe-INFO: 16:01:45.447: delete node: IP: 52.218.184.209. Number of nodes 38
EtherApe-INFO: 16:01:48.310: delete node: IP: 52.94.216.116. Number of nodes 37
EtherApe-INFO: 16:01:48.310: delete node: IP: 13.53.102.99. Number of nodes 36
EtherApe-INFO: 16:01:48.310: delete node: IP: 3.2.9.1. Number of nodes 35
EtherApe-INFO: 16:02:03.937: New node: IP: 3.236.94.189. Number of nodes 36
EtherApe-INFO: 16:02:44.318: delete node: IP: 52.36.0.217. Number of nodes 35
EtherApe-INFO: 16:03:02.507: New node: IP: 35.83.91.138. Number of nodes 36
EtherApe-INFO: 16:03:02.507: New node: IP: 65.9.63.7. Number of nodes 37
EtherApe-INFO: 16:03:02.767: New node: IP: 13.32.99.50. Number of nodes 38
EtherApe-INFO: 16:03:06.406: New node: IP: 54.174.64.209. Number of nodes 39
EtherApe-INFO: 16:03:22.421: delete node: IP: 52.92.163.18. Number of nodes 38
EtherApe-INFO: 16:03:22.639: delete node: IP: 34.120.208.123. Number of nodes 37
EtherApe-INFO: 16:03:28.358: delete node: IP: 142.250.75.10. Number of nodes 36
EtherApe-INFO: 16:03:29.416: delete node: IP: 95.216.195.133. Number of nodes 35
EtherApe-INFO: 16:03:35.648: delete node: IP: 216.58.209.3. Number of nodes 34
EtherApe-INFO: 16:03:37.666: delete node: IP: 108.156.253.131. Number of nodes 33
EtherApe-INFO: 16:03:39.796: delete node: IP: 52.94.243.162. Number of nodes 32
EtherApe-INFO: 16:04:13.423: delete node: IP: 3.236.94.189. Number of nodes 31
EtherApe-INFO: 16:04:18.340: delete node: IP: 142.250.75.5. Number of nodes 30
EtherApe-INFO: 16:04:25.577: New node: IP: 142.250.75.5. Number of nodes 31
EtherApe-INFO: 16:04:27.917: New node: IP: 216.58.208.196. Number of nodes 32
EtherApe-INFO: 16:04:28.178: New node: IP: 216.58.209.3. Number of nodes 33
EtherApe-INFO: 16:04:29.236: delete node: IP: 18.66.112.42. Number of nodes 32
EtherApe-INFO: 16:04:32.077: New node: IP: 52.36.0.217. Number of nodes 33
EtherApe-INFO: 16:04:32.695: delete node: IP: 52.94.220.76. Number of nodes 32
EtherApe-INFO: 16:04:40.657: New node: IP: 34.120.208.123. Number of nodes 33
EtherApe-INFO: 16:04:40.917: New node: IP: 52.94.218.60. Number of nodes 34
EtherApe-INFO: 16:04:40.918: New node: IP: 216.58.208.195. Number of nodes 35
EtherApe-INFO: 16:04:42.219: New node: IP: 216.58.209.1. Number of nodes 36
EtherApe-INFO: 16:04:42.477: New node: IP: 216.58.208.206. Number of nodes 37
EtherApe-INFO: 16:04:42.490: New node: IP: 142.250.203.194. Number of nodes 38
EtherApe-INFO: 16:04:42.737: New node: IP: 142.250.75.10. Number of nodes 39
EtherApe-INFO: 16:04:42.997: New node: IP: 216.58.209.2. Number of nodes 40
EtherApe-INFO: 16:04:45.337: New node: IP: 108.157.4.37. Number of nodes 41
EtherApe-INFO: 16:04:47.167: New node: IP: 18.66.139.22. Number of nodes 42
EtherApe-INFO: 16:04:47.167: New node: IP: 18.66.130.57. Number of nodes 43
EtherApe-INFO: 16:05:03.857: delete node: IP: 108.156.253.53. Number of nodes 42
EtherApe-INFO: 16:05:03.857: delete node: IP: 108.138.17.61. Number of nodes 41
EtherApe-INFO: 16:05:03.857: delete node: IP: 65.9.63.7. Number of nodes 40
EtherApe-INFO: 16:05:03.857: delete node: IP: 52.71.65.192. Number of nodes 39
EtherApe-INFO: 16:05:03.857: delete node: IP: 52.58.212.161. Number of nodes 38
EtherApe-INFO: 16:05:03.857: delete node: IP: 52.28.15.78. Number of nodes 37
EtherApe-INFO: 16:05:03.857: delete node: IP: 35.83.91.138. Number of nodes 36
EtherApe-INFO: 16:05:03.857: delete node: IP: 18.156.96.52. Number of nodes 35
EtherApe-INFO: 16:05:03.857: delete node: IP: 18.66.139.79. Number of nodes 34
EtherApe-INFO: 16:05:03.857: delete node: IP: 13.32.118.224. Number of nodes 33
EtherApe-INFO: 16:05:03.857: delete node: IP: 13.32.118.102. Number of nodes 32
EtherApe-INFO: 16:05:55.236: delete node: IP: 149.154.167.223. Number of nodes 31
EtherApe-INFO: 16:06:22.217: New node: IPv6: fe80::9ada:c4ff:febf:99a5. Number of nodes 32
EtherApe-INFO: 16:06:22.217: New node: IPv6: ff02::1. Number of nodes 33
EtherApe-INFO: 16:06:24.037: New node: IP: 52.94.216.116. Number of nodes 34
EtherApe-INFO: 16:06:28.477: New node: IP: 95.216.195.133. Number of nodes 35
EtherApe-INFO: 16:06:37.106: New node: IP: 149.154.167.223. Number of nodes 36
EtherApe-INFO: 16:06:41.007: New node: IP: 52.88.225.96. Number of nodes 37
EtherApe-INFO: 16:06:42.590: delete node: IP: 216.58.209.1. Number of nodes 36
EtherApe-INFO: 16:06:42.590: delete node: IP: 216.58.208.206. Number of nodes 35
EtherApe-INFO: 16:06:42.908: delete node: IP: 142.250.75.10. Number of nodes 34
EtherApe-INFO: 16:06:43.968: delete node: IP: 216.58.209.2. Number of nodes 33
EtherApe-INFO: 16:06:47.078: delete node: IP: 216.58.208.196. Number of nodes 32
EtherApe-INFO: 16:06:47.611: delete node: IP: 52.94.218.60. Number of nodes 31
EtherApe-INFO: 16:06:52.727: New node: IP: 142.250.75.10. Number of nodes 32
EtherApe-INFO: 16:07:05.538: New node: IP: 52.119.172.173. Number of nodes 33
EtherApe-INFO: 16:07:05.797: New node: IP: 3.236.94.154. Number of nodes 34
EtherApe-INFO: 16:07:26.087: New node: IP: 52.94.218.60. Number of nodes 35
EtherApe-INFO: 16:07:56.827: New node: IP: 34.117.237.239. Number of nodes 36
EtherApe-INFO: 16:07:56.868: delete node: IP: 13.32.99.50. Number of nodes 35
EtherApe-INFO: 16:08:02.557: New node: IP: 35.83.91.138. Number of nodes 36
EtherApe-INFO: 16:08:13.247: New node: IP: 172.217.20.174. Number of nodes 37
EtherApe-INFO: 16:08:22.275: delete node: IPv6: ff02::1. Number of nodes 36
EtherApe-INFO: 16:08:22.275: delete node: IPv6: fe80::9ada:c4ff:febf:99a5. Number of nodes 35
EtherApe-INFO: 16:08:24.526: New node: IP: 54.231.166.65. Number of nodes 36
EtherApe-INFO: 16:08:24.787: New node: IP: 108.156.253.131. Number of nodes 37
EtherApe-INFO: 16:08:28.735: delete node: IP: 95.216.195.133. Number of nodes 36
EtherApe-INFO: 16:08:31.287: New node: IP: 172.217.16.37. Number of nodes 37
EtherApe-INFO: 16:08:43.097: delete node: IP: 108.157.4.37. Number of nodes 36
EtherApe-INFO: 16:08:52.228: delete node: IP: 149.154.167.223. Number of nodes 35
EtherApe-INFO: 16:08:52.229: delete node: IP: 52.88.225.96. Number of nodes 34
EtherApe-INFO: 16:08:58.660: delete node: IP: 52.94.216.116. Number of nodes 33
EtherApe-INFO: 16:09:16.227: delete node: IP: 3.236.94.154. Number of nodes 32
EtherApe-INFO: 16:09:18.004: delete node: IP: 142.250.75.5. Number of nodes 31
EtherApe-INFO: 16:09:25.049: delete node: IP: 142.250.75.10. Number of nodes 30
EtherApe-INFO: 16:09:36.298: delete node: IP: 216.58.209.3. Number of nodes 29
EtherApe-INFO: 16:09:36.298: delete node: IP: 216.58.208.195. Number of nodes 28
EtherApe-INFO: 16:09:36.298: delete node: IP: 142.250.203.194. Number of nodes 27
EtherApe-INFO: 16:09:36.298: delete node: IP: 52.94.218.60. Number of nodes 26
EtherApe-INFO: 16:09:38.071: delete node: IP: 18.66.130.57. Number of nodes 25
EtherApe-INFO: 16:09:39.639: delete node: IP: 18.66.139.22. Number of nodes 24
EtherApe-INFO: 16:09:41.157: New node: IP: 52.94.216.116. Number of nodes 25
EtherApe-INFO: 16:09:42.279: delete node: IP: 52.36.0.217. Number of nodes 24
EtherApe-INFO: 16:09:48.284: delete node: IP: 34.231.73.164. Number of nodes 23
EtherApe-INFO: 16:10:02.884: delete node: IP: 35.83.91.138. Number of nodes 22
EtherApe-INFO: 16:10:06.032: delete node: IP: 216.58.209.14. Number of nodes 21
EtherApe-INFO: 16:11:18.482: delete node: IP: 54.231.166.65. Number of nodes 20
EtherApe-INFO: 16:11:24.969: New node: IP: 52.94.220.76. Number of nodes 21
EtherApe-INFO: 16:11:28.606: New node: IP: 95.216.195.133. Number of nodes 22
EtherApe-INFO: 16:11:33.806: New node: IP: 52.217.139.74. Number of nodes 23
EtherApe-INFO: 16:11:47.634: delete node: IP: 52.94.216.116. Number of nodes 22
EtherApe-INFO: 16:11:55.948: New node: IP: 52.36.0.217. Number of nodes 23
EtherApe-INFO: 16:12:07.657: New node: IP: 52.46.153.3. Number of nodes 24
EtherApe-INFO: 16:12:08.956: New node: IP: 149.154.167.223. Number of nodes 25
EtherApe-INFO: 16:12:17.075: New node: IP: 149.154.167.91. Number of nodes 26
EtherApe-INFO: 16:12:27.176: New node: IP: 52.94.218.60. Number of nodes 27
EtherApe-INFO: 16:12:48.383: delete node: IP: 34.117.237.239. Number of nodes 26
EtherApe-INFO: 16:13:01.407: New node: IP: 216.58.208.202. Number of nodes 27
EtherApe-INFO: 16:13:02.706: New node: IP: 35.83.91.138. Number of nodes 28
EtherApe-INFO: 16:13:02.967: New node: IP: 216.58.209.14. Number of nodes 29
EtherApe-INFO: 16:13:28.868: delete node: IP: 95.216.195.133. Number of nodes 28
EtherApe-INFO: 16:13:59.891: delete node: IP: 52.94.220.76. Number of nodes 27
EtherApe-INFO: 16:14:03.584: delete node: IP: 52.217.139.74. Number of nodes 26
EtherApe-INFO: 16:14:18.430: delete node: IP: 52.46.153.3. Number of nodes 25
EtherApe-INFO: 16:14:28.348: delete node: IP: 52.119.172.173. Number of nodes 24
EtherApe-INFO: 16:14:34.955: delete node: IP: 172.217.20.174. Number of nodes 23
EtherApe-INFO: 16:14:34.955: delete node: IP: 149.154.167.91. Number of nodes 22
EtherApe-INFO: 16:14:34.955: delete node: IP: 52.94.218.60. Number of nodes 21
EtherApe-INFO: 16:14:53.116: New node: IPv6: fe80::9ada:c4ff:febf:99a5. Number of nodes 22
EtherApe-INFO: 16:14:53.117: New node: IPv6: ff02::1. Number of nodes 23
EtherApe-INFO: 16:14:57.052: delete node: IP: 52.36.0.217. Number of nodes 22
EtherApe-INFO: 16:15:03.556: delete node: IP: 35.83.91.138. Number of nodes 21
EtherApe-INFO: 16:15:31.815: delete node: IP: 108.156.253.131. Number of nodes 20
EtherApe-INFO: 16:15:52.968: delete node: IP: 149.154.167.223. Number of nodes 19
EtherApe-INFO: 16:16:25.677: New node: IP: 52.94.220.76. Number of nodes 20
EtherApe-INFO: 16:16:28.542: New node: IP: 95.216.195.133. Number of nodes 21
EtherApe-INFO: 16:16:54.362: delete node: IPv6: ff02::1. Number of nodes 20
EtherApe-INFO: 16:16:54.362: delete node: IPv6: fe80::9ada:c4ff:febf:99a5. Number of nodes 19
EtherApe-INFO: 16:17:09.368: New node: IP: 3.236.94.143. Number of nodes 20
EtherApe-INFO: 16:17:12.276: delete node: IP: 34.120.208.123. Number of nodes 19
EtherApe-INFO: 16:17:13.527: New node: IP: 149.154.167.223. Number of nodes 20
EtherApe-INFO: 16:17:27.607: New node: IP: 52.94.218.60. Number of nodes 21
EtherApe-INFO: 16:18:01.797: New node: IP: 142.250.75.10. Number of nodes 22
EtherApe-INFO: 16:18:02.577: New node: IP: 157.245.26.125. Number of nodes 23
EtherApe-INFO: 16:18:02.841: New node: IP: 35.83.91.138. Number of nodes 24
EtherApe-INFO: 16:18:18.737: New node: IP: 216.58.209.5. Number of nodes 25
EtherApe-INFO: 16:18:18.997: New node: IP: 142.250.186.206. Number of nodes 26
EtherApe-INFO: 16:18:21.154: delete node: IP: 35.186.227.140. Number of nodes 25
EtherApe-INFO: 16:18:23.957: New node: IP: 172.217.16.10. Number of nodes 26
EtherApe-INFO: 16:18:30.795: delete node: IP: 95.216.195.133. Number of nodes 25
EtherApe-INFO: 16:18:55.727: New node: IP: 34.120.208.123. Number of nodes 26
EtherApe-INFO: 16:19:00.967: delete node: IP: 52.94.220.76. Number of nodes 25
EtherApe-INFO: 16:19:11.170: delete node: IP: 216.58.208.202. Number of nodes 24
EtherApe-INFO: 16:19:17.665: delete node: IP: 3.236.94.143. Number of nodes 23
EtherApe-INFO: 16:19:28.843: delete node: IP: 149.154.167.223. Number of nodes 22
EtherApe-INFO: 16:19:35.153: delete node: IP: 52.94.218.60. Number of nodes 21
EtherApe-INFO: 16:20:03.334: delete node: IP: 142.250.75.10. Number of nodes 20
EtherApe-INFO: 16:20:03.334: delete node: IP: 35.83.91.138. Number of nodes 19
EtherApe-INFO: 16:20:15.327: New node: IP: 149.154.167.223. Number of nodes 20
EtherApe-INFO: 16:21:26.887: New node: IP: 52.94.216.116. Number of nodes 21
EtherApe-INFO: 16:21:28.447: New node: IP: 95.216.195.133. Number of nodes 22
EtherApe-INFO: 16:22:09.407: New node: IP: 142.250.75.10. Number of nodes 23
EtherApe-INFO: 16:22:10.967: New node: IP: 52.46.147.63. Number of nodes 24
EtherApe-INFO: 16:22:13.847: New node: IP: 216.58.215.101. Number of nodes 25
EtherApe-INFO: 16:22:39.857: New node: IP: 142.250.75.4. Number of nodes 26
EtherApe-INFO: 16:22:40.127: New node: IP: 65.9.63.7. Number of nodes 27
EtherApe-INFO: 16:22:40.387: New node: IP: 216.58.208.195. Number of nodes 28
EtherApe-INFO: 16:22:40.658: New node: IP: 142.250.186.195. Number of nodes 29
EtherApe-INFO: 16:22:41.437: New node: IP: 216.58.215.78. Number of nodes 30
EtherApe-INFO: 16:22:41.957: New node: IP: 216.58.208.206. Number of nodes 31
EtherApe-INFO: 16:22:42.221: New node: IP: 142.250.186.194. Number of nodes 32
EtherApe-INFO: 16:22:42.478: New node: IP: 172.217.16.34. Number of nodes 33
EtherApe-INFO: 16:22:42.479: New node: IP: 172.217.20.194. Number of nodes 34
EtherApe-INFO: 16:22:44.826: New node: IP: 35.186.227.140. Number of nodes 35
EtherApe-INFO: 16:22:44.827: New node: IP: 52.36.0.217. Number of nodes 36
EtherApe-INFO: 16:22:45.867: New node: IP: 216.58.215.97. Number of nodes 37
EtherApe-INFO: 16:22:56.847: New node: IP: 34.117.237.239. Number of nodes 38
EtherApe-INFO: 16:23:03.107: New node: IP: 35.83.91.138. Number of nodes 39
EtherApe-INFO: 16:23:05.457: New node: IP: 54.192.231.52. Number of nodes 40
EtherApe-INFO: 16:23:06.782: New node: IP: 13.226.158.112. Number of nodes 41
EtherApe-INFO: 16:23:06.788: New node: IP: 18.66.130.57. Number of nodes 42
EtherApe-INFO: 16:23:11.032: delete node: IP: 216.58.209.5. Number of nodes 41
EtherApe-INFO: 16:23:11.032: delete node: IP: 142.250.186.206. Number of nodes 40
EtherApe-INFO: 16:23:14.356: New node: IPv6: fe80::9ada:c4ff:febf:99a5. Number of nodes 41
EtherApe-INFO: 16:23:14.357: New node: IPv6: ff02::1. Number of nodes 42
EtherApe-INFO: 16:23:14.914: delete node: IP: 172.217.16.10. Number of nodes 41
EtherApe-INFO: 16:23:22.511: delete node: IP: 165.227.153.193. Number of nodes 40
EtherApe-INFO: 16:23:30.338: delete node: IP: 95.216.195.133. Number of nodes 39
EtherApe-INFO: 16:24:05.553: delete node: IP: 172.217.16.37. Number of nodes 38
EtherApe-INFO: 16:24:19.165: delete node: IP: 52.46.147.63. Number of nodes 37
EtherApe-INFO: 16:24:35.048: delete node: IP: 52.94.216.116. Number of nodes 36
EtherApe-INFO: 16:24:41.797: New node: IP: 45.87.155.109. Number of nodes 37
EtherApe-INFO: 16:24:43.680: delete node: IP: 216.58.215.78. Number of nodes 36
EtherApe-INFO: 16:24:43.680: delete node: IP: 142.250.75.10. Number of nodes 35
EtherApe-INFO: 16:24:46.776: delete node: IP: 216.58.215.97. Number of nodes 34
EtherApe-INFO: 16:24:46.776: delete node: IP: 149.154.167.223. Number of nodes 33
EtherApe-INFO: 16:25:03.788: delete node: IP: 35.83.91.138. Number of nodes 32
EtherApe-INFO: 16:25:13.638: New node: IP: 140.82.113.25. Number of nodes 33
EtherApe-INFO: 16:25:15.045: delete node: IPv6: ff02::1. Number of nodes 32
EtherApe-INFO: 16:25:15.045: delete node: IPv6: fe80::9ada:c4ff:febf:99a5. Number of nodes 31
EtherApe-INFO: 16:25:15.045: delete node: IP: 157.245.26.125. Number of nodes 30
EtherApe-INFO: 16:25:46.827: New node: IP: 100.24.181.185. Number of nodes 31
EtherApe-INFO: 16:25:49.687: New node: IP: 149.154.167.223. Number of nodes 32
EtherApe-INFO: 16:26:08.495: New node: IP: 108.138.17.61. Number of nodes 33
EtherApe-INFO: 16:26:08.496: New node: IP: 143.204.214.134. Number of nodes 34
EtherApe-INFO: 16:26:08.496: New node: IP: 13.32.99.127. Number of nodes 35
EtherApe-INFO: 16:26:08.747: New node: IP: 13.49.146.83. Number of nodes 36
EtherApe-INFO: 16:26:09.007: New node: IP: 52.94.218.60. Number of nodes 37
EtherApe-INFO: 16:26:09.267: New node: IP: 18.66.139.79. Number of nodes 38
EtherApe-INFO: 16:26:09.267: New node: IP: 52.58.212.161. Number of nodes 39
EtherApe-INFO: 16:26:10.307: New node: IP: 16.170.67.214. Number of nodes 40
EtherApe-INFO: 16:26:28.547: New node: IP: 95.216.195.133. Number of nodes 41
EtherApe-INFO: 16:26:36.641: delete node: IP: 65.9.63.7. Number of nodes 40
EtherApe-INFO: 16:26:45.298: delete node: IP: 45.87.155.109. Number of nodes 39
EtherApe-INFO: 16:26:45.486: New node: IPv6: fe80::9ada:c4ff:febf:99a5. Number of nodes 40
EtherApe-INFO: 16:26:45.486: New node: IPv6: ff02::1. Number of nodes 41
EtherApe-INFO: 16:27:07.366: delete node: IP: 54.192.231.52. Number of nodes 40
EtherApe-INFO: 16:27:12.827: New node: IP: 3.236.94.171. Number of nodes 41
EtherApe-INFO: 16:27:13.666: delete node: IP: 140.82.112.26. Number of nodes 40
EtherApe-INFO: 16:27:30.569: delete node: IP: 54.174.64.209. Number of nodes 39
EtherApe-INFO: 16:27:31.620: delete node: IP: 142.250.186.195. Number of nodes 38
EtherApe-INFO: 16:27:31.620: delete node: IP: 34.120.208.123. Number of nodes 37
EtherApe-INFO: 16:27:42.960: delete node: IP: 216.58.208.195. Number of nodes 36
EtherApe-INFO: 16:27:48.650: delete node: IP: 34.117.237.239. Number of nodes 35
EtherApe-INFO: 16:27:51.284: delete node: IP: 172.217.20.194. Number of nodes 34
EtherApe-INFO: 16:27:51.284: delete node: IP: 172.217.16.34. Number of nodes 33
EtherApe-INFO: 16:27:51.284: delete node: IP: 142.250.186.194. Number of nodes 32
EtherApe-INFO: 16:27:53.627: delete node: IP: 216.58.208.206. Number of nodes 31
EtherApe-INFO: 16:27:58.804: delete node: IP: 142.250.75.4. Number of nodes 30
EtherApe-INFO: 16:27:58.804: delete node: IP: 18.66.130.57. Number of nodes 29
EtherApe-INFO: 16:27:58.804: delete node: IP: 13.226.158.112. Number of nodes 28
EtherApe-INFO: 16:28:03.216: New node: IP: 35.83.91.138. Number of nodes 29
EtherApe-INFO: 16:28:06.077: New node: IP: 142.250.203.202. Number of nodes 30
EtherApe-INFO: 16:28:15.006: delete node: IP: 143.204.214.134. Number of nodes 29
EtherApe-INFO: 16:28:28.603: delete node: IP: 95.216.195.133. Number of nodes 28
EtherApe-INFO: 16:28:32.197: New node: IP: 172.217.16.37. Number of nodes 29
EtherApe-INFO: 16:28:46.319: delete node: IPv6: ff02::1. Number of nodes 28
EtherApe-INFO: 16:28:46.319: delete node: IPv6: fe80::9ada:c4ff:febf:99a5. Number of nodes 27
EtherApe-INFO: 16:29:20.252: delete node: IP: 3.236.94.171. Number of nodes 26
EtherApe-INFO: 16:29:25.639: New node: IP: 52.216.140.216. Number of nodes 27
EtherApe-INFO: 16:29:32.955: delete node: IP: 149.154.167.223. Number of nodes 26
EtherApe-INFO: 16:29:35.815: delete node: IP: 52.94.218.60. Number of nodes 25
EtherApe-INFO: 16:30:04.020: delete node: IP: 35.83.91.138. Number of nodes 24
EtherApe-INFO: 16:30:07.213: delete node: IP: 216.58.215.101. Number of nodes 23
EtherApe-INFO: 16:30:25.956: New node: IPv6: fe80::9ada:c4ff:febf:99a5. Number of nodes 24
EtherApe-INFO: 16:30:25.957: New node: IPv6: ff02::1. Number of nodes 25
EtherApe-INFO: 16:30:47.617: New node: IP: 18.66.161.11. Number of nodes 26
EtherApe-INFO: 16:30:47.617: New node: IP: 52.222.230.40. Number of nodes 27
EtherApe-INFO: 16:30:47.618: New node: IP: 18.66.121.87. Number of nodes 28
EtherApe-INFO: 16:30:47.880: New node: IP: 18.65.39.36. Number of nodes 29
EtherApe-INFO: 16:30:47.880: New node: IP: 142.250.75.10. Number of nodes 30
EtherApe-INFO: 16:30:48.927: New node: IP: 52.94.218.60. Number of nodes 31
EtherApe-INFO: 16:30:48.927: New node: IP: 54.192.231.103. Number of nodes 32
EtherApe-INFO: 16:30:49.187: New node: IP: 52.28.224.57. Number of nodes 33
EtherApe-INFO: 16:30:56.518: New node: IP: 34.227.42.77. Number of nodes 34
EtherApe-INFO: 16:31:00.986: delete node: IP: 108.138.17.61. Number of nodes 33
EtherApe-INFO: 16:31:00.986: delete node: IP: 52.58.212.161. Number of nodes 32
EtherApe-INFO: 16:31:00.986: delete node: IP: 18.66.139.79. Number of nodes 31
EtherApe-INFO: 16:31:00.986: delete node: IP: 13.32.99.127. Number of nodes 30
EtherApe-INFO: 16:31:04.336: New node: IP: 34.235.28.15. Number of nodes 31
EtherApe-INFO: 16:31:07.716: New node: IP: 149.154.167.223. Number of nodes 32
EtherApe-INFO: 16:31:28.516: New node: IP: 95.216.195.133. Number of nodes 33
EtherApe-INFO: 16:31:55.615: delete node: IP: 52.216.140.216. Number of nodes 32
EtherApe-INFO: 16:32:14.537: New node: IP: 3.236.94.143. Number of nodes 33
EtherApe-INFO: 16:32:26.786: delete node: IPv6: ff02::1. Number of nodes 32
EtherApe-INFO: 16:32:26.786: delete node: IPv6: fe80::9ada:c4ff:febf:99a5. Number of nodes 31
EtherApe-INFO: 16:32:41.160: New node: IP: 149.154.167.92. Number of nodes 32
EtherApe-INFO: 16:32:49.815: delete node: IP: 142.250.75.10. Number of nodes 31
EtherApe-INFO: 16:32:57.135: delete node: IP: 142.250.203.202. Number of nodes 30
EtherApe-INFO: 16:33:02.486: New node: IP: 35.83.91.138. Number of nodes 31
EtherApe-INFO: 16:33:13.927: New node: IP: 108.157.4.110. Number of nodes 32
EtherApe-INFO: 16:33:29.045: delete node: IP: 95.216.195.133. Number of nodes 31
EtherApe-INFO: 16:33:41.747: New node: IP: 18.66.139.79. Number of nodes 32
EtherApe-INFO: 16:33:44.608: New node: IP: 18.66.130.57. Number of nodes 33
EtherApe-INFO: 16:34:03.177: delete node: IP: 52.94.218.60. Number of nodes 32
EtherApe-INFO: 16:34:22.989: delete node: IP: 3.236.94.143. Number of nodes 31
EtherApe-INFO: 16:34:44.358: delete node: IP: 52.222.230.40. Number of nodes 30
EtherApe-INFO: 16:34:44.358: delete node: IP: 18.66.121.87. Number of nodes 29
EtherApe-INFO: 16:35:01.658: delete node: IP: 149.154.167.92. Number of nodes 28
EtherApe-INFO: 16:35:06.093: delete node: IP: 35.83.91.138. Number of nodes 27
EtherApe-INFO: 16:35:07.680: delete node: IP: 172.217.16.37. Number of nodes 26
EtherApe-INFO: 16:35:11.814: delete node: IP: 149.154.167.223. Number of nodes 25
EtherApe-INFO: 16:35:17.277: New node: IP: 172.217.16.37. Number of nodes 26
EtherApe-INFO: 16:35:17.537: New node: IP: 34.120.208.123. Number of nodes 27
EtherApe-INFO: 16:35:39.500: delete node: IP: 18.66.161.11. Number of nodes 26
EtherApe-INFO: 16:35:39.500: delete node: IP: 18.65.39.36. Number of nodes 25
EtherApe-INFO: 16:35:39.500: delete node: IP: 13.49.146.83. Number of nodes 24
EtherApe-INFO: 16:35:40.031: delete node: IP: 54.192.231.103. Number of nodes 23
EtherApe-INFO: 16:35:40.031: delete node: IP: 52.28.224.57. Number of nodes 22
EtherApe-INFO: 16:35:41.835: delete node: IP: 16.170.67.214. Number of nodes 21
EtherApe-INFO: 16:35:50.697: New node: IP: 52.94.216.116. Number of nodes 22
EtherApe-INFO: 16:35:55.916: New node: IPv6: fe80::9ada:c4ff:febf:99a5. Number of nodes 23
EtherApe-INFO: 16:35:55.917: New node: IPv6: ff02::1. Number of nodes 24
EtherApe-INFO: 16:36:03.008: delete node: IP: 34.227.42.77. Number of nodes 23
EtherApe-INFO: 16:36:28.546: New node: IP: 95.216.195.133. Number of nodes 24
EtherApe-INFO: 16:36:50.231: delete node: IP: 52.36.0.217. Number of nodes 23
EtherApe-INFO: 16:37:05.087: New node: IP: 52.36.0.217. Number of nodes 24
EtherApe-INFO: 16:37:13.689: New node: IP: 108.138.17.4. Number of nodes 25
EtherApe-INFO: 16:37:13.692: New node: IP: 52.222.230.21. Number of nodes 26
EtherApe-INFO: 16:37:13.947: New node: IP: 18.66.112.111. Number of nodes 27
EtherApe-INFO: 16:37:14.467: New node: IP: 13.49.146.83. Number of nodes 28
EtherApe-INFO: 16:37:14.727: New node: IP: 52.94.220.76. Number of nodes 29
EtherApe-INFO: 16:37:14.987: New node: IP: 18.66.139.22. Number of nodes 30
EtherApe-INFO: 16:37:14.988: New node: IP: 52.58.212.161. Number of nodes 31
EtherApe-INFO: 16:37:15.247: New node: IP: 108.138.24.227. Number of nodes 32
EtherApe-INFO: 16:37:15.767: New node: IP: 13.51.181.176. Number of nodes 33
EtherApe-INFO: 16:37:16.027: New node: IP: 18.66.122.58. Number of nodes 34
EtherApe-INFO: 16:37:16.547: New node: IP: 3.236.94.182. Number of nodes 35
EtherApe-INFO: 16:37:16.547: New node: IP: 52.57.57.110. Number of nodes 36
EtherApe-INFO: 16:37:16.807: New node: IP: 52.84.199.71. Number of nodes 37
EtherApe-INFO: 16:37:17.327: New node: IP: 142.250.75.10. Number of nodes 38
EtherApe-INFO: 16:37:17.329: New node: IP: 52.222.230.2. Number of nodes 39
EtherApe-INFO: 16:37:18.107: New node: IP: 13.32.118.165. Number of nodes 40
EtherApe-INFO: 16:37:18.108: New node: IP: 13.32.118.130. Number of nodes 41
EtherApe-INFO: 16:37:18.628: New node: IP: 52.222.230.84. Number of nodes 42
EtherApe-INFO: 16:37:29.329: New node: IP: 65.9.58.96. Number of nodes 43
EtherApe-INFO: 16:37:32.447: New node: IP: 52.94.225.123. Number of nodes 44
EtherApe-INFO: 16:37:56.717: New node: IP: 34.117.237.239. Number of nodes 45
EtherApe-INFO: 16:37:56.764: delete node: IPv6: ff02::1. Number of nodes 44
EtherApe-INFO: 16:37:56.764: delete node: IPv6: fe80::9ada:c4ff:febf:99a5. Number of nodes 43
EtherApe-INFO: 16:37:56.977: New node: IP: 54.192.231.68. Number of nodes 44
EtherApe-INFO: 16:37:58.797: New node: IP: 13.226.158.114. Number of nodes 45
EtherApe-INFO: 16:37:58.800: New node: IP: 108.156.253.131. Number of nodes 46
EtherApe-INFO: 16:38:03.758: New node: IP: 35.83.91.138. Number of nodes 47
EtherApe-INFO: 16:38:06.160: delete node: IP: 108.157.4.110. Number of nodes 46
EtherApe-INFO: 16:38:17.817: New node: IP: 52.222.250.32. Number of nodes 47
EtherApe-INFO: 16:38:18.336: New node: IP: 34.238.198.107. Number of nodes 48
EtherApe-INFO: 16:38:29.137: delete node: IP: 95.216.195.133. Number of nodes 47
EtherApe-INFO: 16:38:50.177: New node: IP: 108.138.24.140. Number of nodes 48
EtherApe-INFO: 16:38:54.067: New node: IP: 18.66.107.144. Number of nodes 49
EtherApe-INFO: 16:38:59.527: New node: IP: 52.222.230.126. Number of nodes 50
EtherApe-INFO: 16:38:59.528: New node: IP: 52.222.230.194. Number of nodes 51
EtherApe-INFO: 16:39:02.393: New node: IP: 3.236.94.242. Number of nodes 52
EtherApe-INFO: 16:39:03.687: New node: IP: 52.46.143.68. Number of nodes 53
EtherApe-INFO: 16:39:15.676: New node: IP: 13.32.118.169. Number of nodes 54
EtherApe-INFO: 16:39:17.599: delete node: IP: 142.250.75.10. Number of nodes 53
EtherApe-INFO: 16:39:18.083: delete node: IP: 13.32.118.165. Number of nodes 52
EtherApe-INFO: 16:39:18.297: delete node: IP: 13.32.118.130. Number of nodes 51
EtherApe-INFO: 16:39:18.850: delete node: IP: 52.222.230.21. Number of nodes 50
EtherApe-INFO: 16:39:20.166: delete node: IP: 52.222.230.84. Number of nodes 49
EtherApe-INFO: 16:39:20.924: delete node: IP: 108.138.24.227. Number of nodes 48
EtherApe-INFO: 16:39:22.219: delete node: IP: 52.94.220.76. Number of nodes 47
EtherApe-INFO: 16:39:39.791: delete node: IP: 52.94.225.123. Number of nodes 46
EtherApe-INFO: 16:39:39.791: delete node: IP: 3.236.94.182. Number of nodes 45
EtherApe-INFO: 16:39:50.697: New node: IP: 52.222.230.12. Number of nodes 46
EtherApe-INFO: 16:40:04.108: delete node: IP: 35.83.91.138. Number of nodes 45
EtherApe-INFO: 16:40:08.789: delete node: IP: 34.120.208.123. Number of nodes 44
EtherApe-INFO: 16:40:11.617: New node: IP: 216.58.209.10. Number of nodes 45
EtherApe-INFO: 16:40:51.027: New node: IP: 52.94.220.76. Number of nodes 46
EtherApe-INFO: 16:40:59.683: delete node: IP: 65.9.58.96. Number of nodes 45
EtherApe-INFO: 16:41:04.901: delete node: IP: 52.222.230.126. Number of nodes 44
EtherApe-INFO: 16:41:11.671: delete node: IP: 52.46.143.68. Number of nodes 43
EtherApe-INFO: 16:41:11.883: delete node: IP: 3.236.94.242. Number of nodes 42
EtherApe-INFO: 16:41:19.541: delete node: IP: 52.222.250.32. Number of nodes 41
EtherApe-INFO: 16:41:22.941: delete node: IP: 52.94.216.116. Number of nodes 40
EtherApe-INFO: 16:41:24.208: delete node: IP: 108.138.24.140. Number of nodes 39
EtherApe-INFO: 16:41:24.208: delete node: IP: 18.66.107.144. Number of nodes 38
EtherApe-INFO: 16:41:28.387: New node: IP: 95.216.195.133. Number of nodes 39
EtherApe-INFO: 16:41:52.012: delete node: IP: 52.57.57.110. Number of nodes 38
EtherApe-INFO: 16:41:55.160: delete node: IP: 54.192.231.68. Number of nodes 37
EtherApe-INFO: 16:41:56.942: delete node: IP: 52.222.230.12. Number of nodes 36
EtherApe-INFO: 16:41:58.227: New node: IP: 52.94.218.60. Number of nodes 37
EtherApe-INFO: 16:42:04.227: delete node: IP: 18.66.112.111. Number of nodes 36
EtherApe-INFO: 16:42:10.187: New node: IP: 34.120.208.123. Number of nodes 37
EtherApe-INFO: 16:42:14.884: delete node: IP: 108.156.253.131. Number of nodes 36
EtherApe-INFO: 16:42:18.279: New node: IP: 3.236.94.214. Number of nodes 37
EtherApe-INFO: 16:42:20.193: delete node: IP: 52.36.0.217. Number of nodes 36
EtherApe-INFO: 16:42:20.367: New node: IP: 142.250.75.10. Number of nodes 37
EtherApe-INFO: 16:42:32.667: New node: IP: 149.154.167.223. Number of nodes 38
EtherApe-INFO: 16:42:47.149: delete node: IP: 34.117.237.239. Number of nodes 37
EtherApe-INFO: 16:42:49.976: delete node: IP: 18.66.130.57. Number of nodes 36
EtherApe-INFO: 16:42:51.027: delete node: IP: 13.226.158.114. Number of nodes 35
EtherApe-INFO: 16:42:51.237: delete node: IP: 18.66.139.79. Number of nodes 34
EtherApe-INFO: 16:42:59.205: delete node: IP: 52.222.230.194. Number of nodes 33
EtherApe-INFO: 16:43:03.946: New node: IP: 35.83.91.138. Number of nodes 34
EtherApe-INFO: 16:43:13.266: delete node: IP: 52.222.230.2. Number of nodes 33
EtherApe-INFO: 16:43:15.043: delete node: IP: 34.235.28.15. Number of nodes 32
EtherApe-INFO: 16:43:29.180: delete node: IP: 95.216.195.133. Number of nodes 31
EtherApe-INFO: 16:43:36.995: delete node: IP: 52.94.220.76. Number of nodes 30
EtherApe-INFO: 16:43:42.956: New node: IPv6: fe80::9ada:c4ff:febf:99a5. Number of nodes 31
EtherApe-INFO: 16:43:42.956: New node: IPv6: ff02::1. Number of nodes 32
EtherApe-INFO: 16:43:44.071: delete node: IP: 18.66.122.58. Number of nodes 31
EtherApe-INFO: 16:43:45.114: delete node: IP: 52.84.199.71. Number of nodes 30
EtherApe-INFO: 16:44:05.193: delete node: IP: 108.138.17.4. Number of nodes 29
EtherApe-INFO: 16:44:05.716: delete node: IP: 13.49.146.83. Number of nodes 28
EtherApe-INFO: 16:44:07.068: delete node: IP: 52.58.212.161. Number of nodes 27
EtherApe-INFO: 16:44:07.068: delete node: IP: 18.66.139.22. Number of nodes 26
EtherApe-INFO: 16:44:07.068: delete node: IP: 13.32.118.169. Number of nodes 25
EtherApe-INFO: 16:44:07.767: New node: IP: 3.236.94.211. Number of nodes 26
EtherApe-INFO: 16:44:08.636: delete node: IP: 13.51.181.176. Number of nodes 25
EtherApe-INFO: 16:44:25.157: delete node: IP: 3.236.94.214. Number of nodes 24
EtherApe-INFO: 16:44:29.007: New node: IP: 52.36.0.217. Number of nodes 25
EtherApe-INFO: 16:44:46.316: New node: IP: 52.217.171.50. Number of nodes 26
EtherApe-INFO: 16:45:02.495: delete node: IP: 216.58.209.10. Number of nodes 25
EtherApe-INFO: 16:45:04.069: delete node: IP: 35.83.91.138. Number of nodes 24
EtherApe-INFO: 16:45:06.373: delete node: IP: 149.154.167.223. Number of nodes 23
EtherApe-INFO: 16:45:08.468: delete node: IP: 172.217.16.37. Number of nodes 22
EtherApe-INFO: 16:45:18.667: New node: IP: 216.58.208.197. Number of nodes 23
EtherApe-INFO: 16:45:43.156: delete node: IPv6: ff02::1. Number of nodes 22
EtherApe-INFO: 16:45:43.156: delete node: IPv6: fe80::9ada:c4ff:febf:99a5. Number of nodes 21
EtherApe-INFO: 16:45:51.257: New node: IP: 52.94.216.116. Number of nodes 22
EtherApe-INFO: 16:45:59.669: delete node: IP: 52.94.218.60. Number of nodes 21
EtherApe-INFO: 16:46:15.202: delete node: IP: 3.236.94.211. Number of nodes 20
EtherApe-INFO: 16:46:28.467: New node: IP: 95.216.195.133. Number of nodes 21
EtherApe-INFO: 16:46:31.067: New node: IP: 149.154.167.223. Number of nodes 22
EtherApe-INFO: 16:46:46.040: New node: IP: 149.154.165.111. Number of nodes 23
EtherApe-INFO: 16:46:58.896: New node: IP: 52.94.218.60. Number of nodes 24
EtherApe-INFO: 16:47:01.808: delete node: IP: 34.120.208.123. Number of nodes 23
EtherApe-INFO: 16:47:12.039: delete node: IP: 142.250.75.10. Number of nodes 22
EtherApe-INFO: 16:47:16.003: delete node: IP: 52.217.171.50. Number of nodes 21
EtherApe-INFO: 16:47:20.347: New node: IP: 52.46.138.183. Number of nodes 22
EtherApe-INFO: 16:47:25.117: New node: IP: 34.235.28.15. Number of nodes 23
EtherApe-INFO: 16:47:29.317: New node: IP: 54.187.120.38. Number of nodes 24
EtherApe-INFO: 16:47:34.827: New node: IP: 142.250.75.10. Number of nodes 25
EtherApe-INFO: 16:47:42.167: New node: IP: 34.227.42.77. Number of nodes 26
EtherApe-INFO: 16:48:03.996: New node: IP: 35.83.91.138. Number of nodes 27
EtherApe-INFO: 16:48:04.777: New node: IP: 216.58.209.10. Number of nodes 28
EtherApe-INFO: 16:48:19.997: New node: IP: 142.250.75.5. Number of nodes 29
EtherApe-INFO: 16:48:29.489: delete node: IP: 95.216.195.133. Number of nodes 28
EtherApe-INFO: 16:48:37.334: delete node: IP: 52.94.216.116. Number of nodes 27
EtherApe-INFO: 16:48:56.866: New node: IPv6: fe80::9ada:c4ff:febf:99a5. Number of nodes 28
EtherApe-INFO: 16:48:56.866: New node: IPv6: ff02::1. Number of nodes 29
EtherApe-INFO: 16:49:06.110: delete node: IP: 52.94.218.60. Number of nodes 28
EtherApe-INFO: 16:49:26.900: delete node: IP: 52.46.138.183. Number of nodes 27
EtherApe-INFO: 16:49:33.651: delete node: IP: 149.154.165.111. Number of nodes 26
EtherApe-INFO: 16:49:35.015: delete node: IP: 142.250.75.10. Number of nodes 25
EtherApe-INFO: 16:49:42.468: delete node: IP: 34.235.28.15. Number of nodes 24
EtherApe-INFO: 16:49:47.657: New node: IP: 142.250.75.4. Number of nodes 25
EtherApe-INFO: 16:49:48.177: New node: IP: 216.58.208.195. Number of nodes 26
EtherApe-INFO: 16:49:49.217: New node: IP: 216.58.209.3. Number of nodes 27
EtherApe-INFO: 16:49:49.477: New node: IP: 216.58.215.97. Number of nodes 28
EtherApe-INFO: 16:49:49.738: New node: IP: 142.250.203.194. Number of nodes 29
EtherApe-INFO: 16:49:49.740: New node: IP: 142.250.75.10. Number of nodes 30
EtherApe-INFO: 16:49:49.740: New node: IP: 172.217.16.14. Number of nodes 31
EtherApe-INFO: 16:49:50.257: New node: IP: 172.217.16.2. Number of nodes 32
EtherApe-INFO: 16:50:05.180: delete node: IP: 35.83.91.138. Number of nodes 31
EtherApe-INFO: 16:50:17.977: New node: IP: 142.250.203.196. Number of nodes 32
EtherApe-INFO: 16:50:20.347: New node: IP: 34.235.28.15. Number of nodes 33
EtherApe-INFO: 16:50:24.006: New node: IP: 52.4.221.11. Number of nodes 34
EtherApe-INFO: 16:50:24.787: New node: IP: 54.192.231.73. Number of nodes 35
EtherApe-INFO: 16:50:24.787: New node: IP: 54.192.231.124. Number of nodes 36
EtherApe-INFO: 16:50:24.787: New node: IP: 54.192.231.49. Number of nodes 37
EtherApe-INFO: 16:50:25.049: New node: IP: 54.192.231.30. Number of nodes 38
EtherApe-INFO: 16:50:25.056: New node: IP: 108.156.253.131. Number of nodes 39
EtherApe-INFO: 16:50:25.836: New node: IP: 34.234.130.154. Number of nodes 40
EtherApe-INFO: 16:50:31.094: delete node: IP: 54.187.120.38. Number of nodes 39
EtherApe-INFO: 16:50:44.202: delete node: IP: 34.227.42.77. Number of nodes 38
EtherApe-INFO: 16:50:52.167: New node: IP: 52.94.216.116. Number of nodes 39
EtherApe-INFO: 16:50:57.158: delete node: IPv6: ff02::1. Number of nodes 38
EtherApe-INFO: 16:50:57.158: delete node: IPv6: fe80::9ada:c4ff:febf:99a5. Number of nodes 37
EtherApe-INFO: 16:51:04.187: New node: IP: 34.120.208.123. Number of nodes 38
EtherApe-INFO: 16:51:28.507: New node: IP: 95.216.195.133. Number of nodes 39
EtherApe-INFO: 16:51:49.772: delete node: IP: 216.58.215.97. Number of nodes 38
EtherApe-INFO: 16:51:49.772: delete node: IP: 216.58.209.3. Number of nodes 37
EtherApe-INFO: 16:51:50.089: delete node: IP: 172.217.16.14. Number of nodes 36
EtherApe-INFO: 16:51:50.089: delete node: IP: 142.250.75.10. Number of nodes 35
EtherApe-INFO: 16:51:59.507: New node: IP: 52.94.220.76. Number of nodes 36
EtherApe-INFO: 16:52:22.077: New node: IP: 52.46.147.84. Number of nodes 37
EtherApe-INFO: 16:52:24.977: delete node: IP: 54.192.231.73. Number of nodes 36
EtherApe-INFO: 16:52:25.294: delete node: IP: 54.192.231.30. Number of nodes 35
EtherApe-INFO: 16:52:26.035: delete node: IP: 54.192.231.124. Number of nodes 34
EtherApe-INFO: 16:52:56.677: New node: IP: 34.117.237.239. Number of nodes 35
EtherApe-INFO: 16:53:04.306: New node: IP: 35.83.91.138. Number of nodes 36
EtherApe-INFO: 16:53:11.714: delete node: IP: 142.250.75.5. Number of nodes 35
EtherApe-INFO: 16:53:19.630: delete node: IP: 52.94.216.116. Number of nodes 34
EtherApe-INFO: 16:53:28.792: delete node: IP: 95.216.195.133. Number of nodes 33
EtherApe-INFO: 16:54:07.614: delete node: IP: 52.94.220.76. Number of nodes 32
EtherApe-INFO: 16:54:21.400: delete node: IP: 108.156.253.131. Number of nodes 31
EtherApe-INFO: 16:54:28.759: delete node: IP: 52.46.147.84. Number of nodes 30
EtherApe-INFO: 16:54:33.937: New node: IP: 143.204.215.52. Number of nodes 31
EtherApe-INFO: 16:54:34.010: delete node: IP: 52.4.221.11. Number of nodes 30
EtherApe-INFO: 16:54:38.208: delete node: IP: 216.58.208.195. Number of nodes 29
EtherApe-INFO: 16:54:41.384: delete node: IP: 172.217.16.2. Number of nodes 28
EtherApe-INFO: 16:54:41.384: delete node: IP: 142.250.203.194. Number of nodes 27
EtherApe-INFO: 16:54:43.497: delete node: IP: 142.250.75.4. Number of nodes 26
EtherApe-INFO: 16:55:04.753: delete node: IP: 35.83.91.138. Number of nodes 25
EtherApe-INFO: 16:55:08.928: delete node: IP: 142.250.203.196. Number of nodes 24
EtherApe-INFO: 16:55:10.705: delete node: IP: 216.58.208.197. Number of nodes 23
EtherApe-INFO: 16:55:16.462: delete node: IP: 54.192.231.49. Number of nodes 22
EtherApe-INFO: 16:55:18.557: delete node: IP: 34.234.130.154. Number of nodes 21
EtherApe-INFO: 16:55:20.357: New node: IP: 172.217.16.37. Number of nodes 22
EtherApe-INFO: 16:55:32.926: New node: IP: 34.227.42.77. Number of nodes 23
EtherApe-INFO: 16:55:52.857: New node: IP: 52.94.216.116. Number of nodes 24
EtherApe-INFO: 16:55:55.053: delete node: IP: 34.120.208.123. Number of nodes 23
EtherApe-INFO: 16:56:28.517: New node: IP: 95.216.195.133. Number of nodes 24
EtherApe-INFO: 16:56:44.569: delete node: IP: 149.154.167.223. Number of nodes 23
EtherApe-INFO: 16:56:59.937: New node: IPv6: fe80::9ada:c4ff:febf:99a5. Number of nodes 24
EtherApe-INFO: 16:56:59.937: New node: IPv6: ff02::1. Number of nodes 25
EtherApe-INFO: 16:57:05.695: delete node: IP: 216.58.209.10. Number of nodes 24
EtherApe-INFO: 16:57:22.677: New node: IP: 3.236.94.145. Number of nodes 25
EtherApe-INFO: 16:57:38.502: delete node: IP: 52.36.0.217. Number of nodes 24
EtherApe-INFO: 16:57:47.670: delete node: IP: 34.117.237.239. Number of nodes 23
EtherApe-INFO: 16:58:04.396: New node: IP: 35.83.91.138. Number of nodes 24
EtherApe-INFO: 16:58:27.753: delete node: IP: 34.235.28.15. Number of nodes 23
EtherApe-INFO: 16:58:28.793: delete node: IP: 95.216.195.133. Number of nodes 22
EtherApe-INFO: 16:58:31.606: delete node: IP: 143.204.215.52. Number of nodes 21
EtherApe-INFO: 16:58:33.697: New node: IP: 142.250.75.5. Number of nodes 22
EtherApe-INFO: 16:58:49.997: New node: IP: 45.87.155.109. Number of nodes 23
EtherApe-INFO: 16:58:52.621: New node: IP: 52.217.196.32. Number of nodes 24
EtherApe-INFO: 16:59:00.298: delete node: IPv6: ff02::1. Number of nodes 23
EtherApe-INFO: 16:59:00.298: delete node: IPv6: fe80::9ada:c4ff:febf:99a5. Number of nodes 22
EtherApe-INFO: 16:59:06.612: delete node: IP: 52.94.216.116. Number of nodes 21
EtherApe-INFO: 16:59:28.203: delete node: IP: 35.186.227.140. Number of nodes 20
EtherApe-INFO: 16:59:29.762: delete node: IP: 3.236.94.145. Number of nodes 19
EtherApe-INFO: 17:00:04.722: delete node: IP: 35.83.91.138. Number of nodes 18
EtherApe-INFO: 17:00:10.956: delete node: IP: 172.217.16.37. Number of nodes 17
EtherApe-INFO: 17:00:30.697: New node: IP: 34.120.208.123. Number of nodes 18
EtherApe-INFO: 17:00:38.566: New node: IP: 149.154.167.223. Number of nodes 19
EtherApe-INFO: 17:00:50.646: delete node: IP: 45.87.155.109. Number of nodes 18
EtherApe-INFO: 17:00:53.777: New node: IP: 52.94.220.76. Number of nodes 19
EtherApe-INFO: 17:01:02.745: delete node: IP: 52.217.196.32. Number of nodes 18
EtherApe-INFO: 17:01:28.536: New node: IP: 95.216.195.133. Number of nodes 19
EtherApe-INFO: 17:01:30.377: New node: IP: 149.154.166.120. Number of nodes 20
EtherApe-INFO: 17:02:15.317: New node: IP: 52.36.0.217. Number of nodes 21
EtherApe-INFO: 17:02:15.317: New node: IP: 52.88.225.96. Number of nodes 22
EtherApe-INFO: 17:02:16.107: New node: IP: 35.186.227.140. Number of nodes 23
EtherApe-INFO: 17:02:24.458: New node: IP: 3.236.94.152. Number of nodes 24
EtherApe-INFO: 17:02:30.963: delete node: IP: 34.227.42.77. Number of nodes 23
EtherApe-INFO: 17:02:57.271: delete node: IP: 149.154.167.223. Number of nodes 22
EtherApe-INFO: 17:03:02.676: New node: IP: 35.83.91.138. Number of nodes 23
EtherApe-INFO: 17:03:28.706: delete node: IP: 95.216.195.133. Number of nodes 22
EtherApe-INFO: 17:03:35.226: New node: IPv6: fe80::9ada:c4ff:febf:99a5. Number of nodes 23
EtherApe-INFO: 17:03:35.226: New node: IPv6: ff02::1. Number of nodes 24
EtherApe-INFO: 17:03:46.540: delete node: IP: 149.154.166.120. Number of nodes 23
EtherApe-INFO: 17:04:07.587: delete node: IP: 52.94.220.76. Number of nodes 22
EtherApe-INFO: 17:04:20.457: New node: IP: 172.217.20.170. Number of nodes 23
EtherApe-INFO: 17:04:23.607: New node: IP: 142.250.186.202. Number of nodes 24
EtherApe-INFO: 17:04:27.685: delete node: IP: 52.88.225.96. Number of nodes 23
EtherApe-INFO: 17:04:31.533: delete node: IP: 3.236.94.152. Number of nodes 22
EtherApe-INFO: 17:04:43.337: New node: IP: 149.154.167.223. Number of nodes 23
EtherApe-INFO: 17:05:05.716: delete node: IP: 35.83.91.138. Number of nodes 22
EtherApe-INFO: 17:05:11.733: delete node: IP: 142.250.75.5. Number of nodes 21
EtherApe-INFO: 17:05:17.334: delete node: IP: 52.36.0.217. Number of nodes 20
EtherApe-INFO: 17:05:21.227: New node: IP: 142.250.75.5. Number of nodes 21
EtherApe-INFO: 17:05:21.506: delete node: IP: 34.120.208.123. Number of nodes 20
EtherApe-INFO: 17:05:35.751: delete node: IPv6: ff02::1. Number of nodes 19
EtherApe-INFO: 17:05:35.751: delete node: IPv6: fe80::9ada:c4ff:febf:99a5. Number of nodes 18
EtherApe-INFO: 17:05:43.344: delete node: IP: 216.58.215.99. Number of nodes 17
EtherApe-INFO: 17:05:44.056: New node: IP: 216.58.215.99. Number of nodes 18
EtherApe-INFO: 17:05:54.787: New node: IP: 52.94.220.76. Number of nodes 19
EtherApe-INFO: 17:05:55.307: New node: IP: 3.3.8.1. Number of nodes 20
EtherApe-INFO: 17:05:55.827: New node: IP: 54.174.64.209. Number of nodes 21
EtherApe-INFO: 17:06:23.730: delete node: IP: 172.217.16.42. Number of nodes 20
EtherApe-INFO: 17:06:28.426: New node: IP: 95.216.195.133. Number of nodes 21
EtherApe-INFO: 17:06:30.789: New node: IP: 54.192.231.101. Number of nodes 22
EtherApe-INFO: 17:06:30.789: New node: IP: 52.222.230.40. Number of nodes 23
EtherApe-INFO: 17:06:30.791: New node: IP: 52.222.230.5. Number of nodes 24
EtherApe-INFO: 17:06:30.797: New node: IP: 142.250.75.10. Number of nodes 25
EtherApe-INFO: 17:06:31.046: New node: IP: 13.32.99.127. Number of nodes 26
EtherApe-INFO: 17:06:31.307: New node: IP: 13.53.211.194. Number of nodes 27
EtherApe-INFO: 17:06:31.308: New node: IP: 52.36.0.217. Number of nodes 28
EtherApe-INFO: 17:06:32.088: New node: IP: 18.66.139.22. Number of nodes 29
EtherApe-INFO: 17:06:32.088: New node: IP: 35.159.54.110. Number of nodes 30
EtherApe-INFO: 17:06:33.927: New node: IP: 16.170.67.214. Number of nodes 31
EtherApe-INFO: 17:06:38.137: New node: IP: 52.222.250.32. Number of nodes 32
EtherApe-INFO: 17:06:39.708: New node: IP: 143.204.215.52. Number of nodes 33
EtherApe-INFO: 17:06:42.857: New node: IP: 54.231.196.88. Number of nodes 34
EtherApe-INFO: 17:06:43.377: New node: IP: 13.32.118.169. Number of nodes 35
EtherApe-INFO: 17:06:43.897: New node: IP: 18.66.92.32. Number of nodes 36
EtherApe-INFO: 17:06:49.167: New node: IP: 34.227.42.77. Number of nodes 37
EtherApe-INFO: 17:06:58.857: New node: IP: 34.235.28.15. Number of nodes 38
EtherApe-INFO: 17:07:01.519: delete node: IP: 100.24.181.185. Number of nodes 37
EtherApe-INFO: 17:07:17.818: delete node: IP: 3.3.9.1. Number of nodes 36
EtherApe-INFO: 17:07:45.827: New node: IP: 149.154.165.111. Number of nodes 37
EtherApe-INFO: 17:07:54.507: New node: IP: 74.125.133.189. Number of nodes 38
EtherApe-INFO: 17:07:56.877: New node: IP: 34.117.237.239. Number of nodes 39
EtherApe-INFO: 17:08:04.966: New node: IP: 35.83.91.138. Number of nodes 40
EtherApe-INFO: 17:08:28.773: delete node: IP: 95.216.195.133. Number of nodes 39
EtherApe-INFO: 17:08:33.209: delete node: IP: 142.250.75.10. Number of nodes 38
EtherApe-INFO: 17:08:44.378: delete node: IP: 52.222.250.32. Number of nodes 37
EtherApe-INFO: 17:08:44.908: New node: IP: 0.0.0.0. Number of nodes 38
EtherApe-INFO: 17:08:44.908: New node: IP: 255.255.255.255. Number of nodes 39
EtherApe-INFO: 17:08:45.427: New node: IP: 149.154.167.50. Number of nodes 40
EtherApe-INFO: 17:08:47.358: delete node: IP: 52.94.220.76. Number of nodes 39
EtherApe-INFO: 17:08:48.328: delete node: IP: 54.231.196.88. Number of nodes 38
EtherApe-INFO: 17:08:50.255: delete node: IP: 34.227.42.77. Number of nodes 37
EtherApe-INFO: 17:09:05.502: delete node: IP: 34.235.28.15. Number of nodes 36
EtherApe-INFO: 17:09:05.737: New node: IP: 52.94.243.162. Number of nodes 37
EtherApe-INFO: 17:09:11.043: delete node: IP: 172.217.20.170. Number of nodes 36
EtherApe-INFO: 17:09:33.326: New node: IPv6: fe80::9ada:c4ff:febf:99a5. Number of nodes 37
EtherApe-INFO: 17:09:33.326: New node: IPv6: ff02::1. Number of nodes 38
EtherApe-INFO: 17:09:47.227: New node: IP: 54.192.231.24. Number of nodes 39
EtherApe-INFO: 17:09:47.227: New node: IP: 13.32.118.107. Number of nodes 40
EtherApe-INFO: 17:09:47.227: New node: IP: 18.66.112.111. Number of nodes 41
EtherApe-INFO: 17:09:47.751: New node: IP: 18.195.0.185. Number of nodes 42
EtherApe-INFO: 17:09:48.007: New node: IP: 52.94.220.76. Number of nodes 43
EtherApe-INFO: 17:09:49.307: New node: IP: 52.28.15.78. Number of nodes 44
EtherApe-INFO: 17:09:53.816: delete node: IP: 142.250.102.189. Number of nodes 43
EtherApe-INFO: 17:09:55.557: New node: IP: 34.120.208.123. Number of nodes 44
EtherApe-INFO: 17:10:02.647: New node: IP: 108.157.4.110. Number of nodes 45
EtherApe-INFO: 17:10:03.697: New node: IP: 108.157.4.127. Number of nodes 46
EtherApe-INFO: 17:10:03.697: New node: IP: 143.204.94.51. Number of nodes 47
EtherApe-INFO: 17:10:05.332: delete node: IP: 35.83.91.138. Number of nodes 46
EtherApe-INFO: 17:10:21.307: New node: IP: 216.58.215.74. Number of nodes 47
EtherApe-INFO: 17:10:26.895: delete node: IP: 52.222.230.40. Number of nodes 46
EtherApe-INFO: 17:10:36.038: delete node: IP: 143.204.215.52. Number of nodes 45
EtherApe-INFO: 17:10:40.809: delete node: IP: 18.66.92.32. Number of nodes 44
EtherApe-INFO: 17:10:44.939: delete node: IP: 255.255.255.255. Number of nodes 43
EtherApe-INFO: 17:10:44.939: delete node: IP: 0.0.0.0. Number of nodes 42
EtherApe-INFO: 17:10:45.678: delete node: IP: 149.154.167.50. Number of nodes 41
EtherApe-INFO: 17:10:48.640: delete node: IP: 149.154.165.111. Number of nodes 40
EtherApe-INFO: 17:10:48.641: delete node: IP: 13.32.118.169. Number of nodes 39
EtherApe-INFO: 17:11:22.020: delete node: IP: 13.32.99.127. Number of nodes 38
EtherApe-INFO: 17:11:28.596: New node: IP: 95.216.195.133. Number of nodes 39
EtherApe-INFO: 17:11:29.742: delete node: IP: 54.192.231.101. Number of nodes 38
EtherApe-INFO: 17:11:29.742: delete node: IP: 13.53.211.194. Number of nodes 37
EtherApe-INFO: 17:11:33.434: delete node: IPv6: ff02::1. Number of nodes 36
EtherApe-INFO: 17:11:33.434: delete node: IPv6: fe80::9ada:c4ff:febf:99a5. Number of nodes 35
EtherApe-INFO: 17:11:35.761: delete node: IP: 16.170.67.214. Number of nodes 34
EtherApe-INFO: 17:11:59.670: delete node: IP: 52.94.243.162. Number of nodes 33
EtherApe-INFO: 17:12:00.200: delete node: IP: 52.36.0.217. Number of nodes 32
EtherApe-INFO: 17:12:03.569: delete node: IP: 108.157.4.110. Number of nodes 31
EtherApe-INFO: 17:12:04.621: delete node: IP: 143.204.94.51. Number of nodes 30
EtherApe-INFO: 17:12:25.589: delete node: IP: 149.154.167.223. Number of nodes 29
EtherApe-INFO: 17:12:47.677: delete node: IP: 34.117.237.239. Number of nodes 28
EtherApe-INFO: 17:13:05.066: New node: IP: 35.83.91.138. Number of nodes 29
EtherApe-INFO: 17:13:17.547: New node: IP: 52.36.0.217. Number of nodes 30
EtherApe-INFO: 17:13:28.775: delete node: IP: 95.216.195.133. Number of nodes 29
EtherApe-INFO: 17:13:40.589: delete node: IP: 52.94.220.76. Number of nodes 28
EtherApe-INFO: 17:13:43.214: delete node: IP: 52.222.230.5. Number of nodes 27
EtherApe-INFO: 17:13:43.214: delete node: IP: 13.32.118.107. Number of nodes 26
EtherApe-INFO: 17:14:00.065: delete node: IP: 108.157.4.127. Number of nodes 25
EtherApe-INFO: 17:14:38.263: delete node: IP: 54.192.231.24. Number of nodes 24
EtherApe-INFO: 17:14:38.263: delete node: IP: 18.195.0.185. Number of nodes 23
EtherApe-INFO: 17:14:38.263: delete node: IP: 18.66.112.111. Number of nodes 22
EtherApe-INFO: 17:14:39.611: delete node: IP: 35.159.54.110. Number of nodes 21
EtherApe-INFO: 17:14:41.688: delete node: IP: 52.28.15.78. Number of nodes 20
EtherApe-INFO: 17:14:50.027: New node: IP: 52.94.220.76. Number of nodes 21
EtherApe-INFO: 17:14:50.106: delete node: IP: 34.120.208.123. Number of nodes 20
EtherApe-INFO: 17:14:55.837: delete node: IP: 18.66.139.22. Number of nodes 19
EtherApe-INFO: 17:15:05.317: delete node: IP: 35.83.91.138. Number of nodes 18
EtherApe-INFO: 17:15:12.693: delete node: IP: 216.58.215.74. Number of nodes 17
EtherApe-INFO: 17:15:13.733: delete node: IP: 142.250.75.5. Number of nodes 16
EtherApe-INFO: 17:15:14.976: New node: IP: 149.154.167.223. Number of nodes 17
EtherApe-INFO: 17:15:18.752: delete node: IP: 216.58.209.14. Number of nodes 16
EtherApe-INFO: 17:15:22.836: New node: IP: 172.217.16.37. Number of nodes 17
EtherApe-INFO: 17:15:23.097: New node: IPv6: fe80::9ada:c4ff:febf:99a5. Number of nodes 18
EtherApe-INFO: 17:15:23.097: New node: IPv6: ff02::1. Number of nodes 19
EtherApe-INFO: 17:15:37.977: New node: IP: 172.217.20.174. Number of nodes 20
EtherApe-INFO: 17:16:19.660: delete node: IP: 52.36.0.217. Number of nodes 19
EtherApe-INFO: 17:16:23.857: New node: IP: 172.217.20.202. Number of nodes 20
EtherApe-INFO: 17:16:28.586: New node: IP: 95.216.195.133. Number of nodes 21
EtherApe-INFO: 17:16:33.307: New node: IP: 52.94.218.60. Number of nodes 22
