(etherape:1497): GLib-GIO-DEBUG: 15:31:32.739: _g_io_module_get_default: Found default implementation local (GLocalVfs) for ‘gio-vfs’
EtherApe-INFO: 15:31:32.855: sctp protocol not supported
EtherApe-INFO: 15:31:32.855: dccp protocol not supported
EtherApe-INFO: 15:31:32.855: sctp protocol not supported
EtherApe-INFO: 15:31:32.855: sctp protocol not supported
EtherApe-INFO: 15:31:32.855: sctp protocol not supported
EtherApe-INFO: 15:31:32.855: sctp protocol not supported
EtherApe-INFO: 15:31:32.855: sctp protocol not supported
EtherApe-INFO: 15:31:32.856: sctp protocol not supported
EtherApe-INFO: 15:31:32.856: sctp protocol not supported
EtherApe-INFO: 15:31:32.856: dccp protocol not supported
EtherApe-INFO: 15:31:32.856: sctp protocol not supported
EtherApe-INFO: 15:31:32.856: dccp protocol not supported
EtherApe-INFO: 15:31:32.857: dccp protocol not supported
EtherApe-INFO: 15:31:32.857: sctp protocol not supported
EtherApe-INFO: 15:31:32.857: sctp protocol not supported
EtherApe-INFO: 15:31:32.858: sctp protocol not supported
EtherApe-INFO: 15:31:32.858: sctp protocol not supported
EtherApe-INFO: 15:31:32.858: sctp protocol not supported
EtherApe-INFO: 15:31:32.859: sctp protocol not supported
EtherApe-INFO: 15:31:32.859: sctp protocol not supported
EtherApe-INFO: 15:31:32.859: sctp protocol not supported
EtherApe-INFO: 15:31:32.859: sctp protocol not supported
EtherApe-INFO: 15:31:32.859: sctp protocol not supported
EtherApe-INFO: 15:31:32.859: sctp protocol not supported
EtherApe-INFO: 15:31:32.859: sctp protocol not supported
EtherApe-INFO: 15:31:32.859: sctp protocol not supported
EtherApe-INFO: 15:31:32.859: sctp protocol not supported
EtherApe-INFO: 15:31:32.860: sctp protocol not supported
EtherApe-INFO: 15:31:32.860: dccp protocol not supported
EtherApe-INFO: 15:31:32.860: sctp protocol not supported
EtherApe-INFO: 15:31:32.860: sctp protocol not supported
EtherApe-INFO: 15:31:32.860: dccp protocol not supported
EtherApe-INFO: 15:31:32.860: sctp protocol not supported
EtherApe-INFO: 15:31:32.860: sctp protocol not supported
EtherApe-INFO: 15:31:32.860: sctp protocol not supported
EtherApe-INFO: 15:31:32.860: dccp protocol not supported
EtherApe-INFO: 15:31:32.860: dccp protocol not supported
EtherApe-INFO: 15:31:32.860: sctp protocol not supported
EtherApe-INFO: 15:31:32.860: sctp protocol not supported
EtherApe-INFO: 15:31:32.860: sctp protocol not supported
EtherApe-INFO: 15:31:32.860: sctp protocol not supported
EtherApe-INFO: 15:31:32.860: sctp protocol not supported
EtherApe-INFO: 15:31:32.860: sctp protocol not supported
EtherApe-INFO: 15:31:32.860: sctp protocol not supported
EtherApe-INFO: 15:31:32.860: sctp protocol not supported
EtherApe-INFO: 15:31:32.860: sctp protocol not supported
EtherApe-INFO: 15:31:32.860: sctp protocol not supported
EtherApe-INFO: 15:31:32.860: sctp protocol not supported
EtherApe-INFO: 15:31:32.860: sctp protocol not supported
EtherApe-INFO: 15:31:32.860: sctp protocol not supported
EtherApe-INFO: 15:31:32.861: dccp protocol not supported
EtherApe-INFO: 15:31:32.861: sctp protocol not supported
EtherApe-INFO: 15:31:32.861: sctp protocol not supported
EtherApe-INFO: 15:31:32.861: sctp protocol not supported
EtherApe-INFO: 15:31:32.861: sctp protocol not supported
EtherApe-INFO: 15:31:32.861: sctp protocol not supported
EtherApe-INFO: 15:31:32.861: sctp protocol not supported
EtherApe-INFO: 15:31:32.861: sctp protocol not supported
EtherApe-INFO: 15:31:32.861: sctp protocol not supported
EtherApe-INFO: 15:31:32.861: sctp protocol not supported
EtherApe-INFO: 15:31:32.861: sctp protocol not supported
EtherApe-INFO: 15:31:32.861: sctp protocol not supported
EtherApe-INFO: 15:31:32.861: sctp protocol not supported
EtherApe-INFO: 15:31:32.861: sctp protocol not supported
EtherApe-INFO: 15:31:32.861: sctp protocol not supported
EtherApe-INFO: 15:31:32.861: sctp protocol not supported
EtherApe-INFO: 15:31:32.861: sctp protocol not supported
EtherApe-INFO: 15:31:32.861: sctp protocol not supported
EtherApe-INFO: 15:31:32.861: sctp protocol not supported
EtherApe-INFO: 15:31:32.861: sctp protocol not supported
EtherApe-INFO: 15:31:32.861: sctp protocol not supported
EtherApe-INFO: 15:31:32.862: sctp protocol not supported
EtherApe-INFO: 15:31:32.862: sctp protocol not supported
EtherApe-INFO: 15:31:32.862: sctp protocol not supported
EtherApe-INFO: 15:31:32.862: sctp protocol not supported
EtherApe-INFO: 15:31:32.862: sctp protocol not supported
EtherApe-INFO: 15:31:32.862: sctp protocol not supported
EtherApe-INFO: 15:31:32.862: sctp protocol not supported
EtherApe-INFO: 15:31:32.862: sctp protocol not supported
EtherApe-INFO: 15:31:32.862: sctp protocol not supported
EtherApe-INFO: 15:31:32.862: sctp protocol not supported
EtherApe-INFO: 15:31:32.862: sctp protocol not supported
EtherApe-INFO: 15:31:32.862: sctp protocol not supported
EtherApe-INFO: 15:31:32.862: sctp protocol not supported
EtherApe-INFO: 15:31:32.862: sctp protocol not supported
EtherApe-INFO: 15:31:32.862: sctp protocol not supported
EtherApe-INFO: 15:31:32.862: sctp protocol not supported
EtherApe-INFO: 15:31:32.871: get_interface result: ''
EtherApe-INFO: 15:31:32.872: Available interfaces for capture: dbus-session dbus-system nfqueue nflog bluetooth-monitor lo any enp1s0f4u1u2
EtherApe-INFO: 15:31:32.923: Link type is LINUX_SLL
EtherApe-INFO: 15:31:32.924: Diagram started
EtherApe-INFO: 15:31:34.477: New node: IP: 192.168.1.160. Number of nodes 1
EtherApe-INFO: 15:31:34.478: New node: IP: 149.154.167.51. Number of nodes 2
EtherApe-INFO: 15:31:35.010: New node: IPv6: fe80::b4de:d21f:61d6:e234. Number of nodes 3
EtherApe-INFO: 15:31:35.010: New node: IPv6: ff02::2. Number of nodes 4
EtherApe-INFO: 15:31:35.011: New node: IPv6: fe80::86d8:1bff:fe8a:3173. Number of nodes 5
EtherApe-INFO: 15:31:35.011: New node: IPv6: ff02::1:ffd6:e234. Number of nodes 6
EtherApe-INFO: 15:31:37.144: New node: IP: 8.8.8.8. Number of nodes 7
EtherApe-INFO: 15:31:38.477: New node: IP: 149.154.167.50. Number of nodes 8
EtherApe-INFO: 15:31:40.081: New node: IP: 1.1.1.1. Number of nodes 9
EtherApe-INFO: 15:31:43.811: New node: IP: 142.250.201.202. Number of nodes 10
EtherApe-INFO: 15:31:44.610: New node: IP: 142.250.180.238. Number of nodes 11
EtherApe-INFO: 15:31:44.877: New node: IP: 142.251.39.4. Number of nodes 12
EtherApe-INFO: 15:32:05.945: New node: IP: 142.251.39.74. Number of nodes 13
EtherApe-INFO: 15:32:15.280: New node: IP: 52.72.92.98. Number of nodes 14
EtherApe-INFO: 15:32:15.281: New node: IP: 52.201.195.186. Number of nodes 15
EtherApe-INFO: 15:32:15.544: New node: IP: 3.93.104.25. Number of nodes 16
EtherApe-INFO: 15:32:15.818: New node: IP: 239.255.255.250. Number of nodes 17
EtherApe-INFO: 15:32:16.077: New node: IP: 224.0.0.251. Number of nodes 18
EtherApe-INFO: 15:32:16.078: New node: IP: 142.250.201.206. Number of nodes 19
EtherApe-INFO: 15:32:16.344: New node: IP: 142.250.27.188. Number of nodes 20
EtherApe-INFO: 15:32:16.345: New node: IP: 142.250.180.227. Number of nodes 21
EtherApe-INFO: 15:32:16.345: New node: IP: 142.251.39.46. Number of nodes 22
EtherApe-INFO: 15:32:16.888: New node: IP: 142.251.39.3. Number of nodes 23
EtherApe-INFO: 15:32:17.413: New node: IP: 142.251.39.67. Number of nodes 24
EtherApe-INFO: 15:32:17.963: New node: IP: 172.217.19.106. Number of nodes 25
EtherApe-INFO: 15:32:18.211: New node: IP: 34.237.104.204. Number of nodes 26
EtherApe-INFO: 15:32:18.477: New node: IP: 34.196.41.213. Number of nodes 27
EtherApe-INFO: 15:32:18.744: New node: IP: 142.250.201.205. Number of nodes 28
EtherApe-INFO: 15:32:18.744: New node: IP: 204.79.197.200. Number of nodes 29
EtherApe-INFO: 15:32:18.745: New node: IP: 142.250.180.195. Number of nodes 30
EtherApe-INFO: 15:32:18.746: New node: IP: 142.250.180.206. Number of nodes 31
EtherApe-INFO: 15:32:18.749: New node: IP: 34.203.134.128. Number of nodes 32
EtherApe-INFO: 15:32:19.278: New node: IP: 142.251.39.33. Number of nodes 33
EtherApe-INFO: 15:32:19.279: New node: IP: 104.17.50.74. Number of nodes 34
EtherApe-INFO: 15:32:19.280: New node: IP: 67.202.31.193. Number of nodes 35
EtherApe-INFO: 15:32:19.545: New node: IP: 142.250.180.228. Number of nodes 36
EtherApe-INFO: 15:32:19.545: New node: IP: 172.217.19.115. Number of nodes 37
EtherApe-INFO: 15:32:19.546: New node: IP: 151.101.1.164. Number of nodes 38
EtherApe-INFO: 15:32:19.550: New node: IP: 13.32.118.9. Number of nodes 39
EtherApe-INFO: 15:32:19.811: New node: IP: 151.101.0.201. Number of nodes 40
EtherApe-INFO: 15:32:21.677: New node: IP: 142.251.39.8. Number of nodes 41
EtherApe-INFO: 15:32:21.678: New node: IP: 216.58.209.14. Number of nodes 42
EtherApe-INFO: 15:32:21.679: New node: IP: 142.251.39.80. Number of nodes 43
EtherApe-INFO: 15:32:22.492: New node: IP: 142.250.201.209. Number of nodes 44
EtherApe-INFO: 15:32:22.772: New node: IP: 104.18.12.33. Number of nodes 45
EtherApe-INFO: 15:32:23.167: New node: IP: 142.251.39.69. Number of nodes 46
EtherApe-INFO: 15:32:24.720: New node: IP: 157.240.224.174. Number of nodes 47
EtherApe-INFO: 15:32:25.974: New node: IP: 157.240.224.63. Number of nodes 48
EtherApe-INFO: 15:32:27.307: New node: IP: 172.217.20.3. Number of nodes 49
EtherApe-INFO: 15:32:27.571: New node: IP: 31.43.58.32. Number of nodes 50
EtherApe-INFO: 15:32:29.440: New node: IP: 172.67.30.76. Number of nodes 51
EtherApe-INFO: 15:32:29.441: New node: IP: 104.22.65.161. Number of nodes 52
EtherApe-INFO: 15:32:30.243: New node: IP: 54.209.233.182. Number of nodes 53
EtherApe-INFO: 15:32:30.513: New node: IP: 104.26.2.186. Number of nodes 54
EtherApe-INFO: 15:32:33.440: New node: IP: 172.67.68.36. Number of nodes 55
EtherApe-INFO: 15:32:36.104: New node: IP: 212.82.100.137. Number of nodes 56
EtherApe-INFO: 15:32:38.770: New node: IP: 142.250.180.234. Number of nodes 57
EtherApe-INFO: 15:32:40.107: New node: IP: 54.155.246.232. Number of nodes 58
EtherApe-INFO: 15:32:40.904: New node: IP: 91.198.174.192. Number of nodes 59
EtherApe-INFO: 15:32:41.172: New node: IP: 45.57.90.1. Number of nodes 60
EtherApe-INFO: 15:32:41.173: New node: IP: 104.20.185.68. Number of nodes 61
EtherApe-INFO: 15:32:41.174: New node: IP: 91.198.174.208. Number of nodes 62
EtherApe-INFO: 15:32:41.175: New node: IP: 104.16.149.64. Number of nodes 63
EtherApe-INFO: 15:32:42.237: New node: IP: 34.252.28.38. Number of nodes 64
EtherApe-INFO: 15:32:44.372: New node: IP: 87.245.217.77. Number of nodes 65
EtherApe-INFO: 15:32:46.778: New node: IP: 172.217.20.10. Number of nodes 66
EtherApe-INFO: 15:32:48.104: New node: IP: 142.251.39.78. Number of nodes 67
EtherApe-INFO: 15:32:48.371: New node: IP: 142.251.39.14. Number of nodes 68
EtherApe-INFO: 15:32:48.638: New node: IP: 64.233.165.189. Number of nodes 69
EtherApe-INFO: 15:33:00.371: New node: IP: 149.154.167.151. Number of nodes 70
EtherApe-INFO: 15:33:15.041: New node: IP: 172.217.19.110. Number of nodes 71
EtherApe-INFO: 15:33:22.643: New node: IP: 216.239.32.116. Number of nodes 72
EtherApe-INFO: 15:33:23.442: New node: IP: 192.0.66.96. Number of nodes 73
EtherApe-INFO: 15:33:23.707: New node: IP: 172.217.20.13. Number of nodes 74
EtherApe-INFO: 15:33:23.710: New node: IP: 78.154.186.216. Number of nodes 75
EtherApe-INFO: 15:33:25.837: New node: IP: 192.0.77.2. Number of nodes 76
EtherApe-INFO: 15:33:26.104: New node: IP: 217.65.3.21. Number of nodes 77
EtherApe-INFO: 15:33:27.437: New node: IP: 66.228.47.22. Number of nodes 78
EtherApe-INFO: 15:33:31.437: New node: IP: 192.0.73.2. Number of nodes 79
EtherApe-INFO: 15:33:31.439: New node: IP: 142.251.39.10. Number of nodes 80
EtherApe-INFO: 15:33:35.437: New node: IP: 159.148.147.237. Number of nodes 81
EtherApe-INFO: 15:33:37.304: New node: IP: 139.59.209.225. Number of nodes 82
EtherApe-INFO: 15:33:38.109: New node: IP: 135.181.27.174. Number of nodes 83
EtherApe-INFO: 15:33:41.574: New node: IP: 178.248.232.27. Number of nodes 84
EtherApe-INFO: 15:33:45.307: New node: IP: 140.82.121.3. Number of nodes 85
EtherApe-INFO: 15:33:45.841: New node: IP: 185.199.108.133. Number of nodes 86
EtherApe-INFO: 15:33:45.842: New node: IP: 185.199.108.154. Number of nodes 87
EtherApe-INFO: 15:33:46.638: New node: IP: 140.82.114.25. Number of nodes 88
EtherApe-INFO: 15:34:04.088: delete node: IP: 142.250.201.202. Number of nodes 87
EtherApe-INFO: 15:34:06.371: New node: IP: 142.250.201.202. Number of nodes 88
EtherApe-INFO: 15:34:17.038: New node: IP: 35.213.200.206. Number of nodes 89
EtherApe-INFO: 15:34:19.238: delete node: IP: 224.0.0.251. Number of nodes 88
EtherApe-INFO: 15:34:22.220: delete node: IP: 216.58.209.14. Number of nodes 87
EtherApe-INFO: 15:34:22.680: delete node: IP: 142.250.201.209. Number of nodes 86
EtherApe-INFO: 15:34:27.704: New node: IP: 216.239.36.117. Number of nodes 87
EtherApe-INFO: 15:34:30.395: delete node: IP: 67.202.31.193. Number of nodes 86
EtherApe-INFO: 15:34:42.442: delete node: IPv6: ff02::2. Number of nodes 85
EtherApe-INFO: 15:34:42.442: delete node: IPv6: fe80::b4de:d21f:61d6:e234. Number of nodes 84
EtherApe-INFO: 15:34:44.018: delete node: IPv6: ff02::1:ffd6:e234. Number of nodes 83
EtherApe-INFO: 15:34:44.018: delete node: IPv6: fe80::86d8:1bff:fe8a:3173. Number of nodes 82
EtherApe-INFO: 15:34:49.916: delete node: IP: 1.1.1.1. Number of nodes 81
EtherApe-INFO: 15:34:51.971: New node: IPv6: fe80::b4de:d21f:61d6:e234. Number of nodes 82
EtherApe-INFO: 15:34:51.971: New node: IPv6: ff02::2. Number of nodes 83
EtherApe-INFO: 15:34:51.971: New node: IPv6: fe80::86d8:1bff:fe8a:3173. Number of nodes 84
EtherApe-INFO: 15:34:51.971: New node: IPv6: ff02::1:ffd6:e234. Number of nodes 85
EtherApe-INFO: 15:34:55.171: New node: IPv6: ff02::1. Number of nodes 86
EtherApe-INFO: 15:35:10.107: New node: IP: 142.250.180.202. Number of nodes 87
EtherApe-INFO: 15:35:15.495: delete node: IP: 172.217.19.110. Number of nodes 86
EtherApe-INFO: 15:35:15.739: delete node: IP: 52.201.195.186. Number of nodes 85
EtherApe-INFO: 15:35:17.369: delete node: IP: 142.250.201.205. Number of nodes 84
EtherApe-INFO: 15:35:18.941: delete node: IP: 34.196.41.213. Number of nodes 83
EtherApe-INFO: 15:35:19.272: delete node: IP: 34.237.104.204. Number of nodes 82
EtherApe-INFO: 15:35:20.596: delete node: IP: 172.217.20.10. Number of nodes 81
EtherApe-INFO: 15:35:20.596: delete node: IP: 34.203.134.128. Number of nodes 80
EtherApe-INFO: 15:35:23.238: delete node: IP: 216.239.32.116. Number of nodes 79
EtherApe-INFO: 15:35:23.461: delete node: IP: 142.251.39.80. Number of nodes 78
EtherApe-INFO: 15:35:23.462: delete node: IP: 142.251.39.8. Number of nodes 77
EtherApe-INFO: 15:35:23.462: delete node: IP: 142.250.180.227. Number of nodes 76
EtherApe-INFO: 15:35:23.462: delete node: IP: 52.72.92.98. Number of nodes 75
EtherApe-INFO: 15:35:31.974: New node: IP: 95.216.195.133. Number of nodes 76
EtherApe-INFO: 15:35:34.984: delete node: IP: 149.154.167.151. Number of nodes 75
EtherApe-INFO: 15:35:35.537: delete node: IP: 172.67.68.36. Number of nodes 74
EtherApe-INFO: 15:35:35.537: delete node: IP: 66.228.47.22. Number of nodes 73
EtherApe-INFO: 15:35:42.657: delete node: IP: 159.148.147.237. Number of nodes 72
EtherApe-INFO: 15:35:42.657: delete node: IP: 142.250.180.234. Number of nodes 71
EtherApe-INFO: 15:35:42.657: delete node: IP: 45.57.90.1. Number of nodes 70
EtherApe-INFO: 15:35:42.982: delete node: IP: 142.250.180.228. Number of nodes 69
EtherApe-INFO: 15:35:43.171: New node: IP: 149.154.167.151. Number of nodes 70
EtherApe-INFO: 15:35:44.154: delete node: IP: 78.154.186.216. Number of nodes 69
EtherApe-INFO: 15:35:45.447: delete node: IP: 87.245.217.77. Number of nodes 68
EtherApe-INFO: 15:35:49.732: delete node: IP: 142.251.39.78. Number of nodes 67
EtherApe-INFO: 15:35:58.995: New node: IP: 149.154.165.111. Number of nodes 68
EtherApe-INFO: 15:36:08.317: New node: IP: 172.217.20.10. Number of nodes 69
EtherApe-INFO: 15:36:12.350: delete node: IP: 192.0.73.2. Number of nodes 68
EtherApe-INFO: 15:36:16.913: delete node: IP: 178.248.232.27. Number of nodes 67
EtherApe-INFO: 15:36:25.196: delete node: IP: 54.209.233.182. Number of nodes 66
EtherApe-INFO: 15:36:28.159: delete node: IP: 216.239.36.117. Number of nodes 65
EtherApe-INFO: 15:36:32.419: delete node: IP: 31.43.58.32. Number of nodes 64
EtherApe-INFO: 15:36:36.383: delete node: IP: 192.0.66.96. Number of nodes 63
EtherApe-INFO: 15:36:36.601: delete node: IP: 157.240.224.174. Number of nodes 62
EtherApe-INFO: 15:36:41.189: delete node: IP: 192.0.77.2. Number of nodes 61
EtherApe-INFO: 15:36:44.939: delete node: IP: 135.181.27.174. Number of nodes 60
EtherApe-INFO: 15:36:47.363: delete node: IP: 217.65.3.21. Number of nodes 59
EtherApe-INFO: 15:36:47.364: delete node: IP: 172.217.20.13. Number of nodes 58
EtherApe-INFO: 15:36:47.364: delete node: IP: 142.251.39.10. Number of nodes 57
EtherApe-INFO: 15:36:51.845: delete node: IPv6: ff02::2. Number of nodes 56
EtherApe-INFO: 15:36:51.845: delete node: IPv6: fe80::b4de:d21f:61d6:e234. Number of nodes 55
EtherApe-INFO: 15:36:54.540: delete node: IPv6: ff02::1:ffd6:e234. Number of nodes 54
EtherApe-INFO: 15:36:55.295: delete node: IPv6: ff02::1. Number of nodes 53
EtherApe-INFO: 15:36:55.295: delete node: IPv6: fe80::86d8:1bff:fe8a:3173. Number of nodes 52
EtherApe-INFO: 15:36:58.559: delete node: IP: 91.198.174.208. Number of nodes 51
EtherApe-INFO: 15:37:11.045: delete node: IP: 142.250.180.202. Number of nodes 50
EtherApe-INFO: 15:37:11.261: delete node: IP: 142.250.180.206. Number of nodes 49
EtherApe-INFO: 15:37:19.799: New node: IP: 99.86.247.68. Number of nodes 50
EtherApe-INFO: 15:37:22.740: New node: IP: 216.239.32.116. Number of nodes 51
EtherApe-INFO: 15:37:32.616: delete node: IP: 95.216.195.133. Number of nodes 50
EtherApe-INFO: 15:37:46.933: delete node: IP: 140.82.121.3. Number of nodes 49
EtherApe-INFO: 15:38:11.842: delete node: IP: 3.93.104.25. Number of nodes 48
EtherApe-INFO: 15:38:18.179: delete node: IP: 142.251.39.14. Number of nodes 47
EtherApe-INFO: 15:38:19.477: delete node: IP: 142.250.180.195. Number of nodes 46
EtherApe-INFO: 15:38:19.803: delete node: IP: 13.32.118.9. Number of nodes 45
EtherApe-INFO: 15:38:28.582: delete node: IP: 149.154.165.111. Number of nodes 44
EtherApe-INFO: 15:38:39.517: delete node: IP: 139.59.209.225. Number of nodes 43
EtherApe-INFO: 15:38:50.966: delete node: IP: 91.198.174.192. Number of nodes 42
EtherApe-INFO: 15:38:55.468: New node: IP: 1.1.1.1. Number of nodes 43
EtherApe-INFO: 15:39:14.207: delete node: IP: 142.251.39.3. Number of nodes 42
EtherApe-INFO: 15:39:20.055: delete node: IP: 172.217.19.115. Number of nodes 41
EtherApe-INFO: 15:39:20.055: delete node: IP: 142.251.39.33. Number of nodes 40
EtherApe-INFO: 15:39:20.056: delete node: IP: 35.213.200.206. Number of nodes 39
EtherApe-INFO: 15:39:20.797: New node: IPv6: fe80::b4de:d21f:61d6:e234. Number of nodes 40
EtherApe-INFO: 15:39:20.797: New node: IPv6: ff02::2. Number of nodes 41
EtherApe-INFO: 15:39:20.798: New node: IPv6: fe80::86d8:1bff:fe8a:3173. Number of nodes 42
EtherApe-INFO: 15:39:20.798: New node: IPv6: ff02::1:ffd6:e234. Number of nodes 43
EtherApe-INFO: 15:39:22.972: delete node: IP: 216.239.32.116. Number of nodes 42
EtherApe-INFO: 15:39:46.131: New node: IP: 142.250.180.202. Number of nodes 43
EtherApe-INFO: 15:39:47.731: New node: IP: 142.251.39.78. Number of nodes 44
EtherApe-INFO: 15:39:48.534: New node: IP: 142.251.1.189. Number of nodes 45
EtherApe-INFO: 15:39:48.797: New node: IP: 142.251.39.14. Number of nodes 46
EtherApe-INFO: 15:39:53.064: New node: IP: 149.154.165.111. Number of nodes 47
EtherApe-INFO: 15:40:30.209: delete node: IP: 172.217.20.10. Number of nodes 46
EtherApe-INFO: 15:40:31.997: New node: IP: 95.216.195.133. Number of nodes 47
EtherApe-INFO: 15:40:52.721: delete node: IP: 54.155.246.232. Number of nodes 46
EtherApe-INFO: 15:40:55.638: delete node: IP: 1.1.1.1. Number of nodes 45
EtherApe-INFO: 15:40:59.840: delete node: IP: 104.17.50.74. Number of nodes 44
EtherApe-INFO: 15:41:03.600: delete node: IP: 104.18.12.33. Number of nodes 43
EtherApe-INFO: 15:41:05.171: New node: IP: 142.250.180.234. Number of nodes 44
EtherApe-INFO: 15:41:20.724: delete node: IPv6: ff02::2. Number of nodes 43
EtherApe-INFO: 15:41:20.724: delete node: IPv6: fe80::b4de:d21f:61d6:e234. Number of nodes 42
EtherApe-INFO: 15:41:21.263: delete node: IP: 104.20.185.68. Number of nodes 41
EtherApe-INFO: 15:41:23.850: delete node: IPv6: ff02::1:ffd6:e234. Number of nodes 40
EtherApe-INFO: 15:41:23.850: delete node: IPv6: fe80::86d8:1bff:fe8a:3173. Number of nodes 39
EtherApe-INFO: 15:41:23.850: delete node: IP: 104.16.149.64. Number of nodes 38
EtherApe-INFO: 15:41:45.974: delete node: IP: 64.233.165.189. Number of nodes 37
EtherApe-INFO: 15:41:48.116: delete node: IP: 142.251.39.78. Number of nodes 36
EtherApe-INFO: 15:41:57.171: New node: IP: 142.251.39.35. Number of nodes 37
EtherApe-INFO: 15:42:05.728: delete node: IP: 142.250.180.202. Number of nodes 36
EtherApe-INFO: 15:42:13.764: delete node: IP: 104.22.65.161. Number of nodes 35
EtherApe-INFO: 15:42:25.971: New node: IPv6: fe80::86d8:1bff:fe8a:3173. Number of nodes 36
EtherApe-INFO: 15:42:25.971: New node: IPv6: ff02::1. Number of nodes 37
EtherApe-INFO: 15:42:32.415: delete node: IP: 95.216.195.133. Number of nodes 36
EtherApe-INFO: 15:42:41.505: delete node: IP: 149.154.165.111. Number of nodes 35
EtherApe-INFO: 15:43:08.637: New node: IP: 172.217.20.10. Number of nodes 36
EtherApe-INFO: 15:43:15.037: New node: IP: 142.250.180.195. Number of nodes 37
EtherApe-INFO: 15:43:33.009: delete node: IP: 142.250.180.234. Number of nodes 36
EtherApe-INFO: 15:43:36.108: New node: IP: 87.245.217.77. Number of nodes 37
EtherApe-INFO: 15:43:36.111: New node: IP: 52.214.181.141. Number of nodes 38
EtherApe-INFO: 15:43:36.871: New node: IP: 176.122.96.225. Number of nodes 39
EtherApe-INFO: 15:44:01.371: delete node: IP: 149.154.167.151. Number of nodes 38
EtherApe-INFO: 15:44:07.555: delete node: IP: 142.251.39.35. Number of nodes 37
EtherApe-INFO: 15:44:09.154: delete node: IP: 142.251.39.67. Number of nodes 36
EtherApe-INFO: 15:44:25.907: delete node: IPv6: ff02::1. Number of nodes 35
EtherApe-INFO: 15:44:25.907: delete node: IPv6: fe80::86d8:1bff:fe8a:3173. Number of nodes 34
EtherApe-INFO: 15:44:29.968: delete node: IP: 151.101.1.164. Number of nodes 33
EtherApe-INFO: 15:44:32.561: New node: IP: 34.204.29.89. Number of nodes 34
EtherApe-INFO: 15:44:33.920: delete node: IP: 142.250.201.202. Number of nodes 33
EtherApe-INFO: 15:45:32.025: New node: IP: 95.216.195.133. Number of nodes 34
EtherApe-INFO: 15:45:36.561: New node: IP: 142.251.39.67. Number of nodes 35
EtherApe-INFO: 15:45:36.573: delete node: IP: 142.251.39.14. Number of nodes 34
EtherApe-INFO: 15:45:39.031: delete node: IP: 151.101.0.201. Number of nodes 33
EtherApe-INFO: 15:45:56.601: delete node: IP: 185.199.108.154. Number of nodes 32
EtherApe-INFO: 15:45:56.601: delete node: IP: 185.199.108.133. Number of nodes 31
EtherApe-INFO: 15:45:57.453: delete node: IP: 142.250.180.195. Number of nodes 30
EtherApe-INFO: 15:46:05.626: New node: IP: 216.239.32.116. Number of nodes 31
EtherApe-INFO: 15:46:22.690: New node: IPv6: fe80::86d8:1bff:fe8a:3173. Number of nodes 32
EtherApe-INFO: 15:46:22.690: New node: IPv6: ff02::1. Number of nodes 33
EtherApe-INFO: 15:46:36.582: delete node: IP: 172.217.20.10. Number of nodes 32
EtherApe-INFO: 15:46:42.513: delete node: IP: 176.122.96.225. Number of nodes 31
EtherApe-INFO: 15:47:12.557: New node: IP: 172.217.20.10. Number of nodes 32
EtherApe-INFO: 15:47:12.582: delete node: IP: 142.251.39.46. Number of nodes 31
EtherApe-INFO: 15:47:20.024: New node: IP: 99.86.247.179. Number of nodes 32
EtherApe-INFO: 15:47:32.388: delete node: IP: 95.216.195.133. Number of nodes 31
EtherApe-INFO: 15:47:34.508: delete node: IP: 34.204.29.89. Number of nodes 30
EtherApe-INFO: 15:47:40.557: New node: IP: 142.251.39.46. Number of nodes 31
EtherApe-INFO: 15:48:06.444: delete node: IP: 216.239.32.116. Number of nodes 30
EtherApe-INFO: 15:48:13.357: New node: IP: 142.250.180.234. Number of nodes 31
EtherApe-INFO: 15:48:20.651: delete node: IP: 99.86.247.68. Number of nodes 30
EtherApe-INFO: 15:48:22.777: delete node: IPv6: ff02::1. Number of nodes 29
EtherApe-INFO: 15:48:22.777: delete node: IPv6: fe80::86d8:1bff:fe8a:3173. Number of nodes 28
EtherApe-INFO: 15:48:41.890: New node: IPv6: fe80::b4de:d21f:61d6:e234. Number of nodes 29
EtherApe-INFO: 15:48:41.890: New node: IPv6: ff02::2. Number of nodes 30
EtherApe-INFO: 15:48:41.891: New node: IPv6: fe80::86d8:1bff:fe8a:3173. Number of nodes 31
EtherApe-INFO: 15:48:41.891: New node: IPv6: ff02::1:ffd6:e234. Number of nodes 32
EtherApe-INFO: 15:49:22.691: New node: IP: 172.217.19.100. Number of nodes 33
EtherApe-INFO: 15:49:50.961: New node: IPv6: ff02::1. Number of nodes 34
EtherApe-INFO: 15:50:16.824: New node: IP: 142.251.39.10. Number of nodes 35
EtherApe-INFO: 15:50:19.758: New node: IP: 142.251.39.3. Number of nodes 36
EtherApe-INFO: 15:50:32.027: New node: IP: 95.216.195.133. Number of nodes 37
EtherApe-INFO: 15:50:42.729: delete node: IPv6: ff02::2. Number of nodes 36
EtherApe-INFO: 15:50:42.730: delete node: IPv6: fe80::b4de:d21f:61d6:e234. Number of nodes 35
EtherApe-INFO: 15:50:42.730: delete node: IP: 142.250.180.234. Number of nodes 34
EtherApe-INFO: 15:50:45.939: delete node: IPv6: ff02::1:ffd6:e234. Number of nodes 33
EtherApe-INFO: 15:51:18.690: New node: IP: 142.251.39.42. Number of nodes 34
EtherApe-INFO: 15:51:44.354: delete node: IP: 172.217.20.10. Number of nodes 33
EtherApe-INFO: 15:51:51.495: delete node: IPv6: ff02::1. Number of nodes 32
EtherApe-INFO: 15:51:51.495: delete node: IPv6: fe80::86d8:1bff:fe8a:3173. Number of nodes 31
EtherApe-INFO: 15:52:13.664: delete node: IP: 142.251.39.46. Number of nodes 30
EtherApe-INFO: 15:52:19.491: New node: IP: 142.250.180.234. Number of nodes 31
EtherApe-INFO: 15:52:20.027: New node: IP: 99.86.247.18. Number of nodes 32
EtherApe-INFO: 15:52:20.121: delete node: IP: 142.251.39.3. Number of nodes 31
EtherApe-INFO: 15:52:32.590: delete node: IP: 95.216.195.133. Number of nodes 30
EtherApe-INFO: 15:52:41.624: New node: IP: 142.251.39.46. Number of nodes 31
EtherApe-INFO: 15:52:46.214: delete node: IP: 172.217.20.3. Number of nodes 30
EtherApe-INFO: 15:52:46.215: delete node: IP: 142.251.39.10. Number of nodes 29
EtherApe-INFO: 15:53:20.563: delete node: IP: 99.86.247.179. Number of nodes 28
EtherApe-INFO: 15:53:34.163: New node: IP: 172.217.20.3. Number of nodes 29
EtherApe-INFO: 15:53:48.316: delete node: IP: 142.251.39.42. Number of nodes 28
EtherApe-INFO: 15:54:23.757: New node: IP: 142.251.39.42. Number of nodes 29
EtherApe-INFO: 15:54:49.944: delete node: IP: 142.250.180.234. Number of nodes 28
EtherApe-INFO: 15:55:32.024: New node: IP: 95.216.195.133. Number of nodes 29
EtherApe-INFO: 15:56:00.557: New node: IP: 142.251.39.10. Number of nodes 30
EtherApe-INFO: 15:57:20.294: New node: IP: 99.86.247.68. Number of nodes 31
EtherApe-INFO: 15:57:25.448: delete node: IP: 142.251.39.42. Number of nodes 30
EtherApe-INFO: 15:57:32.333: delete node: IP: 95.216.195.133. Number of nodes 29
EtherApe-INFO: 15:58:12.294: New node: IP: 149.154.167.151. Number of nodes 30
EtherApe-INFO: 15:58:15.770: delete node: IP: 142.251.39.46. Number of nodes 29
EtherApe-INFO: 15:58:20.604: delete node: IP: 99.86.247.18. Number of nodes 28
EtherApe-INFO: 15:58:21.624: New node: IP: 142.251.39.46. Number of nodes 29
EtherApe-INFO: 15:58:25.624: New node: IP: 1.1.1.1. Number of nodes 30
EtherApe-INFO: 15:58:27.582: delete node: IP: 172.217.20.3. Number of nodes 29
EtherApe-INFO: 15:58:27.582: delete node: IP: 142.251.39.10. Number of nodes 28
EtherApe-INFO: 15:59:15.223: New node: IPv6: fe80::86d8:1bff:fe8a:3173. Number of nodes 29
EtherApe-INFO: 15:59:15.224: New node: IPv6: ff02::1. Number of nodes 30
EtherApe-INFO: 16:00:25.672: delete node: IP: 1.1.1.1. Number of nodes 29
EtherApe-INFO: 16:00:32.024: New node: IP: 95.216.195.133. Number of nodes 30
EtherApe-INFO: 16:00:33.090: New node: IP: 172.217.20.3. Number of nodes 31
EtherApe-INFO: 16:00:33.091: New node: IP: 74.125.142.94. Number of nodes 32
EtherApe-INFO: 16:00:33.108: delete node: IP: 172.217.19.100. Number of nodes 31
EtherApe-INFO: 16:00:47.224: New node: IP: 142.250.201.202. Number of nodes 32
EtherApe-INFO: 16:00:48.557: New node: IP: 1.1.1.1. Number of nodes 33
EtherApe-INFO: 16:01:16.128: delete node: IPv6: ff02::1. Number of nodes 32
EtherApe-INFO: 16:01:16.128: delete node: IPv6: fe80::86d8:1bff:fe8a:3173. Number of nodes 31
EtherApe-INFO: 16:01:49.094: New node: IP: 63.33.228.172. Number of nodes 32
EtherApe-INFO: 16:02:13.624: New node: IP: 142.250.180.195. Number of nodes 33
EtherApe-INFO: 16:02:15.490: New node: IP: 142.250.180.202. Number of nodes 34
EtherApe-INFO: 16:02:19.758: New node: IP: 67.202.31.193. Number of nodes 35
EtherApe-INFO: 16:02:33.160: delete node: IP: 95.216.195.133. Number of nodes 34
EtherApe-INFO: 16:02:33.908: delete node: IP: 74.125.142.94. Number of nodes 33
EtherApe-INFO: 16:02:59.831: delete node: IP: 142.251.39.46. Number of nodes 32
EtherApe-INFO: 16:03:08.112: delete node: IP: 142.250.201.202. Number of nodes 31
EtherApe-INFO: 16:03:15.494: New node: IP: 142.251.39.46. Number of nodes 32
EtherApe-INFO: 16:03:45.660: delete node: IP: 34.252.28.38. Number of nodes 31
EtherApe-INFO: 16:03:49.624: New node: IP: 142.250.180.206. Number of nodes 32
EtherApe-INFO: 16:03:52.291: New node: IP: 142.250.180.234. Number of nodes 33
EtherApe-INFO: 16:04:15.786: delete node: IP: 142.250.180.202. Number of nodes 32
EtherApe-INFO: 16:04:32.620: delete node: IP: 67.202.31.193. Number of nodes 31
EtherApe-INFO: 16:04:37.186: delete node: IP: 149.154.167.151. Number of nodes 30
EtherApe-INFO: 16:04:38.690: New node: IP: 3.251.50.149. Number of nodes 31
EtherApe-INFO: 16:04:49.357: New node: IP: 35.206.231.203. Number of nodes 32
EtherApe-INFO: 16:04:51.226: New node: IP: 142.250.201.195. Number of nodes 33
EtherApe-INFO: 16:05:17.687: delete node: IP: 142.250.180.195. Number of nodes 32
EtherApe-INFO: 16:05:25.092: New node: IP: 52.22.205.89. Number of nodes 33
EtherApe-INFO: 16:05:29.628: New node: IP: 142.251.39.3. Number of nodes 34
EtherApe-INFO: 16:05:32.024: New node: IP: 95.216.195.133. Number of nodes 35
EtherApe-INFO: 16:05:32.295: New node: IP: 91.198.174.192. Number of nodes 36
EtherApe-INFO: 16:05:32.828: New node: IP: 91.198.174.208. Number of nodes 37
EtherApe-INFO: 16:05:35.497: New node: IP: 142.250.201.202. Number of nodes 38
EtherApe-INFO: 16:05:39.001: delete node: IP: 52.214.181.141. Number of nodes 37
EtherApe-INFO: 16:05:46.427: New node: IP: 104.22.65.161. Number of nodes 38
EtherApe-INFO: 16:05:48.557: New node: IP: 192.0.73.2. Number of nodes 39
EtherApe-INFO: 16:05:48.824: New node: IP: 142.251.39.42. Number of nodes 40
EtherApe-INFO: 16:05:51.490: New node: IP: 99.83.135.170. Number of nodes 41
EtherApe-INFO: 16:06:12.109: delete node: IP: 142.250.180.234. Number of nodes 40
EtherApe-INFO: 16:06:15.492: New node: IP: 142.251.39.78. Number of nodes 41
EtherApe-INFO: 16:06:19.547: delete node: IP: 1.1.1.1. Number of nodes 40
EtherApe-INFO: 16:06:19.765: delete node: IP: 142.250.180.206. Number of nodes 39
EtherApe-INFO: 16:06:38.157: New node: IPv6: fe80::86d8:1bff:fe8a:3173. Number of nodes 40
EtherApe-INFO: 16:06:38.157: New node: IPv6: ff02::1. Number of nodes 41
EtherApe-INFO: 16:06:51.224: New node: IP: 54.209.233.182. Number of nodes 42
EtherApe-INFO: 16:06:51.250: delete node: IP: 142.250.201.195. Number of nodes 41
EtherApe-INFO: 16:06:55.013: delete node: IP: 35.206.231.203. Number of nodes 40
EtherApe-INFO: 16:06:56.824: New node: IP: 142.250.180.234. Number of nodes 41
EtherApe-INFO: 16:07:21.627: New node: IP: 157.240.224.174. Number of nodes 42
EtherApe-INFO: 16:07:23.490: New node: IP: 216.239.32.116. Number of nodes 43
EtherApe-INFO: 16:07:25.090: New node: IP: 31.43.58.32. Number of nodes 44
EtherApe-INFO: 16:07:29.359: New node: IP: 172.217.20.13. Number of nodes 45
EtherApe-INFO: 16:07:29.925: delete node: IP: 142.251.39.3. Number of nodes 44
EtherApe-INFO: 16:07:32.359: delete node: IP: 95.216.195.133. Number of nodes 43
EtherApe-INFO: 16:07:45.090: New node: IPv6: fe80::b4de:d21f:61d6:e234. Number of nodes 44
EtherApe-INFO: 16:07:45.090: New node: IPv6: ff02::2. Number of nodes 45
EtherApe-INFO: 16:07:45.090: New node: IPv6: ff02::1:ffd6:e234. Number of nodes 46
EtherApe-INFO: 16:07:50.465: delete node: IP: 142.251.39.42. Number of nodes 45
EtherApe-INFO: 16:07:50.465: delete node: IP: 142.250.201.202. Number of nodes 44
EtherApe-INFO: 16:07:58.957: New node: IP: 142.250.180.202. Number of nodes 45
EtherApe-INFO: 16:08:10.427: New node: IP: 1.1.1.1. Number of nodes 46
EtherApe-INFO: 16:08:15.829: delete node: IP: 142.251.39.78. Number of nodes 45
EtherApe-INFO: 16:08:17.363: New node: IP: 172.217.19.110. Number of nodes 46
EtherApe-INFO: 16:08:19.052: delete node: IP: 192.0.73.2. Number of nodes 45
EtherApe-INFO: 16:08:23.490: New node: IP: 142.251.39.35. Number of nodes 46
EtherApe-INFO: 16:08:38.732: delete node: IPv6: ff02::1. Number of nodes 45
EtherApe-INFO: 16:09:00.561: New node: IP: 142.250.201.202. Number of nodes 46
EtherApe-INFO: 16:09:04.557: New node: IP: 149.154.167.151. Number of nodes 47
EtherApe-INFO: 16:09:15.035: delete node: IP: 99.83.135.170. Number of nodes 46
EtherApe-INFO: 16:09:18.462: delete node: IP: 142.250.180.234. Number of nodes 45
EtherApe-INFO: 16:09:23.819: delete node: IP: 216.239.32.116. Number of nodes 44
EtherApe-INFO: 16:09:29.992: delete node: IP: 172.217.20.13. Number of nodes 43
EtherApe-INFO: 16:09:32.629: delete node: IP: 157.240.224.174. Number of nodes 42
EtherApe-INFO: 16:09:32.629: delete node: IP: 31.43.58.32. Number of nodes 41
EtherApe-INFO: 16:09:46.455: delete node: IPv6: ff02::2. Number of nodes 40
EtherApe-INFO: 16:09:46.456: delete node: IPv6: fe80::b4de:d21f:61d6:e234. Number of nodes 39
EtherApe-INFO: 16:09:47.515: delete node: IPv6: ff02::1:ffd6:e234. Number of nodes 38
EtherApe-INFO: 16:09:47.515: delete node: IPv6: fe80::86d8:1bff:fe8a:3173. Number of nodes 37
EtherApe-INFO: 16:09:48.561: New node: IP: 142.250.180.206. Number of nodes 38
EtherApe-INFO: 16:09:52.629: delete node: IP: 54.209.233.182. Number of nodes 37
EtherApe-INFO: 16:10:07.491: New node: IP: 172.217.20.14. Number of nodes 38
EtherApe-INFO: 16:10:10.787: delete node: IP: 1.1.1.1. Number of nodes 37
EtherApe-INFO: 16:10:17.691: delete node: IP: 172.217.19.110. Number of nodes 36
EtherApe-INFO: 16:10:19.503: delete node: IP: 142.250.180.202. Number of nodes 35
EtherApe-INFO: 16:10:24.308: delete node: IP: 172.217.20.3. Number of nodes 34
EtherApe-INFO: 16:10:24.308: delete node: IP: 142.251.39.35. Number of nodes 33
EtherApe-INFO: 16:10:25.376: delete node: IP: 52.22.205.89. Number of nodes 32
EtherApe-INFO: 16:10:29.642: delete node: IP: 142.251.39.46. Number of nodes 31
EtherApe-INFO: 16:10:32.024: New node: IP: 95.216.195.133. Number of nodes 32
EtherApe-INFO: 16:10:37.418: delete node: IP: 91.198.174.208. Number of nodes 31
EtherApe-INFO: 16:10:37.418: delete node: IP: 91.198.174.192. Number of nodes 30
EtherApe-INFO: 16:10:57.361: New node: IP: 3.93.104.25. Number of nodes 31
EtherApe-INFO: 16:11:02.690: New node: IP: 1.1.1.1. Number of nodes 32
EtherApe-INFO: 16:11:29.363: New node: IP: 172.217.20.13. Number of nodes 33
EtherApe-INFO: 16:12:05.357: New node: IP: 172.217.20.10. Number of nodes 34
EtherApe-INFO: 16:12:08.374: delete node: IP: 172.217.20.14. Number of nodes 33
EtherApe-INFO: 16:12:15.491: New node: IP: 142.251.39.46. Number of nodes 34
EtherApe-INFO: 16:12:20.557: New node: IP: 99.86.247.18. Number of nodes 35
EtherApe-INFO: 16:12:25.441: delete node: IP: 142.250.201.202. Number of nodes 34
EtherApe-INFO: 16:12:26.719: delete node: IP: 142.250.180.206. Number of nodes 33
EtherApe-INFO: 16:12:32.571: delete node: IP: 95.216.195.133. Number of nodes 32
EtherApe-INFO: 16:12:37.899: New node: IP: 142.250.201.202. Number of nodes 33
EtherApe-INFO: 16:12:47.825: delete node: IP: 149.154.167.151. Number of nodes 32
EtherApe-INFO: 16:13:03.862: delete node: IP: 1.1.1.1. Number of nodes 31
EtherApe-INFO: 16:13:05.890: New node: IP: 142.251.39.10. Number of nodes 32
EtherApe-INFO: 16:13:20.864: delete node: IP: 99.86.247.68. Number of nodes 31
EtherApe-INFO: 16:13:26.424: New node: IP: 172.217.20.3. Number of nodes 32
EtherApe-INFO: 16:13:29.678: delete node: IP: 172.217.20.13. Number of nodes 31
EtherApe-INFO: 16:13:48.827: New node: IPv6: fe80::86d8:1bff:fe8a:3173. Number of nodes 32
EtherApe-INFO: 16:13:48.827: New node: IPv6: ff02::1. Number of nodes 33
EtherApe-INFO: 16:13:58.427: delete node: IP: 3.93.104.25. Number of nodes 32
EtherApe-INFO: 16:14:15.811: delete node: IP: 142.251.39.46. Number of nodes 31
EtherApe-INFO: 16:14:18.957: New node: IP: 149.154.167.151. Number of nodes 32
EtherApe-INFO: 16:14:25.725: delete node: IP: 172.217.20.10. Number of nodes 31
EtherApe-INFO: 16:14:41.627: New node: IP: 142.251.39.46. Number of nodes 32
EtherApe-INFO: 16:15:15.494: New node: IP: 142.251.39.42. Number of nodes 33
EtherApe-INFO: 16:15:26.492: delete node: IP: 142.250.201.202. Number of nodes 32
EtherApe-INFO: 16:15:32.027: New node: IP: 95.216.195.133. Number of nodes 33
EtherApe-INFO: 16:15:33.623: New node: IP: 1.1.1.1. Number of nodes 34
EtherApe-INFO: 16:15:48.904: delete node: IPv6: ff02::1. Number of nodes 33
EtherApe-INFO: 16:15:48.904: delete node: IPv6: fe80::86d8:1bff:fe8a:3173. Number of nodes 32
EtherApe-INFO: 16:15:56.843: delete node: IP: 104.22.65.161. Number of nodes 31
EtherApe-INFO: 16:15:58.692: New node: IP: 142.250.180.234. Number of nodes 32
EtherApe-INFO: 16:16:18.691: New node: IP: 140.82.121.3. Number of nodes 33
EtherApe-INFO: 16:16:19.225: New node: IP: 3.93.104.25. Number of nodes 34
EtherApe-INFO: 16:16:23.224: New node: IP: 216.239.32.116. Number of nodes 35
EtherApe-INFO: 16:16:34.433: delete node: IP: 149.154.167.151. Number of nodes 34
EtherApe-INFO: 16:16:57.890: New node: IP: 149.154.167.151. Number of nodes 35
EtherApe-INFO: 16:16:59.757: New node: IP: 142.250.201.202. Number of nodes 36
EtherApe-INFO: 16:17:08.618: delete node: IP: 142.251.39.10. Number of nodes 35
EtherApe-INFO: 16:17:16.404: delete node: IP: 142.251.39.42. Number of nodes 34
EtherApe-INFO: 16:17:20.824: New node: IP: 52.84.193.200. Number of nodes 35
EtherApe-INFO: 16:17:33.458: delete node: IP: 95.216.195.133. Number of nodes 34
EtherApe-INFO: 16:17:34.734: delete node: IP: 1.1.1.1. Number of nodes 33
EtherApe-INFO: 16:17:58.987: delete node: IP: 172.217.20.3. Number of nodes 32
EtherApe-INFO: 16:18:20.841: delete node: IP: 99.86.247.18. Number of nodes 31
EtherApe-INFO: 16:18:25.636: delete node: IP: 216.239.32.116. Number of nodes 30
EtherApe-INFO: 16:18:44.823: New node: IPv6: fe80::86d8:1bff:fe8a:3173. Number of nodes 31
EtherApe-INFO: 16:18:44.824: New node: IPv6: ff02::1. Number of nodes 32
EtherApe-INFO: 16:19:06.961: New node: IP: 172.217.20.3. Number of nodes 33
EtherApe-INFO: 16:20:07.838: delete node: IP: 142.250.180.234. Number of nodes 32
EtherApe-INFO: 16:20:19.764: delete node: IP: 140.82.121.3. Number of nodes 31
EtherApe-INFO: 16:20:23.496: New node: IP: 216.239.32.116. Number of nodes 32
EtherApe-INFO: 16:20:32.024: New node: IP: 95.216.195.133. Number of nodes 33
EtherApe-INFO: 16:20:36.068: delete node: IP: 149.154.167.151. Number of nodes 32
EtherApe-INFO: 16:20:44.896: delete node: IPv6: ff02::1. Number of nodes 31
EtherApe-INFO: 16:20:44.896: delete node: IPv6: fe80::86d8:1bff:fe8a:3173. Number of nodes 30
EtherApe-INFO: 16:21:19.831: delete node: IP: 3.93.104.25. Number of nodes 29
EtherApe-INFO: 16:22:04.290: New node: IP: 149.154.167.151. Number of nodes 30
EtherApe-INFO: 16:22:17.894: New node: IP: 52.22.205.89. Number of nodes 31
EtherApe-INFO: 16:22:18.157: New node: IP: 52.222.158.89. Number of nodes 32
EtherApe-INFO: 16:22:21.091: New node: IP: 52.84.193.121. Number of nodes 33
EtherApe-INFO: 16:22:23.539: delete node: IP: 216.239.32.116. Number of nodes 32
EtherApe-INFO: 16:22:24.290: New node: IPv6: fe80::86d8:1bff:fe8a:3173. Number of nodes 33
EtherApe-INFO: 16:22:24.290: New node: IPv6: ff02::1. Number of nodes 34
EtherApe-INFO: 16:22:33.189: delete node: IP: 95.216.195.133. Number of nodes 33
EtherApe-INFO: 16:23:08.561: New node: IP: 142.251.39.42. Number of nodes 34
EtherApe-INFO: 16:23:19.224: New node: IP: 104.22.37.151. Number of nodes 35
EtherApe-INFO: 16:23:21.183: delete node: IP: 52.84.193.200. Number of nodes 34
EtherApe-INFO: 16:23:45.624: New node: IP: 1.1.1.1. Number of nodes 35
EtherApe-INFO: 16:24:12.096: delete node: IP: 142.250.201.202. Number of nodes 34
EtherApe-INFO: 16:24:20.069: delete node: IP: 149.154.167.151. Number of nodes 33
EtherApe-INFO: 16:24:23.495: delete node: IP: 172.217.20.3. Number of nodes 32
EtherApe-INFO: 16:24:24.348: delete node: IPv6: ff02::1. Number of nodes 31
EtherApe-INFO: 16:24:24.348: delete node: IPv6: fe80::86d8:1bff:fe8a:3173. Number of nodes 30
EtherApe-INFO: 16:24:58.961: New node: IP: 172.217.20.3. Number of nodes 31
EtherApe-INFO: 16:25:32.024: New node: IP: 95.216.195.133. Number of nodes 32
EtherApe-INFO: 16:25:41.101: New node: IP: 52.214.181.141. Number of nodes 33
EtherApe-INFO: 16:25:45.996: delete node: IP: 1.1.1.1. Number of nodes 32
EtherApe-INFO: 16:26:12.824: New node: IP: 142.250.201.202. Number of nodes 33
EtherApe-INFO: 16:26:13.357: New node: IPv6: fe80::86d8:1bff:fe8a:3173. Number of nodes 34
EtherApe-INFO: 16:26:13.357: New node: IPv6: ff02::1. Number of nodes 35
EtherApe-INFO: 16:26:14.733: delete node: IP: 142.251.39.42. Number of nodes 34
EtherApe-INFO: 16:26:17.091: New node: IP: 3.93.104.25. Number of nodes 35
EtherApe-INFO: 16:26:20.306: delete node: IP: 52.22.205.89. Number of nodes 34
EtherApe-INFO: 16:26:20.625: delete node: IP: 104.22.37.151. Number of nodes 33
EtherApe-INFO: 16:26:36.025: New node: IP: 178.18.231.136. Number of nodes 34
EtherApe-INFO: 16:26:36.291: New node: IP: 1.1.1.1. Number of nodes 35
EtherApe-INFO: 16:26:41.120: delete node: IP: 3.251.50.149. Number of nodes 34
EtherApe-INFO: 16:27:14.157: New node: IP: 142.251.39.10. Number of nodes 35
EtherApe-INFO: 16:27:21.360: New node: IP: 52.84.193.186. Number of nodes 36
EtherApe-INFO: 16:27:32.335: delete node: IP: 95.216.195.133. Number of nodes 35
EtherApe-INFO: 16:27:57.627: New node: IP: 142.250.180.195. Number of nodes 36
EtherApe-INFO: 16:28:13.697: delete node: IPv6: ff02::1. Number of nodes 35
EtherApe-INFO: 16:28:13.697: delete node: IPv6: fe80::86d8:1bff:fe8a:3173. Number of nodes 34
EtherApe-INFO: 16:28:18.519: delete node: IP: 142.251.39.67. Number of nodes 33
EtherApe-INFO: 16:28:18.519: delete node: IP: 52.222.158.89. Number of nodes 32
EtherApe-INFO: 16:28:21.727: delete node: IP: 52.84.193.121. Number of nodes 31
EtherApe-INFO: 16:28:42.711: delete node: IP: 1.1.1.1. Number of nodes 30
EtherApe-INFO: 16:28:55.757: New node: IP: 54.171.156.218. Number of nodes 31
EtherApe-INFO: 16:28:57.624: New node: IP: 1.1.1.1. Number of nodes 32
EtherApe-INFO: 16:29:19.594: delete node: IP: 142.251.39.10. Number of nodes 31
EtherApe-INFO: 16:29:20.661: delete node: IP: 3.93.104.25. Number of nodes 30
EtherApe-INFO: 16:29:36.827: delete node: IP: 172.217.20.3. Number of nodes 29
EtherApe-INFO: 16:29:58.424: New node: IP: 142.251.39.67. Number of nodes 30
EtherApe-INFO: 16:30:15.491: New node: IP: 149.154.167.151. Number of nodes 31
EtherApe-INFO: 16:30:16.294: New node: IP: 3.93.104.25. Number of nodes 32
EtherApe-INFO: 16:30:18.737: delete node: IP: 142.250.180.195. Number of nodes 31
EtherApe-INFO: 16:30:32.024: New node: IP: 95.216.195.133. Number of nodes 32
EtherApe-INFO: 16:30:52.879: delete node: IP: 63.33.228.172. Number of nodes 31
EtherApe-INFO: 16:30:58.793: delete node: IP: 1.1.1.1. Number of nodes 30
EtherApe-INFO: 16:31:48.823: New node: IP: 1.1.1.1. Number of nodes 31
EtherApe-INFO: 16:31:48.824: New node: IP: 142.250.180.228. Number of nodes 32
EtherApe-INFO: 16:32:13.624: New node: IP: 142.250.180.195. Number of nodes 33
EtherApe-INFO: 16:32:19.757: New node: IP: 52.22.205.89. Number of nodes 34
EtherApe-INFO: 16:32:19.757: New node: IP: 35.173.119.102. Number of nodes 35
EtherApe-INFO: 16:32:22.957: New node: IP: 75.2.53.94. Number of nodes 36
EtherApe-INFO: 16:32:25.624: New node: IP: 142.250.180.234. Number of nodes 37
EtherApe-INFO: 16:32:31.031: delete node: IP: 149.154.167.151. Number of nodes 36
EtherApe-INFO: 16:32:32.323: delete node: IP: 95.216.195.133. Number of nodes 35
EtherApe-INFO: 16:33:00.832: New node: IP: 172.217.20.3. Number of nodes 36
EtherApe-INFO: 16:33:08.823: New node: IP: 149.154.167.151. Number of nodes 37
EtherApe-INFO: 16:33:17.091: delete node: IP: 3.93.104.25. Number of nodes 36
EtherApe-INFO: 16:33:22.959: New node: IP: 34.231.236.8. Number of nodes 37
EtherApe-INFO: 16:33:42.451: delete node: IP: 178.18.231.136. Number of nodes 36
EtherApe-INFO: 16:33:48.906: delete node: IP: 142.250.180.228. Number of nodes 35
EtherApe-INFO: 16:33:48.906: delete node: IP: 1.1.1.1. Number of nodes 34
EtherApe-INFO: 16:34:07.777: delete node: IP: 142.251.39.74. Number of nodes 33
EtherApe-INFO: 16:34:10.157: New node: IP: 142.251.39.74. Number of nodes 34
EtherApe-INFO: 16:34:14.158: New node: IP: 1.1.1.1. Number of nodes 35
EtherApe-INFO: 16:34:17.624: New node: IP: 3.93.104.25. Number of nodes 36
EtherApe-INFO: 16:34:29.360: New node: IPv6: fe80::86d8:1bff:fe8a:3173. Number of nodes 37
EtherApe-INFO: 16:34:29.360: New node: IPv6: ff02::1. Number of nodes 38
EtherApe-INFO: 16:34:30.463: delete node: IP: 35.173.119.102. Number of nodes 37
EtherApe-INFO: 16:34:30.690: New node: IP: 104.22.64.161. Number of nodes 38
EtherApe-INFO: 16:34:30.961: New node: IP: 192.0.73.2. Number of nodes 39
EtherApe-INFO: 16:35:04.028: delete node: IP: 172.217.19.106. Number of nodes 38
EtherApe-INFO: 16:35:17.110: delete node: IP: 142.250.180.195. Number of nodes 37
EtherApe-INFO: 16:35:20.867: delete node: IP: 52.22.205.89. Number of nodes 36
EtherApe-INFO: 16:35:32.024: New node: IP: 95.216.195.133. Number of nodes 37
EtherApe-INFO: 16:36:00.037: delete node: IP: 149.154.167.151. Number of nodes 36
EtherApe-INFO: 16:36:04.382: delete node: IP: 172.217.20.3. Number of nodes 35
EtherApe-INFO: 16:36:06.157: New node: IP: 142.251.39.42. Number of nodes 36
EtherApe-INFO: 16:36:14.221: delete node: IP: 1.1.1.1. Number of nodes 35
EtherApe-INFO: 16:36:24.353: delete node: IP: 34.231.236.8. Number of nodes 34
EtherApe-INFO: 16:36:30.767: delete node: IPv6: ff02::1. Number of nodes 33
EtherApe-INFO: 16:36:30.767: delete node: IPv6: fe80::86d8:1bff:fe8a:3173. Number of nodes 32
EtherApe-INFO: 16:36:30.767: delete node: IP: 75.2.53.94. Number of nodes 31
EtherApe-INFO: 16:36:48.024: New node: IP: 140.82.113.25. Number of nodes 32
EtherApe-INFO: 16:37:03.238: delete node: IP: 192.0.73.2. Number of nodes 31
EtherApe-INFO: 16:37:12.024: New node: IP: 172.217.20.3. Number of nodes 32
EtherApe-INFO: 16:37:21.624: New node: IP: 52.84.193.200. Number of nodes 33
EtherApe-INFO: 16:37:32.596: delete node: IP: 95.216.195.133. Number of nodes 32
EtherApe-INFO: 16:38:00.380: delete node: IP: 3.93.104.25. Number of nodes 31
EtherApe-INFO: 16:38:12.924: delete node: IP: 142.251.39.42. Number of nodes 30
EtherApe-INFO: 16:38:17.890: New node: IP: 3.216.211.240. Number of nodes 31
EtherApe-INFO: 16:38:23.596: delete node: IP: 52.84.193.186. Number of nodes 30
EtherApe-INFO: 16:38:48.637: delete node: IP: 140.82.114.25. Number of nodes 29
EtherApe-INFO: 16:38:55.233: delete node: IP: 142.251.39.74. Number of nodes 28
EtherApe-INFO: 16:39:09.891: New node: IP: 142.251.39.74. Number of nodes 29
EtherApe-INFO: 16:39:22.433: delete node: IP: 87.245.217.77. Number of nodes 28
EtherApe-INFO: 16:39:46.424: New node: IP: 172.217.20.14. Number of nodes 29
EtherApe-INFO: 16:40:11.224: New node: IP: 142.251.39.42. Number of nodes 30
EtherApe-INFO: 16:40:32.024: New node: IP: 95.216.195.133. Number of nodes 31
EtherApe-INFO: 16:41:02.473: delete node: IP: 142.251.39.69. Number of nodes 30
EtherApe-INFO: 16:41:12.024: New node: IP: 172.217.19.106. Number of nodes 31
EtherApe-INFO: 16:41:15.491: New node: IP: 142.250.180.202. Number of nodes 32
EtherApe-INFO: 16:41:15.588: delete node: IP: 142.251.39.74. Number of nodes 31
EtherApe-INFO: 16:41:46.991: delete node: IP: 172.217.20.14. Number of nodes 30
EtherApe-INFO: 16:42:04.116: delete node: IP: 172.217.20.3. Number of nodes 29
EtherApe-INFO: 16:42:17.631: delete node: IP: 142.251.39.42. Number of nodes 28
EtherApe-INFO: 16:42:18.158: New node: IP: 52.22.205.89. Number of nodes 29
EtherApe-INFO: 16:42:21.890: New node: IP: 52.84.193.186. Number of nodes 30
EtherApe-INFO: 16:42:33.182: delete node: IP: 95.216.195.133. Number of nodes 29
EtherApe-INFO: 16:42:36.024: New node: IP: 172.217.20.3. Number of nodes 30
EtherApe-INFO: 16:43:11.249: delete node: IP: 104.22.64.161. Number of nodes 29
EtherApe-INFO: 16:43:12.557: New node: IPv6: fe80::86d8:1bff:fe8a:3173. Number of nodes 30
EtherApe-INFO: 16:43:12.557: New node: IPv6: ff02::1. Number of nodes 31
EtherApe-INFO: 16:43:16.024: New node: IP: 172.217.20.10. Number of nodes 32
EtherApe-INFO: 16:43:16.043: delete node: IP: 142.250.180.202. Number of nodes 31
EtherApe-INFO: 16:43:18.174: delete node: IP: 172.217.19.106. Number of nodes 30
EtherApe-INFO: 16:43:21.090: New node: IP: 1.1.1.1. Number of nodes 31
EtherApe-INFO: 16:43:21.091: New node: IP: 172.217.19.100. Number of nodes 32
EtherApe-INFO: 16:43:22.232: delete node: IP: 52.84.193.200. Number of nodes 31
EtherApe-INFO: 16:43:22.232: delete node: IP: 3.216.211.240. Number of nodes 30
EtherApe-INFO: 16:43:41.624: New node: IP: 216.239.32.116. Number of nodes 31
EtherApe-INFO: 16:44:17.090: New node: IP: 142.251.39.42. Number of nodes 32
EtherApe-INFO: 16:45:01.624: New node: IP: 142.251.39.69. Number of nodes 33
EtherApe-INFO: 16:45:11.493: New node: IP: 149.154.167.151. Number of nodes 34
EtherApe-INFO: 16:45:13.415: delete node: IPv6: ff02::1. Number of nodes 33
EtherApe-INFO: 16:45:13.415: delete node: IPv6: fe80::86d8:1bff:fe8a:3173. Number of nodes 32
EtherApe-INFO: 16:45:18.691: New node: IP: 172.217.19.106. Number of nodes 33
EtherApe-INFO: 16:45:18.742: delete node: IP: 52.22.205.89. Number of nodes 32
EtherApe-INFO: 16:45:19.810: delete node: IP: 172.217.20.10. Number of nodes 31
EtherApe-INFO: 16:45:21.409: delete node: IP: 172.217.19.100. Number of nodes 30
EtherApe-INFO: 16:45:32.024: New node: IP: 95.216.195.133. Number of nodes 31
EtherApe-INFO: 16:45:41.673: delete node: IP: 216.239.32.116. Number of nodes 30
EtherApe-INFO: 16:46:17.358: New node: IP: 3.93.104.25. Number of nodes 31
EtherApe-INFO: 16:46:20.291: New node: IP: 142.251.39.10. Number of nodes 32
EtherApe-INFO: 16:46:21.103: delete node: IP: 142.251.39.42. Number of nodes 31
EtherApe-INFO: 16:46:35.757: New node: IPv6: fe80::b4de:d21f:61d6:e234. Number of nodes 32
EtherApe-INFO: 16:46:35.757: New node: IPv6: ff02::2. Number of nodes 33
EtherApe-INFO: 16:46:35.757: New node: IPv6: fe80::86d8:1bff:fe8a:3173. Number of nodes 34
EtherApe-INFO: 16:46:35.757: New node: IPv6: ff02::1:ffd6:e234. Number of nodes 35
EtherApe-INFO: 16:47:01.906: delete node: IP: 1.1.1.1. Number of nodes 34
EtherApe-INFO: 16:47:13.094: New node: IP: 178.18.231.136. Number of nodes 35
EtherApe-INFO: 16:47:13.357: New node: IP: 1.1.1.1. Number of nodes 36
EtherApe-INFO: 16:47:22.158: New node: IP: 99.86.247.179. Number of nodes 37
EtherApe-INFO: 16:47:22.799: delete node: IP: 172.217.19.106. Number of nodes 36
EtherApe-INFO: 16:47:33.700: delete node: IP: 95.216.195.133. Number of nodes 35
EtherApe-INFO: 16:47:43.757: New node: IP: 54.155.246.232. Number of nodes 36
EtherApe-INFO: 16:48:14.720: delete node: IP: 149.154.167.151. Number of nodes 35
EtherApe-INFO: 16:48:22.160: delete node: IP: 52.84.193.186. Number of nodes 34
EtherApe-INFO: 16:48:37.144: delete node: IPv6: ff02::2. Number of nodes 33
EtherApe-INFO: 16:48:37.144: delete node: IPv6: fe80::b4de:d21f:61d6:e234. Number of nodes 32
EtherApe-INFO: 16:48:40.333: delete node: IPv6: ff02::1:ffd6:e234. Number of nodes 31
EtherApe-INFO: 16:48:40.333: delete node: IPv6: fe80::86d8:1bff:fe8a:3173. Number of nodes 30
EtherApe-INFO: 16:48:43.843: delete node: IP: 52.214.181.141. Number of nodes 29
EtherApe-INFO: 16:48:44.054: delete node: IP: 172.217.20.3. Number of nodes 28
EtherApe-INFO: 16:49:19.565: delete node: IP: 3.93.104.25. Number of nodes 27
EtherApe-INFO: 16:49:22.428: New node: IP: 172.217.20.3. Number of nodes 28
EtherApe-INFO: 16:49:22.429: New node: IP: 35.184.229.211. Number of nodes 29
EtherApe-INFO: 16:49:22.534: delete node: IP: 1.1.1.1. Number of nodes 28
EtherApe-INFO: 16:49:25.093: New node: IP: 142.251.39.3. Number of nodes 29
EtherApe-INFO: 16:49:25.093: New node: IP: 142.250.180.202. Number of nodes 30
EtherApe-INFO: 16:49:27.226: New node: IP: 35.215.113.10. Number of nodes 31
EtherApe-INFO: 16:49:31.224: New node: IP: 35.240.1.200. Number of nodes 32
EtherApe-INFO: 16:49:33.624: New node: IP: 216.239.38.117. Number of nodes 33
EtherApe-INFO: 16:50:16.844: delete node: IP: 142.251.39.46. Number of nodes 32
EtherApe-INFO: 16:50:26.427: delete node: IP: 142.251.39.10. Number of nodes 31
EtherApe-INFO: 16:50:31.224: New node: IP: 142.251.39.74. Number of nodes 32
EtherApe-INFO: 16:50:32.023: New node: IP: 95.216.195.133. Number of nodes 33
EtherApe-INFO: 16:51:02.501: delete node: IP: 142.251.39.69. Number of nodes 32
EtherApe-INFO: 16:51:15.490: New node: IP: 142.251.39.46. Number of nodes 33
EtherApe-INFO: 16:51:26.694: New node: IP: 216.239.32.116. Number of nodes 34
EtherApe-INFO: 16:51:27.542: delete node: IP: 142.250.180.202. Number of nodes 33
EtherApe-INFO: 16:51:28.398: delete node: IP: 35.184.229.211. Number of nodes 32
EtherApe-INFO: 16:51:32.881: delete node: IP: 35.215.113.10. Number of nodes 31
EtherApe-INFO: 16:51:34.486: delete node: IP: 216.239.38.117. Number of nodes 30
EtherApe-INFO: 16:51:37.459: delete node: IP: 35.240.1.200. Number of nodes 29
EtherApe-INFO: 16:52:19.757: New node: IPv6: fe80::86d8:1bff:fe8a:3173. Number of nodes 30
EtherApe-INFO: 16:52:19.757: New node: IPv6: ff02::1. Number of nodes 31
EtherApe-INFO: 16:52:27.533: delete node: IP: 142.251.39.3. Number of nodes 30
EtherApe-INFO: 16:52:32.633: delete node: IP: 95.216.195.133. Number of nodes 29
EtherApe-INFO: 16:53:14.957: New node: IP: 142.250.180.195. Number of nodes 30
EtherApe-INFO: 16:53:21.891: New node: IP: 91.198.174.192. Number of nodes 31
EtherApe-INFO: 16:53:22.158: New node: IP: 3.93.104.25. Number of nodes 32
EtherApe-INFO: 16:53:26.796: delete node: IP: 142.251.39.46. Number of nodes 31
EtherApe-INFO: 16:53:27.011: delete node: IP: 216.239.32.116. Number of nodes 30
EtherApe-INFO: 16:53:33.624: New node: IP: 142.250.180.202. Number of nodes 31
EtherApe-INFO: 16:54:15.490: New node: IP: 142.251.39.46. Number of nodes 32
EtherApe-INFO: 16:54:15.491: New node: IP: 172.217.20.10. Number of nodes 33
EtherApe-INFO: 16:54:20.358: delete node: IPv6: ff02::1. Number of nodes 32
EtherApe-INFO: 16:54:20.358: delete node: IPv6: fe80::86d8:1bff:fe8a:3173. Number of nodes 31
EtherApe-INFO: 16:54:22.489: delete node: IP: 178.18.231.136. Number of nodes 30
EtherApe-INFO: 16:54:31.565: delete node: IP: 142.251.39.67. Number of nodes 29
EtherApe-INFO: 16:55:02.691: New node: IP: 142.251.39.69. Number of nodes 30
EtherApe-INFO: 16:55:21.890: New node: IP: 104.22.36.151. Number of nodes 31
EtherApe-INFO: 16:55:21.960: delete node: IP: 142.251.39.74. Number of nodes 30
EtherApe-INFO: 16:55:32.024: New node: IP: 95.216.195.133. Number of nodes 31
EtherApe-INFO: 16:56:11.757: New node: IP: 142.251.39.67. Number of nodes 32
EtherApe-INFO: 16:56:16.845: delete node: IP: 172.217.20.10. Number of nodes 31
EtherApe-INFO: 16:56:21.893: New node: IP: 192.0.66.96. Number of nodes 32
EtherApe-INFO: 16:56:27.490: New node: IP: 87.245.217.77. Number of nodes 33
EtherApe-INFO: 16:56:28.024: New node: IP: 149.154.165.111. Number of nodes 34
EtherApe-INFO: 16:56:30.157: New node: IP: 149.154.167.151. Number of nodes 35
EtherApe-INFO: 16:56:31.572: delete node: IP: 142.250.180.195. Number of nodes 34
EtherApe-INFO: 16:57:22.160: New node: IP: 66.228.47.22. Number of nodes 35
EtherApe-INFO: 16:57:22.180: delete node: IP: 3.93.104.25. Number of nodes 34
EtherApe-INFO: 16:57:22.424: New node: IP: 99.86.247.68. Number of nodes 35
EtherApe-INFO: 16:57:23.550: delete node: IP: 104.22.36.151. Number of nodes 34
EtherApe-INFO: 16:57:29.423: delete node: IP: 142.250.180.202. Number of nodes 33
EtherApe-INFO: 16:57:32.299: delete node: IP: 95.216.195.133. Number of nodes 32
EtherApe-INFO: 16:57:37.957: delete node: IP: 172.217.20.3. Number of nodes 31
EtherApe-INFO: 16:58:17.357: New node: IP: 52.212.99.156. Number of nodes 32
EtherApe-INFO: 16:58:20.290: New node: IP: 142.251.39.74. Number of nodes 33
EtherApe-INFO: 16:58:21.892: New node: IP: 139.59.209.225. Number of nodes 34
EtherApe-INFO: 16:58:22.451: delete node: IP: 99.86.247.179. Number of nodes 33
EtherApe-INFO: 16:58:22.958: New node: IP: 3.93.104.25. Number of nodes 34
EtherApe-INFO: 16:58:43.818: delete node: IP: 149.154.165.111. Number of nodes 33
EtherApe-INFO: 16:58:59.490: New node: IPv6: fe80::86d8:1bff:fe8a:3173. Number of nodes 34
EtherApe-INFO: 16:58:59.490: New node: IPv6: ff02::1. Number of nodes 35
EtherApe-INFO: 16:59:00.570: delete node: IP: 149.154.167.151. Number of nodes 34
EtherApe-INFO: 16:59:14.690: New node: IP: 142.251.39.42. Number of nodes 35
EtherApe-INFO: 16:59:21.893: delete node: IP: 91.198.174.192. Number of nodes 34
EtherApe-INFO: 16:59:30.162: New node: IP: 172.217.20.3. Number of nodes 35
EtherApe-INFO: 16:59:30.427: New node: IP: 34.97.161.128. Number of nodes 36
EtherApe-INFO: 16:59:31.758: New node: IP: 142.251.39.35. Number of nodes 37
EtherApe-INFO: 16:59:32.359: delete node: IP: 192.0.66.96. Number of nodes 36
EtherApe-INFO: 16:59:44.325: delete node: IP: 66.228.47.22. Number of nodes 35
EtherApe-INFO: 17:00:09.091: New node: IP: 172.217.19.100. Number of nodes 36
EtherApe-INFO: 17:00:13.984: delete node: IP: 54.171.156.218. Number of nodes 35
EtherApe-INFO: 17:00:22.157: New node: IP: 135.181.27.174. Number of nodes 36
EtherApe-INFO: 17:00:31.757: New node: IP: 216.239.32.116. Number of nodes 37
EtherApe-INFO: 17:00:32.028: New node: IP: 95.216.195.133. Number of nodes 38
EtherApe-INFO: 17:00:34.957: New node: IP: 142.251.39.10. Number of nodes 39
EtherApe-INFO: 17:00:59.579: delete node: IPv6: ff02::1. Number of nodes 38
EtherApe-INFO: 17:00:59.579: delete node: IPv6: fe80::86d8:1bff:fe8a:3173. Number of nodes 37
EtherApe-INFO: 17:01:04.853: delete node: IP: 142.251.39.69. Number of nodes 36
EtherApe-INFO: 17:01:15.301: delete node: IP: 142.251.39.42. Number of nodes 35
EtherApe-INFO: 17:01:22.157: New node: IP: 159.148.147.237. Number of nodes 36
EtherApe-INFO: 17:01:31.843: delete node: IP: 142.251.39.35. Number of nodes 35
EtherApe-INFO: 17:01:44.557: New node: IP: 1.1.1.1. Number of nodes 36
EtherApe-INFO: 17:01:44.557: New node: IP: 142.250.180.228. Number of nodes 37
EtherApe-INFO: 17:01:49.374: delete node: IP: 142.251.39.74. Number of nodes 36
EtherApe-INFO: 17:02:09.378: delete node: IP: 172.217.19.100. Number of nodes 35
EtherApe-INFO: 17:02:13.624: New node: IP: 142.250.180.195. Number of nodes 36
EtherApe-INFO: 17:02:15.778: delete node: IP: 142.251.39.46. Number of nodes 35
EtherApe-INFO: 17:02:19.757: New node: IP: 54.162.67.99. Number of nodes 36
EtherApe-INFO: 17:02:22.157: New node: IP: 151.101.0.201. Number of nodes 37
EtherApe-INFO: 17:02:22.690: New node: IP: 99.86.247.163. Number of nodes 38
EtherApe-INFO: 17:02:32.318: delete node: IP: 216.239.32.116. Number of nodes 37
EtherApe-INFO: 17:02:32.318: delete node: IP: 95.216.195.133. Number of nodes 36
EtherApe-INFO: 17:02:32.639: delete node: IP: 34.97.161.128. Number of nodes 35
EtherApe-INFO: 17:02:37.623: New node: IP: 172.217.19.106. Number of nodes 36
EtherApe-INFO: 17:02:50.478: delete node: IP: 142.251.39.10. Number of nodes 35
EtherApe-INFO: 17:03:15.495: New node: IP: 142.251.39.46. Number of nodes 36
EtherApe-INFO: 17:03:15.757: New node: IPv6: fe80::86d8:1bff:fe8a:3173. Number of nodes 37
EtherApe-INFO: 17:03:15.757: New node: IPv6: ff02::1. Number of nodes 38
EtherApe-INFO: 17:03:20.557: New node: IP: 172.217.19.100. Number of nodes 39
EtherApe-INFO: 17:03:22.700: delete node: IP: 99.86.247.68. Number of nodes 38
EtherApe-INFO: 17:03:23.557: delete node: IP: 139.59.209.225. Number of nodes 37
EtherApe-INFO: 17:03:24.826: New node: IP: 142.251.39.74. Number of nodes 38
EtherApe-INFO: 17:03:27.523: delete node: IP: 135.181.27.174. Number of nodes 37
EtherApe-INFO: 17:03:30.177: delete node: IP: 159.148.147.237. Number of nodes 36
EtherApe-INFO: 17:03:36.350: delete node: IP: 172.217.20.3. Number of nodes 35
EtherApe-INFO: 17:03:44.889: delete node: IP: 142.250.180.228. Number of nodes 34
EtherApe-INFO: 17:04:22.160: New node: IP: 195.42.179.202. Number of nodes 35
EtherApe-INFO: 17:04:22.425: New node: IP: 3.216.211.240. Number of nodes 36
EtherApe-INFO: 17:04:24.573: delete node: IP: 3.93.104.25. Number of nodes 35
EtherApe-INFO: 17:04:24.573: delete node: IP: 1.1.1.1. Number of nodes 34
EtherApe-INFO: 17:04:30.442: delete node: IP: 54.162.67.99. Number of nodes 33
EtherApe-INFO: 17:04:48.824: New node: IP: 140.82.112.25. Number of nodes 34
EtherApe-INFO: 17:05:04.557: New node: IP: 142.251.39.69. Number of nodes 35
EtherApe-INFO: 17:05:15.783: delete node: IPv6: ff02::1. Number of nodes 34
EtherApe-INFO: 17:05:15.783: delete node: IPv6: fe80::86d8:1bff:fe8a:3173. Number of nodes 33
EtherApe-INFO: 17:05:17.383: delete node: IP: 142.250.180.195. Number of nodes 32
EtherApe-INFO: 17:05:22.423: New node: IP: 104.21.42.68. Number of nodes 33
EtherApe-INFO: 17:05:23.224: New node: IP: 3.93.104.25. Number of nodes 34
EtherApe-INFO: 17:05:25.722: delete node: IP: 142.251.39.74. Number of nodes 33
EtherApe-INFO: 17:05:32.027: New node: IP: 95.216.195.133. Number of nodes 34
EtherApe-INFO: 17:05:41.357: New node: IP: 172.217.20.10. Number of nodes 35
EtherApe-INFO: 17:06:01.357: New node: IP: 149.154.167.151. Number of nodes 36
EtherApe-INFO: 17:06:16.557: New node: IP: 142.250.180.195. Number of nodes 37
EtherApe-INFO: 17:06:22.157: New node: IP: 178.248.232.27. Number of nodes 38
EtherApe-INFO: 17:06:37.407: delete node: IP: 142.251.39.67. Number of nodes 37
EtherApe-INFO: 17:06:40.928: delete node: IP: 172.217.19.100. Number of nodes 36
EtherApe-INFO: 17:06:49.128: delete node: IP: 140.82.113.25. Number of nodes 35
EtherApe-INFO: 17:06:55.821: delete node: IP: 172.217.19.106. Number of nodes 34
EtherApe-INFO: 17:06:56.290: New node: IP: 142.251.39.74. Number of nodes 35
EtherApe-INFO: 17:07:22.693: New node: IP: 99.86.247.18. Number of nodes 36
EtherApe-INFO: 17:07:22.987: delete node: IP: 3.216.211.240. Number of nodes 35
EtherApe-INFO: 17:07:32.332: delete node: IP: 195.42.179.202. Number of nodes 34
EtherApe-INFO: 17:07:32.332: delete node: IP: 95.216.195.133. Number of nodes 33
EtherApe-INFO: 17:07:45.624: New node: IP: 172.217.20.13. Number of nodes 34
EtherApe-INFO: 17:07:57.359: delete node: IP: 172.217.20.10. Number of nodes 33
EtherApe-INFO: 17:08:16.827: New node: IP: 142.251.39.14. Number of nodes 34
EtherApe-INFO: 17:08:16.868: delete node: IP: 149.154.167.151. Number of nodes 33
EtherApe-INFO: 17:08:22.736: delete node: IP: 99.86.247.163. Number of nodes 32
EtherApe-INFO: 17:08:47.490: New node: IPv6: fe80::86d8:1bff:fe8a:3173. Number of nodes 33
EtherApe-INFO: 17:08:47.490: New node: IPv6: ff02::1. Number of nodes 34
EtherApe-INFO: 17:08:53.891: delete node: IP: 178.248.232.27. Number of nodes 33
EtherApe-INFO: 17:09:12.338: delete node: IP: 142.251.39.74. Number of nodes 32
EtherApe-INFO: 17:09:23.491: delete node: IP: 3.93.104.25. Number of nodes 31
EtherApe-INFO: 17:09:45.893: New node: IP: 54.246.79.9. Number of nodes 32
EtherApe-INFO: 17:09:48.557: New node: IP: 142.251.39.74. Number of nodes 33
EtherApe-INFO: 17:10:17.408: delete node: IP: 142.251.39.14. Number of nodes 32
EtherApe-INFO: 17:10:18.691: New node: IP: 142.251.39.67. Number of nodes 33
EtherApe-INFO: 17:10:23.757: New node: IP: 99.83.135.170. Number of nodes 34
EtherApe-INFO: 17:10:30.423: New node: IP: 149.154.167.151. Number of nodes 35
EtherApe-INFO: 17:10:32.024: New node: IP: 95.216.195.133. Number of nodes 36
EtherApe-INFO: 17:10:38.985: delete node: IP: 142.250.180.195. Number of nodes 35
EtherApe-INFO: 17:10:43.793: delete node: IP: 172.217.20.13. Number of nodes 34
EtherApe-INFO: 17:10:46.467: delete node: IP: 54.155.246.232. Number of nodes 33
EtherApe-INFO: 17:10:47.540: delete node: IPv6: ff02::1. Number of nodes 32
EtherApe-INFO: 17:10:47.540: delete node: IPv6: fe80::86d8:1bff:fe8a:3173. Number of nodes 31
EtherApe-INFO: 17:10:57.624: New node: IP: 1.1.1.1. Number of nodes 32
EtherApe-INFO: 17:11:05.697: delete node: IP: 142.251.39.69. Number of nodes 31
EtherApe-INFO: 17:11:22.427: New node: IP: 91.198.174.192. Number of nodes 32
EtherApe-INFO: 17:11:22.958: New node: IP: 52.22.205.89. Number of nodes 33
EtherApe-INFO: 17:11:23.759: New node: IP: 34.235.58.51. Number of nodes 34
EtherApe-INFO: 17:11:45.890: New node: IP: 172.217.20.13. Number of nodes 35
EtherApe-INFO: 17:11:46.960: New node: IP: 172.217.20.10. Number of nodes 36
EtherApe-INFO: 17:11:50.423: New node: IP: 142.250.180.202. Number of nodes 37
EtherApe-INFO: 17:12:15.491: New node: IP: 142.250.180.206. Number of nodes 38
EtherApe-INFO: 17:12:18.757: delete node: IP: 142.251.39.46. Number of nodes 37
EtherApe-INFO: 17:12:32.398: delete node: IP: 95.216.195.133. Number of nodes 36
EtherApe-INFO: 17:12:36.023: New node: IP: 104.22.64.161. Number of nodes 37
EtherApe-INFO: 17:12:41.890: New node: IP: 192.0.73.2. Number of nodes 38
EtherApe-INFO: 17:12:45.357: New node: IP: 75.2.53.94. Number of nodes 39
EtherApe-INFO: 17:12:51.226: New node: IP: 172.217.20.3. Number of nodes 40
EtherApe-INFO: 17:12:51.490: New node: IP: 173.194.210.94. Number of nodes 41
EtherApe-INFO: 17:12:57.989: delete node: IP: 1.1.1.1. Number of nodes 40
EtherApe-INFO: 17:13:03.224: New node: IPv6: fe80::86d8:1bff:fe8a:3173. Number of nodes 41
EtherApe-INFO: 17:13:03.224: New node: IPv6: ff02::1. Number of nodes 42
EtherApe-INFO: 17:13:15.224: New node: IP: 172.217.19.110. Number of nodes 43
EtherApe-INFO: 17:13:28.876: delete node: IP: 142.250.180.234. Number of nodes 42
EtherApe-INFO: 17:13:42.427: New node: IP: 142.251.39.42. Number of nodes 43
EtherApe-INFO: 17:13:45.360: New node: IP: 3.227.42.188. Number of nodes 44
EtherApe-INFO: 17:13:45.964: delete node: IP: 172.217.20.13. Number of nodes 43
EtherApe-INFO: 17:14:03.281: delete node: IP: 104.21.42.68. Number of nodes 42
EtherApe-INFO: 17:14:12.294: New node: IP: 104.196.95.159. Number of nodes 43
EtherApe-INFO: 17:14:13.090: New node: IP: 142.251.39.35. Number of nodes 44
EtherApe-INFO: 17:14:13.091: New node: IP: 172.217.167.99. Number of nodes 45
EtherApe-INFO: 17:14:15.494: New node: IP: 142.251.39.46. Number of nodes 46
EtherApe-INFO: 17:14:24.375: delete node: IP: 34.235.58.51. Number of nodes 45
EtherApe-INFO: 17:14:29.090: New node: IP: 1.1.1.1. Number of nodes 46
EtherApe-INFO: 17:14:29.112: delete node: IP: 149.154.167.151. Number of nodes 45
EtherApe-INFO: 17:14:32.557: delete node: IP: 151.101.0.201. Number of nodes 44
EtherApe-INFO: 17:14:36.101: delete node: IP: 99.83.135.170. Number of nodes 43
EtherApe-INFO: 17:14:41.358: New node: IP: 3.93.104.25. Number of nodes 44
EtherApe-INFO: 17:14:51.833: delete node: IP: 173.194.210.94. Number of nodes 43
EtherApe-INFO: 17:14:55.040: delete node: IP: 142.250.180.202. Number of nodes 42
EtherApe-INFO: 17:15:03.298: delete node: IPv6: ff02::1. Number of nodes 41
EtherApe-INFO: 17:15:03.298: delete node: IPv6: fe80::86d8:1bff:fe8a:3173. Number of nodes 40
EtherApe-INFO: 17:15:05.624: New node: IP: 142.251.39.69. Number of nodes 41
EtherApe-INFO: 17:15:12.835: delete node: IP: 192.0.73.2. Number of nodes 40
EtherApe-INFO: 17:15:13.092: New node: IP: 142.251.39.3. Number of nodes 41
EtherApe-INFO: 17:15:15.784: delete node: IP: 172.217.19.110. Number of nodes 40
EtherApe-INFO: 17:15:15.784: delete node: IP: 142.250.180.206. Number of nodes 39
EtherApe-INFO: 17:15:24.823: New node: IP: 172.217.20.13. Number of nodes 40
EtherApe-INFO: 17:15:32.023: New node: IP: 95.216.195.133. Number of nodes 41
EtherApe-INFO: 17:15:32.023: New node: IP: 172.217.19.106. Number of nodes 42
EtherApe-INFO: 17:15:33.094: New node: IP: 142.250.180.195. Number of nodes 43
EtherApe-INFO: 17:15:33.358: New node: IP: 142.250.180.234. Number of nodes 44
EtherApe-INFO: 17:15:38.445: delete node: IP: 52.22.205.89. Number of nodes 43
EtherApe-INFO: 17:15:53.627: New node: IP: 159.148.147.237. Number of nodes 44
EtherApe-INFO: 17:15:55.756: New node: IP: 139.59.209.225. Number of nodes 45
EtherApe-INFO: 17:15:57.357: New node: IP: 135.181.27.174. Number of nodes 46
EtherApe-INFO: 17:16:00.294: New node: IP: 104.22.37.151. Number of nodes 47
EtherApe-INFO: 17:16:01.623: New node: IP: 104.26.3.186. Number of nodes 48
EtherApe-INFO: 17:16:01.890: New node: IP: 172.67.68.36. Number of nodes 49
EtherApe-INFO: 17:16:02.423: New node: IP: 178.248.232.27. Number of nodes 50
EtherApe-INFO: 17:16:04.557: New node: IP: 172.67.158.124. Number of nodes 51
EtherApe-INFO: 17:16:05.357: New node: IP: 104.21.68.198. Number of nodes 52
EtherApe-INFO: 17:16:06.690: New node: IP: 140.82.121.3. Number of nodes 53
EtherApe-INFO: 17:16:06.957: New node: IP: 185.199.108.154. Number of nodes 54
EtherApe-INFO: 17:16:06.957: New node: IP: 185.199.111.133. Number of nodes 55
EtherApe-INFO: 17:16:08.027: New node: IP: 140.82.112.26. Number of nodes 56
EtherApe-INFO: 17:16:09.094: New node: IP: 31.43.58.32. Number of nodes 57
EtherApe-INFO: 17:16:09.890: New node: IP: 157.240.224.174. Number of nodes 58
EtherApe-INFO: 17:16:12.028: New node: IP: 192.0.73.2. Number of nodes 59
EtherApe-INFO: 17:16:13.091: New node: IP: 216.239.32.116. Number of nodes 60
EtherApe-INFO: 17:16:13.195: delete node: IP: 142.251.39.35. Number of nodes 59
EtherApe-INFO: 17:16:14.500: delete node: IP: 172.217.167.99. Number of nodes 58
EtherApe-INFO: 17:16:20.047: delete node: IP: 104.196.95.159. Number of nodes 57
EtherApe-INFO: 17:16:22.960: delete node: IP: 91.198.174.192. Number of nodes 56
EtherApe-INFO: 17:16:25.093: New node: IP: 3.222.137.72. Number of nodes 57
