(etherape:6782): GLib-GIO-DEBUG: 22:39:05.201: _g_io_module_get_default: Found default implementation local (GLocalVfs) for ‘gio-vfs’
EtherApe-INFO: 22:39:05.368: sctp protocol not supported
EtherApe-INFO: 22:39:05.368: dccp protocol not supported
EtherApe-INFO: 22:39:05.368: sctp protocol not supported
EtherApe-INFO: 22:39:05.369: sctp protocol not supported
EtherApe-INFO: 22:39:05.369: sctp protocol not supported
EtherApe-INFO: 22:39:05.369: sctp protocol not supported
EtherApe-INFO: 22:39:05.369: sctp protocol not supported
EtherApe-INFO: 22:39:05.369: sctp protocol not supported
EtherApe-INFO: 22:39:05.370: sctp protocol not supported
EtherApe-INFO: 22:39:05.370: dccp protocol not supported
EtherApe-INFO: 22:39:05.370: sctp protocol not supported
EtherApe-INFO: 22:39:05.370: dccp protocol not supported
EtherApe-INFO: 22:39:05.370: dccp protocol not supported
EtherApe-INFO: 22:39:05.371: sctp protocol not supported
EtherApe-INFO: 22:39:05.371: sctp protocol not supported
EtherApe-INFO: 22:39:05.372: sctp protocol not supported
EtherApe-INFO: 22:39:05.372: sctp protocol not supported
EtherApe-INFO: 22:39:05.373: sctp protocol not supported
EtherApe-INFO: 22:39:05.374: sctp protocol not supported
EtherApe-INFO: 22:39:05.374: sctp protocol not supported
EtherApe-INFO: 22:39:05.374: sctp protocol not supported
EtherApe-INFO: 22:39:05.374: sctp protocol not supported
EtherApe-INFO: 22:39:05.375: sctp protocol not supported
EtherApe-INFO: 22:39:05.375: sctp protocol not supported
EtherApe-INFO: 22:39:05.376: sctp protocol not supported
EtherApe-INFO: 22:39:05.376: sctp protocol not supported
EtherApe-INFO: 22:39:05.376: sctp protocol not supported
EtherApe-INFO: 22:39:05.376: sctp protocol not supported
EtherApe-INFO: 22:39:05.376: dccp protocol not supported
EtherApe-INFO: 22:39:05.376: sctp protocol not supported
EtherApe-INFO: 22:39:05.376: sctp protocol not supported
EtherApe-INFO: 22:39:05.376: dccp protocol not supported
EtherApe-INFO: 22:39:05.377: sctp protocol not supported
EtherApe-INFO: 22:39:05.377: sctp protocol not supported
EtherApe-INFO: 22:39:05.377: sctp protocol not supported
EtherApe-INFO: 22:39:05.377: dccp protocol not supported
EtherApe-INFO: 22:39:05.377: dccp protocol not supported
EtherApe-INFO: 22:39:05.377: sctp protocol not supported
EtherApe-INFO: 22:39:05.377: sctp protocol not supported
EtherApe-INFO: 22:39:05.377: sctp protocol not supported
EtherApe-INFO: 22:39:05.377: sctp protocol not supported
EtherApe-INFO: 22:39:05.377: sctp protocol not supported
EtherApe-INFO: 22:39:05.377: sctp protocol not supported
EtherApe-INFO: 22:39:05.377: sctp protocol not supported
EtherApe-INFO: 22:39:05.377: sctp protocol not supported
EtherApe-INFO: 22:39:05.377: sctp protocol not supported
EtherApe-INFO: 22:39:05.377: sctp protocol not supported
EtherApe-INFO: 22:39:05.377: sctp protocol not supported
EtherApe-INFO: 22:39:05.377: sctp protocol not supported
EtherApe-INFO: 22:39:05.377: sctp protocol not supported
EtherApe-INFO: 22:39:05.378: dccp protocol not supported
EtherApe-INFO: 22:39:05.378: sctp protocol not supported
EtherApe-INFO: 22:39:05.378: sctp protocol not supported
EtherApe-INFO: 22:39:05.378: sctp protocol not supported
EtherApe-INFO: 22:39:05.378: sctp protocol not supported
EtherApe-INFO: 22:39:05.378: sctp protocol not supported
EtherApe-INFO: 22:39:05.378: sctp protocol not supported
EtherApe-INFO: 22:39:05.378: sctp protocol not supported
EtherApe-INFO: 22:39:05.378: sctp protocol not supported
EtherApe-INFO: 22:39:05.378: sctp protocol not supported
EtherApe-INFO: 22:39:05.379: sctp protocol not supported
EtherApe-INFO: 22:39:05.379: sctp protocol not supported
EtherApe-INFO: 22:39:05.379: sctp protocol not supported
EtherApe-INFO: 22:39:05.379: sctp protocol not supported
EtherApe-INFO: 22:39:05.379: sctp protocol not supported
EtherApe-INFO: 22:39:05.379: sctp protocol not supported
EtherApe-INFO: 22:39:05.379: sctp protocol not supported
EtherApe-INFO: 22:39:05.379: sctp protocol not supported
EtherApe-INFO: 22:39:05.379: sctp protocol not supported
EtherApe-INFO: 22:39:05.379: sctp protocol not supported
EtherApe-INFO: 22:39:05.379: sctp protocol not supported
EtherApe-INFO: 22:39:05.379: sctp protocol not supported
EtherApe-INFO: 22:39:05.379: sctp protocol not supported
EtherApe-INFO: 22:39:05.379: sctp protocol not supported
EtherApe-INFO: 22:39:05.379: sctp protocol not supported
EtherApe-INFO: 22:39:05.380: sctp protocol not supported
EtherApe-INFO: 22:39:05.380: sctp protocol not supported
EtherApe-INFO: 22:39:05.380: sctp protocol not supported
EtherApe-INFO: 22:39:05.380: sctp protocol not supported
EtherApe-INFO: 22:39:05.380: sctp protocol not supported
EtherApe-INFO: 22:39:05.380: sctp protocol not supported
EtherApe-INFO: 22:39:05.380: sctp protocol not supported
EtherApe-INFO: 22:39:05.380: sctp protocol not supported
EtherApe-INFO: 22:39:05.380: sctp protocol not supported
EtherApe-INFO: 22:39:05.380: sctp protocol not supported
EtherApe-INFO: 22:39:05.380: sctp protocol not supported
EtherApe-INFO: 22:39:05.380: sctp protocol not supported
EtherApe-INFO: 22:39:05.394: get_interface result: ''
EtherApe-INFO: 22:39:05.395: Available interfaces for capture: dbus-session dbus-system nfqueue nflog bluetooth-monitor lo any wlp1s0f4u2
EtherApe-INFO: 22:39:05.423: Link type is LINUX_SLL
EtherApe-INFO: 22:39:05.424: Diagram started
EtherApe-INFO: 22:39:05.650: New node: IP: 192.168.2.234. Number of nodes 1
EtherApe-INFO: 22:39:05.651: New node: IP: 84.17.35.68. Number of nodes 2
EtherApe-INFO: 22:39:05.652: New node: IP: 23.105.140.112. Number of nodes 3
EtherApe-INFO: 22:39:06.720: New node: IP: 37.19.199.226. Number of nodes 4
EtherApe-INFO: 22:39:06.987: New node: IP: 8.8.8.8. Number of nodes 5
EtherApe-INFO: 22:39:07.251: New node: IP: 34.104.35.123. Number of nodes 6
EtherApe-INFO: 22:39:10.717: New node: IP: 1.1.1.1. Number of nodes 7
EtherApe-INFO: 22:39:11.784: New node: IP: 216.58.209.13. Number of nodes 8
EtherApe-INFO: 22:39:11.786: New node: IP: 192.168.1.126. Number of nodes 9
EtherApe-INFO: 22:39:12.584: New node: IP: 216.58.208.195. Number of nodes 10
EtherApe-INFO: 22:39:14.184: New node: IP: 142.250.75.3. Number of nodes 11
EtherApe-INFO: 22:39:18.985: New node: IP: 138.199.40.179. Number of nodes 12
EtherApe-INFO: 22:39:19.517: New node: IP: 149.154.167.51. Number of nodes 13
EtherApe-INFO: 22:39:25.384: New node: IP: 172.217.20.170. Number of nodes 14
EtherApe-INFO: 22:39:26.185: New node: IP: 142.250.186.206. Number of nodes 15
EtherApe-INFO: 22:39:26.717: New node: IP: 172.217.16.4. Number of nodes 16
EtherApe-INFO: 22:39:32.583: New node: IP: 216.58.215.74. Number of nodes 17
EtherApe-INFO: 22:39:36.318: New node: IP: 37.19.199.194. Number of nodes 18
EtherApe-INFO: 22:39:41.650: New node: IP: 156.146.54.69. Number of nodes 19
EtherApe-INFO: 22:39:43.517: New node: IPv6: fe80::9ada:c4ff:febf:99a5. Number of nodes 20
EtherApe-INFO: 22:39:43.517: New node: IPv6: ff02::1. Number of nodes 21
EtherApe-INFO: 22:39:55.251: New node: IP: 239.255.255.250. Number of nodes 22
EtherApe-INFO: 22:40:00.319: New node: IP: 95.216.195.133. Number of nodes 23
EtherApe-INFO: 22:40:01.650: New node: IP: 216.58.209.10. Number of nodes 24
EtherApe-INFO: 22:40:02.720: New node: IP: 156.146.54.51. Number of nodes 25
EtherApe-INFO: 22:41:12.050: New node: IP: 172.217.16.14. Number of nodes 26
EtherApe-INFO: 22:41:43.522: delete node: IPv6: ff02::1. Number of nodes 25
EtherApe-INFO: 22:41:43.522: delete node: IPv6: fe80::9ada:c4ff:febf:99a5. Number of nodes 24
EtherApe-INFO: 22:41:43.522: delete node: IP: 172.217.20.170. Number of nodes 23
EtherApe-INFO: 22:41:53.121: New node: IP: 216.58.215.110. Number of nodes 24
EtherApe-INFO: 22:41:53.463: delete node: IP: 34.104.35.123. Number of nodes 23
EtherApe-INFO: 22:42:00.369: delete node: IP: 216.58.209.13. Number of nodes 22
EtherApe-INFO: 22:42:00.687: delete node: IP: 95.216.195.133. Number of nodes 21
EtherApe-INFO: 22:42:03.262: delete node: IP: 156.146.54.51. Number of nodes 20
EtherApe-INFO: 22:42:03.784: New node: IP: 156.146.54.51. Number of nodes 21
EtherApe-INFO: 22:42:45.150: delete node: IP: 216.58.215.74. Number of nodes 20
EtherApe-INFO: 22:42:56.069: delete node: IP: 216.58.208.195. Number of nodes 19
EtherApe-INFO: 22:42:56.069: delete node: IP: 142.250.75.3. Number of nodes 18
EtherApe-INFO: 22:43:12.642: delete node: IP: 172.217.16.14. Number of nodes 17
EtherApe-INFO: 22:43:13.118: New node: IP: 216.58.215.74. Number of nodes 18
EtherApe-INFO: 22:43:16.850: New node: IP: 185.209.85.222. Number of nodes 19
EtherApe-INFO: 22:43:42.501: delete node: IP: 156.146.54.69. Number of nodes 18
EtherApe-INFO: 22:43:43.250: New node: IP: 156.146.54.69. Number of nodes 19
EtherApe-INFO: 22:43:44.320: New node: IP: 0.0.0.0. Number of nodes 20
EtherApe-INFO: 22:43:44.320: New node: IP: 255.255.255.255. Number of nodes 21
EtherApe-INFO: 22:43:44.850: New node: IPv6: ::. Number of nodes 22
EtherApe-INFO: 22:43:44.850: New node: IPv6: ff02::16. Number of nodes 23
EtherApe-INFO: 22:43:45.117: New node: IPv6: fe80::c4ed:6bff:fe9f:3910. Number of nodes 24
EtherApe-INFO: 22:43:45.117: New node: IPv6: ff02::2. Number of nodes 25
EtherApe-INFO: 22:43:53.153: delete node: IP: 1.1.1.1. Number of nodes 24
EtherApe-INFO: 22:43:53.473: delete node: IP: 216.58.215.110. Number of nodes 23
EtherApe-INFO: 22:44:03.812: delete node: IP: 156.146.54.51. Number of nodes 22
EtherApe-INFO: 22:44:04.584: New node: IP: 156.146.54.51. Number of nodes 23
EtherApe-INFO: 22:45:00.322: New node: IP: 95.216.195.133. Number of nodes 24
EtherApe-INFO: 22:45:13.681: delete node: IP: 216.58.215.74. Number of nodes 23
EtherApe-INFO: 22:45:17.399: delete node: IP: 185.209.85.222. Number of nodes 22
EtherApe-INFO: 22:45:38.450: New node: IPv6: fe80::9ada:c4ff:febf:99a5. Number of nodes 23
EtherApe-INFO: 22:45:38.450: New node: IPv6: ff02::1:ff9f:3910. Number of nodes 24
EtherApe-INFO: 22:45:43.853: delete node: IP: 156.146.54.69. Number of nodes 23
EtherApe-INFO: 22:45:44.050: New node: IP: 156.146.54.69. Number of nodes 24
EtherApe-INFO: 22:45:44.384: delete node: IP: 255.255.255.255. Number of nodes 23
EtherApe-INFO: 22:45:44.385: delete node: IP: 0.0.0.0. Number of nodes 22
EtherApe-INFO: 22:45:44.917: delete node: IPv6: ::. Number of nodes 21
EtherApe-INFO: 22:45:45.129: delete node: IPv6: ff02::2. Number of nodes 20
EtherApe-INFO: 22:45:45.448: delete node: IPv6: ff02::16. Number of nodes 19
EtherApe-INFO: 22:45:45.448: delete node: IPv6: fe80::c4ed:6bff:fe9f:3910. Number of nodes 18
EtherApe-INFO: 22:46:04.588: delete node: IP: 156.146.54.51. Number of nodes 17
EtherApe-INFO: 22:46:05.384: New node: IP: 156.146.54.51. Number of nodes 18
EtherApe-INFO: 22:46:14.450: New node: IPv6: ff02::1. Number of nodes 19
EtherApe-INFO: 22:46:16.095: delete node: IP: 138.199.40.179. Number of nodes 18
EtherApe-INFO: 22:47:01.181: delete node: IP: 95.216.195.133. Number of nodes 17
EtherApe-INFO: 22:47:38.821: delete node: IPv6: ff02::1:ff9f:3910. Number of nodes 16
EtherApe-INFO: 22:47:44.107: delete node: IP: 156.146.54.69. Number of nodes 15
EtherApe-INFO: 22:48:05.473: delete node: IP: 156.146.54.51. Number of nodes 14
EtherApe-INFO: 22:48:06.187: New node: IP: 156.146.54.51. Number of nodes 15
EtherApe-INFO: 22:48:14.474: delete node: IPv6: ff02::1. Number of nodes 14
EtherApe-INFO: 22:48:14.474: delete node: IPv6: fe80::9ada:c4ff:febf:99a5. Number of nodes 13
EtherApe-INFO: 22:50:00.317: New node: IP: 95.216.195.133. Number of nodes 14
EtherApe-INFO: 22:50:06.525: delete node: IP: 156.146.54.51. Number of nodes 13
EtherApe-INFO: 22:50:06.984: New node: IP: 156.146.54.51. Number of nodes 14
EtherApe-INFO: 22:50:22.722: New node: IP: 104.17.49.74. Number of nodes 15
EtherApe-INFO: 22:50:22.722: New node: IP: 104.17.50.74. Number of nodes 16
EtherApe-INFO: 22:50:22.984: New node: IP: 142.250.203.206. Number of nodes 17
EtherApe-INFO: 22:50:25.654: New node: IP: 142.250.203.202. Number of nodes 18
EtherApe-INFO: 22:50:25.655: New node: IP: 151.101.65.69. Number of nodes 19
EtherApe-INFO: 22:50:26.187: New node: IP: 192.0.73.2. Number of nodes 20
EtherApe-INFO: 22:50:26.187: New node: IP: 216.58.215.74. Number of nodes 21
EtherApe-INFO: 22:50:26.191: New node: IP: 142.250.203.138. Number of nodes 22
EtherApe-INFO: 22:50:26.450: New node: IP: 198.252.206.25. Number of nodes 23
EtherApe-INFO: 22:50:26.987: New node: IP: 3.216.211.240. Number of nodes 24
EtherApe-INFO: 22:50:27.522: New node: IP: 172.217.16.35. Number of nodes 25
EtherApe-INFO: 22:50:32.051: New node: IP: 172.217.16.46. Number of nodes 26
EtherApe-INFO: 22:50:32.323: New node: IP: 172.217.20.202. Number of nodes 27
EtherApe-INFO: 22:50:34.479: delete node: IP: 84.17.35.68. Number of nodes 26
EtherApe-INFO: 22:50:34.996: New node: IP: 172.217.20.163. Number of nodes 27
EtherApe-INFO: 22:50:35.797: New node: IP: 216.58.215.106. Number of nodes 28
EtherApe-INFO: 22:50:36.317: New node: IP: 104.18.23.9. Number of nodes 29
EtherApe-INFO: 22:50:36.852: New node: IP: 142.250.203.142. Number of nodes 30
EtherApe-INFO: 22:50:37.653: New node: IP: 142.250.203.195. Number of nodes 31
EtherApe-INFO: 22:50:54.184: New node: IP: 1.1.1.1. Number of nodes 32
EtherApe-INFO: 22:50:59.517: New node: IP: 216.58.215.69. Number of nodes 33
EtherApe-INFO: 22:51:29.386: New node: IP: 142.250.150.188. Number of nodes 34
EtherApe-INFO: 22:51:34.717: New node: IP: 172.217.16.33. Number of nodes 35
EtherApe-INFO: 22:51:35.291: New node: IP: 172.217.20.164. Number of nodes 36
EtherApe-INFO: 22:51:36.322: New node: IP: 142.250.75.10. Number of nodes 37
EtherApe-INFO: 22:51:36.322: New node: IP: 142.250.75.14. Number of nodes 38
EtherApe-INFO: 22:51:36.608: New node: IP: 172.217.20.174. Number of nodes 39
EtherApe-INFO: 22:51:36.610: New node: IP: 142.250.186.209. Number of nodes 40
EtherApe-INFO: 22:51:36.613: New node: IP: 216.58.215.67. Number of nodes 41
EtherApe-INFO: 22:51:39.526: New node: IP: 50.116.36.110. Number of nodes 42
EtherApe-INFO: 22:51:41.384: New node: IP: 157.245.26.125. Number of nodes 43
EtherApe-INFO: 22:51:42.183: New node: IP: 34.227.250.33. Number of nodes 44
EtherApe-INFO: 22:51:42.450: New node: IP: 152.199.21.118. Number of nodes 45
EtherApe-INFO: 22:51:42.458: New node: IP: 165.227.153.193. Number of nodes 46
EtherApe-INFO: 22:51:42.987: New node: IP: 52.84.198.55. Number of nodes 47
EtherApe-INFO: 22:51:43.256: New node: IP: 52.84.198.23. Number of nodes 48
EtherApe-INFO: 22:51:44.322: New node: IP: 140.82.121.3. Number of nodes 49
EtherApe-INFO: 22:51:45.119: New node: IP: 185.199.108.154. Number of nodes 50
EtherApe-INFO: 22:51:45.120: New node: IP: 185.199.110.133. Number of nodes 51
EtherApe-INFO: 22:51:45.922: New node: IP: 172.217.16.42. Number of nodes 52
EtherApe-INFO: 22:51:46.188: New node: IP: 140.82.114.26. Number of nodes 53
EtherApe-INFO: 22:51:47.520: New node: IP: 216.58.215.97. Number of nodes 54
EtherApe-INFO: 22:51:49.121: New node: IP: 185.209.85.222. Number of nodes 55
EtherApe-INFO: 22:51:49.943: New node: IP: 142.250.203.193. Number of nodes 56
EtherApe-INFO: 22:51:50.184: New node: IP: 142.250.75.1. Number of nodes 57
EtherApe-INFO: 22:51:56.586: New node: IP: 142.251.1.194. Number of nodes 58
EtherApe-INFO: 22:52:00.681: delete node: IP: 95.216.195.133. Number of nodes 57
EtherApe-INFO: 22:52:08.318: New node: IP: 193.109.8.154. Number of nodes 58
EtherApe-INFO: 22:52:08.861: New node: IP: 172.67.214.69. Number of nodes 59
EtherApe-INFO: 22:52:11.788: New node: IP: 142.251.1.189. Number of nodes 60
EtherApe-INFO: 22:52:13.917: New node: IP: 212.82.100.137. Number of nodes 61
EtherApe-INFO: 22:52:25.932: delete node: IP: 37.19.199.194. Number of nodes 60
EtherApe-INFO: 22:52:36.584: New node: IP: 172.217.16.14. Number of nodes 61
EtherApe-INFO: 22:52:38.717: New node: IP: 34.90.241.47. Number of nodes 62
EtherApe-INFO: 22:52:41.387: New node: IP: 104.196.95.159. Number of nodes 63
EtherApe-INFO: 22:52:45.144: New node: IP: 173.194.221.94. Number of nodes 64
EtherApe-INFO: 22:52:48.051: New node: IP: 216.239.32.116. Number of nodes 65
EtherApe-INFO: 22:52:50.719: New node: IP: 142.250.203.133. Number of nodes 66
EtherApe-INFO: 22:52:52.586: New node: IP: 35.212.112.192. Number of nodes 67
EtherApe-INFO: 22:52:56.383: delete node: IP: 192.0.73.2. Number of nodes 66
EtherApe-INFO: 22:53:01.917: New node: IP: 216.58.215.110. Number of nodes 67
EtherApe-INFO: 22:53:03.255: delete node: IP: 156.146.54.51. Number of nodes 66
EtherApe-INFO: 22:53:10.185: New node: IP: 46.43.9.146. Number of nodes 67
EtherApe-INFO: 22:53:33.651: New node: IP: 204.79.197.200. Number of nodes 68
EtherApe-INFO: 22:53:34.718: New node: IP: 216.58.209.3. Number of nodes 69
EtherApe-INFO: 22:53:34.775: delete node: IP: 142.250.203.202. Number of nodes 68
EtherApe-INFO: 22:53:35.804: delete node: IP: 172.217.20.164. Number of nodes 67
EtherApe-INFO: 22:53:36.860: delete node: IP: 172.217.20.174. Number of nodes 66
EtherApe-INFO: 22:53:36.860: delete node: IP: 142.250.203.195. Number of nodes 65
EtherApe-INFO: 22:53:39.887: delete node: IP: 216.58.215.106. Number of nodes 64
EtherApe-INFO: 22:53:41.926: New node: IPv6: fe80::9ada:c4ff:febf:99a5. Number of nodes 65
EtherApe-INFO: 22:53:41.926: New node: IPv6: ff02::1. Number of nodes 66
EtherApe-INFO: 22:53:43.843: delete node: IP: 172.217.20.163. Number of nodes 65
EtherApe-INFO: 22:53:48.051: New node: IP: 142.250.64.67. Number of nodes 66
EtherApe-INFO: 22:53:49.446: delete node: IP: 185.209.85.222. Number of nodes 65
EtherApe-INFO: 22:53:50.547: delete node: IP: 172.217.20.202. Number of nodes 64
EtherApe-INFO: 22:53:57.986: delete node: IP: 172.217.16.42. Number of nodes 63
EtherApe-INFO: 22:54:11.254: New node: IP: 151.101.1.69. Number of nodes 64
EtherApe-INFO: 22:54:14.453: New node: IP: 142.250.203.202. Number of nodes 65
EtherApe-INFO: 22:54:37.439: delete node: IP: 172.217.16.14. Number of nodes 64
EtherApe-INFO: 22:54:39.075: delete node: IP: 172.217.16.33. Number of nodes 63
EtherApe-INFO: 22:54:39.075: delete node: IP: 142.250.203.206. Number of nodes 62
EtherApe-INFO: 22:54:39.075: delete node: IP: 142.250.186.209. Number of nodes 61
EtherApe-INFO: 22:54:41.150: delete node: IP: 50.116.36.110. Number of nodes 60
EtherApe-INFO: 22:54:43.801: delete node: IP: 34.90.241.47. Number of nodes 59
EtherApe-INFO: 22:54:47.840: delete node: IP: 104.196.95.159. Number of nodes 58
EtherApe-INFO: 22:54:48.059: delete node: IP: 216.58.215.97. Number of nodes 57
EtherApe-INFO: 22:54:48.060: delete node: IP: 216.58.215.74. Number of nodes 56
EtherApe-INFO: 22:54:48.060: delete node: IP: 185.199.108.154. Number of nodes 55
EtherApe-INFO: 22:54:50.778: delete node: IP: 142.250.203.193. Number of nodes 54
EtherApe-INFO: 22:54:50.778: delete node: IP: 142.250.75.1. Number of nodes 53
EtherApe-INFO: 22:54:58.292: delete node: IP: 35.212.112.192. Number of nodes 52
EtherApe-INFO: 22:55:00.318: New node: IP: 95.216.195.133. Number of nodes 53
EtherApe-INFO: 22:55:04.064: delete node: IP: 216.58.215.110. Number of nodes 52
EtherApe-INFO: 22:55:10.558: delete node: IP: 142.251.1.194. Number of nodes 51
EtherApe-INFO: 22:55:12.395: delete node: IP: 23.105.140.112. Number of nodes 50
EtherApe-INFO: 22:55:15.783: New node: IP: 172.217.20.170. Number of nodes 51
EtherApe-INFO: 22:55:26.988: New node: IP: 216.58.215.100. Number of nodes 52
EtherApe-INFO: 22:55:33.995: delete node: IP: 193.109.8.154. Number of nodes 51
EtherApe-INFO: 22:55:35.303: delete node: IP: 216.58.209.3. Number of nodes 50
EtherApe-INFO: 22:55:39.325: delete node: IP: 1.1.1.1. Number of nodes 49
EtherApe-INFO: 22:55:42.271: delete node: IPv6: ff02::1. Number of nodes 48
EtherApe-INFO: 22:55:42.271: delete node: IPv6: fe80::9ada:c4ff:febf:99a5. Number of nodes 47
EtherApe-INFO: 22:55:43.030: delete node: IP: 34.227.250.33. Number of nodes 46
EtherApe-INFO: 22:55:46.184: delete node: IP: 140.82.121.3. Number of nodes 45
EtherApe-INFO: 22:55:48.055: New node: IP: 172.217.192.94. Number of nodes 46
EtherApe-INFO: 22:56:17.917: New node: IP: 172.217.16.10. Number of nodes 47
EtherApe-INFO: 22:56:21.690: delete node: IP: 142.250.203.202. Number of nodes 46
EtherApe-INFO: 22:56:32.634: delete node: IP: 172.217.16.46. Number of nodes 45
EtherApe-INFO: 22:56:42.497: delete node: IP: 152.199.21.118. Number of nodes 44
EtherApe-INFO: 22:56:43.798: delete node: IP: 157.245.26.125. Number of nodes 43
EtherApe-INFO: 22:56:48.663: delete node: IP: 142.250.64.67. Number of nodes 42
EtherApe-INFO: 22:56:59.517: New node: IP: 172.217.20.174. Number of nodes 43
EtherApe-INFO: 22:57:00.905: delete node: IP: 95.216.195.133. Number of nodes 42
EtherApe-INFO: 22:57:02.453: New node: IPv6: fe80::9ada:c4ff:febf:99a5. Number of nodes 43
EtherApe-INFO: 22:57:02.454: New node: IPv6: ff02::1. Number of nodes 44
EtherApe-INFO: 22:57:12.921: delete node: IP: 3.216.211.240. Number of nodes 43
EtherApe-INFO: 22:57:19.520: New node: IP: 216.58.215.106. Number of nodes 44
EtherApe-INFO: 22:57:22.552: delete node: IP: 172.217.20.170. Number of nodes 43
EtherApe-INFO: 22:57:38.472: delete node: IP: 142.250.75.14. Number of nodes 42
EtherApe-INFO: 22:57:43.881: delete node: IP: 52.84.198.55. Number of nodes 41
EtherApe-INFO: 22:57:43.881: delete node: IP: 52.84.198.23. Number of nodes 40
EtherApe-INFO: 22:58:11.832: delete node: IP: 46.43.9.146. Number of nodes 39
EtherApe-INFO: 22:58:19.784: New node: IP: 142.250.203.202. Number of nodes 40
EtherApe-INFO: 22:58:23.571: delete node: IP: 172.217.16.10. Number of nodes 39
EtherApe-INFO: 22:58:45.950: delete node: IP: 173.194.221.94. Number of nodes 38
EtherApe-INFO: 22:58:48.053: New node: IP: 178.18.231.154. Number of nodes 39
EtherApe-INFO: 22:58:48.053: New node: IP: 64.233.165.94. Number of nodes 40
EtherApe-INFO: 22:58:48.321: New node: IP: 1.1.1.1. Number of nodes 41
EtherApe-INFO: 22:58:48.424: delete node: IP: 216.239.32.116. Number of nodes 40
EtherApe-INFO: 22:58:49.182: delete node: IP: 172.217.192.94. Number of nodes 39
EtherApe-INFO: 22:58:51.020: delete node: IP: 142.250.203.133. Number of nodes 38
EtherApe-INFO: 22:58:53.650: New node: IP: 216.58.208.195. Number of nodes 39
EtherApe-INFO: 22:58:59.875: delete node: IP: 172.217.20.174. Number of nodes 38
EtherApe-INFO: 22:59:02.461: delete node: IPv6: ff02::1. Number of nodes 37
EtherApe-INFO: 22:59:02.461: delete node: IPv6: fe80::9ada:c4ff:febf:99a5. Number of nodes 36
EtherApe-INFO: 22:59:03.317: delete node: IP: 104.17.50.74. Number of nodes 35
EtherApe-INFO: 22:59:03.317: delete node: IP: 104.17.49.74. Number of nodes 34
EtherApe-INFO: 22:59:21.651: New node: IP: 172.217.16.42. Number of nodes 35
EtherApe-INFO: 22:59:24.909: delete node: IP: 216.58.215.106. Number of nodes 34
EtherApe-INFO: 22:59:27.518: New node: IP: 216.58.215.74. Number of nodes 35
EtherApe-INFO: 22:59:55.250: New node: IP: 142.250.203.196. Number of nodes 36
EtherApe-INFO: 23:00:00.317: New node: IP: 95.216.195.133. Number of nodes 37
EtherApe-INFO: 23:00:11.051: delete node: IP: 104.18.23.9. Number of nodes 36
EtherApe-INFO: 23:00:26.785: delete node: IP: 142.250.203.202. Number of nodes 35
EtherApe-INFO: 23:00:30.026: delete node: IP: 216.58.215.100. Number of nodes 34
EtherApe-INFO: 23:00:48.661: delete node: IP: 64.233.165.94. Number of nodes 33
EtherApe-INFO: 23:00:49.416: delete node: IP: 172.67.214.69. Number of nodes 32
EtherApe-INFO: 23:01:24.851: New node: IP: 142.250.203.202. Number of nodes 33
EtherApe-INFO: 23:01:27.804: delete node: IP: 216.58.215.74. Number of nodes 32
EtherApe-INFO: 23:01:27.804: delete node: IP: 172.217.16.42. Number of nodes 31
EtherApe-INFO: 23:01:55.619: delete node: IP: 142.250.203.196. Number of nodes 30
EtherApe-INFO: 23:02:01.402: delete node: IP: 95.216.195.133. Number of nodes 29
EtherApe-INFO: 23:02:11.518: New node: IP: 140.82.121.4. Number of nodes 30
EtherApe-INFO: 23:02:12.851: New node: IP: 3.216.211.240. Number of nodes 31
EtherApe-INFO: 23:02:16.321: delete node: IP: 1.1.1.1. Number of nodes 30
EtherApe-INFO: 23:02:26.984: New node: IP: 216.58.208.202. Number of nodes 31
EtherApe-INFO: 23:02:36.612: delete node: IP: 151.101.65.69. Number of nodes 30
EtherApe-INFO: 23:02:46.813: delete node: IP: 216.58.208.195. Number of nodes 29
EtherApe-INFO: 23:03:30.232: delete node: IP: 142.250.203.202. Number of nodes 28
EtherApe-INFO: 23:03:55.789: delete node: IP: 185.199.110.133. Number of nodes 27
EtherApe-INFO: 23:04:11.253: New node: IP: 1.1.1.1. Number of nodes 28
EtherApe-INFO: 23:04:12.584: New node: IP: 216.58.215.74. Number of nodes 29
EtherApe-INFO: 23:04:16.319: New node: IP: 216.58.215.100. Number of nodes 30
EtherApe-INFO: 23:05:00.317: New node: IP: 95.216.195.133. Number of nodes 31
EtherApe-INFO: 23:05:13.391: delete node: IP: 3.216.211.240. Number of nodes 30
EtherApe-INFO: 23:05:53.117: New node: IP: 172.217.16.14. Number of nodes 31
EtherApe-INFO: 23:05:55.251: New node: IP: 216.58.208.195. Number of nodes 32
EtherApe-INFO: 23:06:11.784: New node: IP: 185.199.110.153. Number of nodes 33
EtherApe-INFO: 23:06:12.318: New node: IP: 3.216.211.240. Number of nodes 34
EtherApe-INFO: 23:06:12.885: delete node: IP: 140.82.121.4. Number of nodes 33
EtherApe-INFO: 23:06:22.767: delete node: IP: 151.101.1.69. Number of nodes 32
EtherApe-INFO: 23:06:30.477: delete node: IP: 216.58.208.202. Number of nodes 31
EtherApe-INFO: 23:06:48.590: delete node: IP: 172.217.16.35. Number of nodes 30
EtherApe-INFO: 23:06:50.983: New node: IPv6: fe80::9ada:c4ff:febf:99a5. Number of nodes 31
EtherApe-INFO: 23:06:50.984: New node: IPv6: ff02::1. Number of nodes 32
EtherApe-INFO: 23:06:59.251: New node: IP: 216.58.215.110. Number of nodes 33
EtherApe-INFO: 23:07:00.623: delete node: IP: 95.216.195.133. Number of nodes 32
EtherApe-INFO: 23:07:26.984: New node: IP: 140.82.114.25. Number of nodes 33
EtherApe-INFO: 23:07:29.387: New node: IP: 142.250.75.14. Number of nodes 34
EtherApe-INFO: 23:07:29.387: New node: IP: 193.109.8.154. Number of nodes 35
EtherApe-INFO: 23:07:30.450: New node: IP: 52.22.205.89. Number of nodes 36
EtherApe-INFO: 23:07:37.384: New node: IP: 172.217.16.46. Number of nodes 37
EtherApe-INFO: 23:07:38.185: New node: IP: 104.18.22.9. Number of nodes 38
EtherApe-INFO: 23:07:39.518: New node: IP: 172.217.20.163. Number of nodes 39
EtherApe-INFO: 23:07:55.356: delete node: IP: 172.217.16.14. Number of nodes 38
EtherApe-INFO: 23:07:55.356: delete node: IP: 1.1.1.1. Number of nodes 37
EtherApe-INFO: 23:08:05.651: New node: IP: 172.217.16.35. Number of nodes 38
EtherApe-INFO: 23:08:12.867: delete node: IP: 178.18.231.154. Number of nodes 37
EtherApe-INFO: 23:08:16.317: New node: IP: 104.18.12.33. Number of nodes 38
EtherApe-INFO: 23:08:17.121: New node: IP: 104.18.13.33. Number of nodes 39
EtherApe-INFO: 23:08:17.384: New node: IP: 216.58.208.202. Number of nodes 40
EtherApe-INFO: 23:08:18.457: New node: IP: 142.250.186.202. Number of nodes 41
EtherApe-INFO: 23:08:35.018: delete node: IP: 216.58.215.74. Number of nodes 40
EtherApe-INFO: 23:08:36.050: New node: IP: 1.1.1.1. Number of nodes 41
EtherApe-INFO: 23:08:36.051: New node: IP: 142.250.203.196. Number of nodes 42
EtherApe-INFO: 23:08:40.317: New node: IP: 142.250.203.206. Number of nodes 43
EtherApe-INFO: 23:08:42.717: New node: IP: 140.82.121.3. Number of nodes 44
EtherApe-INFO: 23:08:42.722: New node: IP: 172.217.16.33. Number of nodes 45
EtherApe-INFO: 23:08:43.522: New node: IP: 185.199.108.154. Number of nodes 46
EtherApe-INFO: 23:08:43.522: New node: IP: 185.199.108.133. Number of nodes 47
EtherApe-INFO: 23:08:43.523: New node: IP: 216.58.215.74. Number of nodes 48
EtherApe-INFO: 23:08:43.787: New node: IP: 172.217.16.42. Number of nodes 49
EtherApe-INFO: 23:08:44.320: New node: IP: 142.250.203.133. Number of nodes 50
EtherApe-INFO: 23:08:44.586: New node: IP: 172.217.16.10. Number of nodes 51
EtherApe-INFO: 23:08:44.588: New node: IP: 140.82.112.25. Number of nodes 52
EtherApe-INFO: 23:08:45.119: New node: IP: 172.217.20.174. Number of nodes 53
EtherApe-INFO: 23:08:45.388: New node: IP: 142.250.186.209. Number of nodes 54
EtherApe-INFO: 23:08:45.390: New node: IP: 50.116.36.110. Number of nodes 55
EtherApe-INFO: 23:08:46.729: New node: IP: 142.250.203.202. Number of nodes 56
EtherApe-INFO: 23:08:51.067: delete node: IPv6: ff02::1. Number of nodes 55
EtherApe-INFO: 23:08:51.067: delete node: IPv6: fe80::9ada:c4ff:febf:99a5. Number of nodes 54
EtherApe-INFO: 23:08:52.595: New node: IP: 64.233.162.189. Number of nodes 55
EtherApe-INFO: 23:08:53.388: New node: IP: 185.209.85.222. Number of nodes 56
EtherApe-INFO: 23:08:58.539: delete node: IP: 216.58.208.195. Number of nodes 55
EtherApe-INFO: 23:09:02.025: delete node: IP: 216.58.215.110. Number of nodes 54
EtherApe-INFO: 23:09:06.455: New node: IP: 216.58.215.110. Number of nodes 55
EtherApe-INFO: 23:09:12.967: delete node: IP: 3.216.211.240. Number of nodes 54
EtherApe-INFO: 23:09:13.650: New node: IP: 104.20.60.209. Number of nodes 55
EtherApe-INFO: 23:09:27.003: delete node: IP: 37.19.199.226. Number of nodes 54
EtherApe-INFO: 23:09:36.068: delete node: IP: 142.250.75.10. Number of nodes 53
EtherApe-INFO: 23:09:44.852: New node: IP: 216.58.215.97. Number of nodes 54
EtherApe-INFO: 23:10:00.318: New node: IP: 95.216.195.133. Number of nodes 55
EtherApe-INFO: 23:10:00.947: delete node: IP: 216.58.215.69. Number of nodes 54
EtherApe-INFO: 23:10:14.191: New node: IP: 192.0.78.25. Number of nodes 55
EtherApe-INFO: 23:10:28.584: New node: IP: 99.86.241.20. Number of nodes 56
EtherApe-INFO: 23:10:36.066: delete node: IP: 1.1.1.1. Number of nodes 55
EtherApe-INFO: 23:10:36.420: delete node: IP: 142.250.203.196. Number of nodes 54
EtherApe-INFO: 23:10:39.883: delete node: IP: 193.109.8.154. Number of nodes 53
EtherApe-INFO: 23:10:43.549: delete node: IP: 140.82.114.26. Number of nodes 52
EtherApe-INFO: 23:10:44.083: delete node: IP: 142.251.1.189. Number of nodes 51
EtherApe-INFO: 23:10:53.406: delete node: IP: 172.217.20.174. Number of nodes 50
EtherApe-INFO: 23:10:54.268: delete node: IP: 185.209.85.222. Number of nodes 49
EtherApe-INFO: 23:11:09.388: delete node: IP: 142.250.186.202. Number of nodes 48
EtherApe-INFO: 23:11:16.850: New node: IP: 95.216.144.15. Number of nodes 49
EtherApe-INFO: 23:11:20.421: delete node: IP: 142.250.75.14. Number of nodes 48
EtherApe-INFO: 23:11:38.717: New node: IP: 140.82.121.4. Number of nodes 49
EtherApe-INFO: 23:11:45.150: delete node: IP: 172.217.16.10. Number of nodes 48
EtherApe-INFO: 23:11:45.473: delete node: IP: 216.58.215.97. Number of nodes 47
EtherApe-INFO: 23:11:50.999: delete node: IP: 185.199.108.154. Number of nodes 46
EtherApe-INFO: 23:11:50.999: delete node: IP: 172.217.16.42. Number of nodes 45
EtherApe-INFO: 23:11:50.999: delete node: IP: 172.217.16.33. Number of nodes 44
EtherApe-INFO: 23:11:50.999: delete node: IP: 50.116.36.110. Number of nodes 43
EtherApe-INFO: 23:11:52.940: delete node: IP: 216.58.215.110. Number of nodes 42
EtherApe-INFO: 23:11:59.622: delete node: IP: 142.250.203.206. Number of nodes 41
EtherApe-INFO: 23:12:00.591: delete node: IP: 95.216.195.133. Number of nodes 40
EtherApe-INFO: 23:12:11.610: delete node: IP: 216.58.208.202. Number of nodes 39
EtherApe-INFO: 23:12:15.250: New node: IP: 128.59.11.206. Number of nodes 40
EtherApe-INFO: 23:12:17.218: delete node: IP: 172.217.20.163. Number of nodes 39
EtherApe-INFO: 23:12:19.518: New node: IP: 172.217.16.10. Number of nodes 40
EtherApe-INFO: 23:12:22.183: New node: IP: 52.73.243.8. Number of nodes 41
EtherApe-INFO: 23:12:22.187: New node: IP: 185.199.110.154. Number of nodes 42
EtherApe-INFO: 23:12:25.401: delete node: IP: 216.58.215.100. Number of nodes 41
EtherApe-INFO: 23:12:32.850: New node: IP: 1.1.1.1. Number of nodes 42
EtherApe-INFO: 23:12:33.117: New node: IP: 172.217.20.164. Number of nodes 43
EtherApe-INFO: 23:12:40.320: New node: IPv6: fe80::9ada:c4ff:febf:99a5. Number of nodes 44
EtherApe-INFO: 23:12:40.320: New node: IPv6: ff02::1. Number of nodes 45
EtherApe-INFO: 23:12:46.507: delete node: IP: 142.250.186.209. Number of nodes 44
EtherApe-INFO: 23:12:58.451: New node: IP: 216.58.215.100. Number of nodes 45
EtherApe-INFO: 23:13:12.587: delete node: IP: 142.250.203.202. Number of nodes 44
EtherApe-INFO: 23:13:27.058: delete node: IP: 104.18.12.33. Number of nodes 43
EtherApe-INFO: 23:13:30.725: delete node: IP: 192.0.78.25. Number of nodes 42
EtherApe-INFO: 23:13:39.570: delete node: IP: 140.82.121.4. Number of nodes 41
EtherApe-INFO: 23:14:16.598: delete node: IP: 52.22.205.89. Number of nodes 40
EtherApe-INFO: 23:14:20.897: delete node: IP: 172.217.16.46. Number of nodes 39
EtherApe-INFO: 23:14:22.735: delete node: IP: 128.59.11.206. Number of nodes 38
EtherApe-INFO: 23:14:23.060: delete node: IP: 172.217.16.10. Number of nodes 37
EtherApe-INFO: 23:14:33.930: delete node: IP: 1.1.1.1. Number of nodes 36
EtherApe-INFO: 23:14:34.256: delete node: IP: 172.217.20.164. Number of nodes 35
EtherApe-INFO: 23:14:40.377: delete node: IPv6: ff02::1. Number of nodes 34
EtherApe-INFO: 23:14:40.377: delete node: IPv6: fe80::9ada:c4ff:febf:99a5. Number of nodes 33
EtherApe-INFO: 23:14:59.065: delete node: IP: 216.58.215.100. Number of nodes 32
EtherApe-INFO: 23:15:00.317: New node: IP: 95.216.195.133. Number of nodes 33
EtherApe-INFO: 23:15:22.742: delete node: IP: 52.73.243.8. Number of nodes 32
EtherApe-INFO: 23:15:31.534: delete node: IP: 95.216.144.15. Number of nodes 31
EtherApe-INFO: 23:15:34.987: New node: IP: 172.217.16.46. Number of nodes 32
EtherApe-INFO: 23:15:39.254: New node: IP: 142.250.75.14. Number of nodes 33
EtherApe-INFO: 23:15:39.517: New node: IP: 172.217.20.163. Number of nodes 34
EtherApe-INFO: 23:15:40.317: New node: IP: 172.217.16.10. Number of nodes 35
EtherApe-INFO: 23:15:42.454: New node: IP: 116.203.93.142. Number of nodes 36
EtherApe-INFO: 23:15:44.317: New node: IP: 52.73.243.8. Number of nodes 37
EtherApe-INFO: 23:16:03.785: New node: IP: 95.216.144.15. Number of nodes 38
EtherApe-INFO: 23:16:17.918: New node: IP: 192.0.78.25. Number of nodes 39
EtherApe-INFO: 23:16:18.717: New node: IP: 192.0.73.2. Number of nodes 40
EtherApe-INFO: 23:16:18.718: New node: IP: 93.184.220.66. Number of nodes 41
EtherApe-INFO: 23:16:18.987: New node: IP: 192.0.78.19. Number of nodes 42
EtherApe-INFO: 23:16:19.251: New node: IP: 104.244.42.200. Number of nodes 43
EtherApe-INFO: 23:16:19.251: New node: IP: 192.0.78.22. Number of nodes 44
EtherApe-INFO: 23:16:20.051: New node: IP: 93.184.220.70. Number of nodes 45
EtherApe-INFO: 23:16:24.317: New node: IP: 1.1.1.1. Number of nodes 46
EtherApe-INFO: 23:16:35.786: New node: IP: 198.145.21.16. Number of nodes 47
EtherApe-INFO: 23:16:37.120: New node: IP: 69.16.175.10. Number of nodes 48
EtherApe-INFO: 23:16:37.465: delete node: IP: 99.86.241.20. Number of nodes 47
EtherApe-INFO: 23:16:37.650: New node: IP: 104.22.70.197. Number of nodes 48
EtherApe-INFO: 23:17:00.053: New node: IP: 216.58.215.110. Number of nodes 49
EtherApe-INFO: 23:17:00.591: delete node: IP: 95.216.195.133. Number of nodes 48
EtherApe-INFO: 23:17:14.451: New node: IP: 142.250.203.202. Number of nodes 49
EtherApe-INFO: 23:17:25.384: New node: IP: 216.58.209.14. Number of nodes 50
EtherApe-INFO: 23:17:35.784: New node: IP: 172.217.18.99. Number of nodes 51
EtherApe-INFO: 23:17:39.886: delete node: IP: 172.217.16.46. Number of nodes 50
EtherApe-INFO: 23:17:47.517: New node: IP: 140.82.114.22. Number of nodes 51
EtherApe-INFO: 23:17:48.850: New node: IP: 185.199.110.133. Number of nodes 52
EtherApe-INFO: 23:17:49.117: New node: IP: 3.216.211.240. Number of nodes 53
EtherApe-INFO: 23:17:57.133: delete node: IP: 104.20.60.209. Number of nodes 52
EtherApe-INFO: 23:18:12.587: New node: IP: 142.250.186.202. Number of nodes 53
EtherApe-INFO: 23:18:20.348: delete node: IP: 172.217.20.163. Number of nodes 52
EtherApe-INFO: 23:18:22.720: delete node: IP: 185.199.110.153. Number of nodes 51
EtherApe-INFO: 23:18:25.116: New node: IPv6: fe80::9ada:c4ff:febf:99a5. Number of nodes 52
EtherApe-INFO: 23:18:25.116: New node: IPv6: ff02::1:ff9f:3910. Number of nodes 53
EtherApe-INFO: 23:18:25.207: delete node: IP: 1.1.1.1. Number of nodes 52
EtherApe-INFO: 23:18:35.800: delete node: IP: 172.217.16.10. Number of nodes 51
EtherApe-INFO: 23:18:37.976: delete node: IP: 104.22.70.197. Number of nodes 50
EtherApe-INFO: 23:18:48.659: delete node: IP: 116.203.93.142. Number of nodes 49
EtherApe-INFO: 23:18:51.563: delete node: IP: 192.0.73.2. Number of nodes 48
EtherApe-INFO: 23:18:55.005: delete node: IP: 104.18.13.33. Number of nodes 47
EtherApe-INFO: 23:19:00.927: delete node: IP: 216.58.215.110. Number of nodes 46
EtherApe-INFO: 23:19:07.251: New node: IP: 216.58.215.100. Number of nodes 47
EtherApe-INFO: 23:19:14.184: New node: IP: 172.217.16.42. Number of nodes 48
EtherApe-INFO: 23:19:18.777: delete node: IP: 216.58.215.74. Number of nodes 47
EtherApe-INFO: 23:19:24.931: delete node: IP: 104.18.22.9. Number of nodes 46
EtherApe-INFO: 23:19:30.553: delete node: IP: 95.216.144.15. Number of nodes 45
EtherApe-INFO: 23:19:34.533: delete node: IP: 192.0.78.19. Number of nodes 44
EtherApe-INFO: 23:19:35.070: delete node: IP: 192.0.78.22. Number of nodes 43
EtherApe-INFO: 23:19:35.609: delete node: IP: 192.0.78.25. Number of nodes 42
EtherApe-INFO: 23:19:37.441: delete node: IP: 69.16.175.10. Number of nodes 41
EtherApe-INFO: 23:19:45.185: delete node: IP: 52.73.243.8. Number of nodes 40
EtherApe-INFO: 23:19:46.789: delete node: IP: 142.250.203.202. Number of nodes 39
EtherApe-INFO: 23:19:47.540: delete node: IP: 142.250.75.14. Number of nodes 38
EtherApe-INFO: 23:19:57.653: New node: IP: 172.217.16.46. Number of nodes 39
EtherApe-INFO: 23:19:59.048: delete node: IP: 216.58.209.14. Number of nodes 38
EtherApe-INFO: 23:20:00.317: New node: IP: 95.216.195.133. Number of nodes 39
EtherApe-INFO: 23:20:04.053: New node: IP: 142.250.203.202. Number of nodes 40
EtherApe-INFO: 23:20:05.387: New node: IP: 172.217.20.170. Number of nodes 41
EtherApe-INFO: 23:20:07.786: New node: IP: 140.82.121.4. Number of nodes 42
EtherApe-INFO: 23:20:09.117: New node: IP: 52.22.205.89. Number of nodes 43
EtherApe-INFO: 23:20:20.946: delete node: IP: 142.250.186.202. Number of nodes 42
EtherApe-INFO: 23:20:25.195: delete node: IPv6: ff02::1:ff9f:3910. Number of nodes 41
EtherApe-INFO: 23:20:25.195: delete node: IPv6: fe80::9ada:c4ff:febf:99a5. Number of nodes 40
EtherApe-INFO: 23:20:35.894: delete node: IP: 172.217.18.99. Number of nodes 39
EtherApe-INFO: 23:21:16.850: New node: IPv6: fe80::9ada:c4ff:febf:99a5. Number of nodes 40
EtherApe-INFO: 23:21:16.850: New node: IPv6: ff02::1. Number of nodes 41
EtherApe-INFO: 23:21:18.186: New node: IP: 52.73.243.8. Number of nodes 42
EtherApe-INFO: 23:21:20.375: delete node: IP: 93.184.220.70. Number of nodes 41
EtherApe-INFO: 23:21:23.285: delete node: IP: 3.216.211.240. Number of nodes 40
EtherApe-INFO: 23:21:38.465: delete node: IP: 198.145.21.16. Number of nodes 39
EtherApe-INFO: 23:22:00.627: delete node: IP: 95.216.195.133. Number of nodes 38
EtherApe-INFO: 23:22:04.089: delete node: IP: 172.217.16.46. Number of nodes 37
EtherApe-INFO: 23:22:04.413: delete node: IP: 142.250.203.202. Number of nodes 36
EtherApe-INFO: 23:22:04.955: delete node: IP: 93.184.220.66. Number of nodes 35
EtherApe-INFO: 23:22:05.712: delete node: IP: 172.217.20.170. Number of nodes 34
EtherApe-INFO: 23:22:07.788: New node: IP: 178.18.231.136. Number of nodes 35
EtherApe-INFO: 23:22:08.051: New node: IP: 1.1.1.1. Number of nodes 36
EtherApe-INFO: 23:22:08.079: delete node: IP: 140.82.114.22. Number of nodes 35
EtherApe-INFO: 23:22:17.664: New node: IP: 142.250.186.202. Number of nodes 36
EtherApe-INFO: 23:23:09.685: delete node: IP: 52.22.205.89. Number of nodes 35
EtherApe-INFO: 23:23:16.879: delete node: IPv6: ff02::1. Number of nodes 34
EtherApe-INFO: 23:23:16.880: delete node: IPv6: fe80::9ada:c4ff:febf:99a5. Number of nodes 33
EtherApe-INFO: 23:23:18.985: New node: IP: 142.250.75.10. Number of nodes 34
EtherApe-INFO: 23:23:19.567: delete node: IP: 104.244.42.200. Number of nodes 33
EtherApe-INFO: 23:23:25.474: delete node: IP: 172.217.16.42. Number of nodes 32
EtherApe-INFO: 23:24:27.040: delete node: IP: 142.250.186.202. Number of nodes 31
EtherApe-INFO: 23:24:27.040: delete node: IP: 140.82.121.4. Number of nodes 30
EtherApe-INFO: 23:24:27.040: delete node: IP: 52.73.243.8. Number of nodes 29
EtherApe-INFO: 23:24:27.040: delete node: IP: 1.1.1.1. Number of nodes 28
EtherApe-INFO: 23:24:32.919: delete node: IP: 185.199.110.154. Number of nodes 27
EtherApe-INFO: 23:24:46.450: New node: IP: 140.82.121.4. Number of nodes 28
EtherApe-INFO: 23:24:46.988: New node: IP: 185.199.108.154. Number of nodes 29
EtherApe-INFO: 23:24:46.991: New node: IP: 142.250.75.14. Number of nodes 30
EtherApe-INFO: 23:24:46.992: New node: IP: 140.82.113.21. Number of nodes 31
EtherApe-INFO: 23:24:48.320: New node: IP: 52.73.243.8. Number of nodes 32
EtherApe-INFO: 23:24:51.785: New node: IP: 172.217.16.46. Number of nodes 33
EtherApe-INFO: 23:24:54.183: New node: IP: 216.58.215.69. Number of nodes 34
EtherApe-INFO: 23:24:55.276: New node: IP: 172.217.16.33. Number of nodes 35
EtherApe-INFO: 23:24:55.278: New node: IP: 172.217.20.174. Number of nodes 36
EtherApe-INFO: 23:24:55.279: New node: IP: 142.250.203.206. Number of nodes 37
EtherApe-INFO: 23:24:55.287: New node: IP: 172.217.20.163. Number of nodes 38
EtherApe-INFO: 23:24:55.289: New node: IP: 216.58.208.195. Number of nodes 39
EtherApe-INFO: 23:24:55.535: New node: IP: 142.250.186.209. Number of nodes 40
EtherApe-INFO: 23:24:56.050: New node: IP: 50.116.36.110. Number of nodes 41
EtherApe-INFO: 23:24:56.858: New node: IP: 172.217.16.10. Number of nodes 42
EtherApe-INFO: 23:24:57.121: New node: IP: 99.86.241.20. Number of nodes 43
EtherApe-INFO: 23:24:57.654: New node: IP: 104.18.22.9. Number of nodes 44
EtherApe-INFO: 23:24:58.456: New node: IP: 172.217.20.170. Number of nodes 45
EtherApe-INFO: 23:25:00.320: New node: IP: 95.216.195.133. Number of nodes 46
EtherApe-INFO: 23:25:00.591: New node: IP: 74.125.131.189. Number of nodes 47
EtherApe-INFO: 23:25:01.395: New node: IP: 172.217.20.202. Number of nodes 48
EtherApe-INFO: 23:25:11.758: New node: IP: 216.58.215.106. Number of nodes 49
EtherApe-INFO: 23:25:19.289: delete node: IP: 172.217.16.35. Number of nodes 48
EtherApe-INFO: 23:25:26.209: delete node: IP: 140.82.121.3. Number of nodes 47
EtherApe-INFO: 23:25:29.890: New node: IP: 1.1.1.1. Number of nodes 48
EtherApe-INFO: 23:25:42.724: delete node: IP: 216.58.215.67. Number of nodes 47
EtherApe-INFO: 23:25:55.761: New node: IP: 172.217.16.35. Number of nodes 48
EtherApe-INFO: 23:26:06.487: delete node: IP: 216.58.215.100. Number of nodes 47
EtherApe-INFO: 23:26:10.957: New node: IP: 172.217.16.14. Number of nodes 48
EtherApe-INFO: 23:26:34.424: New node: IP: 216.58.215.67. Number of nodes 49
EtherApe-INFO: 23:26:53.890: New node: IP: 95.216.144.15. Number of nodes 50
EtherApe-INFO: 23:26:53.946: delete node: IP: 64.233.162.189. Number of nodes 49
EtherApe-INFO: 23:26:55.242: delete node: IP: 172.217.16.33. Number of nodes 48
EtherApe-INFO: 23:26:55.568: delete node: IP: 172.217.20.163. Number of nodes 47
EtherApe-INFO: 23:26:57.091: New node: IP: 140.82.121.3. Number of nodes 48
EtherApe-INFO: 23:26:58.804: delete node: IP: 172.217.20.170. Number of nodes 47
EtherApe-INFO: 23:26:59.015: delete node: IP: 172.217.16.10. Number of nodes 46
EtherApe-INFO: 23:26:59.493: New node: IP: 216.58.215.110. Number of nodes 47
EtherApe-INFO: 23:27:00.646: delete node: IP: 95.216.195.133. Number of nodes 46
EtherApe-INFO: 23:27:01.934: delete node: IP: 172.217.20.202. Number of nodes 45
EtherApe-INFO: 23:27:03.009: delete node: IP: 172.217.20.174. Number of nodes 44
EtherApe-INFO: 23:27:05.625: New node: IP: 216.58.215.74. Number of nodes 45
EtherApe-INFO: 23:27:12.081: delete node: IP: 142.250.75.14. Number of nodes 44
EtherApe-INFO: 23:27:23.050: delete node: IP: 142.250.75.10. Number of nodes 43
EtherApe-INFO: 23:27:30.266: delete node: IP: 172.217.16.46. Number of nodes 42
                                                                                                                                                                                                                                                                                                                                                                                                                     