(etherape:3067): GLib-GIO-DEBUG: 02:57:07.568: _g_io_module_get_default: Found default implementation local (GLocalVfs) for ‘gio-vfs’
EtherApe-INFO: 02:57:07.734: sctp protocol not supported
EtherApe-INFO: 02:57:07.734: dccp protocol not supported
EtherApe-INFO: 02:57:07.734: sctp protocol not supported
EtherApe-INFO: 02:57:07.734: sctp protocol not supported
EtherApe-INFO: 02:57:07.734: sctp protocol not supported
EtherApe-INFO: 02:57:07.734: sctp protocol not supported
EtherApe-INFO: 02:57:07.734: sctp protocol not supported
EtherApe-INFO: 02:57:07.735: sctp protocol not supported
EtherApe-INFO: 02:57:07.735: sctp protocol not supported
EtherApe-INFO: 02:57:07.735: dccp protocol not supported
EtherApe-INFO: 02:57:07.736: sctp protocol not supported
EtherApe-INFO: 02:57:07.736: dccp protocol not supported
EtherApe-INFO: 02:57:07.736: dccp protocol not supported
EtherApe-INFO: 02:57:07.736: sctp protocol not supported
EtherApe-INFO: 02:57:07.737: sctp protocol not supported
EtherApe-INFO: 02:57:07.737: sctp protocol not supported
EtherApe-INFO: 02:57:07.738: sctp protocol not supported
EtherApe-INFO: 02:57:07.738: sctp protocol not supported
EtherApe-INFO: 02:57:07.739: sctp protocol not supported
EtherApe-INFO: 02:57:07.739: sctp protocol not supported
EtherApe-INFO: 02:57:07.739: sctp protocol not supported
EtherApe-INFO: 02:57:07.739: sctp protocol not supported
EtherApe-INFO: 02:57:07.739: sctp protocol not supported
EtherApe-INFO: 02:57:07.740: sctp protocol not supported
EtherApe-INFO: 02:57:07.740: sctp protocol not supported
EtherApe-INFO: 02:57:07.740: sctp protocol not supported
EtherApe-INFO: 02:57:07.740: sctp protocol not supported
EtherApe-INFO: 02:57:07.741: sctp protocol not supported
EtherApe-INFO: 02:57:07.741: dccp protocol not supported
EtherApe-INFO: 02:57:07.741: sctp protocol not supported
EtherApe-INFO: 02:57:07.741: sctp protocol not supported
EtherApe-INFO: 02:57:07.741: dccp protocol not supported
EtherApe-INFO: 02:57:07.741: sctp protocol not supported
EtherApe-INFO: 02:57:07.741: sctp protocol not supported
EtherApe-INFO: 02:57:07.741: sctp protocol not supported
EtherApe-INFO: 02:57:07.741: dccp protocol not supported
EtherApe-INFO: 02:57:07.742: dccp protocol not supported
EtherApe-INFO: 02:57:07.742: sctp protocol not supported
EtherApe-INFO: 02:57:07.742: sctp protocol not supported
EtherApe-INFO: 02:57:07.742: sctp protocol not supported
EtherApe-INFO: 02:57:07.742: sctp protocol not supported
EtherApe-INFO: 02:57:07.742: sctp protocol not supported
EtherApe-INFO: 02:57:07.742: sctp protocol not supported
EtherApe-INFO: 02:57:07.742: sctp protocol not supported
EtherApe-INFO: 02:57:07.742: sctp protocol not supported
EtherApe-INFO: 02:57:07.742: sctp protocol not supported
EtherApe-INFO: 02:57:07.742: sctp protocol not supported
EtherApe-INFO: 02:57:07.742: sctp protocol not supported
EtherApe-INFO: 02:57:07.742: sctp protocol not supported
EtherApe-INFO: 02:57:07.742: sctp protocol not supported
EtherApe-INFO: 02:57:07.742: dccp protocol not supported
EtherApe-INFO: 02:57:07.742: sctp protocol not supported
EtherApe-INFO: 02:57:07.743: sctp protocol not supported
EtherApe-INFO: 02:57:07.743: sctp protocol not supported
EtherApe-INFO: 02:57:07.743: sctp protocol not supported
EtherApe-INFO: 02:57:07.743: sctp protocol not supported
EtherApe-INFO: 02:57:07.743: sctp protocol not supported
EtherApe-INFO: 02:57:07.743: sctp protocol not supported
EtherApe-INFO: 02:57:07.743: sctp protocol not supported
EtherApe-INFO: 02:57:07.743: sctp protocol not supported
EtherApe-INFO: 02:57:07.743: sctp protocol not supported
EtherApe-INFO: 02:57:07.743: sctp protocol not supported
EtherApe-INFO: 02:57:07.743: sctp protocol not supported
EtherApe-INFO: 02:57:07.743: sctp protocol not supported
EtherApe-INFO: 02:57:07.744: sctp protocol not supported
EtherApe-INFO: 02:57:07.744: sctp protocol not supported
EtherApe-INFO: 02:57:07.744: sctp protocol not supported
EtherApe-INFO: 02:57:07.744: sctp protocol not supported
EtherApe-INFO: 02:57:07.744: sctp protocol not supported
EtherApe-INFO: 02:57:07.744: sctp protocol not supported
EtherApe-INFO: 02:57:07.744: sctp protocol not supported
EtherApe-INFO: 02:57:07.744: sctp protocol not supported
EtherApe-INFO: 02:57:07.744: sctp protocol not supported
EtherApe-INFO: 02:57:07.744: sctp protocol not supported
EtherApe-INFO: 02:57:07.744: sctp protocol not supported
EtherApe-INFO: 02:57:07.744: sctp protocol not supported
EtherApe-INFO: 02:57:07.744: sctp protocol not supported
EtherApe-INFO: 02:57:07.744: sctp protocol not supported
EtherApe-INFO: 02:57:07.744: sctp protocol not supported
EtherApe-INFO: 02:57:07.744: sctp protocol not supported
EtherApe-INFO: 02:57:07.744: sctp protocol not supported
EtherApe-INFO: 02:57:07.744: sctp protocol not supported
EtherApe-INFO: 02:57:07.744: sctp protocol not supported
EtherApe-INFO: 02:57:07.744: sctp protocol not supported
EtherApe-INFO: 02:57:07.745: sctp protocol not supported
EtherApe-INFO: 02:57:07.745: sctp protocol not supported
EtherApe-INFO: 02:57:07.745: sctp protocol not supported
EtherApe-INFO: 02:57:07.794: get_interface result: ''
EtherApe-INFO: 02:57:07.795: Available interfaces for capture: dbus-session dbus-system nfqueue nflog bluetooth-monitor lo any
EtherApe-INFO: 02:57:07.812: Link type is LINUX_SLL
EtherApe-INFO: 02:57:07.814: Diagram started
