(etherape:2150): GLib-GIO-DEBUG: 16:16:11.186: _g_io_module_get_default: Found default implementation local (GLocalVfs) for ‘gio-vfs’
EtherApe-INFO: 16:16:11.443: sctp protocol not supported
EtherApe-INFO: 16:16:11.443: dccp protocol not supported
EtherApe-INFO: 16:16:11.443: sctp protocol not supported
EtherApe-INFO: 16:16:11.443: sctp protocol not supported
EtherApe-INFO: 16:16:11.443: sctp protocol not supported
EtherApe-INFO: 16:16:11.443: sctp protocol not supported
EtherApe-INFO: 16:16:11.443: sctp protocol not supported
EtherApe-INFO: 16:16:11.444: sctp protocol not supported
EtherApe-INFO: 16:16:11.444: sctp protocol not supported
EtherApe-INFO: 16:16:11.444: dccp protocol not supported
EtherApe-INFO: 16:16:11.444: sctp protocol not supported
EtherApe-INFO: 16:16:11.444: dccp protocol not supported
EtherApe-INFO: 16:16:11.444: dccp protocol not supported
EtherApe-INFO: 16:16:11.444: sctp protocol not supported
EtherApe-INFO: 16:16:11.445: sctp protocol not supported
EtherApe-INFO: 16:16:11.445: sctp protocol not supported
EtherApe-INFO: 16:16:11.445: sctp protocol not supported
EtherApe-INFO: 16:16:11.446: sctp protocol not supported
EtherApe-INFO: 16:16:11.447: sctp protocol not supported
EtherApe-INFO: 16:16:11.447: sctp protocol not supported
EtherApe-INFO: 16:16:11.447: sctp protocol not supported
EtherApe-INFO: 16:16:11.447: sctp protocol not supported
EtherApe-INFO: 16:16:11.447: sctp protocol not supported
EtherApe-INFO: 16:16:11.447: sctp protocol not supported
EtherApe-INFO: 16:16:11.448: sctp protocol not supported
EtherApe-INFO: 16:16:11.448: sctp protocol not supported
EtherApe-INFO: 16:16:11.448: sctp protocol not supported
EtherApe-INFO: 16:16:11.448: sctp protocol not supported
EtherApe-INFO: 16:16:11.448: dccp protocol not supported
EtherApe-INFO: 16:16:11.448: sctp protocol not supported
EtherApe-INFO: 16:16:11.448: sctp protocol not supported
EtherApe-INFO: 16:16:11.448: dccp protocol not supported
EtherApe-INFO: 16:16:11.449: sctp protocol not supported
EtherApe-INFO: 16:16:11.449: sctp protocol not supported
EtherApe-INFO: 16:16:11.449: sctp protocol not supported
EtherApe-INFO: 16:16:11.449: dccp protocol not supported
EtherApe-INFO: 16:16:11.449: dccp protocol not supported
EtherApe-INFO: 16:16:11.449: sctp protocol not supported
EtherApe-INFO: 16:16:11.449: sctp protocol not supported
EtherApe-INFO: 16:16:11.449: sctp protocol not supported
EtherApe-INFO: 16:16:11.449: sctp protocol not supported
EtherApe-INFO: 16:16:11.449: sctp protocol not supported
EtherApe-INFO: 16:16:11.449: sctp protocol not supported
EtherApe-INFO: 16:16:11.449: sctp protocol not supported
EtherApe-INFO: 16:16:11.449: sctp protocol not supported
EtherApe-INFO: 16:16:11.449: sctp protocol not supported
EtherApe-INFO: 16:16:11.449: sctp protocol not supported
EtherApe-INFO: 16:16:11.449: sctp protocol not supported
EtherApe-INFO: 16:16:11.449: sctp protocol not supported
EtherApe-INFO: 16:16:11.449: sctp protocol not supported
EtherApe-INFO: 16:16:11.449: sctp protocol not supported
EtherApe-INFO: 16:16:11.449: sctp protocol not supported
EtherApe-INFO: 16:16:11.449: sctp protocol not supported
EtherApe-INFO: 16:16:11.449: sctp protocol not supported
EtherApe-INFO: 16:16:11.449: sctp protocol not supported
EtherApe-INFO: 16:16:11.449: sctp protocol not supported
EtherApe-INFO: 16:16:11.449: sctp protocol not supported
EtherApe-INFO: 16:16:11.450: dccp protocol not supported
EtherApe-INFO: 16:16:11.450: sctp protocol not supported
EtherApe-INFO: 16:16:11.450: sctp protocol not supported
EtherApe-INFO: 16:16:11.450: sctp protocol not supported
EtherApe-INFO: 16:16:11.450: sctp protocol not supported
EtherApe-INFO: 16:16:11.450: sctp protocol not supported
EtherApe-INFO: 16:16:11.450: sctp protocol not supported
EtherApe-INFO: 16:16:11.450: sctp protocol not supported
EtherApe-INFO: 16:16:11.450: sctp protocol not supported
EtherApe-INFO: 16:16:11.450: sctp protocol not supported
EtherApe-INFO: 16:16:11.450: sctp protocol not supported
EtherApe-INFO: 16:16:11.450: sctp protocol not supported
EtherApe-INFO: 16:16:11.450: sctp protocol not supported
EtherApe-INFO: 16:16:11.450: sctp protocol not supported
EtherApe-INFO: 16:16:11.453: sctp protocol not supported
EtherApe-INFO: 16:16:11.453: sctp protocol not supported
EtherApe-INFO: 16:16:11.453: sctp protocol not supported
EtherApe-INFO: 16:16:11.453: sctp protocol not supported
EtherApe-INFO: 16:16:11.453: sctp protocol not supported
EtherApe-INFO: 16:16:11.453: sctp protocol not supported
EtherApe-INFO: 16:16:11.453: sctp protocol not supported
EtherApe-INFO: 16:16:11.454: sctp protocol not supported
EtherApe-INFO: 16:16:11.454: sctp protocol not supported
EtherApe-INFO: 16:16:11.454: sctp protocol not supported
EtherApe-INFO: 16:16:11.454: sctp protocol not supported
EtherApe-INFO: 16:16:11.454: sctp protocol not supported
EtherApe-INFO: 16:16:11.454: sctp protocol not supported
EtherApe-INFO: 16:16:11.454: sctp protocol not supported
EtherApe-INFO: 16:16:11.454: sctp protocol not supported
EtherApe-INFO: 16:16:11.454: sctp protocol not supported
EtherApe-INFO: 16:16:11.454: sctp protocol not supported
EtherApe-INFO: 16:16:11.454: sctp protocol not supported
EtherApe-INFO: 16:16:11.454: sctp protocol not supported
EtherApe-INFO: 16:16:11.454: sctp protocol not supported
EtherApe-INFO: 16:16:11.454: sctp protocol not supported
EtherApe-INFO: 16:16:11.454: sctp protocol not supported
EtherApe-INFO: 16:16:11.454: sctp protocol not supported
EtherApe-INFO: 16:16:11.469: get_interface result: ''
EtherApe-INFO: 16:16:11.469: Available interfaces for capture: dbus-session dbus-system nfqueue nflog bluetooth-monitor wlp3s0 lo any enp0s25
EtherApe-INFO: 16:16:11.509: Link type is LINUX_SLL
EtherApe-INFO: 16:16:11.509: Diagram started
EtherApe-INFO: 16:16:11.729: New node: IP: 192.168.2.226. Number of nodes 1
EtherApe-INFO: 16:16:11.729: New node: IP: 93.184.220.29. Number of nodes 2
EtherApe-INFO: 16:16:12.249: New node: IP: 18.66.248.29. Number of nodes 3
EtherApe-INFO: 16:16:12.509: New node: IP: 104.16.248.249. Number of nodes 4
EtherApe-INFO: 16:16:12.510: New node: IP: 142.250.203.133. Number of nodes 5
EtherApe-INFO: 16:16:12.510: New node: IP: 216.58.208.206. Number of nodes 6
EtherApe-INFO: 16:16:12.813: New node: IP: 149.154.167.51. Number of nodes 7
EtherApe-INFO: 16:16:13.029: New node: IP: 149.154.167.223. Number of nodes 8
EtherApe-INFO: 16:16:13.029: New node: IP: 216.58.208.195. Number of nodes 9
EtherApe-INFO: 16:16:13.549: New node: IP: 172.217.16.46. Number of nodes 10
EtherApe-INFO: 16:16:13.550: New node: IP: 87.245.216.9. Number of nodes 11
EtherApe-INFO: 16:16:14.331: New node: IP: 172.64.155.188. Number of nodes 12
EtherApe-INFO: 16:16:14.331: New node: IP: 216.58.209.14. Number of nodes 13
EtherApe-INFO: 16:16:15.119: New node: IP: 192.168.2.1. Number of nodes 14
EtherApe-INFO: 16:16:15.379: New node: IP: 77.88.21.90. Number of nodes 15
EtherApe-INFO: 16:16:15.380: New node: IP: 172.217.16.14. Number of nodes 16
EtherApe-INFO: 16:16:15.381: New node: IP: 34.107.221.82. Number of nodes 17
EtherApe-INFO: 16:16:15.381: New node: IP: 52.25.188.10. Number of nodes 18
EtherApe-INFO: 16:16:15.381: New node: IP: 52.42.198.187. Number of nodes 19
EtherApe-INFO: 16:16:16.689: New node: IP: 108.138.24.169. Number of nodes 20
EtherApe-INFO: 16:16:17.219: New node: IP: 172.217.218.189. Number of nodes 21
EtherApe-INFO: 16:16:17.479: New node: IP: 104.18.32.68. Number of nodes 22
EtherApe-INFO: 16:16:18.780: New node: IP: 172.217.16.10. Number of nodes 23
EtherApe-INFO: 16:16:19.560: New node: IP: 165.227.153.193. Number of nodes 24
EtherApe-INFO: 16:16:19.819: New node: IP: 62.149.2.7. Number of nodes 25
EtherApe-INFO: 16:16:21.119: New node: IP: 104.18.20.226. Number of nodes 26
EtherApe-INFO: 16:16:22.954: New node: IP: 93.158.134.90. Number of nodes 27
EtherApe-INFO: 16:16:26.600: New node: IPv6: fe80::9ada:c4ff:febf:99a5. Number of nodes 28
EtherApe-INFO: 16:16:26.600: New node: IPv6: ff02::1. Number of nodes 29
EtherApe-INFO: 16:16:29.733: New node: IP: 87.250.250.90. Number of nodes 30
EtherApe-INFO: 16:16:32.079: New node: IP: 142.250.203.202. Number of nodes 31
EtherApe-INFO: 16:16:35.499: New node: IP: 172.217.16.3. Number of nodes 32
EtherApe-INFO: 16:16:44.369: New node: IP: 213.180.204.90. Number of nodes 33
EtherApe-INFO: 16:16:45.429: New node: IP: 34.237.73.95. Number of nodes 34
EtherApe-INFO: 16:16:48.829: New node: IP: 34.120.208.123. Number of nodes 35
EtherApe-INFO: 16:16:52.499: New node: IP: 34.117.237.239. Number of nodes 36
EtherApe-INFO: 16:16:53.279: New node: IP: 104.16.249.249. Number of nodes 37
EtherApe-INFO: 16:16:54.329: New node: IP: 104.16.85.20. Number of nodes 38
EtherApe-INFO: 16:16:54.329: New node: IP: 104.18.13.33. Number of nodes 39
EtherApe-INFO: 16:16:55.375: New node: IP: 34.234.51.232. Number of nodes 40
EtherApe-INFO: 16:16:55.375: New node: IP: 18.66.139.109. Number of nodes 41
EtherApe-INFO: 16:16:55.376: New node: IP: 108.138.17.38. Number of nodes 42
EtherApe-INFO: 16:16:56.409: New node: IP: 142.250.186.195. Number of nodes 43
EtherApe-INFO: 16:16:56.410: New node: IP: 185.199.109.154. Number of nodes 44
EtherApe-INFO: 16:16:57.449: New node: IP: 142.250.203.193. Number of nodes 45
EtherApe-INFO: 16:16:57.449: New node: IP: 75.2.88.188. Number of nodes 46
EtherApe-INFO: 16:16:58.770: New node: IP: 213.180.193.90. Number of nodes 47
EtherApe-INFO: 16:16:59.549: New node: IP: 142.250.203.142. Number of nodes 48
EtherApe-INFO: 16:16:59.550: New node: IP: 157.245.26.125. Number of nodes 49
EtherApe-INFO: 16:16:59.550: New node: IP: 91.198.174.208. Number of nodes 50
EtherApe-INFO: 16:16:59.550: New node: IP: 185.223.92.4. Number of nodes 51
EtherApe-INFO: 16:17:00.339: New node: IP: 172.217.20.202. Number of nodes 52
EtherApe-INFO: 16:17:00.339: New node: IP: 35.186.227.140. Number of nodes 53
EtherApe-INFO: 16:17:00.339: New node: IP: 216.58.209.8. Number of nodes 54
EtherApe-INFO: 16:17:01.389: New node: IP: 104.26.5.94. Number of nodes 55
EtherApe-INFO: 16:17:02.449: New node: IP: 193.34.169.9. Number of nodes 56
EtherApe-INFO: 16:17:02.449: New node: IP: 185.199.109.133. Number of nodes 57
EtherApe-INFO: 16:17:02.449: New node: IP: 142.250.186.206. Number of nodes 58
EtherApe-INFO: 16:17:03.229: New node: IP: 140.82.113.25. Number of nodes 59
EtherApe-INFO: 16:17:04.529: New node: IP: 140.82.121.3. Number of nodes 60
EtherApe-INFO: 16:17:04.529: New node: IP: 140.82.112.21. Number of nodes 61
EtherApe-INFO: 16:17:04.530: New node: IP: 216.58.208.197. Number of nodes 62
EtherApe-INFO: 16:17:05.319: New node: IP: 104.18.14.117. Number of nodes 63
EtherApe-INFO: 16:17:05.319: New node: IP: 193.34.168.232. Number of nodes 64
EtherApe-INFO: 16:17:05.319: New node: IP: 172.67.209.148. Number of nodes 65
EtherApe-INFO: 16:17:05.319: New node: IP: 172.217.16.42. Number of nodes 66
EtherApe-INFO: 16:17:06.359: New node: IP: 216.58.209.10. Number of nodes 67
EtherApe-INFO: 16:17:06.360: New node: IP: 142.250.203.195. Number of nodes 68
EtherApe-INFO: 16:17:08.459: New node: IP: 216.58.208.193. Number of nodes 69
EtherApe-INFO: 16:17:08.459: New node: IP: 142.250.186.196. Number of nodes 70
EtherApe-INFO: 16:17:09.509: New node: IP: 140.82.121.5. Number of nodes 71
EtherApe-INFO: 16:17:52.580: New node: IP: 216.58.215.98. Number of nodes 72
EtherApe-INFO: 16:17:52.580: New node: IP: 142.250.203.138. Number of nodes 73
EtherApe-INFO: 16:17:52.583: New node: IP: 172.217.16.34. Number of nodes 74
EtherApe-INFO: 16:17:52.841: New node: IP: 216.58.215.66. Number of nodes 75
EtherApe-INFO: 16:17:53.879: New node: IP: 95.216.144.15. Number of nodes 76
EtherApe-INFO: 16:17:56.487: New node: IP: 52.88.65.198. Number of nodes 77
EtherApe-INFO: 16:18:08.980: New node: IP: 142.250.203.206. Number of nodes 78
EtherApe-INFO: 16:18:13.159: delete node: IP: 149.154.167.223. Number of nodes 77
EtherApe-INFO: 16:18:15.999: New node: IP: 95.216.189.5. Number of nodes 78
EtherApe-INFO: 16:18:16.844: delete node: IP: 172.217.16.14. Number of nodes 77
EtherApe-INFO: 16:18:27.300: delete node: IPv6: ff02::1. Number of nodes 76
EtherApe-INFO: 16:18:27.300: delete node: IPv6: fe80::9ada:c4ff:febf:99a5. Number of nodes 75
EtherApe-INFO: 16:18:35.651: delete node: IP: 172.217.16.3. Number of nodes 74
EtherApe-INFO: 16:18:48.147: delete node: IP: 87.250.250.90. Number of nodes 73
EtherApe-INFO: 16:18:54.929: delete node: IP: 77.88.21.90. Number of nodes 72
EtherApe-INFO: 16:18:55.157: delete node: IP: 93.158.134.90. Number of nodes 71
EtherApe-INFO: 16:18:55.488: delete node: IP: 52.42.198.187. Number of nodes 70
EtherApe-INFO: 16:18:56.277: delete node: IP: 52.25.188.10. Number of nodes 69
EtherApe-INFO: 16:19:03.023: delete node: IP: 213.180.204.90. Number of nodes 68
EtherApe-INFO: 16:19:03.500: New node: IP: 104.26.4.94. Number of nodes 69
EtherApe-INFO: 16:19:09.802: delete node: IP: 213.180.193.90. Number of nodes 68
EtherApe-INFO: 16:19:12.890: delete node: IP: 193.34.168.232. Number of nodes 67
EtherApe-INFO: 16:19:24.977: delete node: IP: 62.149.2.7. Number of nodes 66
EtherApe-INFO: 16:19:32.170: New node: IP: 62.149.2.7. Number of nodes 67
EtherApe-INFO: 16:19:48.668: delete node: IP: 18.66.248.29. Number of nodes 66
EtherApe-INFO: 16:19:53.414: delete node: IP: 142.250.203.138. Number of nodes 65
EtherApe-INFO: 16:19:53.414: delete node: IP: 108.138.24.169. Number of nodes 64
EtherApe-INFO: 16:19:56.804: delete node: IP: 104.18.20.226. Number of nodes 63
EtherApe-INFO: 16:19:56.805: delete node: IP: 93.184.220.29. Number of nodes 62
EtherApe-INFO: 16:19:58.812: delete node: IP: 87.245.216.9. Number of nodes 61
EtherApe-INFO: 16:20:00.691: delete node: IP: 91.198.174.208. Number of nodes 60
EtherApe-INFO: 16:20:01.466: delete node: IP: 185.223.92.4. Number of nodes 59
