(etherape:30500): GLib-GIO-DEBUG: 22:33:47.304: _g_io_module_get_default: Found default implementation local (GLocalVfs) for ‘gio-vfs’
EtherApe-INFO: 22:33:47.481: sctp protocol not supported
EtherApe-INFO: 22:33:47.481: dccp protocol not supported
EtherApe-INFO: 22:33:47.481: sctp protocol not supported
EtherApe-INFO: 22:33:47.481: sctp protocol not supported
EtherApe-INFO: 22:33:47.481: sctp protocol not supported
EtherApe-INFO: 22:33:47.481: sctp protocol not supported
EtherApe-INFO: 22:33:47.481: sctp protocol not supported
EtherApe-INFO: 22:33:47.482: sctp protocol not supported
EtherApe-INFO: 22:33:47.482: sctp protocol not supported
EtherApe-INFO: 22:33:47.482: dccp protocol not supported
EtherApe-INFO: 22:33:47.482: sctp protocol not supported
EtherApe-INFO: 22:33:47.482: dccp protocol not supported
EtherApe-INFO: 22:33:47.482: dccp protocol not supported
EtherApe-INFO: 22:33:47.482: sctp protocol not supported
EtherApe-INFO: 22:33:47.483: sctp protocol not supported
EtherApe-INFO: 22:33:47.483: sctp protocol not supported
EtherApe-INFO: 22:33:47.484: sctp protocol not supported
EtherApe-INFO: 22:33:47.484: sctp protocol not supported
EtherApe-INFO: 22:33:47.485: sctp protocol not supported
EtherApe-INFO: 22:33:47.485: sctp protocol not supported
EtherApe-INFO: 22:33:47.485: sctp protocol not supported
EtherApe-INFO: 22:33:47.485: sctp protocol not supported
EtherApe-INFO: 22:33:47.485: sctp protocol not supported
EtherApe-INFO: 22:33:47.485: sctp protocol not supported
EtherApe-INFO: 22:33:47.486: sctp protocol not supported
EtherApe-INFO: 22:33:47.486: sctp protocol not supported
EtherApe-INFO: 22:33:47.486: sctp protocol not supported
EtherApe-INFO: 22:33:47.486: sctp protocol not supported
EtherApe-INFO: 22:33:47.486: dccp protocol not supported
EtherApe-INFO: 22:33:47.486: sctp protocol not supported
EtherApe-INFO: 22:33:47.486: sctp protocol not supported
EtherApe-INFO: 22:33:47.486: dccp protocol not supported
EtherApe-INFO: 22:33:47.487: sctp protocol not supported
EtherApe-INFO: 22:33:47.487: sctp protocol not supported
EtherApe-INFO: 22:33:47.487: sctp protocol not supported
EtherApe-INFO: 22:33:47.487: dccp protocol not supported
EtherApe-INFO: 22:33:47.487: dccp protocol not supported
EtherApe-INFO: 22:33:47.487: sctp protocol not supported
EtherApe-INFO: 22:33:47.487: sctp protocol not supported
EtherApe-INFO: 22:33:47.487: sctp protocol not supported
EtherApe-INFO: 22:33:47.487: sctp protocol not supported
EtherApe-INFO: 22:33:47.487: sctp protocol not supported
EtherApe-INFO: 22:33:47.487: sctp protocol not supported
EtherApe-INFO: 22:33:47.487: sctp protocol not supported
EtherApe-INFO: 22:33:47.487: sctp protocol not supported
EtherApe-INFO: 22:33:47.487: sctp protocol not supported
EtherApe-INFO: 22:33:47.487: sctp protocol not supported
EtherApe-INFO: 22:33:47.487: sctp protocol not supported
EtherApe-INFO: 22:33:47.487: sctp protocol not supported
EtherApe-INFO: 22:33:47.487: sctp protocol not supported
EtherApe-INFO: 22:33:47.487: dccp protocol not supported
EtherApe-INFO: 22:33:47.488: sctp protocol not supported
EtherApe-INFO: 22:33:47.488: sctp protocol not supported
EtherApe-INFO: 22:33:47.488: sctp protocol not supported
EtherApe-INFO: 22:33:47.488: sctp protocol not supported
EtherApe-INFO: 22:33:47.488: sctp protocol not supported
EtherApe-INFO: 22:33:47.488: sctp protocol not supported
EtherApe-INFO: 22:33:47.488: sctp protocol not supported
EtherApe-INFO: 22:33:47.488: sctp protocol not supported
EtherApe-INFO: 22:33:47.488: sctp protocol not supported
EtherApe-INFO: 22:33:47.488: sctp protocol not supported
EtherApe-INFO: 22:33:47.488: sctp protocol not supported
EtherApe-INFO: 22:33:47.488: sctp protocol not supported
EtherApe-INFO: 22:33:47.488: sctp protocol not supported
EtherApe-INFO: 22:33:47.488: sctp protocol not supported
EtherApe-INFO: 22:33:47.488: sctp protocol not supported
EtherApe-INFO: 22:33:47.488: sctp protocol not supported
EtherApe-INFO: 22:33:47.488: sctp protocol not supported
EtherApe-INFO: 22:33:47.489: sctp protocol not supported
EtherApe-INFO: 22:33:47.489: sctp protocol not supported
EtherApe-INFO: 22:33:47.489: sctp protocol not supported
EtherApe-INFO: 22:33:47.489: sctp protocol not supported
EtherApe-INFO: 22:33:47.489: sctp protocol not supported
EtherApe-INFO: 22:33:47.489: sctp protocol not supported
EtherApe-INFO: 22:33:47.489: sctp protocol not supported
EtherApe-INFO: 22:33:47.489: sctp protocol not supported
EtherApe-INFO: 22:33:47.489: sctp protocol not supported
EtherApe-INFO: 22:33:47.489: sctp protocol not supported
EtherApe-INFO: 22:33:47.489: sctp protocol not supported
EtherApe-INFO: 22:33:47.489: sctp protocol not supported
EtherApe-INFO: 22:33:47.489: sctp protocol not supported
EtherApe-INFO: 22:33:47.489: sctp protocol not supported
EtherApe-INFO: 22:33:47.489: sctp protocol not supported
EtherApe-INFO: 22:33:47.489: sctp protocol not supported
EtherApe-INFO: 22:33:47.489: sctp protocol not supported
EtherApe-INFO: 22:33:47.489: sctp protocol not supported
EtherApe-INFO: 22:33:47.489: sctp protocol not supported
EtherApe-INFO: 22:33:47.769: get_interface result: ''
EtherApe-INFO: 22:33:47.770: Available interfaces for capture: wwp0s29u1u4i6 dbus-session dbus-system nfqueue nflog bluetooth-monitor wlp3s0 lo any enp0s25
EtherApe-INFO: 22:33:47.826: Link type is LINUX_SLL
EtherApe-INFO: 22:33:47.827: Diagram started
EtherApe-INFO: 22:33:48.026: New node: IP: 78.46.105.101. Number of nodes 1
EtherApe-INFO: 22:33:48.026: New node: IP: 192.168.2.226. Number of nodes 2
EtherApe-INFO: 22:33:51.427: New node: IP: 217.138.213.219. Number of nodes 3
EtherApe-INFO: 22:33:51.430: New node: IP: 192.168.2.1. Number of nodes 4
EtherApe-INFO: 22:33:54.546: New node: IP: 149.154.167.51. Number of nodes 5
EtherApe-INFO: 22:33:56.366: New node: IP: 95.216.144.15. Number of nodes 6
EtherApe-INFO: 22:34:14.606: New node: IP: 149.154.167.50. Number of nodes 7
EtherApe-INFO: 22:34:22.446: New node: IP: 172.217.16.3. Number of nodes 8
EtherApe-INFO: 22:34:24.526: New node: IP: 239.255.255.250. Number of nodes 9
EtherApe-INFO: 22:34:46.946: New node: IP: 149.154.167.223. Number of nodes 10
EtherApe-INFO: 22:34:51.647: New node: IP: 95.216.195.133. Number of nodes 11
EtherApe-INFO: 22:35:22.016: New node: IPv6: fe80::9ada:c4ff:febf:99a5. Number of nodes 12
EtherApe-INFO: 22:35:22.016: New node: IPv6: ff02::1. Number of nodes 13
EtherApe-INFO: 22:35:22.536: New node: IP: 216.58.208.202. Number of nodes 14
EtherApe-INFO: 22:36:02.012: delete node: IP: 95.216.144.15. Number of nodes 13
EtherApe-INFO: 22:36:22.682: delete node: IP: 172.217.16.3. Number of nodes 12
EtherApe-INFO: 22:36:51.817: delete node: IP: 95.216.195.133. Number of nodes 11
EtherApe-INFO: 22:37:02.064: delete node: IP: 149.154.167.223. Number of nodes 10
EtherApe-INFO: 22:37:04.047: New node: IP: 149.154.167.223. Number of nodes 11
EtherApe-INFO: 22:37:13.977: New node: IP: 140.82.121.4. Number of nodes 12
EtherApe-INFO: 22:37:22.255: delete node: IPv6: ff02::1. Number of nodes 11
EtherApe-INFO: 22:37:22.255: delete node: IPv6: fe80::9ada:c4ff:febf:99a5. Number of nodes 10
EtherApe-INFO: 22:37:22.776: delete node: IP: 216.58.208.202. Number of nodes 9
EtherApe-INFO: 22:38:29.717: New node: IP: 193.34.155.3. Number of nodes 10
EtherApe-INFO: 22:39:14.706: delete node: IP: 140.82.121.4. Number of nodes 9
EtherApe-INFO: 22:39:51.709: New node: IP: 95.216.195.133. Number of nodes 10
EtherApe-INFO: 22:40:29.622: delete node: IP: 193.34.155.3. Number of nodes 9
EtherApe-INFO: 22:40:37.968: New node: IPv6: fe80::9ada:c4ff:febf:99a5. Number of nodes 10
EtherApe-INFO: 22:40:37.968: New node: IPv6: ff02::1. Number of nodes 11
EtherApe-INFO: 22:41:51.818: delete node: IP: 95.216.195.133. Number of nodes 10
EtherApe-INFO: 22:41:57.028: delete node: IP: 149.154.167.223. Number of nodes 9
EtherApe-INFO: 22:42:37.984: delete node: IPv6: ff02::1. Number of nodes 8
EtherApe-INFO: 22:42:37.985: delete node: IPv6: fe80::9ada:c4ff:febf:99a5. Number of nodes 7
EtherApe-INFO: 22:44:51.648: New node: IP: 95.216.195.133. Number of nodes 8
EtherApe-INFO: 22:45:25.579: New node: IP: 149.154.167.223. Number of nodes 9
EtherApe-INFO: 22:46:51.991: delete node: IP: 95.216.195.133. Number of nodes 8
EtherApe-INFO: 22:49:51.787: New node: IP: 95.216.195.133. Number of nodes 9
EtherApe-INFO: 22:50:12.647: New node: IPv6: fe80::9ada:c4ff:febf:99a5. Number of nodes 10
EtherApe-INFO: 22:50:12.647: New node: IPv6: ff02::1. Number of nodes 11
EtherApe-INFO: 22:50:18.160: delete node: IP: 149.154.167.223. Number of nodes 10
EtherApe-INFO: 22:50:48.437: New node: IP: 95.216.144.15. Number of nodes 11
EtherApe-INFO: 22:50:57.078: New node: IP: 89.187.191.12. Number of nodes 12
EtherApe-INFO: 22:51:13.007: New node: IP: 140.82.121.4. Number of nodes 13
EtherApe-INFO: 22:51:13.267: New node: IP: 140.82.121.10. Number of nodes 14
EtherApe-INFO: 22:51:51.886: delete node: IP: 95.216.195.133. Number of nodes 13
EtherApe-INFO: 22:52:12.791: delete node: IPv6: ff02::1. Number of nodes 12
EtherApe-INFO: 22:52:12.791: delete node: IPv6: fe80::9ada:c4ff:febf:99a5. Number of nodes 11
EtherApe-INFO: 22:53:06.740: delete node: IP: 89.187.191.12. Number of nodes 10
EtherApe-INFO: 22:53:14.085: delete node: IP: 140.82.121.10. Number of nodes 9
EtherApe-INFO: 22:53:14.085: delete node: IP: 140.82.121.4. Number of nodes 8
EtherApe-INFO: 22:53:20.549: delete node: IP: 95.216.144.15. Number of nodes 7
EtherApe-INFO: 22:54:21.637: New node: IP: 149.154.167.223. Number of nodes 8
EtherApe-INFO: 22:54:51.659: New node: IP: 95.216.195.133. Number of nodes 9
EtherApe-INFO: 22:55:26.047: New node: IP: 95.216.144.15. Number of nodes 10
EtherApe-INFO: 22:55:42.477: New node: IP: 151.101.1.63. Number of nodes 11
EtherApe-INFO: 22:55:43.005: New node: IP: 140.82.121.4. Number of nodes 12
EtherApe-INFO: 22:55:43.521: New node: IP: 140.82.121.9. Number of nodes 13
EtherApe-INFO: 22:56:37.777: New node: IPv6: fe80::9ada:c4ff:febf:99a5. Number of nodes 14
EtherApe-INFO: 22:56:37.777: New node: IPv6: ff02::1. Number of nodes 15
EtherApe-INFO: 22:56:51.957: delete node: IP: 95.216.195.133. Number of nodes 14
EtherApe-INFO: 22:57:43.905: delete node: IP: 151.101.1.63. Number of nodes 13
EtherApe-INFO: 22:57:44.424: delete node: IP: 140.82.121.9. Number of nodes 12
EtherApe-INFO: 22:57:44.424: delete node: IP: 140.82.121.4. Number of nodes 11
EtherApe-INFO: 22:57:45.148: delete node: IP: 95.216.144.15. Number of nodes 10
EtherApe-INFO: 22:58:37.749: delete node: IPv6: ff02::1. Number of nodes 9
EtherApe-INFO: 22:58:37.749: delete node: IPv6: fe80::9ada:c4ff:febf:99a5. Number of nodes 8
EtherApe-INFO: 22:59:35.943: delete node: IP: 149.154.167.223. Number of nodes 7
EtherApe-INFO: 22:59:51.767: New node: IP: 95.216.195.133. Number of nodes 8
EtherApe-INFO: 23:00:08.507: New node: IP: 149.154.167.223. Number of nodes 9
EtherApe-INFO: 23:00:12.947: New node: IP: 192.168.2.176. Number of nodes 10
EtherApe-INFO: 23:00:12.947: New node: IP: 224.0.0.251. Number of nodes 11
EtherApe-INFO: 23:00:12.947: New node: IPv6: fe80::18f0:cb63:f8d4:4a0e. Number of nodes 12
EtherApe-INFO: 23:00:12.947: New node: IPv6: ff02::fb. Number of nodes 13
EtherApe-INFO: 23:01:42.068: New node: IP: 95.216.144.15. Number of nodes 14
EtherApe-INFO: 23:01:46.277: New node: IP: 104.90.192.50. Number of nodes 15
EtherApe-INFO: 23:01:52.066: delete node: IP: 95.216.195.133. Number of nodes 14
EtherApe-INFO: 23:01:55.397: New node: IP: 136.186.1.76. Number of nodes 15
EtherApe-INFO: 23:02:10.829: New node: IP: 151.101.2.49. Number of nodes 16
EtherApe-INFO: 23:02:12.917: delete node: IPv6: ff02::fb. Number of nodes 15
EtherApe-INFO: 23:02:12.917: delete node: IPv6: fe80::18f0:cb63:f8d4:4a0e. Number of nodes 14
EtherApe-INFO: 23:02:12.917: delete node: IP: 224.0.0.251. Number of nodes 13
EtherApe-INFO: 23:02:12.917: delete node: IP: 192.168.2.176. Number of nodes 12
EtherApe-INFO: 23:02:19.179: New node: IP: 142.250.186.206. Number of nodes 13
EtherApe-INFO: 23:02:19.437: New node: IP: 172.217.20.195. Number of nodes 14
EtherApe-INFO: 23:02:23.909: delete node: IP: 149.154.167.223. Number of nodes 13
EtherApe-INFO: 23:02:43.116: New node: IPv6: fe80::9ada:c4ff:febf:99a5. Number of nodes 14
EtherApe-INFO: 23:02:43.116: New node: IPv6: ff02::1. Number of nodes 15
EtherApe-INFO: 23:03:14.907: New node: IP: 140.82.121.4. Number of nodes 16
EtherApe-INFO: 23:03:47.450: delete node: IP: 104.90.192.50. Number of nodes 15
EtherApe-INFO: 23:03:49.232: delete node: IP: 95.216.144.15. Number of nodes 14
EtherApe-INFO: 23:04:11.946: delete node: IP: 151.101.2.49. Number of nodes 13
EtherApe-INFO: 23:04:12.154: delete node: IP: 136.186.1.76. Number of nodes 12
EtherApe-INFO: 23:04:19.478: delete node: IP: 172.217.20.195. Number of nodes 11
EtherApe-INFO: 23:04:19.478: delete node: IP: 142.250.186.206. Number of nodes 10
EtherApe-INFO: 23:04:22.308: New node: IP: 172.217.16.3. Number of nodes 11
EtherApe-INFO: 23:04:42.969: delete node: IPv6: ff02::1. Number of nodes 10
EtherApe-INFO: 23:04:42.969: delete node: IPv6: fe80::9ada:c4ff:febf:99a5. Number of nodes 9
EtherApe-INFO: 23:04:51.816: New node: IP: 95.216.195.133. Number of nodes 10
EtherApe-INFO: 23:05:18.562: delete node: IP: 140.82.121.4. Number of nodes 9
EtherApe-INFO: 23:05:48.797: New node: IP: 216.58.208.202. Number of nodes 10
EtherApe-INFO: 23:06:22.571: delete node: IP: 172.217.16.3. Number of nodes 9
EtherApe-INFO: 23:06:52.119: delete node: IP: 95.216.195.133. Number of nodes 8
EtherApe-INFO: 23:07:49.065: delete node: IP: 216.58.208.202. Number of nodes 7
EtherApe-INFO: 23:08:07.587: New node: IPv6: fe80::9ada:c4ff:febf:99a5. Number of nodes 8
EtherApe-INFO: 23:08:07.587: New node: IPv6: ff02::1. Number of nodes 9
EtherApe-INFO: 23:08:29.736: New node: IP: 149.154.167.223. Number of nodes 10
EtherApe-INFO: 23:09:51.748: New node: IP: 95.216.195.133. Number of nodes 11
EtherApe-INFO: 23:09:58.527: New node: IP: 95.216.144.15. Number of nodes 12
EtherApe-INFO: 23:10:07.673: delete node: IPv6: ff02::1. Number of nodes 11
EtherApe-INFO: 23:10:07.673: delete node: IPv6: fe80::9ada:c4ff:febf:99a5. Number of nodes 10
EtherApe-INFO: 23:10:12.077: New node: IP: 127.0.0.1. Number of nodes 11
EtherApe-INFO: 23:10:12.078: New node: IP: 162.213.33.9. Number of nodes 12
EtherApe-INFO: 23:10:14.416: New node: IP: 89.187.191.12. Number of nodes 13
EtherApe-INFO: 23:10:17.796: New node: IP: 151.101.2.49. Number of nodes 14
EtherApe-INFO: 23:10:17.798: New node: IP: 138.201.131.134. Number of nodes 15
EtherApe-INFO: 23:10:17.805: New node: IP: 151.101.193.91. Number of nodes 16
EtherApe-INFO: 23:10:20.058: New node: IP: 151.101.194.49. Number of nodes 17
EtherApe-INFO: 23:10:20.309: New node: IP: 151.101.129.91. Number of nodes 18
EtherApe-INFO: 23:11:51.870: delete node: IP: 95.216.195.133. Number of nodes 17
EtherApe-INFO: 23:12:12.219: delete node: IP: 127.0.0.1. Number of nodes 16
EtherApe-INFO: 23:12:12.755: delete node: IP: 162.213.33.9. Number of nodes 15
EtherApe-INFO: 23:12:15.632: delete node: IP: 89.187.191.12. Number of nodes 14
EtherApe-INFO: 23:12:20.076: delete node: IP: 151.101.193.91. Number of nodes 13
EtherApe-INFO: 23:12:20.076: delete node: IP: 151.101.2.49. Number of nodes 12
EtherApe-INFO: 23:12:20.611: delete node: IP: 151.101.194.49. Number of nodes 11
EtherApe-INFO: 23:12:20.611: delete node: IP: 151.101.129.91. Number of nodes 10
EtherApe-INFO: 23:12:26.848: delete node: IP: 138.201.131.134. Number of nodes 9
EtherApe-INFO: 23:12:30.016: delete node: IP: 149.154.167.223. Number of nodes 8
EtherApe-INFO: 23:12:37.758: New node: IP: 193.34.155.3. Number of nodes 9
EtherApe-INFO: 23:13:04.179: delete node: IP: 95.216.144.15. Number of nodes 8
EtherApe-INFO: 23:13:12.216: New node: IP: 149.154.167.223. Number of nodes 9
EtherApe-INFO: 23:13:38.914: New node: IPv6: fe80::9ada:c4ff:febf:99a5. Number of nodes 10
EtherApe-INFO: 23:13:38.914: New node: IPv6: ff02::1. Number of nodes 11
EtherApe-INFO: 23:14:29.066: New node: IP: 95.216.144.15. Number of nodes 12
EtherApe-INFO: 23:14:38.580: delete node: IP: 193.34.155.3. Number of nodes 11
EtherApe-INFO: 23:14:51.876: New node: IP: 95.216.195.133. Number of nodes 12
EtherApe-INFO: 23:15:38.985: delete node: IPv6: ff02::1. Number of nodes 11
EtherApe-INFO: 23:15:38.985: delete node: IPv6: fe80::9ada:c4ff:febf:99a5. Number of nodes 10
EtherApe-INFO: 23:16:00.839: delete node: IP: 149.154.167.223. Number of nodes 9
EtherApe-INFO: 23:16:30.646: New node: IP: 149.154.167.223. Number of nodes 10
EtherApe-INFO: 23:16:53.044: delete node: IP: 95.216.195.133. Number of nodes 9
EtherApe-INFO: 23:17:36.756: delete node: IP: 95.216.144.15. Number of nodes 8
EtherApe-INFO: 23:18:44.548: delete node: IP: 78.46.105.101. Number of nodes 7
EtherApe-INFO: 23:18:48.208: delete node: IP: 149.154.167.223. Number of nodes 6
EtherApe-INFO: 23:19:51.717: New node: IP: 95.216.195.133. Number of nodes 7
EtherApe-INFO: 23:20:33.506: New node: IP: 149.154.167.223. Number of nodes 8
EtherApe-INFO: 23:21:12.736: New node: IPv6: fe80::9ada:c4ff:febf:99a5. Number of nodes 9
EtherApe-INFO: 23:21:12.736: New node: IPv6: ff02::1. Number of nodes 10
EtherApe-INFO: 23:21:52.768: delete node: IP: 192.168.2.1. Number of nodes 9
EtherApe-INFO: 23:21:52.768: delete node: IP: 95.216.195.133. Number of nodes 8
EtherApe-INFO: 23:22:44.826: New node: IP: 192.168.2.1. Number of nodes 9
EtherApe-INFO: 23:23:15.957: delete node: IPv6: ff02::1. Number of nodes 8
EtherApe-INFO: 23:23:15.957: delete node: IPv6: fe80::9ada:c4ff:febf:99a5. Number of nodes 7
EtherApe-INFO: 23:23:34.739: delete node: IP: 149.154.167.223. Number of nodes 6
EtherApe-INFO: 23:24:45.576: New node: IP: 95.216.144.15. Number of nodes 7
EtherApe-INFO: 23:24:48.196: New node: IP: 78.46.105.101. Number of nodes 8
EtherApe-INFO: 23:24:51.848: New node: IP: 95.216.195.133. Number of nodes 9
EtherApe-INFO: 23:25:34.466: New node: IP: 140.82.121.4. Number of nodes 10
EtherApe-INFO: 23:25:34.727: New node: IP: 185.199.111.133. Number of nodes 11
EtherApe-INFO: 23:25:46.166: New node: IP: 149.154.167.223. Number of nodes 12
EtherApe-INFO: 23:26:52.726: New node: IPv6: fe80::9ada:c4ff:febf:99a5. Number of nodes 13
EtherApe-INFO: 23:26:52.726: New node: IPv6: ff02::1. Number of nodes 14
EtherApe-INFO: 23:26:52.798: delete node: IP: 95.216.195.133. Number of nodes 13
EtherApe-INFO: 23:27:41.447: delete node: IP: 185.199.111.133. Number of nodes 12
EtherApe-INFO: 23:27:41.447: delete node: IP: 140.82.121.4. Number of nodes 11
EtherApe-INFO: 23:28:02.732: delete node: IP: 149.154.167.223. Number of nodes 10
EtherApe-INFO: 23:28:52.910: delete node: IPv6: ff02::1. Number of nodes 9
EtherApe-INFO: 23:28:52.910: delete node: IPv6: fe80::9ada:c4ff:febf:99a5. Number of nodes 8
