(etherape:1099): GLib-GIO-DEBUG: 16:37:42.313: _g_io_module_get_default: Found default implementation local (GLocalVfs) for ‘gio-vfs’
EtherApe-INFO: 16:37:42.522: sctp protocol not supported
EtherApe-INFO: 16:37:42.522: dccp protocol not supported
EtherApe-INFO: 16:37:42.522: sctp protocol not supported
EtherApe-INFO: 16:37:42.522: sctp protocol not supported
EtherApe-INFO: 16:37:42.522: sctp protocol not supported
EtherApe-INFO: 16:37:42.522: sctp protocol not supported
EtherApe-INFO: 16:37:42.522: sctp protocol not supported
EtherApe-INFO: 16:37:42.522: sctp protocol not supported
EtherApe-INFO: 16:37:42.523: sctp protocol not supported
EtherApe-INFO: 16:37:42.523: dccp protocol not supported
EtherApe-INFO: 16:37:42.523: sctp protocol not supported
EtherApe-INFO: 16:37:42.523: dccp protocol not supported
EtherApe-INFO: 16:37:42.523: dccp protocol not supported
EtherApe-INFO: 16:37:42.523: sctp protocol not supported
EtherApe-INFO: 16:37:42.524: sctp protocol not supported
EtherApe-INFO: 16:37:42.524: sctp protocol not supported
EtherApe-INFO: 16:37:42.524: sctp protocol not supported
EtherApe-INFO: 16:37:42.525: sctp protocol not supported
EtherApe-INFO: 16:37:42.525: sctp protocol not supported
EtherApe-INFO: 16:37:42.526: sctp protocol not supported
EtherApe-INFO: 16:37:42.526: sctp protocol not supported
EtherApe-INFO: 16:37:42.526: sctp protocol not supported
EtherApe-INFO: 16:37:42.526: sctp protocol not supported
EtherApe-INFO: 16:37:42.527: sctp protocol not supported
EtherApe-INFO: 16:37:42.527: sctp protocol not supported
EtherApe-INFO: 16:37:42.527: sctp protocol not supported
EtherApe-INFO: 16:37:42.527: sctp protocol not supported
EtherApe-INFO: 16:37:42.527: sctp protocol not supported
EtherApe-INFO: 16:37:42.527: dccp protocol not supported
EtherApe-INFO: 16:37:42.528: sctp protocol not supported
EtherApe-INFO: 16:37:42.528: sctp protocol not supported
EtherApe-INFO: 16:37:42.528: dccp protocol not supported
EtherApe-INFO: 16:37:42.528: sctp protocol not supported
EtherApe-INFO: 16:37:42.528: sctp protocol not supported
EtherApe-INFO: 16:37:42.528: sctp protocol not supported
EtherApe-INFO: 16:37:42.528: dccp protocol not supported
EtherApe-INFO: 16:37:42.528: dccp protocol not supported
EtherApe-INFO: 16:37:42.528: sctp protocol not supported
EtherApe-INFO: 16:37:42.528: sctp protocol not supported
EtherApe-INFO: 16:37:42.528: sctp protocol not supported
EtherApe-INFO: 16:37:42.528: sctp protocol not supported
EtherApe-INFO: 16:37:42.528: sctp protocol not supported
EtherApe-INFO: 16:37:42.528: sctp protocol not supported
EtherApe-INFO: 16:37:42.529: sctp protocol not supported
EtherApe-INFO: 16:37:42.529: sctp protocol not supported
EtherApe-INFO: 16:37:42.529: sctp protocol not supported
EtherApe-INFO: 16:37:42.529: sctp protocol not supported
EtherApe-INFO: 16:37:42.529: sctp protocol not supported
EtherApe-INFO: 16:37:42.529: sctp protocol not supported
EtherApe-INFO: 16:37:42.529: sctp protocol not supported
EtherApe-INFO: 16:37:42.529: dccp protocol not supported
EtherApe-INFO: 16:37:42.529: sctp protocol not supported
EtherApe-INFO: 16:37:42.529: sctp protocol not supported
EtherApe-INFO: 16:37:42.529: sctp protocol not supported
EtherApe-INFO: 16:37:42.529: sctp protocol not supported
EtherApe-INFO: 16:37:42.529: sctp protocol not supported
EtherApe-INFO: 16:37:42.529: sctp protocol not supported
EtherApe-INFO: 16:37:42.529: sctp protocol not supported
EtherApe-INFO: 16:37:42.530: sctp protocol not supported
EtherApe-INFO: 16:37:42.530: sctp protocol not supported
EtherApe-INFO: 16:37:42.530: sctp protocol not supported
EtherApe-INFO: 16:37:42.530: sctp protocol not supported
EtherApe-INFO: 16:37:42.530: sctp protocol not supported
EtherApe-INFO: 16:37:42.530: sctp protocol not supported
EtherApe-INFO: 16:37:42.530: sctp protocol not supported
EtherApe-INFO: 16:37:42.530: sctp protocol not supported
EtherApe-INFO: 16:37:42.530: sctp protocol not supported
EtherApe-INFO: 16:37:42.530: sctp protocol not supported
EtherApe-INFO: 16:37:42.530: sctp protocol not supported
EtherApe-INFO: 16:37:42.531: sctp protocol not supported
EtherApe-INFO: 16:37:42.531: sctp protocol not supported
EtherApe-INFO: 16:37:42.531: sctp protocol not supported
EtherApe-INFO: 16:37:42.531: sctp protocol not supported
EtherApe-INFO: 16:37:42.531: sctp protocol not supported
EtherApe-INFO: 16:37:42.531: sctp protocol not supported
EtherApe-INFO: 16:37:42.531: sctp protocol not supported
EtherApe-INFO: 16:37:42.531: sctp protocol not supported
EtherApe-INFO: 16:37:42.531: sctp protocol not supported
EtherApe-INFO: 16:37:42.531: sctp protocol not supported
EtherApe-INFO: 16:37:42.531: sctp protocol not supported
EtherApe-INFO: 16:37:42.531: sctp protocol not supported
EtherApe-INFO: 16:37:42.531: sctp protocol not supported
EtherApe-INFO: 16:37:42.531: sctp protocol not supported
EtherApe-INFO: 16:37:42.531: sctp protocol not supported
EtherApe-INFO: 16:37:42.531: sctp protocol not supported
EtherApe-INFO: 16:37:42.531: sctp protocol not supported
EtherApe-INFO: 16:37:42.531: sctp protocol not supported
EtherApe-INFO: 16:37:42.578: get_interface result: ''
EtherApe-INFO: 16:37:42.579: Available interfaces for capture: dbus-session dbus-system nfqueue nflog bluetooth-monitor lo any wlp1s0
EtherApe-INFO: 16:37:42.607: Link type is LINUX_SLL
EtherApe-INFO: 16:37:42.608: Diagram started
EtherApe-INFO: 16:37:44.166: New node: IP: 142.250.203.206. Number of nodes 1
EtherApe-INFO: 16:37:44.166: New node: IP: 192.168.2.158. Number of nodes 2
EtherApe-INFO: 16:37:44.167: New node: IP: 192.168.2.1. Number of nodes 3
EtherApe-INFO: 16:37:44.167: New node: IP: 142.251.39.36. Number of nodes 4
EtherApe-INFO: 16:37:48.433: New node: IP: 149.154.167.51. Number of nodes 5
EtherApe-INFO: 16:37:48.433: New node: IP: 82.165.77.164. Number of nodes 6
EtherApe-INFO: 16:37:51.900: New node: IP: 149.154.167.50. Number of nodes 7
EtherApe-INFO: 16:37:55.099: New node: IP: 142.251.39.42. Number of nodes 8
