(etherape:1378): GLib-GIO-DEBUG: 01:45:51.708: _g_io_module_get_default: Found default implementation local (GLocalVfs) for ‘gio-vfs’
EtherApe-INFO: 01:45:51.848: sctp protocol not supported
EtherApe-INFO: 01:45:51.848: dccp protocol not supported
EtherApe-INFO: 01:45:51.848: sctp protocol not supported
EtherApe-INFO: 01:45:51.848: sctp protocol not supported
EtherApe-INFO: 01:45:51.848: sctp protocol not supported
EtherApe-INFO: 01:45:51.848: sctp protocol not supported
EtherApe-INFO: 01:45:51.848: sctp protocol not supported
EtherApe-INFO: 01:45:51.849: sctp protocol not supported
EtherApe-INFO: 01:45:51.849: sctp protocol not supported
EtherApe-INFO: 01:45:51.849: dccp protocol not supported
EtherApe-INFO: 01:45:51.849: sctp protocol not supported
EtherApe-INFO: 01:45:51.849: dccp protocol not supported
EtherApe-INFO: 01:45:51.849: dccp protocol not supported
EtherApe-INFO: 01:45:51.849: sctp protocol not supported
EtherApe-INFO: 01:45:51.850: sctp protocol not supported
EtherApe-INFO: 01:45:51.850: sctp protocol not supported
EtherApe-INFO: 01:45:51.850: sctp protocol not supported
EtherApe-INFO: 01:45:51.850: sctp protocol not supported
EtherApe-INFO: 01:45:51.851: sctp protocol not supported
EtherApe-INFO: 01:45:51.851: sctp protocol not supported
EtherApe-INFO: 01:45:51.851: sctp protocol not supported
EtherApe-INFO: 01:45:51.851: sctp protocol not supported
EtherApe-INFO: 01:45:51.851: sctp protocol not supported
EtherApe-INFO: 01:45:51.852: sctp protocol not supported
EtherApe-INFO: 01:45:51.852: sctp protocol not supported
EtherApe-INFO: 01:45:51.852: sctp protocol not supported
EtherApe-INFO: 01:45:51.852: sctp protocol not supported
EtherApe-INFO: 01:45:51.853: sctp protocol not supported
EtherApe-INFO: 01:45:51.853: dccp protocol not supported
EtherApe-INFO: 01:45:51.853: sctp protocol not supported
EtherApe-INFO: 01:45:51.853: sctp protocol not supported
EtherApe-INFO: 01:45:51.853: dccp protocol not supported
EtherApe-INFO: 01:45:51.853: sctp protocol not supported
EtherApe-INFO: 01:45:51.853: sctp protocol not supported
EtherApe-INFO: 01:45:51.853: sctp protocol not supported
EtherApe-INFO: 01:45:51.853: dccp protocol not supported
EtherApe-INFO: 01:45:51.853: dccp protocol not supported
EtherApe-INFO: 01:45:51.853: sctp protocol not supported
EtherApe-INFO: 01:45:51.853: sctp protocol not supported
EtherApe-INFO: 01:45:51.853: sctp protocol not supported
EtherApe-INFO: 01:45:51.853: sctp protocol not supported
EtherApe-INFO: 01:45:51.853: sctp protocol not supported
EtherApe-INFO: 01:45:51.853: sctp protocol not supported
EtherApe-INFO: 01:45:51.853: sctp protocol not supported
EtherApe-INFO: 01:45:51.853: sctp protocol not supported
EtherApe-INFO: 01:45:51.854: sctp protocol not supported
EtherApe-INFO: 01:45:51.854: sctp protocol not supported
EtherApe-INFO: 01:45:51.854: sctp protocol not supported
EtherApe-INFO: 01:45:51.854: sctp protocol not supported
EtherApe-INFO: 01:45:51.854: sctp protocol not supported
EtherApe-INFO: 01:45:51.854: dccp protocol not supported
EtherApe-INFO: 01:45:51.854: sctp protocol not supported
EtherApe-INFO: 01:45:51.854: sctp protocol not supported
EtherApe-INFO: 01:45:51.854: sctp protocol not supported
EtherApe-INFO: 01:45:51.854: sctp protocol not supported
EtherApe-INFO: 01:45:51.854: sctp protocol not supported
EtherApe-INFO: 01:45:51.854: sctp protocol not supported
EtherApe-INFO: 01:45:51.854: sctp protocol not supported
EtherApe-INFO: 01:45:51.854: sctp protocol not supported
EtherApe-INFO: 01:45:51.854: sctp protocol not supported
EtherApe-INFO: 01:45:51.854: sctp protocol not supported
EtherApe-INFO: 01:45:51.855: sctp protocol not supported
EtherApe-INFO: 01:45:51.855: sctp protocol not supported
EtherApe-INFO: 01:45:51.855: sctp protocol not supported
EtherApe-INFO: 01:45:51.855: sctp protocol not supported
EtherApe-INFO: 01:45:51.855: sctp protocol not supported
EtherApe-INFO: 01:45:51.855: sctp protocol not supported
EtherApe-INFO: 01:45:51.855: sctp protocol not supported
EtherApe-INFO: 01:45:51.855: sctp protocol not supported
EtherApe-INFO: 01:45:51.855: sctp protocol not supported
EtherApe-INFO: 01:45:51.855: sctp protocol not supported
EtherApe-INFO: 01:45:51.855: sctp protocol not supported
EtherApe-INFO: 01:45:51.855: sctp protocol not supported
EtherApe-INFO: 01:45:51.855: sctp protocol not supported
EtherApe-INFO: 01:45:51.855: sctp protocol not supported
EtherApe-INFO: 01:45:51.855: sctp protocol not supported
EtherApe-INFO: 01:45:51.855: sctp protocol not supported
EtherApe-INFO: 01:45:51.855: sctp protocol not supported
EtherApe-INFO: 01:45:51.855: sctp protocol not supported
EtherApe-INFO: 01:45:51.855: sctp protocol not supported
EtherApe-INFO: 01:45:51.855: sctp protocol not supported
EtherApe-INFO: 01:45:51.855: sctp protocol not supported
EtherApe-INFO: 01:45:51.855: sctp protocol not supported
EtherApe-INFO: 01:45:51.855: sctp protocol not supported
EtherApe-INFO: 01:45:51.855: sctp protocol not supported
EtherApe-INFO: 01:45:51.855: sctp protocol not supported
EtherApe-INFO: 01:45:51.855: sctp protocol not supported
EtherApe-INFO: 01:45:51.866: get_interface result: ''
EtherApe-INFO: 01:45:51.867: Available interfaces for capture: dbus-session dbus-system nfqueue nflog bluetooth-monitor enp0s25 lo any wlp3s0
EtherApe-INFO: 01:45:51.882: Link type is LINUX_SLL
EtherApe-INFO: 01:45:51.882: Diagram started
EtherApe-INFO: 01:45:56.405: New node: IP: 192.168.2.133. Number of nodes 1
EtherApe-INFO: 01:45:56.405: New node: IP: 149.154.167.51. Number of nodes 2
EtherApe-INFO: 01:45:58.538: New node: IP: 192.168.2.1. Number of nodes 3
EtherApe-INFO: 01:46:02.005: New node: IP: 149.154.167.223. Number of nodes 4
EtherApe-INFO: 01:46:02.005: New node: IP: 149.154.166.120. Number of nodes 5
EtherApe-INFO: 01:46:20.406: New node: IP: 91.236.251.234. Number of nodes 6
EtherApe-INFO: 01:46:35.072: New node: IP: 104.16.248.249. Number of nodes 7
EtherApe-INFO: 01:46:35.872: New node: IP: 34.107.221.82. Number of nodes 8
EtherApe-INFO: 01:46:35.873: New node: IP: 34.117.237.239. Number of nodes 9
EtherApe-INFO: 01:46:35.873: New node: IP: 54.192.231.23. Number of nodes 10
EtherApe-INFO: 01:46:35.874: New node: IP: 142.250.186.202. Number of nodes 11
EtherApe-INFO: 01:46:35.874: New node: IP: 34.120.208.123. Number of nodes 12
EtherApe-INFO: 01:46:35.875: New node: IP: 52.36.0.217. Number of nodes 13
EtherApe-INFO: 01:46:35.876: New node: IP: 54.187.120.38. Number of nodes 14
EtherApe-INFO: 01:46:35.878: New node: IP: 34.213.117.0. Number of nodes 15
EtherApe-INFO: 01:46:35.880: New node: IP: 104.18.12.33. Number of nodes 16
EtherApe-INFO: 01:46:36.139: New node: IP: 104.16.249.249. Number of nodes 17
EtherApe-INFO: 01:46:36.141: New node: IP: 54.148.228.45. Number of nodes 18
EtherApe-INFO: 01:46:36.144: New node: IP: 216.58.215.69. Number of nodes 19
EtherApe-INFO: 01:46:36.144: New node: IP: 140.82.121.4. Number of nodes 20
EtherApe-INFO: 01:46:36.146: New node: IP: 83.143.223.85. Number of nodes 21
EtherApe-INFO: 01:46:37.474: New node: IP: 87.245.216.9. Number of nodes 22
EtherApe-INFO: 01:46:37.475: New node: IP: 93.184.220.29. Number of nodes 23
EtherApe-INFO: 01:46:37.740: New node: IP: 142.250.203.195. Number of nodes 24
EtherApe-INFO: 01:46:38.006: New node: IP: 104.18.13.33. Number of nodes 25
EtherApe-INFO: 01:46:38.272: New node: IP: 35.186.227.140. Number of nodes 26
EtherApe-INFO: 01:46:38.809: New node: IP: 185.199.110.154. Number of nodes 27
EtherApe-INFO: 01:46:38.811: New node: IP: 185.199.108.133. Number of nodes 28
EtherApe-INFO: 01:46:39.340: New node: IP: 140.82.112.22. Number of nodes 29
EtherApe-INFO: 01:46:39.877: New node: IP: 185.199.111.133. Number of nodes 30
EtherApe-INFO: 01:46:40.139: New node: IP: 185.199.109.133. Number of nodes 31
EtherApe-INFO: 01:46:40.139: New node: IP: 142.250.186.195. Number of nodes 32
EtherApe-INFO: 01:46:40.141: New node: IP: 140.82.112.26. Number of nodes 33
EtherApe-INFO: 01:46:40.141: New node: IP: 172.217.20.163. Number of nodes 34
EtherApe-INFO: 01:46:40.407: New node: IP: 216.58.209.1. Number of nodes 35
EtherApe-INFO: 01:46:40.942: New node: IP: 142.250.203.206. Number of nodes 36
EtherApe-INFO: 01:46:40.943: New node: IP: 142.250.186.206. Number of nodes 37
EtherApe-INFO: 01:46:41.740: New node: IP: 94.130.16.144. Number of nodes 38
EtherApe-INFO: 01:46:42.272: New node: IP: 142.250.186.196. Number of nodes 39
EtherApe-INFO: 01:46:42.273: New node: IP: 216.58.208.206. Number of nodes 40
EtherApe-INFO: 01:46:43.346: New node: IP: 140.82.121.5. Number of nodes 41
EtherApe-INFO: 01:46:44.141: New node: IP: 172.217.20.169. Number of nodes 42
EtherApe-INFO: 01:46:44.406: New node: IP: 142.250.75.1. Number of nodes 43
EtherApe-INFO: 01:46:44.407: New node: IP: 151.101.193.69. Number of nodes 44
EtherApe-INFO: 01:46:44.413: New node: IP: 142.250.203.193. Number of nodes 45
EtherApe-INFO: 01:46:44.673: New node: IP: 172.217.16.14. Number of nodes 46
EtherApe-INFO: 01:46:44.673: New node: IP: 216.58.208.194. Number of nodes 47
EtherApe-INFO: 01:46:44.947: New node: IP: 216.58.215.73. Number of nodes 48
EtherApe-INFO: 01:46:44.948: New node: IP: 151.101.66.133. Number of nodes 49
EtherApe-INFO: 01:46:44.954: New node: IP: 142.250.75.8. Number of nodes 50
EtherApe-INFO: 01:46:45.756: New node: IP: 142.250.203.138. Number of nodes 51
EtherApe-INFO: 01:46:45.758: New node: IP: 104.81.120.141. Number of nodes 52
EtherApe-INFO: 01:46:46.540: New node: IP: 2.23.108.23. Number of nodes 53
EtherApe-INFO: 01:46:46.541: New node: IP: 172.104.252.78. Number of nodes 54
EtherApe-INFO: 01:46:46.816: New node: IP: 87.245.212.11. Number of nodes 55
EtherApe-INFO: 01:46:47.340: New node: IP: 104.81.107.51. Number of nodes 56
EtherApe-INFO: 01:46:47.606: New node: IP: 15.236.176.210. Number of nodes 57
EtherApe-INFO: 01:46:47.872: New node: IP: 2.18.110.106. Number of nodes 58
EtherApe-INFO: 01:46:48.675: New node: IP: 89.187.191.12. Number of nodes 59
EtherApe-INFO: 01:46:48.964: New node: IP: 142.250.203.197. Number of nodes 60
EtherApe-INFO: 01:46:51.076: New node: IP: 142.250.203.142. Number of nodes 61
EtherApe-INFO: 01:46:51.090: New node: IP: 216.58.215.106. Number of nodes 62
EtherApe-INFO: 01:46:52.943: New node: IP: 172.217.20.202. Number of nodes 63
EtherApe-INFO: 01:46:53.215: New node: IP: 216.58.209.10. Number of nodes 64
EtherApe-INFO: 01:46:53.476: New node: IP: 142.250.75.14. Number of nodes 65
EtherApe-INFO: 01:47:02.540: New node: IP: 216.58.209.14. Number of nodes 66
EtherApe-INFO: 01:47:03.072: New node: IP: 95.216.144.15. Number of nodes 67
EtherApe-INFO: 01:47:05.472: New node: IP: 64.233.161.189. Number of nodes 68
EtherApe-INFO: 01:47:07.075: New node: IPv6: fe80::9ada:c4ff:febf:99a5. Number of nodes 69
EtherApe-INFO: 01:47:07.075: New node: IPv6: ff02::1. Number of nodes 70
EtherApe-INFO: 01:47:18.810: New node: IP: 142.250.203.202. Number of nodes 71
EtherApe-INFO: 01:48:01.472: New node: IP: 140.82.121.3. Number of nodes 72
EtherApe-INFO: 01:48:01.739: New node: IP: 140.82.121.10. Number of nodes 73
EtherApe-INFO: 01:48:18.849: delete node: IP: 149.154.167.223. Number of nodes 72
EtherApe-INFO: 01:48:18.849: delete node: IP: 149.154.166.120. Number of nodes 71
EtherApe-INFO: 01:48:38.348: delete node: IP: 104.16.249.249. Number of nodes 70
EtherApe-INFO: 01:48:38.912: delete node: IP: 104.18.13.33. Number of nodes 69
EtherApe-INFO: 01:48:38.912: delete node: IP: 54.148.228.45. Number of nodes 68
EtherApe-INFO: 01:48:40.457: delete node: IP: 185.199.109.133. Number of nodes 67
EtherApe-INFO: 01:48:40.682: delete node: IP: 185.199.108.133. Number of nodes 66
EtherApe-INFO: 01:48:42.898: delete node: IP: 216.58.208.206. Number of nodes 65
EtherApe-INFO: 01:48:42.899: delete node: IP: 94.130.16.144. Number of nodes 64
EtherApe-INFO: 01:48:45.002: delete node: IP: 151.101.193.69. Number of nodes 63
EtherApe-INFO: 01:48:46.006: delete node: IP: 172.217.20.169. Number of nodes 62
EtherApe-INFO: 01:48:46.007: delete node: IP: 142.250.75.8. Number of nodes 61
EtherApe-INFO: 01:48:46.910: delete node: IP: 142.250.186.202. Number of nodes 60
EtherApe-INFO: 01:48:49.223: delete node: IP: 34.213.117.0. Number of nodes 59
EtherApe-INFO: 01:48:50.898: delete node: IP: 142.250.186.206. Number of nodes 58
EtherApe-INFO: 01:48:51.888: delete node: IP: 142.250.203.193. Number of nodes 57
EtherApe-INFO: 01:48:51.888: delete node: IP: 142.250.203.142. Number of nodes 56
EtherApe-INFO: 01:48:54.294: delete node: IP: 172.104.252.78. Number of nodes 55
EtherApe-INFO: 01:48:54.294: delete node: IP: 142.250.75.14. Number of nodes 54
EtherApe-INFO: 01:48:54.294: delete node: IP: 83.143.223.85. Number of nodes 53
EtherApe-INFO: 01:48:54.542: New node: IP: 149.154.167.223. Number of nodes 54
EtherApe-INFO: 01:49:04.142: New node: IP: 142.250.75.4. Number of nodes 55
EtherApe-INFO: 01:49:04.455: delete node: IP: 216.58.209.14. Number of nodes 54
EtherApe-INFO: 01:49:10.326: delete node: IPv6: ff02::1. Number of nodes 53
EtherApe-INFO: 01:49:10.326: delete node: IPv6: fe80::9ada:c4ff:febf:99a5. Number of nodes 52
EtherApe-INFO: 01:49:10.326: delete node: IP: 87.245.212.11. Number of nodes 51
EtherApe-INFO: 01:49:10.327: delete node: IP: 2.23.108.23. Number of nodes 50
EtherApe-INFO: 01:49:13.272: delete node: IP: 104.81.120.141. Number of nodes 49
EtherApe-INFO: 01:49:22.626: delete node: IP: 142.250.186.196. Number of nodes 48
EtherApe-INFO: 01:49:22.626: delete node: IP: 15.236.176.210. Number of nodes 47
EtherApe-INFO: 01:49:26.330: delete node: IP: 91.236.251.234. Number of nodes 46
EtherApe-INFO: 01:49:32.939: New node: IP: 91.236.251.234. Number of nodes 47
EtherApe-INFO: 01:49:40.464: delete node: IP: 54.187.120.38. Number of nodes 46
EtherApe-INFO: 01:49:40.464: delete node: IP: 52.36.0.217. Number of nodes 45
EtherApe-INFO: 01:49:58.105: delete node: IP: 89.187.191.12. Number of nodes 44
EtherApe-INFO: 01:50:02.578: delete node: IP: 140.82.121.10. Number of nodes 43
EtherApe-INFO: 01:50:02.578: delete node: IP: 140.82.121.3. Number of nodes 42
EtherApe-INFO: 01:50:11.148: delete node: IP: 95.216.144.15. Number of nodes 41
EtherApe-INFO: 01:50:19.072: New node: IP: 95.216.195.133. Number of nodes 42
EtherApe-INFO: 01:50:34.337: delete node: IP: 54.192.231.23. Number of nodes 41
EtherApe-INFO: 01:50:34.337: delete node: IP: 34.107.221.82. Number of nodes 40
EtherApe-INFO: 01:50:44.480: delete node: IP: 104.81.107.51. Number of nodes 39
EtherApe-INFO: 01:50:44.480: delete node: IP: 93.184.220.29. Number of nodes 38
EtherApe-INFO: 01:50:44.480: delete node: IP: 87.245.216.9. Number of nodes 37
EtherApe-INFO: 01:50:44.480: delete node: IP: 2.18.110.106. Number of nodes 36
EtherApe-INFO: 01:51:14.291: delete node: IP: 149.154.167.223. Number of nodes 35
EtherApe-INFO: 01:51:30.033: delete node: IP: 104.18.12.33. Number of nodes 34
EtherApe-INFO: 01:51:30.033: delete node: IP: 34.120.208.123. Number of nodes 33
EtherApe-INFO: 01:51:30.033: delete node: IP: 34.117.237.239. Number of nodes 32
EtherApe-INFO: 01:51:31.072: New node: IP: 34.117.237.239. Number of nodes 33
EtherApe-INFO: 01:51:31.339: New node: IP: 145.40.68.75. Number of nodes 34
EtherApe-INFO: 01:51:32.139: New node: IP: 5.9.66.36. Number of nodes 35
EtherApe-INFO: 01:51:32.139: New node: IP: 142.250.203.196. Number of nodes 36
EtherApe-INFO: 01:51:32.406: New node: IP: 216.58.209.14. Number of nodes 37
EtherApe-INFO: 01:51:32.407: New node: IP: 142.250.75.14. Number of nodes 38
EtherApe-INFO: 01:51:33.297: delete node: IP: 91.236.251.234. Number of nodes 37
EtherApe-INFO: 01:51:34.363: delete node: IP: 185.199.111.133. Number of nodes 36
EtherApe-INFO: 01:51:34.363: delete node: IP: 185.199.110.154. Number of nodes 35
EtherApe-INFO: 01:51:34.363: delete node: IP: 35.186.227.140. Number of nodes 34
EtherApe-INFO: 01:51:35.072: New node: IP: 192.0.66.96. Number of nodes 35
EtherApe-INFO: 01:51:35.339: New node: IP: 87.245.216.72. Number of nodes 36
EtherApe-INFO: 01:51:35.342: New node: IP: 192.0.76.3. Number of nodes 37
EtherApe-INFO: 01:51:35.343: delete node: IP: 216.58.208.194. Number of nodes 36
EtherApe-INFO: 01:51:35.343: delete node: IP: 172.217.16.14. Number of nodes 35
EtherApe-INFO: 01:51:35.343: delete node: IP: 142.250.75.1. Number of nodes 34
EtherApe-INFO: 01:51:35.605: New node: IP: 107.21.243.218. Number of nodes 35
EtherApe-INFO: 01:51:35.665: delete node: IP: 140.82.112.22. Number of nodes 34
EtherApe-INFO: 01:51:35.872: New node: IP: 209.51.188.116. Number of nodes 35
EtherApe-INFO: 01:51:35.872: New node: IP: 93.184.220.29. Number of nodes 36
EtherApe-INFO: 01:51:36.139: New node: IP: 87.245.216.107. Number of nodes 37
EtherApe-INFO: 01:51:36.140: New node: IP: 107.20.243.39. Number of nodes 38
EtherApe-INFO: 01:51:36.406: New node: IP: 2.18.101.192. Number of nodes 39
EtherApe-INFO: 01:51:36.407: New node: IP: 151.101.2.217. Number of nodes 40
EtherApe-INFO: 01:51:36.414: delete node: IP: 216.58.215.73. Number of nodes 39
EtherApe-INFO: 01:51:36.674: New node: IP: 198.54.96.130. Number of nodes 40
EtherApe-INFO: 01:51:36.940: New node: IP: 87.245.216.112. Number of nodes 41
EtherApe-INFO: 01:51:36.941: New node: IP: 34.249.243.52. Number of nodes 42
EtherApe-INFO: 01:51:37.217: New node: IP: 172.64.155.188. Number of nodes 43
EtherApe-INFO: 01:51:37.473: New node: IP: 192.0.77.32. Number of nodes 44
EtherApe-INFO: 01:51:37.473: New node: IP: 172.217.20.169. Number of nodes 45
EtherApe-INFO: 01:51:37.474: New node: IP: 87.245.216.66. Number of nodes 46
EtherApe-INFO: 01:51:37.541: delete node: IP: 151.101.66.133. Number of nodes 45
EtherApe-INFO: 01:51:37.541: delete node: IP: 142.250.203.138. Number of nodes 44
EtherApe-INFO: 01:51:37.541: delete node: IP: 140.82.121.4. Number of nodes 43
EtherApe-INFO: 01:51:37.741: New node: IP: 216.58.215.105. Number of nodes 44
EtherApe-INFO: 01:51:38.272: New node: IP: 192.0.73.2. Number of nodes 45
EtherApe-INFO: 01:51:38.273: New node: IP: 54.148.228.45. Number of nodes 46
EtherApe-INFO: 01:51:38.317: delete node: IP: 140.82.121.5. Number of nodes 45
EtherApe-INFO: 01:51:39.340: New node: IP: 142.250.75.3. Number of nodes 46
EtherApe-INFO: 01:51:41.798: delete node: IP: 142.250.203.197. Number of nodes 45
EtherApe-INFO: 01:51:41.798: delete node: IP: 142.250.186.195. Number of nodes 44
EtherApe-INFO: 01:51:42.369: delete node: IP: 216.58.215.106. Number of nodes 43
EtherApe-INFO: 01:51:43.607: delete node: IP: 172.217.20.202. Number of nodes 42
EtherApe-INFO: 01:51:43.872: New node: IP: 142.250.203.129. Number of nodes 43
EtherApe-INFO: 01:51:44.943: New node: IP: 142.250.186.194. Number of nodes 44
EtherApe-INFO: 01:51:44.945: New node: IP: 172.217.16.46. Number of nodes 45
EtherApe-INFO: 01:51:45.034: delete node: IP: 216.58.209.10. Number of nodes 44
EtherApe-INFO: 01:51:46.005: New node: IP: 216.58.209.2. Number of nodes 45
EtherApe-INFO: 01:51:46.006: New node: IP: 172.217.16.6. Number of nodes 46
EtherApe-INFO: 01:51:46.272: New node: IP: 172.217.16.10. Number of nodes 47
EtherApe-INFO: 01:51:46.539: New node: IP: 142.250.75.22. Number of nodes 48
EtherApe-INFO: 01:52:21.229: delete node: IP: 95.216.195.133. Number of nodes 47
EtherApe-INFO: 01:52:45.472: New node: IP: 13.107.42.14. Number of nodes 48
EtherApe-INFO: 01:52:45.742: New node: IP: 152.199.21.118. Number of nodes 49
EtherApe-INFO: 01:52:46.542: New node: IP: 94.130.16.144. Number of nodes 50
EtherApe-INFO: 01:52:46.825: New node: IP: 69.16.175.10. Number of nodes 51
EtherApe-INFO: 01:52:47.872: New node: IP: 185.199.111.154. Number of nodes 52
EtherApe-INFO: 01:52:48.138: New node: IP: 140.82.121.4. Number of nodes 53
EtherApe-INFO: 01:52:48.406: New node: IP: 140.82.113.22. Number of nodes 54
EtherApe-INFO: 01:52:49.205: New node: IP: 140.82.121.6. Number of nodes 55
EtherApe-INFO: 01:52:49.485: New node: IP: 185.199.111.133. Number of nodes 56
EtherApe-INFO: 01:52:50.272: New node: IP: 152.199.22.144. Number of nodes 57
EtherApe-INFO: 01:52:52.139: New node: IP: 172.217.20.174. Number of nodes 58
EtherApe-INFO: 01:52:53.516: New node: IP: 176.122.113.76. Number of nodes 59
EtherApe-INFO: 01:52:54.273: New node: IP: 54.225.107.103. Number of nodes 60
EtherApe-INFO: 01:52:54.805: New node: IP: 192.124.249.23. Number of nodes 61
EtherApe-INFO: 01:52:54.807: New node: IP: 176.122.113.14. Number of nodes 62
EtherApe-INFO: 01:52:56.672: New node: IP: 216.58.209.22. Number of nodes 63
EtherApe-INFO: 01:52:59.339: New node: IP: 91.198.174.192. Number of nodes 64
EtherApe-INFO: 01:52:59.340: New node: IP: 216.58.215.106. Number of nodes 65
EtherApe-INFO: 01:52:59.891: New node: IP: 45.54.49.5. Number of nodes 66
EtherApe-INFO: 01:53:03.872: New node: IP: 216.58.215.98. Number of nodes 67
EtherApe-INFO: 01:53:04.405: New node: IP: 104.81.244.232. Number of nodes 68
EtherApe-INFO: 01:53:07.080: New node: IP: 172.217.20.195. Number of nodes 69
EtherApe-INFO: 01:53:08.407: New node: IP: 46.101.118.55. Number of nodes 70
EtherApe-INFO: 01:53:08.674: New node: IP: 192.124.249.13. Number of nodes 71
EtherApe-INFO: 01:53:09.205: New node: IP: 198.175.96.207. Number of nodes 72
EtherApe-INFO: 01:53:09.472: New node: IP: 104.17.25.14. Number of nodes 73
EtherApe-INFO: 01:53:09.474: New node: IP: 192.124.249.41. Number of nodes 74
EtherApe-INFO: 01:53:11.346: New node: IP: 185.101.138.146. Number of nodes 75
EtherApe-INFO: 01:53:11.356: New node: IP: 104.81.211.161. Number of nodes 76
EtherApe-INFO: 01:53:12.672: New node: IP: 54.192.231.60. Number of nodes 77
EtherApe-INFO: 01:53:12.684: New node: IP: 104.17.24.14. Number of nodes 78
EtherApe-INFO: 01:53:13.207: New node: IP: 65.9.63.73. Number of nodes 79
EtherApe-INFO: 01:53:14.006: New node: IP: 142.250.203.194. Number of nodes 80
EtherApe-INFO: 01:53:14.272: New node: IP: 69.90.69.8. Number of nodes 81
EtherApe-INFO: 01:53:14.273: New node: IP: 142.0.165.137. Number of nodes 82
EtherApe-INFO: 01:53:14.273: New node: IP: 2.23.108.247. Number of nodes 83
EtherApe-INFO: 01:53:14.275: New node: IP: 15.236.176.210. Number of nodes 84
EtherApe-INFO: 01:53:14.542: New node: IP: 79.125.52.138. Number of nodes 85
EtherApe-INFO: 01:53:16.673: New node: IP: 104.18.37.29. Number of nodes 86
EtherApe-INFO: 01:53:16.939: New node: IP: 2.18.104.95. Number of nodes 87
EtherApe-INFO: 01:53:16.940: New node: IP: 185.33.221.14. Number of nodes 88
EtherApe-INFO: 01:53:16.940: New node: IP: 216.105.38.9. Number of nodes 89
EtherApe-INFO: 01:53:16.940: New node: IP: 172.64.153.2. Number of nodes 90
EtherApe-INFO: 01:53:17.207: New node: IP: 142.250.203.138. Number of nodes 91
EtherApe-INFO: 01:53:17.208: New node: IP: 142.250.186.196. Number of nodes 92
EtherApe-INFO: 01:53:17.739: New node: IP: 104.18.34.243. Number of nodes 93
EtherApe-INFO: 01:53:38.361: delete node: IP: 87.245.216.66. Number of nodes 92
EtherApe-INFO: 01:53:38.361: delete node: IP: 5.9.66.36. Number of nodes 91
EtherApe-INFO: 01:53:38.592: delete node: IP: 107.21.243.218. Number of nodes 90
EtherApe-INFO: 01:53:38.592: delete node: IP: 107.20.243.39. Number of nodes 89
EtherApe-INFO: 01:53:38.592: delete node: IP: 54.148.228.45. Number of nodes 88
EtherApe-INFO: 01:53:38.805: New node: IP: 34.120.208.123. Number of nodes 89
EtherApe-INFO: 01:53:39.338: New node: IP: 172.217.16.14. Number of nodes 90
EtherApe-INFO: 01:53:41.799: delete node: IP: 209.51.188.116. Number of nodes 89
EtherApe-INFO: 01:53:41.799: delete node: IP: 2.18.101.192. Number of nodes 88
EtherApe-INFO: 01:53:42.909: delete node: IP: 198.54.96.130. Number of nodes 87
EtherApe-INFO: 01:53:45.769: delete node: IP: 172.217.20.169. Number of nodes 86
EtherApe-INFO: 01:53:49.205: New node: IP: 91.236.251.234. Number of nodes 87
EtherApe-INFO: 01:53:57.782: delete node: IP: 87.245.216.112. Number of nodes 86
EtherApe-INFO: 01:53:57.782: delete node: IP: 87.245.216.72. Number of nodes 85
EtherApe-INFO: 01:54:01.206: New node: IP: 151.101.1.69. Number of nodes 86
EtherApe-INFO: 01:54:01.487: New node: IP: 151.101.129.69. Number of nodes 87
EtherApe-INFO: 01:54:01.498: New node: IP: 151.101.193.69. Number of nodes 88
EtherApe-INFO: 01:54:01.740: New node: IP: 151.101.65.69. Number of nodes 89
EtherApe-INFO: 01:54:02.006: New node: IP: 198.252.206.25. Number of nodes 90
EtherApe-INFO: 01:54:03.338: New node: IP: 15.188.95.229. Number of nodes 91
EtherApe-INFO: 01:54:37.772: delete node: IP: 192.0.77.32. Number of nodes 90
EtherApe-INFO: 01:54:39.384: delete node: IP: 34.249.243.52. Number of nodes 89
EtherApe-INFO: 01:54:45.472: New node: IP: 142.250.203.193. Number of nodes 90
EtherApe-INFO: 01:54:45.490: delete node: IP: 192.0.66.96. Number of nodes 89
EtherApe-INFO: 01:54:46.805: New node: IP: 216.58.215.97. Number of nodes 90
EtherApe-INFO: 01:54:47.072: New node: IP: 142.250.75.9. Number of nodes 91
EtherApe-INFO: 01:54:47.074: New node: IP: 142.250.75.1. Number of nodes 92
EtherApe-INFO: 01:54:47.074: New node: IP: 142.250.203.142. Number of nodes 93
EtherApe-INFO: 01:54:47.478: delete node: IP: 94.130.16.144. Number of nodes 92
EtherApe-INFO: 01:54:54.831: delete node: IP: 216.58.209.14. Number of nodes 91
EtherApe-INFO: 01:55:00.216: delete node: IP: 54.225.107.103. Number of nodes 90
EtherApe-INFO: 01:55:03.709: delete node: IP: 216.58.215.106. Number of nodes 89
EtherApe-INFO: 01:55:07.922: delete node: IP: 172.217.16.6. Number of nodes 88
EtherApe-INFO: 01:55:08.940: delete node: IP: 172.217.16.10. Number of nodes 87
EtherApe-INFO: 01:55:12.956: delete node: IP: 104.17.24.14. Number of nodes 86
EtherApe-INFO: 01:55:16.488: delete node: IP: 142.250.203.194. Number of nodes 85
EtherApe-INFO: 01:55:17.507: delete node: IP: 142.250.203.138. Number of nodes 84
EtherApe-INFO: 01:55:19.072: New node: IP: 95.216.195.133. Number of nodes 85
EtherApe-INFO: 01:55:19.083: delete node: IP: 192.0.73.2. Number of nodes 84
EtherApe-INFO: 01:55:19.083: delete node: IP: 104.18.37.29. Number of nodes 83
EtherApe-INFO: 01:55:19.084: delete node: IP: 104.18.34.243. Number of nodes 82
EtherApe-INFO: 01:55:27.443: delete node: IP: 185.33.221.14. Number of nodes 81
EtherApe-INFO: 01:55:27.872: New node: IPv6: fe80::9ada:c4ff:febf:99a5. Number of nodes 82
EtherApe-INFO: 01:55:27.872: New node: IPv6: ff02::1. Number of nodes 83
EtherApe-INFO: 01:55:35.077: delete node: IP: 104.81.211.161. Number of nodes 82
EtherApe-INFO: 01:55:35.077: delete node: IP: 2.23.108.247. Number of nodes 81
EtherApe-INFO: 01:55:35.407: delete node: IP: 104.81.244.232. Number of nodes 80
EtherApe-INFO: 01:55:36.139: New node: IP: 142.250.186.202. Number of nodes 81
EtherApe-INFO: 01:55:38.882: delete node: IP: 2.18.104.95. Number of nodes 80
EtherApe-INFO: 01:55:42.546: New node: IP: 176.122.110.206. Number of nodes 81
EtherApe-INFO: 01:55:42.827: New node: IP: 172.217.16.10. Number of nodes 82
EtherApe-INFO: 01:55:49.261: delete node: IP: 216.105.38.9. Number of nodes 81
EtherApe-INFO: 01:55:49.261: delete node: IP: 91.236.251.234. Number of nodes 80
EtherApe-INFO: 01:55:49.844: delete node: IP: 145.40.68.75. Number of nodes 79
EtherApe-INFO: 01:55:51.605: New node: IP: 176.122.113.13. Number of nodes 80
EtherApe-INFO: 01:55:51.607: New node: IP: 142.250.186.197. Number of nodes 81
EtherApe-INFO: 01:55:51.608: New node: IP: 74.125.15.159. Number of nodes 82
EtherApe-INFO: 01:55:51.618: New node: IP: 173.194.53.10. Number of nodes 83
EtherApe-INFO: 01:55:51.628: delete node: IP: 192.0.76.3. Number of nodes 82
EtherApe-INFO: 01:55:58.009: New node: IP: 142.250.203.134. Number of nodes 83
EtherApe-INFO: 01:56:00.499: delete node: IP: 192.124.249.23. Number of nodes 82
EtherApe-INFO: 01:56:00.499: delete node: IP: 45.54.49.5. Number of nodes 81
EtherApe-INFO: 01:56:01.771: delete node: IP: 151.101.129.69. Number of nodes 80
EtherApe-INFO: 01:56:01.771: delete node: IP: 151.101.1.69. Number of nodes 79
EtherApe-INFO: 01:56:01.771: delete node: IP: 15.236.176.210. Number of nodes 78
EtherApe-INFO: 01:56:02.559: delete node: IP: 198.252.206.25. Number of nodes 77
EtherApe-INFO: 01:56:04.513: delete node: IP: 151.101.65.69. Number of nodes 76
EtherApe-INFO: 01:56:04.513: delete node: IP: 46.101.118.55. Number of nodes 75
EtherApe-INFO: 01:56:11.713: delete node: IP: 185.101.138.146. Number of nodes 74
EtherApe-INFO: 01:56:17.549: delete node: IP: 192.124.249.41. Number of nodes 73
EtherApe-INFO: 01:56:17.549: delete node: IP: 192.124.249.13. Number of nodes 72
EtherApe-INFO: 01:56:22.023: delete node: IP: 34.117.237.239. Number of nodes 71
EtherApe-INFO: 01:56:27.610: delete node: IP: 151.101.2.217. Number of nodes 70
EtherApe-INFO: 01:56:31.338: New node: IP: 145.40.68.75. Number of nodes 71
EtherApe-INFO: 01:56:36.718: delete node: IP: 142.250.186.194. Number of nodes 70
EtherApe-INFO: 01:56:37.808: delete node: IP: 142.250.203.196. Number of nodes 69
EtherApe-INFO: 01:56:37.808: delete node: IP: 142.250.75.22. Number of nodes 68
EtherApe-INFO: 01:56:38.538: New node: IP: 54.148.228.45. Number of nodes 69
EtherApe-INFO: 01:56:49.213: delete node: IP: 216.58.215.105. Number of nodes 68
EtherApe-INFO: 01:56:49.213: delete node: IP: 216.58.215.97. Number of nodes 67
EtherApe-INFO: 01:56:49.213: delete node: IP: 142.250.203.193. Number of nodes 66
EtherApe-INFO: 01:56:49.213: delete node: IP: 142.250.203.142. Number of nodes 65
EtherApe-INFO: 01:56:49.213: delete node: IP: 142.250.75.9. Number of nodes 64
EtherApe-INFO: 01:56:49.213: delete node: IP: 142.250.75.1. Number of nodes 63
EtherApe-INFO: 01:56:49.543: delete node: IP: 176.122.113.76. Number of nodes 62
EtherApe-INFO: 01:56:50.549: delete node: IP: 176.122.113.14. Number of nodes 61
EtherApe-INFO: 01:57:01.803: delete node: IP: 91.198.174.192. Number of nodes 60
EtherApe-INFO: 01:57:04.406: New node: IP: 176.122.113.12. Number of nodes 61
EtherApe-INFO: 01:57:04.673: New node: IP: 34.107.221.82. Number of nodes 62
EtherApe-INFO: 01:57:06.284: New node: IP: 172.217.20.182. Number of nodes 63
EtherApe-INFO: 01:57:06.624: delete node: IP: 198.175.96.207. Number of nodes 62
EtherApe-INFO: 01:57:07.648: delete node: IP: 15.188.95.229. Number of nodes 61
EtherApe-INFO: 01:57:10.911: delete node: IP: 172.64.155.188. Number of nodes 60
EtherApe-INFO: 01:57:10.911: delete node: IP: 93.184.220.29. Number of nodes 59
EtherApe-INFO: 01:57:14.360: delete node: IP: 87.245.216.107. Number of nodes 58
EtherApe-INFO: 01:57:20.191: delete node: IP: 142.0.165.137. Number of nodes 57
EtherApe-INFO: 01:57:20.192: delete node: IP: 95.216.195.133. Number of nodes 56
EtherApe-INFO: 01:57:20.192: delete node: IP: 69.90.69.8. Number of nodes 55
EtherApe-INFO: 01:57:29.507: delete node: IPv6: ff02::1. Number of nodes 54
EtherApe-INFO: 01:57:29.507: delete node: IPv6: fe80::9ada:c4ff:febf:99a5. Number of nodes 53
EtherApe-INFO: 01:57:37.527: delete node: IP: 69.16.175.10. Number of nodes 52
EtherApe-INFO: 01:57:40.762: delete node: IP: 185.199.111.133. Number of nodes 51
EtherApe-INFO: 01:57:41.509: delete node: IP: 216.58.215.69. Number of nodes 50
EtherApe-INFO: 01:57:44.729: delete node: IP: 172.217.20.174. Number of nodes 49
EtherApe-INFO: 01:57:44.729: delete node: IP: 152.199.22.144. Number of nodes 48
EtherApe-INFO: 01:57:47.400: delete node: IP: 152.199.21.118. Number of nodes 47
EtherApe-INFO: 01:57:50.602: delete node: IP: 185.199.111.154. Number of nodes 46
EtherApe-INFO: 01:57:53.209: delete node: IP: 173.194.53.10. Number of nodes 45
EtherApe-INFO: 01:57:54.831: delete node: IP: 216.58.215.98. Number of nodes 44
EtherApe-INFO: 01:57:58.372: delete node: IP: 172.217.16.10. Number of nodes 43
EtherApe-INFO: 01:57:58.372: delete node: IP: 142.250.203.134. Number of nodes 42
EtherApe-INFO: 01:58:01.791: delete node: IP: 216.58.209.1. Number of nodes 41
EtherApe-INFO: 01:58:01.791: delete node: IP: 142.250.75.14. Number of nodes 40
EtherApe-INFO: 01:58:01.791: delete node: IP: 104.17.25.14. Number of nodes 39
EtherApe-INFO: 01:58:04.244: delete node: IP: 54.192.231.60. Number of nodes 38
EtherApe-INFO: 01:58:04.676: delete node: IP: 65.9.63.73. Number of nodes 37
EtherApe-INFO: 01:58:06.275: New node: IP: 149.154.167.223. Number of nodes 38
