(etherape:11580): GLib-GIO-DEBUG: 19:47:34.429: _g_io_module_get_default: Found default implementation local (GLocalVfs) for ‘gio-vfs’
EtherApe-INFO: 19:47:34.568: sctp protocol not supported
EtherApe-INFO: 19:47:34.568: dccp protocol not supported
EtherApe-INFO: 19:47:34.568: sctp protocol not supported
EtherApe-INFO: 19:47:34.568: sctp protocol not supported
EtherApe-INFO: 19:47:34.568: sctp protocol not supported
EtherApe-INFO: 19:47:34.568: sctp protocol not supported
EtherApe-INFO: 19:47:34.568: sctp protocol not supported
EtherApe-INFO: 19:47:34.569: sctp protocol not supported
EtherApe-INFO: 19:47:34.569: sctp protocol not supported
EtherApe-INFO: 19:47:34.569: dccp protocol not supported
EtherApe-INFO: 19:47:34.569: sctp protocol not supported
EtherApe-INFO: 19:47:34.569: dccp protocol not supported
EtherApe-INFO: 19:47:34.569: dccp protocol not supported
EtherApe-INFO: 19:47:34.569: sctp protocol not supported
EtherApe-INFO: 19:47:34.570: sctp protocol not supported
EtherApe-INFO: 19:47:34.570: sctp protocol not supported
EtherApe-INFO: 19:47:34.570: sctp protocol not supported
EtherApe-INFO: 19:47:34.570: sctp protocol not supported
EtherApe-INFO: 19:47:34.571: sctp protocol not supported
EtherApe-INFO: 19:47:34.571: sctp protocol not supported
EtherApe-INFO: 19:47:34.571: sctp protocol not supported
EtherApe-INFO: 19:47:34.571: sctp protocol not supported
EtherApe-INFO: 19:47:34.572: sctp protocol not supported
EtherApe-INFO: 19:47:34.572: sctp protocol not supported
EtherApe-INFO: 19:47:34.572: sctp protocol not supported
EtherApe-INFO: 19:47:34.572: sctp protocol not supported
EtherApe-INFO: 19:47:34.572: sctp protocol not supported
EtherApe-INFO: 19:47:34.573: sctp protocol not supported
EtherApe-INFO: 19:47:34.573: dccp protocol not supported
EtherApe-INFO: 19:47:34.573: sctp protocol not supported
EtherApe-INFO: 19:47:34.573: sctp protocol not supported
EtherApe-INFO: 19:47:34.573: dccp protocol not supported
EtherApe-INFO: 19:47:34.573: sctp protocol not supported
EtherApe-INFO: 19:47:34.573: sctp protocol not supported
EtherApe-INFO: 19:47:34.573: sctp protocol not supported
EtherApe-INFO: 19:47:34.573: dccp protocol not supported
EtherApe-INFO: 19:47:34.573: dccp protocol not supported
EtherApe-INFO: 19:47:34.573: sctp protocol not supported
EtherApe-INFO: 19:47:34.573: sctp protocol not supported
EtherApe-INFO: 19:47:34.573: sctp protocol not supported
EtherApe-INFO: 19:47:34.573: sctp protocol not supported
EtherApe-INFO: 19:47:34.573: sctp protocol not supported
EtherApe-INFO: 19:47:34.574: sctp protocol not supported
EtherApe-INFO: 19:47:34.574: sctp protocol not supported
EtherApe-INFO: 19:47:34.574: sctp protocol not supported
EtherApe-INFO: 19:47:34.574: sctp protocol not supported
EtherApe-INFO: 19:47:34.574: sctp protocol not supported
EtherApe-INFO: 19:47:34.574: sctp protocol not supported
EtherApe-INFO: 19:47:34.574: sctp protocol not supported
EtherApe-INFO: 19:47:34.574: sctp protocol not supported
EtherApe-INFO: 19:47:34.574: dccp protocol not supported
EtherApe-INFO: 19:47:34.574: sctp protocol not supported
EtherApe-INFO: 19:47:34.574: sctp protocol not supported
EtherApe-INFO: 19:47:34.574: sctp protocol not supported
EtherApe-INFO: 19:47:34.574: sctp protocol not supported
EtherApe-INFO: 19:47:34.574: sctp protocol not supported
EtherApe-INFO: 19:47:34.574: sctp protocol not supported
EtherApe-INFO: 19:47:34.574: sctp protocol not supported
EtherApe-INFO: 19:47:34.575: sctp protocol not supported
EtherApe-INFO: 19:47:34.575: sctp protocol not supported
EtherApe-INFO: 19:47:34.575: sctp protocol not supported
EtherApe-INFO: 19:47:34.575: sctp protocol not supported
EtherApe-INFO: 19:47:34.575: sctp protocol not supported
EtherApe-INFO: 19:47:34.575: sctp protocol not supported
EtherApe-INFO: 19:47:34.575: sctp protocol not supported
EtherApe-INFO: 19:47:34.575: sctp protocol not supported
EtherApe-INFO: 19:47:34.575: sctp protocol not supported
EtherApe-INFO: 19:47:34.575: sctp protocol not supported
EtherApe-INFO: 19:47:34.575: sctp protocol not supported
EtherApe-INFO: 19:47:34.575: sctp protocol not supported
EtherApe-INFO: 19:47:34.575: sctp protocol not supported
EtherApe-INFO: 19:47:34.576: sctp protocol not supported
EtherApe-INFO: 19:47:34.576: sctp protocol not supported
EtherApe-INFO: 19:47:34.576: sctp protocol not supported
EtherApe-INFO: 19:47:34.576: sctp protocol not supported
EtherApe-INFO: 19:47:34.576: sctp protocol not supported
EtherApe-INFO: 19:47:34.576: sctp protocol not supported
EtherApe-INFO: 19:47:34.576: sctp protocol not supported
EtherApe-INFO: 19:47:34.576: sctp protocol not supported
EtherApe-INFO: 19:47:34.576: sctp protocol not supported
EtherApe-INFO: 19:47:34.576: sctp protocol not supported
EtherApe-INFO: 19:47:34.576: sctp protocol not supported
EtherApe-INFO: 19:47:34.576: sctp protocol not supported
EtherApe-INFO: 19:47:34.576: sctp protocol not supported
EtherApe-INFO: 19:47:34.576: sctp protocol not supported
EtherApe-INFO: 19:47:34.576: sctp protocol not supported
EtherApe-INFO: 19:47:34.576: sctp protocol not supported
EtherApe-INFO: 19:47:34.706: get_interface result: ''
EtherApe-INFO: 19:47:34.707: Available interfaces for capture: wwp0s20u4i6 dbus-session dbus-system nfqueue nflog bluetooth-monitor wlp3s0 lo any enp0s25
EtherApe-INFO: 19:47:34.731: Link type is LINUX_SLL
EtherApe-INFO: 19:47:34.732: Diagram started
EtherApe-INFO: 19:47:34.971: New node: IP: 172.217.16.10. Number of nodes 1
EtherApe-INFO: 19:47:34.971: New node: IP: 192.168.2.226. Number of nodes 2
EtherApe-INFO: 19:47:35.238: New node: IP: 192.168.2.1. Number of nodes 3
EtherApe-INFO: 19:47:37.905: New node: IP: 149.154.167.51. Number of nodes 4
EtherApe-INFO: 19:47:39.238: New node: IP: 149.154.167.50. Number of nodes 5
EtherApe-INFO: 19:47:39.239: New node: IP: 149.154.167.223. Number of nodes 6
EtherApe-INFO: 19:47:43.505: New node: IP: 142.250.203.142. Number of nodes 7
EtherApe-INFO: 19:47:43.505: New node: IP: 216.58.208.196. Number of nodes 8
EtherApe-INFO: 19:47:46.971: New node: IP: 142.250.186.195. Number of nodes 9
EtherApe-INFO: 19:47:46.972: New node: IP: 216.58.208.205. Number of nodes 10
EtherApe-INFO: 19:47:47.239: New node: IP: 239.255.255.250. Number of nodes 11
EtherApe-INFO: 19:47:47.772: New node: IP: 172.217.16.14. Number of nodes 12
EtherApe-INFO: 19:47:48.305: New node: IP: 216.58.208.195. Number of nodes 13
EtherApe-INFO: 19:47:48.575: New node: IP: 104.17.50.74. Number of nodes 14
EtherApe-INFO: 19:47:49.105: New node: IP: 104.17.25.14. Number of nodes 15
EtherApe-INFO: 19:47:49.105: New node: IP: 216.58.215.98. Number of nodes 16
EtherApe-INFO: 19:47:49.106: New node: IP: 151.101.192.134. Number of nodes 17
EtherApe-INFO: 19:47:49.905: New node: IP: 192.0.73.2. Number of nodes 18
EtherApe-INFO: 19:47:49.905: New node: IP: 35.188.42.15. Number of nodes 19
EtherApe-INFO: 19:47:50.172: New node: IP: 142.250.203.202. Number of nodes 20
EtherApe-INFO: 19:47:50.439: New node: IP: 104.18.12.33. Number of nodes 21
EtherApe-INFO: 19:47:51.505: New node: IP: 142.250.203.206. Number of nodes 22
EtherApe-INFO: 19:47:51.506: New node: IP: 224.0.0.22. Number of nodes 23
EtherApe-INFO: 19:47:51.506: New node: IP: 173.194.221.188. Number of nodes 24
EtherApe-INFO: 19:47:51.507: New node: IP: 224.0.0.251. Number of nodes 25
EtherApe-INFO: 19:47:51.772: New node: IP: 216.58.209.3. Number of nodes 26
EtherApe-INFO: 19:47:55.513: New node: IP: 104.81.110.27. Number of nodes 27
EtherApe-INFO: 19:47:56.305: New node: IP: 216.58.209.10. Number of nodes 28
EtherApe-INFO: 19:47:56.838: New node: IP: 142.250.186.202. Number of nodes 29
EtherApe-INFO: 19:47:57.106: New node: IP: 35.172.108.89. Number of nodes 30
EtherApe-INFO: 19:47:58.705: New node: IP: 185.199.111.154. Number of nodes 31
EtherApe-INFO: 19:47:58.706: New node: IP: 185.199.109.133. Number of nodes 32
EtherApe-INFO: 19:47:59.238: New node: IP: 140.82.121.3. Number of nodes 33
EtherApe-INFO: 19:48:00.571: New node: IP: 194.239.208.123. Number of nodes 34
EtherApe-INFO: 19:48:01.105: New node: IP: 140.82.114.26. Number of nodes 35
EtherApe-INFO: 19:48:01.371: New node: IP: 140.82.114.21. Number of nodes 36
EtherApe-INFO: 19:48:01.372: New node: IP: 216.58.209.5. Number of nodes 37
EtherApe-INFO: 19:48:01.638: New node: IP: 140.82.121.6. Number of nodes 38
EtherApe-INFO: 19:48:02.972: New node: IP: 216.58.215.67. Number of nodes 39
EtherApe-INFO: 19:48:03.772: New node: IP: 216.58.208.206. Number of nodes 40
EtherApe-INFO: 19:48:37.639: New node: IP: 172.217.20.170. Number of nodes 41
EtherApe-INFO: 19:48:46.706: New node: IP: 216.58.215.110. Number of nodes 42
EtherApe-INFO: 19:48:56.572: New node: IP: 216.58.209.14. Number of nodes 43
EtherApe-INFO: 19:49:00.571: New node: IP: 142.250.203.129. Number of nodes 44
EtherApe-INFO: 19:49:03.238: New node: IP: 216.58.208.202. Number of nodes 45
EtherApe-INFO: 19:49:03.239: New node: IP: 172.217.16.42. Number of nodes 46
EtherApe-INFO: 19:49:04.571: New node: IP: 172.217.20.195. Number of nodes 47
EtherApe-INFO: 19:49:05.105: New node: IP: 78.46.105.101. Number of nodes 48
EtherApe-INFO: 19:49:05.638: New node: IP: 142.250.186.206. Number of nodes 49
EtherApe-INFO: 19:49:06.972: New node: IP: 34.101.114.154. Number of nodes 50
EtherApe-INFO: 19:49:08.839: New node: IP: 172.217.16.3. Number of nodes 51
EtherApe-INFO: 19:49:09.105: New node: IP: 3.2.9.2. Number of nodes 52
EtherApe-INFO: 19:49:11.773: New node: IP: 18.66.245.111. Number of nodes 53
EtherApe-INFO: 19:49:13.375: New node: IP: 216.58.215.78. Number of nodes 54
EtherApe-INFO: 19:49:14.447: New node: IP: 173.194.221.189. Number of nodes 55
EtherApe-INFO: 19:49:29.372: New node: IP: 149.154.167.92. Number of nodes 56
EtherApe-INFO: 19:49:35.240: New node: IP: 91.108.56.145. Number of nodes 57
EtherApe-INFO: 19:49:52.056: delete node: IP: 224.0.0.22. Number of nodes 56
EtherApe-INFO: 19:49:54.696: delete node: IP: 224.0.0.251. Number of nodes 55
EtherApe-INFO: 19:50:00.675: delete node: IP: 194.239.208.123. Number of nodes 54
EtherApe-INFO: 19:50:08.945: New node: IP: 194.239.208.123. Number of nodes 55
EtherApe-INFO: 19:50:20.459: delete node: IP: 192.0.73.2. Number of nodes 54
EtherApe-INFO: 19:50:31.878: delete node: IP: 104.81.110.27. Number of nodes 53
EtherApe-INFO: 19:50:48.227: New node: IP: 209.85.235.94. Number of nodes 54
EtherApe-INFO: 19:50:48.228: New node: IP: 172.217.20.163. Number of nodes 55
EtherApe-INFO: 19:50:52.544: delete node: IP: 172.217.20.170. Number of nodes 54
EtherApe-INFO: 19:50:53.828: New node: IP: 95.216.195.133. Number of nodes 55
EtherApe-INFO: 19:50:56.546: delete node: IP: 142.250.203.202. Number of nodes 54
EtherApe-INFO: 19:51:00.573: delete node: IP: 35.172.108.89. Number of nodes 53
EtherApe-INFO: 19:51:00.784: delete node: IP: 185.199.111.154. Number of nodes 52
EtherApe-INFO: 19:51:04.019: delete node: IP: 142.250.203.206. Number of nodes 51
EtherApe-INFO: 19:51:04.777: delete node: IP: 216.58.208.206. Number of nodes 50
EtherApe-INFO: 19:51:05.637: delete node: IP: 35.188.42.15. Number of nodes 49
EtherApe-INFO: 19:51:57.598: delete node: IP: 149.154.167.92. Number of nodes 48
EtherApe-INFO: 19:51:57.819: delete node: IP: 91.108.56.145. Number of nodes 47
EtherApe-INFO: 19:52:02.600: delete node: IP: 140.82.121.6. Number of nodes 46
EtherApe-INFO: 19:52:08.440: delete node: IP: 216.58.208.205. Number of nodes 45
EtherApe-INFO: 19:52:08.973: delete node: IP: 194.239.208.123. Number of nodes 44
EtherApe-INFO: 19:52:09.512: delete node: IP: 216.58.208.202. Number of nodes 43
EtherApe-INFO: 19:52:09.512: delete node: IP: 172.217.16.42. Number of nodes 42
EtherApe-INFO: 19:52:09.512: delete node: IP: 142.250.203.129. Number of nodes 41
EtherApe-INFO: 19:52:09.512: delete node: IP: 142.250.186.206. Number of nodes 40
EtherApe-INFO: 19:52:09.512: delete node: IP: 34.101.114.154. Number of nodes 39
EtherApe-INFO: 19:52:09.844: delete node: IP: 216.58.209.14. Number of nodes 38
EtherApe-INFO: 19:52:11.672: delete node: IP: 3.2.9.2. Number of nodes 37
EtherApe-INFO: 19:52:24.476: delete node: IP: 216.58.208.195. Number of nodes 36
EtherApe-INFO: 19:52:25.772: New node: IP: 142.250.203.202. Number of nodes 37
EtherApe-INFO: 19:52:26.039: New node: IP: 216.58.208.202. Number of nodes 38
EtherApe-INFO: 19:52:28.438: New node: IP: 192.168.1.2. Number of nodes 39
EtherApe-INFO: 19:52:28.705: New node: IP: 142.250.203.206. Number of nodes 40
EtherApe-INFO: 19:52:40.438: New node: IP: 172.217.20.170. Number of nodes 41
EtherApe-INFO: 19:52:48.491: delete node: IP: 172.217.20.163. Number of nodes 40
EtherApe-INFO: 19:52:54.039: delete node: IP: 95.216.195.133. Number of nodes 39
EtherApe-INFO: 19:52:56.705: New node: IP: 104.18.6.240. Number of nodes 40
EtherApe-INFO: 19:52:59.468: delete node: IP: 140.82.121.3. Number of nodes 39
EtherApe-INFO: 19:53:00.785: delete node: IP: 140.82.114.21. Number of nodes 38
EtherApe-INFO: 19:53:11.105: New node: IP: 142.250.203.195. Number of nodes 39
EtherApe-INFO: 19:53:25.280: delete node: IP: 149.154.167.223. Number of nodes 38
EtherApe-INFO: 19:53:47.415: Nodes: 38 (shown 29)
EtherApe-INFO: 19:53:47.967: delete node: IP: 142.250.186.195. Number of nodes 37
EtherApe-INFO: 19:53:49.537: delete node: IP: 216.58.215.98. Number of nodes 36
EtherApe-INFO: 19:53:53.175: Nodes: 36 (shown 28)
EtherApe-INFO: 19:53:53.353: Nodes: 36 (shown 28)
EtherApe-INFO: 19:54:09.242: delete node: IP: 78.46.105.101. Number of nodes 35
EtherApe-INFO: 19:54:11.372: New node: IP: 149.154.167.223. Number of nodes 36
EtherApe-INFO: 19:54:21.624: delete node: IP: 209.85.235.94. Number of nodes 35
EtherApe-INFO: 19:54:21.864: delete node: IP: 216.58.215.78. Number of nodes 34
EtherApe-INFO: 19:54:25.238: New node: IP: 194.239.208.123. Number of nodes 35
EtherApe-INFO: 19:54:26.334: delete node: IP: 216.58.208.202. Number of nodes 34
EtherApe-INFO: 19:54:29.319: delete node: IP: 216.58.215.67. Number of nodes 33
EtherApe-INFO: 19:54:47.153: delete node: IP: 216.58.209.3. Number of nodes 32
EtherApe-INFO: 19:54:48.438: New node: IP: 216.239.32.116. Number of nodes 33
EtherApe-INFO: 19:54:50.716: delete node: IP: 151.101.192.134. Number of nodes 32
EtherApe-INFO: 19:55:09.372: delete node: IP: 172.217.16.3. Number of nodes 31
EtherApe-INFO: 19:55:12.453: delete node: IP: 18.66.245.111. Number of nodes 30
EtherApe-INFO: 19:55:22.320: delete node: IP: 172.217.16.14. Number of nodes 29
EtherApe-INFO: 19:55:27.116: delete node: IP: 142.250.203.206. Number of nodes 28
EtherApe-INFO: 19:55:49.512: New node: IP: 172.217.16.14. Number of nodes 29
EtherApe-INFO: 19:55:54.039: New node: IP: 95.216.195.133. Number of nodes 30
EtherApe-INFO: 19:56:04.171: New node: IP: 0.0.0.0. Number of nodes 31
EtherApe-INFO: 19:56:04.171: New node: IP: 255.255.255.255. Number of nodes 32
EtherApe-INFO: 19:56:07.158: New node: IP: 192.168.2.179. Number of nodes 33
EtherApe-INFO: 19:56:19.986: New node: IP: 142.250.75.4. Number of nodes 34
EtherApe-INFO: 19:56:25.423: delete node: IP: 194.239.208.123. Number of nodes 33
EtherApe-INFO: 19:56:27.070: delete node: IP: 149.154.167.223. Number of nodes 32
EtherApe-INFO: 19:56:29.156: delete node: IP: 104.17.50.74. Number of nodes 31
EtherApe-INFO: 19:56:29.368: delete node: IP: 104.17.25.14. Number of nodes 30
EtherApe-INFO: 19:56:34.103: delete node: IP: 172.217.20.170. Number of nodes 29
EtherApe-INFO: 19:56:42.211: delete node: IP: 216.58.209.10. Number of nodes 28
EtherApe-INFO: 19:56:48.523: New node: IP: 216.58.208.206. Number of nodes 29
EtherApe-INFO: 19:56:48.869: delete node: IP: 216.239.32.116. Number of nodes 28
EtherApe-INFO: 19:57:39.783: delete node: IP: 142.250.203.142. Number of nodes 27
EtherApe-INFO: 19:57:44.706: New node: IP: 35.227.224.122. Number of nodes 28
EtherApe-INFO: 19:57:54.728: delete node: IP: 95.216.195.133. Number of nodes 27
EtherApe-INFO: 19:58:10.463: delete node: IP: 216.58.208.196. Number of nodes 26
EtherApe-INFO: 19:58:12.549: New node: IP: 149.154.167.223. Number of nodes 27
EtherApe-INFO: 19:58:13.773: New node: IP: 172.217.20.170. Number of nodes 28
EtherApe-INFO: 19:58:47.896: delete node: IP: 216.58.215.110. Number of nodes 27
EtherApe-INFO: 19:59:10.838: New node: IP: 216.58.215.110. Number of nodes 28
EtherApe-INFO: 19:59:17.514: delete node: IP: 192.168.2.179. Number of nodes 27
EtherApe-INFO: 19:59:40.602: delete node: IP: 255.255.255.255. Number of nodes 26
EtherApe-INFO: 19:59:40.602: delete node: IP: 0.0.0.0. Number of nodes 25
EtherApe-INFO: 19:59:52.172: New node: IP: 142.250.186.206. Number of nodes 26
EtherApe-INFO: 20:00:10.547: delete node: IP: 104.18.12.33. Number of nodes 25
EtherApe-INFO: 20:00:11.224: delete node: IP: 185.199.109.133. Number of nodes 24
EtherApe-INFO: 20:00:14.231: delete node: IP: 172.217.20.170. Number of nodes 23
EtherApe-INFO: 20:00:23.266: delete node: IP: 216.58.208.206. Number of nodes 22
EtherApe-INFO: 20:00:26.038: New node: IP: 104.18.12.33. Number of nodes 23
EtherApe-INFO: 20:00:45.238: New node: IP: 127.0.0.1. Number of nodes 24
EtherApe-INFO: 20:00:50.698: New node: IP: 0.0.0.0. Number of nodes 25
EtherApe-INFO: 20:00:50.698: New node: IP: 255.255.255.255. Number of nodes 26
EtherApe-INFO: 20:00:52.803: New node: IP: 95.216.195.133. Number of nodes 27
EtherApe-INFO: 20:00:52.805: New node: IP: 140.82.112.25. Number of nodes 28
EtherApe-INFO: 20:00:54.307: New node: IP: 216.58.215.106. Number of nodes 29
EtherApe-INFO: 20:00:54.636: New node: IP: 142.250.75.14. Number of nodes 30
EtherApe-INFO: 20:00:54.848: New node: IP: 173.194.222.188. Number of nodes 31
EtherApe-INFO: 20:00:56.218: New node: IP: 142.250.145.189. Number of nodes 32
EtherApe-INFO: 20:00:57.909: New node: IP: 224.0.0.251. Number of nodes 33
EtherApe-INFO: 20:00:57.909: New node: IP: 224.0.0.22. Number of nodes 34
EtherApe-INFO: 20:01:02.457: New node: IP: 172.217.16.5. Number of nodes 35
EtherApe-INFO: 20:01:18.073: New node: IP: 8.8.8.8. Number of nodes 36
EtherApe-INFO: 20:01:23.183: New node: IP: 142.250.203.196. Number of nodes 37
EtherApe-INFO: 20:01:38.358: delete node: IP: 35.227.224.122. Number of nodes 36
EtherApe-INFO: 20:01:39.420: delete node: IP: 104.18.6.240. Number of nodes 35
EtherApe-INFO: 20:01:42.490: delete node: IP: 172.217.16.14. Number of nodes 34
EtherApe-INFO: 20:01:48.495: delete node: IP: 172.217.20.195. Number of nodes 33
EtherApe-INFO: 20:01:48.495: delete node: IP: 142.250.203.202. Number of nodes 32
EtherApe-INFO: 20:01:51.599: Nodes: 32 (shown 31)
EtherApe-INFO: 20:01:51.601: Nodes: 32 (shown 31)
EtherApe-INFO: 20:02:02.324: New node: IP: 149.154.175.100. Number of nodes 33
EtherApe-INFO: 20:02:10.311: New node: IP: 149.154.167.92. Number of nodes 34
EtherApe-INFO: 20:02:14.305: New node: IP: 149.154.167.91. Number of nodes 35
EtherApe-INFO: 20:02:18.462: New node: IP: 91.108.56.145. Number of nodes 36
EtherApe-INFO: 20:02:22.368: New node: IP: 91.108.56.188. Number of nodes 37
EtherApe-INFO: 20:02:23.905: New node: IP: 192.168.1.1. Number of nodes 38
EtherApe-INFO: 20:02:23.905: New node: IP: 192.168.1.255. Number of nodes 39
EtherApe-INFO: 20:02:26.314: New node: IP: 149.154.175.57. Number of nodes 40
EtherApe-INFO: 20:02:26.316: New node: IP: 149.154.175.54. Number of nodes 41
EtherApe-INFO: 20:02:30.305: New node: IP: 149.154.175.50. Number of nodes 42
EtherApe-INFO: 20:02:35.972: delete node: IP: 142.250.186.202. Number of nodes 41
EtherApe-INFO: 20:02:50.841: New node: IPv6: ::. Number of nodes 42
EtherApe-INFO: 20:02:50.842: New node: IPv6: ff02::1:ff00:1. Number of nodes 43
EtherApe-INFO: 20:02:52.924: delete node: IP: 255.255.255.255. Number of nodes 42
EtherApe-INFO: 20:02:52.924: delete node: IP: 127.0.0.1. Number of nodes 41
EtherApe-INFO: 20:02:52.924: delete node: IP: 0.0.0.0. Number of nodes 40
EtherApe-INFO: 20:02:53.364: New node: IP: 0.0.0.0. Number of nodes 41
EtherApe-INFO: 20:02:53.364: New node: IP: 255.255.255.255. Number of nodes 42
EtherApe-INFO: 20:02:53.513: delete node: IP: 173.194.221.189. Number of nodes 41
EtherApe-INFO: 20:02:53.513: delete node: IP: 95.216.195.133. Number of nodes 40
EtherApe-INFO: 20:02:56.830: delete node: IP: 173.194.221.188. Number of nodes 39
EtherApe-INFO: 20:02:57.415: delete node: IP: 142.250.75.14. Number of nodes 38
EtherApe-INFO: 20:02:57.514: New node: IP: 194.239.208.123. Number of nodes 39
EtherApe-INFO: 20:02:58.584: delete node: IP: 224.0.0.22. Number of nodes 38
EtherApe-INFO: 20:02:59.660: delete node: IP: 216.58.209.5. Number of nodes 37
EtherApe-INFO: 20:03:00.820: delete node: IP: 224.0.0.251. Number of nodes 36
EtherApe-INFO: 20:03:01.070: delete node: IP: 140.82.114.26. Number of nodes 35
EtherApe-INFO: 20:03:08.999: delete node: IP: 149.154.167.223. Number of nodes 34
EtherApe-INFO: 20:03:12.826: delete node: IP: 216.58.215.110. Number of nodes 33
EtherApe-INFO: 20:03:13.483: delete node: IP: 142.250.75.4. Number of nodes 32
EtherApe-INFO: 20:03:19.156: delete node: IP: 8.8.8.8. Number of nodes 31
EtherApe-INFO: 20:03:23.249: delete node: IP: 142.250.186.206. Number of nodes 30
EtherApe-INFO: 20:03:23.522: delete node: IP: 142.250.203.196. Number of nodes 29
EtherApe-INFO: 20:03:43.104: New node: IP: 151.236.30.71. Number of nodes 30
EtherApe-INFO: 20:03:50.596: delete node: IP: 142.250.145.189. Number of nodes 29
EtherApe-INFO: 20:03:53.505: New node: IP: 192.26.105.26. Number of nodes 30
EtherApe-INFO: 20:04:03.481: delete node: IP: 142.250.203.195. Number of nodes 29
EtherApe-INFO: 20:04:25.307: delete node: IP: 192.168.1.255. Number of nodes 28
EtherApe-INFO: 20:04:51.243: delete node: IPv6: ff02::1:ff00:1. Number of nodes 27
EtherApe-INFO: 20:04:51.243: delete node: IPv6: ::. Number of nodes 26
EtherApe-INFO: 20:04:58.096: New node: IP: 192.168.2.247. Number of nodes 27
EtherApe-INFO: 20:04:58.097: New node: IP: 224.0.0.251. Number of nodes 28
EtherApe-INFO: 20:04:58.705: delete node: IP: 216.58.215.106. Number of nodes 27
EtherApe-INFO: 20:04:58.911: delete node: IP: 104.18.12.33. Number of nodes 26
EtherApe-INFO: 20:05:09.808: delete node: IP: 192.168.1.2. Number of nodes 25
EtherApe-INFO: 20:05:16.171: New node: IP: 192.168.1.2. Number of nodes 26
EtherApe-INFO: 20:05:17.663: delete node: IP: 255.255.255.255. Number of nodes 25
EtherApe-INFO: 20:05:17.663: delete node: IP: 0.0.0.0. Number of nodes 24
EtherApe-INFO: 20:05:31.170: delete node: IP: 172.217.16.10. Number of nodes 23
EtherApe-INFO: 20:05:33.063: delete node: IP: 194.239.208.123. Number of nodes 22
EtherApe-INFO: 20:05:43.151: delete node: IP: 151.236.30.71. Number of nodes 21
EtherApe-INFO: 20:05:53.678: delete node: IP: 192.26.105.26. Number of nodes 20
EtherApe-INFO: 20:06:59.998: delete node: IP: 224.0.0.251. Number of nodes 19
EtherApe-INFO: 20:06:59.998: delete node: IP: 192.168.2.247. Number of nodes 18
EtherApe-INFO: 20:07:17.251: New node: IP: 142.250.203.142. Number of nodes 19
EtherApe-INFO: 20:07:17.543: New node: IP: 172.217.16.14. Number of nodes 20
EtherApe-INFO: 20:07:17.544: New node: IP: 142.250.186.202. Number of nodes 21
EtherApe-INFO: 20:07:17.547: New node: IP: 216.239.32.116. Number of nodes 22
EtherApe-INFO: 20:07:17.549: New node: IP: 149.154.167.223. Number of nodes 23
EtherApe-INFO: 20:07:17.552: New node: IP: 172.217.20.163. Number of nodes 24
EtherApe-INFO: 20:07:17.965: New node: IP: 216.58.208.196. Number of nodes 25
EtherApe-INFO: 20:07:17.965: New node: IP: 216.58.208.206. Number of nodes 26
EtherApe-INFO: 20:07:18.021: New node: IP: 216.58.209.3. Number of nodes 27
EtherApe-INFO: 20:07:18.348: New node: IP: 173.194.221.189. Number of nodes 28
EtherApe-INFO: 20:07:19.406: New node: IP: 216.58.215.67. Number of nodes 29
EtherApe-INFO: 20:07:19.413: New node: IP: 142.250.203.202. Number of nodes 30
EtherApe-INFO: 20:07:19.416: New node: IP: 216.58.215.78. Number of nodes 31
EtherApe-INFO: 20:07:20.301: New node: IP: 216.58.215.106. Number of nodes 32
EtherApe-INFO: 20:07:20.304: New node: IP: 172.217.20.170. Number of nodes 33
EtherApe-INFO: 20:07:20.757: New node: IP: 172.217.20.182. Number of nodes 34
EtherApe-INFO: 20:07:26.603: New node: IP: 172.217.20.195. Number of nodes 35
EtherApe-INFO: 20:07:35.720: New node: IP: 135.181.27.174. Number of nodes 36
EtherApe-INFO: 20:07:47.831: delete node: IP: 192.168.1.2. Number of nodes 35
EtherApe-INFO: 20:07:58.038: New node: IP: 142.250.203.206. Number of nodes 36
EtherApe-INFO: 20:08:09.796: New node: IP: 95.216.195.133. Number of nodes 37
EtherApe-INFO: 20:08:28.790: New node: IP: 142.250.75.4. Number of nodes 38
EtherApe-INFO: 20:08:34.847: New node: IP: 108.177.14.188. Number of nodes 39
EtherApe-INFO: 20:08:40.456: delete node: IP: 192.168.1.1. Number of nodes 38
EtherApe-INFO: 20:08:42.078: New node: IP: 140.82.113.26. Number of nodes 39
EtherApe-INFO: 20:08:53.293: delete node: IP: 149.154.175.100. Number of nodes 38
EtherApe-INFO: 20:08:57.300: delete node: IP: 149.154.167.92. Number of nodes 37
EtherApe-INFO: 20:09:01.368: delete node: IP: 149.154.167.91. Number of nodes 36
EtherApe-INFO: 20:09:05.455: delete node: IP: 91.108.56.145. Number of nodes 35
EtherApe-INFO: 20:09:09.397: delete node: IP: 91.108.56.188. Number of nodes 34
EtherApe-INFO: 20:09:13.707: delete node: IP: 149.154.175.54. Number of nodes 33
EtherApe-INFO: 20:09:17.920: delete node: IP: 149.154.175.57. Number of nodes 32
EtherApe-INFO: 20:09:17.920: delete node: IP: 149.154.175.50. Number of nodes 31
EtherApe-INFO: 20:09:20.400: delete node: IP: 216.58.215.78. Number of nodes 30
EtherApe-INFO: 20:09:20.400: delete node: IP: 216.58.209.3. Number of nodes 29
EtherApe-INFO: 20:09:48.617: New node: IP: 216.58.215.227. Number of nodes 30
EtherApe-INFO: 20:10:10.215: delete node: IP: 95.216.195.133. Number of nodes 29
EtherApe-INFO: 20:10:11.173: New node: IP: 142.250.203.195. Number of nodes 30
EtherApe-INFO: 20:10:17.689: delete node: IP: 149.154.167.223. Number of nodes 29
EtherApe-INFO: 20:10:18.851: delete node: IP: 172.217.16.14. Number of nodes 28
EtherApe-INFO: 20:10:33.396: delete node: IP: 140.82.112.25. Number of nodes 27
EtherApe-INFO: 20:10:35.052: delete node: IP: 173.194.222.188. Number of nodes 26
EtherApe-INFO: 20:11:02.178: delete node: IP: 135.181.27.174. Number of nodes 25
EtherApe-INFO: 20:11:03.125: New node: IP: 216.58.209.10. Number of nodes 26
EtherApe-INFO: 20:11:43.910: New node: IP: 216.58.215.110. Number of nodes 27
EtherApe-INFO: 20:11:48.439: New node: IP: 172.217.16.131. Number of nodes 28
EtherApe-INFO: 20:11:48.952: delete node: IP: 216.58.215.227. Number of nodes 27
EtherApe-INFO: 20:12:08.709: delete node: IP: 216.58.215.106. Number of nodes 26
EtherApe-INFO: 20:12:20.853: delete node: IP: 216.58.208.206. Number of nodes 25
EtherApe-INFO: 20:12:29.772: New node: IP: 216.58.208.205. Number of nodes 26
EtherApe-INFO: 20:12:46.039: New node: IP: 162.159.200.1. Number of nodes 27
EtherApe-INFO: 20:13:09.771: New node: IP: 95.216.195.133. Number of nodes 28
EtherApe-INFO: 20:13:18.100: delete node: IP: 142.250.186.202. Number of nodes 27
EtherApe-INFO: 20:13:18.590: delete node: IP: 216.58.208.196. Number of nodes 26
EtherApe-INFO: 20:13:45.341: delete node: IP: 216.58.215.110. Number of nodes 25
EtherApe-INFO: 20:13:48.731: delete node: IP: 172.217.16.131. Number of nodes 24
EtherApe-INFO: 20:14:05.025: delete node: IP: 172.217.20.195. Number of nodes 23
EtherApe-INFO: 20:14:08.134: delete node: IP: 216.239.32.116. Number of nodes 22
EtherApe-INFO: 20:14:08.134: delete node: IP: 172.217.20.163. Number of nodes 21
EtherApe-INFO: 20:14:09.541: delete node: IP: 216.58.215.67. Number of nodes 20
EtherApe-INFO: 20:14:11.186: delete node: IP: 172.217.20.182. Number of nodes 19
EtherApe-INFO: 20:14:28.705: New node: IP: 149.154.167.223. Number of nodes 20
EtherApe-INFO: 20:14:30.164: delete node: IP: 216.58.208.205. Number of nodes 19
EtherApe-INFO: 20:14:47.008: delete node: IP: 162.159.200.1. Number of nodes 18
EtherApe-INFO: 20:14:48.976: delete node: IP: 142.250.203.206. Number of nodes 17
EtherApe-INFO: 20:15:07.371: New node: IP: 216.58.208.206. Number of nodes 18
EtherApe-INFO: 20:15:10.341: New node: IP: 172.217.20.202. Number of nodes 19
EtherApe-INFO: 20:15:10.486: delete node: IP: 95.216.195.133. Number of nodes 18
EtherApe-INFO: 20:16:15.124: delete node: IP: 216.58.209.10. Number of nodes 17
