EtherApe-INFO: 17:16:37.183: sctp protocol not supported
EtherApe-INFO: 17:16:37.183: dccp protocol not supported
EtherApe-INFO: 17:16:37.183: sctp protocol not supported
EtherApe-INFO: 17:16:37.183: sctp protocol not supported
EtherApe-INFO: 17:16:37.183: sctp protocol not supported
EtherApe-INFO: 17:16:37.183: sctp protocol not supported
EtherApe-INFO: 17:16:37.183: sctp protocol not supported
EtherApe-INFO: 17:16:37.183: sctp protocol not supported
EtherApe-INFO: 17:16:37.184: sctp protocol not supported
EtherApe-INFO: 17:16:37.184: dccp protocol not supported
EtherApe-INFO: 17:16:37.184: sctp protocol not supported
EtherApe-INFO: 17:16:37.184: dccp protocol not supported
EtherApe-INFO: 17:16:37.184: dccp protocol not supported
EtherApe-INFO: 17:16:37.184: sctp protocol not supported
EtherApe-INFO: 17:16:37.184: sctp protocol not supported
EtherApe-INFO: 17:16:37.185: sctp protocol not supported
EtherApe-INFO: 17:16:37.185: sctp protocol not supported
EtherApe-INFO: 17:16:37.186: sctp protocol not supported
EtherApe-INFO: 17:16:37.187: sctp protocol not supported
EtherApe-INFO: 17:16:37.187: sctp protocol not supported
EtherApe-INFO: 17:16:37.187: sctp protocol not supported
EtherApe-INFO: 17:16:37.187: sctp protocol not supported
EtherApe-INFO: 17:16:37.187: sctp protocol not supported
EtherApe-INFO: 17:16:37.188: sctp protocol not supported
EtherApe-INFO: 17:16:37.188: sctp protocol not supported
EtherApe-INFO: 17:16:37.188: sctp protocol not supported
EtherApe-INFO: 17:16:37.188: sctp protocol not supported
EtherApe-INFO: 17:16:37.189: sctp protocol not supported
EtherApe-INFO: 17:16:37.189: dccp protocol not supported
EtherApe-INFO: 17:16:37.189: sctp protocol not supported
EtherApe-INFO: 17:16:37.189: sctp protocol not supported
EtherApe-INFO: 17:16:37.189: dccp protocol not supported
EtherApe-INFO: 17:16:37.189: sctp protocol not supported
EtherApe-INFO: 17:16:37.189: sctp protocol not supported
EtherApe-INFO: 17:16:37.189: sctp protocol not supported
EtherApe-INFO: 17:16:37.189: dccp protocol not supported
EtherApe-INFO: 17:16:37.189: dccp protocol not supported
EtherApe-INFO: 17:16:37.189: sctp protocol not supported
EtherApe-INFO: 17:16:37.189: sctp protocol not supported
EtherApe-INFO: 17:16:37.189: sctp protocol not supported
EtherApe-INFO: 17:16:37.189: sctp protocol not supported
EtherApe-INFO: 17:16:37.189: sctp protocol not supported
EtherApe-INFO: 17:16:37.189: sctp protocol not supported
EtherApe-INFO: 17:16:37.190: sctp protocol not supported
EtherApe-INFO: 17:16:37.190: sctp protocol not supported
EtherApe-INFO: 17:16:37.190: sctp protocol not supported
EtherApe-INFO: 17:16:37.190: sctp protocol not supported
EtherApe-INFO: 17:16:37.190: sctp protocol not supported
EtherApe-INFO: 17:16:37.190: sctp protocol not supported
EtherApe-INFO: 17:16:37.190: sctp protocol not supported
EtherApe-INFO: 17:16:37.190: dccp protocol not supported
EtherApe-INFO: 17:16:37.190: sctp protocol not supported
EtherApe-INFO: 17:16:37.190: sctp protocol not supported
EtherApe-INFO: 17:16:37.190: sctp protocol not supported
EtherApe-INFO: 17:16:37.190: sctp protocol not supported
EtherApe-INFO: 17:16:37.191: sctp protocol not supported
EtherApe-INFO: 17:16:37.191: sctp protocol not supported
EtherApe-INFO: 17:16:37.191: sctp protocol not supported
EtherApe-INFO: 17:16:37.191: sctp protocol not supported
EtherApe-INFO: 17:16:37.191: sctp protocol not supported
EtherApe-INFO: 17:16:37.191: sctp protocol not supported
EtherApe-INFO: 17:16:37.191: sctp protocol not supported
EtherApe-INFO: 17:16:37.191: sctp protocol not supported
EtherApe-INFO: 17:16:37.191: sctp protocol not supported
EtherApe-INFO: 17:16:37.191: sctp protocol not supported
EtherApe-INFO: 17:16:37.191: sctp protocol not supported
EtherApe-INFO: 17:16:37.191: sctp protocol not supported
EtherApe-INFO: 17:16:37.191: sctp protocol not supported
EtherApe-INFO: 17:16:37.192: sctp protocol not supported
EtherApe-INFO: 17:16:37.192: sctp protocol not supported
EtherApe-INFO: 17:16:37.192: sctp protocol not supported
EtherApe-INFO: 17:16:37.192: sctp protocol not supported
EtherApe-INFO: 17:16:37.192: sctp protocol not supported
EtherApe-INFO: 17:16:37.192: sctp protocol not supported
EtherApe-INFO: 17:16:37.192: sctp protocol not supported
EtherApe-INFO: 17:16:37.192: sctp protocol not supported
EtherApe-INFO: 17:16:37.192: sctp protocol not supported
EtherApe-INFO: 17:16:37.192: sctp protocol not supported
EtherApe-INFO: 17:16:37.192: sctp protocol not supported
EtherApe-INFO: 17:16:37.192: sctp protocol not supported
EtherApe-INFO: 17:16:37.192: sctp protocol not supported
EtherApe-INFO: 17:16:37.192: sctp protocol not supported
EtherApe-INFO: 17:16:37.192: sctp protocol not supported
EtherApe-INFO: 17:16:37.192: sctp protocol not supported
EtherApe-INFO: 17:16:37.192: sctp protocol not supported
EtherApe-INFO: 17:16:37.192: sctp protocol not supported
EtherApe-INFO: 17:16:37.192: sctp protocol not supported
EtherApe-INFO: 17:16:37.206: get_interface result: ''
EtherApe-INFO: 17:16:37.206: Available interfaces for capture: dbus-session dbus-system nfqueue nflog bluetooth-monitor lo any enp1s0f4u2
EtherApe-INFO: 17:16:37.234: Link type is Ethernet
EtherApe-INFO: 17:16:37.235: Diagram started
EtherApe-INFO: 17:16:37.470: New node: IP: 149.154.167.51. Number of nodes 1
EtherApe-INFO: 17:16:37.470: New node: IP: 192.168.88.247. Number of nodes 2
EtherApe-INFO: 17:16:38.003: New node: IP: 142.250.201.206. Number of nodes 3
EtherApe-INFO: 17:16:38.004: New node: IP: 142.250.180.195. Number of nodes 4
EtherApe-INFO: 17:16:39.337: New node: IP: 8.8.8.8. Number of nodes 5
EtherApe-INFO: 17:16:43.070: New node: IP: 1.1.1.1. Number of nodes 6
EtherApe-INFO: 17:16:43.617: delete node: IP: 1.1.1.1. Number of nodes 5
EtherApe-INFO: 17:16:43.617: delete node: IP: 8.8.8.8. Number of nodes 4
EtherApe-INFO: 17:16:43.617: delete node: IP: 142.250.180.195. Number of nodes 3
EtherApe-INFO: 17:16:43.617: delete node: IP: 142.250.201.206. Number of nodes 2
EtherApe-INFO: 17:16:43.617: delete node: IP: 149.154.167.51. Number of nodes 1
EtherApe-INFO: 17:16:43.617: delete node: IP: 192.168.88.247. Number of nodes 0
EtherApe-INFO: 17:16:43.633: Diagram stopped
EtherApe-INFO: 17:16:43.633: Nodes: 0 (on canvas: 0, shown: 0), Links: 0, Conversations: 0, names 0, protocols 0. Total Packets seen: 23 (in memory: 0, on list 0). IP cache entries 6. Canvas objs: 20. Refreshed: 0 ms
EtherApe-INFO: 17:16:43.697: Link type is LINUX_SLL
EtherApe-INFO: 17:16:43.699: Diagram started
EtherApe-INFO: 17:16:43.699: Capture interface set to any in GUI
EtherApe-INFO: 17:16:45.231: New node: IP: 149.154.167.51. Number of nodes 1
EtherApe-INFO: 17:16:45.231: New node: IP: 192.168.88.247. Number of nodes 2
EtherApe-INFO: 17:16:48.431: New node: IP: 37.19.218.143. Number of nodes 3
EtherApe-INFO: 17:16:48.697: New node: IP: 8.8.8.8. Number of nodes 4
EtherApe-INFO: 17:17:05.712: New node: IPv6: fe80::6c65:a528:f44d:11c9. Number of nodes 5
EtherApe-INFO: 17:17:05.712: New node: IPv6: ff02::2. Number of nodes 6
EtherApe-INFO: 17:17:20.644: New node: IP: 142.251.39.74. Number of nodes 7
EtherApe-INFO: 17:17:23.844: New node: IP: 142.250.180.195. Number of nodes 8
EtherApe-INFO: 17:17:23.844: New node: IP: 142.250.201.206. Number of nodes 9
EtherApe-INFO: 17:17:58.510: New node: IP: 192.168.88.1. Number of nodes 10
EtherApe-INFO: 17:18:01.444: New node: IP: 95.216.195.133. Number of nodes 11
EtherApe-INFO: 17:18:01.712: New node: IP: 239.255.255.250. Number of nodes 12
EtherApe-INFO: 17:19:06.555: delete node: IPv6: ff02::2. Number of nodes 11
EtherApe-INFO: 17:19:06.555: delete node: IPv6: fe80::6c65:a528:f44d:11c9. Number of nodes 10
EtherApe-INFO: 17:19:59.343: delete node: IP: 192.168.88.1. Number of nodes 9
EtherApe-INFO: 17:20:08.981: delete node: IP: 239.255.255.250. Number of nodes 8
EtherApe-INFO: 17:20:08.981: delete node: IP: 142.251.39.74. Number of nodes 7
EtherApe-INFO: 17:20:08.981: delete node: IP: 95.216.195.133. Number of nodes 6
EtherApe-INFO: 17:20:22.806: delete node: IP: 142.250.201.206. Number of nodes 5
EtherApe-INFO: 17:20:22.806: delete node: IP: 142.250.180.195. Number of nodes 4
EtherApe-INFO: 17:20:46.510: New node: IP: 239.255.255.250. Number of nodes 5
EtherApe-INFO: 17:21:19.044: New node: IPv6: fe80::6c65:a528:f44d:11c9. Number of nodes 6
EtherApe-INFO: 17:21:19.044: New node: IPv6: ff02::2. Number of nodes 7
EtherApe-INFO: 17:22:37.711: New node: IP: 149.154.167.151. Number of nodes 8
EtherApe-INFO: 17:22:52.932: delete node: IP: 239.255.255.250. Number of nodes 7
EtherApe-INFO: 17:22:58.510: New node: IP: 192.168.88.1. Number of nodes 8
EtherApe-INFO: 17:23:01.444: New node: IP: 95.216.195.133. Number of nodes 9
EtherApe-INFO: 17:23:21.496: delete node: IPv6: ff02::2. Number of nodes 8
EtherApe-INFO: 17:23:21.497: delete node: IPv6: fe80::6c65:a528:f44d:11c9. Number of nodes 7
EtherApe-INFO: 17:23:31.577: New node: IP: 239.255.255.250. Number of nodes 8
EtherApe-INFO: 17:24:58.577: delete node: IP: 192.168.88.1. Number of nodes 7
EtherApe-INFO: 17:24:58.577: delete node: IP: 149.154.167.151. Number of nodes 6
EtherApe-INFO: 17:25:03.599: delete node: IP: 95.216.195.133. Number of nodes 5
EtherApe-INFO: 17:25:44.406: delete node: IP: 239.255.255.250. Number of nodes 4
EtherApe-INFO: 17:26:16.645: New node: IP: 239.255.255.250. Number of nodes 5
EtherApe-INFO: 17:27:58.510: New node: IP: 192.168.88.1. Number of nodes 6
EtherApe-INFO: 17:28:01.444: New node: IP: 95.216.195.133. Number of nodes 7
EtherApe-INFO: 17:28:23.681: delete node: IP: 239.255.255.250. Number of nodes 6
EtherApe-INFO: 17:29:01.711: New node: IP: 239.255.255.250. Number of nodes 7
EtherApe-INFO: 17:29:28.910: New node: IPv6: fe80::6c65:a528:f44d:11c9. Number of nodes 8
EtherApe-INFO: 17:29:28.910: New node: IPv6: ff02::2. Number of nodes 9
EtherApe-INFO: 17:30:01.762: delete node: IP: 192.168.88.1. Number of nodes 8
EtherApe-INFO: 17:30:01.763: delete node: IP: 95.216.195.133. Number of nodes 7
EtherApe-INFO: 17:31:08.993: delete node: IP: 239.255.255.250. Number of nodes 6
EtherApe-INFO: 17:31:29.815: delete node: IPv6: ff02::2. Number of nodes 5
EtherApe-INFO: 17:31:29.815: delete node: IPv6: fe80::6c65:a528:f44d:11c9. Number of nodes 4
EtherApe-INFO: 17:31:46.777: New node: IP: 239.255.255.250. Number of nodes 5
EtherApe-INFO: 17:32:44.644: New node: IP: 149.154.167.151. Number of nodes 6
EtherApe-INFO: 17:32:58.510: New node: IP: 192.168.88.1. Number of nodes 7
EtherApe-INFO: 17:33:01.444: New node: IP: 95.216.195.133. Number of nodes 8
EtherApe-INFO: 17:33:55.366: delete node: IP: 239.255.255.250. Number of nodes 7
EtherApe-INFO: 17:34:31.577: New node: IP: 239.255.255.250. Number of nodes 8
EtherApe-INFO: 17:35:07.578: delete node: IP: 192.168.88.1. Number of nodes 7
EtherApe-INFO: 17:35:07.578: delete node: IP: 95.216.195.133. Number of nodes 6
EtherApe-INFO: 17:35:25.810: delete node: IP: 149.154.167.151. Number of nodes 5
EtherApe-INFO: 17:36:37.713: delete node: IP: 239.255.255.250. Number of nodes 4
EtherApe-INFO: 17:37:16.644: New node: IP: 239.255.255.250. Number of nodes 5
EtherApe-INFO: 17:37:58.510: New node: IP: 192.168.88.1. Number of nodes 6
EtherApe-INFO: 17:38:01.447: New node: IP: 95.216.195.133. Number of nodes 7
EtherApe-INFO: 17:39:20.697: delete node: IP: 239.255.255.250. Number of nodes 6
EtherApe-INFO: 17:39:59.650: delete node: IP: 192.168.88.1. Number of nodes 5
EtherApe-INFO: 17:40:01.710: New node: IP: 239.255.255.250. Number of nodes 6
EtherApe-INFO: 17:40:01.737: delete node: IP: 95.216.195.133. Number of nodes 5
EtherApe-INFO: 17:41:00.910: New node: IP: 149.154.167.151. Number of nodes 6
EtherApe-INFO: 17:42:08.723: delete node: IP: 239.255.255.250. Number of nodes 5
EtherApe-INFO: 17:42:46.510: New node: IP: 239.255.255.250. Number of nodes 6
EtherApe-INFO: 17:42:58.510: New node: IP: 192.168.88.1. Number of nodes 7
EtherApe-INFO: 17:43:01.444: New node: IP: 95.216.195.133. Number of nodes 8
EtherApe-INFO: 17:43:19.653: delete node: IP: 149.154.167.151. Number of nodes 7
EtherApe-INFO: 17:43:41.711: New node: IP: 142.250.180.195. Number of nodes 8
EtherApe-INFO: 17:44:39.578: New node: IP: 142.250.201.206. Number of nodes 9
EtherApe-INFO: 17:44:54.566: delete node: IP: 239.255.255.250. Number of nodes 8
EtherApe-INFO: 17:45:07.330: delete node: IP: 192.168.88.1. Number of nodes 7
EtherApe-INFO: 17:45:07.330: delete node: IP: 95.216.195.133. Number of nodes 6
EtherApe-INFO: 17:45:31.580: New node: IP: 239.255.255.250. Number of nodes 7
EtherApe-INFO: 17:45:32.644: New node: IPv6: fe80::6c65:a528:f44d:11c9. Number of nodes 8
EtherApe-INFO: 17:45:32.644: New node: IPv6: ff02::2. Number of nodes 9
EtherApe-INFO: 17:46:43.885: delete node: IP: 142.250.201.206. Number of nodes 8
EtherApe-INFO: 17:46:43.886: delete node: IP: 142.250.180.195. Number of nodes 7
EtherApe-INFO: 17:47:39.145: delete node: IPv6: ff02::2. Number of nodes 6
EtherApe-INFO: 17:47:39.145: delete node: IPv6: fe80::6c65:a528:f44d:11c9. Number of nodes 5
EtherApe-INFO: 17:47:39.146: delete node: IP: 239.255.255.250. Number of nodes 4
EtherApe-INFO: 17:47:58.510: New node: IP: 192.168.88.1. Number of nodes 5
EtherApe-INFO: 17:48:01.444: New node: IP: 95.216.195.133. Number of nodes 6
EtherApe-INFO: 17:48:16.644: New node: IP: 239.255.255.250. Number of nodes 7
EtherApe-INFO: 17:48:16.644: New node: IP: 142.251.39.74. Number of nodes 8
EtherApe-INFO: 17:50:00.932: delete node: IP: 192.168.88.1. Number of nodes 7
EtherApe-INFO: 17:50:06.585: delete node: IP: 95.216.195.133. Number of nodes 6
EtherApe-INFO: 17:50:19.881: delete node: IP: 239.255.255.250. Number of nodes 5
EtherApe-INFO: 17:50:19.881: delete node: IP: 142.251.39.74. Number of nodes 4
EtherApe-INFO: 17:51:01.714: New node: IP: 239.255.255.250. Number of nodes 5
EtherApe-INFO: 17:52:58.510: New node: IP: 192.168.88.1. Number of nodes 6
EtherApe-INFO: 17:53:01.445: New node: IP: 95.216.195.133. Number of nodes 7
EtherApe-INFO: 17:53:09.218: delete node: IP: 239.255.255.250. Number of nodes 6
EtherApe-INFO: 17:53:43.844: New node: IP: 149.154.167.151. Number of nodes 7
EtherApe-INFO: 17:53:46.510: New node: IP: 239.255.255.250. Number of nodes 8
EtherApe-INFO: 17:55:00.387: delete node: IP: 192.168.88.1. Number of nodes 7
EtherApe-INFO: 17:55:04.680: delete node: IP: 95.216.195.133. Number of nodes 6
EtherApe-INFO: 17:55:53.763: delete node: IP: 239.255.255.250. Number of nodes 5
EtherApe-INFO: 17:56:31.580: New node: IP: 239.255.255.250. Number of nodes 6
EtherApe-INFO: 17:57:58.510: New node: IP: 192.168.88.1. Number of nodes 7
EtherApe-INFO: 17:58:01.444: New node: IP: 95.216.195.133. Number of nodes 8
EtherApe-INFO: 17:58:01.467: delete node: IP: 149.154.167.151. Number of nodes 7
EtherApe-INFO: 17:58:03.843: New node: IP: 149.154.167.151. Number of nodes 8
EtherApe-INFO: 17:58:43.945: delete node: IP: 239.255.255.250. Number of nodes 7
EtherApe-INFO: 17:59:16.644: New node: IP: 239.255.255.250. Number of nodes 8
EtherApe-INFO: 18:00:01.765: delete node: IP: 192.168.88.1. Number of nodes 7
EtherApe-INFO: 18:00:01.765: delete node: IP: 95.216.195.133. Number of nodes 6
EtherApe-INFO: 18:01:27.615: delete node: IP: 239.255.255.250. Number of nodes 5
EtherApe-INFO: 18:02:01.713: New node: IP: 239.255.255.250. Number of nodes 6
EtherApe-INFO: 18:02:38.812: delete node: IP: 149.154.167.151. Number of nodes 5
EtherApe-INFO: 18:02:58.510: New node: IP: 192.168.88.1. Number of nodes 6
EtherApe-INFO: 18:03:01.444: New node: IP: 95.216.195.133. Number of nodes 7
EtherApe-INFO: 18:04:15.657: delete node: IP: 239.255.255.250. Number of nodes 6
EtherApe-INFO: 18:04:46.510: New node: IP: 239.255.255.250. Number of nodes 7
EtherApe-INFO: 18:05:00.708: delete node: IP: 192.168.88.1. Number of nodes 6
EtherApe-INFO: 18:05:09.710: New node: IP: 149.154.167.151. Number of nodes 7
EtherApe-INFO: 18:05:09.805: delete node: IP: 95.216.195.133. Number of nodes 6
EtherApe-INFO: 18:06:50.576: delete node: IP: 239.255.255.250. Number of nodes 5
EtherApe-INFO: 18:07:31.577: New node: IP: 239.255.255.250. Number of nodes 6
EtherApe-INFO: 18:07:58.510: New node: IP: 192.168.88.1. Number of nodes 7
EtherApe-INFO: 18:08:01.444: New node: IP: 95.216.195.133. Number of nodes 8
EtherApe-INFO: 18:09:00.721: delete node: IP: 149.154.167.151. Number of nodes 7
EtherApe-INFO: 18:09:38.318: delete node: IP: 239.255.255.250. Number of nodes 6
EtherApe-INFO: 18:09:45.180: New node: IP: 239.255.255.250. Number of nodes 7
EtherApe-INFO: 18:09:59.655: delete node: IP: 192.168.88.1. Number of nodes 6
EtherApe-INFO: 18:10:03.108: delete node: IP: 95.216.195.133. Number of nodes 5
EtherApe-INFO: 18:10:06.244: New node: IP: 149.154.167.151. Number of nodes 6
EtherApe-INFO: 18:12:58.510: New node: IP: 192.168.88.1. Number of nodes 7
EtherApe-INFO: 18:13:01.444: New node: IP: 95.216.195.133. Number of nodes 8
EtherApe-INFO: 18:13:41.684: New node: IP: 142.250.180.195. Number of nodes 9
EtherApe-INFO: 18:14:37.778: delete node: IP: 149.154.167.151. Number of nodes 8
EtherApe-INFO: 18:14:39.559: New node: IP: 142.250.201.206. Number of nodes 9
EtherApe-INFO: 18:14:59.623: delete node: IP: 192.168.88.1. Number of nodes 8
EtherApe-INFO: 18:15:01.711: delete node: IP: 95.216.195.133. Number of nodes 7
EtherApe-INFO: 18:16:40.162: delete node: IP: 142.250.201.206. Number of nodes 6
EtherApe-INFO: 18:16:40.162: delete node: IP: 142.250.180.195. Number of nodes 5
EtherApe-INFO: 18:17:58.457: New node: IP: 192.168.88.1. Number of nodes 6
EtherApe-INFO: 18:18:01.393: New node: IP: 95.216.195.133. Number of nodes 7
EtherApe-INFO: 18:18:20.830: New node: IP: 142.251.39.74. Number of nodes 8
EtherApe-INFO: 18:19:09.630: New node: IPv6: fe80::6c65:a528:f44d:11c9. Number of nodes 9
EtherApe-INFO: 18:19:09.630: New node: IPv6: ff02::2. Number of nodes 10
EtherApe-INFO: 18:19:59.515: delete node: IP: 192.168.88.1. Number of nodes 9
EtherApe-INFO: 18:20:04.037: delete node: IP: 95.216.195.133. Number of nodes 8
EtherApe-INFO: 18:21:10.233: delete node: IPv6: ff02::2. Number of nodes 7
EtherApe-INFO: 18:21:10.233: delete node: IPv6: fe80::6c65:a528:f44d:11c9. Number of nodes 6
EtherApe-INFO: 18:21:54.184: delete node: IP: 142.251.39.74. Number of nodes 5
EtherApe-INFO: 18:22:58.433: New node: IP: 192.168.88.1. Number of nodes 6
EtherApe-INFO: 18:23:01.630: New node: IP: 95.216.195.133. Number of nodes 7
EtherApe-INFO: 18:23:24.300: New node: IP: 142.251.39.74. Number of nodes 8
EtherApe-INFO: 18:25:00.234: delete node: IP: 192.168.88.1. Number of nodes 7
EtherApe-INFO: 18:25:01.798: delete node: IP: 95.216.195.133. Number of nodes 6
EtherApe-INFO: 18:25:25.316: delete node: IP: 142.251.39.74. Number of nodes 5
EtherApe-INFO: 18:25:50.324: New node: IP: 142.250.201.202. Number of nodes 6
EtherApe-INFO: 18:27:51.205: delete node: IP: 142.250.201.202. Number of nodes 5
EtherApe-INFO: 18:27:58.326: New node: IP: 192.168.88.1. Number of nodes 6
EtherApe-INFO: 18:28:01.523: New node: IP: 95.216.195.133. Number of nodes 7
EtherApe-INFO: 18:29:58.682: delete node: IP: 192.168.88.1. Number of nodes 6
EtherApe-INFO: 18:30:08.783: delete node: IP: 95.216.195.133. Number of nodes 5
EtherApe-INFO: 18:30:12.727: New node: IP: 91.108.56.145. Number of nodes 6
EtherApe-INFO: 18:30:46.596: New node: IP: 142.251.39.74. Number of nodes 7
EtherApe-INFO: 18:32:30.629: delete node: IP: 91.108.56.145. Number of nodes 6
EtherApe-INFO: 18:32:50.687: delete node: IP: 142.251.39.74. Number of nodes 5
EtherApe-INFO: 18:32:58.323: New node: IP: 192.168.88.1. Number of nodes 6
EtherApe-INFO: 18:33:00.724: New node: IP: 149.154.167.151. Number of nodes 7
EtherApe-INFO: 18:33:01.525: New node: IP: 95.216.195.133. Number of nodes 8
EtherApe-INFO: 18:33:47.392: New node: IP: 142.251.39.74. Number of nodes 9
EtherApe-INFO: 18:35:00.795: delete node: IP: 192.168.88.1. Number of nodes 8
EtherApe-INFO: 18:35:06.946: delete node: IP: 95.216.195.133. Number of nodes 7
EtherApe-INFO: 18:35:16.233: delete node: IP: 149.154.167.151. Number of nodes 6
EtherApe-INFO: 18:35:47.700: delete node: IP: 142.251.39.74. Number of nodes 5
EtherApe-INFO: 18:35:52.193: New node: IP: 91.108.56.145. Number of nodes 6
EtherApe-INFO: 18:37:35.927: New node: IP: 142.251.39.74. Number of nodes 7
EtherApe-INFO: 18:37:58.327: New node: IP: 192.168.88.1. Number of nodes 8
EtherApe-INFO: 18:38:01.527: New node: IP: 95.216.195.133. Number of nodes 9
EtherApe-INFO: 18:38:10.906: delete node: IP: 91.108.56.145. Number of nodes 8
EtherApe-INFO: 18:39:36.019: delete node: IP: 142.251.39.74. Number of nodes 7
EtherApe-INFO: 18:40:00.213: delete node: IP: 192.168.88.1. Number of nodes 6
EtherApe-INFO: 18:40:04.278: delete node: IP: 95.216.195.133. Number of nodes 5
EtherApe-INFO: 18:41:08.727: New node: IP: 142.250.201.202. Number of nodes 6
EtherApe-INFO: 18:41:58.323: New node: IP: 149.154.167.151. Number of nodes 7
EtherApe-INFO: 18:42:58.536: New node: IP: 192.168.88.1. Number of nodes 8
EtherApe-INFO: 18:43:01.470: New node: IP: 95.216.195.133. Number of nodes 9
EtherApe-INFO: 18:43:09.796: delete node: IP: 142.250.201.202. Number of nodes 8
EtherApe-INFO: 18:43:41.740: New node: IP: 142.250.180.195. Number of nodes 9
EtherApe-INFO: 18:44:16.153: delete node: IP: 149.154.167.151. Number of nodes 8
EtherApe-INFO: 18:44:39.604: New node: IP: 142.250.201.206. Number of nodes 9
EtherApe-INFO: 18:45:00.710: delete node: IP: 192.168.88.1. Number of nodes 8
EtherApe-INFO: 18:45:01.753: delete node: IP: 95.216.195.133. Number of nodes 7
EtherApe-INFO: 18:46:41.286: delete node: IP: 142.250.201.206. Number of nodes 6
EtherApe-INFO: 18:46:41.286: delete node: IP: 142.250.180.195. Number of nodes 5
EtherApe-INFO: 18:47:58.536: New node: IP: 192.168.88.1. Number of nodes 6
EtherApe-INFO: 18:48:01.470: New node: IP: 95.216.195.133. Number of nodes 7
EtherApe-INFO: 18:48:27.870: New node: IP: 142.251.39.74. Number of nodes 8
EtherApe-INFO: 18:50:02.580: delete node: IP: 192.168.88.1. Number of nodes 7
EtherApe-INFO: 18:50:02.580: delete node: IP: 95.216.195.133. Number of nodes 6
EtherApe-INFO: 18:50:39.645: delete node: IP: 142.251.39.74. Number of nodes 5
EtherApe-INFO: 18:52:58.536: New node: IP: 192.168.88.1. Number of nodes 6
EtherApe-INFO: 18:53:01.473: New node: IP: 95.216.195.133. Number of nodes 7
EtherApe-INFO: 18:54:58.904: delete node: IP: 192.168.88.1. Number of nodes 6
EtherApe-INFO: 18:55:01.812: delete node: IP: 95.216.195.133. Number of nodes 5
EtherApe-INFO: 18:57:28.911: New node: IP: 149.154.167.151. Number of nodes 6
EtherApe-INFO: 18:57:58.509: New node: IP: 192.168.88.1. Number of nodes 7
EtherApe-INFO: 18:58:01.443: New node: IP: 95.216.195.133. Number of nodes 8
EtherApe-INFO: 18:59:45.184: delete node: IP: 149.154.167.151. Number of nodes 7
EtherApe-INFO: 18:59:59.367: delete node: IP: 192.168.88.1. Number of nodes 6
EtherApe-INFO: 19:00:03.650: delete node: IP: 95.216.195.133. Number of nodes 5
EtherApe-INFO: 19:02:58.510: New node: IP: 192.168.88.1. Number of nodes 6
EtherApe-INFO: 19:03:01.446: New node: IP: 95.216.195.133. Number of nodes 7
EtherApe-INFO: 19:03:44.647: New node: IP: 149.154.167.151. Number of nodes 8
EtherApe-INFO: 19:04:59.908: delete node: IP: 192.168.88.1. Number of nodes 7
EtherApe-INFO: 19:05:02.304: delete node: IP: 95.216.195.133. Number of nodes 6
EtherApe-INFO: 19:06:00.202: delete node: IP: 149.154.167.151. Number of nodes 5
EtherApe-INFO: 19:07:58.513: New node: IP: 192.168.88.1. Number of nodes 6
EtherApe-INFO: 19:08:01.443: New node: IP: 95.216.195.133. Number of nodes 7
EtherApe-INFO: 19:10:01.805: delete node: IP: 192.168.88.1. Number of nodes 6
EtherApe-INFO: 19:10:01.806: delete node: IP: 95.216.195.133. Number of nodes 5
EtherApe-INFO: 19:12:55.580: New node: IP: 142.251.39.74. Number of nodes 6
EtherApe-INFO: 19:12:58.513: New node: IP: 192.168.88.1. Number of nodes 7
EtherApe-INFO: 19:13:01.443: New node: IP: 95.216.195.133. Number of nodes 8
EtherApe-INFO: 19:13:41.710: New node: IP: 142.250.180.195. Number of nodes 9
EtherApe-INFO: 19:13:43.310: New node: IPv6: fe80::6c65:a528:f44d:11c9. Number of nodes 10
EtherApe-INFO: 19:13:43.310: New node: IPv6: ff02::2. Number of nodes 11
EtherApe-INFO: 19:14:02.780: New node: IP: 149.154.167.151. Number of nodes 12
EtherApe-INFO: 19:14:39.577: New node: IP: 142.250.201.206. Number of nodes 13
EtherApe-INFO: 19:14:58.835: delete node: IP: 192.168.88.1. Number of nodes 12
EtherApe-INFO: 19:14:58.835: delete node: IP: 142.251.39.74. Number of nodes 11
EtherApe-INFO: 19:15:04.716: delete node: IP: 95.216.195.133. Number of nodes 10
EtherApe-INFO: 19:15:44.124: delete node: IPv6: ff02::2. Number of nodes 9
EtherApe-INFO: 19:15:44.124: delete node: IPv6: fe80::6c65:a528:f44d:11c9. Number of nodes 8
EtherApe-INFO: 19:16:18.262: delete node: IP: 149.154.167.151. Number of nodes 7
EtherApe-INFO: 19:16:41.741: delete node: IP: 142.250.201.206. Number of nodes 6
EtherApe-INFO: 19:16:41.741: delete node: IP: 142.250.180.195. Number of nodes 5
EtherApe-INFO: 19:17:58.509: New node: IP: 192.168.88.1. Number of nodes 6
EtherApe-INFO: 19:18:01.447: New node: IP: 95.216.195.133. Number of nodes 7
EtherApe-INFO: 19:18:21.977: New node: IP: 142.251.39.74. Number of nodes 8
EtherApe-INFO: 19:19:58.876: delete node: IP: 192.168.88.1. Number of nodes 7
EtherApe-INFO: 19:20:04.946: delete node: IP: 95.216.195.133. Number of nodes 6
EtherApe-INFO: 19:20:23.586: delete node: IP: 142.251.39.74. Number of nodes 5
EtherApe-INFO: 19:22:58.513: New node: IP: 192.168.88.1. Number of nodes 6
EtherApe-INFO: 19:23:01.443: New node: IP: 95.216.195.133. Number of nodes 7
EtherApe-INFO: 19:24:04.376: New node: IP: 142.251.39.74. Number of nodes 8
EtherApe-INFO: 19:24:59.053: delete node: IP: 192.168.88.1. Number of nodes 7
EtherApe-INFO: 19:25:01.769: delete node: IP: 95.216.195.133. Number of nodes 6
EtherApe-INFO: 19:26:04.940: delete node: IP: 142.251.39.74. Number of nodes 5
EtherApe-INFO: 19:27:30.779: New node: IP: 142.250.201.202. Number of nodes 6
EtherApe-INFO: 19:27:58.509: New node: IP: 192.168.88.1. Number of nodes 7
EtherApe-INFO: 19:28:01.447: New node: IP: 95.216.195.133. Number of nodes 8
EtherApe-INFO: 19:30:02.286: delete node: IP: 192.168.88.1. Number of nodes 7
EtherApe-INFO: 19:30:02.286: delete node: IP: 95.216.195.133. Number of nodes 6
EtherApe-INFO: 19:30:08.643: New node: IP: 149.154.167.151. Number of nodes 7
EtherApe-INFO: 19:32:58.509: New node: IP: 192.168.88.1. Number of nodes 8
EtherApe-INFO: 19:33:01.443: New node: IP: 95.216.195.133. Number of nodes 9
EtherApe-INFO: 19:33:31.645: delete node: IP: 142.250.201.202. Number of nodes 8
EtherApe-INFO: 19:35:00.119: delete node: IP: 192.168.88.1. Number of nodes 7
EtherApe-INFO: 19:35:02.829: delete node: IP: 95.216.195.133. Number of nodes 6
EtherApe-INFO: 19:35:22.052: delete node: IP: 149.154.167.151. Number of nodes 5
EtherApe-INFO: 19:37:58.513: New node: IP: 192.168.88.1. Number of nodes 6
EtherApe-INFO: 19:38:01.443: New node: IP: 95.216.195.133. Number of nodes 7
EtherApe-INFO: 19:38:38.778: New node: IP: 149.154.167.151. Number of nodes 8
EtherApe-INFO: 19:38:57.712: New node: IP: 149.154.165.111. Number of nodes 9
EtherApe-INFO: 19:39:06.777: New node: IP: 149.154.175.57. Number of nodes 10
EtherApe-INFO: 19:39:06.777: New node: IP: 149.154.175.54. Number of nodes 11
EtherApe-INFO: 19:39:06.777: New node: IP: 91.108.56.145. Number of nodes 12
EtherApe-INFO: 19:39:58.835: delete node: IP: 192.168.88.1. Number of nodes 11
EtherApe-INFO: 19:40:02.073: delete node: IP: 95.216.195.133. Number of nodes 10
EtherApe-INFO: 19:41:07.585: delete node: IP: 149.154.175.54. Number of nodes 9
EtherApe-INFO: 19:41:23.135: delete node: IP: 91.108.56.145. Number of nodes 8
EtherApe-INFO: 19:41:25.003: delete node: IP: 149.154.175.57. Number of nodes 7
EtherApe-INFO: 19:41:28.954: delete node: IP: 149.154.165.111. Number of nodes 6
EtherApe-INFO: 19:42:27.620: delete node: IP: 149.154.167.151. Number of nodes 5
EtherApe-INFO: 19:42:58.509: New node: IP: 192.168.88.1. Number of nodes 6
EtherApe-INFO: 19:43:01.443: New node: IP: 95.216.195.133. Number of nodes 7
EtherApe-INFO: 19:43:41.710: New node: IP: 142.250.180.195. Number of nodes 8
EtherApe-INFO: 19:44:39.576: New node: IP: 142.250.201.206. Number of nodes 9
EtherApe-INFO: 19:44:59.091: delete node: IP: 192.168.88.1. Number of nodes 8
EtherApe-INFO: 19:45:01.786: delete node: IP: 95.216.195.133. Number of nodes 7
EtherApe-INFO: 19:46:41.491: delete node: IP: 142.250.201.206. Number of nodes 6
EtherApe-INFO: 19:46:41.491: delete node: IP: 142.250.180.195. Number of nodes 5
EtherApe-INFO: 19:47:58.513: New node: IP: 192.168.88.1. Number of nodes 6
EtherApe-INFO: 19:48:01.444: New node: IP: 95.216.195.133. Number of nodes 7
EtherApe-INFO: 19:48:51.045: New node: IP: 142.250.201.202. Number of nodes 8
EtherApe-INFO: 19:50:01.459: delete node: IP: 192.168.88.1. Number of nodes 7
EtherApe-INFO: 19:50:02.294: delete node: IP: 95.216.195.133. Number of nodes 6
EtherApe-INFO: 19:50:51.311: delete node: IP: 142.250.201.202. Number of nodes 5
EtherApe-INFO: 19:52:58.509: New node: IP: 192.168.88.1. Number of nodes 6
EtherApe-INFO: 19:53:01.443: New node: IP: 95.216.195.133. Number of nodes 7
EtherApe-INFO: 19:54:58.540: delete node: IP: 192.168.88.1. Number of nodes 6
EtherApe-INFO: 19:55:04.157: delete node: IP: 95.216.195.133. Number of nodes 5
EtherApe-INFO: 19:57:58.513: New node: IP: 192.168.88.1. Number of nodes 6
EtherApe-INFO: 19:58:01.443: New node: IP: 95.216.195.133. Number of nodes 7
EtherApe-INFO: 19:59:58.540: delete node: IP: 192.168.88.1. Number of nodes 6
EtherApe-INFO: 20:00:03.640: delete node: IP: 95.216.195.133. Number of nodes 5
EtherApe-INFO: 20:02:58.513: New node: IP: 192.168.88.1. Number of nodes 6
EtherApe-INFO: 20:03:01.446: New node: IP: 95.216.195.133. Number of nodes 7
EtherApe-INFO: 20:04:59.132: delete node: IP: 192.168.88.1. Number of nodes 6
EtherApe-INFO: 20:05:01.731: delete node: IP: 95.216.195.133. Number of nodes 5
EtherApe-INFO: 20:06:31.843: New node: IP: 142.251.39.74. Number of nodes 6
EtherApe-INFO: 20:07:58.402: New node: IP: 192.168.88.1. Number of nodes 7
EtherApe-INFO: 20:08:01.603: New node: IP: 95.216.195.133. Number of nodes 8
EtherApe-INFO: 20:08:58.936: New node: IPv6: fe80::6c65:a528:f44d:11c9. Number of nodes 9
EtherApe-INFO: 20:08:58.936: New node: IPv6: ff02::2. Number of nodes 10
EtherApe-INFO: 20:09:03.569: delete node: IP: 142.251.39.74. Number of nodes 9
EtherApe-INFO: 20:09:09.336: New node: IP: 149.154.167.151. Number of nodes 10
EtherApe-INFO: 20:09:48.822: delete node: IP: 239.255.255.250. Number of nodes 9
EtherApe-INFO: 20:09:59.750: delete node: IP: 192.168.88.1. Number of nodes 8
EtherApe-INFO: 20:10:06.961: delete node: IP: 95.216.195.133. Number of nodes 7
EtherApe-INFO: 20:10:29.603: New node: IP: 239.255.255.250. Number of nodes 8
EtherApe-INFO: 20:10:59.828: delete node: IPv6: ff02::2. Number of nodes 7
EtherApe-INFO: 20:10:59.828: delete node: IPv6: fe80::6c65:a528:f44d:11c9. Number of nodes 6
EtherApe-INFO: 20:11:25.695: delete node: IP: 149.154.167.151. Number of nodes 5
EtherApe-INFO: 20:12:38.730: delete node: IP: 239.255.255.250. Number of nodes 4
EtherApe-INFO: 20:12:58.402: New node: IP: 192.168.88.1. Number of nodes 5
EtherApe-INFO: 20:13:01.603: New node: IP: 95.216.195.133. Number of nodes 6
EtherApe-INFO: 20:13:14.669: New node: IP: 239.255.255.250. Number of nodes 7
EtherApe-INFO: 20:14:09.604: New node: IP: 142.250.180.195. Number of nodes 8
EtherApe-INFO: 20:14:58.974: delete node: IP: 192.168.88.1. Number of nodes 7
EtherApe-INFO: 20:15:04.616: delete node: IP: 95.216.195.133. Number of nodes 6
EtherApe-INFO: 20:15:07.736: New node: IP: 142.250.201.206. Number of nodes 7
EtherApe-INFO: 20:15:20.096: delete node: IP: 239.255.255.250. Number of nodes 6
EtherApe-INFO: 20:15:59.740: New node: IP: 239.255.255.250. Number of nodes 7
EtherApe-INFO: 20:17:14.447: delete node: IP: 142.250.201.206. Number of nodes 6
EtherApe-INFO: 20:17:14.447: delete node: IP: 142.250.180.195. Number of nodes 5
EtherApe-INFO: 20:17:58.406: New node: IP: 192.168.88.1. Number of nodes 6
EtherApe-INFO: 20:18:01.603: New node: IP: 95.216.195.133. Number of nodes 7
EtherApe-INFO: 20:18:05.132: delete node: IP: 239.255.255.250. Number of nodes 6
EtherApe-INFO: 20:18:44.536: New node: IP: 239.255.255.250. Number of nodes 7
EtherApe-INFO: 20:18:47.203: New node: IP: 142.250.201.202. Number of nodes 8
EtherApe-INFO: 20:19:59.755: delete node: IP: 192.168.88.1. Number of nodes 7
EtherApe-INFO: 20:20:04.873: delete node: IP: 95.216.195.133. Number of nodes 6
EtherApe-INFO: 20:20:56.895: delete node: IP: 239.255.255.250. Number of nodes 5
EtherApe-INFO: 20:20:56.896: delete node: IP: 142.250.201.202. Number of nodes 4
EtherApe-INFO: 20:21:29.603: New node: IP: 239.255.255.250. Number of nodes 5
EtherApe-INFO: 20:21:32.803: New node: IP: 142.251.39.74. Number of nodes 6
EtherApe-INFO: 20:22:58.402: New node: IP: 192.168.88.1. Number of nodes 7
EtherApe-INFO: 20:23:01.603: New node: IP: 95.216.195.133. Number of nodes 8
EtherApe-INFO: 20:23:36.849: delete node: IP: 239.255.255.250. Number of nodes 7
EtherApe-INFO: 20:23:36.849: delete node: IP: 142.251.39.74. Number of nodes 6
EtherApe-INFO: 20:24:14.669: New node: IP: 239.255.255.250. Number of nodes 7
EtherApe-INFO: 20:24:59.745: delete node: IP: 192.168.88.1. Number of nodes 6
EtherApe-INFO: 20:25:01.946: delete node: IP: 95.216.195.133. Number of nodes 5
EtherApe-INFO: 20:26:20.032: delete node: IP: 239.255.255.250. Number of nodes 4
EtherApe-INFO: 20:26:59.736: New node: IP: 239.255.255.250. Number of nodes 5
EtherApe-INFO: 20:28:04.004: New node: IP: 0.0.0.0. Number of nodes 6
EtherApe-INFO: 20:28:04.004: New node: IP: 255.255.255.255. Number of nodes 7
EtherApe-INFO: 20:28:04.004: New node: IPv6: fe80::6c65:a528:f44d:11c9. Number of nodes 8
EtherApe-INFO: 20:28:04.004: New node: IPv6: ff02::16. Number of nodes 9
EtherApe-INFO: 20:28:30.669: New node: IPv6: ::. Number of nodes 10
EtherApe-INFO: 20:28:31.203: New node: IPv6: ff02::1:ff4d:11c9. Number of nodes 11
EtherApe-INFO: 20:28:32.269: New node: IPv6: ff02::2. Number of nodes 12
EtherApe-INFO: 20:28:35.469: New node: IP: 192.168.88.1. Number of nodes 13
EtherApe-INFO: 20:28:35.470: New node: IP: 1.1.1.1. Number of nodes 14
EtherApe-INFO: 20:28:35.470: New node: IP: 149.154.167.50. Number of nodes 15
EtherApe-INFO: 20:28:35.470: New node: IP: 149.154.167.92. Number of nodes 16
EtherApe-INFO: 20:28:35.470: New node: IP: 149.154.167.91. Number of nodes 17
EtherApe-INFO: 20:28:41.603: New node: IP: 91.108.56.188. Number of nodes 18
EtherApe-INFO: 20:28:41.603: New node: IP: 91.108.56.145. Number of nodes 19
EtherApe-INFO: 20:28:48.006: New node: IP: 224.0.0.251. Number of nodes 20
EtherApe-INFO: 20:28:49.603: New node: IP: 149.154.175.57. Number of nodes 21
EtherApe-INFO: 20:28:49.603: New node: IP: 149.154.175.50. Number of nodes 22
EtherApe-INFO: 20:28:49.603: New node: IP: 149.154.175.54. Number of nodes 23
EtherApe-INFO: 20:29:05.603: New node: IP: 149.154.175.100. Number of nodes 24
EtherApe-INFO: 20:30:31.258: delete node: IPv6: ff02::1:ff4d:11c9. Number of nodes 23
EtherApe-INFO: 20:30:31.789: delete node: IPv6: ::. Number of nodes 22
EtherApe-INFO: 20:30:33.698: delete node: IPv6: ff02::16. Number of nodes 21
EtherApe-INFO: 20:30:35.824: delete node: IP: 255.255.255.255. Number of nodes 20
EtherApe-INFO: 20:30:35.824: delete node: IP: 0.0.0.0. Number of nodes 19
EtherApe-INFO: 20:30:51.539: delete node: IP: 224.0.0.251. Number of nodes 18
EtherApe-INFO: 20:31:51.739: New node: IP: 172.217.19.100. Number of nodes 19
EtherApe-INFO: 20:31:52.006: New node: IP: 142.250.180.234. Number of nodes 20
EtherApe-INFO: 20:31:52.270: New node: IP: 142.251.39.42. Number of nodes 21
EtherApe-INFO: 20:31:52.271: New node: IP: 5.28.194.109. Number of nodes 22
EtherApe-INFO: 20:31:52.803: New node: IP: 142.251.39.74. Number of nodes 23
EtherApe-INFO: 20:31:55.469: New node: IP: 149.154.167.151. Number of nodes 24
EtherApe-INFO: 20:32:35.831: delete node: IPv6: ff02::2. Number of nodes 23
EtherApe-INFO: 20:32:35.831: delete node: IPv6: fe80::6c65:a528:f44d:11c9. Number of nodes 22
EtherApe-INFO: 20:32:45.603: New node: IPv6: fe80::6c65:a528:f44d:11c9. Number of nodes 23
EtherApe-INFO: 20:32:45.603: New node: IPv6: ff02::2. Number of nodes 24
EtherApe-INFO: 20:32:50.673: New node: IP: 95.216.195.133. Number of nodes 25
EtherApe-INFO: 20:32:55.243: delete node: IP: 239.255.255.250. Number of nodes 24
EtherApe-INFO: 20:33:13.869: New node: IP: 239.255.255.250. Number of nodes 25
EtherApe-INFO: 20:33:33.405: delete node: IP: 91.108.56.188. Number of nodes 24
EtherApe-INFO: 20:33:33.406: delete node: IP: 91.108.56.145. Number of nodes 23
EtherApe-INFO: 20:33:37.432: delete node: IP: 149.154.175.54. Number of nodes 22
EtherApe-INFO: 20:33:54.434: delete node: IP: 172.217.19.100. Number of nodes 21
EtherApe-INFO: 20:33:54.434: delete node: IP: 149.154.175.100. Number of nodes 20
EtherApe-INFO: 20:33:54.434: delete node: IP: 149.154.167.92. Number of nodes 19
EtherApe-INFO: 20:33:54.434: delete node: IP: 149.154.167.91. Number of nodes 18
EtherApe-INFO: 20:33:54.434: delete node: IP: 142.251.39.42. Number of nodes 17
EtherApe-INFO: 20:33:54.434: delete node: IP: 142.250.180.234. Number of nodes 16
EtherApe-INFO: 20:33:54.434: delete node: IP: 5.28.194.109. Number of nodes 15
EtherApe-INFO: 20:33:54.434: delete node: IP: 1.1.1.1. Number of nodes 14
EtherApe-INFO: 20:34:06.226: delete node: IP: 149.154.175.50. Number of nodes 13
EtherApe-INFO: 20:34:24.585: delete node: IP: 149.154.175.57. Number of nodes 12
EtherApe-INFO: 20:34:39.749: delete node: IP: 149.154.167.151. Number of nodes 11
EtherApe-INFO: 20:34:50.186: delete node: IPv6: ff02::2. Number of nodes 10
EtherApe-INFO: 20:34:50.186: delete node: IPv6: fe80::6c65:a528:f44d:11c9. Number of nodes 9
EtherApe-INFO: 20:34:53.340: delete node: IP: 95.216.195.133. Number of nodes 8
EtherApe-INFO: 20:35:05.869: New node: IP: 149.154.175.57. Number of nodes 9
EtherApe-INFO: 20:35:05.870: New node: IP: 149.154.175.54. Number of nodes 10
EtherApe-INFO: 20:35:36.087: delete node: IP: 192.168.88.1. Number of nodes 9
EtherApe-INFO: 20:36:00.272: New node: IP: 149.154.167.151. Number of nodes 10
EtherApe-INFO: 20:37:06.734: delete node: IP: 149.154.175.54. Number of nodes 9
EtherApe-INFO: 20:37:15.736: New node: IPv6: fe80::6c65:a528:f44d:11c9. Number of nodes 10
EtherApe-INFO: 20:37:15.736: New node: IPv6: ff02::2. Number of nodes 11
EtherApe-INFO: 20:37:22.754: delete node: IP: 239.255.255.250. Number of nodes 10
EtherApe-INFO: 20:37:22.754: delete node: IP: 149.154.175.57. Number of nodes 9
EtherApe-INFO: 20:37:50.670: New node: IP: 95.216.195.133. Number of nodes 10
EtherApe-INFO: 20:37:53.140: delete node: IP: 142.251.39.74. Number of nodes 9
EtherApe-INFO: 20:38:05.603: New node: IP: 239.255.255.250. Number of nodes 10
EtherApe-INFO: 20:38:20.564: delete node: IP: 149.154.167.151. Number of nodes 9
EtherApe-INFO: 20:38:35.469: New node: IP: 192.168.88.1. Number of nodes 10
EtherApe-INFO: 20:39:17.685: delete node: IPv6: ff02::2. Number of nodes 9
EtherApe-INFO: 20:39:17.685: delete node: IPv6: fe80::6c65:a528:f44d:11c9. Number of nodes 8
EtherApe-INFO: 20:39:54.958: delete node: IP: 95.216.195.133. Number of nodes 7
EtherApe-INFO: 20:40:41.897: delete node: IP: 192.168.88.1. Number of nodes 6
EtherApe-INFO: 20:42:18.744: delete node: IP: 239.255.255.250. Number of nodes 5
EtherApe-INFO: 20:42:50.673: New node: IP: 95.216.195.133. Number of nodes 6
EtherApe-INFO: 20:42:57.603: New node: IP: 239.255.255.250. Number of nodes 7
EtherApe-INFO: 20:43:35.469: New node: IP: 192.168.88.1. Number of nodes 8
EtherApe-INFO: 20:44:47.736: New node: IP: 142.250.180.195. Number of nodes 9
EtherApe-INFO: 20:44:52.895: delete node: IP: 95.216.195.133. Number of nodes 8
EtherApe-INFO: 20:45:05.696: delete node: IP: 239.255.255.250. Number of nodes 7
EtherApe-INFO: 20:45:35.559: delete node: IP: 192.168.88.1. Number of nodes 6
EtherApe-INFO: 20:45:42.669: New node: IP: 239.255.255.250. Number of nodes 7
EtherApe-INFO: 20:45:45.603: New node: IP: 142.250.201.206. Number of nodes 8
EtherApe-INFO: 20:45:50.673: New node: IPv6: fe80::6c65:a528:f44d:11c9. Number of nodes 9
EtherApe-INFO: 20:45:50.673: New node: IPv6: ff02::2. Number of nodes 10
EtherApe-INFO: 20:47:48.082: delete node: IP: 239.255.255.250. Number of nodes 9
EtherApe-INFO: 20:47:48.082: delete node: IP: 142.250.201.206. Number of nodes 8
EtherApe-INFO: 20:47:48.082: delete node: IP: 142.250.180.195. Number of nodes 7
EtherApe-INFO: 20:47:50.669: New node: IP: 95.216.195.133. Number of nodes 8
EtherApe-INFO: 20:47:50.694: delete node: IPv6: ff02::2. Number of nodes 7
EtherApe-INFO: 20:47:50.694: delete node: IPv6: fe80::6c65:a528:f44d:11c9. Number of nodes 6
EtherApe-INFO: 20:48:27.736: New node: IP: 239.255.255.250. Number of nodes 7
EtherApe-INFO: 20:48:27.738: New node: IP: 142.251.39.74. Number of nodes 8
EtherApe-INFO: 20:48:35.473: New node: IP: 192.168.88.1. Number of nodes 9
EtherApe-INFO: 20:49:51.245: delete node: IP: 95.216.195.133. Number of nodes 8
EtherApe-INFO: 20:50:36.560: delete node: IP: 239.255.255.250. Number of nodes 7
EtherApe-INFO: 20:50:36.560: delete node: IP: 192.168.88.1. Number of nodes 6
EtherApe-INFO: 20:50:36.560: delete node: IP: 142.251.39.74. Number of nodes 5
EtherApe-INFO: 20:51:12.536: New node: IP: 239.255.255.250. Number of nodes 6
EtherApe-INFO: 20:52:44.005: New node: IP: 142.251.39.74. Number of nodes 7
EtherApe-INFO: 20:52:50.669: New node: IP: 95.216.195.133. Number of nodes 8
EtherApe-INFO: 20:53:35.469: New node: IP: 192.168.88.1. Number of nodes 9
EtherApe-INFO: 20:54:44.843: delete node: IP: 142.251.39.74. Number of nodes 8
EtherApe-INFO: 20:54:50.979: delete node: IP: 95.216.195.133. Number of nodes 7
EtherApe-INFO: 20:55:35.551: delete node: IP: 192.168.88.1. Number of nodes 6
EtherApe-INFO: 20:56:56.539: New node: IP: 142.251.39.74. Number of nodes 7
EtherApe-INFO: 20:57:43.469: New node: IP: 149.154.167.151. Number of nodes 8
EtherApe-INFO: 20:57:50.669: New node: IP: 95.216.195.133. Number of nodes 9
EtherApe-INFO: 20:58:05.072: New node: IP: 149.154.165.111. Number of nodes 10
EtherApe-INFO: 20:58:35.469: New node: IP: 192.168.88.1. Number of nodes 11
EtherApe-INFO: 20:59:50.942: delete node: IP: 95.216.195.133. Number of nodes 10
EtherApe-INFO: 21:00:22.155: delete node: IP: 149.154.165.111. Number of nodes 9
EtherApe-INFO: 21:00:24.025: delete node: IP: 149.154.167.151. Number of nodes 8
EtherApe-INFO: 21:00:30.444: delete node: IP: 142.251.39.74. Number of nodes 7
EtherApe-INFO: 21:00:35.835: delete node: IP: 192.168.88.1. Number of nodes 6
EtherApe-INFO: 21:00:59.736: New node: IP: 149.154.165.111. Number of nodes 7
EtherApe-INFO: 21:01:40.802: New node: IP: 149.154.167.151. Number of nodes 8
EtherApe-INFO: 21:02:46.672: New node: IPv6: fe80::6c65:a528:f44d:11c9. Number of nodes 9
EtherApe-INFO: 21:02:46.672: New node: IPv6: ff02::2. Number of nodes 10
EtherApe-INFO: 21:02:50.669: New node: IP: 95.216.195.133. Number of nodes 11
EtherApe-INFO: 21:03:15.560: delete node: IP: 149.154.165.111. Number of nodes 10
EtherApe-INFO: 21:03:35.469: New node: IP: 192.168.88.1. Number of nodes 11
EtherApe-INFO: 21:03:58.741: delete node: IP: 149.154.167.151. Number of nodes 10
EtherApe-INFO: 21:04:46.977: delete node: IPv6: ff02::2. Number of nodes 9
EtherApe-INFO: 21:04:46.977: delete node: IPv6: fe80::6c65:a528:f44d:11c9. Number of nodes 8
EtherApe-INFO: 21:04:51.251: delete node: IP: 95.216.195.133. Number of nodes 7
EtherApe-INFO: 21:05:36.585: delete node: IP: 192.168.88.1. Number of nodes 6
EtherApe-INFO: 21:06:56.536: New node: IP: 149.154.167.151. Number of nodes 7
EtherApe-INFO: 21:07:50.669: New node: IP: 95.216.195.133. Number of nodes 8
EtherApe-INFO: 21:08:35.469: New node: IP: 192.168.88.1. Number of nodes 9
EtherApe-INFO: 21:09:50.999: delete node: IP: 95.216.195.133. Number of nodes 8
EtherApe-INFO: 21:09:54.669: New node: IP: 1.1.1.1. Number of nodes 9
EtherApe-INFO: 21:09:54.936: New node: IP: 209.14.131.136. Number of nodes 10
EtherApe-INFO: 21:10:00.269: New node: IP: 143.106.73.184. Number of nodes 11
EtherApe-INFO: 21:10:07.470: New node: IP: 46.10.218.194. Number of nodes 12
EtherApe-INFO: 21:10:14.669: New node: IP: 79.124.67.90. Number of nodes 13
EtherApe-INFO: 21:10:36.638: delete node: IP: 192.168.88.1. Number of nodes 12
EtherApe-INFO: 21:10:39.816: New node: IP: 95.216.144.15. Number of nodes 13
EtherApe-INFO: 21:11:55.854: delete node: IP: 1.1.1.1. Number of nodes 12
EtherApe-INFO: 21:11:58.230: delete node: IP: 209.14.131.136. Number of nodes 11
EtherApe-INFO: 21:12:04.095: delete node: IP: 143.106.73.184. Number of nodes 10
EtherApe-INFO: 21:12:11.335: delete node: IP: 46.10.218.194. Number of nodes 9
EtherApe-INFO: 21:12:30.035: delete node: IP: 79.124.67.90. Number of nodes 8
EtherApe-INFO: 21:12:40.403: delete node: IP: 95.216.144.15. Number of nodes 7
EtherApe-INFO: 21:12:48.142: delete node: IP: 149.154.167.151. Number of nodes 6
EtherApe-INFO: 21:12:50.483: New node: IP: 95.216.195.133. Number of nodes 7
EtherApe-INFO: 21:12:52.886: New node: IP: 142.251.39.74. Number of nodes 8
EtherApe-INFO: 21:13:35.549: New node: IP: 192.168.88.1. Number of nodes 9
EtherApe-INFO: 21:14:47.762: New node: IP: 142.250.180.195. Number of nodes 10
EtherApe-INFO: 21:14:52.054: delete node: IP: 95.216.195.133. Number of nodes 9
EtherApe-INFO: 21:15:35.593: delete node: IP: 192.168.88.1. Number of nodes 8
EtherApe-INFO: 21:15:45.629: New node: IP: 172.217.20.14. Number of nodes 9
EtherApe-INFO: 21:16:30.169: delete node: IP: 142.251.39.74. Number of nodes 8
EtherApe-INFO: 21:17:09.895: New node: IP: 142.250.201.202. Number of nodes 9
EtherApe-INFO: 21:17:46.761: delete node: IP: 172.217.20.14. Number of nodes 8
EtherApe-INFO: 21:17:46.761: delete node: IP: 142.250.180.195. Number of nodes 7
EtherApe-INFO: 21:17:50.695: New node: IP: 95.216.195.133. Number of nodes 8
EtherApe-INFO: 21:18:35.495: New node: IP: 192.168.88.1. Number of nodes 9
EtherApe-INFO: 21:18:42.696: New node: IP: 142.251.39.74. Number of nodes 10
EtherApe-INFO: 21:19:11.504: delete node: IP: 142.250.201.202. Number of nodes 9
EtherApe-INFO: 21:19:50.876: delete node: IP: 95.216.195.133. Number of nodes 8
EtherApe-INFO: 21:20:37.789: delete node: IP: 192.168.88.1. Number of nodes 7
EtherApe-INFO: 21:20:43.604: delete node: IP: 142.251.39.74. Number of nodes 6
EtherApe-INFO: 21:21:11.869: New node: IP: 149.154.167.151. Number of nodes 7
EtherApe-INFO: 21:21:14.269: New node: IP: 1.1.1.1. Number of nodes 8
EtherApe-INFO: 21:21:14.269: New node: IP: 208.68.240.115. Number of nodes 9
EtherApe-INFO: 21:21:14.269: New node: IP: 137.248.197.16. Number of nodes 10
EtherApe-INFO: 21:21:21.202: New node: IP: 169.47.63.74. Number of nodes 11
EtherApe-INFO: 21:21:30.536: New node: IP: 127.0.0.1. Number of nodes 12
EtherApe-INFO: 21:22:50.535: New node: IP: 95.216.195.133. Number of nodes 13
EtherApe-INFO: 21:23:14.350: delete node: IP: 1.1.1.1. Number of nodes 12
EtherApe-INFO: 21:23:19.684: delete node: IP: 137.248.197.16. Number of nodes 11
EtherApe-INFO: 21:23:22.346: delete node: IP: 169.47.63.74. Number of nodes 10
EtherApe-INFO: 21:23:23.365: delete node: IP: 208.68.240.115. Number of nodes 9
EtherApe-INFO: 21:23:31.869: delete node: IP: 149.154.167.151. Number of nodes 8
EtherApe-INFO: 21:23:35.335: New node: IP: 192.168.88.1. Number of nodes 9
EtherApe-INFO: 21:24:22.002: New node: IP: 169.47.63.74. Number of nodes 10
EtherApe-INFO: 21:24:50.881: delete node: IP: 95.216.195.133. Number of nodes 9
EtherApe-INFO: 21:25:36.417: delete node: IP: 192.168.88.1. Number of nodes 8
EtherApe-INFO: 21:26:22.542: delete node: IP: 169.47.63.74. Number of nodes 7
EtherApe-INFO: 21:27:50.539: New node: IP: 95.216.195.133. Number of nodes 8
EtherApe-INFO: 21:28:35.335: New node: IP: 192.168.88.1. Number of nodes 9
EtherApe-INFO: 21:29:50.810: delete node: IP: 95.216.195.133. Number of nodes 8
EtherApe-INFO: 21:29:52.402: New node: IP: 149.154.167.151. Number of nodes 9
EtherApe-INFO: 21:30:36.940: delete node: IP: 192.168.88.1. Number of nodes 8
EtherApe-INFO: 21:32:19.169: delete node: IP: 149.154.167.151. Number of nodes 7
EtherApe-INFO: 21:32:50.535: New node: IP: 95.216.195.133. Number of nodes 8
EtherApe-INFO: 21:33:35.335: New node: IP: 192.168.88.1. Number of nodes 9
EtherApe-INFO: 21:34:51.113: delete node: IP: 95.216.195.133. Number of nodes 8
EtherApe-INFO: 21:35:36.454: delete node: IP: 192.168.88.1. Number of nodes 7
EtherApe-INFO: 21:36:30.802: New node: IPv6: fe80::6c65:a528:f44d:11c9. Number of nodes 8
EtherApe-INFO: 21:36:30.802: New node: IPv6: ff02::2. Number of nodes 9
EtherApe-INFO: 21:37:50.535: New node: IP: 95.216.195.133. Number of nodes 10
EtherApe-INFO: 21:38:31.695: delete node: IPv6: ff02::2. Number of nodes 9
EtherApe-INFO: 21:38:31.695: delete node: IPv6: fe80::6c65:a528:f44d:11c9. Number of nodes 8
EtherApe-INFO: 21:38:35.335: New node: IP: 192.168.88.1. Number of nodes 9
EtherApe-INFO: 21:39:51.967: delete node: IP: 95.216.195.133. Number of nodes 8
EtherApe-INFO: 21:40:35.895: delete node: IP: 192.168.88.1. Number of nodes 7
EtherApe-INFO: 21:42:50.539: New node: IP: 95.216.195.133. Number of nodes 8
EtherApe-INFO: 21:43:35.335: New node: IP: 192.168.88.1. Number of nodes 9
EtherApe-INFO: 21:44:47.602: New node: IP: 142.250.180.195. Number of nodes 10
EtherApe-INFO: 21:44:52.164: delete node: IP: 95.216.195.133. Number of nodes 9
EtherApe-INFO: 21:45:36.460: delete node: IP: 192.168.88.1. Number of nodes 8
EtherApe-INFO: 21:45:45.735: New node: IP: 142.250.201.206. Number of nodes 9
EtherApe-INFO: 21:47:46.034: delete node: IP: 142.250.201.206. Number of nodes 8
EtherApe-INFO: 21:47:46.544: delete node: IP: 142.250.180.195. Number of nodes 7
EtherApe-INFO: 21:47:50.536: New node: IP: 95.216.195.133. Number of nodes 8
EtherApe-INFO: 21:48:35.335: New node: IP: 192.168.88.1. Number of nodes 9
EtherApe-INFO: 21:48:51.869: New node: IP: 142.250.201.202. Number of nodes 10
EtherApe-INFO: 21:49:50.905: delete node: IP: 95.216.195.133. Number of nodes 9
EtherApe-INFO: 21:50:36.761: delete node: IP: 192.168.88.1. Number of nodes 8
EtherApe-INFO: 21:50:52.704: delete node: IP: 142.250.201.202. Number of nodes 7
EtherApe-INFO: 21:52:50.535: New node: IP: 95.216.195.133. Number of nodes 8
EtherApe-INFO: 21:53:35.338: New node: IP: 192.168.88.1. Number of nodes 9
EtherApe-INFO: 21:54:51.139: delete node: IP: 95.216.195.133. Number of nodes 8
EtherApe-INFO: 21:55:37.208: delete node: IP: 192.168.88.1. Number of nodes 7
EtherApe-INFO: 21:57:50.535: New node: IP: 95.216.195.133. Number of nodes 8
EtherApe-INFO: 21:58:35.335: New node: IP: 192.168.88.1. Number of nodes 9
EtherApe-INFO: 21:59:51.626: delete node: IP: 95.216.195.133. Number of nodes 8
EtherApe-INFO: 22:00:35.644: delete node: IP: 192.168.88.1. Number of nodes 7
EtherApe-INFO: 22:01:19.602: New node: IP: 169.47.63.74. Number of nodes 8
EtherApe-INFO: 22:01:19.602: New node: IP: 208.68.240.115. Number of nodes 9
EtherApe-INFO: 22:01:53.739: New node: IP: 149.154.167.151. Number of nodes 10
EtherApe-INFO: 22:02:50.536: New node: IP: 95.216.195.133. Number of nodes 11
EtherApe-INFO: 22:03:35.338: New node: IP: 192.168.88.1. Number of nodes 12
EtherApe-INFO: 22:04:10.024: delete node: IP: 149.154.167.151. Number of nodes 11
EtherApe-INFO: 22:04:26.024: delete node: IP: 208.68.240.115. Number of nodes 10
EtherApe-INFO: 22:04:52.146: delete node: IP: 95.216.195.133. Number of nodes 9
EtherApe-INFO: 22:05:36.189: delete node: IP: 192.168.88.1. Number of nodes 8
EtherApe-INFO: 22:06:22.341: delete node: IP: 169.47.63.74. Number of nodes 7
EtherApe-INFO: 22:07:50.536: New node: IP: 95.216.195.133. Number of nodes 8
EtherApe-INFO: 22:08:35.335: New node: IP: 192.168.88.1. Number of nodes 9
EtherApe-INFO: 22:09:51.625: delete node: IP: 95.216.195.133. Number of nodes 8
EtherApe-INFO: 22:10:21.735: New node: IP: 169.47.63.74. Number of nodes 9
EtherApe-INFO: 22:10:36.767: delete node: IP: 192.168.88.1. Number of nodes 8
EtherApe-INFO: 22:12:03.602: New node: IP: 149.154.167.151. Number of nodes 9
EtherApe-INFO: 22:12:24.210: delete node: IP: 169.47.63.74. Number of nodes 8
EtherApe-INFO: 22:12:50.538: New node: IP: 95.216.195.133. Number of nodes 9
EtherApe-INFO: 22:13:23.868: New node: IP: 169.47.63.74. Number of nodes 10
EtherApe-INFO: 22:13:35.335: New node: IP: 192.168.88.1. Number of nodes 11
EtherApe-INFO: 22:14:20.935: New node: IP: 142.250.180.195. Number of nodes 12
EtherApe-INFO: 22:14:21.202: New node: IP: 34.104.35.123. Number of nodes 13
EtherApe-INFO: 22:14:50.844: delete node: IP: 95.216.195.133. Number of nodes 12
EtherApe-INFO: 22:14:54.019: delete node: IP: 149.154.167.151. Number of nodes 11
EtherApe-INFO: 22:15:24.958: delete node: IP: 169.47.63.74. Number of nodes 10
EtherApe-INFO: 22:15:36.955: delete node: IP: 192.168.88.1. Number of nodes 9
EtherApe-INFO: 22:15:45.735: New node: IP: 142.250.201.206. Number of nodes 10
EtherApe-INFO: 22:16:30.268: New node: IP: 169.47.63.74. Number of nodes 11
EtherApe-INFO: 22:16:48.765: delete node: IP: 142.250.180.195. Number of nodes 10
EtherApe-INFO: 22:17:46.048: delete node: IP: 142.250.201.206. Number of nodes 9
EtherApe-INFO: 22:17:50.535: New node: IP: 95.216.195.133. Number of nodes 10
EtherApe-INFO: 22:18:30.903: delete node: IP: 34.104.35.123. Number of nodes 9
EtherApe-INFO: 22:18:31.868: New node: IP: 142.251.39.74. Number of nodes 10
EtherApe-INFO: 22:18:32.438: delete node: IP: 169.47.63.74. Number of nodes 9
EtherApe-INFO: 22:18:35.339: New node: IP: 192.168.88.1. Number of nodes 10
EtherApe-INFO: 22:18:38.802: New node: IP: 169.47.63.74. Number of nodes 11
EtherApe-INFO: 22:19:51.376: delete node: IP: 95.216.195.133. Number of nodes 10
EtherApe-INFO: 22:20:33.531: delete node: IP: 142.251.39.74. Number of nodes 9
EtherApe-INFO: 22:20:36.706: delete node: IP: 192.168.88.1. Number of nodes 8
EtherApe-INFO: 22:20:45.494: delete node: IP: 169.47.63.74. Number of nodes 7
EtherApe-INFO: 22:21:39.602: New node: IP: 169.47.63.74. Number of nodes 8
EtherApe-INFO: 22:22:50.538: New node: IP: 95.216.195.133. Number of nodes 9
EtherApe-INFO: 22:23:35.335: New node: IP: 192.168.88.1. Number of nodes 10
EtherApe-INFO: 22:23:45.816: delete node: IP: 169.47.63.74. Number of nodes 9
EtherApe-INFO: 22:24:51.340: delete node: IP: 95.216.195.133. Number of nodes 8
EtherApe-INFO: 22:25:35.930: delete node: IP: 192.168.88.1. Number of nodes 7
EtherApe-INFO: 22:27:50.535: New node: IP: 95.216.195.133. Number of nodes 8
EtherApe-INFO: 22:28:35.338: New node: IP: 192.168.88.1. Number of nodes 9
EtherApe-INFO: 22:29:10.802: New node: IP: 149.154.167.151. Number of nodes 10
EtherApe-INFO: 22:29:51.389: delete node: IP: 95.216.195.133. Number of nodes 9
EtherApe-INFO: 22:30:36.193: delete node: IP: 192.168.88.1. Number of nodes 8
EtherApe-INFO: 22:32:50.536: New node: IP: 95.216.195.133. Number of nodes 9
EtherApe-INFO: 22:33:33.542: delete node: IP: 149.154.167.151. Number of nodes 8
EtherApe-INFO: 22:33:35.335: New node: IP: 192.168.88.1. Number of nodes 9
EtherApe-INFO: 22:34:50.828: delete node: IP: 95.216.195.133. Number of nodes 8
EtherApe-INFO: 22:35:35.615: delete node: IP: 192.168.88.1. Number of nodes 7
EtherApe-INFO: 22:37:38.268: New node: IPv6: fe80::6c65:a528:f44d:11c9. Number of nodes 8
EtherApe-INFO: 22:37:38.268: New node: IPv6: ff02::2. Number of nodes 9
EtherApe-INFO: 22:37:50.535: New node: IP: 95.216.195.133. Number of nodes 10
EtherApe-INFO: 22:38:35.335: New node: IP: 192.168.88.1. Number of nodes 11
EtherApe-INFO: 22:39:39.121: delete node: IPv6: ff02::2. Number of nodes 10
EtherApe-INFO: 22:39:39.121: delete node: IPv6: fe80::6c65:a528:f44d:11c9. Number of nodes 9
EtherApe-INFO: 22:39:50.820: delete node: IP: 95.216.195.133. Number of nodes 8
EtherApe-INFO: 22:40:36.692: delete node: IP: 192.168.88.1. Number of nodes 7
EtherApe-INFO: 22:41:53.736: New node: IP: 149.154.167.151. Number of nodes 8
EtherApe-INFO: 22:42:50.535: New node: IP: 95.216.195.133. Number of nodes 9
EtherApe-INFO: 22:43:35.336: New node: IP: 192.168.88.1. Number of nodes 10
EtherApe-INFO: 22:44:09.485: delete node: IP: 149.154.167.151. Number of nodes 9
EtherApe-INFO: 22:44:47.602: New node: IP: 142.250.180.195. Number of nodes 10
EtherApe-INFO: 22:44:51.159: delete node: IP: 95.216.195.133. Number of nodes 9
EtherApe-INFO: 22:45:35.669: delete node: IP: 192.168.88.1. Number of nodes 8
EtherApe-INFO: 22:45:45.735: New node: IP: 142.250.201.206. Number of nodes 9
EtherApe-INFO: 22:46:47.877: delete node: IP: 142.250.180.195. Number of nodes 8
EtherApe-INFO: 22:47:45.758: delete node: IP: 142.250.201.206. Number of nodes 7
EtherApe-INFO: 22:47:50.535: New node: IP: 95.216.195.133. Number of nodes 8
EtherApe-INFO: 22:48:15.068: New node: IP: 142.251.39.74. Number of nodes 9
EtherApe-INFO: 22:48:35.335: New node: IP: 192.168.88.1. Number of nodes 10
EtherApe-INFO: 22:49:50.876: delete node: IP: 95.216.195.133. Number of nodes 9
EtherApe-INFO: 22:50:15.659: delete node: IP: 142.251.39.74. Number of nodes 8
EtherApe-INFO: 22:50:36.198: delete node: IP: 192.168.88.1. Number of nodes 7
EtherApe-INFO: 22:52:50.535: New node: IP: 95.216.195.133. Number of nodes 8
EtherApe-INFO: 22:53:35.335: New node: IP: 192.168.88.1. Number of nodes 9
EtherApe-INFO: 22:54:51.656: delete node: IP: 95.216.195.133. Number of nodes 8
EtherApe-INFO: 22:55:36.204: delete node: IP: 192.168.88.1. Number of nodes 7
EtherApe-INFO: 22:56:04.675: New node: IP: 142.250.201.202. Number of nodes 8
EtherApe-INFO: 22:57:06.536: New node: IP: 142.251.39.74. Number of nodes 9
EtherApe-INFO: 22:57:50.535: New node: IP: 95.216.195.133. Number of nodes 10
EtherApe-INFO: 22:58:11.310: delete node: IP: 142.250.201.202. Number of nodes 9
EtherApe-INFO: 22:58:35.575: New node: IP: 192.168.88.1. Number of nodes 10
EtherApe-INFO: 22:59:32.672: delete node: IP: 142.251.39.74. Number of nodes 9
EtherApe-INFO: 22:59:50.779: delete node: IP: 95.216.195.133. Number of nodes 8
EtherApe-INFO: 23:00:36.396: delete node: IP: 192.168.88.1. Number of nodes 7
EtherApe-INFO: 23:02:50.695: New node: IP: 95.216.195.133. Number of nodes 8
EtherApe-INFO: 23:03:35.495: New node: IP: 192.168.88.1. Number of nodes 9
EtherApe-INFO: 23:04:50.978: delete node: IP: 95.216.195.133. Number of nodes 8
EtherApe-INFO: 23:05:35.836: delete node: IP: 192.168.88.1. Number of nodes 7
EtherApe-INFO: 23:07:50.615: New node: IP: 95.216.195.133. Number of nodes 8
EtherApe-INFO: 23:08:35.418: New node: IP: 192.168.88.1. Number of nodes 9
EtherApe-INFO: 23:09:51.176: delete node: IP: 95.216.195.133. Number of nodes 8
EtherApe-INFO: 23:10:35.642: delete node: IP: 192.168.88.1. Number of nodes 7
EtherApe-INFO: 23:12:50.458: New node: IP: 95.216.195.133. Number of nodes 8
EtherApe-INFO: 23:13:35.471: New node: IP: 192.168.88.1. Number of nodes 9
EtherApe-INFO: 23:14:47.735: New node: IP: 142.250.180.195. Number of nodes 10
EtherApe-INFO: 23:14:50.970: delete node: IP: 95.216.195.133. Number of nodes 9
EtherApe-INFO: 23:15:35.767: delete node: IP: 192.168.88.1. Number of nodes 8
EtherApe-INFO: 23:15:45.601: New node: IP: 142.250.201.206. Number of nodes 9
EtherApe-INFO: 23:16:47.781: delete node: IP: 142.250.180.195. Number of nodes 8
EtherApe-INFO: 23:17:06.935: New node: IP: 169.47.63.74. Number of nodes 9
EtherApe-INFO: 23:17:45.899: delete node: IP: 142.250.201.206. Number of nodes 8
EtherApe-INFO: 23:17:50.668: New node: IP: 95.216.195.133. Number of nodes 9
EtherApe-INFO: 23:18:35.468: New node: IP: 192.168.88.1. Number of nodes 10
EtherApe-INFO: 23:18:39.205: New node: IP: 142.250.201.202. Number of nodes 11
EtherApe-INFO: 23:19:50.954: delete node: IP: 95.216.195.133. Number of nodes 10
EtherApe-INFO: 23:20:36.039: delete node: IP: 192.168.88.1. Number of nodes 9
EtherApe-INFO: 23:20:39.208: delete node: IP: 142.250.201.202. Number of nodes 8
EtherApe-INFO: 23:22:08.282: delete node: IP: 169.47.63.74. Number of nodes 7
EtherApe-INFO: 23:22:50.588: New node: IP: 95.216.195.133. Number of nodes 8
EtherApe-INFO: 23:23:35.391: New node: IP: 192.168.88.1. Number of nodes 9
EtherApe-INFO: 23:24:51.946: delete node: IP: 95.216.195.133. Number of nodes 8
EtherApe-INFO: 23:25:35.576: delete node: IP: 192.168.88.1. Number of nodes 7
EtherApe-INFO: 23:25:45.361: New node: IP: 142.250.180.195. Number of nodes 8
EtherApe-INFO: 23:27:45.651: delete node: IP: 142.250.180.195. Number of nodes 7
EtherApe-INFO: 23:27:50.645: New node: IP: 95.216.195.133. Number of nodes 8
EtherApe-INFO: 23:28:04.775: New node: IP: 169.47.63.74. Number of nodes 9
EtherApe-INFO: 23:28:35.441: New node: IP: 192.168.88.1. Number of nodes 10
EtherApe-INFO: 23:29:50.968: delete node: IP: 95.216.195.133. Number of nodes 9
EtherApe-INFO: 23:30:06.933: delete node: IP: 169.47.63.74. Number of nodes 8
EtherApe-INFO: 23:30:35.750: delete node: IP: 192.168.88.1. Number of nodes 7
EtherApe-INFO: 23:31:06.908: New node: IP: 169.47.63.74. Number of nodes 8
EtherApe-INFO: 23:32:50.641: New node: IP: 95.216.195.133. Number of nodes 9
EtherApe-INFO: 23:33:07.266: delete node: IP: 169.47.63.74. Number of nodes 8
EtherApe-INFO: 23:33:12.511: New node: IP: 142.250.201.202. Number of nodes 9
EtherApe-INFO: 23:33:35.521: New node: IP: 192.168.88.1. Number of nodes 10
EtherApe-INFO: 23:34:51.578: delete node: IP: 95.216.195.133. Number of nodes 9
EtherApe-INFO: 23:35:13.388: New node: IP: 169.47.63.74. Number of nodes 10
EtherApe-INFO: 23:35:13.448: delete node: IP: 142.250.201.202. Number of nodes 9
EtherApe-INFO: 23:35:35.560: delete node: IP: 192.168.88.1. Number of nodes 8
EtherApe-INFO: 23:36:27.254: New node: IP: 142.251.39.74. Number of nodes 9
EtherApe-INFO: 23:37:15.591: delete node: IP: 169.47.63.74. Number of nodes 8
EtherApe-INFO: 23:37:50.458: New node: IP: 95.216.195.133. Number of nodes 9
EtherApe-INFO: 23:38:15.521: New node: IP: 169.47.63.74. Number of nodes 10
EtherApe-INFO: 23:38:21.654: New node: IP: 2.21.173.130. Number of nodes 11
EtherApe-INFO: 23:38:28.591: New node: IP: 142.250.180.238. Number of nodes 12
EtherApe-INFO: 23:38:28.592: New node: IP: 162.254.197.39. Number of nodes 13
EtherApe-INFO: 23:38:28.592: New node: IP: 155.133.226.75. Number of nodes 14
EtherApe-INFO: 23:38:28.592: New node: IP: 162.254.198.44. Number of nodes 15
EtherApe-INFO: 23:38:28.855: New node: IP: 176.122.113.12. Number of nodes 16
EtherApe-INFO: 23:38:28.856: New node: IP: 155.133.226.78. Number of nodes 17
EtherApe-INFO: 23:38:29.121: New node: IP: 1.1.1.1. Number of nodes 18
EtherApe-INFO: 23:38:30.988: New node: IP: 78.154.186.226. Number of nodes 19
EtherApe-INFO: 23:38:30.988: New node: IP: 78.154.186.217. Number of nodes 20
EtherApe-INFO: 23:38:30.992: New node: IP: 104.81.228.116. Number of nodes 21
EtherApe-INFO: 23:38:31.255: New node: IP: 78.154.186.227. Number of nodes 22
EtherApe-INFO: 23:38:31.257: New node: IP: 2.21.173.123. Number of nodes 23
EtherApe-INFO: 23:38:32.324: New node: IP: 162.254.197.2. Number of nodes 24
EtherApe-INFO: 23:38:32.327: New node: IP: 162.254.197.20. Number of nodes 25
EtherApe-INFO: 23:38:32.863: New node: IP: 162.254.197.22. Number of nodes 26
EtherApe-INFO: 23:38:33.388: New node: IP: 2.18.15.221. Number of nodes 27
EtherApe-INFO: 23:38:35.452: New node: IP: 192.168.88.1. Number of nodes 28
EtherApe-INFO: 23:38:37.041: New node: IP: 184.51.8.124. Number of nodes 29
EtherApe-INFO: 23:38:37.042: New node: IP: 93.184.220.29. Number of nodes 30
EtherApe-INFO: 23:38:38.376: New node: IP: 2.21.173.136. Number of nodes 31
EtherApe-INFO: 23:38:38.382: New node: IP: 142.250.180.206. Number of nodes 32
EtherApe-INFO: 23:38:50.138: New node: IP: 139.45.228.1. Number of nodes 33
EtherApe-INFO: 23:39:03.098: New node: IP: 2.21.173.114. Number of nodes 34
EtherApe-INFO: 23:39:07.361: New node: IP: 208.64.203.140. Number of nodes 35
EtherApe-INFO: 23:39:19.371: New node: IP: 178.32.123.64. Number of nodes 36
EtherApe-INFO: 23:39:31.454: delete node: IP: 142.251.39.74. Number of nodes 35
EtherApe-INFO: 23:39:50.896: delete node: IP: 95.216.195.133. Number of nodes 34
EtherApe-INFO: 23:40:15.911: delete node: IP: 169.47.63.74. Number of nodes 33
EtherApe-INFO: 23:40:34.045: delete node: IP: 162.254.198.44. Number of nodes 32
EtherApe-INFO: 23:40:34.662: delete node: IP: 162.254.197.39. Number of nodes 31
EtherApe-INFO: 23:40:34.662: delete node: IP: 155.133.226.75. Number of nodes 30
EtherApe-INFO: 23:40:35.897: delete node: IP: 192.168.88.1. Number of nodes 29
EtherApe-INFO: 23:40:37.029: delete node: IP: 1.1.1.1. Number of nodes 28
EtherApe-INFO: 23:40:38.576: delete node: IP: 142.250.180.206. Number of nodes 27
EtherApe-INFO: 23:40:59.937: delete node: IP: 176.122.113.12. Number of nodes 26
EtherApe-INFO: 23:40:59.937: delete node: IP: 142.250.180.238. Number of nodes 25
EtherApe-INFO: 23:41:01.786: delete node: IP: 78.154.186.226. Number of nodes 24
EtherApe-INFO: 23:41:05.800: delete node: IP: 78.154.186.227. Number of nodes 23
EtherApe-INFO: 23:41:05.800: delete node: IP: 78.154.186.217. Number of nodes 22
EtherApe-INFO: 23:41:10.117: delete node: IP: 208.64.203.140. Number of nodes 21
EtherApe-INFO: 23:41:22.047: delete node: IP: 178.32.123.64. Number of nodes 20
EtherApe-INFO: 23:41:23.390: delete node: IP: 2.21.173.114. Number of nodes 19
EtherApe-INFO: 23:41:46.561: New node: IP: 178.32.123.64. Number of nodes 20
EtherApe-INFO: 23:41:54.874: delete node: IP: 162.254.197.20. Number of nodes 19
EtherApe-INFO: 23:41:56.212: delete node: IP: 162.254.197.22. Number of nodes 18
EtherApe-INFO: 23:41:56.212: delete node: IP: 162.254.197.2. Number of nodes 17
EtherApe-INFO: 23:41:56.212: delete node: IP: 139.45.228.1. Number of nodes 16
EtherApe-INFO: 23:41:58.561: New node: IPv6: fe80::6c65:a528:f44d:11c9. Number of nodes 17
EtherApe-INFO: 23:41:58.561: New node: IPv6: ff02::2. Number of nodes 18
EtherApe-INFO: 23:42:50.565: New node: IP: 95.216.195.133. Number of nodes 19
EtherApe-INFO: 23:43:35.361: New node: IP: 192.168.88.1. Number of nodes 20
EtherApe-INFO: 23:43:37.849: delete node: IP: 93.184.220.29. Number of nodes 19
EtherApe-INFO: 23:43:46.917: delete node: IP: 178.32.123.64. Number of nodes 18
EtherApe-INFO: 23:44:00.198: delete node: IPv6: ff02::2. Number of nodes 17
EtherApe-INFO: 23:44:00.198: delete node: IPv6: fe80::6c65:a528:f44d:11c9. Number of nodes 16
EtherApe-INFO: 23:44:47.631: New node: IP: 142.250.180.195. Number of nodes 17
EtherApe-INFO: 23:44:50.925: delete node: IP: 95.216.195.133. Number of nodes 16
EtherApe-INFO: 23:45:35.660: delete node: IP: 192.168.88.1. Number of nodes 15
EtherApe-INFO: 23:45:45.764: New node: IP: 142.250.201.206. Number of nodes 16
EtherApe-INFO: 23:46:48.479: delete node: IP: 142.250.180.195. Number of nodes 15
EtherApe-INFO: 23:47:46.590: delete node: IP: 142.250.201.206. Number of nodes 14
EtherApe-INFO: 23:47:50.561: New node: IP: 95.216.195.133. Number of nodes 15
EtherApe-INFO: 23:48:14.828: New node: IP: 149.154.167.151. Number of nodes 16
EtherApe-INFO: 23:48:30.295: New node: IP: 142.251.39.74. Number of nodes 17
EtherApe-INFO: 23:48:31.094: New node: IP: 142.250.180.240. Number of nodes 18
EtherApe-INFO: 23:48:35.361: New node: IP: 192.168.88.1. Number of nodes 19
EtherApe-INFO: 23:49:50.888: delete node: IP: 95.216.195.133. Number of nodes 18
EtherApe-INFO: 23:50:26.885: delete node: IP: 2.18.15.221. Number of nodes 17
EtherApe-INFO: 23:50:28.219: delete node: IP: 2.21.173.123. Number of nodes 16
EtherApe-INFO: 23:50:30.886: delete node: IP: 149.154.167.151. Number of nodes 15
EtherApe-INFO: 23:50:30.886: delete node: IP: 142.251.39.74. Number of nodes 14
EtherApe-INFO: 23:50:30.886: delete node: IP: 2.21.173.136. Number of nodes 13
EtherApe-INFO: 23:50:35.705: delete node: IP: 192.168.88.1. Number of nodes 12
EtherApe-INFO: 23:50:54.881: delete node: IP: 184.51.8.124. Number of nodes 11
EtherApe-INFO: 23:50:54.881: delete node: IP: 104.81.228.116. Number of nodes 10
EtherApe-INFO: 23:50:54.881: delete node: IP: 2.21.173.130. Number of nodes 9
EtherApe-INFO: 23:51:02.059: delete node: IP: 142.250.180.240. Number of nodes 8
EtherApe-INFO: 23:52:50.561: New node: IP: 95.216.195.133. Number of nodes 9
EtherApe-INFO: 23:53:35.361: New node: IP: 192.168.88.1. Number of nodes 10
EtherApe-INFO: 23:54:51.374: delete node: IP: 95.216.195.133. Number of nodes 9
EtherApe-INFO: 23:55:35.697: delete node: IP: 192.168.88.1. Number of nodes 8
EtherApe-INFO: 23:55:45.761: New node: IP: 142.250.180.195. Number of nodes 9
EtherApe-INFO: 23:57:46.853: delete node: IP: 142.250.180.195. Number of nodes 8
EtherApe-INFO: 23:57:50.561: New node: IP: 95.216.195.133. Number of nodes 9
EtherApe-INFO: 23:58:35.361: New node: IP: 192.168.88.1. Number of nodes 10
EtherApe-INFO: 23:59:51.368: delete node: IP: 95.216.195.133. Number of nodes 9
EtherApe-INFO: 00:00:35.704: delete node: IP: 192.168.88.1. Number of nodes 8
EtherApe-INFO: 00:02:50.561: New node: IP: 95.216.195.133. Number of nodes 9
EtherApe-INFO: 00:03:35.364: New node: IP: 192.168.88.1. Number of nodes 10
EtherApe-INFO: 00:04:42.828: New node: IP: 178.32.123.64. Number of nodes 11
EtherApe-INFO: 00:04:51.451: delete node: IP: 95.216.195.133. Number of nodes 10
EtherApe-INFO: 00:05:36.194: delete node: IP: 192.168.88.1. Number of nodes 9
EtherApe-INFO: 00:06:43.647: delete node: IP: 178.32.123.64. Number of nodes 8
EtherApe-INFO: 00:07:50.564: New node: IP: 95.216.195.133. Number of nodes 9
EtherApe-INFO: 00:08:35.361: New node: IP: 192.168.88.1. Number of nodes 10
EtherApe-INFO: 00:08:46.031: New node: IP: 23.64.142.62. Number of nodes 11
EtherApe-INFO: 00:09:50.852: delete node: IP: 95.216.195.133. Number of nodes 10
EtherApe-INFO: 00:10:35.701: delete node: IP: 192.168.88.1. Number of nodes 9
EtherApe-INFO: 00:12:35.186: delete node: IP: 23.64.142.62. Number of nodes 8
EtherApe-INFO: 00:12:50.561: New node: IP: 95.216.195.133. Number of nodes 9
EtherApe-INFO: 00:13:35.364: New node: IP: 192.168.88.1. Number of nodes 10
EtherApe-INFO: 00:14:47.631: New node: IP: 142.250.180.195. Number of nodes 11
EtherApe-INFO: 00:14:51.106: delete node: IP: 95.216.195.133. Number of nodes 10
EtherApe-INFO: 00:15:35.966: delete node: IP: 192.168.88.1. Number of nodes 9
EtherApe-INFO: 00:15:45.764: New node: IP: 142.250.201.206. Number of nodes 10
EtherApe-INFO: 00:16:47.977: delete node: IP: 142.250.180.195. Number of nodes 9
EtherApe-INFO: 00:17:29.228: New node: IP: 169.47.63.74. Number of nodes 10
EtherApe-INFO: 00:17:47.385: delete node: IP: 142.250.201.206. Number of nodes 9
EtherApe-INFO: 00:17:50.561: New node: IP: 95.216.195.133. Number of nodes 10
EtherApe-INFO: 00:18:04.432: New node: IP: 142.251.39.74. Number of nodes 11
EtherApe-INFO: 00:18:35.365: New node: IP: 192.168.88.1. Number of nodes 12
EtherApe-INFO: 00:19:22.294: New node: IP: 23.64.142.62. Number of nodes 13
EtherApe-INFO: 00:19:51.422: delete node: IP: 95.216.195.133. Number of nodes 12
EtherApe-INFO: 00:20:04.750: delete node: IP: 142.251.39.74. Number of nodes 11
EtherApe-INFO: 00:20:35.665: delete node: IP: 192.168.88.1. Number of nodes 10
EtherApe-INFO: 00:21:23.678: delete node: IP: 23.64.142.62. Number of nodes 9
EtherApe-INFO: 00:22:31.665: delete node: IP: 169.47.63.74. Number of nodes 8
EtherApe-INFO: 00:22:50.561: New node: IP: 95.216.195.133. Number of nodes 9
EtherApe-INFO: 00:23:35.361: New node: IP: 192.168.88.1. Number of nodes 10
EtherApe-INFO: 00:24:50.905: delete node: IP: 95.216.195.133. Number of nodes 9
EtherApe-INFO: 00:25:35.952: delete node: IP: 192.168.88.1. Number of nodes 8
EtherApe-INFO: 00:25:59.098: New node: IP: 178.32.123.64. Number of nodes 9
EtherApe-INFO: 00:27:03.364: New node: IP: 23.64.142.62. Number of nodes 10
EtherApe-INFO: 00:27:50.564: New node: IP: 95.216.195.133. Number of nodes 11
EtherApe-INFO: 00:27:59.456: delete node: IP: 178.32.123.64. Number of nodes 10
EtherApe-INFO: 00:28:25.494: New node: IP: 2.21.173.130. Number of nodes 11
EtherApe-INFO: 00:28:35.361: New node: IP: 192.168.88.1. Number of nodes 12
EtherApe-INFO: 00:29:03.676: delete node: IP: 23.64.142.62. Number of nodes 11
EtherApe-INFO: 00:29:50.895: delete node: IP: 95.216.195.133. Number of nodes 10
EtherApe-INFO: 00:30:26.301: delete node: IP: 2.21.173.130. Number of nodes 9
EtherApe-INFO: 00:30:35.921: delete node: IP: 192.168.88.1. Number of nodes 8
EtherApe-INFO: 00:32:50.561: New node: IP: 95.216.195.133. Number of nodes 9
EtherApe-INFO: 00:33:35.361: New node: IP: 192.168.88.1. Number of nodes 10
EtherApe-INFO: 00:34:50.890: delete node: IP: 95.216.195.133. Number of nodes 9
EtherApe-INFO: 00:35:05.495: New node: IP: 178.32.123.64. Number of nodes 10
EtherApe-INFO: 00:35:36.447: delete node: IP: 192.168.88.1. Number of nodes 9
EtherApe-INFO: 00:36:07.094: New node: IP: 149.154.167.151. Number of nodes 10
EtherApe-INFO: 00:36:46.031: New node: IP: 2.21.173.130. Number of nodes 11
EtherApe-INFO: 00:37:06.343: delete node: IP: 178.32.123.64. Number of nodes 10
EtherApe-INFO: 00:37:50.561: New node: IP: 95.216.195.133. Number of nodes 11
EtherApe-INFO: 00:38:22.650: delete node: IP: 149.154.167.151. Number of nodes 10
EtherApe-INFO: 00:38:32.164: New node: IP: 78.154.186.226. Number of nodes 11
EtherApe-INFO: 00:38:32.164: New node: IP: 2.21.173.123. Number of nodes 12
EtherApe-INFO: 00:38:35.364: New node: IP: 192.168.88.1. Number of nodes 13
EtherApe-INFO: 00:38:47.141: delete node: IP: 2.21.173.130. Number of nodes 12
EtherApe-INFO: 00:38:59.627: New node: IP: 149.154.167.151. Number of nodes 13
EtherApe-INFO: 00:39:51.109: delete node: IP: 95.216.195.133. Number of nodes 12
EtherApe-INFO: 00:40:37.231: New node: IP: 169.47.63.74. Number of nodes 13
EtherApe-INFO: 00:40:37.273: delete node: IP: 192.168.88.1. Number of nodes 12
EtherApe-INFO: 00:41:02.872: delete node: IP: 78.154.186.226. Number of nodes 11
EtherApe-INFO: 00:41:02.872: delete node: IP: 2.21.173.123. Number of nodes 10
EtherApe-INFO: 00:41:15.367: delete node: IP: 149.154.167.151. Number of nodes 9
EtherApe-INFO: 00:42:05.498: New node: IP: 149.154.167.151. Number of nodes 10
EtherApe-INFO: 00:42:50.564: New node: IP: 95.216.195.133. Number of nodes 11
EtherApe-INFO: 00:43:06.027: New node: IPv6: fe80::6c65:a528:f44d:11c9. Number of nodes 12
EtherApe-INFO: 00:43:06.027: New node: IPv6: ff02::2. Number of nodes 13
EtherApe-INFO: 00:43:35.364: New node: IP: 192.168.88.1. Number of nodes 14
EtherApe-INFO: 00:44:20.784: delete node: IP: 149.154.167.151. Number of nodes 13
EtherApe-INFO: 00:44:47.628: New node: IP: 142.250.180.195. Number of nodes 14
EtherApe-INFO: 00:44:50.931: delete node: IP: 95.216.195.133. Number of nodes 13
EtherApe-INFO: 00:44:59.361: New node: IP: 142.251.39.74. Number of nodes 14
EtherApe-INFO: 00:45:06.620: delete node: IPv6: ff02::2. Number of nodes 13
EtherApe-INFO: 00:45:06.620: delete node: IPv6: fe80::6c65:a528:f44d:11c9. Number of nodes 12
EtherApe-INFO: 00:45:35.651: delete node: IP: 192.168.88.1. Number of nodes 11
EtherApe-INFO: 00:45:39.647: delete node: IP: 169.47.63.74. Number of nodes 10
EtherApe-INFO: 00:45:45.761: New node: IP: 142.250.201.206. Number of nodes 11
EtherApe-INFO: 00:46:49.791: delete node: IP: 142.250.180.195. Number of nodes 10
EtherApe-INFO: 00:46:59.730: delete node: IP: 142.251.39.74. Number of nodes 9
EtherApe-INFO: 00:47:46.063: delete node: IP: 142.250.201.206. Number of nodes 8
EtherApe-INFO: 00:47:50.561: New node: IP: 95.216.195.133. Number of nodes 9
EtherApe-INFO: 00:48:12.428: New node: IP: 142.251.39.74. Number of nodes 10
EtherApe-INFO: 00:48:35.361: New node: IP: 192.168.88.1. Number of nodes 11
EtherApe-INFO: 00:49:50.895: delete node: IP: 95.216.195.133. Number of nodes 10
EtherApe-INFO: 00:50:14.045: delete node: IP: 142.251.39.74. Number of nodes 9
EtherApe-INFO: 00:50:36.185: delete node: IP: 192.168.88.1. Number of nodes 8
EtherApe-INFO: 00:52:50.561: New node: IP: 95.216.195.133. Number of nodes 9
EtherApe-INFO: 00:53:35.361: New node: IP: 192.168.88.1. Number of nodes 10
EtherApe-INFO: 00:54:51.456: delete node: IP: 95.216.195.133. Number of nodes 9
EtherApe-INFO: 00:55:36.512: delete node: IP: 192.168.88.1. Number of nodes 8
EtherApe-INFO: 00:57:50.561: New node: IP: 95.216.195.133. Number of nodes 9
EtherApe-INFO: 00:58:35.361: New node: IP: 192.168.88.1. Number of nodes 10
EtherApe-INFO: 00:58:46.827: New node: IP: 169.47.63.74. Number of nodes 11
EtherApe-INFO: 00:58:46.828: New node: IP: 137.248.197.16. Number of nodes 12
EtherApe-INFO: 00:59:50.925: delete node: IP: 95.216.195.133. Number of nodes 11
EtherApe-INFO: 01:00:36.486: delete node: IP: 192.168.88.1. Number of nodes 10
EtherApe-INFO: 01:00:47.429: delete node: IP: 137.248.197.16. Number of nodes 9
EtherApe-INFO: 01:02:50.561: New node: IP: 95.216.195.133. Number of nodes 10
EtherApe-INFO: 01:03:35.361: New node: IP: 192.168.88.1. Number of nodes 11
EtherApe-INFO: 01:04:13.316: delete node: IP: 169.47.63.74. Number of nodes 10
EtherApe-INFO: 01:04:51.381: delete node: IP: 95.216.195.133. Number of nodes 9
EtherApe-INFO: 01:05:35.686: delete node: IP: 192.168.88.1. Number of nodes 8
EtherApe-INFO: 01:07:50.561: New node: IP: 95.216.195.133. Number of nodes 9
EtherApe-INFO: 01:08:35.361: New node: IP: 192.168.88.1. Number of nodes 10
EtherApe-INFO: 01:09:26.031: New node: IP: 78.154.186.226. Number of nodes 11
EtherApe-INFO: 01:09:51.988: delete node: IP: 95.216.195.133. Number of nodes 10
EtherApe-INFO: 01:09:59.897: New node: IP: 178.32.123.64. Number of nodes 11
EtherApe-INFO: 01:10:30.031: New node: IP: 149.154.167.151. Number of nodes 12
EtherApe-INFO: 01:10:35.928: delete node: IP: 192.168.88.1. Number of nodes 11
EtherApe-INFO: 01:11:57.523: delete node: IP: 78.154.186.226. Number of nodes 10
EtherApe-INFO: 01:12:00.997: delete node: IP: 178.32.123.64. Number of nodes 9
EtherApe-INFO: 01:12:46.118: delete node: IP: 149.154.167.151. Number of nodes 8
EtherApe-INFO: 01:12:50.564: New node: IP: 95.216.195.133. Number of nodes 9
EtherApe-INFO: 01:13:32.964: New node: IP: 178.32.123.64. Number of nodes 10
EtherApe-INFO: 01:13:35.364: New node: IP: 192.168.88.1. Number of nodes 11
EtherApe-INFO: 01:14:47.627: New node: IP: 142.250.180.195. Number of nodes 12
EtherApe-INFO: 01:14:51.391: delete node: IP: 95.216.195.133. Number of nodes 11
EtherApe-INFO: 01:15:05.494: New node: IP: 20.38.118.132. Number of nodes 12
EtherApe-INFO: 01:15:09.761: New node: IP: 87.245.208.50. Number of nodes 13
EtherApe-INFO: 01:15:30.027: New node: IP: 149.154.167.151. Number of nodes 14
EtherApe-INFO: 01:15:31.641: New node: IP: 149.154.165.111. Number of nodes 15
EtherApe-INFO: 01:15:33.516: delete node: IP: 178.32.123.64. Number of nodes 14
EtherApe-INFO: 01:15:35.570: delete node: IP: 192.168.88.1. Number of nodes 13
EtherApe-INFO: 01:15:45.574: New node: IP: 142.250.201.206. Number of nodes 14
EtherApe-INFO: 01:16:48.517: delete node: IP: 142.250.180.195. Number of nodes 13
EtherApe-INFO: 01:17:36.058: delete node: IP: 20.38.118.132. Number of nodes 12
EtherApe-INFO: 01:17:46.707: delete node: IP: 142.250.201.206. Number of nodes 11
EtherApe-INFO: 01:17:50.644: New node: IP: 95.216.195.133. Number of nodes 12
EtherApe-INFO: 01:17:54.706: delete node: IP: 149.154.165.111. Number of nodes 11
EtherApe-INFO: 01:18:14.454: delete node: IP: 87.245.208.50. Number of nodes 10
EtherApe-INFO: 01:18:22.641: New node: IP: 169.47.63.74. Number of nodes 11
EtherApe-INFO: 01:18:22.654: delete node: IP: 149.154.167.151. Number of nodes 10
EtherApe-INFO: 01:18:33.574: New node: IP: 142.251.39.74. Number of nodes 11
EtherApe-INFO: 01:18:35.441: New node: IP: 192.168.88.1. Number of nodes 12
EtherApe-INFO: 01:19:50.657: delete node: IP: 95.216.195.133. Number of nodes 11
EtherApe-INFO: 01:20:33.636: delete node: IP: 142.251.39.74. Number of nodes 10
EtherApe-INFO: 01:20:36.815: delete node: IP: 192.168.88.1. Number of nodes 9
EtherApe-INFO: 01:22:50.641: New node: IP: 95.216.195.133. Number of nodes 10
EtherApe-INFO: 01:23:25.098: delete node: IP: 169.47.63.74. Number of nodes 9
EtherApe-INFO: 01:23:35.441: New node: IP: 192.168.88.1. Number of nodes 10
EtherApe-INFO: 01:24:50.981: delete node: IP: 95.216.195.133. Number of nodes 9
EtherApe-INFO: 01:25:35.522: delete node: IP: 192.168.88.1. Number of nodes 8
EtherApe-INFO: 01:26:09.841: New node: IP: 104.81.228.116. Number of nodes 9
EtherApe-INFO: 01:26:10.378: New node: IP: 172.217.19.110. Number of nodes 10
EtherApe-INFO: 01:26:10.641: New node: IP: 2.21.173.105. Number of nodes 11
EtherApe-INFO: 01:26:10.641: New node: IP: 2.21.173.130. Number of nodes 12
EtherApe-INFO: 01:26:10.641: New node: IP: 2.21.173.114. Number of nodes 13
EtherApe-INFO: 01:27:46.802: New node: IP: 23.197.104.71. Number of nodes 14
EtherApe-INFO: 01:27:47.068: New node: IP: 78.154.186.225. Number of nodes 15
EtherApe-INFO: 01:27:48.401: New node: IP: 104.18.25.217. Number of nodes 16
EtherApe-INFO: 01:27:48.402: New node: IP: 2.21.173.161. Number of nodes 17
EtherApe-INFO: 01:27:50.457: New node: IP: 95.216.195.133. Number of nodes 18
EtherApe-INFO: 01:28:35.550: New node: IP: 192.168.88.1. Number of nodes 19
EtherApe-INFO: 01:28:51.632: delete node: IP: 2.21.173.114. Number of nodes 18
EtherApe-INFO: 01:29:50.760: delete node: IP: 95.216.195.133. Number of nodes 17
EtherApe-INFO: 01:29:59.878: delete node: IP: 172.217.19.110. Number of nodes 16
EtherApe-INFO: 01:30:13.720: delete node: IP: 78.154.186.225. Number of nodes 15
EtherApe-INFO: 01:30:20.394: delete node: IP: 2.21.173.161. Number of nodes 14
EtherApe-INFO: 01:30:35.882: delete node: IP: 192.168.88.1. Number of nodes 13
EtherApe-INFO: 01:32:50.481: New node: IP: 95.216.195.133. Number of nodes 14
EtherApe-INFO: 01:33:35.547: New node: IP: 192.168.88.1. Number of nodes 15
EtherApe-INFO: 01:34:52.166: delete node: IP: 95.216.195.133. Number of nodes 14
EtherApe-INFO: 01:35:36.356: delete node: IP: 192.168.88.1. Number of nodes 13
EtherApe-INFO: 01:36:36.442: delete node: IP: 104.18.25.217. Number of nodes 12
EtherApe-INFO: 01:37:50.481: New node: IP: 95.216.195.133. Number of nodes 13
EtherApe-INFO: 01:38:33.147: New node: IP: 78.154.186.225. Number of nodes 14
EtherApe-INFO: 01:38:33.147: New node: IP: 2.21.173.136. Number of nodes 15
EtherApe-INFO: 01:38:33.147: New node: IPv6: fe80::6c65:a528:f44d:11c9. Number of nodes 16
EtherApe-INFO: 01:38:33.147: New node: IPv6: ff02::2. Number of nodes 17
EtherApe-INFO: 01:38:33.147: New node: IP: 78.154.186.217. Number of nodes 18
EtherApe-INFO: 01:38:35.547: New node: IP: 192.168.88.1. Number of nodes 19
EtherApe-INFO: 01:39:05.151: New node: IP: 78.154.186.226. Number of nodes 20
EtherApe-INFO: 01:39:05.414: New node: IP: 2.21.173.123. Number of nodes 21
EtherApe-INFO: 01:39:39.583: delete node: IP: 2.21.173.130. Number of nodes 20
EtherApe-INFO: 01:39:46.790: delete node: IP: 23.197.104.71. Number of nodes 19
EtherApe-INFO: 01:39:52.639: delete node: IP: 104.81.228.116. Number of nodes 18
EtherApe-INFO: 01:39:52.639: delete node: IP: 95.216.195.133. Number of nodes 17
EtherApe-INFO: 01:39:52.639: delete node: IP: 2.21.173.105. Number of nodes 16
EtherApe-INFO: 01:40:33.212: delete node: IPv6: ff02::2. Number of nodes 15
EtherApe-INFO: 01:40:33.212: delete node: IPv6: fe80::6c65:a528:f44d:11c9. Number of nodes 14
EtherApe-INFO: 01:40:36.909: delete node: IP: 192.168.88.1. Number of nodes 13
EtherApe-INFO: 01:41:01.147: New node: IP: 149.154.167.151. Number of nodes 14
EtherApe-INFO: 01:41:01.147: New node: IP: 149.154.165.111. Number of nodes 15
EtherApe-INFO: 01:41:03.562: delete node: IP: 2.21.173.136. Number of nodes 14
EtherApe-INFO: 01:41:36.939: delete node: IP: 78.154.186.226. Number of nodes 13
EtherApe-INFO: 01:41:36.939: delete node: IP: 78.154.186.225. Number of nodes 12
EtherApe-INFO: 01:41:36.939: delete node: IP: 78.154.186.217. Number of nodes 11
EtherApe-INFO: 01:41:36.939: delete node: IP: 2.21.173.123. Number of nodes 10
EtherApe-INFO: 01:42:50.481: New node: IP: 95.216.195.133. Number of nodes 11
EtherApe-INFO: 01:43:16.677: delete node: IP: 149.154.165.111. Number of nodes 10
EtherApe-INFO: 01:43:35.547: New node: IP: 192.168.88.1. Number of nodes 11
EtherApe-INFO: 01:43:48.430: delete node: IP: 149.154.167.151. Number of nodes 10
EtherApe-INFO: 01:43:48.614: New node: IP: 104.81.228.116. Number of nodes 11
EtherApe-INFO: 01:43:48.614: New node: IP: 23.197.104.71. Number of nodes 12
EtherApe-INFO: 01:43:48.615: New node: IP: 2.21.173.130. Number of nodes 13
EtherApe-INFO: 01:43:48.615: New node: IP: 78.154.186.217. Number of nodes 14
EtherApe-INFO: 01:43:49.148: New node: IP: 2.21.173.147. Number of nodes 15
EtherApe-INFO: 01:43:56.085: New node: IP: 178.18.231.137. Number of nodes 16
EtherApe-INFO: 01:43:56.347: New node: IP: 1.1.1.1. Number of nodes 17
EtherApe-INFO: 01:44:19.281: New node: IP: 208.64.203.173. Number of nodes 18
EtherApe-INFO: 01:44:26.747: New node: IP: 208.64.203.140. Number of nodes 19
EtherApe-INFO: 01:44:41.689: New node: IP: 78.154.186.225. Number of nodes 20
EtherApe-INFO: 01:44:47.547: New node: IP: 142.250.180.195. Number of nodes 21
EtherApe-INFO: 01:44:51.113: delete node: IP: 95.216.195.133. Number of nodes 20
EtherApe-INFO: 01:45:36.962: delete node: IP: 192.168.88.1. Number of nodes 19
EtherApe-INFO: 01:45:45.682: New node: IP: 142.250.201.206. Number of nodes 20
EtherApe-INFO: 01:46:02.252: delete node: IP: 1.1.1.1. Number of nodes 19
EtherApe-INFO: 01:46:17.187: delete node: IP: 178.18.231.137. Number of nodes 18
EtherApe-INFO: 01:46:37.237: delete node: IP: 208.64.203.173. Number of nodes 17
EtherApe-INFO: 01:46:37.237: delete node: IP: 208.64.203.140. Number of nodes 16
EtherApe-INFO: 01:47:10.829: delete node: IP: 142.250.180.195. Number of nodes 15
EtherApe-INFO: 01:47:12.711: delete node: IP: 78.154.186.225. Number of nodes 14
EtherApe-INFO: 01:47:12.711: delete node: IP: 78.154.186.217. Number of nodes 13
EtherApe-INFO: 01:47:13.226: delete node: IP: 104.81.228.116. Number of nodes 12
EtherApe-INFO: 01:47:46.031: delete node: IP: 142.250.201.206. Number of nodes 11
EtherApe-INFO: 01:47:50.481: New node: IP: 95.216.195.133. Number of nodes 12
EtherApe-INFO: 01:48:34.751: New node: IP: 142.251.39.74. Number of nodes 13
EtherApe-INFO: 01:48:35.547: New node: IP: 192.168.88.1. Number of nodes 14
EtherApe-INFO: 01:49:51.572: delete node: IP: 95.216.195.133. Number of nodes 13
EtherApe-INFO: 01:50:34.765: delete node: IP: 142.251.39.74. Number of nodes 12
EtherApe-INFO: 01:50:35.586: delete node: IP: 192.168.88.1. Number of nodes 11
EtherApe-INFO: 01:51:10.747: New node: IP: 142.251.39.74. Number of nodes 12
EtherApe-INFO: 01:52:50.480: New node: IP: 95.216.195.133. Number of nodes 13
EtherApe-INFO: 01:53:11.553: delete node: IP: 142.251.39.74. Number of nodes 12
EtherApe-INFO: 01:53:35.547: New node: IP: 192.168.88.1. Number of nodes 13
EtherApe-INFO: 01:54:51.579: delete node: IP: 95.216.195.133. Number of nodes 12
EtherApe-INFO: 01:55:35.629: delete node: IP: 192.168.88.1. Number of nodes 11
EtherApe-INFO: 01:55:41.725: delete node: IP: 2.21.173.147. Number of nodes 10
EtherApe-INFO: 01:55:48.663: delete node: IP: 23.197.104.71. Number of nodes 9
EtherApe-INFO: 01:55:48.663: delete node: IP: 2.21.173.130. Number of nodes 8
EtherApe-INFO: 01:57:50.484: New node: IP: 95.216.195.133. Number of nodes 9
EtherApe-INFO: 01:58:35.547: New node: IP: 192.168.88.1. Number of nodes 10
EtherApe-INFO: 01:59:50.847: delete node: IP: 95.216.195.133. Number of nodes 9
EtherApe-INFO: 02:00:35.838: delete node: IP: 192.168.88.1. Number of nodes 8
EtherApe-INFO: 02:02:50.481: New node: IP: 95.216.195.133. Number of nodes 9
EtherApe-INFO: 02:03:35.550: New node: IP: 192.168.88.1. Number of nodes 10
EtherApe-INFO: 02:04:51.329: delete node: IP: 95.216.195.133. Number of nodes 9
EtherApe-INFO: 02:05:35.594: delete node: IP: 192.168.88.1. Number of nodes 8
EtherApe-INFO: 02:07:40.614: New node: IP: 78.154.186.217. Number of nodes 9
EtherApe-INFO: 02:07:40.884: New node: IP: 78.154.186.226. Number of nodes 10
EtherApe-INFO: 02:07:50.481: New node: IP: 95.216.195.133. Number of nodes 11
EtherApe-INFO: 02:08:35.547: New node: IP: 192.168.88.1. Number of nodes 12
EtherApe-INFO: 02:09:51.023: delete node: IP: 95.216.195.133. Number of nodes 11
EtherApe-INFO: 02:10:11.634: delete node: IP: 78.154.186.226. Number of nodes 10
EtherApe-INFO: 02:10:11.634: delete node: IP: 78.154.186.217. Number of nodes 9
EtherApe-INFO: 02:10:35.578: delete node: IP: 192.168.88.1. Number of nodes 8
EtherApe-INFO: 02:12:50.484: New node: IP: 95.216.195.133. Number of nodes 9
EtherApe-INFO: 02:13:35.547: New node: IP: 192.168.88.1. Number of nodes 10
EtherApe-INFO: 02:14:47.548: New node: IP: 142.250.180.195. Number of nodes 11
EtherApe-INFO: 02:14:52.349: delete node: IP: 95.216.195.133. Number of nodes 10
EtherApe-INFO: 02:15:36.680: delete node: IP: 192.168.88.1. Number of nodes 9
EtherApe-INFO: 02:15:45.680: New node: IP: 142.250.201.206. Number of nodes 10
EtherApe-INFO: 02:17:12.705: delete node: IP: 142.250.180.195. Number of nodes 9
EtherApe-INFO: 02:17:46.787: delete node: IP: 142.250.201.206. Number of nodes 8
EtherApe-INFO: 02:17:50.480: New node: IP: 95.216.195.133. Number of nodes 9
EtherApe-INFO: 02:18:11.814: New node: IP: 142.251.39.74. Number of nodes 10
EtherApe-INFO: 02:18:29.947: New node: IP: 169.47.63.74. Number of nodes 11
EtherApe-INFO: 02:18:34.214: New node: IP: 78.154.186.217. Number of nodes 12
EtherApe-INFO: 02:18:34.748: New node: IP: 104.81.228.116. Number of nodes 13
EtherApe-INFO: 02:18:35.547: New node: IP: 192.168.88.1. Number of nodes 14
EtherApe-INFO: 02:18:54.484: New node: IP: 78.154.186.226. Number of nodes 15
EtherApe-INFO: 02:19:51.094: delete node: IP: 95.216.195.133. Number of nodes 14
EtherApe-INFO: 02:20:13.213: delete node: IP: 142.251.39.74. Number of nodes 13
EtherApe-INFO: 02:20:35.633: delete node: IP: 192.168.88.1. Number of nodes 12
EtherApe-INFO: 02:21:24.912: delete node: IP: 78.154.186.226. Number of nodes 11
EtherApe-INFO: 02:21:24.912: delete node: IP: 78.154.186.217. Number of nodes 10
EtherApe-INFO: 02:21:25.738: delete node: IP: 104.81.228.116. Number of nodes 9
EtherApe-INFO: 02:22:50.484: New node: IP: 95.216.195.133. Number of nodes 10
EtherApe-INFO: 02:23:31.641: delete node: IP: 169.47.63.74. Number of nodes 9
EtherApe-INFO: 02:23:35.547: New node: IP: 192.168.88.1. Number of nodes 10
EtherApe-INFO: 02:24:51.613: delete node: IP: 95.216.195.133. Number of nodes 9
EtherApe-INFO: 02:25:35.647: delete node: IP: 192.168.88.1. Number of nodes 8
EtherApe-INFO: 02:27:50.480: New node: IP: 95.216.195.133. Number of nodes 9
EtherApe-INFO: 02:28:35.547: New node: IP: 192.168.88.1. Number of nodes 10
EtherApe-INFO: 02:29:52.123: delete node: IP: 95.216.195.133. Number of nodes 9
EtherApe-INFO: 02:30:36.407: delete node: IP: 192.168.88.1. Number of nodes 8
EtherApe-INFO: 02:32:50.481: New node: IP: 95.216.195.133. Number of nodes 9
EtherApe-INFO: 02:33:35.547: New node: IP: 192.168.88.1. Number of nodes 10
EtherApe-INFO: 02:34:50.783: delete node: IP: 95.216.195.133. Number of nodes 9
EtherApe-INFO: 02:35:16.080: New node: IP: 149.154.167.151. Number of nodes 10
EtherApe-INFO: 02:35:36.169: delete node: IP: 192.168.88.1. Number of nodes 9
EtherApe-INFO: 02:37:20.881: New node: IP: 78.154.186.217. Number of nodes 10
EtherApe-INFO: 02:37:21.147: New node: IP: 78.154.186.226. Number of nodes 11
EtherApe-INFO: 02:37:21.148: New node: IP: 2.21.173.136. Number of nodes 12
EtherApe-INFO: 02:37:33.209: delete node: IP: 149.154.167.151. Number of nodes 11
EtherApe-INFO: 02:37:50.480: New node: IP: 95.216.195.133. Number of nodes 12
EtherApe-INFO: 02:38:34.214: New node: IP: 2.21.173.123. Number of nodes 13
EtherApe-INFO: 02:38:35.547: New node: IP: 192.168.88.1. Number of nodes 14
EtherApe-INFO: 02:39:51.379: delete node: IP: 95.216.195.133. Number of nodes 13
EtherApe-INFO: 02:39:51.379: delete node: IP: 2.21.173.136. Number of nodes 12
EtherApe-INFO: 02:39:51.900: delete node: IP: 78.154.186.226. Number of nodes 11
EtherApe-INFO: 02:40:37.422: delete node: IP: 192.168.88.1. Number of nodes 10
EtherApe-INFO: 02:41:05.458: delete node: IP: 78.154.186.217. Number of nodes 9
EtherApe-INFO: 02:41:05.458: delete node: IP: 2.21.173.123. Number of nodes 8
EtherApe-INFO: 02:41:47.013: New node: IPv6: fe80::6c65:a528:f44d:11c9. Number of nodes 9
EtherApe-INFO: 02:41:47.013: New node: IPv6: ff02::2. Number of nodes 10
EtherApe-INFO: 02:42:50.480: New node: IP: 95.216.195.133. Number of nodes 11
EtherApe-INFO: 02:43:21.147: New node: IP: 78.154.186.226. Number of nodes 12
EtherApe-INFO: 02:43:21.414: New node: IP: 104.81.228.116. Number of nodes 13
EtherApe-INFO: 02:43:35.547: New node: IP: 192.168.88.1. Number of nodes 14
EtherApe-INFO: 02:43:47.902: delete node: IPv6: ff02::2. Number of nodes 13
EtherApe-INFO: 02:43:47.902: delete node: IPv6: fe80::6c65:a528:f44d:11c9. Number of nodes 12
EtherApe-INFO: 02:44:47.547: New node: IP: 142.250.180.195. Number of nodes 13
EtherApe-INFO: 02:44:51.586: delete node: IP: 95.216.195.133. Number of nodes 12
EtherApe-INFO: 02:45:36.153: delete node: IP: 192.168.88.1. Number of nodes 11
EtherApe-INFO: 02:45:45.684: New node: IP: 142.250.201.206. Number of nodes 12
EtherApe-INFO: 02:45:51.375: delete node: IP: 78.154.186.226. Number of nodes 11
EtherApe-INFO: 02:45:51.893: delete node: IP: 104.81.228.116. Number of nodes 10
EtherApe-INFO: 02:47:11.914: delete node: IP: 142.250.180.195. Number of nodes 9
EtherApe-INFO: 02:47:46.316: delete node: IP: 142.250.201.206. Number of nodes 8
EtherApe-INFO: 02:47:46.747: New node: IP: 142.251.39.74. Number of nodes 9
EtherApe-INFO: 02:47:50.480: New node: IP: 95.216.195.133. Number of nodes 10
EtherApe-INFO: 02:48:35.547: New node: IP: 192.168.88.1. Number of nodes 11
EtherApe-INFO: 02:49:47.078: delete node: IP: 142.251.39.74. Number of nodes 10
EtherApe-INFO: 02:49:51.111: delete node: IP: 95.216.195.133. Number of nodes 9
EtherApe-INFO: 02:50:36.683: delete node: IP: 192.168.88.1. Number of nodes 8
EtherApe-INFO: 02:52:50.480: New node: IP: 95.216.195.133. Number of nodes 9
EtherApe-INFO: 02:53:35.547: New node: IP: 192.168.88.1. Number of nodes 10
EtherApe-INFO: 02:54:51.109: delete node: IP: 95.216.195.133. Number of nodes 9
EtherApe-INFO: 02:55:35.583: delete node: IP: 192.168.88.1. Number of nodes 8
EtherApe-INFO: 02:57:50.481: New node: IP: 95.216.195.133. Number of nodes 9
EtherApe-INFO: 02:58:26.747: New node: IP: 149.154.167.151. Number of nodes 10
EtherApe-INFO: 02:58:35.550: New node: IP: 192.168.88.1. Number of nodes 11
EtherApe-INFO: 02:59:51.627: delete node: IP: 95.216.195.133. Number of nodes 10
EtherApe-INFO: 03:00:35.633: delete node: IP: 192.168.88.1. Number of nodes 9
EtherApe-INFO: 03:00:42.534: delete node: IP: 149.154.167.151. Number of nodes 8
EtherApe-INFO: 03:02:50.481: New node: IP: 95.216.195.133. Number of nodes 9
EtherApe-INFO: 03:03:35.550: New node: IP: 192.168.88.1. Number of nodes 10
EtherApe-INFO: 03:04:50.787: delete node: IP: 95.216.195.133. Number of nodes 9
EtherApe-INFO: 03:05:36.424: delete node: IP: 192.168.88.1. Number of nodes 8
EtherApe-INFO: 03:07:11.813: New node: IP: 149.154.167.151. Number of nodes 9
EtherApe-INFO: 03:07:50.481: New node: IP: 95.216.195.133. Number of nodes 10
EtherApe-INFO: 03:08:35.550: New node: IP: 192.168.88.1. Number of nodes 11
EtherApe-INFO: 03:09:27.855: delete node: IP: 149.154.167.151. Number of nodes 10
EtherApe-INFO: 03:09:50.753: delete node: IP: 95.216.195.133. Number of nodes 9
EtherApe-INFO: 03:10:36.948: delete node: IP: 192.168.88.1. Number of nodes 8
EtherApe-INFO: 03:12:50.480: New node: IP: 95.216.195.133. Number of nodes 9
EtherApe-INFO: 03:13:35.547: New node: IP: 192.168.88.1. Number of nodes 10
EtherApe-INFO: 03:14:20.880: New node: IP: 142.250.180.195. Number of nodes 11
EtherApe-INFO: 03:14:40.883: New node: IP: 142.250.180.240. Number of nodes 12
EtherApe-INFO: 03:14:40.884: New node: IP: 142.251.39.16. Number of nodes 13
EtherApe-INFO: 03:14:50.816: delete node: IP: 95.216.195.133. Number of nodes 12
EtherApe-INFO: 03:15:36.184: delete node: IP: 192.168.88.1. Number of nodes 11
EtherApe-INFO: 03:15:37.947: New node: IP: 149.154.167.151. Number of nodes 12
EtherApe-INFO: 03:15:45.680: New node: IP: 142.250.201.206. Number of nodes 13
EtherApe-INFO: 03:17:11.081: delete node: IP: 142.250.180.195. Number of nodes 12
EtherApe-INFO: 03:17:11.899: delete node: IP: 142.251.39.16. Number of nodes 11
EtherApe-INFO: 03:17:11.899: delete node: IP: 142.250.180.240. Number of nodes 10
EtherApe-INFO: 03:17:46.050: delete node: IP: 142.250.201.206. Number of nodes 9
EtherApe-INFO: 03:17:50.480: New node: IP: 95.216.195.133. Number of nodes 10
EtherApe-INFO: 03:17:59.013: New node: IP: 142.251.39.74. Number of nodes 11
EtherApe-INFO: 03:18:05.239: delete node: IP: 149.154.167.151. Number of nodes 10
EtherApe-INFO: 03:18:35.546: New node: IP: 192.168.88.1. Number of nodes 11
EtherApe-INFO: 03:19:51.307: delete node: IP: 95.216.195.133. Number of nodes 10
EtherApe-INFO: 03:19:59.093: delete node: IP: 142.251.39.74. Number of nodes 9
EtherApe-INFO: 03:20:35.597: delete node: IP: 192.168.88.1. Number of nodes 8
EtherApe-INFO: 03:22:50.480: New node: IP: 95.216.195.133. Number of nodes 9
EtherApe-INFO: 03:23:35.546: New node: IP: 192.168.88.1. Number of nodes 10
EtherApe-INFO: 03:24:51.914: delete node: IP: 95.216.195.133. Number of nodes 9
EtherApe-INFO: 03:25:35.579: delete node: IP: 192.168.88.1. Number of nodes 8
