(etherape:2644): GLib-GIO-DEBUG: 20:02:32.216: _g_io_module_get_default: Found default implementation local (GLocalVfs) for ‘gio-vfs’
EtherApe-INFO: 20:02:32.339: sctp protocol not supported
EtherApe-INFO: 20:02:32.339: dccp protocol not supported
EtherApe-INFO: 20:02:32.339: sctp protocol not supported
EtherApe-INFO: 20:02:32.339: sctp protocol not supported
EtherApe-INFO: 20:02:32.339: sctp protocol not supported
EtherApe-INFO: 20:02:32.339: sctp protocol not supported
EtherApe-INFO: 20:02:32.339: sctp protocol not supported
EtherApe-INFO: 20:02:32.340: sctp protocol not supported
EtherApe-INFO: 20:02:32.340: sctp protocol not supported
EtherApe-INFO: 20:02:32.340: dccp protocol not supported
EtherApe-INFO: 20:02:32.340: sctp protocol not supported
EtherApe-INFO: 20:02:32.340: dccp protocol not supported
EtherApe-INFO: 20:02:32.340: dccp protocol not supported
EtherApe-INFO: 20:02:32.340: sctp protocol not supported
EtherApe-INFO: 20:02:32.341: sctp protocol not supported
EtherApe-INFO: 20:02:32.341: sctp protocol not supported
EtherApe-INFO: 20:02:32.341: sctp protocol not supported
EtherApe-INFO: 20:02:32.342: sctp protocol not supported
EtherApe-INFO: 20:02:32.343: sctp protocol not supported
EtherApe-INFO: 20:02:32.343: sctp protocol not supported
EtherApe-INFO: 20:02:32.343: sctp protocol not supported
EtherApe-INFO: 20:02:32.343: sctp protocol not supported
EtherApe-INFO: 20:02:32.343: sctp protocol not supported
EtherApe-INFO: 20:02:32.343: sctp protocol not supported
EtherApe-INFO: 20:02:32.344: sctp protocol not supported
EtherApe-INFO: 20:02:32.344: sctp protocol not supported
EtherApe-INFO: 20:02:32.344: sctp protocol not supported
EtherApe-INFO: 20:02:32.344: sctp protocol not supported
EtherApe-INFO: 20:02:32.344: dccp protocol not supported
EtherApe-INFO: 20:02:32.344: sctp protocol not supported
EtherApe-INFO: 20:02:32.344: sctp protocol not supported
EtherApe-INFO: 20:02:32.344: dccp protocol not supported
EtherApe-INFO: 20:02:32.344: sctp protocol not supported
EtherApe-INFO: 20:02:32.344: sctp protocol not supported
EtherApe-INFO: 20:02:32.344: sctp protocol not supported
EtherApe-INFO: 20:02:32.345: dccp protocol not supported
EtherApe-INFO: 20:02:32.345: dccp protocol not supported
EtherApe-INFO: 20:02:32.345: sctp protocol not supported
EtherApe-INFO: 20:02:32.345: sctp protocol not supported
EtherApe-INFO: 20:02:32.345: sctp protocol not supported
EtherApe-INFO: 20:02:32.345: sctp protocol not supported
EtherApe-INFO: 20:02:32.345: sctp protocol not supported
EtherApe-INFO: 20:02:32.345: sctp protocol not supported
EtherApe-INFO: 20:02:32.345: sctp protocol not supported
EtherApe-INFO: 20:02:32.345: sctp protocol not supported
EtherApe-INFO: 20:02:32.345: sctp protocol not supported
EtherApe-INFO: 20:02:32.345: sctp protocol not supported
EtherApe-INFO: 20:02:32.345: sctp protocol not supported
EtherApe-INFO: 20:02:32.345: sctp protocol not supported
EtherApe-INFO: 20:02:32.345: sctp protocol not supported
EtherApe-INFO: 20:02:32.345: dccp protocol not supported
EtherApe-INFO: 20:02:32.345: sctp protocol not supported
EtherApe-INFO: 20:02:32.345: sctp protocol not supported
EtherApe-INFO: 20:02:32.346: sctp protocol not supported
EtherApe-INFO: 20:02:32.346: sctp protocol not supported
EtherApe-INFO: 20:02:32.346: sctp protocol not supported
EtherApe-INFO: 20:02:32.346: sctp protocol not supported
EtherApe-INFO: 20:02:32.346: sctp protocol not supported
EtherApe-INFO: 20:02:32.346: sctp protocol not supported
EtherApe-INFO: 20:02:32.346: sctp protocol not supported
EtherApe-INFO: 20:02:32.346: sctp protocol not supported
EtherApe-INFO: 20:02:32.346: sctp protocol not supported
EtherApe-INFO: 20:02:32.346: sctp protocol not supported
EtherApe-INFO: 20:02:32.346: sctp protocol not supported
EtherApe-INFO: 20:02:32.346: sctp protocol not supported
EtherApe-INFO: 20:02:32.347: sctp protocol not supported
EtherApe-INFO: 20:02:32.347: sctp protocol not supported
EtherApe-INFO: 20:02:32.347: sctp protocol not supported
EtherApe-INFO: 20:02:32.347: sctp protocol not supported
EtherApe-INFO: 20:02:32.347: sctp protocol not supported
EtherApe-INFO: 20:02:32.347: sctp protocol not supported
EtherApe-INFO: 20:02:32.347: sctp protocol not supported
EtherApe-INFO: 20:02:32.347: sctp protocol not supported
EtherApe-INFO: 20:02:32.347: sctp protocol not supported
EtherApe-INFO: 20:02:32.347: sctp protocol not supported
EtherApe-INFO: 20:02:32.347: sctp protocol not supported
EtherApe-INFO: 20:02:32.347: sctp protocol not supported
EtherApe-INFO: 20:02:32.347: sctp protocol not supported
EtherApe-INFO: 20:02:32.347: sctp protocol not supported
EtherApe-INFO: 20:02:32.347: sctp protocol not supported
EtherApe-INFO: 20:02:32.347: sctp protocol not supported
EtherApe-INFO: 20:02:32.347: sctp protocol not supported
EtherApe-INFO: 20:02:32.347: sctp protocol not supported
EtherApe-INFO: 20:02:32.347: sctp protocol not supported
EtherApe-INFO: 20:02:32.347: sctp protocol not supported
EtherApe-INFO: 20:02:32.347: sctp protocol not supported
EtherApe-INFO: 20:02:32.347: sctp protocol not supported
EtherApe-INFO: 20:02:32.401: get_interface result: ''
EtherApe-INFO: 20:02:32.401: Available interfaces for capture: dbus-session dbus-system nfqueue nflog bluetooth-monitor wlp3s0 lo any enp0s25
EtherApe-INFO: 20:02:32.413: Link type is LINUX_SLL
EtherApe-INFO: 20:02:32.414: Diagram started
EtherApe-INFO: 20:02:35.588: New node: IP: 216.58.215.74. Number of nodes 1
EtherApe-INFO: 20:02:35.588: New node: IP: 192.168.2.184. Number of nodes 2
EtherApe-INFO: 20:02:35.854: New node: IP: 192.168.2.183. Number of nodes 3
EtherApe-INFO: 20:02:35.854: New node: IP: 192.168.2.1. Number of nodes 4
EtherApe-INFO: 20:02:35.858: New node: IP: 149.154.167.223. Number of nodes 5
EtherApe-INFO: 20:02:35.858: New node: IP: 149.154.167.51. Number of nodes 6
EtherApe-INFO: 20:02:40.920: New node: IP: 142.250.186.206. Number of nodes 7
EtherApe-INFO: 20:02:41.187: New node: IP: 216.58.208.196. Number of nodes 8
EtherApe-INFO: 20:02:44.542: Nodes: 8 (shown 8)
EtherApe-INFO: 20:02:47.053: New node: IP: 213.231.2.124. Number of nodes 9
EtherApe-INFO: 20:03:04.653: New node: IP: 142.250.186.195. Number of nodes 10
EtherApe-INFO: 20:03:04.654: New node: IP: 216.58.208.205. Number of nodes 11
EtherApe-INFO: 20:03:04.923: New node: IP: 216.58.208.202. Number of nodes 12
EtherApe-INFO: 20:03:04.924: New node: IP: 239.255.255.250. Number of nodes 13
EtherApe-INFO: 20:03:05.187: New node: IP: 35.214.65.239. Number of nodes 14
EtherApe-INFO: 20:03:05.188: New node: IP: 172.217.16.14. Number of nodes 15
EtherApe-INFO: 20:03:05.987: New node: IP: 104.17.50.74. Number of nodes 16
EtherApe-INFO: 20:03:06.520: New node: IP: 35.188.42.15. Number of nodes 17
EtherApe-INFO: 20:03:06.787: New node: IP: 216.58.215.106. Number of nodes 18
EtherApe-INFO: 20:03:06.788: New node: IP: 142.250.186.202. Number of nodes 19
EtherApe-INFO: 20:03:06.788: New node: IP: 216.58.208.195. Number of nodes 20
EtherApe-INFO: 20:03:07.075: New node: IP: 172.217.20.170. Number of nodes 21
EtherApe-INFO: 20:03:07.349: New node: IP: 104.18.12.33. Number of nodes 22
EtherApe-INFO: 20:03:07.598: New node: IP: 192.0.77.2. Number of nodes 23
EtherApe-INFO: 20:03:07.874: New node: IP: 104.81.101.52. Number of nodes 24
EtherApe-INFO: 20:03:07.877: New node: IP: 142.250.203.206. Number of nodes 25
EtherApe-INFO: 20:03:08.121: New node: IP: 224.0.0.251. Number of nodes 26
EtherApe-INFO: 20:03:08.121: New node: IP: 224.0.0.22. Number of nodes 27
EtherApe-INFO: 20:03:08.121: New node: IP: 74.125.131.188. Number of nodes 28
EtherApe-INFO: 20:03:08.387: New node: IP: 142.250.75.3. Number of nodes 29
EtherApe-INFO: 20:03:08.388: New node: IP: 172.217.16.42. Number of nodes 30
EtherApe-INFO: 20:03:08.388: New node: IP: 2.23.109.9. Number of nodes 31
EtherApe-INFO: 20:03:09.187: New node: IP: 142.250.203.138. Number of nodes 32
EtherApe-INFO: 20:03:09.454: New node: IP: 142.250.203.214. Number of nodes 33
EtherApe-INFO: 20:03:09.456: New node: IP: 142.250.186.193. Number of nodes 34
EtherApe-INFO: 20:03:10.254: New node: IP: 216.58.209.3. Number of nodes 35
EtherApe-INFO: 20:03:12.120: New node: IP: 95.216.144.15. Number of nodes 36
EtherApe-INFO: 20:03:14.007: New node: IP: 140.82.121.3. Number of nodes 37
EtherApe-INFO: 20:03:14.255: New node: IP: 142.250.203.195. Number of nodes 38
EtherApe-INFO: 20:03:15.053: New node: IP: 216.58.209.14. Number of nodes 39
EtherApe-INFO: 20:03:15.055: New node: IP: 185.199.111.154. Number of nodes 40
EtherApe-INFO: 20:03:15.055: New node: IP: 185.199.108.133. Number of nodes 41
EtherApe-INFO: 20:03:17.456: New node: IP: 140.82.114.21. Number of nodes 42
EtherApe-INFO: 20:03:17.987: New node: IP: 135.181.27.174. Number of nodes 43
EtherApe-INFO: 20:03:27.320: New node: IP: 104.18.6.240. Number of nodes 44
EtherApe-INFO: 20:03:27.320: New node: IP: 104.18.13.33. Number of nodes 45
EtherApe-INFO: 20:03:54.788: New node: IP: 216.58.215.67. Number of nodes 46
EtherApe-INFO: 20:03:56.387: New node: IP: 172.217.20.174. Number of nodes 47
EtherApe-INFO: 20:03:56.654: New node: IP: 172.217.16.10. Number of nodes 48
EtherApe-INFO: 20:04:06.520: New node: IP: 142.250.203.142. Number of nodes 49
EtherApe-INFO: 20:04:15.006: New node: IP: 95.216.195.133. Number of nodes 50
EtherApe-INFO: 20:04:17.134: New node: IP: 78.46.105.101. Number of nodes 51
EtherApe-INFO: 20:04:47.840: delete node: IP: 213.231.2.124. Number of nodes 50
EtherApe-INFO: 20:05:03.001: New node: IP: 172.217.20.195. Number of nodes 51
EtherApe-INFO: 20:05:07.404: delete node: IP: 172.217.20.170. Number of nodes 50
EtherApe-INFO: 20:05:11.801: New node: IP: 142.250.75.4. Number of nodes 51
EtherApe-INFO: 20:05:11.817: delete node: IP: 224.0.0.251. Number of nodes 50
EtherApe-INFO: 20:05:11.818: delete node: IP: 224.0.0.22. Number of nodes 49
EtherApe-INFO: 20:05:31.097: delete node: IP: 2.23.109.9. Number of nodes 48
EtherApe-INFO: 20:05:45.404: New node: IP: 45.79.250.114. Number of nodes 49
EtherApe-INFO: 20:05:51.533: New node: IP: 216.58.208.206. Number of nodes 50
EtherApe-INFO: 20:05:52.281: New node: IP: 142.250.203.129. Number of nodes 51
EtherApe-INFO: 20:05:54.979: delete node: IP: 216.58.209.14. Number of nodes 50
EtherApe-INFO: 20:06:04.815: New node: IP: 35.189.150.108. Number of nodes 51
EtherApe-INFO: 20:06:07.214: New node: IP: 172.217.167.67. Number of nodes 52
EtherApe-INFO: 20:06:16.913: delete node: IP: 95.216.195.133. Number of nodes 51
EtherApe-INFO: 20:06:16.914: delete node: IP: 35.214.65.239. Number of nodes 50
EtherApe-INFO: 20:06:19.008: delete node: IP: 95.216.144.15. Number of nodes 49
EtherApe-INFO: 20:06:28.080: delete node: IP: 192.0.77.2. Number of nodes 48
EtherApe-INFO: 20:06:28.080: delete node: IP: 135.181.27.174. Number of nodes 47
EtherApe-INFO: 20:07:01.887: New node: IP: 104.196.95.159. Number of nodes 48
EtherApe-INFO: 20:07:01.888: New node: IP: 34.131.78.121. Number of nodes 49
EtherApe-INFO: 20:07:02.414: New node: IP: 172.217.16.3. Number of nodes 50
EtherApe-INFO: 20:07:03.312: delete node: IP: 172.217.16.10. Number of nodes 49
EtherApe-INFO: 20:07:03.312: delete node: IP: 35.188.42.15. Number of nodes 48
EtherApe-INFO: 20:07:17.713: delete node: IP: 140.82.121.3. Number of nodes 47
EtherApe-INFO: 20:07:18.510: delete node: IP: 140.82.114.21. Number of nodes 46
EtherApe-INFO: 20:08:00.645: delete node: IP: 142.250.203.129. Number of nodes 45
EtherApe-INFO: 20:08:02.147: New node: IP: 142.250.203.129. Number of nodes 46
EtherApe-INFO: 20:08:03.484: New node: IP: 224.0.0.252. Number of nodes 47
EtherApe-INFO: 20:08:05.712: delete node: IP: 35.189.150.108. Number of nodes 46
EtherApe-INFO: 20:08:06.961: New node: IP: 192.168.2.255. Number of nodes 47
EtherApe-INFO: 20:08:07.214: New node: IP: 216.239.32.116. Number of nodes 48
EtherApe-INFO: 20:08:43.613: New node: IP: 149.154.166.120. Number of nodes 49
EtherApe-INFO: 20:09:02.449: delete node: IP: 142.250.75.4. Number of nodes 48
EtherApe-INFO: 20:09:05.541: delete node: IP: 216.58.208.205. Number of nodes 47
EtherApe-INFO: 20:09:05.541: delete node: IP: 216.58.208.202. Number of nodes 46
EtherApe-INFO: 20:09:07.620: New node: IP: 34.146.45.82. Number of nodes 47
EtherApe-INFO: 20:09:07.647: delete node: IP: 104.196.95.159. Number of nodes 46
EtherApe-INFO: 20:09:07.978: delete node: IP: 216.58.208.195. Number of nodes 45
EtherApe-INFO: 20:09:09.531: delete node: IP: 142.250.203.214. Number of nodes 44
EtherApe-INFO: 20:09:09.750: New node: IP: 172.217.20.202. Number of nodes 45
EtherApe-INFO: 20:09:10.326: delete node: IP: 216.58.209.3. Number of nodes 44
EtherApe-INFO: 20:09:15.093: New node: IP: 95.216.195.133. Number of nodes 45
EtherApe-INFO: 20:09:36.429: New node: IP: 172.217.20.170. Number of nodes 46
EtherApe-INFO: 20:09:50.269: New node: IP: 2.18.12.41. Number of nodes 47
EtherApe-INFO: 20:09:51.910: delete node: IP: 78.46.105.101. Number of nodes 46
EtherApe-INFO: 20:09:55.710: delete node: IP: 142.250.186.193. Number of nodes 45
EtherApe-INFO: 20:09:56.700: delete node: IP: 172.217.20.174. Number of nodes 44
EtherApe-INFO: 20:10:04.520: delete node: IP: 142.250.186.195. Number of nodes 43
EtherApe-INFO: 20:10:04.738: delete node: IP: 142.250.203.206. Number of nodes 42
EtherApe-INFO: 20:10:04.967: delete node: IP: 142.250.75.3. Number of nodes 41
EtherApe-INFO: 20:10:07.358: delete node: IP: 34.131.78.121. Number of nodes 40
EtherApe-INFO: 20:10:10.120: delete node: IP: 224.0.0.252. Number of nodes 39
EtherApe-INFO: 20:10:11.122: delete node: IP: 192.168.2.255. Number of nodes 38
EtherApe-INFO: 20:10:15.890: delete node: IP: 142.250.203.129. Number of nodes 37
EtherApe-INFO: 20:10:19.865: New node: IP: 149.154.175.60. Number of nodes 38
EtherApe-INFO: 20:10:19.866: New node: IP: 149.154.175.55. Number of nodes 39
EtherApe-INFO: 20:11:07.514: delete node: IP: 239.255.255.250. Number of nodes 38
EtherApe-INFO: 20:11:07.514: delete node: IP: 104.81.101.52. Number of nodes 37
EtherApe-INFO: 20:11:15.183: delete node: IP: 95.216.195.133. Number of nodes 36
EtherApe-INFO: 20:11:19.297: New node: IP: 213.231.2.124. Number of nodes 37
EtherApe-INFO: 20:11:26.756: New node: IP: 239.255.255.250. Number of nodes 38
EtherApe-INFO: 20:11:36.635: delete node: IP: 172.217.20.170. Number of nodes 37
EtherApe-INFO: 20:11:46.312: delete node: IP: 104.17.50.74. Number of nodes 36
EtherApe-INFO: 20:11:52.240: delete node: IP: 142.250.186.202. Number of nodes 35
EtherApe-INFO: 20:11:54.153: delete node: IP: 216.58.215.106. Number of nodes 34
EtherApe-INFO: 20:11:54.153: delete node: IP: 2.18.12.41. Number of nodes 33
EtherApe-INFO: 20:11:55.818: delete node: IP: 142.250.203.138. Number of nodes 32
EtherApe-INFO: 20:12:10.923: delete node: IP: 172.217.167.67. Number of nodes 31
EtherApe-INFO: 20:12:10.923: delete node: IP: 104.18.12.33. Number of nodes 30
EtherApe-INFO: 20:12:12.820: delete node: IP: 104.18.6.240. Number of nodes 29
EtherApe-INFO: 20:12:21.064: delete node: IP: 149.154.175.55. Number of nodes 28
EtherApe-INFO: 20:12:22.622: delete node: IP: 216.58.208.206. Number of nodes 27
EtherApe-INFO: 20:12:36.780: delete node: IP: 149.154.175.60. Number of nodes 26
EtherApe-INFO: 20:13:03.408: delete node: IP: 172.217.16.3. Number of nodes 25
EtherApe-INFO: 20:13:03.409: delete node: IP: 142.250.186.206. Number of nodes 24
EtherApe-INFO: 20:13:05.801: New node: IP: 216.58.209.10. Number of nodes 25
EtherApe-INFO: 20:13:19.404: delete node: IP: 213.231.2.124. Number of nodes 24
EtherApe-INFO: 20:13:29.845: delete node: IP: 239.255.255.250. Number of nodes 23
EtherApe-INFO: 20:13:42.916: delete node: IP: 172.217.20.202. Number of nodes 22
EtherApe-INFO: 20:14:00.733: New node: IP: 239.255.255.250. Number of nodes 23
EtherApe-INFO: 20:14:08.840: delete node: IP: 216.239.32.116. Number of nodes 22
EtherApe-INFO: 20:14:14.867: New node: IP: 95.216.195.133. Number of nodes 23
EtherApe-INFO: 20:14:17.861: delete node: IP: 149.154.167.223. Number of nodes 22
EtherApe-INFO: 20:14:18.085: delete node: IP: 149.154.166.120. Number of nodes 21
EtherApe-INFO: 20:14:35.726: delete node: IP: 172.217.16.42. Number of nodes 20
EtherApe-INFO: 20:14:39.134: New node: IP: 149.154.167.223. Number of nodes 21
EtherApe-INFO: 20:15:07.420: delete node: IP: 216.58.215.67. Number of nodes 20
EtherApe-INFO: 20:15:07.421: delete node: IP: 172.217.16.14. Number of nodes 19
EtherApe-INFO: 20:15:09.267: New node: IP: 216.58.208.206. Number of nodes 20
EtherApe-INFO: 20:15:11.667: New node: IP: 149.154.166.120. Number of nodes 21
EtherApe-INFO: 20:15:12.467: New node: IP: 140.82.121.4. Number of nodes 22
EtherApe-INFO: 20:15:13.000: New node: IP: 185.199.110.154. Number of nodes 23
EtherApe-INFO: 20:15:13.000: New node: IP: 185.199.111.133. Number of nodes 24
EtherApe-INFO: 20:15:13.533: New node: IP: 142.250.186.202. Number of nodes 25
EtherApe-INFO: 20:15:13.802: New node: IP: 140.82.114.21. Number of nodes 26
EtherApe-INFO: 20:15:14.070: New node: IP: 142.250.203.196. Number of nodes 27
EtherApe-INFO: 20:15:24.200: New node: IP: 216.58.215.110. Number of nodes 28
EtherApe-INFO: 20:15:27.963: delete node: IP: 185.199.111.154. Number of nodes 27
EtherApe-INFO: 20:15:27.963: delete node: IP: 185.199.108.133. Number of nodes 26
EtherApe-INFO: 20:15:55.667: New node: IP: 216.58.209.14. Number of nodes 27
EtherApe-INFO: 20:16:15.445: delete node: IP: 95.216.195.133. Number of nodes 26
EtherApe-INFO: 20:16:36.200: New node: IP: 142.250.186.206. Number of nodes 27
EtherApe-INFO: 20:17:04.297: delete node: IP: 216.58.208.196. Number of nodes 26
EtherApe-INFO: 20:17:11.769: delete node: IP: 216.58.208.206. Number of nodes 25
EtherApe-INFO: 20:17:12.775: delete node: IP: 34.146.45.82. Number of nodes 24
EtherApe-INFO: 20:17:13.884: delete node: IP: 142.250.186.202. Number of nodes 23
EtherApe-INFO: 20:17:24.546: delete node: IP: 216.58.215.110. Number of nodes 22
EtherApe-INFO: 20:17:27.491: delete node: IP: 149.154.167.223. Number of nodes 21
EtherApe-INFO: 20:17:27.492: delete node: IP: 149.154.166.120. Number of nodes 20
EtherApe-INFO: 20:17:57.537: delete node: IP: 216.58.209.14. Number of nodes 19
EtherApe-INFO: 20:17:57.800: New node: IP: 149.154.167.223. Number of nodes 20
EtherApe-INFO: 20:18:04.264: delete node: IP: 239.255.255.250. Number of nodes 19
EtherApe-INFO: 20:18:12.733: New node: IP: 239.255.255.250. Number of nodes 20
EtherApe-INFO: 20:18:15.134: New node: IP: 142.250.203.129. Number of nodes 21
EtherApe-INFO: 20:18:15.402: New node: IP: 216.58.209.3. Number of nodes 22
EtherApe-INFO: 20:18:15.668: New node: IP: 216.58.215.110. Number of nodes 23
EtherApe-INFO: 20:18:17.533: New node: IP: 172.217.16.14. Number of nodes 24
EtherApe-INFO: 20:18:18.333: New node: IP: 216.58.208.202. Number of nodes 25
EtherApe-INFO: 20:18:18.600: New node: IP: 142.250.203.202. Number of nodes 26
EtherApe-INFO: 20:18:19.667: New node: IP: 142.250.203.206. Number of nodes 27
EtherApe-INFO: 20:18:19.667: New node: IP: 216.58.215.78. Number of nodes 28
EtherApe-INFO: 20:18:20.201: New node: IP: 142.250.75.3. Number of nodes 29
EtherApe-INFO: 20:18:20.202: New node: IP: 216.58.208.206. Number of nodes 30
EtherApe-INFO: 20:18:22.067: New node: IP: 142.250.203.138. Number of nodes 31
EtherApe-INFO: 20:18:26.127: delete node: IP: 142.250.203.142. Number of nodes 30
EtherApe-INFO: 20:18:29.800: New node: IP: 108.177.14.113. Number of nodes 31
EtherApe-INFO: 20:18:30.600: New node: IP: 216.58.208.205. Number of nodes 32
EtherApe-INFO: 20:18:32.470: New node: IP: 142.250.186.202. Number of nodes 33
EtherApe-INFO: 20:18:33.281: New node: IP: 216.58.215.106. Number of nodes 34
EtherApe-INFO: 20:19:05.887: delete node: IP: 172.217.20.195. Number of nodes 33
EtherApe-INFO: 20:19:14.867: New node: IP: 95.216.195.133. Number of nodes 34
EtherApe-INFO: 20:19:14.917: delete node: IP: 140.82.121.4. Number of nodes 33
EtherApe-INFO: 20:19:14.917: delete node: IP: 140.82.114.21. Number of nodes 32
EtherApe-INFO: 20:19:23.401: New node: IP: 172.217.20.195. Number of nodes 33
EtherApe-INFO: 20:20:08.056: delete node: IP: 149.154.167.223. Number of nodes 32
EtherApe-INFO: 20:20:10.342: New node: IP: 216.58.208.196. Number of nodes 33
EtherApe-INFO: 20:20:17.896: delete node: IP: 172.217.16.14. Number of nodes 32
EtherApe-INFO: 20:20:18.692: delete node: IP: 216.58.208.202. Number of nodes 31
EtherApe-INFO: 20:20:18.692: delete node: IP: 185.199.110.154. Number of nodes 30
EtherApe-INFO: 20:20:23.404: New node: IP: 149.154.167.223. Number of nodes 31
EtherApe-INFO: 20:20:30.743: delete node: IP: 216.58.208.205. Number of nodes 30
EtherApe-INFO: 20:20:32.512: delete node: IP: 142.250.186.202. Number of nodes 29
EtherApe-INFO: 20:20:32.512: delete node: IP: 142.250.75.3. Number of nodes 28
EtherApe-INFO: 20:20:32.868: delete node: IP: 142.250.203.129. Number of nodes 27
EtherApe-INFO: 20:20:33.639: delete node: IP: 142.250.203.206. Number of nodes 26
EtherApe-INFO: 20:20:33.854: delete node: IP: 216.58.215.106. Number of nodes 25
EtherApe-INFO: 20:20:33.854: delete node: IP: 216.58.209.3. Number of nodes 24
EtherApe-INFO: 20:20:34.191: delete node: IP: 142.250.203.195. Number of nodes 23
EtherApe-INFO: 20:20:55.229: delete node: IP: 216.58.215.110. Number of nodes 22
EtherApe-INFO: 20:21:15.228: delete node: IP: 95.216.195.133. Number of nodes 21
EtherApe-INFO: 20:21:23.426: delete node: IP: 216.58.215.78. Number of nodes 20
EtherApe-INFO: 20:21:23.426: delete node: IP: 216.58.208.206. Number of nodes 19
EtherApe-INFO: 20:21:25.279: New node: IP: 35.186.203.75. Number of nodes 20
EtherApe-INFO: 20:22:00.562: delete node: IP: 142.250.203.196. Number of nodes 19
EtherApe-INFO: 20:22:07.411: New node: IP: 172.217.20.163. Number of nodes 20
EtherApe-INFO: 20:23:22.478: delete node: IP: 149.154.167.223. Number of nodes 19
EtherApe-INFO: 20:23:25.302: delete node: IP: 35.186.203.75. Number of nodes 18
EtherApe-INFO: 20:23:26.744: delete node: IP: 216.58.209.10. Number of nodes 17
EtherApe-INFO: 20:24:07.444: delete node: IP: 172.217.20.163. Number of nodes 16
EtherApe-INFO: 20:24:14.894: New node: IP: 95.216.195.133. Number of nodes 17
EtherApe-INFO: 20:24:18.908: delete node: IP: 142.250.203.202. Number of nodes 16
EtherApe-INFO: 20:24:23.414: New node: IP: 149.154.167.223. Number of nodes 17
EtherApe-INFO: 20:24:33.651: delete node: IP: 142.250.203.138. Number of nodes 16
EtherApe-INFO: 20:25:30.385: delete node: IP: 104.18.13.33. Number of nodes 15
EtherApe-INFO: 20:25:35.492: delete node: IP: 108.177.14.113. Number of nodes 14
EtherApe-INFO: 20:25:43.400: New node: IP: 142.250.203.142. Number of nodes 15
EtherApe-INFO: 20:26:15.755: delete node: IP: 95.216.195.133. Number of nodes 14
EtherApe-INFO: 20:27:24.558: delete node: IP: 185.199.111.133. Number of nodes 13
EtherApe-INFO: 20:27:27.706: delete node: IP: 172.217.20.195. Number of nodes 12
EtherApe-INFO: 20:27:34.696: delete node: IP: 142.250.186.206. Number of nodes 11
EtherApe-INFO: 20:28:23.667: New node: IP: 213.231.2.124. Number of nodes 12
EtherApe-INFO: 20:28:33.267: New node: IP: 173.194.222.102. Number of nodes 13
EtherApe-INFO: 20:28:34.067: New node: IP: 35.211.132.58. Number of nodes 14
EtherApe-INFO: 20:29:14.867: New node: IP: 95.216.195.133. Number of nodes 15
EtherApe-INFO: 20:29:27.947: delete node: IP: 149.154.167.223. Number of nodes 14
EtherApe-INFO: 20:30:16.220: New node: IP: 172.217.16.36. Number of nodes 15
EtherApe-INFO: 20:30:23.707: delete node: IP: 213.231.2.124. Number of nodes 14
EtherApe-INFO: 20:30:34.414: delete node: IP: 173.194.222.102. Number of nodes 13
EtherApe-INFO: 20:30:34.882: New node: IP: 149.154.167.223. Number of nodes 14
EtherApe-INFO: 20:30:46.352: New node: IP: 216.58.208.206. Number of nodes 15
EtherApe-INFO: 20:31:15.181: delete node: IP: 95.216.195.133. Number of nodes 14
EtherApe-INFO: 20:32:06.369: delete node: IP: 216.58.208.196. Number of nodes 13
EtherApe-INFO: 20:32:36.510: delete node: IP: 142.250.203.142. Number of nodes 12
EtherApe-INFO: 20:32:44.878: delete node: IP: 149.154.167.223. Number of nodes 11
EtherApe-INFO: 20:33:04.497: New node: IP: 142.250.186.195. Number of nodes 12
EtherApe-INFO: 20:33:07.667: New node: IP: 149.154.167.223. Number of nodes 13
EtherApe-INFO: 20:33:33.273: New node: IP: 74.125.205.139. Number of nodes 14
EtherApe-INFO: 20:34:07.413: New node: IP: 142.250.203.206. Number of nodes 15
EtherApe-INFO: 20:34:14.883: New node: IP: 95.216.195.133. Number of nodes 16
EtherApe-INFO: 20:34:42.867: New node: IP: 104.18.12.33. Number of nodes 17
EtherApe-INFO: 20:34:43.407: New node: IP: 104.18.13.33. Number of nodes 18
EtherApe-INFO: 20:34:55.269: New node: IP: 149.154.166.120. Number of nodes 19
EtherApe-INFO: 20:35:08.323: New node: IP: 216.58.208.196. Number of nodes 20
EtherApe-INFO: 20:35:12.514: New node: IP: 216.58.209.10. Number of nodes 21
EtherApe-INFO: 20:35:34.574: delete node: IP: 74.125.205.139. Number of nodes 20
EtherApe-INFO: 20:36:07.786: delete node: IP: 142.250.203.206. Number of nodes 19
EtherApe-INFO: 20:36:07.786: delete node: IP: 142.250.186.195. Number of nodes 18
EtherApe-INFO: 20:36:15.592: delete node: IP: 95.216.195.133. Number of nodes 17
EtherApe-INFO: 20:36:58.567: delete node: IP: 172.217.16.36. Number of nodes 16
EtherApe-INFO: 20:37:11.253: delete node: IP: 149.154.166.120. Number of nodes 15
EtherApe-INFO: 20:37:12.639: delete node: IP: 216.58.209.10. Number of nodes 14
EtherApe-INFO: 20:38:55.255: New node: IP: 142.250.203.195. Number of nodes 15
EtherApe-INFO: 20:38:56.846: New node: IP: 142.250.186.202. Number of nodes 16
EtherApe-INFO: 20:38:58.725: New node: IP: 216.58.209.10. Number of nodes 17
EtherApe-INFO: 20:39:00.845: New node: IP: 142.250.186.206. Number of nodes 18
EtherApe-INFO: 20:39:15.023: New node: IP: 95.216.195.133. Number of nodes 19
EtherApe-INFO: 20:39:19.069: delete node: IP: 149.154.167.223. Number of nodes 18
EtherApe-INFO: 20:39:55.786: New node: IP: 172.217.16.14. Number of nodes 19
EtherApe-INFO: 20:39:56.046: New node: IP: 172.217.20.195. Number of nodes 20
EtherApe-INFO: 20:39:58.725: New node: IP: 149.154.167.223. Number of nodes 21
EtherApe-INFO: 20:40:11.518: New node: IP: 142.250.75.4. Number of nodes 22
EtherApe-INFO: 20:40:53.376: New node: IP: 74.125.205.101. Number of nodes 23
EtherApe-INFO: 20:40:59.053: delete node: IP: 216.58.209.10. Number of nodes 22
EtherApe-INFO: 20:41:00.576: New node: IP: 216.58.215.78. Number of nodes 23
EtherApe-INFO: 20:41:00.591: New node: IP: 216.58.208.195. Number of nodes 24
EtherApe-INFO: 20:41:01.186: delete node: IP: 142.250.186.206. Number of nodes 23
EtherApe-INFO: 20:41:05.110: New node: IP: 172.217.16.42. Number of nodes 24
EtherApe-INFO: 20:41:06.715: New node: IP: 172.217.20.170. Number of nodes 25
EtherApe-INFO: 20:41:16.309: New node: IP: 142.250.203.206. Number of nodes 26
EtherApe-INFO: 20:41:17.135: delete node: IP: 95.216.195.133. Number of nodes 25
EtherApe-INFO: 20:41:18.443: New node: IP: 216.58.215.106. Number of nodes 26
EtherApe-INFO: 20:41:18.983: New node: IP: 135.181.27.174. Number of nodes 27
EtherApe-INFO: 20:41:34.800: delete node: IP: 35.211.132.58. Number of nodes 26
EtherApe-INFO: 20:42:01.697: delete node: IP: 216.58.208.196. Number of nodes 25
EtherApe-INFO: 20:42:04.584: New node: IP: 35.220.128.127. Number of nodes 26
EtherApe-INFO: 20:42:04.854: New node: IP: 35.206.35.210. Number of nodes 27
EtherApe-INFO: 20:42:07.512: New node: IP: 216.58.215.67. Number of nodes 28
EtherApe-INFO: 20:42:07.525: New node: IP: 35.215.54.231. Number of nodes 29
EtherApe-INFO: 20:42:08.967: delete node: IP: 149.154.167.223. Number of nodes 28
EtherApe-INFO: 20:42:46.175: New node: IP: 216.58.221.195. Number of nodes 29
EtherApe-INFO: 20:42:54.292: delete node: IP: 74.125.205.101. Number of nodes 28
EtherApe-INFO: 20:43:01.466: delete node: IP: 172.217.16.14. Number of nodes 27
EtherApe-INFO: 20:43:06.174: New node: IP: 142.250.75.10. Number of nodes 28
EtherApe-INFO: 20:43:06.798: delete node: IP: 172.217.20.170. Number of nodes 27
EtherApe-INFO: 20:43:10.746: delete node: IP: 216.58.215.78. Number of nodes 26
EtherApe-INFO: 20:43:18.333: delete node: IP: 216.58.208.195. Number of nodes 25
EtherApe-INFO: 20:43:18.587: delete node: IP: 216.58.215.106. Number of nodes 24
EtherApe-INFO: 20:43:23.813: delete node: IP: 104.18.13.33. Number of nodes 23
