(etherape:1614): GLib-GIO-DEBUG: 14:40:51.992: _g_io_module_get_default: Found default implementation local (GLocalVfs) for ‘gio-vfs’
EtherApe-INFO: 14:40:52.128: sctp protocol not supported
EtherApe-INFO: 14:40:52.128: dccp protocol not supported
EtherApe-INFO: 14:40:52.128: sctp protocol not supported
EtherApe-INFO: 14:40:52.128: sctp protocol not supported
EtherApe-INFO: 14:40:52.128: sctp protocol not supported
EtherApe-INFO: 14:40:52.129: sctp protocol not supported
EtherApe-INFO: 14:40:52.129: sctp protocol not supported
EtherApe-INFO: 14:40:52.129: sctp protocol not supported
EtherApe-INFO: 14:40:52.129: sctp protocol not supported
EtherApe-INFO: 14:40:52.129: dccp protocol not supported
EtherApe-INFO: 14:40:52.129: sctp protocol not supported
EtherApe-INFO: 14:40:52.129: dccp protocol not supported
EtherApe-INFO: 14:40:52.129: dccp protocol not supported
EtherApe-INFO: 14:40:52.130: sctp protocol not supported
EtherApe-INFO: 14:40:52.130: sctp protocol not supported
EtherApe-INFO: 14:40:52.130: sctp protocol not supported
EtherApe-INFO: 14:40:52.131: sctp protocol not supported
EtherApe-INFO: 14:40:52.131: sctp protocol not supported
EtherApe-INFO: 14:40:52.131: sctp protocol not supported
EtherApe-INFO: 14:40:52.131: sctp protocol not supported
EtherApe-INFO: 14:40:52.131: sctp protocol not supported
EtherApe-INFO: 14:40:52.132: sctp protocol not supported
EtherApe-INFO: 14:40:52.132: sctp protocol not supported
EtherApe-INFO: 14:40:52.132: sctp protocol not supported
EtherApe-INFO: 14:40:52.132: sctp protocol not supported
EtherApe-INFO: 14:40:52.132: sctp protocol not supported
EtherApe-INFO: 14:40:52.133: sctp protocol not supported
EtherApe-INFO: 14:40:52.133: sctp protocol not supported
EtherApe-INFO: 14:40:52.133: dccp protocol not supported
EtherApe-INFO: 14:40:52.133: sctp protocol not supported
EtherApe-INFO: 14:40:52.133: sctp protocol not supported
EtherApe-INFO: 14:40:52.133: dccp protocol not supported
EtherApe-INFO: 14:40:52.133: sctp protocol not supported
EtherApe-INFO: 14:40:52.133: sctp protocol not supported
EtherApe-INFO: 14:40:52.133: sctp protocol not supported
EtherApe-INFO: 14:40:52.133: dccp protocol not supported
EtherApe-INFO: 14:40:52.133: dccp protocol not supported
EtherApe-INFO: 14:40:52.133: sctp protocol not supported
EtherApe-INFO: 14:40:52.133: sctp protocol not supported
EtherApe-INFO: 14:40:52.133: sctp protocol not supported
EtherApe-INFO: 14:40:52.133: sctp protocol not supported
EtherApe-INFO: 14:40:52.133: sctp protocol not supported
EtherApe-INFO: 14:40:52.134: sctp protocol not supported
EtherApe-INFO: 14:40:52.134: sctp protocol not supported
EtherApe-INFO: 14:40:52.134: sctp protocol not supported
EtherApe-INFO: 14:40:52.134: sctp protocol not supported
EtherApe-INFO: 14:40:52.134: sctp protocol not supported
EtherApe-INFO: 14:40:52.134: sctp protocol not supported
EtherApe-INFO: 14:40:52.134: sctp protocol not supported
EtherApe-INFO: 14:40:52.134: sctp protocol not supported
EtherApe-INFO: 14:40:52.134: sctp protocol not supported
EtherApe-INFO: 14:40:52.134: sctp protocol not supported
EtherApe-INFO: 14:40:52.134: sctp protocol not supported
EtherApe-INFO: 14:40:52.134: sctp protocol not supported
EtherApe-INFO: 14:40:52.134: sctp protocol not supported
EtherApe-INFO: 14:40:52.134: sctp protocol not supported
EtherApe-INFO: 14:40:52.134: sctp protocol not supported
EtherApe-INFO: 14:40:52.134: dccp protocol not supported
EtherApe-INFO: 14:40:52.134: sctp protocol not supported
EtherApe-INFO: 14:40:52.134: sctp protocol not supported
EtherApe-INFO: 14:40:52.134: sctp protocol not supported
EtherApe-INFO: 14:40:52.134: sctp protocol not supported
EtherApe-INFO: 14:40:52.134: sctp protocol not supported
EtherApe-INFO: 14:40:52.134: sctp protocol not supported
EtherApe-INFO: 14:40:52.134: sctp protocol not supported
EtherApe-INFO: 14:40:52.134: sctp protocol not supported
EtherApe-INFO: 14:40:52.135: sctp protocol not supported
EtherApe-INFO: 14:40:52.135: sctp protocol not supported
EtherApe-INFO: 14:40:52.135: sctp protocol not supported
EtherApe-INFO: 14:40:52.135: sctp protocol not supported
EtherApe-INFO: 14:40:52.135: sctp protocol not supported
EtherApe-INFO: 14:40:52.135: sctp protocol not supported
EtherApe-INFO: 14:40:52.135: sctp protocol not supported
EtherApe-INFO: 14:40:52.135: sctp protocol not supported
EtherApe-INFO: 14:40:52.135: sctp protocol not supported
EtherApe-INFO: 14:40:52.135: sctp protocol not supported
EtherApe-INFO: 14:40:52.135: sctp protocol not supported
EtherApe-INFO: 14:40:52.135: sctp protocol not supported
EtherApe-INFO: 14:40:52.135: sctp protocol not supported
EtherApe-INFO: 14:40:52.135: sctp protocol not supported
EtherApe-INFO: 14:40:52.135: sctp protocol not supported
EtherApe-INFO: 14:40:52.135: sctp protocol not supported
EtherApe-INFO: 14:40:52.135: sctp protocol not supported
EtherApe-INFO: 14:40:52.135: sctp protocol not supported
EtherApe-INFO: 14:40:52.135: sctp protocol not supported
EtherApe-INFO: 14:40:52.135: sctp protocol not supported
EtherApe-INFO: 14:40:52.135: sctp protocol not supported
EtherApe-INFO: 14:40:52.135: sctp protocol not supported
EtherApe-INFO: 14:40:52.135: sctp protocol not supported
EtherApe-INFO: 14:40:52.135: sctp protocol not supported
EtherApe-INFO: 14:40:52.135: sctp protocol not supported
EtherApe-INFO: 14:40:52.135: sctp protocol not supported
EtherApe-INFO: 14:40:52.135: sctp protocol not supported
EtherApe-INFO: 14:40:52.135: sctp protocol not supported
EtherApe-INFO: 14:40:52.290: get_interface result: ''
EtherApe-INFO: 14:40:52.291: Available interfaces for capture: wwp0s20u4i6 dbus-session dbus-system nfqueue nflog bluetooth-monitor wlp3s0 enp0s25 lo any
EtherApe-INFO: 14:40:52.328: Link type is LINUX_SLL
EtherApe-INFO: 14:40:52.329: Diagram started
EtherApe-INFO: 14:41:01.187: New node: IP: 127.0.0.1. Number of nodes 1
