(etherape:13966): GLib-GIO-DEBUG: 22:17:20.490: _g_io_module_get_default: Found default implementation local (GLocalVfs) for ‘gio-vfs’
EtherApe-INFO: 22:17:20.635: sctp protocol not supported
EtherApe-INFO: 22:17:20.635: dccp protocol not supported
EtherApe-INFO: 22:17:20.635: sctp protocol not supported
EtherApe-INFO: 22:17:20.635: sctp protocol not supported
EtherApe-INFO: 22:17:20.635: sctp protocol not supported
EtherApe-INFO: 22:17:20.635: sctp protocol not supported
EtherApe-INFO: 22:17:20.635: sctp protocol not supported
EtherApe-INFO: 22:17:20.636: sctp protocol not supported
EtherApe-INFO: 22:17:20.636: sctp protocol not supported
EtherApe-INFO: 22:17:20.636: dccp protocol not supported
EtherApe-INFO: 22:17:20.636: sctp protocol not supported
EtherApe-INFO: 22:17:20.636: dccp protocol not supported
EtherApe-INFO: 22:17:20.636: dccp protocol not supported
EtherApe-INFO: 22:17:20.636: sctp protocol not supported
EtherApe-INFO: 22:17:20.637: sctp protocol not supported
EtherApe-INFO: 22:17:20.637: sctp protocol not supported
EtherApe-INFO: 22:17:20.637: sctp protocol not supported
EtherApe-INFO: 22:17:20.638: sctp protocol not supported
EtherApe-INFO: 22:17:20.638: sctp protocol not supported
EtherApe-INFO: 22:17:20.638: sctp protocol not supported
EtherApe-INFO: 22:17:20.639: sctp protocol not supported
EtherApe-INFO: 22:17:20.639: sctp protocol not supported
EtherApe-INFO: 22:17:20.639: sctp protocol not supported
EtherApe-INFO: 22:17:20.639: sctp protocol not supported
EtherApe-INFO: 22:17:20.640: sctp protocol not supported
EtherApe-INFO: 22:17:20.640: sctp protocol not supported
EtherApe-INFO: 22:17:20.640: sctp protocol not supported
EtherApe-INFO: 22:17:20.640: sctp protocol not supported
EtherApe-INFO: 22:17:20.640: dccp protocol not supported
EtherApe-INFO: 22:17:20.640: sctp protocol not supported
EtherApe-INFO: 22:17:20.640: sctp protocol not supported
EtherApe-INFO: 22:17:20.640: dccp protocol not supported
EtherApe-INFO: 22:17:20.640: sctp protocol not supported
EtherApe-INFO: 22:17:20.640: sctp protocol not supported
EtherApe-INFO: 22:17:20.640: sctp protocol not supported
EtherApe-INFO: 22:17:20.640: dccp protocol not supported
EtherApe-INFO: 22:17:20.640: dccp protocol not supported
EtherApe-INFO: 22:17:20.640: sctp protocol not supported
EtherApe-INFO: 22:17:20.640: sctp protocol not supported
EtherApe-INFO: 22:17:20.641: sctp protocol not supported
EtherApe-INFO: 22:17:20.641: sctp protocol not supported
EtherApe-INFO: 22:17:20.641: sctp protocol not supported
EtherApe-INFO: 22:17:20.641: sctp protocol not supported
EtherApe-INFO: 22:17:20.641: sctp protocol not supported
EtherApe-INFO: 22:17:20.641: sctp protocol not supported
EtherApe-INFO: 22:17:20.641: sctp protocol not supported
EtherApe-INFO: 22:17:20.641: sctp protocol not supported
EtherApe-INFO: 22:17:20.641: sctp protocol not supported
EtherApe-INFO: 22:17:20.641: sctp protocol not supported
EtherApe-INFO: 22:17:20.641: sctp protocol not supported
EtherApe-INFO: 22:17:20.641: sctp protocol not supported
EtherApe-INFO: 22:17:20.641: sctp protocol not supported
EtherApe-INFO: 22:17:20.641: sctp protocol not supported
EtherApe-INFO: 22:17:20.641: sctp protocol not supported
EtherApe-INFO: 22:17:20.641: sctp protocol not supported
EtherApe-INFO: 22:17:20.641: sctp protocol not supported
EtherApe-INFO: 22:17:20.641: sctp protocol not supported
EtherApe-INFO: 22:17:20.641: dccp protocol not supported
EtherApe-INFO: 22:17:20.641: sctp protocol not supported
EtherApe-INFO: 22:17:20.641: sctp protocol not supported
EtherApe-INFO: 22:17:20.641: sctp protocol not supported
EtherApe-INFO: 22:17:20.641: sctp protocol not supported
EtherApe-INFO: 22:17:20.642: sctp protocol not supported
EtherApe-INFO: 22:17:20.642: sctp protocol not supported
EtherApe-INFO: 22:17:20.642: sctp protocol not supported
EtherApe-INFO: 22:17:20.642: sctp protocol not supported
EtherApe-INFO: 22:17:20.642: sctp protocol not supported
EtherApe-INFO: 22:17:20.642: sctp protocol not supported
EtherApe-INFO: 22:17:20.642: sctp protocol not supported
EtherApe-INFO: 22:17:20.642: sctp protocol not supported
EtherApe-INFO: 22:17:20.642: sctp protocol not supported
EtherApe-INFO: 22:17:20.642: sctp protocol not supported
EtherApe-INFO: 22:17:20.642: sctp protocol not supported
EtherApe-INFO: 22:17:20.642: sctp protocol not supported
EtherApe-INFO: 22:17:20.642: sctp protocol not supported
EtherApe-INFO: 22:17:20.642: sctp protocol not supported
EtherApe-INFO: 22:17:20.642: sctp protocol not supported
EtherApe-INFO: 22:17:20.643: sctp protocol not supported
EtherApe-INFO: 22:17:20.643: sctp protocol not supported
EtherApe-INFO: 22:17:20.643: sctp protocol not supported
EtherApe-INFO: 22:17:20.643: sctp protocol not supported
EtherApe-INFO: 22:17:20.643: sctp protocol not supported
EtherApe-INFO: 22:17:20.643: sctp protocol not supported
EtherApe-INFO: 22:17:20.643: sctp protocol not supported
EtherApe-INFO: 22:17:20.643: sctp protocol not supported
EtherApe-INFO: 22:17:20.643: sctp protocol not supported
EtherApe-INFO: 22:17:20.643: sctp protocol not supported
EtherApe-INFO: 22:17:20.643: sctp protocol not supported
EtherApe-INFO: 22:17:20.643: sctp protocol not supported
EtherApe-INFO: 22:17:20.643: sctp protocol not supported
EtherApe-INFO: 22:17:20.643: sctp protocol not supported
EtherApe-INFO: 22:17:20.643: sctp protocol not supported
EtherApe-INFO: 22:17:20.643: sctp protocol not supported
EtherApe-INFO: 22:17:20.643: sctp protocol not supported
EtherApe-INFO: 22:17:20.654: get_interface result: ''
EtherApe-INFO: 22:17:20.654: Available interfaces for capture: dbus-session dbus-system nfqueue nflog bluetooth-monitor wlp3s0 lo any enp0s25
EtherApe-INFO: 22:17:20.697: Link type is LINUX_SLL
EtherApe-INFO: 22:17:20.697: Diagram started
EtherApe-INFO: 22:17:21.427: New node: IP: 192.168.1.226. Number of nodes 1
EtherApe-INFO: 22:17:21.427: New node: IP: 18.64.79.48. Number of nodes 2
EtherApe-INFO: 22:17:22.467: New node: IP: 216.58.208.206. Number of nodes 3
EtherApe-INFO: 22:17:22.467: New node: IP: 216.58.215.67. Number of nodes 4
EtherApe-INFO: 22:17:24.546: New node: IP: 8.8.8.8. Number of nodes 5
EtherApe-INFO: 22:17:25.846: New node: IP: 216.58.208.202. Number of nodes 6
EtherApe-INFO: 22:17:26.626: New node: IP: 108.177.119.189. Number of nodes 7
EtherApe-INFO: 22:17:26.887: New node: IP: 104.16.248.249. Number of nodes 8
EtherApe-INFO: 22:17:26.887: New node: IP: 104.18.15.117. Number of nodes 9
EtherApe-INFO: 22:17:27.666: New node: IP: 1.1.1.1. Number of nodes 10
EtherApe-INFO: 22:17:30.796: New node: IP: 18.66.248.55. Number of nodes 11
EtherApe-INFO: 22:17:38.927: New node: IP: 18.66.139.97. Number of nodes 12
EtherApe-INFO: 22:17:47.326: New node: IP: 140.82.113.25. Number of nodes 13
EtherApe-INFO: 22:17:51.497: New node: IP: 89.187.191.12. Number of nodes 14
EtherApe-INFO: 22:17:59.868: New node: IP: 142.250.203.202. Number of nodes 15
EtherApe-INFO: 22:18:06.132: New node: IP: 173.194.73.188. Number of nodes 16
EtherApe-INFO: 22:18:27.756: New node: IPv6: fe80::86d8:1bff:fe8a:3173. Number of nodes 17
EtherApe-INFO: 22:18:27.757: New node: IPv6: ff02::1. Number of nodes 18
EtherApe-INFO: 22:19:03.217: New node: IP: 239.255.255.250. Number of nodes 19
EtherApe-INFO: 22:19:23.017: New node: IP: 95.216.195.133. Number of nodes 20
EtherApe-INFO: 22:20:02.251: delete node: IP: 1.1.1.1. Number of nodes 19
EtherApe-INFO: 22:20:29.987: delete node: IPv6: ff02::1. Number of nodes 18
EtherApe-INFO: 22:20:29.987: delete node: IPv6: fe80::86d8:1bff:fe8a:3173. Number of nodes 17
EtherApe-INFO: 22:20:39.310: delete node: IP: 18.66.248.55. Number of nodes 16
EtherApe-INFO: 22:20:39.310: delete node: IP: 18.64.79.48. Number of nodes 15
EtherApe-INFO: 22:20:43.439: New node: IP: 172.217.16.5. Number of nodes 16
EtherApe-INFO: 22:20:56.500: delete node: IP: 142.250.203.202. Number of nodes 15
EtherApe-INFO: 22:21:01.937: New node: IP: 95.216.144.15. Number of nodes 16
EtherApe-INFO: 22:21:24.489: delete node: IP: 95.216.195.133. Number of nodes 15
EtherApe-INFO: 22:21:30.677: New node: IP: 34.117.237.239. Number of nodes 16
EtherApe-INFO: 22:21:30.725: delete node: IP: 18.66.139.97. Number of nodes 15
EtherApe-INFO: 22:21:39.806: New node: IP: 35.80.180.169. Number of nodes 16
EtherApe-INFO: 22:22:17.181: delete node: IP: 104.18.15.117. Number of nodes 15
EtherApe-INFO: 22:23:07.002: delete node: IP: 239.255.255.250. Number of nodes 14
EtherApe-INFO: 22:23:22.137: New node: IP: 172.217.20.202. Number of nodes 15
EtherApe-INFO: 22:23:22.137: New node: IP: 172.217.16.10. Number of nodes 16
EtherApe-INFO: 22:23:27.347: New node: IP: 1.1.1.1. Number of nodes 17
EtherApe-INFO: 22:23:28.657: New node: IP: 142.250.203.193. Number of nodes 18
EtherApe-INFO: 22:23:28.658: New node: IP: 172.217.20.193. Number of nodes 19
EtherApe-INFO: 22:23:28.658: New node: IP: 142.250.75.1. Number of nodes 20
EtherApe-INFO: 22:23:28.918: New node: IP: 216.58.209.1. Number of nodes 21
EtherApe-INFO: 22:23:32.847: New node: IP: 172.217.20.195. Number of nodes 22
EtherApe-INFO: 22:23:39.349: New node: IP: 142.250.203.133. Number of nodes 23
EtherApe-INFO: 22:23:39.349: New node: IP: 216.58.209.4. Number of nodes 24
EtherApe-INFO: 22:23:39.608: New node: IP: 172.217.16.46. Number of nodes 25
EtherApe-INFO: 22:23:40.655: delete node: IP: 35.80.180.169. Number of nodes 24
EtherApe-INFO: 22:23:41.947: New node: IP: 216.58.209.2. Number of nodes 25
EtherApe-INFO: 22:23:41.957: New node: IP: 142.250.75.3. Number of nodes 26
EtherApe-INFO: 22:23:41.958: New node: IP: 216.58.209.3. Number of nodes 27
EtherApe-INFO: 22:23:46.959: delete node: IP: 173.194.73.188. Number of nodes 26
EtherApe-INFO: 22:23:54.447: New node: IP: 74.125.131.189. Number of nodes 27
EtherApe-INFO: 22:24:04.337: New node: IP: 216.58.215.106. Number of nodes 28
EtherApe-INFO: 22:24:21.291: delete node: IP: 89.187.191.12. Number of nodes 27
EtherApe-INFO: 22:24:21.832: delete node: IP: 95.216.144.15. Number of nodes 26
EtherApe-INFO: 22:24:34.557: New node: IPv6: fe80::86d8:1bff:fe8a:3173. Number of nodes 27
EtherApe-INFO: 22:24:34.557: New node: IPv6: ff02::1. Number of nodes 28
EtherApe-INFO: 22:25:29.241: delete node: IP: 172.217.20.193. Number of nodes 27
EtherApe-INFO: 22:25:29.241: delete node: IP: 1.1.1.1. Number of nodes 26
EtherApe-INFO: 22:25:46.167: New node: IP: 95.216.195.133. Number of nodes 27
EtherApe-INFO: 22:25:46.268: delete node: IP: 216.58.209.2. Number of nodes 26
