(etherape:11004): GLib-GIO-DEBUG: 08:18:58.814: _g_io_module_get_default: Found default implementation local (GLocalVfs) for ‘gio-vfs’
EtherApe-INFO: 08:18:58.986: sctp protocol not supported
EtherApe-INFO: 08:18:58.986: dccp protocol not supported
EtherApe-INFO: 08:18:58.986: sctp protocol not supported
EtherApe-INFO: 08:18:58.986: sctp protocol not supported
EtherApe-INFO: 08:18:58.986: sctp protocol not supported
EtherApe-INFO: 08:18:58.986: sctp protocol not supported
EtherApe-INFO: 08:18:58.986: sctp protocol not supported
EtherApe-INFO: 08:18:58.987: sctp protocol not supported
EtherApe-INFO: 08:18:58.988: sctp protocol not supported
EtherApe-INFO: 08:18:58.988: dccp protocol not supported
EtherApe-INFO: 08:18:58.988: sctp protocol not supported
EtherApe-INFO: 08:18:58.988: dccp protocol not supported
EtherApe-INFO: 08:18:58.988: dccp protocol not supported
EtherApe-INFO: 08:18:58.988: sctp protocol not supported
EtherApe-INFO: 08:18:58.989: sctp protocol not supported
EtherApe-INFO: 08:18:58.989: sctp protocol not supported
EtherApe-INFO: 08:18:58.990: sctp protocol not supported
EtherApe-INFO: 08:18:58.990: sctp protocol not supported
EtherApe-INFO: 08:18:58.992: sctp protocol not supported
EtherApe-INFO: 08:18:58.992: sctp protocol not supported
EtherApe-INFO: 08:18:58.992: sctp protocol not supported
EtherApe-INFO: 08:18:58.992: sctp protocol not supported
EtherApe-INFO: 08:18:58.992: sctp protocol not supported
EtherApe-INFO: 08:18:58.993: sctp protocol not supported
EtherApe-INFO: 08:18:58.994: sctp protocol not supported
EtherApe-INFO: 08:18:58.994: sctp protocol not supported
EtherApe-INFO: 08:18:58.994: sctp protocol not supported
EtherApe-INFO: 08:18:58.994: sctp protocol not supported
EtherApe-INFO: 08:18:58.994: dccp protocol not supported
EtherApe-INFO: 08:18:58.994: sctp protocol not supported
EtherApe-INFO: 08:18:58.995: sctp protocol not supported
EtherApe-INFO: 08:18:58.995: dccp protocol not supported
EtherApe-INFO: 08:18:58.995: sctp protocol not supported
EtherApe-INFO: 08:18:58.995: sctp protocol not supported
EtherApe-INFO: 08:18:58.995: sctp protocol not supported
EtherApe-INFO: 08:18:58.995: dccp protocol not supported
EtherApe-INFO: 08:18:58.995: dccp protocol not supported
EtherApe-INFO: 08:18:58.995: sctp protocol not supported
EtherApe-INFO: 08:18:58.995: sctp protocol not supported
EtherApe-INFO: 08:18:58.995: sctp protocol not supported
EtherApe-INFO: 08:18:58.995: sctp protocol not supported
EtherApe-INFO: 08:18:58.995: sctp protocol not supported
EtherApe-INFO: 08:18:58.996: sctp protocol not supported
EtherApe-INFO: 08:18:58.996: sctp protocol not supported
EtherApe-INFO: 08:18:58.996: sctp protocol not supported
EtherApe-INFO: 08:18:58.996: sctp protocol not supported
EtherApe-INFO: 08:18:58.996: sctp protocol not supported
EtherApe-INFO: 08:18:58.996: sctp protocol not supported
EtherApe-INFO: 08:18:58.996: sctp protocol not supported
EtherApe-INFO: 08:18:58.996: sctp protocol not supported
EtherApe-INFO: 08:18:58.996: dccp protocol not supported
EtherApe-INFO: 08:18:58.996: sctp protocol not supported
EtherApe-INFO: 08:18:58.996: sctp protocol not supported
EtherApe-INFO: 08:18:58.996: sctp protocol not supported
EtherApe-INFO: 08:18:58.997: sctp protocol not supported
EtherApe-INFO: 08:18:58.997: sctp protocol not supported
EtherApe-INFO: 08:18:58.997: sctp protocol not supported
EtherApe-INFO: 08:18:58.997: sctp protocol not supported
EtherApe-INFO: 08:18:58.997: sctp protocol not supported
EtherApe-INFO: 08:18:58.997: sctp protocol not supported
EtherApe-INFO: 08:18:58.997: sctp protocol not supported
EtherApe-INFO: 08:18:58.998: sctp protocol not supported
EtherApe-INFO: 08:18:58.998: sctp protocol not supported
EtherApe-INFO: 08:18:58.998: sctp protocol not supported
EtherApe-INFO: 08:18:58.998: sctp protocol not supported
EtherApe-INFO: 08:18:58.998: sctp protocol not supported
EtherApe-INFO: 08:18:58.998: sctp protocol not supported
EtherApe-INFO: 08:18:58.998: sctp protocol not supported
EtherApe-INFO: 08:18:58.998: sctp protocol not supported
EtherApe-INFO: 08:18:58.998: sctp protocol not supported
EtherApe-INFO: 08:18:58.998: sctp protocol not supported
EtherApe-INFO: 08:18:58.998: sctp protocol not supported
EtherApe-INFO: 08:18:58.998: sctp protocol not supported
EtherApe-INFO: 08:18:58.998: sctp protocol not supported
EtherApe-INFO: 08:18:58.998: sctp protocol not supported
EtherApe-INFO: 08:18:58.999: sctp protocol not supported
EtherApe-INFO: 08:18:58.999: sctp protocol not supported
EtherApe-INFO: 08:18:58.999: sctp protocol not supported
EtherApe-INFO: 08:18:58.999: sctp protocol not supported
EtherApe-INFO: 08:18:58.999: sctp protocol not supported
EtherApe-INFO: 08:18:58.999: sctp protocol not supported
EtherApe-INFO: 08:18:58.999: sctp protocol not supported
EtherApe-INFO: 08:18:58.999: sctp protocol not supported
EtherApe-INFO: 08:18:58.999: sctp protocol not supported
EtherApe-INFO: 08:18:58.999: sctp protocol not supported
EtherApe-INFO: 08:18:58.999: sctp protocol not supported
EtherApe-INFO: 08:18:58.999: sctp protocol not supported
EtherApe-INFO: 08:18:59.048: get_interface result: ''
EtherApe-INFO: 08:18:59.048: Available interfaces for capture: dbus-session dbus-system nfqueue nflog bluetooth-monitor wlp1s0f4u2 lo any enp1s0f4u1u2
EtherApe-INFO: 08:18:59.081: Link type is LINUX_SLL
EtherApe-INFO: 08:18:59.082: Diagram started
EtherApe-INFO: 08:18:59.587: New node: IPv6: fe80::86d8:1bff:fe8a:3173. Number of nodes 1
EtherApe-INFO: 08:18:59.587: New node: IPv6: ff02::1. Number of nodes 2
EtherApe-INFO: 08:18:59.854: New node: IP: 192.168.1.116. Number of nodes 3
EtherApe-INFO: 08:18:59.854: New node: IP: 8.8.8.8. Number of nodes 4
EtherApe-INFO: 08:19:03.854: New node: IP: 216.58.215.106. Number of nodes 5
EtherApe-INFO: 08:19:05.187: New node: IP: 149.154.167.51. Number of nodes 6
EtherApe-INFO: 08:19:05.987: New node: IP: 172.217.16.14. Number of nodes 7
EtherApe-INFO: 08:19:06.254: New node: IP: 172.217.16.4. Number of nodes 8
EtherApe-INFO: 08:19:10.254: New node: IP: 172.217.20.170. Number of nodes 9
EtherApe-INFO: 08:19:10.521: New node: IP: 94.158.46.150. Number of nodes 10
EtherApe-INFO: 08:19:11.854: New node: IP: 216.58.215.69. Number of nodes 11
EtherApe-INFO: 08:19:11.854: New node: IP: 198.252.206.25. Number of nodes 12
EtherApe-INFO: 08:19:15.854: New node: IP: 142.250.186.206. Number of nodes 13
EtherApe-INFO: 08:19:19.055: New node: IP: 151.101.112.193. Number of nodes 14
