(etherape:5547): GLib-GIO-DEBUG: 01:00:22.144: _g_io_module_get_default: Found default implementation local (GLocalVfs) for ‘gio-vfs’
EtherApe-INFO: 01:00:22.270: sctp protocol not supported
EtherApe-INFO: 01:00:22.270: dccp protocol not supported
EtherApe-INFO: 01:00:22.270: sctp protocol not supported
EtherApe-INFO: 01:00:22.270: sctp protocol not supported
EtherApe-INFO: 01:00:22.270: sctp protocol not supported
EtherApe-INFO: 01:00:22.270: sctp protocol not supported
EtherApe-INFO: 01:00:22.270: sctp protocol not supported
EtherApe-INFO: 01:00:22.271: sctp protocol not supported
EtherApe-INFO: 01:00:22.271: sctp protocol not supported
EtherApe-INFO: 01:00:22.271: dccp protocol not supported
EtherApe-INFO: 01:00:22.271: sctp protocol not supported
EtherApe-INFO: 01:00:22.271: dccp protocol not supported
EtherApe-INFO: 01:00:22.271: dccp protocol not supported
EtherApe-INFO: 01:00:22.271: sctp protocol not supported
EtherApe-INFO: 01:00:22.271: sctp protocol not supported
EtherApe-INFO: 01:00:22.272: sctp protocol not supported
EtherApe-INFO: 01:00:22.272: sctp protocol not supported
EtherApe-INFO: 01:00:22.272: sctp protocol not supported
EtherApe-INFO: 01:00:22.273: sctp protocol not supported
EtherApe-INFO: 01:00:22.273: sctp protocol not supported
EtherApe-INFO: 01:00:22.273: sctp protocol not supported
EtherApe-INFO: 01:00:22.273: sctp protocol not supported
EtherApe-INFO: 01:00:22.273: sctp protocol not supported
EtherApe-INFO: 01:00:22.273: sctp protocol not supported
EtherApe-INFO: 01:00:22.274: sctp protocol not supported
EtherApe-INFO: 01:00:22.274: sctp protocol not supported
EtherApe-INFO: 01:00:22.274: sctp protocol not supported
EtherApe-INFO: 01:00:22.274: sctp protocol not supported
EtherApe-INFO: 01:00:22.274: dccp protocol not supported
EtherApe-INFO: 01:00:22.274: sctp protocol not supported
EtherApe-INFO: 01:00:22.274: sctp protocol not supported
EtherApe-INFO: 01:00:22.274: dccp protocol not supported
EtherApe-INFO: 01:00:22.274: sctp protocol not supported
EtherApe-INFO: 01:00:22.274: sctp protocol not supported
EtherApe-INFO: 01:00:22.274: sctp protocol not supported
EtherApe-INFO: 01:00:22.274: dccp protocol not supported
EtherApe-INFO: 01:00:22.274: dccp protocol not supported
EtherApe-INFO: 01:00:22.274: sctp protocol not supported
EtherApe-INFO: 01:00:22.274: sctp protocol not supported
EtherApe-INFO: 01:00:22.274: sctp protocol not supported
EtherApe-INFO: 01:00:22.274: sctp protocol not supported
EtherApe-INFO: 01:00:22.274: sctp protocol not supported
EtherApe-INFO: 01:00:22.275: sctp protocol not supported
EtherApe-INFO: 01:00:22.275: sctp protocol not supported
EtherApe-INFO: 01:00:22.275: sctp protocol not supported
EtherApe-INFO: 01:00:22.275: sctp protocol not supported
EtherApe-INFO: 01:00:22.275: sctp protocol not supported
EtherApe-INFO: 01:00:22.275: sctp protocol not supported
EtherApe-INFO: 01:00:22.275: sctp protocol not supported
EtherApe-INFO: 01:00:22.275: sctp protocol not supported
EtherApe-INFO: 01:00:22.275: dccp protocol not supported
EtherApe-INFO: 01:00:22.275: sctp protocol not supported
EtherApe-INFO: 01:00:22.275: sctp protocol not supported
EtherApe-INFO: 01:00:22.275: sctp protocol not supported
EtherApe-INFO: 01:00:22.275: sctp protocol not supported
EtherApe-INFO: 01:00:22.275: sctp protocol not supported
EtherApe-INFO: 01:00:22.275: sctp protocol not supported
EtherApe-INFO: 01:00:22.275: sctp protocol not supported
EtherApe-INFO: 01:00:22.275: sctp protocol not supported
EtherApe-INFO: 01:00:22.275: sctp protocol not supported
EtherApe-INFO: 01:00:22.275: sctp protocol not supported
EtherApe-INFO: 01:00:22.276: sctp protocol not supported
EtherApe-INFO: 01:00:22.276: sctp protocol not supported
EtherApe-INFO: 01:00:22.276: sctp protocol not supported
EtherApe-INFO: 01:00:22.276: sctp protocol not supported
EtherApe-INFO: 01:00:22.276: sctp protocol not supported
EtherApe-INFO: 01:00:22.276: sctp protocol not supported
EtherApe-INFO: 01:00:22.276: sctp protocol not supported
EtherApe-INFO: 01:00:22.276: sctp protocol not supported
EtherApe-INFO: 01:00:22.276: sctp protocol not supported
EtherApe-INFO: 01:00:22.276: sctp protocol not supported
EtherApe-INFO: 01:00:22.276: sctp protocol not supported
EtherApe-INFO: 01:00:22.276: sctp protocol not supported
EtherApe-INFO: 01:00:22.276: sctp protocol not supported
EtherApe-INFO: 01:00:22.276: sctp protocol not supported
EtherApe-INFO: 01:00:22.276: sctp protocol not supported
EtherApe-INFO: 01:00:22.276: sctp protocol not supported
EtherApe-INFO: 01:00:22.276: sctp protocol not supported
EtherApe-INFO: 01:00:22.276: sctp protocol not supported
EtherApe-INFO: 01:00:22.276: sctp protocol not supported
EtherApe-INFO: 01:00:22.276: sctp protocol not supported
EtherApe-INFO: 01:00:22.276: sctp protocol not supported
EtherApe-INFO: 01:00:22.276: sctp protocol not supported
EtherApe-INFO: 01:00:22.276: sctp protocol not supported
EtherApe-INFO: 01:00:22.276: sctp protocol not supported
EtherApe-INFO: 01:00:22.276: sctp protocol not supported
EtherApe-INFO: 01:00:22.276: sctp protocol not supported
EtherApe-INFO: 01:00:22.285: get_interface result: ''
EtherApe-INFO: 01:00:22.285: Available interfaces for capture: dbus-session dbus-system nfqueue nflog bluetooth-monitor enp1s0f4u1u2 lo any wlp1s0f4u2
EtherApe-INFO: 01:00:22.324: Link type is LINUX_SLL
EtherApe-INFO: 01:00:22.326: Diagram started
EtherApe-INFO: 01:00:22.538: New node: IP: 192.168.43.44. Number of nodes 1
EtherApe-INFO: 01:00:22.538: New node: IP: 172.217.20.10. Number of nodes 2
EtherApe-INFO: 01:00:22.539: New node: IP: 8.8.8.8. Number of nodes 3
EtherApe-INFO: 01:00:23.342: New node: IP: 142.250.180.206. Number of nodes 4
EtherApe-INFO: 01:00:24.675: New node: IP: 172.217.20.4. Number of nodes 5
EtherApe-INFO: 01:00:27.605: New node: IP: 1.1.1.1. Number of nodes 6
EtherApe-INFO: 01:00:37.205: New node: IP: 142.250.180.238. Number of nodes 7
EtherApe-INFO: 01:00:39.072: New node: IP: 172.217.19.100. Number of nodes 8
EtherApe-INFO: 01:00:44.139: New node: IP: 142.250.201.196. Number of nodes 9
EtherApe-INFO: 01:00:58.272: New node: IP: 142.250.201.206. Number of nodes 10
EtherApe-INFO: 01:01:11.339: New node: IP: 45.231.132.147. Number of nodes 11
EtherApe-INFO: 01:01:25.739: New node: IP: 95.216.144.15. Number of nodes 12
EtherApe-INFO: 01:01:35.072: New node: IP: 142.250.180.196. Number of nodes 13
EtherApe-INFO: 01:01:41.739: New node: IPv6: fe80::3b40:c76e:d51c:9266. Number of nodes 14
EtherApe-INFO: 01:01:41.739: New node: IPv6: ff02::2. Number of nodes 15
EtherApe-INFO: 01:02:29.276: delete node: IP: 172.217.20.4. Number of nodes 14
EtherApe-INFO: 01:03:06.541: New node: IP: 239.255.255.250. Number of nodes 15
EtherApe-INFO: 01:03:06.805: New node: IP: 224.0.0.251. Number of nodes 16
EtherApe-INFO: 01:03:09.738: New node: IP: 212.102.33.115. Number of nodes 17
EtherApe-INFO: 01:03:09.739: New node: IP: 142.250.201.195. Number of nodes 18
EtherApe-INFO: 01:03:10.280: New node: IP: 192.168.1.1. Number of nodes 19
EtherApe-INFO: 01:03:12.405: New node: IPv6: fe80::d672:26ff:fe6c:e667. Number of nodes 20
EtherApe-INFO: 01:03:13.511: delete node: IP: 142.250.180.238. Number of nodes 19
EtherApe-INFO: 01:03:16.675: New node: IP: 142.250.201.202. Number of nodes 20
EtherApe-INFO: 01:03:25.222: delete node: IP: 172.217.19.100. Number of nodes 19
EtherApe-INFO: 01:03:25.838: delete node: IP: 45.231.132.147. Number of nodes 18
EtherApe-INFO: 01:03:26.354: delete node: IP: 95.216.144.15. Number of nodes 17
EtherApe-INFO: 01:03:35.682: delete node: IP: 142.250.180.196. Number of nodes 16
EtherApe-INFO: 01:03:42.093: delete node: IPv6: fe80::3b40:c76e:d51c:9266. Number of nodes 15
EtherApe-INFO: 01:03:55.872: New node: IP: 142.250.180.196. Number of nodes 16
EtherApe-INFO: 01:04:04.139: New node: IP: 142.250.180.238. Number of nodes 17
EtherApe-INFO: 01:04:04.229: delete node: IP: 172.217.20.10. Number of nodes 16
EtherApe-INFO: 01:04:04.672: New node: IP: 142.251.39.67. Number of nodes 17
EtherApe-INFO: 01:04:05.205: New node: IP: 34.104.35.123. Number of nodes 18
EtherApe-INFO: 01:04:14.539: New node: IP: 142.251.39.14. Number of nodes 19
EtherApe-INFO: 01:04:26.272: New node: IP: 142.251.39.68. Number of nodes 20
EtherApe-INFO: 01:04:28.139: New node: IP: 95.216.195.133. Number of nodes 21
EtherApe-INFO: 01:04:56.672: New node: IP: 172.217.19.100. Number of nodes 22
EtherApe-INFO: 01:05:10.367: delete node: IP: 224.0.0.251. Number of nodes 21
EtherApe-INFO: 01:05:10.367: delete node: IP: 1.1.1.1. Number of nodes 20
EtherApe-INFO: 01:05:12.451: delete node: IPv6: ff02::2. Number of nodes 19
EtherApe-INFO: 01:05:12.451: delete node: IPv6: fe80::d672:26ff:fe6c:e667. Number of nodes 18
EtherApe-INFO: 01:05:14.026: delete node: IP: 192.168.1.1. Number of nodes 17
EtherApe-INFO: 01:05:19.872: New node: IP: 1.1.1.1. Number of nodes 18
EtherApe-INFO: 01:05:36.672: New node: IP: 142.250.180.228. Number of nodes 19
EtherApe-INFO: 01:05:57.472: New node: IP: 172.217.20.4. Number of nodes 20
EtherApe-INFO: 01:06:22.272: New node: IP: 142.251.39.4. Number of nodes 21
EtherApe-INFO: 01:06:28.510: delete node: IP: 95.216.195.133. Number of nodes 20
EtherApe-INFO: 01:06:46.360: delete node: IP: 142.251.39.68. Number of nodes 19
EtherApe-INFO: 01:06:56.672: New node: IP: 142.250.180.234. Number of nodes 20
EtherApe-INFO: 01:07:07.345: delete node: IP: 142.250.201.196. Number of nodes 19
EtherApe-INFO: 01:07:14.809: New node: IP: 142.251.39.10. Number of nodes 20
EtherApe-INFO: 01:07:20.691: delete node: IP: 142.250.201.206. Number of nodes 19
EtherApe-INFO: 01:08:17.260: delete node: IP: 34.104.35.123. Number of nodes 18
EtherApe-INFO: 01:08:49.546: delete node: IP: 142.250.180.206. Number of nodes 17
EtherApe-INFO: 01:08:59.872: New node: IP: 142.250.180.206. Number of nodes 18
EtherApe-INFO: 01:09:17.000: delete node: IP: 142.251.39.10. Number of nodes 17
EtherApe-INFO: 01:09:17.000: delete node: IP: 142.250.201.202. Number of nodes 16
EtherApe-INFO: 01:09:17.205: New node: IPv6: fe80::3b40:c76e:d51c:9266. Number of nodes 17
EtherApe-INFO: 01:09:17.205: New node: IPv6: ff02::2. Number of nodes 18
EtherApe-INFO: 01:09:22.033: delete node: IP: 1.1.1.1. Number of nodes 17
EtherApe-INFO: 01:09:27.877: New node: IP: 95.216.195.133. Number of nodes 18
EtherApe-INFO: 01:09:51.960: delete node: IP: 142.251.39.4. Number of nodes 17
EtherApe-INFO: 01:10:05.844: delete node: IP: 142.251.39.67. Number of nodes 16
EtherApe-INFO: 01:10:05.844: delete node: IP: 142.250.201.195. Number of nodes 15
EtherApe-INFO: 01:10:05.844: delete node: IP: 142.250.180.238. Number of nodes 14
EtherApe-INFO: 01:10:08.139: New node: IP: 1.1.1.1. Number of nodes 15
EtherApe-INFO: 01:10:41.472: New node: IP: 142.251.39.74. Number of nodes 16
EtherApe-INFO: 01:10:42.272: New node: IP: 142.250.201.206. Number of nodes 17
EtherApe-INFO: 01:10:53.038: delete node: IP: 142.250.180.196. Number of nodes 16
EtherApe-INFO: 01:11:00.406: delete node: IP: 142.250.180.206. Number of nodes 15
EtherApe-INFO: 01:11:14.005: New node: IP: 142.250.201.196. Number of nodes 16
EtherApe-INFO: 01:11:17.267: delete node: IPv6: ff02::2. Number of nodes 15
EtherApe-INFO: 01:11:17.267: delete node: IPv6: fe80::3b40:c76e:d51c:9266. Number of nodes 14
EtherApe-INFO: 01:11:24.405: New node: IP: 142.251.39.4. Number of nodes 15
EtherApe-INFO: 01:11:33.518: delete node: IP: 95.216.195.133. Number of nodes 14
EtherApe-INFO: 01:12:08.685: delete node: IP: 1.1.1.1. Number of nodes 13
EtherApe-INFO: 01:12:14.064: delete node: IP: 142.250.180.228. Number of nodes 12
EtherApe-INFO: 01:12:56.938: New node: IPv6: fe80::d672:26ff:fe6c:e667. Number of nodes 13
EtherApe-INFO: 01:12:56.938: New node: IPv6: ff02::2. Number of nodes 14
EtherApe-INFO: 01:13:12.138: New node: IP: 142.250.180.206. Number of nodes 15
EtherApe-INFO: 01:13:16.239: delete node: IP: 142.250.201.196. Number of nodes 14
EtherApe-INFO: 01:13:28.408: New node: IP: 1.1.1.1. Number of nodes 15
EtherApe-INFO: 01:13:38.863: delete node: IP: 142.250.180.234. Number of nodes 14
EtherApe-INFO: 01:13:47.872: New node: IP: 142.250.201.196. Number of nodes 15
EtherApe-INFO: 01:14:22.539: New node: IP: 142.250.180.238. Number of nodes 16
EtherApe-INFO: 01:14:28.139: New node: IP: 95.216.195.133. Number of nodes 17
EtherApe-INFO: 01:14:57.535: delete node: IPv6: ff02::2. Number of nodes 16
EtherApe-INFO: 01:14:57.535: delete node: IPv6: fe80::d672:26ff:fe6c:e667. Number of nodes 15
EtherApe-INFO: 01:15:32.229: delete node: IP: 142.251.39.4. Number of nodes 14
EtherApe-INFO: 01:15:47.938: delete node: IP: 1.1.1.1. Number of nodes 13
EtherApe-INFO: 01:16:00.405: New node: IP: 142.251.39.42. Number of nodes 14
EtherApe-INFO: 01:16:09.739: New node: IP: 142.251.39.4. Number of nodes 15
EtherApe-INFO: 01:16:18.873: delete node: IP: 172.217.20.4. Number of nodes 14
EtherApe-INFO: 01:16:28.496: delete node: IP: 95.216.195.133. Number of nodes 13
EtherApe-INFO: 01:17:39.872: New node: IP: 172.217.20.4. Number of nodes 14
EtherApe-INFO: 01:18:10.321: delete node: IP: 142.251.39.4. Number of nodes 13
EtherApe-INFO: 01:18:11.157: delete node: IP: 172.217.19.100. Number of nodes 12
EtherApe-INFO: 01:18:40.948: delete node: IP: 142.250.180.206. Number of nodes 11
EtherApe-INFO: 01:18:50.631: delete node: IP: 142.250.201.206. Number of nodes 10
EtherApe-INFO: 01:19:22.359: delete node: IP: 142.251.39.14. Number of nodes 9
EtherApe-INFO: 01:19:27.946: delete node: IP: 142.251.39.74. Number of nodes 8
EtherApe-INFO: 01:19:28.138: New node: IP: 95.216.195.133. Number of nodes 9
EtherApe-INFO: 01:19:32.672: New node: IP: 172.217.20.10. Number of nodes 10
EtherApe-INFO: 01:19:34.008: New node: IP: 142.250.201.206. Number of nodes 11
EtherApe-INFO: 01:20:06.805: New node: IP: 142.251.39.14. Number of nodes 12
EtherApe-INFO: 01:20:18.005: New node: IP: 142.250.180.206. Number of nodes 13
EtherApe-INFO: 01:21:29.281: delete node: IP: 95.216.195.133. Number of nodes 12
EtherApe-INFO: 01:21:37.302: delete node: IP: 142.250.201.206. Number of nodes 11
EtherApe-INFO: 01:21:39.073: New node: IP: 142.250.201.206. Number of nodes 12
EtherApe-INFO: 01:22:00.138: New node: IP: 142.251.39.4. Number of nodes 13
EtherApe-INFO: 01:22:09.303: delete node: IP: 142.251.39.14. Number of nodes 12
EtherApe-INFO: 01:22:19.418: delete node: IP: 142.250.180.206. Number of nodes 11
EtherApe-INFO: 01:22:20.675: New node: IP: 172.217.19.100. Number of nodes 12
EtherApe-INFO: 01:22:25.274: delete node: IP: 142.251.39.42. Number of nodes 11
EtherApe-INFO: 01:22:39.605: New node: IP: 142.251.39.14. Number of nodes 12
EtherApe-INFO: 01:22:48.748: delete node: IP: 172.217.20.10. Number of nodes 11
EtherApe-INFO: 01:23:04.938: New node: IP: 1.1.1.1. Number of nodes 12
EtherApe-INFO: 01:23:30.539: New node: IP: 142.250.180.206. Number of nodes 13
EtherApe-INFO: 01:24:10.308: delete node: IP: 142.250.201.206. Number of nodes 12
EtherApe-INFO: 01:24:20.940: New node: IP: 142.250.201.206. Number of nodes 13
EtherApe-INFO: 01:24:21.564: delete node: IP: 172.217.19.100. Number of nodes 12
EtherApe-INFO: 01:24:28.139: New node: IP: 95.216.195.133. Number of nodes 13
EtherApe-INFO: 01:24:58.005: New node: IP: 172.217.19.100. Number of nodes 14
EtherApe-INFO: 01:25:06.539: New node: IPv6: fe80::3b40:c76e:d51c:9266. Number of nodes 15
EtherApe-INFO: 01:25:06.539: New node: IPv6: ff02::2. Number of nodes 16
EtherApe-INFO: 01:25:22.805: New node: IP: 142.250.180.196. Number of nodes 17
EtherApe-INFO: 01:25:53.034: delete node: IP: 172.217.20.4. Number of nodes 16
EtherApe-INFO: 01:26:10.889: delete node: IP: 142.250.180.206. Number of nodes 15
EtherApe-INFO: 01:26:11.339: New node: IP: 142.250.180.206. Number of nodes 16
EtherApe-INFO: 01:26:30.876: delete node: IP: 142.251.39.4. Number of nodes 15
EtherApe-INFO: 01:26:30.877: delete node: IP: 95.216.195.133. Number of nodes 14
EtherApe-INFO: 01:27:07.388: delete node: IPv6: ff02::2. Number of nodes 13
EtherApe-INFO: 01:27:07.388: delete node: IPv6: fe80::3b40:c76e:d51c:9266. Number of nodes 12
EtherApe-INFO: 01:27:49.205: New node: IP: 142.251.39.4. Number of nodes 13
EtherApe-INFO: 01:28:22.277: delete node: IP: 1.1.1.1. Number of nodes 12
EtherApe-INFO: 01:28:40.139: New node: IP: 1.1.1.1. Number of nodes 13
EtherApe-INFO: 01:28:40.405: New node: IP: 142.250.180.228. Number of nodes 14
EtherApe-INFO: 01:29:28.139: New node: IP: 95.216.195.133. Number of nodes 15
EtherApe-INFO: 01:29:48.684: delete node: IP: 142.250.201.206. Number of nodes 14
EtherApe-INFO: 01:29:53.271: delete node: IP: 142.251.39.4. Number of nodes 13
EtherApe-INFO: 01:30:04.431: delete node: IP: 142.250.180.238. Number of nodes 12
EtherApe-INFO: 01:30:39.338: New node: IP: 142.250.201.206. Number of nodes 13
EtherApe-INFO: 01:30:41.222: delete node: IP: 142.250.180.228. Number of nodes 12
EtherApe-INFO: 01:30:44.673: New node: IP: 172.217.20.4. Number of nodes 13
EtherApe-INFO: 01:30:55.339: New node: IP: 142.251.39.68. Number of nodes 14
EtherApe-INFO: 01:31:28.712: delete node: IP: 95.216.195.133. Number of nodes 13
EtherApe-INFO: 01:31:35.872: New node: IP: 142.251.39.4. Number of nodes 14
EtherApe-INFO: 01:31:55.882: delete node: IP: 172.217.19.100. Number of nodes 13
EtherApe-INFO: 01:32:14.544: New node: IP: 142.250.180.234. Number of nodes 14
EtherApe-INFO: 01:32:18.273: New node: IPv6: fe80::d672:26ff:fe6c:e667. Number of nodes 15
EtherApe-INFO: 01:32:18.273: New node: IPv6: ff02::2. Number of nodes 16
EtherApe-INFO: 01:32:21.210: New node: IP: 142.250.180.228. Number of nodes 17
EtherApe-INFO: 01:32:40.772: delete node: IP: 142.250.201.206. Number of nodes 16
EtherApe-INFO: 01:32:42.319: delete node: IP: 142.250.180.196. Number of nodes 15
EtherApe-INFO: 01:32:45.541: delete node: IP: 172.217.20.4. Number of nodes 14
EtherApe-INFO: 01:32:45.541: delete node: IP: 142.250.180.206. Number of nodes 13
EtherApe-INFO: 01:32:47.872: New node: IP: 142.250.180.196. Number of nodes 14
EtherApe-INFO: 01:32:55.973: delete node: IP: 142.251.39.68. Number of nodes 13
EtherApe-INFO: 01:33:02.808: New node: IP: 142.251.39.68. Number of nodes 14
EtherApe-INFO: 01:33:04.672: New node: IP: 142.251.39.3. Number of nodes 15
(etherape:5547): Gdk-DEBUG: 01:33:13.461: etherape: Fatal IO error 11 (Resource temporarily unavailable) on X server :0.

