(etherape:17317): GLib-GIO-DEBUG: 23:36:10.198: _g_io_module_get_default: Found default implementation local (GLocalVfs) for ‘gio-vfs’
EtherApe-INFO: 23:36:10.349: sctp protocol not supported
EtherApe-INFO: 23:36:10.349: dccp protocol not supported
EtherApe-INFO: 23:36:10.349: sctp protocol not supported
EtherApe-INFO: 23:36:10.349: sctp protocol not supported
EtherApe-INFO: 23:36:10.349: sctp protocol not supported
EtherApe-INFO: 23:36:10.349: sctp protocol not supported
EtherApe-INFO: 23:36:10.350: sctp protocol not supported
EtherApe-INFO: 23:36:10.350: sctp protocol not supported
EtherApe-INFO: 23:36:10.350: sctp protocol not supported
EtherApe-INFO: 23:36:10.350: dccp protocol not supported
EtherApe-INFO: 23:36:10.350: sctp protocol not supported
EtherApe-INFO: 23:36:10.350: dccp protocol not supported
EtherApe-INFO: 23:36:10.350: dccp protocol not supported
EtherApe-INFO: 23:36:10.350: sctp protocol not supported
EtherApe-INFO: 23:36:10.351: sctp protocol not supported
EtherApe-INFO: 23:36:10.351: sctp protocol not supported
EtherApe-INFO: 23:36:10.352: sctp protocol not supported
EtherApe-INFO: 23:36:10.352: sctp protocol not supported
EtherApe-INFO: 23:36:10.353: sctp protocol not supported
EtherApe-INFO: 23:36:10.353: sctp protocol not supported
EtherApe-INFO: 23:36:10.353: sctp protocol not supported
EtherApe-INFO: 23:36:10.353: sctp protocol not supported
EtherApe-INFO: 23:36:10.353: sctp protocol not supported
EtherApe-INFO: 23:36:10.353: sctp protocol not supported
EtherApe-INFO: 23:36:10.354: sctp protocol not supported
EtherApe-INFO: 23:36:10.354: sctp protocol not supported
EtherApe-INFO: 23:36:10.354: sctp protocol not supported
EtherApe-INFO: 23:36:10.354: sctp protocol not supported
EtherApe-INFO: 23:36:10.354: dccp protocol not supported
EtherApe-INFO: 23:36:10.354: sctp protocol not supported
EtherApe-INFO: 23:36:10.354: sctp protocol not supported
EtherApe-INFO: 23:36:10.354: dccp protocol not supported
EtherApe-INFO: 23:36:10.354: sctp protocol not supported
EtherApe-INFO: 23:36:10.354: sctp protocol not supported
EtherApe-INFO: 23:36:10.355: sctp protocol not supported
EtherApe-INFO: 23:36:10.355: dccp protocol not supported
EtherApe-INFO: 23:36:10.355: dccp protocol not supported
EtherApe-INFO: 23:36:10.355: sctp protocol not supported
EtherApe-INFO: 23:36:10.355: sctp protocol not supported
EtherApe-INFO: 23:36:10.355: sctp protocol not supported
EtherApe-INFO: 23:36:10.355: sctp protocol not supported
EtherApe-INFO: 23:36:10.355: sctp protocol not supported
EtherApe-INFO: 23:36:10.355: sctp protocol not supported
EtherApe-INFO: 23:36:10.355: sctp protocol not supported
EtherApe-INFO: 23:36:10.355: sctp protocol not supported
EtherApe-INFO: 23:36:10.355: sctp protocol not supported
EtherApe-INFO: 23:36:10.355: sctp protocol not supported
EtherApe-INFO: 23:36:10.355: sctp protocol not supported
EtherApe-INFO: 23:36:10.355: sctp protocol not supported
EtherApe-INFO: 23:36:10.355: sctp protocol not supported
EtherApe-INFO: 23:36:10.355: dccp protocol not supported
EtherApe-INFO: 23:36:10.355: sctp protocol not supported
EtherApe-INFO: 23:36:10.355: sctp protocol not supported
EtherApe-INFO: 23:36:10.356: sctp protocol not supported
EtherApe-INFO: 23:36:10.356: sctp protocol not supported
EtherApe-INFO: 23:36:10.356: sctp protocol not supported
EtherApe-INFO: 23:36:10.356: sctp protocol not supported
EtherApe-INFO: 23:36:10.356: sctp protocol not supported
EtherApe-INFO: 23:36:10.356: sctp protocol not supported
EtherApe-INFO: 23:36:10.356: sctp protocol not supported
EtherApe-INFO: 23:36:10.356: sctp protocol not supported
EtherApe-INFO: 23:36:10.356: sctp protocol not supported
EtherApe-INFO: 23:36:10.356: sctp protocol not supported
EtherApe-INFO: 23:36:10.356: sctp protocol not supported
EtherApe-INFO: 23:36:10.356: sctp protocol not supported
EtherApe-INFO: 23:36:10.356: sctp protocol not supported
EtherApe-INFO: 23:36:10.356: sctp protocol not supported
EtherApe-INFO: 23:36:10.356: sctp protocol not supported
EtherApe-INFO: 23:36:10.357: sctp protocol not supported
EtherApe-INFO: 23:36:10.357: sctp protocol not supported
EtherApe-INFO: 23:36:10.357: sctp protocol not supported
EtherApe-INFO: 23:36:10.357: sctp protocol not supported
EtherApe-INFO: 23:36:10.357: sctp protocol not supported
EtherApe-INFO: 23:36:10.357: sctp protocol not supported
EtherApe-INFO: 23:36:10.357: sctp protocol not supported
EtherApe-INFO: 23:36:10.357: sctp protocol not supported
EtherApe-INFO: 23:36:10.357: sctp protocol not supported
EtherApe-INFO: 23:36:10.357: sctp protocol not supported
EtherApe-INFO: 23:36:10.357: sctp protocol not supported
EtherApe-INFO: 23:36:10.357: sctp protocol not supported
EtherApe-INFO: 23:36:10.357: sctp protocol not supported
EtherApe-INFO: 23:36:10.357: sctp protocol not supported
EtherApe-INFO: 23:36:10.357: sctp protocol not supported
EtherApe-INFO: 23:36:10.357: sctp protocol not supported
EtherApe-INFO: 23:36:10.357: sctp protocol not supported
EtherApe-INFO: 23:36:10.357: sctp protocol not supported
EtherApe-INFO: 23:36:10.357: sctp protocol not supported
EtherApe-INFO: 23:36:10.476: get_interface result: ''
EtherApe-INFO: 23:36:10.476: Available interfaces for capture: wwp0s20u4i6 dbus-session dbus-system nfqueue nflog bluetooth-monitor wlp3s0 lo any enp0s25
EtherApe-INFO: 23:36:10.488: Link type is LINUX_SLL
EtherApe-INFO: 23:36:10.489: Diagram started
EtherApe-INFO: 23:36:10.742: New node: IP: 127.0.0.1. Number of nodes 1
EtherApe-INFO: 23:36:14.208: New node: IP: 149.154.167.51. Number of nodes 2
EtherApe-INFO: 23:36:14.208: New node: IP: 192.168.2.226. Number of nodes 3
EtherApe-INFO: 23:36:16.608: New node: IP: 192.168.2.1. Number of nodes 4
EtherApe-INFO: 23:36:22.208: New node: IP: 149.154.167.50. Number of nodes 5
EtherApe-INFO: 23:36:55.809: New node: IP: 149.154.167.223. Number of nodes 6
EtherApe-INFO: 23:38:00.608: New node: IP: 239.255.255.250. Number of nodes 7
EtherApe-INFO: 23:38:22.742: New node: IP: 216.58.215.99. Number of nodes 8
EtherApe-INFO: 23:38:30.742: New node: IPv6: fe80::9ada:c4ff:febf:99a5. Number of nodes 9
EtherApe-INFO: 23:38:30.742: New node: IPv6: ff02::1. Number of nodes 10
EtherApe-INFO: 23:38:52.612: New node: IP: 142.250.203.138. Number of nodes 11
EtherApe-INFO: 23:38:52.612: New node: IP: 216.58.208.206. Number of nodes 12
EtherApe-INFO: 23:38:52.612: New node: IP: 135.181.27.174. Number of nodes 13
EtherApe-INFO: 23:38:55.275: New node: IP: 95.216.144.15. Number of nodes 14
EtherApe-INFO: 23:39:25.942: New node: IP: 142.250.186.195. Number of nodes 15
EtherApe-INFO: 23:39:28.075: New node: IP: 216.58.209.10. Number of nodes 16
EtherApe-INFO: 23:39:51.069: delete node: IP: 149.154.167.223. Number of nodes 15
EtherApe-INFO: 23:40:20.875: New node: IP: 149.154.167.223. Number of nodes 16
EtherApe-INFO: 23:40:23.109: delete node: IP: 216.58.215.99. Number of nodes 15
EtherApe-INFO: 23:40:30.800: delete node: IPv6: ff02::1. Number of nodes 14
EtherApe-INFO: 23:40:30.800: delete node: IPv6: fe80::9ada:c4ff:febf:99a5. Number of nodes 13
EtherApe-INFO: 23:40:56.342: New node: IP: 185.199.109.154. Number of nodes 14
EtherApe-INFO: 23:41:00.902: delete node: IP: 142.250.203.138. Number of nodes 13
EtherApe-INFO: 23:41:04.875: New node: IP: 142.250.203.202. Number of nodes 14
EtherApe-INFO: 23:41:05.675: New node: IP: 95.216.195.133. Number of nodes 15
EtherApe-INFO: 23:41:23.008: New node: IP: 185.199.110.133. Number of nodes 16
EtherApe-INFO: 23:42:00.895: delete node: IP: 95.216.144.15. Number of nodes 15
EtherApe-INFO: 23:42:06.780: delete node: IP: 135.181.27.174. Number of nodes 14
EtherApe-INFO: 23:42:27.886: delete node: IP: 216.58.209.10. Number of nodes 13
EtherApe-INFO: 23:42:35.541: New node: IP: 64.233.161.188. Number of nodes 14
EtherApe-INFO: 23:42:35.542: New node: IP: 209.85.233.188. Number of nodes 15
EtherApe-INFO: 23:42:37.408: New node: IPv6: fe80::9ada:c4ff:febf:99a5. Number of nodes 16
EtherApe-INFO: 23:42:37.408: New node: IPv6: ff02::1. Number of nodes 17
EtherApe-INFO: 23:42:37.428: delete node: IP: 149.154.167.223. Number of nodes 16
EtherApe-INFO: 23:42:39.275: New node: IP: 172.217.16.10. Number of nodes 17
EtherApe-INFO: 23:43:08.342: New node: IP: 216.58.209.10. Number of nodes 18
EtherApe-INFO: 23:43:08.356: delete node: IP: 142.250.203.202. Number of nodes 17
EtherApe-INFO: 23:43:08.356: delete node: IP: 95.216.195.133. Number of nodes 16
EtherApe-INFO: 23:43:56.875: New node: IP: 216.58.209.14. Number of nodes 17
EtherApe-INFO: 23:43:57.145: New node: IP: 216.58.208.205. Number of nodes 18
EtherApe-INFO: 23:43:57.413: New node: IP: 216.58.208.202. Number of nodes 19
EtherApe-INFO: 23:43:59.008: New node: IP: 142.250.75.10. Number of nodes 20
EtherApe-INFO: 23:44:00.875: New node: IP: 216.58.208.196. Number of nodes 21
EtherApe-INFO: 23:44:37.473: delete node: IPv6: ff02::1. Number of nodes 20
EtherApe-INFO: 23:44:37.474: delete node: IPv6: fe80::9ada:c4ff:febf:99a5. Number of nodes 19
EtherApe-INFO: 23:44:40.704: delete node: IP: 64.233.161.188. Number of nodes 18
EtherApe-INFO: 23:45:08.655: delete node: IP: 216.58.209.10. Number of nodes 17
EtherApe-INFO: 23:45:26.312: delete node: IP: 142.250.186.195. Number of nodes 16
EtherApe-INFO: 23:45:41.228: delete node: IP: 127.0.0.1. Number of nodes 15
EtherApe-INFO: 23:45:44.684: delete node: IP: 185.199.110.133. Number of nodes 14
EtherApe-INFO: 23:45:44.684: delete node: IP: 185.199.109.154. Number of nodes 13
EtherApe-INFO: 23:45:57.680: delete node: IP: 216.58.209.14. Number of nodes 12
EtherApe-INFO: 23:45:58.303: delete node: IP: 216.58.208.205. Number of nodes 11
EtherApe-INFO: 23:46:00.105: delete node: IP: 142.250.75.10. Number of nodes 10
EtherApe-INFO: 23:46:05.675: New node: IP: 95.216.195.133. Number of nodes 11
EtherApe-INFO: 23:47:57.675: New node: IP: 216.58.208.205. Number of nodes 12
EtherApe-INFO: 23:48:07.016: delete node: IP: 95.216.195.133. Number of nodes 11
EtherApe-INFO: 23:48:13.675: New node: IP: 149.154.167.223. Number of nodes 12
EtherApe-INFO: 23:48:39.612: delete node: IP: 172.217.16.10. Number of nodes 11
EtherApe-INFO: 23:49:37.411: New node: IP: 94.158.46.150. Number of nodes 12
EtherApe-INFO: 23:49:58.025: delete node: IP: 216.58.208.205. Number of nodes 11
EtherApe-INFO: 23:50:01.675: New node: IPv6: fe80::9ada:c4ff:febf:99a5. Number of nodes 12
EtherApe-INFO: 23:50:01.675: New node: IPv6: ff02::1. Number of nodes 13
EtherApe-INFO: 23:50:29.149: delete node: IP: 149.154.167.223. Number of nodes 12
EtherApe-INFO: 23:51:05.677: New node: IP: 95.216.195.133. Number of nodes 13
EtherApe-INFO: 23:51:37.751: delete node: IP: 94.158.46.150. Number of nodes 12
EtherApe-INFO: 23:51:37.942: New node: IP: 172.217.16.14. Number of nodes 13
EtherApe-INFO: 23:52:01.751: delete node: IPv6: ff02::1. Number of nodes 12
EtherApe-INFO: 23:52:01.751: delete node: IPv6: fe80::9ada:c4ff:febf:99a5. Number of nodes 11
EtherApe-INFO: 23:53:07.843: delete node: IP: 95.216.195.133. Number of nodes 10
EtherApe-INFO: 23:53:13.675: New node: IP: 149.154.167.223. Number of nodes 11
EtherApe-INFO: 23:53:28.077: delete node: IP: 216.58.208.206. Number of nodes 10
EtherApe-INFO: 23:55:17.142: New node: IP: 142.250.203.195. Number of nodes 11
EtherApe-INFO: 23:55:28.896: delete node: IP: 149.154.167.223. Number of nodes 10
EtherApe-INFO: 23:55:56.343: New node: IP: 142.250.203.142. Number of nodes 11
EtherApe-INFO: 23:55:56.875: New node: IP: 142.250.75.4. Number of nodes 12
EtherApe-INFO: 23:56:05.675: New node: IP: 95.216.195.133. Number of nodes 13
EtherApe-INFO: 23:56:49.408: New node: IP: 149.154.167.223. Number of nodes 14
