(etherape:1537): GLib-GIO-DEBUG: 15:32:23.726: _g_io_module_get_default: Found default implementation local (GLocalVfs) for ‘gio-vfs’
EtherApe-INFO: 15:32:23.847: sctp protocol not supported
EtherApe-INFO: 15:32:23.847: dccp protocol not supported
EtherApe-INFO: 15:32:23.848: sctp protocol not supported
EtherApe-INFO: 15:32:23.848: sctp protocol not supported
EtherApe-INFO: 15:32:23.848: sctp protocol not supported
EtherApe-INFO: 15:32:23.848: sctp protocol not supported
EtherApe-INFO: 15:32:23.848: sctp protocol not supported
EtherApe-INFO: 15:32:23.848: sctp protocol not supported
EtherApe-INFO: 15:32:23.848: sctp protocol not supported
EtherApe-INFO: 15:32:23.848: dccp protocol not supported
EtherApe-INFO: 15:32:23.848: sctp protocol not supported
EtherApe-INFO: 15:32:23.848: dccp protocol not supported
EtherApe-INFO: 15:32:23.848: dccp protocol not supported
EtherApe-INFO: 15:32:23.848: sctp protocol not supported
EtherApe-INFO: 15:32:23.849: sctp protocol not supported
EtherApe-INFO: 15:32:23.849: sctp protocol not supported
EtherApe-INFO: 15:32:23.849: sctp protocol not supported
EtherApe-INFO: 15:32:23.849: sctp protocol not supported
EtherApe-INFO: 15:32:23.850: sctp protocol not supported
EtherApe-INFO: 15:32:23.850: sctp protocol not supported
EtherApe-INFO: 15:32:23.850: sctp protocol not supported
EtherApe-INFO: 15:32:23.850: sctp protocol not supported
EtherApe-INFO: 15:32:23.850: sctp protocol not supported
EtherApe-INFO: 15:32:23.850: sctp protocol not supported
EtherApe-INFO: 15:32:23.851: sctp protocol not supported
EtherApe-INFO: 15:32:23.851: sctp protocol not supported
EtherApe-INFO: 15:32:23.851: sctp protocol not supported
EtherApe-INFO: 15:32:23.851: sctp protocol not supported
EtherApe-INFO: 15:32:23.851: dccp protocol not supported
EtherApe-INFO: 15:32:23.851: sctp protocol not supported
EtherApe-INFO: 15:32:23.851: sctp protocol not supported
EtherApe-INFO: 15:32:23.851: dccp protocol not supported
EtherApe-INFO: 15:32:23.851: sctp protocol not supported
EtherApe-INFO: 15:32:23.851: sctp protocol not supported
EtherApe-INFO: 15:32:23.851: sctp protocol not supported
EtherApe-INFO: 15:32:23.851: dccp protocol not supported
EtherApe-INFO: 15:32:23.851: dccp protocol not supported
EtherApe-INFO: 15:32:23.851: sctp protocol not supported
EtherApe-INFO: 15:32:23.851: sctp protocol not supported
EtherApe-INFO: 15:32:23.851: sctp protocol not supported
EtherApe-INFO: 15:32:23.851: sctp protocol not supported
EtherApe-INFO: 15:32:23.851: sctp protocol not supported
EtherApe-INFO: 15:32:23.852: sctp protocol not supported
EtherApe-INFO: 15:32:23.852: sctp protocol not supported
EtherApe-INFO: 15:32:23.852: sctp protocol not supported
EtherApe-INFO: 15:32:23.852: sctp protocol not supported
EtherApe-INFO: 15:32:23.852: sctp protocol not supported
EtherApe-INFO: 15:32:23.852: sctp protocol not supported
EtherApe-INFO: 15:32:23.852: sctp protocol not supported
EtherApe-INFO: 15:32:23.852: sctp protocol not supported
EtherApe-INFO: 15:32:23.852: dccp protocol not supported
EtherApe-INFO: 15:32:23.852: sctp protocol not supported
EtherApe-INFO: 15:32:23.852: sctp protocol not supported
EtherApe-INFO: 15:32:23.852: sctp protocol not supported
EtherApe-INFO: 15:32:23.852: sctp protocol not supported
EtherApe-INFO: 15:32:23.852: sctp protocol not supported
EtherApe-INFO: 15:32:23.852: sctp protocol not supported
EtherApe-INFO: 15:32:23.852: sctp protocol not supported
EtherApe-INFO: 15:32:23.852: sctp protocol not supported
EtherApe-INFO: 15:32:23.852: sctp protocol not supported
EtherApe-INFO: 15:32:23.852: sctp protocol not supported
EtherApe-INFO: 15:32:23.852: sctp protocol not supported
EtherApe-INFO: 15:32:23.852: sctp protocol not supported
EtherApe-INFO: 15:32:23.852: sctp protocol not supported
EtherApe-INFO: 15:32:23.853: sctp protocol not supported
EtherApe-INFO: 15:32:23.853: sctp protocol not supported
EtherApe-INFO: 15:32:23.853: sctp protocol not supported
EtherApe-INFO: 15:32:23.853: sctp protocol not supported
EtherApe-INFO: 15:32:23.853: sctp protocol not supported
EtherApe-INFO: 15:32:23.853: sctp protocol not supported
EtherApe-INFO: 15:32:23.853: sctp protocol not supported
EtherApe-INFO: 15:32:23.853: sctp protocol not supported
EtherApe-INFO: 15:32:23.853: sctp protocol not supported
EtherApe-INFO: 15:32:23.853: sctp protocol not supported
EtherApe-INFO: 15:32:23.853: sctp protocol not supported
EtherApe-INFO: 15:32:23.853: sctp protocol not supported
EtherApe-INFO: 15:32:23.853: sctp protocol not supported
EtherApe-INFO: 15:32:23.853: sctp protocol not supported
EtherApe-INFO: 15:32:23.853: sctp protocol not supported
EtherApe-INFO: 15:32:23.853: sctp protocol not supported
EtherApe-INFO: 15:32:23.853: sctp protocol not supported
EtherApe-INFO: 15:32:23.853: sctp protocol not supported
EtherApe-INFO: 15:32:23.853: sctp protocol not supported
EtherApe-INFO: 15:32:23.853: sctp protocol not supported
EtherApe-INFO: 15:32:23.853: sctp protocol not supported
EtherApe-INFO: 15:32:23.853: sctp protocol not supported
EtherApe-INFO: 15:32:23.853: sctp protocol not supported
EtherApe-INFO: 15:32:23.891: get_interface result: ''
EtherApe-INFO: 15:32:23.891: Available interfaces for capture: dbus-session dbus-system nfqueue nflog bluetooth-monitor lo any
EtherApe-INFO: 15:32:23.940: Link type is LINUX_SLL
EtherApe-INFO: 15:32:23.942: Diagram started
EtherApe-INFO: 15:36:48.967: New node: IP: 0.0.0.0. Number of nodes 1
EtherApe-INFO: 15:36:48.967: New node: IP: 255.255.255.255. Number of nodes 2
EtherApe-INFO: 15:36:48.967: New node: IPv6: ::. Number of nodes 3
EtherApe-INFO: 15:36:48.967: New node: IPv6: ff02::16. Number of nodes 4
EtherApe-INFO: 15:36:49.233: New node: IPv6: ff02::1:ffd6:e234. Number of nodes 5
EtherApe-INFO: 15:36:49.500: New node: IP: 192.168.0.1. Number of nodes 6
EtherApe-INFO: 15:36:49.500: New node: IP: 192.168.0.104. Number of nodes 7
EtherApe-INFO: 15:36:50.300: New node: IPv6: fe80::b4de:d21f:61d6:e234. Number of nodes 8
EtherApe-INFO: 15:36:50.566: New node: IPv6: ff02::2. Number of nodes 9
EtherApe-INFO: 15:36:51.100: New node: IP: 8.8.8.8. Number of nodes 10
EtherApe-INFO: 15:36:52.700: New node: IP: 95.216.195.133. Number of nodes 11
EtherApe-INFO: 15:36:54.567: New node: IP: 1.1.1.1. Number of nodes 12
EtherApe-INFO: 15:36:59.634: New node: IP: 149.154.167.51. Number of nodes 13
EtherApe-INFO: 15:36:59.634: New node: IP: 149.154.167.50. Number of nodes 14
EtherApe-INFO: 15:37:00.168: New node: IP: 104.16.248.249. Number of nodes 15
EtherApe-INFO: 15:37:00.169: New node: IP: 142.250.180.202. Number of nodes 16
EtherApe-INFO: 15:37:00.170: New node: IP: 5.28.194.79. Number of nodes 17
EtherApe-INFO: 15:37:00.969: New node: IP: 149.154.167.151. Number of nodes 18
EtherApe-INFO: 15:37:00.969: New node: IP: 149.154.167.92. Number of nodes 19
EtherApe-INFO: 15:37:05.769: New node: IP: 142.250.180.238. Number of nodes 20
EtherApe-INFO: 15:37:06.034: New node: IP: 172.217.19.100. Number of nodes 21
EtherApe-INFO: 15:37:06.567: New node: IP: 142.251.39.74. Number of nodes 22
EtherApe-INFO: 15:37:06.836: New node: IP: 172.217.20.13. Number of nodes 23
EtherApe-INFO: 15:37:08.434: New node: IP: 172.217.19.106. Number of nodes 24
EtherApe-INFO: 15:37:09.500: New node: IP: 142.251.39.4. Number of nodes 25
EtherApe-INFO: 15:37:31.633: New node: IP: 192.168.0.101. Number of nodes 26
EtherApe-INFO: 15:37:55.633: New node: IP: 72.4.120.219. Number of nodes 27
EtherApe-INFO: 15:39:25.261: delete node: IP: 192.168.0.104. Number of nodes 26
EtherApe-INFO: 15:39:25.261: delete node: IP: 172.217.20.13. Number of nodes 25
EtherApe-INFO: 15:39:25.261: delete node: IP: 172.217.19.106. Number of nodes 24
EtherApe-INFO: 15:39:25.261: delete node: IP: 149.154.167.151. Number of nodes 23
EtherApe-INFO: 15:39:25.261: delete node: IP: 149.154.167.92. Number of nodes 22
EtherApe-INFO: 15:39:25.261: delete node: IP: 142.250.180.202. Number of nodes 21
EtherApe-INFO: 15:39:25.261: delete node: IP: 104.16.248.249. Number of nodes 20
EtherApe-INFO: 15:39:25.261: delete node: IP: 5.28.194.79. Number of nodes 19
EtherApe-INFO: 15:39:25.770: New node: IP: 192.168.0.103. Number of nodes 20
EtherApe-INFO: 15:39:26.303: New node: IP: 149.154.175.100. Number of nodes 21
EtherApe-INFO: 15:39:33.766: New node: IP: 239.255.255.250. Number of nodes 22
EtherApe-INFO: 15:39:34.833: New node: IP: 224.0.0.251. Number of nodes 23
EtherApe-INFO: 15:39:34.833: New node: IP: 103.107.196.187. Number of nodes 24
EtherApe-INFO: 15:39:37.504: New node: IP: 142.250.180.195. Number of nodes 25
EtherApe-INFO: 15:39:43.366: New node: IP: 172.217.19.106. Number of nodes 26
EtherApe-INFO: 15:40:03.901: New node: IP: 149.154.167.151. Number of nodes 27
EtherApe-INFO: 15:40:32.435: New node: IP: 142.250.201.206. Number of nodes 28
EtherApe-INFO: 15:40:32.703: New node: IP: 34.104.35.123. Number of nodes 29
EtherApe-INFO: 15:40:41.299: delete node: IP: 192.168.0.101. Number of nodes 28
EtherApe-INFO: 15:40:54.571: New node: IP: 224.0.0.1. Number of nodes 29
EtherApe-INFO: 15:41:25.556: delete node: IPv6: ff02::1:ffd6:e234. Number of nodes 28
EtherApe-INFO: 15:41:25.556: delete node: IPv6: ::. Number of nodes 27
EtherApe-INFO: 15:41:25.768: delete node: IP: 255.255.255.255. Number of nodes 26
EtherApe-INFO: 15:41:25.769: delete node: IP: 0.0.0.0. Number of nodes 25
EtherApe-INFO: 15:41:26.614: delete node: IP: 149.154.167.50. Number of nodes 24
EtherApe-INFO: 15:41:26.614: delete node: IP: 95.216.195.133. Number of nodes 23
EtherApe-INFO: 15:41:26.930: delete node: IP: 149.154.175.100. Number of nodes 22
EtherApe-INFO: 15:41:27.461: delete node: IPv6: ff02::16. Number of nodes 21
EtherApe-INFO: 15:41:31.900: New node: IP: 95.216.144.15. Number of nodes 22
EtherApe-INFO: 15:41:37.825: delete node: IP: 224.0.0.251. Number of nodes 21
EtherApe-INFO: 15:41:42.590: delete node: IP: 1.1.1.1. Number of nodes 20
EtherApe-INFO: 15:42:02.085: delete node: IP: 172.217.19.100. Number of nodes 19
EtherApe-INFO: 15:42:19.377: delete node: IP: 149.154.167.151. Number of nodes 18
EtherApe-INFO: 15:42:36.967: New node: IP: 149.154.167.151. Number of nodes 19
EtherApe-INFO: 15:42:38.567: New node: IP: 149.154.165.111. Number of nodes 20
EtherApe-INFO: 15:42:54.656: delete node: IP: 224.0.0.1. Number of nodes 19
EtherApe-INFO: 15:42:54.656: delete node: IP: 192.168.0.1. Number of nodes 18
EtherApe-INFO: 15:42:59.633: New node: IP: 192.168.0.1. Number of nodes 19
EtherApe-INFO: 15:42:59.633: New node: IP: 224.0.0.1. Number of nodes 20
EtherApe-INFO: 15:43:31.380: delete node: IPv6: ff02::2. Number of nodes 19
EtherApe-INFO: 15:43:31.380: delete node: IPv6: fe80::b4de:d21f:61d6:e234. Number of nodes 18
EtherApe-INFO: 15:43:32.229: delete node: IP: 95.216.144.15. Number of nodes 17
EtherApe-INFO: 15:43:45.767: New node: IPv6: fe80::b4de:d21f:61d6:e234. Number of nodes 18
EtherApe-INFO: 15:43:45.767: New node: IPv6: ff02::2. Number of nodes 19
EtherApe-INFO: 15:44:26.380: New node: IP: 95.216.195.133. Number of nodes 20
EtherApe-INFO: 15:44:40.621: delete node: IP: 72.4.120.219. Number of nodes 19
EtherApe-INFO: 15:44:45.127: New node: IP: 1.1.1.1. Number of nodes 20
EtherApe-INFO: 15:44:59.876: delete node: IP: 224.0.0.1. Number of nodes 19
EtherApe-INFO: 15:44:59.877: delete node: IP: 192.168.0.1. Number of nodes 18
EtherApe-INFO: 15:45:04.595: New node: IP: 192.168.0.1. Number of nodes 19
EtherApe-INFO: 15:45:04.595: New node: IP: 224.0.0.1. Number of nodes 20
EtherApe-INFO: 15:45:39.261: New node: IP: 172.217.19.100. Number of nodes 21
EtherApe-INFO: 15:45:45.704: delete node: IPv6: ff02::2. Number of nodes 20
EtherApe-INFO: 15:45:45.704: delete node: IPv6: fe80::b4de:d21f:61d6:e234. Number of nodes 19
EtherApe-INFO: 15:46:32.628: delete node: IP: 142.250.201.206. Number of nodes 18
EtherApe-INFO: 15:46:37.171: delete node: IP: 149.154.165.111. Number of nodes 17
EtherApe-INFO: 15:46:39.068: delete node: IP: 142.250.180.195. Number of nodes 16
EtherApe-INFO: 15:46:50.199: delete node: IP: 149.154.167.151. Number of nodes 15
EtherApe-INFO: 15:46:51.875: delete node: IP: 1.1.1.1. Number of nodes 14
EtherApe-INFO: 15:47:04.598: delete node: IP: 224.0.0.1. Number of nodes 13
EtherApe-INFO: 15:47:04.598: delete node: IP: 192.168.0.1. Number of nodes 12
EtherApe-INFO: 15:47:09.660: New node: IP: 192.168.0.1. Number of nodes 13
EtherApe-INFO: 15:47:09.660: New node: IP: 224.0.0.1. Number of nodes 14
EtherApe-INFO: 15:47:23.527: New node: IP: 104.17.49.74. Number of nodes 15
EtherApe-INFO: 15:47:23.793: New node: IP: 142.250.180.206. Number of nodes 16
EtherApe-INFO: 15:47:24.593: New node: IP: 37.19.218.151. Number of nodes 17
EtherApe-INFO: 15:47:31.355: delete node: IP: 95.216.195.133. Number of nodes 16
EtherApe-INFO: 15:47:56.860: New node: IP: 1.1.1.1. Number of nodes 17
EtherApe-INFO: 15:48:22.727: New node: IPv6: fe80::b4de:d21f:61d6:e234. Number of nodes 18
EtherApe-INFO: 15:48:22.727: New node: IPv6: ff02::2. Number of nodes 19
EtherApe-INFO: 15:48:49.660: New node: IP: 95.216.144.15. Number of nodes 20
EtherApe-INFO: 15:48:50.788: delete node: IP: 142.251.39.74. Number of nodes 19
EtherApe-INFO: 15:49:05.131: New node: IP: 72.4.120.219. Number of nodes 20
EtherApe-INFO: 15:49:09.590: delete node: IP: 224.0.0.1. Number of nodes 19
EtherApe-INFO: 15:49:09.590: delete node: IP: 192.168.0.1. Number of nodes 18
EtherApe-INFO: 15:49:14.547: New node: IP: 192.168.0.1. Number of nodes 19
EtherApe-INFO: 15:49:14.548: New node: IP: 224.0.0.1. Number of nodes 20
EtherApe-INFO: 15:49:26.540: New node: IP: 95.216.195.133. Number of nodes 21
EtherApe-INFO: 15:49:56.769: delete node: IP: 1.1.1.1. Number of nodes 20
EtherApe-INFO: 15:49:58.273: New node: IP: 1.1.1.1. Number of nodes 21
EtherApe-INFO: 15:50:22.896: delete node: IPv6: ff02::2. Number of nodes 20
EtherApe-INFO: 15:50:22.897: delete node: IPv6: fe80::b4de:d21f:61d6:e234. Number of nodes 19
EtherApe-INFO: 15:50:49.301: delete node: IP: 34.104.35.123. Number of nodes 18
EtherApe-INFO: 15:50:55.094: delete node: IP: 95.216.144.15. Number of nodes 17
EtherApe-INFO: 15:51:14.584: delete node: IP: 224.0.0.1. Number of nodes 16
EtherApe-INFO: 15:51:14.584: delete node: IP: 192.168.0.1. Number of nodes 15
EtherApe-INFO: 15:51:19.607: New node: IP: 192.168.0.1. Number of nodes 16
EtherApe-INFO: 15:51:19.608: New node: IP: 224.0.0.1. Number of nodes 17
EtherApe-INFO: 15:51:26.605: delete node: IP: 95.216.195.133. Number of nodes 16
EtherApe-INFO: 15:51:54.582: delete node: IP: 172.217.19.100. Number of nodes 15
EtherApe-INFO: 15:52:04.714: delete node: IP: 1.1.1.1. Number of nodes 14
EtherApe-INFO: 15:53:19.609: delete node: IP: 224.0.0.1. Number of nodes 13
EtherApe-INFO: 15:53:19.609: delete node: IP: 192.168.0.1. Number of nodes 12
EtherApe-INFO: 15:53:24.673: New node: IP: 192.168.0.1. Number of nodes 13
EtherApe-INFO: 15:53:24.674: New node: IP: 224.0.0.1. Number of nodes 14
EtherApe-INFO: 15:53:39.075: New node: IP: 142.251.39.74. Number of nodes 15
EtherApe-INFO: 15:54:26.541: New node: IP: 95.216.195.133. Number of nodes 16
EtherApe-INFO: 15:55:15.346: New node: IP: 1.1.1.1. Number of nodes 17
EtherApe-INFO: 15:55:24.754: delete node: IP: 224.0.0.1. Number of nodes 16
EtherApe-INFO: 15:55:24.754: delete node: IP: 192.168.0.1. Number of nodes 15
EtherApe-INFO: 15:55:29.474: New node: IP: 192.168.0.1. Number of nodes 16
EtherApe-INFO: 15:55:29.474: New node: IP: 224.0.0.1. Number of nodes 17
EtherApe-INFO: 15:55:39.116: delete node: IP: 142.251.39.74. Number of nodes 16
EtherApe-INFO: 15:56:04.440: delete node: IP: 104.17.49.74. Number of nodes 15
EtherApe-INFO: 15:57:03.086: New node: IP: 172.217.19.100. Number of nodes 16
EtherApe-INFO: 15:57:19.607: New node: IPv6: fe80::b4de:d21f:61d6:e234. Number of nodes 17
EtherApe-INFO: 15:57:19.607: New node: IPv6: ff02::2. Number of nodes 18
EtherApe-INFO: 15:57:22.378: delete node: IP: 1.1.1.1. Number of nodes 17
EtherApe-INFO: 15:57:29.556: delete node: IP: 224.0.0.1. Number of nodes 16
EtherApe-INFO: 15:57:29.556: delete node: IP: 192.168.0.1. Number of nodes 15
EtherApe-INFO: 15:57:31.979: delete node: IP: 95.216.195.133. Number of nodes 14
EtherApe-INFO: 15:57:34.540: New node: IP: 192.168.0.1. Number of nodes 15
EtherApe-INFO: 15:57:34.540: New node: IP: 224.0.0.1. Number of nodes 16
EtherApe-INFO: 15:58:39.340: New node: IP: 192.168.0.102. Number of nodes 17
EtherApe-INFO: 15:58:39.340: New node: IP: 224.0.0.251. Number of nodes 18
EtherApe-INFO: 15:59:19.636: delete node: IPv6: ff02::2. Number of nodes 17
EtherApe-INFO: 15:59:19.636: delete node: IPv6: fe80::b4de:d21f:61d6:e234. Number of nodes 16
EtherApe-INFO: 15:59:26.540: New node: IP: 95.216.195.133. Number of nodes 17
EtherApe-INFO: 15:59:34.853: delete node: IP: 224.0.0.1. Number of nodes 16
EtherApe-INFO: 15:59:34.854: delete node: IP: 192.168.0.1. Number of nodes 15
EtherApe-INFO: 15:59:39.607: New node: IP: 192.168.0.1. Number of nodes 16
EtherApe-INFO: 15:59:39.607: New node: IP: 224.0.0.1. Number of nodes 17
EtherApe-INFO: 16:00:30.010: New node: IP: 1.1.1.1. Number of nodes 18
EtherApe-INFO: 16:00:54.878: delete node: IP: 72.4.120.219. Number of nodes 17
EtherApe-INFO: 16:01:08.686: delete node: IP: 142.250.180.206. Number of nodes 16
EtherApe-INFO: 16:01:14.807: New node: IP: 149.154.167.151. Number of nodes 17
EtherApe-INFO: 16:01:26.606: delete node: IP: 95.216.195.133. Number of nodes 16
EtherApe-INFO: 16:01:39.699: delete node: IP: 224.0.0.1. Number of nodes 15
EtherApe-INFO: 16:01:44.676: New node: IP: 224.0.0.1. Number of nodes 16
EtherApe-INFO: 16:02:36.675: delete node: IP: 1.1.1.1. Number of nodes 15
EtherApe-INFO: 16:03:42.293: New node: IP: 149.154.167.50. Number of nodes 16
EtherApe-INFO: 16:03:43.319: New node: IP: 149.154.165.111. Number of nodes 17
EtherApe-INFO: 16:03:44.716: delete node: IP: 224.0.0.1. Number of nodes 16
EtherApe-INFO: 16:03:49.713: New node: IP: 224.0.0.1. Number of nodes 17
EtherApe-INFO: 16:04:26.620: New node: IP: 95.216.195.133. Number of nodes 18
EtherApe-INFO: 16:05:02.736: delete node: IP: 192.168.0.102. Number of nodes 17
EtherApe-INFO: 16:05:08.892: delete node: IP: 224.0.0.251. Number of nodes 16
EtherApe-INFO: 16:05:49.698: delete node: IP: 224.0.0.1. Number of nodes 15
EtherApe-INFO: 16:05:49.698: delete node: IP: 192.168.0.1. Number of nodes 14
EtherApe-INFO: 16:05:54.674: New node: IP: 192.168.0.1. Number of nodes 15
EtherApe-INFO: 16:05:54.674: New node: IP: 224.0.0.1. Number of nodes 16
EtherApe-INFO: 16:06:15.740: New node: IP: 1.1.1.1. Number of nodes 17
EtherApe-INFO: 16:06:42.212: delete node: IP: 172.217.19.100. Number of nodes 16
EtherApe-INFO: 16:07:30.384: New node: IP: 149.154.167.91. Number of nodes 17
EtherApe-INFO: 16:07:30.940: delete node: IP: 95.216.195.133. Number of nodes 16
EtherApe-INFO: 16:07:54.626: delete node: IP: 224.0.0.1. Number of nodes 15
EtherApe-INFO: 16:07:54.626: delete node: IP: 192.168.0.1. Number of nodes 14
EtherApe-INFO: 16:07:54.861: New node: IP: 142.251.39.74. Number of nodes 15
EtherApe-INFO: 16:07:59.667: New node: IP: 192.168.0.1. Number of nodes 16
EtherApe-INFO: 16:07:59.667: New node: IP: 224.0.0.1. Number of nodes 17
EtherApe-INFO: 16:08:22.670: delete node: IP: 1.1.1.1. Number of nodes 16
EtherApe-INFO: 16:09:26.593: New node: IP: 95.216.195.133. Number of nodes 17
EtherApe-INFO: 16:09:32.728: New node: IP: 142.250.180.195. Number of nodes 18
EtherApe-INFO: 16:09:40.011: delete node: IP: 149.154.165.111. Number of nodes 17
EtherApe-INFO: 16:09:46.421: delete node: IP: 149.154.167.91. Number of nodes 16
EtherApe-INFO: 16:09:59.728: delete node: IP: 224.0.0.1. Number of nodes 15
EtherApe-INFO: 16:09:59.728: delete node: IP: 192.168.0.1. Number of nodes 14
EtherApe-INFO: 16:10:04.726: New node: IP: 192.168.0.1. Number of nodes 15
EtherApe-INFO: 16:10:04.726: New node: IP: 224.0.0.1. Number of nodes 16
EtherApe-INFO: 16:10:31.570: delete node: IP: 142.251.39.74. Number of nodes 15
EtherApe-INFO: 16:10:35.554: New node: IP: 142.250.201.206. Number of nodes 16
EtherApe-INFO: 16:11:30.220: New node: IP: 1.1.1.1. Number of nodes 17
EtherApe-INFO: 16:11:40.086: New node: IP: 172.217.19.100. Number of nodes 18
EtherApe-INFO: 16:12:04.626: delete node: IP: 224.0.0.1. Number of nodes 17
EtherApe-INFO: 16:12:04.626: delete node: IP: 192.168.0.1. Number of nodes 16
EtherApe-INFO: 16:12:09.687: New node: IP: 192.168.0.1. Number of nodes 17
EtherApe-INFO: 16:12:09.687: New node: IP: 224.0.0.1. Number of nodes 18
EtherApe-INFO: 16:12:31.302: delete node: IP: 95.216.195.133. Number of nodes 17
EtherApe-INFO: 16:12:35.583: delete node: IP: 142.250.201.206. Number of nodes 16
EtherApe-INFO: 16:12:40.887: New node: IP: 142.251.39.74. Number of nodes 17
EtherApe-INFO: 16:13:36.969: delete node: IP: 1.1.1.1. Number of nodes 16
EtherApe-INFO: 16:14:07.553: New node: IP: 1.1.1.1. Number of nodes 17
EtherApe-INFO: 16:14:09.701: delete node: IP: 224.0.0.1. Number of nodes 16
EtherApe-INFO: 16:14:09.701: delete node: IP: 192.168.0.1. Number of nodes 15
EtherApe-INFO: 16:14:10.015: delete node: IP: 149.154.167.151. Number of nodes 14
EtherApe-INFO: 16:14:14.487: New node: IP: 192.168.0.1. Number of nodes 15
EtherApe-INFO: 16:14:14.487: New node: IP: 224.0.0.1. Number of nodes 16
EtherApe-INFO: 16:14:26.486: New node: IP: 95.216.195.133. Number of nodes 17
EtherApe-INFO: 16:14:57.701: delete node: IP: 142.251.39.74. Number of nodes 16
EtherApe-INFO: 16:15:04.090: New node: IP: 149.154.167.151. Number of nodes 17
EtherApe-INFO: 16:15:20.353: New node: IPv6: fe80::b4de:d21f:61d6:e234. Number of nodes 18
EtherApe-INFO: 16:15:20.353: New node: IPv6: ff02::2. Number of nodes 19
EtherApe-INFO: 16:15:30.525: delete node: IP: 103.107.196.187. Number of nodes 18
EtherApe-INFO: 16:16:07.913: delete node: IP: 1.1.1.1. Number of nodes 17
EtherApe-INFO: 16:16:14.754: delete node: IP: 224.0.0.1. Number of nodes 16
EtherApe-INFO: 16:16:14.754: delete node: IP: 192.168.0.1. Number of nodes 15
EtherApe-INFO: 16:16:19.557: New node: IP: 192.168.0.1. Number of nodes 16
EtherApe-INFO: 16:16:19.557: New node: IP: 224.0.0.1. Number of nodes 17
EtherApe-INFO: 16:16:35.585: delete node: IP: 142.250.180.195. Number of nodes 16
EtherApe-INFO: 16:17:20.400: delete node: IPv6: ff02::2. Number of nodes 15
EtherApe-INFO: 16:17:20.400: delete node: IPv6: fe80::b4de:d21f:61d6:e234. Number of nodes 14
EtherApe-INFO: 16:17:31.560: delete node: IP: 95.216.195.133. Number of nodes 13
EtherApe-INFO: 16:17:55.069: delete node: IP: 172.217.19.100. Number of nodes 12
EtherApe-INFO: 16:18:19.832: delete node: IP: 224.0.0.1. Number of nodes 11
EtherApe-INFO: 16:18:19.832: delete node: IP: 192.168.0.1. Number of nodes 10
EtherApe-INFO: 16:18:24.594: New node: IP: 192.168.0.1. Number of nodes 11
EtherApe-INFO: 16:18:24.594: New node: IP: 224.0.0.1. Number of nodes 12
EtherApe-INFO: 16:18:26.710: New node: IP: 142.251.39.74. Number of nodes 13
EtherApe-INFO: 16:19:26.570: New node: IP: 95.216.195.133. Number of nodes 14
EtherApe-INFO: 16:20:05.825: delete node: IP: 149.154.167.151. Number of nodes 13
EtherApe-INFO: 16:20:24.801: delete node: IP: 224.0.0.1. Number of nodes 12
EtherApe-INFO: 16:20:24.801: delete node: IP: 192.168.0.1. Number of nodes 11
EtherApe-INFO: 16:20:26.898: delete node: IP: 142.251.39.74. Number of nodes 10
EtherApe-INFO: 16:20:29.500: New node: IP: 192.168.0.1. Number of nodes 11
EtherApe-INFO: 16:20:29.500: New node: IP: 224.0.0.1. Number of nodes 12
EtherApe-INFO: 16:20:55.367: New node: IP: 1.1.1.1. Number of nodes 13
EtherApe-INFO: 16:20:55.367: New node: IP: 142.250.180.206. Number of nodes 14
EtherApe-INFO: 16:22:00.433: New node: IP: 149.154.167.151. Number of nodes 15
EtherApe-INFO: 16:22:02.301: New node: IP: 172.217.19.100. Number of nodes 16
EtherApe-INFO: 16:22:29.833: delete node: IP: 224.0.0.1. Number of nodes 15
EtherApe-INFO: 16:22:29.833: delete node: IP: 192.168.0.1. Number of nodes 14
EtherApe-INFO: 16:22:32.207: delete node: IP: 95.216.195.133. Number of nodes 13
EtherApe-INFO: 16:22:34.567: New node: IP: 192.168.0.1. Number of nodes 14
EtherApe-INFO: 16:22:34.567: New node: IP: 224.0.0.1. Number of nodes 15
EtherApe-INFO: 16:22:55.666: delete node: IP: 1.1.1.1. Number of nodes 14
EtherApe-INFO: 16:22:55.976: delete node: IP: 142.250.180.206. Number of nodes 13
EtherApe-INFO: 16:22:58.304: New node: IP: 1.1.1.1. Number of nodes 14
EtherApe-INFO: 16:22:58.304: New node: IP: 142.250.180.228. Number of nodes 15
EtherApe-INFO: 16:23:02.034: New node: IP: 149.154.175.57. Number of nodes 16
EtherApe-INFO: 16:23:02.034: New node: IP: 149.154.175.54. Number of nodes 17
EtherApe-INFO: 16:24:26.567: New node: IP: 95.216.195.133. Number of nodes 18
EtherApe-INFO: 16:24:34.630: delete node: IP: 224.0.0.1. Number of nodes 17
EtherApe-INFO: 16:24:34.630: delete node: IP: 192.168.0.1. Number of nodes 16
EtherApe-INFO: 16:24:39.633: New node: IP: 192.168.0.1. Number of nodes 17
EtherApe-INFO: 16:24:39.633: New node: IP: 224.0.0.1. Number of nodes 18
EtherApe-INFO: 16:24:58.321: delete node: IP: 1.1.1.1. Number of nodes 17
EtherApe-INFO: 16:24:58.632: delete node: IP: 142.250.180.228. Number of nodes 16
EtherApe-INFO: 16:25:02.845: delete node: IP: 149.154.175.57. Number of nodes 15
EtherApe-INFO: 16:25:19.946: delete node: IP: 149.154.175.54. Number of nodes 14
EtherApe-INFO: 16:25:26.566: New node: IP: 149.154.165.111. Number of nodes 15
EtherApe-INFO: 16:26:22.567: New node: IP: 192.168.0.102. Number of nodes 16
EtherApe-INFO: 16:26:22.567: New node: IP: 224.0.0.251. Number of nodes 17
EtherApe-INFO: 16:26:26.916: delete node: IP: 95.216.195.133. Number of nodes 16
EtherApe-INFO: 16:26:39.928: delete node: IP: 224.0.0.1. Number of nodes 15
EtherApe-INFO: 16:26:39.928: delete node: IP: 192.168.0.1. Number of nodes 14
EtherApe-INFO: 16:26:44.700: New node: IP: 192.168.0.1. Number of nodes 15
EtherApe-INFO: 16:26:44.700: New node: IP: 224.0.0.1. Number of nodes 16
EtherApe-INFO: 16:27:06.037: delete node: IP: 172.217.19.100. Number of nodes 15
EtherApe-INFO: 16:27:07.633: New node: IP: 142.251.39.74. Number of nodes 16
EtherApe-INFO: 16:27:41.819: delete node: IP: 149.154.165.111. Number of nodes 15
EtherApe-INFO: 16:28:04.794: delete node: IP: 149.154.167.151. Number of nodes 14
EtherApe-INFO: 16:28:44.779: delete node: IP: 224.0.0.1. Number of nodes 13
EtherApe-INFO: 16:28:44.779: delete node: IP: 192.168.0.1. Number of nodes 12
EtherApe-INFO: 16:28:49.500: New node: IP: 192.168.0.1. Number of nodes 13
EtherApe-INFO: 16:28:49.500: New node: IP: 224.0.0.1. Number of nodes 14
EtherApe-INFO: 16:29:25.770: delete node: IP: 142.251.39.74. Number of nodes 13
EtherApe-INFO: 16:29:26.487: New node: IP: 95.216.195.133. Number of nodes 14
EtherApe-INFO: 16:30:21.420: New node: IP: 149.154.167.151. Number of nodes 15
EtherApe-INFO: 16:30:49.743: delete node: IP: 224.0.0.1. Number of nodes 14
EtherApe-INFO: 16:30:54.753: New node: IP: 224.0.0.1. Number of nodes 15
EtherApe-INFO: 16:31:04.931: delete node: IP: 192.168.0.102. Number of nodes 14
EtherApe-INFO: 16:31:15.604: delete node: IP: 224.0.0.251. Number of nodes 13
EtherApe-INFO: 16:31:26.621: delete node: IP: 95.216.195.133. Number of nodes 12
EtherApe-INFO: 16:31:58.833: New node: IP: 1.1.1.1. Number of nodes 13
EtherApe-INFO: 16:31:58.834: New node: IP: 142.250.201.206. Number of nodes 14
EtherApe-INFO: 16:32:54.930: delete node: IP: 224.0.0.1. Number of nodes 13
EtherApe-INFO: 16:32:54.930: delete node: IP: 192.168.0.1. Number of nodes 12
EtherApe-INFO: 16:32:59.633: New node: IP: 192.168.0.1. Number of nodes 13
EtherApe-INFO: 16:32:59.633: New node: IP: 224.0.0.1. Number of nodes 14
EtherApe-INFO: 16:33:41.500: New node: IP: 142.250.180.228. Number of nodes 15
EtherApe-INFO: 16:33:59.469: delete node: IP: 142.250.201.206. Number of nodes 14
EtherApe-INFO: 16:34:26.567: New node: IP: 95.216.195.133. Number of nodes 15
EtherApe-INFO: 16:34:59.721: delete node: IP: 224.0.0.1. Number of nodes 14
EtherApe-INFO: 16:34:59.721: delete node: IP: 192.168.0.1. Number of nodes 13
EtherApe-INFO: 16:35:04.700: New node: IP: 192.168.0.1. Number of nodes 14
EtherApe-INFO: 16:35:04.700: New node: IP: 224.0.0.1. Number of nodes 15
EtherApe-INFO: 16:35:41.578: delete node: IP: 1.1.1.1. Number of nodes 14
EtherApe-INFO: 16:35:41.790: delete node: IP: 142.250.180.228. Number of nodes 13
EtherApe-INFO: 16:36:26.846: delete node: IP: 95.216.195.133. Number of nodes 12
EtherApe-INFO: 16:36:44.966: New node: IP: 142.251.39.74. Number of nodes 13
EtherApe-INFO: 16:36:50.036: New node: IP: 172.217.19.100. Number of nodes 14
EtherApe-INFO: 16:37:04.807: delete node: IP: 224.0.0.1. Number of nodes 13
EtherApe-INFO: 16:37:04.807: delete node: IP: 192.168.0.1. Number of nodes 12
EtherApe-INFO: 16:37:09.766: New node: IP: 192.168.0.1. Number of nodes 13
EtherApe-INFO: 16:37:09.766: New node: IP: 224.0.0.1. Number of nodes 14
