(etherape:5063): GLib-GIO-DEBUG: 00:49:26.053: _g_io_module_get_default: Found default implementation local (GLocalVfs) for ‘gio-vfs’
EtherApe-INFO: 00:49:26.212: sctp protocol not supported
EtherApe-INFO: 00:49:26.212: dccp protocol not supported
EtherApe-INFO: 00:49:26.212: sctp protocol not supported
EtherApe-INFO: 00:49:26.212: sctp protocol not supported
EtherApe-INFO: 00:49:26.212: sctp protocol not supported
EtherApe-INFO: 00:49:26.212: sctp protocol not supported
EtherApe-INFO: 00:49:26.213: sctp protocol not supported
EtherApe-INFO: 00:49:26.213: sctp protocol not supported
EtherApe-INFO: 00:49:26.214: sctp protocol not supported
EtherApe-INFO: 00:49:26.214: dccp protocol not supported
EtherApe-INFO: 00:49:26.214: sctp protocol not supported
EtherApe-INFO: 00:49:26.214: dccp protocol not supported
EtherApe-INFO: 00:49:26.214: dccp protocol not supported
EtherApe-INFO: 00:49:26.214: sctp protocol not supported
EtherApe-INFO: 00:49:26.215: sctp protocol not supported
EtherApe-INFO: 00:49:26.215: sctp protocol not supported
EtherApe-INFO: 00:49:26.216: sctp protocol not supported
EtherApe-INFO: 00:49:26.216: sctp protocol not supported
EtherApe-INFO: 00:49:26.218: sctp protocol not supported
EtherApe-INFO: 00:49:26.218: sctp protocol not supported
EtherApe-INFO: 00:49:26.218: sctp protocol not supported
EtherApe-INFO: 00:49:26.218: sctp protocol not supported
EtherApe-INFO: 00:49:26.218: sctp protocol not supported
EtherApe-INFO: 00:49:26.219: sctp protocol not supported
EtherApe-INFO: 00:49:26.220: sctp protocol not supported
EtherApe-INFO: 00:49:26.220: sctp protocol not supported
EtherApe-INFO: 00:49:26.220: sctp protocol not supported
EtherApe-INFO: 00:49:26.220: sctp protocol not supported
EtherApe-INFO: 00:49:26.220: dccp protocol not supported
EtherApe-INFO: 00:49:26.220: sctp protocol not supported
EtherApe-INFO: 00:49:26.221: sctp protocol not supported
EtherApe-INFO: 00:49:26.221: dccp protocol not supported
EtherApe-INFO: 00:49:26.221: sctp protocol not supported
EtherApe-INFO: 00:49:26.221: sctp protocol not supported
EtherApe-INFO: 00:49:26.221: sctp protocol not supported
EtherApe-INFO: 00:49:26.221: dccp protocol not supported
EtherApe-INFO: 00:49:26.221: dccp protocol not supported
EtherApe-INFO: 00:49:26.221: sctp protocol not supported
EtherApe-INFO: 00:49:26.221: sctp protocol not supported
EtherApe-INFO: 00:49:26.221: sctp protocol not supported
EtherApe-INFO: 00:49:26.221: sctp protocol not supported
EtherApe-INFO: 00:49:26.221: sctp protocol not supported
EtherApe-INFO: 00:49:26.221: sctp protocol not supported
EtherApe-INFO: 00:49:26.221: sctp protocol not supported
EtherApe-INFO: 00:49:26.221: sctp protocol not supported
EtherApe-INFO: 00:49:26.222: sctp protocol not supported
EtherApe-INFO: 00:49:26.222: sctp protocol not supported
EtherApe-INFO: 00:49:26.222: sctp protocol not supported
EtherApe-INFO: 00:49:26.222: sctp protocol not supported
EtherApe-INFO: 00:49:26.222: sctp protocol not supported
EtherApe-INFO: 00:49:26.222: dccp protocol not supported
EtherApe-INFO: 00:49:26.222: sctp protocol not supported
EtherApe-INFO: 00:49:26.222: sctp protocol not supported
EtherApe-INFO: 00:49:26.222: sctp protocol not supported
EtherApe-INFO: 00:49:26.222: sctp protocol not supported
EtherApe-INFO: 00:49:26.222: sctp protocol not supported
EtherApe-INFO: 00:49:26.222: sctp protocol not supported
EtherApe-INFO: 00:49:26.222: sctp protocol not supported
EtherApe-INFO: 00:49:26.222: sctp protocol not supported
EtherApe-INFO: 00:49:26.223: sctp protocol not supported
EtherApe-INFO: 00:49:26.223: sctp protocol not supported
EtherApe-INFO: 00:49:26.223: sctp protocol not supported
EtherApe-INFO: 00:49:26.223: sctp protocol not supported
EtherApe-INFO: 00:49:26.223: sctp protocol not supported
EtherApe-INFO: 00:49:26.223: sctp protocol not supported
EtherApe-INFO: 00:49:26.223: sctp protocol not supported
EtherApe-INFO: 00:49:26.223: sctp protocol not supported
EtherApe-INFO: 00:49:26.223: sctp protocol not supported
EtherApe-INFO: 00:49:26.223: sctp protocol not supported
EtherApe-INFO: 00:49:26.223: sctp protocol not supported
EtherApe-INFO: 00:49:26.223: sctp protocol not supported
EtherApe-INFO: 00:49:26.223: sctp protocol not supported
EtherApe-INFO: 00:49:26.224: sctp protocol not supported
EtherApe-INFO: 00:49:26.224: sctp protocol not supported
EtherApe-INFO: 00:49:26.224: sctp protocol not supported
EtherApe-INFO: 00:49:26.224: sctp protocol not supported
EtherApe-INFO: 00:49:26.224: sctp protocol not supported
EtherApe-INFO: 00:49:26.224: sctp protocol not supported
EtherApe-INFO: 00:49:26.224: sctp protocol not supported
EtherApe-INFO: 00:49:26.224: sctp protocol not supported
EtherApe-INFO: 00:49:26.224: sctp protocol not supported
EtherApe-INFO: 00:49:26.224: sctp protocol not supported
EtherApe-INFO: 00:49:26.224: sctp protocol not supported
EtherApe-INFO: 00:49:26.224: sctp protocol not supported
EtherApe-INFO: 00:49:26.224: sctp protocol not supported
EtherApe-INFO: 00:49:26.224: sctp protocol not supported
EtherApe-INFO: 00:49:26.224: sctp protocol not supported
EtherApe-INFO: 00:49:26.237: get_interface result: ''
EtherApe-INFO: 00:49:26.238: Available interfaces for capture: dbus-session dbus-system nfqueue nflog bluetooth-monitor lo any wlp1s0f4u2
EtherApe-INFO: 00:49:26.271: Link type is LINUX_SLL
EtherApe-INFO: 00:49:26.272: Diagram started
EtherApe-INFO: 00:49:26.777: New node: IP: 192.168.2.234. Number of nodes 1
EtherApe-INFO: 00:49:26.777: New node: IP: 149.154.167.50. Number of nodes 2
EtherApe-INFO: 00:49:28.377: New node: IP: 8.8.8.8. Number of nodes 3
EtherApe-INFO: 00:49:34.244: New node: IP: 172.217.20.170. Number of nodes 4
EtherApe-INFO: 00:49:40.378: New node: IP: 1.1.1.1. Number of nodes 5
EtherApe-INFO: 00:49:40.378: New node: IP: 172.217.16.14. Number of nodes 6
EtherApe-INFO: 00:49:40.646: New node: IP: 142.250.203.132. Number of nodes 7
EtherApe-INFO: 00:49:44.644: New node: IP: 149.154.167.51. Number of nodes 8
EtherApe-INFO: 00:49:44.912: New node: IP: 216.58.208.206. Number of nodes 9
EtherApe-INFO: 00:50:04.911: New node: IP: 239.255.255.250. Number of nodes 10
EtherApe-INFO: 00:50:05.977: New node: IP: 224.0.0.251. Number of nodes 11
EtherApe-INFO: 00:50:07.311: New node: IP: 5.180.62.18. Number of nodes 12
EtherApe-INFO: 00:50:07.846: New node: IP: 142.250.203.141. Number of nodes 13
EtherApe-INFO: 00:50:07.848: New node: IP: 142.250.203.195. Number of nodes 14
EtherApe-INFO: 00:50:07.848: New node: IP: 216.58.209.13. Number of nodes 15
EtherApe-INFO: 00:50:10.517: New node: IP: 172.217.16.42. Number of nodes 16
EtherApe-INFO: 00:50:19.581: New node: IP: 216.58.215.74. Number of nodes 17
EtherApe-INFO: 00:50:46.244: New node: IPv6: fe80::9ada:c4ff:febf:99a5. Number of nodes 18
EtherApe-INFO: 00:50:46.244: New node: IPv6: ff02::1. Number of nodes 19
EtherApe-INFO: 00:51:03.319: New node: IP: 34.104.35.123. Number of nodes 20
EtherApe-INFO: 00:51:19.049: New node: IP: 149.154.167.151. Number of nodes 21
EtherApe-INFO: 00:51:25.713: New node: IP: 172.217.20.206. Number of nodes 22
EtherApe-INFO: 00:51:30.781: New node: IP: 172.217.16.4. Number of nodes 23
EtherApe-INFO: 00:51:33.977: New node: IP: 78.30.254.80. Number of nodes 24
EtherApe-INFO: 00:51:35.044: New node: IP: 192.168.1.126. Number of nodes 25
EtherApe-INFO: 00:51:40.595: delete node: IP: 172.217.16.14. Number of nodes 24
EtherApe-INFO: 00:52:08.752: New node: IP: 216.58.215.109. Number of nodes 25
EtherApe-INFO: 00:52:08.828: delete node: IP: 224.0.0.251. Number of nodes 24
EtherApe-INFO: 00:52:46.678: delete node: IPv6: ff02::1. Number of nodes 23
EtherApe-INFO: 00:52:46.678: delete node: IPv6: fe80::9ada:c4ff:febf:99a5. Number of nodes 22
EtherApe-INFO: 00:53:03.420: New node: IP: 95.216.195.133. Number of nodes 23
EtherApe-INFO: 00:53:20.237: delete node: IP: 216.58.215.74. Number of nodes 22
EtherApe-INFO: 00:53:30.891: delete node: IP: 1.1.1.1. Number of nodes 21
EtherApe-INFO: 00:53:31.210: delete node: IP: 172.217.16.4. Number of nodes 20
EtherApe-INFO: 00:53:35.690: delete node: IP: 78.30.254.80. Number of nodes 19
EtherApe-INFO: 00:54:09.821: delete node: IP: 216.58.215.109. Number of nodes 18
EtherApe-INFO: 00:54:27.684: New node: IPv6: fe80::9ada:c4ff:febf:99a5. Number of nodes 19
EtherApe-INFO: 00:54:27.685: New node: IPv6: ff02::1:ff9f:3910. Number of nodes 20
EtherApe-INFO: 00:54:55.767: delete node: IP: 149.154.167.151. Number of nodes 19
EtherApe-INFO: 00:55:04.846: delete node: IP: 95.216.195.133. Number of nodes 18
EtherApe-INFO: 00:55:07.954: New node: IP: 216.58.215.109. Number of nodes 19
EtherApe-INFO: 00:55:23.684: New node: IP: 1.1.1.1. Number of nodes 20
EtherApe-INFO: 00:55:50.085: New node: IP: 78.30.254.80. Number of nodes 21
EtherApe-INFO: 00:56:01.336: delete node: IP: 34.104.35.123. Number of nodes 20
EtherApe-INFO: 00:56:28.301: delete node: IPv6: ff02::1:ff9f:3910. Number of nodes 19
EtherApe-INFO: 00:56:28.301: delete node: IPv6: fe80::9ada:c4ff:febf:99a5. Number of nodes 18
EtherApe-INFO: 00:56:37.018: New node: IP: 216.58.215.100. Number of nodes 19
EtherApe-INFO: 00:57:00.521: delete node: IP: 216.58.209.13. Number of nodes 18
EtherApe-INFO: 00:57:00.521: delete node: IP: 142.250.203.141. Number of nodes 17
EtherApe-INFO: 00:57:01.899: delete node: IP: 172.217.16.42. Number of nodes 16
EtherApe-INFO: 00:57:04.761: delete node: IP: 142.250.203.195. Number of nodes 15
EtherApe-INFO: 00:57:25.094: delete node: IP: 1.1.1.1. Number of nodes 14
EtherApe-INFO: 00:57:33.821: New node: IPv6: fe80::9ada:c4ff:febf:99a5. Number of nodes 15
EtherApe-INFO: 00:57:33.821: New node: IPv6: ff02::1. Number of nodes 16
EtherApe-INFO: 00:57:51.490: delete node: IP: 78.30.254.80. Number of nodes 15
EtherApe-INFO: 00:58:03.418: New node: IP: 95.216.195.133. Number of nodes 16
EtherApe-INFO: 00:58:07.718: delete node: IP: 172.217.20.206. Number of nodes 15
EtherApe-INFO: 00:59:18.360: delete node: IP: 216.58.215.100. Number of nodes 14
EtherApe-INFO: 00:59:19.419: New node: IP: 216.58.215.100. Number of nodes 15
EtherApe-INFO: 00:59:33.849: delete node: IPv6: ff02::1. Number of nodes 14
EtherApe-INFO: 00:59:33.850: delete node: IPv6: fe80::9ada:c4ff:febf:99a5. Number of nodes 13
EtherApe-INFO: 01:00:04.055: delete node: IP: 95.216.195.133. Number of nodes 12
EtherApe-INFO: 01:00:28.221: New node: IP: 1.1.1.1. Number of nodes 13
EtherApe-INFO: 01:02:08.758: delete node: IP: 216.58.215.109. Number of nodes 12
EtherApe-INFO: 01:02:29.577: delete node: IP: 1.1.1.1. Number of nodes 11
EtherApe-INFO: 01:02:54.891: New node: IP: 1.1.1.1. Number of nodes 12
EtherApe-INFO: 01:03:03.429: New node: IP: 95.216.195.133. Number of nodes 13
EtherApe-INFO: 01:03:04.519: New node: IP: 142.250.186.202. Number of nodes 14
EtherApe-INFO: 01:03:19.333: delete node: IP: 216.58.215.100. Number of nodes 13
EtherApe-INFO: 01:03:33.556: New node: IPv6: fe80::9ada:c4ff:febf:99a5. Number of nodes 14
EtherApe-INFO: 01:03:33.556: New node: IPv6: ff02::1. Number of nodes 15
EtherApe-INFO: 01:04:22.350: New node: IP: 78.30.254.80. Number of nodes 16
EtherApe-INFO: 01:04:55.163: delete node: IP: 1.1.1.1. Number of nodes 15
EtherApe-INFO: 01:05:05.606: delete node: IP: 142.250.186.202. Number of nodes 14
EtherApe-INFO: 01:05:05.606: delete node: IP: 95.216.195.133. Number of nodes 13
EtherApe-INFO: 01:05:15.951: New node: IP: 1.1.1.1. Number of nodes 14
EtherApe-INFO: 01:05:15.954: New node: IP: 172.217.16.4. Number of nodes 15
EtherApe-INFO: 01:05:33.903: delete node: IPv6: ff02::1. Number of nodes 14
EtherApe-INFO: 01:05:33.903: delete node: IPv6: fe80::9ada:c4ff:febf:99a5. Number of nodes 13
EtherApe-INFO: 01:06:22.900: delete node: IP: 78.30.254.80. Number of nodes 12
EtherApe-INFO: 01:06:42.352: New node: IP: 172.217.16.42. Number of nodes 13
EtherApe-INFO: 01:07:16.272: delete node: IP: 172.217.16.4. Number of nodes 12
EtherApe-INFO: 01:07:38.094: delete node: IP: 1.1.1.1. Number of nodes 11
EtherApe-INFO: 01:08:03.423: New node: IP: 95.216.195.133. Number of nodes 12
EtherApe-INFO: 01:08:42.660: delete node: IP: 172.217.16.42. Number of nodes 11
EtherApe-INFO: 01:09:30.350: New node: IPv6: fe80::9ada:c4ff:febf:99a5. Number of nodes 12
EtherApe-INFO: 01:09:30.351: New node: IPv6: ff02::1. Number of nodes 13
EtherApe-INFO: 01:10:03.686: delete node: IP: 95.216.195.133. Number of nodes 12
EtherApe-INFO: 01:10:37.550: New node: IP: 1.1.1.1. Number of nodes 13
EtherApe-INFO: 01:11:17.821: New node: IP: 216.58.215.78. Number of nodes 14
EtherApe-INFO: 01:11:30.549: delete node: IPv6: ff02::1. Number of nodes 13
EtherApe-INFO: 01:11:30.549: delete node: IPv6: fe80::9ada:c4ff:febf:99a5. Number of nodes 12
EtherApe-INFO: 01:12:45.022: New node: IP: 172.217.16.42. Number of nodes 13
EtherApe-INFO: 01:13:03.421: New node: IP: 95.216.195.133. Number of nodes 14
EtherApe-INFO: 01:13:18.684: delete node: IP: 216.58.215.78. Number of nodes 13
EtherApe-INFO: 01:14:12.752: New node: IP: 216.58.215.68. Number of nodes 14
EtherApe-INFO: 01:14:45.555: delete node: IP: 172.217.16.42. Number of nodes 13
EtherApe-INFO: 01:14:47.978: delete node: IP: 1.1.1.1. Number of nodes 12
EtherApe-INFO: 01:15:03.787: delete node: IP: 95.216.195.133. Number of nodes 11
EtherApe-INFO: 01:15:09.553: New node: IP: 185.187.243.47. Number of nodes 12
EtherApe-INFO: 01:15:18.084: New node: IP: 172.217.16.42. Number of nodes 13
EtherApe-INFO: 01:15:23.981: New node: IPv6: fe80::9ada:c4ff:febf:99a5. Number of nodes 14
EtherApe-INFO: 01:15:23.982: New node: IPv6: ff02::1. Number of nodes 15
EtherApe-INFO: 01:15:57.018: New node: IP: 1.1.1.1. Number of nodes 16
EtherApe-INFO: 01:16:58.084: New node: IP: 142.250.186.202. Number of nodes 17
EtherApe-INFO: 01:17:18.173: delete node: IP: 172.217.16.42. Number of nodes 16
EtherApe-INFO: 01:17:23.967: delete node: IPv6: ff02::1. Number of nodes 15
EtherApe-INFO: 01:17:23.967: delete node: IPv6: fe80::9ada:c4ff:febf:99a5. Number of nodes 14
EtherApe-INFO: 01:17:58.094: delete node: IP: 1.1.1.1. Number of nodes 13
EtherApe-INFO: 01:18:03.418: New node: IP: 95.216.195.133. Number of nodes 14
EtherApe-INFO: 01:18:24.222: New node: IP: 172.217.16.42. Number of nodes 15
EtherApe-INFO: 01:19:10.094: delete node: IP: 142.250.186.202. Number of nodes 14
EtherApe-INFO: 01:20:02.884: New node: IP: 142.250.203.195. Number of nodes 15
EtherApe-INFO: 01:20:03.497: delete node: IP: 95.216.195.133. Number of nodes 14
EtherApe-INFO: 01:20:04.755: New node: IP: 149.154.167.151. Number of nodes 15
EtherApe-INFO: 01:20:24.594: delete node: IP: 172.217.16.42. Number of nodes 14
EtherApe-INFO: 01:20:33.053: delete node: IP: 216.58.215.68. Number of nodes 13
EtherApe-INFO: 01:21:13.551: New node: IP: 1.1.1.1. Number of nodes 14
EtherApe-INFO: 01:21:26.669: New node: IP: 78.30.254.80. Number of nodes 15
EtherApe-INFO: 01:22:18.634: New node: IP: 172.217.16.42. Number of nodes 16
EtherApe-INFO: 01:22:20.220: delete node: IP: 149.154.167.151. Number of nodes 15
EtherApe-INFO: 01:22:53.023: New node: IP: 216.58.215.68. Number of nodes 16
EtherApe-INFO: 01:22:57.817: New node: IPv6: fe80::9ada:c4ff:febf:99a5. Number of nodes 17
EtherApe-INFO: 01:22:57.817: New node: IPv6: ff02::1. Number of nodes 18
EtherApe-INFO: 01:23:03.421: New node: IP: 95.216.195.133. Number of nodes 19
EtherApe-INFO: 01:23:06.420: delete node: IP: 142.250.203.195. Number of nodes 18
EtherApe-INFO: 01:23:13.575: delete node: IP: 5.180.62.18. Number of nodes 17
EtherApe-INFO: 01:23:16.562: delete node: IP: 1.1.1.1. Number of nodes 16
EtherApe-INFO: 01:23:26.648: delete node: IP: 78.30.254.80. Number of nodes 15
EtherApe-INFO: 01:24:33.021: New node: IP: 172.217.20.206. Number of nodes 16
EtherApe-INFO: 01:24:57.864: delete node: IPv6: ff02::1. Number of nodes 15
EtherApe-INFO: 01:24:57.864: delete node: IPv6: fe80::9ada:c4ff:febf:99a5. Number of nodes 14
EtherApe-INFO: 01:25:03.510: delete node: IP: 95.216.195.133. Number of nodes 13
EtherApe-INFO: 01:26:43.421: delete node: IP: 216.58.215.68. Number of nodes 12
EtherApe-INFO: 01:28:03.418: New node: IP: 95.216.195.133. Number of nodes 13
EtherApe-INFO: 01:29:22.639: delete node: IP: 172.217.16.42. Number of nodes 12
EtherApe-INFO: 01:29:38.622: New node: IP: 172.217.16.42. Number of nodes 13
EtherApe-INFO: 01:29:53.349: delete node: IP: 172.217.20.206. Number of nodes 12
EtherApe-INFO: 01:30:03.760: delete node: IP: 95.216.195.133. Number of nodes 11
EtherApe-INFO: 01:30:53.550: New node: IP: 192.168.2.224. Number of nodes 12
EtherApe-INFO: 01:30:53.551: New node: IP: 224.0.0.251. Number of nodes 13
EtherApe-INFO: 01:32:37.546: New node: IPv6: fe80::9ada:c4ff:febf:99a5. Number of nodes 14
EtherApe-INFO: 01:32:37.546: New node: IPv6: ff02::1. Number of nodes 15
EtherApe-INFO: 01:32:43.486: delete node: IP: 172.217.16.42. Number of nodes 14
EtherApe-INFO: 01:32:54.877: New node: IP: 172.217.16.42. Number of nodes 15
EtherApe-INFO: 01:33:03.395: New node: IP: 95.216.195.133. Number of nodes 16
EtherApe-INFO: 01:33:08.759: New node: IP: 1.1.1.1. Number of nodes 17
EtherApe-INFO: 01:34:37.592: delete node: IPv6: ff02::1. Number of nodes 16
EtherApe-INFO: 01:34:37.592: delete node: IPv6: fe80::9ada:c4ff:febf:99a5. Number of nodes 15
EtherApe-INFO: 01:34:50.324: New node: IP: 149.154.167.151. Number of nodes 16
EtherApe-INFO: 01:34:52.461: New node: IP: 142.250.186.202. Number of nodes 17
EtherApe-INFO: 01:34:57.806: delete node: IP: 172.217.16.42. Number of nodes 16
EtherApe-INFO: 01:35:03.725: delete node: IP: 95.216.195.133. Number of nodes 15
EtherApe-INFO: 01:35:09.884: delete node: IP: 1.1.1.1. Number of nodes 14
EtherApe-INFO: 01:36:09.524: New node: IP: 172.217.16.42. Number of nodes 15
EtherApe-INFO: 01:36:10.591: New node: IPv6: fe80::9ada:c4ff:febf:99a5. Number of nodes 16
EtherApe-INFO: 01:36:10.591: New node: IPv6: ff02::1. Number of nodes 17
EtherApe-INFO: 01:37:09.794: New node: IP: 1.1.1.1. Number of nodes 18
EtherApe-INFO: 01:37:09.806: New node: IP: 172.217.20.174. Number of nodes 19
EtherApe-INFO: 01:37:40.010: delete node: IP: 142.250.186.202. Number of nodes 18
EtherApe-INFO: 01:38:03.391: New node: IP: 95.216.195.133. Number of nodes 19
EtherApe-INFO: 01:38:10.115: delete node: IP: 172.217.16.42. Number of nodes 18
EtherApe-INFO: 01:38:11.740: delete node: IPv6: ff02::1. Number of nodes 17
EtherApe-INFO: 01:38:11.740: delete node: IPv6: fe80::9ada:c4ff:febf:99a5. Number of nodes 16
EtherApe-INFO: 01:38:23.976: delete node: IP: 149.154.167.151. Number of nodes 15
EtherApe-INFO: 01:38:41.794: New node: IP: 172.217.16.42. Number of nodes 16
EtherApe-INFO: 01:39:09.839: delete node: IP: 1.1.1.1. Number of nodes 15
EtherApe-INFO: 01:39:10.158: delete node: IP: 172.217.20.174. Number of nodes 14
EtherApe-INFO: 01:40:03.681: delete node: IP: 95.216.195.133. Number of nodes 13
EtherApe-INFO: 01:40:05.237: New node: IP: 216.58.215.68. Number of nodes 14
EtherApe-INFO: 01:40:42.115: delete node: IP: 172.217.16.42. Number of nodes 13
EtherApe-INFO: 01:41:04.435: New node: IP: 172.217.16.42. Number of nodes 14
EtherApe-INFO: 01:41:42.197: delete node: IP: 224.0.0.251. Number of nodes 13
EtherApe-INFO: 01:41:42.197: delete node: IP: 192.168.2.224. Number of nodes 12
EtherApe-INFO: 01:42:15.631: New node: IP: 172.217.20.206. Number of nodes 13
EtherApe-INFO: 01:42:15.898: New node: IPv6: fe80::9ada:c4ff:febf:99a5. Number of nodes 14
EtherApe-INFO: 01:42:15.898: New node: IPv6: ff02::1. Number of nodes 15
EtherApe-INFO: 01:42:55.663: delete node: IP: 216.58.215.68. Number of nodes 14
EtherApe-INFO: 01:42:55.898: New node: IP: 216.58.215.68. Number of nodes 15
EtherApe-INFO: 01:43:03.365: New node: IP: 95.216.195.133. Number of nodes 16
EtherApe-INFO: 01:43:05.803: delete node: IP: 172.217.16.42. Number of nodes 15
EtherApe-INFO: 01:44:16.228: delete node: IPv6: ff02::1. Number of nodes 14
EtherApe-INFO: 01:44:16.228: delete node: IPv6: fe80::9ada:c4ff:febf:99a5. Number of nodes 13
EtherApe-INFO: 01:44:55.966: delete node: IP: 216.58.215.68. Number of nodes 12
EtherApe-INFO: 01:45:04.750: delete node: IP: 95.216.195.133. Number of nodes 11
EtherApe-INFO: 01:46:47.117: New node: IPv6: fe80::9ada:c4ff:febf:99a5. Number of nodes 12
EtherApe-INFO: 01:46:47.117: New node: IPv6: ff02::1. Number of nodes 13
EtherApe-INFO: 01:48:03.365: New node: IP: 95.216.195.133. Number of nodes 14
EtherApe-INFO: 01:48:06.831: New node: IP: 172.217.16.42. Number of nodes 15
EtherApe-INFO: 01:48:24.432: New node: IP: 216.58.215.109. Number of nodes 16
EtherApe-INFO: 01:48:37.767: New node: IP: 172.217.20.174. Number of nodes 17
EtherApe-INFO: 01:48:47.376: delete node: IPv6: ff02::1. Number of nodes 16
EtherApe-INFO: 01:48:47.376: delete node: IPv6: fe80::9ada:c4ff:febf:99a5. Number of nodes 15
EtherApe-INFO: 01:48:57.029: delete node: IP: 172.217.20.206. Number of nodes 14
EtherApe-INFO: 01:49:49.764: New node: IP: 1.1.1.1. Number of nodes 15
EtherApe-INFO: 01:50:02.831: New node: IP: 142.250.203.195. Number of nodes 16
EtherApe-INFO: 01:50:03.712: delete node: IP: 95.216.195.133. Number of nodes 15
EtherApe-INFO: 01:50:06.041: delete node: IP: 172.217.20.170. Number of nodes 14
EtherApe-INFO: 01:50:12.964: New node: IP: 216.58.215.78. Number of nodes 15
EtherApe-INFO: 01:50:47.960: delete node: IP: 172.217.20.174. Number of nodes 14
EtherApe-INFO: 01:51:23.097: New node: IP: 142.250.75.14. Number of nodes 15
EtherApe-INFO: 01:51:23.121: delete node: IP: 216.58.215.109. Number of nodes 14
EtherApe-INFO: 01:51:28.164: New node: IP: 172.217.20.174. Number of nodes 15
EtherApe-INFO: 01:52:13.601: delete node: IP: 216.58.215.78. Number of nodes 14
EtherApe-INFO: 01:52:24.964: New node: IP: 216.58.215.109. Number of nodes 15
EtherApe-INFO: 01:53:03.365: New node: IP: 95.216.195.133. Number of nodes 16
EtherApe-INFO: 01:53:06.573: delete node: IP: 142.250.203.195. Number of nodes 15
EtherApe-INFO: 01:53:23.372: delete node: IP: 142.250.75.14. Number of nodes 14
EtherApe-INFO: 01:53:23.373: delete node: IP: 1.1.1.1. Number of nodes 13
EtherApe-INFO: 01:53:27.098: New node: IP: 142.250.186.202. Number of nodes 14
EtherApe-INFO: 01:53:48.519: delete node: IP: 172.217.20.174. Number of nodes 13
EtherApe-INFO: 01:54:26.124: delete node: IP: 216.58.215.109. Number of nodes 12
EtherApe-INFO: 01:55:03.689: delete node: IP: 95.216.195.133. Number of nodes 11
EtherApe-INFO: 01:55:34.832: New node: IP: 78.30.254.80. Number of nodes 12
EtherApe-INFO: 01:56:16.963: New node: IPv6: fe80::9ada:c4ff:febf:99a5. Number of nodes 13
EtherApe-INFO: 01:56:16.964: New node: IPv6: ff02::1. Number of nodes 14
EtherApe-INFO: 01:56:46.334: delete node: IP: 142.250.186.202. Number of nodes 13
EtherApe-INFO: 01:57:35.903: delete node: IP: 78.30.254.80. Number of nodes 12
EtherApe-INFO: 01:57:59.904: New node: IP: 216.58.215.68. Number of nodes 13
EtherApe-INFO: 01:58:03.364: New node: IP: 95.216.195.133. Number of nodes 14
EtherApe-INFO: 01:58:16.968: delete node: IPv6: ff02::1. Number of nodes 13
EtherApe-INFO: 01:58:16.969: delete node: IPv6: fe80::9ada:c4ff:febf:99a5. Number of nodes 12
EtherApe-INFO: 02:00:03.661: delete node: IP: 95.216.195.133. Number of nodes 11
EtherApe-INFO: 02:00:55.897: New node: IP: 1.1.1.1. Number of nodes 12
EtherApe-INFO: 02:00:55.897: New node: IP: 216.58.215.78. Number of nodes 13
EtherApe-INFO: 02:02:56.189: delete node: IP: 216.58.215.78. Number of nodes 12
EtherApe-INFO: 02:02:56.189: delete node: IP: 1.1.1.1. Number of nodes 11
EtherApe-INFO: 02:03:03.364: New node: IP: 95.216.195.133. Number of nodes 12
EtherApe-INFO: 02:04:22.307: delete node: IP: 216.58.215.68. Number of nodes 11
EtherApe-INFO: 02:05:03.904: delete node: IP: 95.216.195.133. Number of nodes 10
EtherApe-INFO: 02:05:22.563: New node: IPv6: fe80::9ada:c4ff:febf:99a5. Number of nodes 11
EtherApe-INFO: 02:05:22.564: New node: IPv6: ff02::1. Number of nodes 12
EtherApe-INFO: 02:06:34.567: New node: IP: 192.168.2.224. Number of nodes 13
EtherApe-INFO: 02:06:34.567: New node: IP: 224.0.0.251. Number of nodes 14
EtherApe-INFO: 02:07:22.579: delete node: IPv6: ff02::1. Number of nodes 13
EtherApe-INFO: 02:07:22.579: delete node: IPv6: fe80::9ada:c4ff:febf:99a5. Number of nodes 12
EtherApe-INFO: 02:07:30.300: New node: IP: 142.250.186.202. Number of nodes 13
EtherApe-INFO: 02:08:03.367: New node: IP: 95.216.195.133. Number of nodes 14
EtherApe-INFO: 02:08:36.707: delete node: IP: 224.0.0.251. Number of nodes 13
EtherApe-INFO: 02:08:36.707: delete node: IP: 192.168.2.224. Number of nodes 12
EtherApe-INFO: 02:09:30.567: delete node: IP: 142.250.186.202. Number of nodes 11
EtherApe-INFO: 02:10:03.702: delete node: IP: 95.216.195.133. Number of nodes 10
EtherApe-INFO: 02:11:35.259: New node: IPv6: fe80::9ada:c4ff:febf:99a5. Number of nodes 11
EtherApe-INFO: 02:11:35.259: New node: IPv6: ff02::1. Number of nodes 12
EtherApe-INFO: 02:12:37.657: New node: IP: 1.1.1.1. Number of nodes 13
EtherApe-INFO: 02:13:03.524: New node: IP: 95.216.195.133. Number of nodes 14
EtherApe-INFO: 02:13:35.327: delete node: IPv6: ff02::1. Number of nodes 13
EtherApe-INFO: 02:13:35.327: delete node: IPv6: fe80::9ada:c4ff:febf:99a5. Number of nodes 12
EtherApe-INFO: 02:14:23.524: New node: IP: 192.168.2.224. Number of nodes 13
EtherApe-INFO: 02:14:23.524: New node: IP: 224.0.0.251. Number of nodes 14
EtherApe-INFO: 02:14:38.556: delete node: IP: 1.1.1.1. Number of nodes 13
EtherApe-INFO: 02:15:03.530: delete node: IP: 95.216.195.133. Number of nodes 12
EtherApe-INFO: 02:16:22.994: New node: IP: 142.250.186.202. Number of nodes 13
EtherApe-INFO: 02:16:38.724: New node: IP: 1.1.1.1. Number of nodes 14
EtherApe-INFO: 02:16:45.400: delete node: IP: 224.0.0.251. Number of nodes 13
EtherApe-INFO: 02:16:45.400: delete node: IP: 192.168.2.224. Number of nodes 12
EtherApe-INFO: 02:17:02.457: New node: IPv6: fe80::9ada:c4ff:febf:99a5. Number of nodes 13
EtherApe-INFO: 02:17:02.457: New node: IPv6: ff02::1. Number of nodes 14
EtherApe-INFO: 02:17:09.124: New node: IP: 192.168.2.224. Number of nodes 15
EtherApe-INFO: 02:17:09.124: New node: IP: 224.0.0.251. Number of nodes 16
EtherApe-INFO: 02:18:03.257: New node: IP: 95.216.195.133. Number of nodes 17
EtherApe-INFO: 02:18:23.541: delete node: IP: 142.250.186.202. Number of nodes 16
EtherApe-INFO: 02:18:39.033: delete node: IP: 1.1.1.1. Number of nodes 15
EtherApe-INFO: 02:19:02.512: delete node: IPv6: ff02::1. Number of nodes 14
EtherApe-INFO: 02:19:02.512: delete node: IPv6: fe80::9ada:c4ff:febf:99a5. Number of nodes 13
EtherApe-INFO: 02:19:52.359: delete node: IP: 224.0.0.251. Number of nodes 12
EtherApe-INFO: 02:19:52.359: delete node: IP: 192.168.2.224. Number of nodes 11
EtherApe-INFO: 02:19:56.593: New node: IP: 216.58.215.100. Number of nodes 12
EtherApe-INFO: 02:20:02.990: New node: IP: 142.250.203.195. Number of nodes 13
EtherApe-INFO: 02:20:04.939: delete node: IP: 95.216.195.133. Number of nodes 12
EtherApe-INFO: 02:20:31.523: New node: IPv6: fe80::9ada:c4ff:febf:99a5. Number of nodes 13
EtherApe-INFO: 02:20:31.523: New node: IPv6: ff02::1. Number of nodes 14
EtherApe-INFO: 02:22:31.569: delete node: IPv6: ff02::1. Number of nodes 13
EtherApe-INFO: 02:22:31.569: delete node: IPv6: fe80::9ada:c4ff:febf:99a5. Number of nodes 12
EtherApe-INFO: 02:23:03.258: New node: IP: 95.216.195.133. Number of nodes 13
EtherApe-INFO: 02:23:06.480: delete node: IP: 142.250.203.195. Number of nodes 12
EtherApe-INFO: 02:24:27.030: delete node: IP: 216.58.215.100. Number of nodes 11
EtherApe-INFO: 02:25:04.165: delete node: IP: 95.216.195.133. Number of nodes 10
