(etherape:3447): GLib-GIO-DEBUG: 13:36:32.716: _g_io_module_get_default: Found default implementation local (GLocalVfs) for ‘gio-vfs’
EtherApe-INFO: 13:36:32.831: sctp protocol not supported
EtherApe-INFO: 13:36:32.831: dccp protocol not supported
EtherApe-INFO: 13:36:32.831: sctp protocol not supported
EtherApe-INFO: 13:36:32.831: sctp protocol not supported
EtherApe-INFO: 13:36:32.831: sctp protocol not supported
EtherApe-INFO: 13:36:32.831: sctp protocol not supported
EtherApe-INFO: 13:36:32.832: sctp protocol not supported
EtherApe-INFO: 13:36:32.832: sctp protocol not supported
EtherApe-INFO: 13:36:32.833: sctp protocol not supported
EtherApe-INFO: 13:36:32.833: dccp protocol not supported
EtherApe-INFO: 13:36:32.833: sctp protocol not supported
EtherApe-INFO: 13:36:32.833: dccp protocol not supported
EtherApe-INFO: 13:36:32.833: dccp protocol not supported
EtherApe-INFO: 13:36:32.833: sctp protocol not supported
EtherApe-INFO: 13:36:32.834: sctp protocol not supported
EtherApe-INFO: 13:36:32.834: sctp protocol not supported
EtherApe-INFO: 13:36:32.835: sctp protocol not supported
EtherApe-INFO: 13:36:32.835: sctp protocol not supported
EtherApe-INFO: 13:36:32.837: sctp protocol not supported
EtherApe-INFO: 13:36:32.837: sctp protocol not supported
EtherApe-INFO: 13:36:32.837: sctp protocol not supported
EtherApe-INFO: 13:36:32.837: sctp protocol not supported
EtherApe-INFO: 13:36:32.837: sctp protocol not supported
EtherApe-INFO: 13:36:32.838: sctp protocol not supported
EtherApe-INFO: 13:36:32.839: sctp protocol not supported
EtherApe-INFO: 13:36:32.839: sctp protocol not supported
EtherApe-INFO: 13:36:32.839: sctp protocol not supported
EtherApe-INFO: 13:36:32.840: sctp protocol not supported
EtherApe-INFO: 13:36:32.840: dccp protocol not supported
EtherApe-INFO: 13:36:32.840: sctp protocol not supported
EtherApe-INFO: 13:36:32.840: sctp protocol not supported
EtherApe-INFO: 13:36:32.840: dccp protocol not supported
EtherApe-INFO: 13:36:32.840: sctp protocol not supported
EtherApe-INFO: 13:36:32.840: sctp protocol not supported
EtherApe-INFO: 13:36:32.840: sctp protocol not supported
EtherApe-INFO: 13:36:32.840: dccp protocol not supported
EtherApe-INFO: 13:36:32.840: dccp protocol not supported
EtherApe-INFO: 13:36:32.840: sctp protocol not supported
EtherApe-INFO: 13:36:32.840: sctp protocol not supported
EtherApe-INFO: 13:36:32.840: sctp protocol not supported
EtherApe-INFO: 13:36:32.840: sctp protocol not supported
EtherApe-INFO: 13:36:32.840: sctp protocol not supported
EtherApe-INFO: 13:36:32.840: sctp protocol not supported
EtherApe-INFO: 13:36:32.840: sctp protocol not supported
EtherApe-INFO: 13:36:32.840: sctp protocol not supported
EtherApe-INFO: 13:36:32.840: sctp protocol not supported
EtherApe-INFO: 13:36:32.840: sctp protocol not supported
EtherApe-INFO: 13:36:32.840: sctp protocol not supported
EtherApe-INFO: 13:36:32.840: sctp protocol not supported
EtherApe-INFO: 13:36:32.840: sctp protocol not supported
EtherApe-INFO: 13:36:32.841: dccp protocol not supported
EtherApe-INFO: 13:36:32.841: sctp protocol not supported
EtherApe-INFO: 13:36:32.841: sctp protocol not supported
EtherApe-INFO: 13:36:32.841: sctp protocol not supported
EtherApe-INFO: 13:36:32.841: sctp protocol not supported
EtherApe-INFO: 13:36:32.841: sctp protocol not supported
EtherApe-INFO: 13:36:32.841: sctp protocol not supported
EtherApe-INFO: 13:36:32.841: sctp protocol not supported
EtherApe-INFO: 13:36:32.841: sctp protocol not supported
EtherApe-INFO: 13:36:32.841: sctp protocol not supported
EtherApe-INFO: 13:36:32.841: sctp protocol not supported
EtherApe-INFO: 13:36:32.841: sctp protocol not supported
EtherApe-INFO: 13:36:32.841: sctp protocol not supported
EtherApe-INFO: 13:36:32.841: sctp protocol not supported
EtherApe-INFO: 13:36:32.841: sctp protocol not supported
EtherApe-INFO: 13:36:32.841: sctp protocol not supported
EtherApe-INFO: 13:36:32.841: sctp protocol not supported
EtherApe-INFO: 13:36:32.841: sctp protocol not supported
EtherApe-INFO: 13:36:32.841: sctp protocol not supported
EtherApe-INFO: 13:36:32.841: sctp protocol not supported
EtherApe-INFO: 13:36:32.842: sctp protocol not supported
EtherApe-INFO: 13:36:32.842: sctp protocol not supported
EtherApe-INFO: 13:36:32.842: sctp protocol not supported
EtherApe-INFO: 13:36:32.842: sctp protocol not supported
EtherApe-INFO: 13:36:32.842: sctp protocol not supported
EtherApe-INFO: 13:36:32.842: sctp protocol not supported
EtherApe-INFO: 13:36:32.842: sctp protocol not supported
EtherApe-INFO: 13:36:32.842: sctp protocol not supported
EtherApe-INFO: 13:36:32.842: sctp protocol not supported
EtherApe-INFO: 13:36:32.842: sctp protocol not supported
EtherApe-INFO: 13:36:32.842: sctp protocol not supported
EtherApe-INFO: 13:36:32.842: sctp protocol not supported
EtherApe-INFO: 13:36:32.842: sctp protocol not supported
EtherApe-INFO: 13:36:32.842: sctp protocol not supported
EtherApe-INFO: 13:36:32.842: sctp protocol not supported
EtherApe-INFO: 13:36:32.842: sctp protocol not supported
EtherApe-INFO: 13:36:32.842: sctp protocol not supported
EtherApe-INFO: 13:36:32.852: get_interface result: ''
EtherApe-INFO: 13:36:32.852: Available interfaces for capture: dbus-session dbus-system nfqueue nflog bluetooth-monitor lo any enp1s0f4u1u2
EtherApe-INFO: 13:36:32.906: Link type is LINUX_SLL
EtherApe-INFO: 13:36:32.907: Diagram started
EtherApe-INFO: 13:36:40.858: New node: IP: 192.168.1.116. Number of nodes 1
EtherApe-INFO: 13:36:40.858: New node: IP: 142.251.39.10. Number of nodes 2
EtherApe-INFO: 13:36:41.392: New node: IP: 149.154.167.51. Number of nodes 3
EtherApe-INFO: 13:36:41.392: New node: IP: 8.8.8.8. Number of nodes 4
EtherApe-INFO: 13:36:41.658: New node: IP: 142.250.180.238. Number of nodes 5
EtherApe-INFO: 13:36:41.925: New node: IP: 142.251.39.4. Number of nodes 6
EtherApe-INFO: 13:36:46.458: New node: IP: 1.1.1.1. Number of nodes 7
EtherApe-INFO: 13:37:05.658: New node: IP: 172.217.19.106. Number of nodes 8
EtherApe-INFO: 13:37:06.458: New node: IP: 239.255.255.250. Number of nodes 9
EtherApe-INFO: 13:37:06.991: New node: IP: 185.226.144.99. Number of nodes 10
EtherApe-INFO: 13:37:07.791: New node: IP: 224.0.0.251. Number of nodes 11
EtherApe-INFO: 13:37:10.195: New node: IP: 142.250.201.205. Number of nodes 12
EtherApe-INFO: 13:37:10.197: New node: IP: 142.250.180.195. Number of nodes 13
EtherApe-INFO: 13:37:16.592: New node: IP: 142.251.39.74. Number of nodes 14
EtherApe-INFO: 13:37:44.325: New node: IPv6: fe80::86d8:1bff:fe8a:3173. Number of nodes 15
EtherApe-INFO: 13:37:44.326: New node: IPv6: ff02::1. Number of nodes 16
EtherApe-INFO: 13:38:33.659: New node: IP: 142.250.201.202. Number of nodes 17
EtherApe-INFO: 13:38:47.554: delete node: IP: 142.251.39.10. Number of nodes 16
EtherApe-INFO: 13:39:10.192: delete node: IP: 1.1.1.1. Number of nodes 15
EtherApe-INFO: 13:39:10.707: delete node: IP: 224.0.0.251. Number of nodes 14
EtherApe-INFO: 13:39:45.518: delete node: IPv6: ff02::1. Number of nodes 13
EtherApe-INFO: 13:39:45.518: delete node: IPv6: fe80::86d8:1bff:fe8a:3173. Number of nodes 12
EtherApe-INFO: 13:40:51.048: New node: IP: 95.216.195.133. Number of nodes 13
EtherApe-INFO: 13:41:38.252: delete node: IP: 142.250.201.202. Number of nodes 12
EtherApe-INFO: 13:42:52.982: delete node: IP: 95.216.195.133. Number of nodes 11
EtherApe-INFO: 13:43:01.444: New node: IP: 149.154.167.151. Number of nodes 12
EtherApe-INFO: 13:43:06.248: New node: IPv6: fe80::86d8:1bff:fe8a:3173. Number of nodes 13
EtherApe-INFO: 13:43:06.248: New node: IPv6: ff02::1. Number of nodes 14
EtherApe-INFO: 13:43:17.182: delete node: IP: 142.251.39.74. Number of nodes 13
EtherApe-INFO: 13:43:39.049: New node: IP: 142.250.201.202. Number of nodes 14
EtherApe-INFO: 13:44:09.545: delete node: IP: 142.250.180.195. Number of nodes 13
EtherApe-INFO: 13:44:49.803: delete node: IP: 142.250.201.205. Number of nodes 12
EtherApe-INFO: 13:45:01.448: New node: IP: 142.251.39.74. Number of nodes 13
EtherApe-INFO: 13:45:06.525: delete node: IPv6: ff02::1. Number of nodes 12
EtherApe-INFO: 13:45:06.525: delete node: IPv6: fe80::86d8:1bff:fe8a:3173. Number of nodes 11
EtherApe-INFO: 13:45:16.942: delete node: IP: 149.154.167.151. Number of nodes 10
EtherApe-INFO: 13:45:18.248: New node: IP: 149.154.175.57. Number of nodes 11
EtherApe-INFO: 13:45:18.248: New node: IP: 149.154.175.54. Number of nodes 12
EtherApe-INFO: 13:45:18.248: New node: IP: 149.154.167.151. Number of nodes 13
EtherApe-INFO: 13:45:18.249: New node: IP: 149.154.167.50. Number of nodes 14
EtherApe-INFO: 13:45:46.808: delete node: IP: 142.250.201.202. Number of nodes 13
EtherApe-INFO: 13:45:51.045: New node: IP: 95.216.195.133. Number of nodes 14
EtherApe-INFO: 13:47:19.508: delete node: IP: 149.154.175.54. Number of nodes 13
EtherApe-INFO: 13:47:34.187: delete node: IP: 149.154.167.151. Number of nodes 12
EtherApe-INFO: 13:47:37.618: delete node: IP: 149.154.175.57. Number of nodes 11
EtherApe-INFO: 13:47:51.457: delete node: IP: 95.216.195.133. Number of nodes 10
EtherApe-INFO: 13:49:48.248: New node: IP: 149.154.167.92. Number of nodes 11
EtherApe-INFO: 13:49:53.643: delete node: IP: 142.251.39.74. Number of nodes 10
EtherApe-INFO: 13:50:51.178: New node: IP: 95.216.195.133. Number of nodes 11
EtherApe-INFO: 13:51:08.512: New node: IPv6: fe80::86d8:1bff:fe8a:3173. Number of nodes 12
EtherApe-INFO: 13:51:08.512: New node: IPv6: ff02::1. Number of nodes 13
EtherApe-INFO: 13:52:04.559: delete node: IP: 149.154.167.92. Number of nodes 12
EtherApe-INFO: 13:52:51.494: delete node: IP: 95.216.195.133. Number of nodes 11
EtherApe-INFO: 13:53:08.555: delete node: IPv6: ff02::1. Number of nodes 10
EtherApe-INFO: 13:53:08.555: delete node: IPv6: fe80::86d8:1bff:fe8a:3173. Number of nodes 9
EtherApe-INFO: 13:55:07.712: New node: IP: 172.217.20.13. Number of nodes 10
EtherApe-INFO: 13:55:51.178: New node: IP: 95.216.195.133. Number of nodes 11
EtherApe-INFO: 13:57:08.050: delete node: IP: 172.217.20.13. Number of nodes 10
EtherApe-INFO: 13:57:51.471: delete node: IP: 95.216.195.133. Number of nodes 9
EtherApe-INFO: 13:58:42.378: New node: IPv6: fe80::86d8:1bff:fe8a:3173. Number of nodes 10
EtherApe-INFO: 13:58:42.378: New node: IPv6: ff02::1. Number of nodes 11
EtherApe-INFO: 13:59:07.978: New node: IP: 172.217.20.13. Number of nodes 12
EtherApe-INFO: 14:00:43.462: delete node: IPv6: ff02::1. Number of nodes 11
EtherApe-INFO: 14:00:43.462: delete node: IPv6: fe80::86d8:1bff:fe8a:3173. Number of nodes 10
EtherApe-INFO: 14:00:51.178: New node: IP: 95.216.195.133. Number of nodes 11
EtherApe-INFO: 14:01:08.253: delete node: IP: 172.217.20.13. Number of nodes 10
EtherApe-INFO: 14:02:52.583: delete node: IP: 95.216.195.133. Number of nodes 9
EtherApe-INFO: 14:03:03.978: New node: IP: 149.154.167.151. Number of nodes 10
EtherApe-INFO: 14:05:19.518: delete node: IP: 149.154.167.151. Number of nodes 9
EtherApe-INFO: 14:05:51.178: New node: IP: 95.216.195.133. Number of nodes 10
EtherApe-INFO: 14:07:05.311: New node: IP: 142.250.180.195. Number of nodes 11
EtherApe-INFO: 14:07:52.003: delete node: IP: 95.216.195.133. Number of nodes 10
EtherApe-INFO: 14:08:02.911: New node: IPv6: fe80::86d8:1bff:fe8a:3173. Number of nodes 11
EtherApe-INFO: 14:08:02.911: New node: IPv6: ff02::1. Number of nodes 12
EtherApe-INFO: 14:08:43.444: New node: IP: 142.251.39.74. Number of nodes 13
EtherApe-INFO: 14:08:53.311: New node: IP: 1.1.1.1. Number of nodes 14
EtherApe-INFO: 14:08:53.311: New node: IP: 142.250.180.228. Number of nodes 15
EtherApe-INFO: 14:10:03.226: delete node: IPv6: ff02::1. Number of nodes 14
EtherApe-INFO: 14:10:03.226: delete node: IPv6: fe80::86d8:1bff:fe8a:3173. Number of nodes 13
EtherApe-INFO: 14:10:08.323: delete node: IP: 142.250.180.195. Number of nodes 12
EtherApe-INFO: 14:10:43.765: delete node: IP: 142.251.39.74. Number of nodes 11
EtherApe-INFO: 14:10:51.178: New node: IP: 95.216.195.133. Number of nodes 12
EtherApe-INFO: 14:10:54.679: delete node: IP: 142.250.180.228. Number of nodes 11
EtherApe-INFO: 14:10:54.679: delete node: IP: 1.1.1.1. Number of nodes 10
EtherApe-INFO: 14:12:19.178: New node: IP: 142.251.39.46. Number of nodes 11
EtherApe-INFO: 14:12:51.502: delete node: IP: 95.216.195.133. Number of nodes 10
EtherApe-INFO: 14:14:19.502: delete node: IP: 142.251.39.46. Number of nodes 9
EtherApe-INFO: 14:14:34.111: New node: IPv6: fe80::86d8:1bff:fe8a:3173. Number of nodes 10
EtherApe-INFO: 14:14:34.111: New node: IPv6: ff02::1. Number of nodes 11
EtherApe-INFO: 14:14:59.711: New node: IP: 142.251.39.46. Number of nodes 12
EtherApe-INFO: 14:15:51.178: New node: IP: 95.216.195.133. Number of nodes 13
EtherApe-INFO: 14:16:35.517: delete node: IPv6: ff02::1. Number of nodes 12
EtherApe-INFO: 14:16:35.517: delete node: IPv6: fe80::86d8:1bff:fe8a:3173. Number of nodes 11
EtherApe-INFO: 14:16:51.178: New node: IP: 142.251.39.74. Number of nodes 12
EtherApe-INFO: 14:17:00.069: delete node: IP: 142.251.39.46. Number of nodes 11
EtherApe-INFO: 14:17:12.512: New node: IP: 149.154.167.151. Number of nodes 12
EtherApe-INFO: 14:17:39.978: New node: IP: 172.217.19.100. Number of nodes 13
EtherApe-INFO: 14:17:52.544: delete node: IP: 95.216.195.133. Number of nodes 12
EtherApe-INFO: 14:18:51.545: delete node: IP: 142.251.39.74. Number of nodes 11
EtherApe-INFO: 14:19:17.311: New node: IP: 1.1.1.1. Number of nodes 12
EtherApe-INFO: 14:19:17.578: New node: IP: 202.158.214.106. Number of nodes 13
EtherApe-INFO: 14:19:27.720: delete node: IP: 149.154.167.151. Number of nodes 12
EtherApe-INFO: 14:19:44.832: New node: IP: 149.154.167.151. Number of nodes 13
EtherApe-INFO: 14:20:29.151: New node: IP: 95.216.144.15. Number of nodes 14
EtherApe-INFO: 14:20:34.751: New node: IP: 149.154.165.111. Number of nodes 15
EtherApe-INFO: 14:20:51.019: New node: IP: 95.216.195.133. Number of nodes 16
EtherApe-INFO: 14:21:19.046: delete node: IP: 1.1.1.1. Number of nodes 15
EtherApe-INFO: 14:22:00.351: New node: IP: 204.68.111.105. Number of nodes 16
EtherApe-INFO: 14:22:00.884: New node: IP: 79.142.76.130. Number of nodes 17
EtherApe-INFO: 14:22:29.705: delete node: IP: 202.158.214.106. Number of nodes 16
EtherApe-INFO: 14:22:51.373: delete node: IP: 95.216.195.133. Number of nodes 15
EtherApe-INFO: 14:22:54.289: delete node: IP: 149.154.167.151. Number of nodes 14
EtherApe-INFO: 14:22:54.289: delete node: IP: 149.154.165.111. Number of nodes 13
EtherApe-INFO: 14:23:01.151: New node: IP: 202.158.214.106. Number of nodes 14
EtherApe-INFO: 14:23:01.418: New node: IPv6: fe80::86d8:1bff:fe8a:3173. Number of nodes 15
EtherApe-INFO: 14:23:01.418: New node: IPv6: ff02::1. Number of nodes 16
EtherApe-INFO: 14:24:01.487: delete node: IP: 79.142.76.130. Number of nodes 15
EtherApe-INFO: 14:24:01.697: delete node: IP: 204.68.111.105. Number of nodes 14
EtherApe-INFO: 14:24:13.785: delete node: IP: 95.216.144.15. Number of nodes 13
EtherApe-INFO: 14:24:22.018: delete node: IP: 172.217.19.100. Number of nodes 12
EtherApe-INFO: 14:24:31.821: New node: IP: 172.217.19.100. Number of nodes 13
EtherApe-INFO: 14:25:01.473: delete node: IPv6: ff02::1. Number of nodes 12
EtherApe-INFO: 14:25:01.473: delete node: IPv6: fe80::86d8:1bff:fe8a:3173. Number of nodes 11
EtherApe-INFO: 14:25:05.227: delete node: IP: 202.158.214.106. Number of nodes 10
EtherApe-INFO: 14:25:51.018: New node: IP: 95.216.195.133. Number of nodes 11
EtherApe-INFO: 14:26:31.890: delete node: IP: 172.217.19.100. Number of nodes 10
EtherApe-INFO: 14:27:07.021: New node: IP: 1.1.1.1. Number of nodes 11
EtherApe-INFO: 14:27:07.021: New node: IP: 172.217.19.100. Number of nodes 12
EtherApe-INFO: 14:27:51.644: delete node: IP: 95.216.195.133. Number of nodes 11
EtherApe-INFO: 14:28:27.825: New node: IP: 142.250.201.202. Number of nodes 12
EtherApe-INFO: 14:28:32.351: New node: IP: 142.251.39.46. Number of nodes 13
EtherApe-INFO: 14:29:07.302: delete node: IP: 172.217.19.100. Number of nodes 12
EtherApe-INFO: 14:30:47.873: delete node: IP: 1.1.1.1. Number of nodes 11
EtherApe-INFO: 14:30:50.792: delete node: IP: 142.250.201.202. Number of nodes 10
EtherApe-INFO: 14:30:51.018: New node: IP: 95.216.195.133. Number of nodes 11
EtherApe-INFO: 14:30:59.018: New node: IP: 140.82.121.4. Number of nodes 12
EtherApe-INFO: 14:31:12.618: New node: IP: 149.154.167.151. Number of nodes 13
EtherApe-INFO: 14:32:03.654: delete node: IP: 142.251.39.46. Number of nodes 12
EtherApe-INFO: 14:32:41.152: New node: IP: 202.158.214.106. Number of nodes 13
EtherApe-INFO: 14:32:45.955: New node: IP: 95.216.144.15. Number of nodes 14
EtherApe-INFO: 14:32:52.939: delete node: IP: 95.216.195.133. Number of nodes 13
EtherApe-INFO: 14:32:59.554: New node: IPv6: fe80::86d8:1bff:fe8a:3173. Number of nodes 14
EtherApe-INFO: 14:32:59.554: New node: IPv6: ff02::1. Number of nodes 15
EtherApe-INFO: 14:33:00.144: delete node: IP: 140.82.121.4. Number of nodes 14
EtherApe-INFO: 14:33:02.218: New node: IP: 152.199.19.161. Number of nodes 15
EtherApe-INFO: 14:34:59.572: delete node: IPv6: ff02::1. Number of nodes 14
EtherApe-INFO: 14:34:59.572: delete node: IPv6: fe80::86d8:1bff:fe8a:3173. Number of nodes 13
EtherApe-INFO: 14:35:00.094: delete node: IP: 202.158.214.106. Number of nodes 12
EtherApe-INFO: 14:35:51.018: New node: IP: 95.216.195.133. Number of nodes 13
EtherApe-INFO: 14:35:53.429: delete node: IP: 95.216.144.15. Number of nodes 12
EtherApe-INFO: 14:36:19.818: New node: IPv6: fe80::86d8:1bff:fe8a:3173. Number of nodes 13
EtherApe-INFO: 14:36:19.818: New node: IPv6: ff02::1. Number of nodes 14
EtherApe-INFO: 14:36:40.351: New node: IP: 1.1.1.1. Number of nodes 15
EtherApe-INFO: 14:37:05.417: New node: IP: 142.250.180.195. Number of nodes 16
EtherApe-INFO: 14:37:21.727: delete node: IP: 149.154.167.151. Number of nodes 15
EtherApe-INFO: 14:37:26.751: New node: IP: 172.217.20.10. Number of nodes 16
EtherApe-INFO: 14:37:29.730: delete node: IP: 152.199.19.161. Number of nodes 15
EtherApe-INFO: 14:37:54.579: delete node: IP: 95.216.195.133. Number of nodes 14
EtherApe-INFO: 14:38:09.154: New node: IP: 149.154.167.151. Number of nodes 15
EtherApe-INFO: 14:38:20.618: New node: IP: 142.251.39.74. Number of nodes 16
EtherApe-INFO: 14:38:20.663: delete node: IPv6: ff02::1. Number of nodes 15
EtherApe-INFO: 14:38:20.664: delete node: IPv6: fe80::86d8:1bff:fe8a:3173. Number of nodes 14
EtherApe-INFO: 14:38:30.751: New node: IP: 142.250.180.206. Number of nodes 15
EtherApe-INFO: 14:39:08.680: delete node: IP: 172.217.19.106. Number of nodes 14
EtherApe-INFO: 14:40:11.583: delete node: IP: 142.250.180.195. Number of nodes 13
EtherApe-INFO: 14:40:13.684: New node: IPv6: fe80::86d8:1bff:fe8a:3173. Number of nodes 14
EtherApe-INFO: 14:40:13.684: New node: IPv6: ff02::1. Number of nodes 15
EtherApe-INFO: 14:40:14.484: New node: IP: 95.216.144.15. Number of nodes 16
EtherApe-INFO: 14:40:18.218: New node: IP: 152.199.19.161. Number of nodes 17
EtherApe-INFO: 14:40:20.680: delete node: IP: 142.251.39.74. Number of nodes 16
EtherApe-INFO: 14:40:24.661: delete node: IP: 149.154.167.151. Number of nodes 15
EtherApe-INFO: 14:40:30.850: delete node: IP: 1.1.1.1. Number of nodes 14
EtherApe-INFO: 14:40:31.060: delete node: IP: 142.250.180.206. Number of nodes 13
EtherApe-INFO: 14:40:51.023: New node: IP: 95.216.195.133. Number of nodes 14
EtherApe-INFO: 14:42:13.696: delete node: IPv6: ff02::1. Number of nodes 13
EtherApe-INFO: 14:42:13.696: delete node: IPv6: fe80::86d8:1bff:fe8a:3173. Number of nodes 12
EtherApe-INFO: 14:42:51.623: delete node: IP: 95.216.195.133. Number of nodes 11
EtherApe-INFO: 14:43:20.092: delete node: IP: 95.216.144.15. Number of nodes 10
EtherApe-INFO: 14:43:32.352: New node: IP: 1.1.1.1. Number of nodes 11
EtherApe-INFO: 14:44:31.024: delete node: IP: 152.199.19.161. Number of nodes 10
EtherApe-INFO: 14:44:49.951: New node: IP: 149.154.167.151. Number of nodes 11
EtherApe-INFO: 14:45:22.485: New node: IP: 202.158.214.106. Number of nodes 12
EtherApe-INFO: 14:45:32.414: delete node: IP: 1.1.1.1. Number of nodes 11
EtherApe-INFO: 14:45:32.629: New node: IP: 1.1.1.1. Number of nodes 12
EtherApe-INFO: 14:45:51.018: New node: IP: 95.216.195.133. Number of nodes 13
EtherApe-INFO: 14:47:05.238: delete node: IP: 149.154.167.151. Number of nodes 12
EtherApe-INFO: 14:47:32.668: delete node: IP: 1.1.1.1. Number of nodes 11
EtherApe-INFO: 14:47:37.470: delete node: IP: 202.158.214.106. Number of nodes 10
EtherApe-INFO: 14:47:51.637: delete node: IP: 95.216.195.133. Number of nodes 9
EtherApe-INFO: 14:48:58.751: New node: IPv6: fe80::86d8:1bff:fe8a:3173. Number of nodes 10
EtherApe-INFO: 14:48:58.751: New node: IPv6: ff02::1. Number of nodes 11
EtherApe-INFO: 14:49:12.352: New node: IP: 185.199.108.133. Number of nodes 12
EtherApe-INFO: 14:50:51.018: New node: IP: 95.216.195.133. Number of nodes 13
EtherApe-INFO: 14:50:59.346: delete node: IPv6: ff02::1. Number of nodes 12
EtherApe-INFO: 14:50:59.346: delete node: IPv6: fe80::86d8:1bff:fe8a:3173. Number of nodes 11
EtherApe-INFO: 14:51:47.644: delete node: IP: 185.199.108.133. Number of nodes 10
EtherApe-INFO: 14:52:19.818: New node: IP: 172.217.19.100. Number of nodes 11
EtherApe-INFO: 14:52:52.185: delete node: IP: 95.216.195.133. Number of nodes 10
EtherApe-INFO: 14:54:20.118: delete node: IP: 172.217.19.100. Number of nodes 9
EtherApe-INFO: 14:55:15.284: New node: IPv6: fe80::86d8:1bff:fe8a:3173. Number of nodes 10
EtherApe-INFO: 14:55:15.285: New node: IPv6: ff02::1. Number of nodes 11
EtherApe-INFO: 14:55:24.618: New node: IP: 172.217.20.13. Number of nodes 12
EtherApe-INFO: 14:55:48.884: New node: IP: 142.251.39.74. Number of nodes 13
EtherApe-INFO: 14:55:51.018: New node: IP: 95.216.195.133. Number of nodes 14
EtherApe-INFO: 14:57:15.563: delete node: IPv6: ff02::1. Number of nodes 13
EtherApe-INFO: 14:57:15.563: delete node: IPv6: fe80::86d8:1bff:fe8a:3173. Number of nodes 12
EtherApe-INFO: 14:57:51.603: delete node: IP: 95.216.195.133. Number of nodes 11
EtherApe-INFO: 14:58:22.495: delete node: IP: 172.217.20.13. Number of nodes 10
EtherApe-INFO: 14:59:07.284: New node: IP: 1.1.1.1. Number of nodes 11
EtherApe-INFO: 14:59:07.284: New node: IP: 142.250.201.206. Number of nodes 12
EtherApe-INFO: 14:59:08.403: delete node: IP: 142.251.39.74. Number of nodes 11
EtherApe-INFO: 14:59:24.884: New node: IP: 172.217.20.13. Number of nodes 12
EtherApe-INFO: 15:00:20.884: New node: IP: 149.154.167.151. Number of nodes 13
EtherApe-INFO: 15:00:51.018: New node: IP: 95.216.195.133. Number of nodes 14
EtherApe-INFO: 15:00:53.151: New node: IP: 172.217.19.100. Number of nodes 15
EtherApe-INFO: 15:01:07.627: delete node: IP: 142.250.201.206. Number of nodes 14
EtherApe-INFO: 15:01:07.627: delete node: IP: 1.1.1.1. Number of nodes 13
EtherApe-INFO: 15:01:26.220: delete node: IP: 172.217.20.13. Number of nodes 12
EtherApe-INFO: 15:01:38.218: New node: IP: 1.1.1.1. Number of nodes 13
EtherApe-INFO: 15:01:38.218: New node: IP: 142.250.180.228. Number of nodes 14
EtherApe-INFO: 15:02:48.621: delete node: IP: 149.154.167.151. Number of nodes 13
EtherApe-INFO: 15:02:51.637: delete node: IP: 95.216.195.133. Number of nodes 12
EtherApe-INFO: 15:03:39.067: delete node: IP: 142.250.180.228. Number of nodes 11
EtherApe-INFO: 15:03:39.067: delete node: IP: 1.1.1.1. Number of nodes 10
EtherApe-INFO: 15:04:25.684: New node: IPv6: fe80::86d8:1bff:fe8a:3173. Number of nodes 11
EtherApe-INFO: 15:04:25.684: New node: IPv6: ff02::1. Number of nodes 12
EtherApe-INFO: 15:05:51.018: New node: IP: 95.216.195.133. Number of nodes 13
EtherApe-INFO: 15:06:26.036: delete node: IPv6: ff02::1. Number of nodes 12
EtherApe-INFO: 15:06:26.037: delete node: IPv6: fe80::86d8:1bff:fe8a:3173. Number of nodes 11
EtherApe-INFO: 15:06:44.138: delete node: IP: 172.217.19.100. Number of nodes 10
EtherApe-INFO: 15:06:53.951: New node: IP: 142.251.39.46. Number of nodes 11
EtherApe-INFO: 15:07:05.417: New node: IP: 142.250.180.195. Number of nodes 12
EtherApe-INFO: 15:07:51.289: delete node: IP: 95.216.195.133. Number of nodes 11
EtherApe-INFO: 15:08:08.621: New node: IP: 142.251.39.74. Number of nodes 12
EtherApe-INFO: 15:10:11.323: delete node: IP: 142.251.39.74. Number of nodes 11
EtherApe-INFO: 15:10:11.323: delete node: IP: 142.250.180.195. Number of nodes 10
EtherApe-INFO: 15:10:24.440: delete node: IP: 142.251.39.46. Number of nodes 9
EtherApe-INFO: 15:10:51.017: New node: IP: 95.216.195.133. Number of nodes 10
EtherApe-INFO: 15:11:24.618: New node: IP: 172.217.19.100. Number of nodes 11
EtherApe-INFO: 15:11:51.551: New node: IPv6: fe80::86d8:1bff:fe8a:3173. Number of nodes 12
EtherApe-INFO: 15:11:51.551: New node: IPv6: ff02::1. Number of nodes 13
EtherApe-INFO: 15:12:51.860: delete node: IP: 95.216.195.133. Number of nodes 12
EtherApe-INFO: 15:13:51.855: delete node: IPv6: ff02::1. Number of nodes 11
EtherApe-INFO: 15:13:51.855: delete node: IPv6: fe80::86d8:1bff:fe8a:3173. Number of nodes 10
EtherApe-INFO: 15:15:51.284: New node: IP: 95.216.195.133. Number of nodes 11
EtherApe-INFO: 15:16:15.842: delete node: IP: 172.217.19.100. Number of nodes 10
EtherApe-INFO: 15:17:12.884: New node: IP: 149.154.167.151. Number of nodes 11
EtherApe-INFO: 15:17:51.556: delete node: IP: 95.216.195.133. Number of nodes 10
EtherApe-INFO: 15:19:29.206: delete node: IP: 149.154.167.151. Number of nodes 9
EtherApe-INFO: 15:20:37.417: New node: IPv6: fe80::86d8:1bff:fe8a:3173. Number of nodes 10
EtherApe-INFO: 15:20:37.419: New node: IPv6: ff02::1. Number of nodes 11
