(etherape:3824): GLib-GIO-DEBUG: 11:06:37.776: _g_io_module_get_default: Found default implementation local (GLocalVfs) for ‘gio-vfs’
EtherApe-INFO: 11:06:37.937: sctp protocol not supported
EtherApe-INFO: 11:06:37.938: dccp protocol not supported
EtherApe-INFO: 11:06:37.938: sctp protocol not supported
EtherApe-INFO: 11:06:37.938: sctp protocol not supported
EtherApe-INFO: 11:06:37.938: sctp protocol not supported
EtherApe-INFO: 11:06:37.938: sctp protocol not supported
EtherApe-INFO: 11:06:37.938: sctp protocol not supported
EtherApe-INFO: 11:06:37.938: sctp protocol not supported
EtherApe-INFO: 11:06:37.939: sctp protocol not supported
EtherApe-INFO: 11:06:37.939: dccp protocol not supported
EtherApe-INFO: 11:06:37.939: sctp protocol not supported
EtherApe-INFO: 11:06:37.939: dccp protocol not supported
EtherApe-INFO: 11:06:37.940: dccp protocol not supported
EtherApe-INFO: 11:06:37.940: sctp protocol not supported
EtherApe-INFO: 11:06:37.942: sctp protocol not supported
EtherApe-INFO: 11:06:37.942: sctp protocol not supported
EtherApe-INFO: 11:06:37.943: sctp protocol not supported
EtherApe-INFO: 11:06:37.944: sctp protocol not supported
EtherApe-INFO: 11:06:37.946: sctp protocol not supported
EtherApe-INFO: 11:06:37.946: sctp protocol not supported
EtherApe-INFO: 11:06:37.946: sctp protocol not supported
EtherApe-INFO: 11:06:37.946: sctp protocol not supported
EtherApe-INFO: 11:06:37.946: sctp protocol not supported
EtherApe-INFO: 11:06:37.947: sctp protocol not supported
EtherApe-INFO: 11:06:37.948: sctp protocol not supported
EtherApe-INFO: 11:06:37.948: sctp protocol not supported
EtherApe-INFO: 11:06:37.948: sctp protocol not supported
EtherApe-INFO: 11:06:37.948: sctp protocol not supported
EtherApe-INFO: 11:06:37.949: dccp protocol not supported
EtherApe-INFO: 11:06:37.949: sctp protocol not supported
EtherApe-INFO: 11:06:37.949: sctp protocol not supported
EtherApe-INFO: 11:06:37.949: dccp protocol not supported
EtherApe-INFO: 11:06:37.949: sctp protocol not supported
EtherApe-INFO: 11:06:37.949: sctp protocol not supported
EtherApe-INFO: 11:06:37.949: sctp protocol not supported
EtherApe-INFO: 11:06:37.949: dccp protocol not supported
EtherApe-INFO: 11:06:37.949: dccp protocol not supported
EtherApe-INFO: 11:06:37.949: sctp protocol not supported
EtherApe-INFO: 11:06:37.949: sctp protocol not supported
EtherApe-INFO: 11:06:37.949: sctp protocol not supported
EtherApe-INFO: 11:06:37.950: sctp protocol not supported
EtherApe-INFO: 11:06:37.950: sctp protocol not supported
EtherApe-INFO: 11:06:37.950: sctp protocol not supported
EtherApe-INFO: 11:06:37.950: sctp protocol not supported
EtherApe-INFO: 11:06:37.950: sctp protocol not supported
EtherApe-INFO: 11:06:37.950: sctp protocol not supported
EtherApe-INFO: 11:06:37.950: sctp protocol not supported
EtherApe-INFO: 11:06:37.950: sctp protocol not supported
EtherApe-INFO: 11:06:37.950: sctp protocol not supported
EtherApe-INFO: 11:06:37.950: sctp protocol not supported
EtherApe-INFO: 11:06:37.951: dccp protocol not supported
EtherApe-INFO: 11:06:37.951: sctp protocol not supported
EtherApe-INFO: 11:06:37.951: sctp protocol not supported
EtherApe-INFO: 11:06:37.951: sctp protocol not supported
EtherApe-INFO: 11:06:37.951: sctp protocol not supported
EtherApe-INFO: 11:06:37.951: sctp protocol not supported
EtherApe-INFO: 11:06:37.951: sctp protocol not supported
EtherApe-INFO: 11:06:37.951: sctp protocol not supported
EtherApe-INFO: 11:06:37.952: sctp protocol not supported
EtherApe-INFO: 11:06:37.952: sctp protocol not supported
EtherApe-INFO: 11:06:37.952: sctp protocol not supported
EtherApe-INFO: 11:06:37.952: sctp protocol not supported
EtherApe-INFO: 11:06:37.952: sctp protocol not supported
EtherApe-INFO: 11:06:37.952: sctp protocol not supported
EtherApe-INFO: 11:06:37.952: sctp protocol not supported
EtherApe-INFO: 11:06:37.952: sctp protocol not supported
EtherApe-INFO: 11:06:37.952: sctp protocol not supported
EtherApe-INFO: 11:06:37.952: sctp protocol not supported
EtherApe-INFO: 11:06:37.953: sctp protocol not supported
EtherApe-INFO: 11:06:37.953: sctp protocol not supported
EtherApe-INFO: 11:06:37.953: sctp protocol not supported
EtherApe-INFO: 11:06:37.953: sctp protocol not supported
EtherApe-INFO: 11:06:37.953: sctp protocol not supported
EtherApe-INFO: 11:06:37.953: sctp protocol not supported
EtherApe-INFO: 11:06:37.953: sctp protocol not supported
EtherApe-INFO: 11:06:37.953: sctp protocol not supported
EtherApe-INFO: 11:06:37.953: sctp protocol not supported
EtherApe-INFO: 11:06:37.953: sctp protocol not supported
EtherApe-INFO: 11:06:37.953: sctp protocol not supported
EtherApe-INFO: 11:06:37.953: sctp protocol not supported
EtherApe-INFO: 11:06:37.953: sctp protocol not supported
EtherApe-INFO: 11:06:37.953: sctp protocol not supported
EtherApe-INFO: 11:06:37.953: sctp protocol not supported
EtherApe-INFO: 11:06:37.953: sctp protocol not supported
EtherApe-INFO: 11:06:37.953: sctp protocol not supported
EtherApe-INFO: 11:06:37.954: sctp protocol not supported
EtherApe-INFO: 11:06:37.954: sctp protocol not supported
EtherApe-INFO: 11:06:38.003: get_interface result: ''
EtherApe-INFO: 11:06:38.004: Available interfaces for capture: dbus-session dbus-system nfqueue nflog bluetooth-monitor lo any wlp1s0
EtherApe-INFO: 11:06:38.050: Link type is LINUX_SLL
EtherApe-INFO: 11:06:38.051: Diagram started
EtherApe-INFO: 11:06:41.470: New node: IP: 192.168.2.158. Number of nodes 1
EtherApe-INFO: 11:06:41.470: New node: IP: 162.159.200.123. Number of nodes 2
EtherApe-INFO: 11:06:41.736: New node: IP: 8.8.8.8. Number of nodes 3
EtherApe-INFO: 11:06:42.536: New node: IP: 149.154.167.50. Number of nodes 4
EtherApe-INFO: 11:06:46.003: New node: IP: 142.250.203.202. Number of nodes 5
EtherApe-INFO: 11:06:47.337: New node: IP: 149.154.167.51. Number of nodes 6
EtherApe-INFO: 11:06:47.604: New node: IP: 172.217.16.14. Number of nodes 7
EtherApe-INFO: 11:06:48.939: New node: IP: 216.58.215.100. Number of nodes 8
EtherApe-INFO: 11:06:48.941: New node: IP: 216.58.209.10. Number of nodes 9
EtherApe-INFO: 11:06:49.203: New node: IP: 172.217.20.170. Number of nodes 10
EtherApe-INFO: 11:06:56.937: New node: IP: 216.58.215.110. Number of nodes 11
EtherApe-INFO: 11:06:59.873: New node: IP: 172.217.20.195. Number of nodes 12
EtherApe-INFO: 11:06:59.876: New node: IP: 239.255.255.250. Number of nodes 13
EtherApe-INFO: 11:07:00.408: New node: IP: 172.217.16.46. Number of nodes 14
EtherApe-INFO: 11:07:00.408: New node: IP: 142.250.186.205. Number of nodes 15
EtherApe-INFO: 11:07:00.409: New node: IP: 104.17.50.74. Number of nodes 16
EtherApe-INFO: 11:07:00.409: New node: IP: 142.250.203.142. Number of nodes 17
EtherApe-INFO: 11:07:02.537: New node: IP: 216.58.209.1. Number of nodes 18
EtherApe-INFO: 11:07:03.070: New node: IP: 224.0.0.251. Number of nodes 19
EtherApe-INFO: 11:07:03.070: New node: IP: 224.0.0.22. Number of nodes 20
EtherApe-INFO: 11:07:03.072: New node: IP: 64.233.161.188. Number of nodes 21
EtherApe-INFO: 11:07:03.344: New node: IP: 216.58.209.14. Number of nodes 22
EtherApe-INFO: 11:07:04.139: New node: IP: 104.18.23.9. Number of nodes 23
EtherApe-INFO: 11:07:05.739: New node: IP: 172.217.16.42. Number of nodes 24
EtherApe-INFO: 11:07:06.004: New node: IP: 52.84.198.117. Number of nodes 25
EtherApe-INFO: 11:07:06.275: New node: IP: 104.94.27.172. Number of nodes 26
EtherApe-INFO: 11:07:07.074: New node: IP: 54.161.40.243. Number of nodes 27
EtherApe-INFO: 11:07:07.076: New node: IP: 216.58.208.196. Number of nodes 28
EtherApe-INFO: 11:07:11.870: New node: IP: 52.84.198.88. Number of nodes 29
EtherApe-INFO: 11:07:12.689: New node: IP: 178.79.242.13. Number of nodes 30
EtherApe-INFO: 11:07:12.693: New node: IP: 52.84.198.4. Number of nodes 31
EtherApe-INFO: 11:07:12.699: New node: IP: 13.49.176.229. Number of nodes 32
EtherApe-INFO: 11:07:13.218: New node: IP: 216.58.215.74. Number of nodes 33
EtherApe-INFO: 11:07:25.215: New node: IP: 192.168.1.126. Number of nodes 34
EtherApe-INFO: 11:07:25.225: New node: IP: 216.58.215.78. Number of nodes 35
EtherApe-INFO: 11:07:26.807: New node: IP: 54.214.35.104. Number of nodes 36
EtherApe-INFO: 11:07:26.815: New node: IP: 142.250.203.195. Number of nodes 37
EtherApe-INFO: 11:07:27.650: New node: IP: 216.58.215.67. Number of nodes 38
EtherApe-INFO: 11:07:29.003: New node: IP: 142.250.186.202. Number of nodes 39
EtherApe-INFO: 11:07:31.614: New node: IP: 216.58.208.206. Number of nodes 40
EtherApe-INFO: 11:07:37.759: New node: IP: 104.18.13.33. Number of nodes 41
EtherApe-INFO: 11:08:00.148: New node: IP: 34.104.35.123. Number of nodes 42
EtherApe-INFO: 11:08:04.422: New node: IP: 216.58.215.99. Number of nodes 43
EtherApe-INFO: 11:08:04.704: New node: IP: 104.18.12.33. Number of nodes 44
EtherApe-INFO: 11:08:12.165: New node: IP: 142.250.186.206. Number of nodes 45
EtherApe-INFO: 11:08:12.175: New node: IP: 172.217.20.163. Number of nodes 46
EtherApe-INFO: 11:08:13.743: New node: IP: 216.58.215.106. Number of nodes 47
EtherApe-INFO: 11:08:17.470: New node: IP: 172.217.16.37. Number of nodes 48
EtherApe-INFO: 11:08:18.558: New node: IP: 185.199.108.154. Number of nodes 49
EtherApe-INFO: 11:08:18.559: New node: IP: 185.199.108.133. Number of nodes 50
EtherApe-INFO: 11:08:19.344: New node: IP: 140.82.121.3. Number of nodes 51
EtherApe-INFO: 11:08:19.354: New node: IP: 140.82.113.21. Number of nodes 52
EtherApe-INFO: 11:08:19.359: New node: IP: 140.82.112.26. Number of nodes 53
EtherApe-INFO: 11:08:19.619: New node: IP: 142.250.203.206. Number of nodes 54
EtherApe-INFO: 11:08:23.910: New node: IP: 216.58.208.202. Number of nodes 55
EtherApe-INFO: 11:08:26.619: New node: IP: 64.233.163.189. Number of nodes 56
EtherApe-INFO: 11:08:27.137: New node: IP: 142.250.203.138. Number of nodes 57
EtherApe-INFO: 11:08:33.739: New node: IP: 34.120.177.193. Number of nodes 58
EtherApe-INFO: 11:08:35.888: New node: IP: 216.58.208.193. Number of nodes 59
EtherApe-INFO: 11:08:37.478: New node: IP: 1.1.1.1. Number of nodes 60
EtherApe-INFO: 11:08:40.137: New node: IP: 172.66.42.236. Number of nodes 61
EtherApe-INFO: 11:08:40.671: New node: IP: 192.0.73.2. Number of nodes 62
EtherApe-INFO: 11:08:41.204: New node: IP: 52.222.230.181. Number of nodes 63
EtherApe-INFO: 11:08:41.206: New node: IP: 50.116.36.110. Number of nodes 64
EtherApe-INFO: 11:08:41.470: New node: IP: 104.16.70.125. Number of nodes 65
EtherApe-INFO: 11:08:42.538: New node: IP: 104.26.2.18. Number of nodes 66
EtherApe-INFO: 11:08:42.538: New node: IP: 35.155.130.111. Number of nodes 67
EtherApe-INFO: 11:08:42.807: New node: IP: 145.40.68.75. Number of nodes 68
EtherApe-INFO: 11:08:43.070: New node: IP: 91.198.174.192. Number of nodes 69
EtherApe-INFO: 11:08:43.342: New node: IP: 172.67.152.125. Number of nodes 70
EtherApe-INFO: 11:08:43.346: New node: IP: 193.201.60.43. Number of nodes 71
EtherApe-INFO: 11:08:43.355: New node: IP: 45.60.85.224. Number of nodes 72
EtherApe-INFO: 11:08:43.358: New node: IP: 52.84.198.59. Number of nodes 73
EtherApe-INFO: 11:08:43.360: New node: IP: 172.104.252.78. Number of nodes 74
EtherApe-INFO: 11:08:43.604: New node: IP: 70.40.220.100. Number of nodes 75
EtherApe-INFO: 11:08:43.616: New node: IP: 104.16.123.175. Number of nodes 76
EtherApe-INFO: 11:08:43.618: New node: IP: 104.16.149.64. Number of nodes 77
EtherApe-INFO: 11:08:43.626: New node: IP: 169.237.212.78. Number of nodes 78
EtherApe-INFO: 11:08:43.881: New node: IP: 91.198.174.208. Number of nodes 79
EtherApe-INFO: 11:08:44.218: New node: IP: 92.122.83.230. Number of nodes 80
EtherApe-INFO: 11:08:44.716: New node: IP: 93.184.220.66. Number of nodes 81
EtherApe-INFO: 11:08:44.729: New node: IP: 104.17.72.206. Number of nodes 82
EtherApe-INFO: 11:08:44.738: New node: IP: 104.20.185.68. Number of nodes 83
EtherApe-INFO: 11:08:44.741: New node: IP: 188.114.96.21. Number of nodes 84
EtherApe-INFO: 11:08:45.266: New node: IP: 151.101.0.176. Number of nodes 85
EtherApe-INFO: 11:08:45.499: New node: IP: 104.244.42.136. Number of nodes 86
EtherApe-INFO: 11:08:45.808: New node: IP: 185.199.111.153. Number of nodes 87
EtherApe-INFO: 11:08:46.272: New node: IP: 34.211.243.235. Number of nodes 88
EtherApe-INFO: 11:08:46.543: New node: IP: 93.184.220.70. Number of nodes 89
EtherApe-INFO: 11:08:46.545: New node: IP: 52.204.241.209. Number of nodes 90
EtherApe-INFO: 11:08:46.942: New node: IP: 151.139.242.10. Number of nodes 91
EtherApe-INFO: 11:08:46.954: New node: IP: 151.101.1.69. Number of nodes 92
EtherApe-INFO: 11:08:46.954: New node: IP: 104.16.86.20. Number of nodes 93
EtherApe-INFO: 11:08:48.736: New node: IP: 104.96.131.246. Number of nodes 94
EtherApe-INFO: 11:08:49.032: delete node: IP: 216.58.209.10. Number of nodes 93
EtherApe-INFO: 11:08:49.236: New node: IP: 52.92.149.8. Number of nodes 94
EtherApe-INFO: 11:08:49.764: New node: IP: 172.217.16.13. Number of nodes 95
EtherApe-INFO: 11:08:50.594: New node: IP: 52.84.198.96. Number of nodes 96
EtherApe-INFO: 11:08:53.500: New node: IP: 54.147.21.139. Number of nodes 97
EtherApe-INFO: 11:08:54.270: New node: IP: 52.84.198.26. Number of nodes 98
EtherApe-INFO: 11:08:54.808: New node: IP: 34.230.238.201. Number of nodes 99
EtherApe-INFO: 11:08:55.604: New node: IP: 54.173.95.250. Number of nodes 100
EtherApe-INFO: 11:08:57.332: delete node: IP: 216.58.215.110. Number of nodes 99
EtherApe-INFO: 11:09:02.824: New node: IP: 142.250.203.131. Number of nodes 100
EtherApe-INFO: 11:09:03.727: delete node: IP: 224.0.0.22. Number of nodes 99
EtherApe-INFO: 11:09:06.034: delete node: IP: 224.0.0.251. Number of nodes 98
EtherApe-INFO: 11:09:06.542: New node: IP: 35.190.80.1. Number of nodes 99
EtherApe-INFO: 11:09:14.297: New node: IP: 172.217.16.17. Number of nodes 100
EtherApe-INFO: 11:09:15.608: New node: IP: 172.217.16.8. Number of nodes 101
EtherApe-INFO: 11:09:16.159: New node: IP: 64.233.162.154. Number of nodes 102
EtherApe-INFO: 11:09:19.609: New node: IP: 142.250.203.197. Number of nodes 103
EtherApe-INFO: 11:09:26.684: delete node: IP: 104.94.27.172. Number of nodes 102
EtherApe-INFO: 11:09:45.812: delete node: IP: 162.159.200.123. Number of nodes 101
EtherApe-INFO: 11:09:52.760: delete node: IP: 54.214.35.104. Number of nodes 100
EtherApe-INFO: 11:09:54.003: New node: IP: 162.159.200.123. Number of nodes 101
EtherApe-INFO: 11:09:55.870: New node: IP: 216.58.209.3. Number of nodes 102
EtherApe-INFO: 11:10:06.272: New node: IP: 216.239.32.116. Number of nodes 103
EtherApe-INFO: 11:10:09.773: New node: IP: 149.154.167.222. Number of nodes 104
EtherApe-INFO: 11:10:13.541: delete node: IP: 54.161.40.243. Number of nodes 103
EtherApe-INFO: 11:10:13.737: New node: IP: 216.58.215.110. Number of nodes 104
EtherApe-INFO: 11:10:14.014: delete node: IP: 216.58.215.106. Number of nodes 103
EtherApe-INFO: 11:10:17.507: delete node: IP: 13.49.176.229. Number of nodes 102
EtherApe-INFO: 11:10:18.832: New node: IP: 172.217.16.10. Number of nodes 103
EtherApe-INFO: 11:10:31.635: New node: IP: 142.251.39.13. Number of nodes 104
EtherApe-INFO: 11:10:44.466: delete node: IP: 216.58.208.206. Number of nodes 103
EtherApe-INFO: 11:10:45.062: delete node: IP: 172.104.252.78. Number of nodes 102
EtherApe-INFO: 11:10:49.063: delete node: IP: 193.201.60.43. Number of nodes 101
EtherApe-INFO: 11:10:50.384: delete node: IP: 70.40.220.100. Number of nodes 100
EtherApe-INFO: 11:10:50.864: delete node: IP: 169.237.212.78. Number of nodes 99
EtherApe-INFO: 11:10:51.951: delete node: IP: 172.217.16.13. Number of nodes 98
EtherApe-INFO: 11:10:52.545: delete node: IP: 45.60.85.224. Number of nodes 97
EtherApe-INFO: 11:10:59.970: delete node: IP: 151.139.242.10. Number of nodes 96
EtherApe-INFO: 11:11:08.171: New node: IP: 95.216.195.133. Number of nodes 97
EtherApe-INFO: 11:11:09.248: New node: IPv6: fe80::9ada:c4ff:febf:99a5. Number of nodes 98
EtherApe-INFO: 11:11:09.248: New node: IPv6: ff02::1. Number of nodes 99
EtherApe-INFO: 11:11:18.620: delete node: IP: 192.0.73.2. Number of nodes 98
EtherApe-INFO: 11:11:20.292: delete node: IP: 52.92.149.8. Number of nodes 97
EtherApe-INFO: 11:11:28.507: delete node: IP: 216.58.209.1. Number of nodes 96
EtherApe-INFO: 11:11:47.703: delete node: IP: 52.204.241.209. Number of nodes 95
EtherApe-INFO: 11:11:47.703: delete node: IP: 34.211.243.235. Number of nodes 94
EtherApe-INFO: 11:11:54.099: delete node: IP: 162.159.200.123. Number of nodes 93
EtherApe-INFO: 11:11:54.769: delete node: IP: 216.58.208.202. Number of nodes 92
EtherApe-INFO: 11:11:54.769: delete node: IP: 216.58.208.193. Number of nodes 91
EtherApe-INFO: 11:11:54.769: delete node: IP: 145.40.68.75. Number of nodes 90
EtherApe-INFO: 11:11:54.769: delete node: IP: 35.155.130.111. Number of nodes 89
EtherApe-INFO: 11:11:54.923: delete node: IP: 178.79.242.13. Number of nodes 88
EtherApe-INFO: 11:11:54.923: delete node: IP: 142.250.203.206. Number of nodes 87
EtherApe-INFO: 11:11:54.923: delete node: IP: 91.198.174.208. Number of nodes 86
EtherApe-INFO: 11:11:54.923: delete node: IP: 50.116.36.110. Number of nodes 85
EtherApe-INFO: 11:11:56.058: delete node: IP: 34.104.35.123. Number of nodes 84
EtherApe-INFO: 11:12:18.160: delete node: IP: 149.154.167.50. Number of nodes 83
EtherApe-INFO: 11:12:31.954: delete node: IP: 142.251.39.13. Number of nodes 82
EtherApe-INFO: 11:12:46.930: delete node: IP: 140.82.121.3. Number of nodes 81
EtherApe-INFO: 11:12:46.930: delete node: IP: 1.1.1.1. Number of nodes 80
EtherApe-INFO: 11:12:47.538: delete node: IP: 140.82.113.21. Number of nodes 79
EtherApe-INFO: 11:13:09.342: delete node: IPv6: ff02::1. Number of nodes 78
EtherApe-INFO: 11:13:09.342: delete node: IPv6: fe80::9ada:c4ff:febf:99a5. Number of nodes 77
EtherApe-INFO: 11:13:09.583: delete node: IP: 95.216.195.133. Number of nodes 76
EtherApe-INFO: 11:13:14.462: delete node: IP: 52.84.198.117. Number of nodes 75
EtherApe-INFO: 11:13:16.486: New node: IP: 140.82.121.4. Number of nodes 76
EtherApe-INFO: 11:13:19.689: New node: IP: 185.199.110.154. Number of nodes 77
EtherApe-INFO: 11:13:19.689: New node: IP: 185.199.109.133. Number of nodes 78
EtherApe-INFO: 11:13:21.024: New node: IP: 216.58.208.206. Number of nodes 79
EtherApe-INFO: 11:13:23.700: New node: IP: 216.58.209.10. Number of nodes 80
EtherApe-INFO: 11:13:23.703: New node: IP: 140.82.114.21. Number of nodes 81
EtherApe-INFO: 11:13:23.952: New node: IP: 140.82.121.6. Number of nodes 82
EtherApe-INFO: 11:13:25.596: delete node: IP: 172.217.16.42. Number of nodes 81
EtherApe-INFO: 11:13:33.643: delete node: IP: 216.58.209.14. Number of nodes 80
EtherApe-INFO: 11:13:45.907: delete node: IP: 91.198.174.192. Number of nodes 79
EtherApe-INFO: 11:13:50.084: New node: IP: 172.217.16.42. Number of nodes 80
EtherApe-INFO: 11:13:54.885: New node: IP: 127.0.0.1. Number of nodes 81
EtherApe-INFO: 11:14:02.186: delete node: IP: 142.250.186.205. Number of nodes 80
EtherApe-INFO: 11:14:10.350: New node: IP: 162.159.200.123. Number of nodes 81
EtherApe-INFO: 11:14:22.430: delete node: IP: 93.184.220.70. Number of nodes 80
EtherApe-INFO: 11:14:32.760: delete node: IP: 93.184.220.66. Number of nodes 79
EtherApe-INFO: 11:14:42.660: delete node: IP: 52.84.198.88. Number of nodes 78
EtherApe-INFO: 11:14:45.328: delete node: IP: 52.84.198.59. Number of nodes 77
EtherApe-INFO: 11:14:45.883: delete node: IP: 52.84.198.4. Number of nodes 76
EtherApe-INFO: 11:14:48.488: delete node: IP: 172.217.20.163. Number of nodes 75
EtherApe-INFO: 11:14:48.488: delete node: IP: 104.96.131.246. Number of nodes 74
EtherApe-INFO: 11:14:51.723: delete node: IP: 52.84.198.96. Number of nodes 73
EtherApe-INFO: 11:14:53.390: delete node: IP: 172.217.20.170. Number of nodes 72
EtherApe-INFO: 11:14:54.423: delete node: IP: 52.84.198.26. Number of nodes 71
EtherApe-INFO: 11:15:01.088: delete node: IP: 172.217.20.195. Number of nodes 70
EtherApe-INFO: 11:15:01.645: delete node: IP: 216.58.215.67. Number of nodes 69
EtherApe-INFO: 11:15:03.419: delete node: IP: 142.250.203.131. Number of nodes 68
EtherApe-INFO: 11:15:07.419: New node: IP: 172.217.20.206. Number of nodes 69
EtherApe-INFO: 11:15:07.732: delete node: IP: 216.58.215.74. Number of nodes 68
EtherApe-INFO: 11:15:08.217: New node: IP: 216.58.208.202. Number of nodes 69
EtherApe-INFO: 11:15:10.617: New node: IP: 64.233.162.189. Number of nodes 70
EtherApe-INFO: 11:15:13.636: delete node: IP: 216.58.215.110. Number of nodes 69
EtherApe-INFO: 11:15:15.788: delete node: IP: 149.154.167.222. Number of nodes 68
EtherApe-INFO: 11:15:16.793: delete node: IP: 172.217.16.8. Number of nodes 67
EtherApe-INFO: 11:15:16.793: delete node: IP: 142.250.203.202. Number of nodes 66
EtherApe-INFO: 11:15:16.793: delete node: IP: 64.233.162.154. Number of nodes 65
EtherApe-INFO: 11:15:21.099: delete node: IP: 142.250.203.197. Number of nodes 64
EtherApe-INFO: 11:15:35.685: delete node: IP: 142.250.203.142. Number of nodes 63
EtherApe-INFO: 11:15:41.357: delete node: IP: 104.17.50.74. Number of nodes 62
EtherApe-INFO: 11:15:41.579: delete node: IP: 216.58.209.10. Number of nodes 61
EtherApe-INFO: 11:15:46.140: delete node: IP: 104.244.42.136. Number of nodes 60
EtherApe-INFO: 11:15:49.817: New node: IP: 72.4.120.219. Number of nodes 61
EtherApe-INFO: 11:15:52.841: delete node: IP: 142.250.186.202. Number of nodes 60
EtherApe-INFO: 11:15:57.864: delete node: IP: 104.18.23.9. Number of nodes 59
EtherApe-INFO: 11:16:02.357: delete node: IP: 127.0.0.1. Number of nodes 58
EtherApe-INFO: 11:16:06.717: delete node: IP: 52.222.230.181. Number of nodes 57
EtherApe-INFO: 11:16:06.937: delete node: IP: 216.239.32.116. Number of nodes 56
EtherApe-INFO: 11:16:06.937: delete node: IP: 142.250.186.206. Number of nodes 55
EtherApe-INFO: 11:16:06.937: delete node: IP: 92.122.83.230. Number of nodes 54
EtherApe-INFO: 11:16:08.483: New node: IP: 95.216.195.133. Number of nodes 55
EtherApe-INFO: 11:16:10.933: delete node: IP: 162.159.200.123. Number of nodes 54
EtherApe-INFO: 11:16:27.688: New node: IP: 216.58.215.106. Number of nodes 55
EtherApe-INFO: 11:16:35.428: delete node: IP: 34.120.177.193. Number of nodes 54
EtherApe-INFO: 11:16:36.217: New node: IP: 95.216.144.15. Number of nodes 55
EtherApe-INFO: 11:16:41.023: delete node: IP: 104.18.13.33. Number of nodes 54
EtherApe-INFO: 11:16:46.351: New node: IP: 216.58.215.110. Number of nodes 55
EtherApe-INFO: 11:17:01.044: New node: IP: 142.250.186.205. Number of nodes 56
EtherApe-INFO: 11:17:07.459: delete node: IP: 35.190.80.1. Number of nodes 55
EtherApe-INFO: 11:17:08.336: delete node: IP: 64.233.163.189. Number of nodes 54
EtherApe-INFO: 11:17:10.740: delete node: IP: 172.217.20.206. Number of nodes 53
EtherApe-INFO: 11:17:15.792: delete node: IP: 172.217.16.17. Number of nodes 52
EtherApe-INFO: 11:17:18.117: New node: IP: 140.82.121.3. Number of nodes 53
EtherApe-INFO: 11:17:20.824: delete node: IP: 172.66.42.236. Number of nodes 52
EtherApe-INFO: 11:17:24.331: delete node: IP: 172.67.152.125. Number of nodes 51
EtherApe-INFO: 11:17:24.331: delete node: IP: 104.16.70.125. Number of nodes 50
EtherApe-INFO: 11:17:25.099: delete node: IP: 104.20.185.68. Number of nodes 49
EtherApe-INFO: 11:17:25.099: delete node: IP: 104.16.123.175. Number of nodes 48
EtherApe-INFO: 11:17:25.858: delete node: IP: 188.114.96.21. Number of nodes 47
EtherApe-INFO: 11:17:27.497: delete node: IP: 104.16.86.20. Number of nodes 46
EtherApe-INFO: 11:17:28.265: delete node: IP: 104.16.149.64. Number of nodes 45
EtherApe-INFO: 11:17:28.510: New node: IP: 140.82.121.5. Number of nodes 46
EtherApe-INFO: 11:17:29.364: delete node: IP: 104.26.2.18. Number of nodes 45
EtherApe-INFO: 11:17:30.139: delete node: IP: 104.17.72.206. Number of nodes 44
EtherApe-INFO: 11:17:33.580: New node: IP: 172.217.16.54. Number of nodes 45
EtherApe-INFO: 11:17:33.581: New node: IP: 216.58.209.1. Number of nodes 46
EtherApe-INFO: 11:17:35.713: New node: IP: 216.58.215.67. Number of nodes 47
EtherApe-INFO: 11:17:35.784: delete node: IP: 140.82.121.4. Number of nodes 46
EtherApe-INFO: 11:17:36.585: delete node: IP: 140.82.114.21. Number of nodes 45
EtherApe-INFO: 11:17:44.334: delete node: IP: 140.82.121.6. Number of nodes 44
EtherApe-INFO: 11:17:44.515: New node: IP: 176.122.113.14. Number of nodes 45
EtherApe-INFO: 11:17:44.790: New node: IP: 1.1.1.1. Number of nodes 46
EtherApe-INFO: 11:17:45.312: New node: IP: 74.125.173.72. Number of nodes 47
EtherApe-INFO: 11:17:56.796: delete node: IP: 172.217.16.42. Number of nodes 46
EtherApe-INFO: 11:18:09.879: delete node: IP: 95.216.195.133. Number of nodes 45
EtherApe-INFO: 11:18:21.315: New node: IP: 172.217.16.35. Number of nodes 46
EtherApe-INFO: 11:18:22.648: New node: IP: 176.122.110.204. Number of nodes 47
EtherApe-INFO: 11:18:22.938: New node: IP: 216.58.215.74. Number of nodes 48
EtherApe-INFO: 11:18:22.956: delete node: IP: 216.58.208.202. Number of nodes 47
EtherApe-INFO: 11:18:24.517: New node: IP: 172.217.20.170. Number of nodes 48
EtherApe-INFO: 11:18:30.468: delete node: IP: 72.4.120.219. Number of nodes 47
EtherApe-INFO: 11:18:30.649: New node: IP: 142.250.186.202. Number of nodes 48
EtherApe-INFO: 11:18:30.912: New node: IP: 172.217.16.42. Number of nodes 49
EtherApe-INFO: 11:18:44.778: New node: IP: 34.94.79.203. Number of nodes 50
EtherApe-INFO: 11:18:48.312: delete node: IP: 216.58.215.110. Number of nodes 49
EtherApe-INFO: 11:19:01.876: delete node: IP: 142.250.186.205. Number of nodes 48
EtherApe-INFO: 11:19:06.123: New node: IP: 142.250.80.35. Number of nodes 49
EtherApe-INFO: 11:19:08.247: New node: IP: 142.250.203.202. Number of nodes 50
EtherApe-INFO: 11:19:28.557: delete node: IP: 216.58.208.206. Number of nodes 49
EtherApe-INFO: 11:19:28.557: delete node: IP: 185.199.109.133. Number of nodes 48
EtherApe-INFO: 11:19:30.957: delete node: IP: 140.82.121.3. Number of nodes 47
EtherApe-INFO: 11:19:46.999: delete node: IP: 1.1.1.1. Number of nodes 46
EtherApe-INFO: 11:20:00.835: delete node: IP: 216.58.215.106. Number of nodes 45
EtherApe-INFO: 11:20:06.912: New node: IP: 0.0.0.0. Number of nodes 46
EtherApe-INFO: 11:20:06.912: New node: IP: 255.255.255.255. Number of nodes 47
EtherApe-INFO: 11:20:10.704: delete node: IP: 95.216.144.15. Number of nodes 46
EtherApe-INFO: 11:20:21.674: delete node: IP: 172.217.16.35. Number of nodes 45
EtherApe-INFO: 11:20:23.188: delete node: IP: 216.58.215.74. Number of nodes 44
EtherApe-INFO: 11:20:24.817: delete node: IP: 172.217.20.170. Number of nodes 43
EtherApe-INFO: 11:20:29.918: delete node: IP: 216.58.215.67. Number of nodes 42
EtherApe-INFO: 11:20:32.296: delete node: IP: 216.58.209.1. Number of nodes 41
EtherApe-INFO: 11:20:32.296: delete node: IP: 172.217.16.42. Number of nodes 40
EtherApe-INFO: 11:20:33.044: New node: IP: 192.168.2.225. Number of nodes 41
EtherApe-INFO: 11:20:35.449: New node: IP: 216.58.215.106. Number of nodes 42
EtherApe-INFO: 11:20:50.453: delete node: IP: 172.217.16.10. Number of nodes 41
EtherApe-INFO: 11:20:52.081: delete node: IP: 216.58.208.196. Number of nodes 40
EtherApe-INFO: 11:20:52.081: delete node: IP: 34.94.79.203. Number of nodes 39
EtherApe-INFO: 11:20:56.309: delete node: IP: 185.199.111.153. Number of nodes 38
EtherApe-INFO: 11:20:56.309: delete node: IP: 151.101.0.176. Number of nodes 37
EtherApe-INFO: 11:20:57.608: delete node: IP: 185.199.108.154. Number of nodes 36
EtherApe-INFO: 11:20:57.608: delete node: IP: 185.199.108.133. Number of nodes 35
EtherApe-INFO: 11:20:57.608: delete node: IP: 151.101.1.69. Number of nodes 34
EtherApe-INFO: 11:21:01.843: New node: IPv6: fe80::9ada:c4ff:febf:99a5. Number of nodes 35
EtherApe-INFO: 11:21:01.843: New node: IPv6: ff02::1. Number of nodes 36
EtherApe-INFO: 11:21:02.910: New node: IPv6: ff02::1:ff89:2616. Number of nodes 37
EtherApe-INFO: 11:21:06.643: delete node: IP: 176.122.113.14. Number of nodes 36
EtherApe-INFO: 11:21:06.643: delete node: IP: 74.125.173.72. Number of nodes 35
EtherApe-INFO: 11:21:07.980: New node: IP: 1.1.1.1. Number of nodes 36
EtherApe-INFO: 11:21:09.312: New node: IP: 95.216.195.133. Number of nodes 37
EtherApe-INFO: 11:21:19.478: delete node: IP: 172.217.16.54. Number of nodes 36
EtherApe-INFO: 11:21:19.983: New node: IP: 149.154.167.50. Number of nodes 37
EtherApe-INFO: 11:21:23.451: New node: IP: 216.58.208.196. Number of nodes 38
EtherApe-INFO: 11:21:23.517: delete node: IP: 142.250.203.195. Number of nodes 37
EtherApe-INFO: 11:21:26.913: New node: IP: 142.250.203.195. Number of nodes 38
EtherApe-INFO: 11:21:29.642: delete node: IP: 140.82.121.5. Number of nodes 37
EtherApe-INFO: 11:21:36.245: New node: IP: 172.217.16.35. Number of nodes 38
EtherApe-INFO: 11:21:57.879: delete node: IP: 176.122.110.204. Number of nodes 37
EtherApe-INFO: 11:22:03.530: delete node: IP: 142.250.186.202. Number of nodes 36
EtherApe-INFO: 11:22:07.004: delete node: IP: 255.255.255.255. Number of nodes 35
EtherApe-INFO: 11:22:07.004: delete node: IP: 0.0.0.0. Number of nodes 34
EtherApe-INFO: 11:22:25.577: New node: IP: 172.217.16.42. Number of nodes 35
EtherApe-INFO: 11:22:42.646: New node: IP: 162.159.200.123. Number of nodes 36
EtherApe-INFO: 11:22:46.966: delete node: IP: 216.58.215.99. Number of nodes 35
EtherApe-INFO: 11:23:01.861: delete node: IPv6: ff02::1. Number of nodes 34
EtherApe-INFO: 11:23:03.274: delete node: IPv6: ff02::1:ff89:2616. Number of nodes 33
EtherApe-INFO: 11:23:03.274: delete node: IPv6: fe80::9ada:c4ff:febf:99a5. Number of nodes 32
EtherApe-INFO: 11:23:23.234: delete node: IP: 95.216.195.133. Number of nodes 31
EtherApe-INFO: 11:23:27.467: delete node: IP: 142.250.203.195. Number of nodes 30
EtherApe-INFO: 11:23:29.634: delete node: IP: 1.1.1.1. Number of nodes 29
EtherApe-INFO: 11:23:30.377: New node: IP: 172.217.20.163. Number of nodes 30
EtherApe-INFO: 11:23:31.445: New node: IP: 216.58.215.99. Number of nodes 31
EtherApe-INFO: 11:23:37.677: delete node: IP: 216.58.215.106. Number of nodes 30
EtherApe-INFO: 11:24:25.074: delete node: IP: 192.168.2.225. Number of nodes 29
EtherApe-INFO: 11:24:25.938: delete node: IP: 172.217.16.35. Number of nodes 28
EtherApe-INFO: 11:24:45.092: delete node: IP: 162.159.200.123. Number of nodes 27
EtherApe-INFO: 11:25:22.645: New node: IP: 216.58.208.202. Number of nodes 28
EtherApe-INFO: 11:25:30.111: New node: IP: 142.250.203.197. Number of nodes 29
EtherApe-INFO: 11:25:31.177: New node: IP: 216.58.215.74. Number of nodes 30
EtherApe-INFO: 11:25:33.381: delete node: IP: 172.217.20.163. Number of nodes 29
EtherApe-INFO: 11:25:33.576: New node: IP: 142.250.203.195. Number of nodes 30
EtherApe-INFO: 11:26:01.084: delete node: IP: 185.199.110.154. Number of nodes 29
EtherApe-INFO: 11:26:01.084: delete node: IP: 142.250.80.35. Number of nodes 28
EtherApe-INFO: 11:26:08.512: New node: IP: 95.216.195.133. Number of nodes 29
EtherApe-INFO: 11:26:27.482: delete node: IP: 172.217.16.37. Number of nodes 28
EtherApe-INFO: 11:26:32.779: New node: IP: 216.58.209.10. Number of nodes 29
EtherApe-INFO: 11:26:32.880: delete node: IP: 172.217.16.46. Number of nodes 28
EtherApe-INFO: 11:26:33.315: New node: IP: 142.250.203.214. Number of nodes 29
EtherApe-INFO: 11:26:42.910: delete node: IP: 172.217.16.42. Number of nodes 28
EtherApe-INFO: 11:26:42.913: New node: IP: 1.1.1.1. Number of nodes 29
EtherApe-INFO: 11:26:43.443: New node: IP: 142.250.186.206. Number of nodes 30
EtherApe-INFO: 11:26:55.176: New node: IPv6: fe80::9ada:c4ff:febf:99a5. Number of nodes 31
EtherApe-INFO: 11:26:55.176: New node: IPv6: ff02::1. Number of nodes 32
EtherApe-INFO: 11:27:00.511: New node: IP: 162.159.200.123. Number of nodes 33
EtherApe-INFO: 11:27:06.389: delete node: IP: 104.18.12.33. Number of nodes 32
EtherApe-INFO: 11:27:23.242: delete node: IP: 216.58.208.202. Number of nodes 31
EtherApe-INFO: 11:27:44.295: delete node: IP: 216.58.215.74. Number of nodes 30
EtherApe-INFO: 11:28:09.927: delete node: IP: 216.58.209.3. Number of nodes 29
EtherApe-INFO: 11:28:09.927: delete node: IP: 95.216.195.133. Number of nodes 28
EtherApe-INFO: 11:28:13.044: New node: IP: 216.58.215.110. Number of nodes 29
EtherApe-INFO: 11:28:23.711: New node: IP: 172.217.16.35. Number of nodes 30
EtherApe-INFO: 11:28:41.577: New node: IP: 149.154.167.222. Number of nodes 31
EtherApe-INFO: 11:28:45.145: delete node: IP: 1.1.1.1. Number of nodes 30
EtherApe-INFO: 11:28:46.647: New node: IP: 216.58.208.202. Number of nodes 31
EtherApe-INFO: 11:28:47.446: New node: IP: 1.1.1.1. Number of nodes 32
EtherApe-INFO: 11:28:51.710: New node: IP: 172.217.16.54. Number of nodes 33
EtherApe-INFO: 11:28:55.514: delete node: IPv6: ff02::1. Number of nodes 32
EtherApe-INFO: 11:28:55.514: delete node: IPv6: fe80::9ada:c4ff:febf:99a5. Number of nodes 31
EtherApe-INFO: 11:29:00.808: delete node: IP: 162.159.200.123. Number of nodes 30
EtherApe-INFO: 11:29:05.847: New node: IP: 140.82.121.4. Number of nodes 31
EtherApe-INFO: 11:29:07.180: New node: IP: 185.199.108.133. Number of nodes 32
EtherApe-INFO: 11:29:07.181: New node: IP: 185.199.108.154. Number of nodes 33
EtherApe-INFO: 11:29:07.448: New node: IP: 172.217.16.46. Number of nodes 34
EtherApe-INFO: 11:29:07.710: New node: IP: 140.82.112.22. Number of nodes 35
EtherApe-INFO: 11:29:30.690: delete node: IP: 142.250.186.206. Number of nodes 34
EtherApe-INFO: 11:29:30.690: delete node: IP: 54.147.21.139. Number of nodes 33
EtherApe-INFO: 11:29:36.521: delete node: IP: 216.58.215.99. Number of nodes 32
EtherApe-INFO: 11:29:36.522: delete node: IP: 142.250.203.195. Number of nodes 31
EtherApe-INFO: 11:29:36.777: New node: IP: 142.250.203.195. Number of nodes 32
EtherApe-INFO: 11:29:37.314: New node: IP: 216.58.215.99. Number of nodes 33
EtherApe-INFO: 11:29:48.248: New node: IP: 104.18.13.33. Number of nodes 34
EtherApe-INFO: 11:29:54.418: delete node: IP: 216.58.209.10. Number of nodes 33
EtherApe-INFO: 11:29:58.125: delete node: IP: 142.250.203.214. Number of nodes 32
EtherApe-INFO: 11:30:13.908: delete node: IP: 216.58.215.110. Number of nodes 31
EtherApe-INFO: 11:30:14.446: delete node: IP: 216.58.208.196. Number of nodes 30
EtherApe-INFO: 11:30:47.754: delete node: IP: 1.1.1.1. Number of nodes 29
EtherApe-INFO: 11:30:54.207: delete node: IP: 216.58.208.202. Number of nodes 28
EtherApe-INFO: 11:31:02.154: delete node: IP: 172.217.16.54. Number of nodes 27
EtherApe-INFO: 11:31:06.459: delete node: IP: 172.217.16.35. Number of nodes 26
EtherApe-INFO: 11:31:08.076: delete node: IP: 172.217.16.46. Number of nodes 25
EtherApe-INFO: 11:31:08.539: New node: IP: 95.216.195.133. Number of nodes 26
EtherApe-INFO: 11:31:18.137: New node: IP: 149.154.175.57. Number of nodes 27
EtherApe-INFO: 11:31:18.137: New node: IP: 149.154.175.54. Number of nodes 28
EtherApe-INFO: 11:31:18.138: New node: IP: 149.154.165.111. Number of nodes 29
EtherApe-INFO: 11:31:21.072: New node: IP: 1.1.1.1. Number of nodes 30
EtherApe-INFO: 11:31:50.671: New node: IP: 216.58.208.196. Number of nodes 31
EtherApe-INFO: 11:31:50.674: New node: IP: 216.58.209.3. Number of nodes 32
EtherApe-INFO: 11:32:04.008: New node: IP: 172.217.16.46. Number of nodes 33
EtherApe-INFO: 11:32:31.846: delete node: IP: 185.199.108.154. Number of nodes 32
EtherApe-INFO: 11:32:47.498: New node: IP: 216.58.208.202. Number of nodes 33
EtherApe-INFO: 11:32:48.297: New node: IP: 216.58.209.1. Number of nodes 34
EtherApe-INFO: 11:32:48.299: New node: IP: 216.58.215.67. Number of nodes 35
EtherApe-INFO: 11:32:48.863: New node: IP: 185.199.108.154. Number of nodes 36
EtherApe-INFO: 11:32:49.927: New node: IP: 140.82.114.21. Number of nodes 37
EtherApe-INFO: 11:32:50.724: New node: IP: 216.239.32.116. Number of nodes 38
EtherApe-INFO: 11:32:54.724: New node: IP: 216.58.209.10. Number of nodes 39
EtherApe-INFO: 11:33:10.241: delete node: IP: 140.82.112.22. Number of nodes 38
EtherApe-INFO: 11:33:10.242: delete node: IP: 95.216.195.133. Number of nodes 37
EtherApe-INFO: 11:33:18.778: delete node: IP: 149.154.175.57. Number of nodes 36
EtherApe-INFO: 11:33:24.857: New node: IP: 172.217.20.163. Number of nodes 37
EtherApe-INFO: 11:33:37.656: New node: IP: 216.58.209.14. Number of nodes 38
EtherApe-INFO: 11:33:38.567: delete node: IP: 149.154.175.54. Number of nodes 37
EtherApe-INFO: 11:33:38.567: delete node: IP: 142.250.203.195. Number of nodes 36
EtherApe-INFO: 11:33:40.326: New node: IP: 192.0.73.2. Number of nodes 37
EtherApe-INFO: 11:33:40.327: New node: IP: 172.66.41.20. Number of nodes 38
EtherApe-INFO: 11:33:41.390: New node: IP: 172.217.16.17. Number of nodes 39
EtherApe-INFO: 11:33:41.390: New node: IP: 142.250.203.142. Number of nodes 40
EtherApe-INFO: 11:33:41.400: New node: IP: 104.16.67.125. Number of nodes 41
EtherApe-INFO: 11:33:41.410: New node: IP: 142.250.186.202. Number of nodes 42
EtherApe-INFO: 11:33:42.217: New node: IP: 52.84.198.106. Number of nodes 43
EtherApe-INFO: 11:33:42.993: New node: IP: 52.84.198.9. Number of nodes 44
EtherApe-INFO: 11:33:43.280: New node: IP: 52.39.149.236. Number of nodes 45
EtherApe-INFO: 11:33:43.572: New node: IP: 216.58.215.106. Number of nodes 46
EtherApe-INFO: 11:33:45.957: New node: IP: 172.217.20.202. Number of nodes 47
EtherApe-INFO: 11:33:48.324: New node: IP: 172.217.20.193. Number of nodes 48
EtherApe-INFO: 11:33:49.132: New node: IP: 142.250.203.129. Number of nodes 49
EtherApe-INFO: 11:33:49.133: New node: IP: 142.250.186.193. Number of nodes 50
EtherApe-INFO: 11:33:49.134: New node: IP: 216.58.215.97. Number of nodes 51
EtherApe-INFO: 11:33:49.662: New node: IP: 216.58.208.206. Number of nodes 52
EtherApe-INFO: 11:33:50.194: New node: IP: 142.251.1.189. Number of nodes 53
EtherApe-INFO: 11:33:50.883: delete node: IP: 216.58.215.99. Number of nodes 52
EtherApe-INFO: 11:33:50.883: delete node: IP: 216.58.209.3. Number of nodes 51
EtherApe-INFO: 11:34:05.140: New node: IP: 142.250.203.214. Number of nodes 52
EtherApe-INFO: 11:34:16.355: New node: IP: 142.250.201.196. Number of nodes 53
EtherApe-INFO: 11:34:47.557: New node: IP: 216.58.215.99. Number of nodes 54
EtherApe-INFO: 11:34:48.129: delete node: IP: 216.58.208.202. Number of nodes 53
EtherApe-INFO: 11:34:48.129: delete node: IP: 149.154.165.111. Number of nodes 52
EtherApe-INFO: 11:34:50.757: New node: IP: 172.217.15.3. Number of nodes 53
EtherApe-INFO: 11:34:50.866: delete node: IP: 216.239.32.116. Number of nodes 52
EtherApe-INFO: 11:35:08.351: New node: IP: 95.216.144.15. Number of nodes 53
