(etherape:6611): GLib-GIO-DEBUG: 17:49:21.707: _g_io_module_get_default: Found default implementation local (GLocalVfs) for ‘gio-vfs’
EtherApe-INFO: 17:49:21.817: sctp protocol not supported
EtherApe-INFO: 17:49:21.817: dccp protocol not supported
EtherApe-INFO: 17:49:21.818: sctp protocol not supported
EtherApe-INFO: 17:49:21.818: sctp protocol not supported
EtherApe-INFO: 17:49:21.818: sctp protocol not supported
EtherApe-INFO: 17:49:21.818: sctp protocol not supported
EtherApe-INFO: 17:49:21.818: sctp protocol not supported
EtherApe-INFO: 17:49:21.818: sctp protocol not supported
EtherApe-INFO: 17:49:21.819: sctp protocol not supported
EtherApe-INFO: 17:49:21.819: dccp protocol not supported
EtherApe-INFO: 17:49:21.819: sctp protocol not supported
EtherApe-INFO: 17:49:21.819: dccp protocol not supported
EtherApe-INFO: 17:49:21.819: dccp protocol not supported
EtherApe-INFO: 17:49:21.819: sctp protocol not supported
EtherApe-INFO: 17:49:21.820: sctp protocol not supported
EtherApe-INFO: 17:49:21.820: sctp protocol not supported
EtherApe-INFO: 17:49:21.821: sctp protocol not supported
EtherApe-INFO: 17:49:21.821: sctp protocol not supported
EtherApe-INFO: 17:49:21.822: sctp protocol not supported
EtherApe-INFO: 17:49:21.822: sctp protocol not supported
EtherApe-INFO: 17:49:21.822: sctp protocol not supported
EtherApe-INFO: 17:49:21.823: sctp protocol not supported
EtherApe-INFO: 17:49:21.823: sctp protocol not supported
EtherApe-INFO: 17:49:21.824: sctp protocol not supported
EtherApe-INFO: 17:49:21.824: sctp protocol not supported
EtherApe-INFO: 17:49:21.824: sctp protocol not supported
EtherApe-INFO: 17:49:21.824: sctp protocol not supported
EtherApe-INFO: 17:49:21.825: sctp protocol not supported
EtherApe-INFO: 17:49:21.825: dccp protocol not supported
EtherApe-INFO: 17:49:21.825: sctp protocol not supported
EtherApe-INFO: 17:49:21.825: sctp protocol not supported
EtherApe-INFO: 17:49:21.825: dccp protocol not supported
EtherApe-INFO: 17:49:21.825: sctp protocol not supported
EtherApe-INFO: 17:49:21.825: sctp protocol not supported
EtherApe-INFO: 17:49:21.825: sctp protocol not supported
EtherApe-INFO: 17:49:21.826: dccp protocol not supported
EtherApe-INFO: 17:49:21.826: dccp protocol not supported
EtherApe-INFO: 17:49:21.826: sctp protocol not supported
EtherApe-INFO: 17:49:21.826: sctp protocol not supported
EtherApe-INFO: 17:49:21.826: sctp protocol not supported
EtherApe-INFO: 17:49:21.826: sctp protocol not supported
EtherApe-INFO: 17:49:21.826: sctp protocol not supported
EtherApe-INFO: 17:49:21.826: sctp protocol not supported
EtherApe-INFO: 17:49:21.826: sctp protocol not supported
EtherApe-INFO: 17:49:21.826: sctp protocol not supported
EtherApe-INFO: 17:49:21.826: sctp protocol not supported
EtherApe-INFO: 17:49:21.826: sctp protocol not supported
EtherApe-INFO: 17:49:21.826: sctp protocol not supported
EtherApe-INFO: 17:49:21.826: sctp protocol not supported
EtherApe-INFO: 17:49:21.826: sctp protocol not supported
EtherApe-INFO: 17:49:21.827: dccp protocol not supported
EtherApe-INFO: 17:49:21.827: sctp protocol not supported
EtherApe-INFO: 17:49:21.827: sctp protocol not supported
EtherApe-INFO: 17:49:21.827: sctp protocol not supported
EtherApe-INFO: 17:49:21.827: sctp protocol not supported
EtherApe-INFO: 17:49:21.827: sctp protocol not supported
EtherApe-INFO: 17:49:21.827: sctp protocol not supported
EtherApe-INFO: 17:49:21.827: sctp protocol not supported
EtherApe-INFO: 17:49:21.828: sctp protocol not supported
EtherApe-INFO: 17:49:21.828: sctp protocol not supported
EtherApe-INFO: 17:49:21.828: sctp protocol not supported
EtherApe-INFO: 17:49:21.828: sctp protocol not supported
EtherApe-INFO: 17:49:21.828: sctp protocol not supported
EtherApe-INFO: 17:49:21.828: sctp protocol not supported
EtherApe-INFO: 17:49:21.828: sctp protocol not supported
EtherApe-INFO: 17:49:21.828: sctp protocol not supported
EtherApe-INFO: 17:49:21.828: sctp protocol not supported
EtherApe-INFO: 17:49:21.828: sctp protocol not supported
EtherApe-INFO: 17:49:21.828: sctp protocol not supported
EtherApe-INFO: 17:49:21.828: sctp protocol not supported
EtherApe-INFO: 17:49:21.828: sctp protocol not supported
EtherApe-INFO: 17:49:21.828: sctp protocol not supported
EtherApe-INFO: 17:49:21.828: sctp protocol not supported
EtherApe-INFO: 17:49:21.828: sctp protocol not supported
EtherApe-INFO: 17:49:21.828: sctp protocol not supported
EtherApe-INFO: 17:49:21.828: sctp protocol not supported
EtherApe-INFO: 17:49:21.829: sctp protocol not supported
EtherApe-INFO: 17:49:21.829: sctp protocol not supported
EtherApe-INFO: 17:49:21.829: sctp protocol not supported
EtherApe-INFO: 17:49:21.829: sctp protocol not supported
EtherApe-INFO: 17:49:21.829: sctp protocol not supported
EtherApe-INFO: 17:49:21.829: sctp protocol not supported
EtherApe-INFO: 17:49:21.829: sctp protocol not supported
EtherApe-INFO: 17:49:21.829: sctp protocol not supported
EtherApe-INFO: 17:49:21.829: sctp protocol not supported
EtherApe-INFO: 17:49:21.829: sctp protocol not supported
EtherApe-INFO: 17:49:21.829: sctp protocol not supported
EtherApe-INFO: 17:49:21.836: get_interface result: ''
EtherApe-INFO: 17:49:21.837: Available interfaces for capture: dbus-session dbus-system nfqueue nflog bluetooth-monitor lo any wlp1s0f4u2
EtherApe-INFO: 17:49:21.876: Link type is LINUX_SLL
EtherApe-INFO: 17:49:21.877: Diagram started
EtherApe-INFO: 17:49:24.768: New node: IP: 192.168.2.235. Number of nodes 1
EtherApe-INFO: 17:49:24.768: New node: IP: 149.154.167.50. Number of nodes 2
EtherApe-INFO: 17:49:26.631: New node: IP: 192.168.2.1. Number of nodes 3
EtherApe-INFO: 17:49:27.697: New node: IP: 149.154.167.51. Number of nodes 4
EtherApe-INFO: 17:49:32.764: New node: IP: 172.217.19.106. Number of nodes 5
EtherApe-INFO: 17:49:33.303: New node: IP: 142.251.39.78. Number of nodes 6
EtherApe-INFO: 17:49:33.566: New node: IP: 142.251.39.4. Number of nodes 7
EtherApe-INFO: 17:49:56.498: New node: IP: 142.251.39.42. Number of nodes 8
EtherApe-INFO: 17:50:19.164: New node: IP: 62.149.0.30. Number of nodes 9
EtherApe-INFO: 17:50:47.698: New node: IP: 142.251.39.14. Number of nodes 10
EtherApe-INFO: 17:51:41.567: delete node: IP: 172.217.19.106. Number of nodes 9
EtherApe-INFO: 17:52:19.710: delete node: IP: 62.149.0.30. Number of nodes 8
EtherApe-INFO: 17:52:27.431: New node: IP: 62.149.0.30. Number of nodes 9
EtherApe-INFO: 17:52:38.697: delete node: IP: 142.251.39.78. Number of nodes 8
EtherApe-INFO: 17:53:17.831: New node: IP: 95.216.195.133. Number of nodes 9
EtherApe-INFO: 17:53:37.298: New node: IP: 149.154.167.223. Number of nodes 10
EtherApe-INFO: 17:53:42.631: New node: IP: 239.255.255.250. Number of nodes 11
EtherApe-INFO: 17:53:42.901: New node: IP: 224.0.0.251. Number of nodes 12
EtherApe-INFO: 17:53:42.901: New node: IP: 142.251.39.78. Number of nodes 13
EtherApe-INFO: 17:53:42.902: New node: IP: 142.250.180.206. Number of nodes 14
EtherApe-INFO: 17:53:42.904: New node: IP: 142.250.27.188. Number of nodes 15
EtherApe-INFO: 17:53:42.904: New node: IP: 142.251.39.35. Number of nodes 16
EtherApe-INFO: 17:53:45.299: New node: IP: 142.251.39.45. Number of nodes 17
EtherApe-INFO: 17:53:45.565: New node: IP: 95.216.25.250. Number of nodes 18
EtherApe-INFO: 17:53:45.835: New node: IP: 172.217.20.14. Number of nodes 19
EtherApe-INFO: 17:53:45.837: New node: IP: 104.17.50.74. Number of nodes 20
EtherApe-INFO: 17:53:46.098: New node: IP: 35.188.42.15. Number of nodes 21
EtherApe-INFO: 17:53:46.101: New node: IP: 172.217.20.10. Number of nodes 22
EtherApe-INFO: 17:53:46.632: New node: IP: 185.199.108.133. Number of nodes 23
EtherApe-INFO: 17:53:46.633: New node: IP: 185.199.111.133. Number of nodes 24
EtherApe-INFO: 17:53:46.633: New node: IP: 3.225.169.113. Number of nodes 25
EtherApe-INFO: 17:53:46.635: New node: IP: 151.101.2.2. Number of nodes 26
EtherApe-INFO: 17:53:46.636: New node: IP: 104.18.12.33. Number of nodes 27
EtherApe-INFO: 17:53:47.166: New node: IP: 3.230.8.201. Number of nodes 28
EtherApe-INFO: 17:53:47.166: New node: IP: 35.201.97.85. Number of nodes 29
EtherApe-INFO: 17:53:49.565: New node: IP: 31.13.81.174. Number of nodes 30
EtherApe-INFO: 17:53:49.565: New node: IP: 172.217.19.110. Number of nodes 31
EtherApe-INFO: 17:53:49.566: New node: IP: 185.199.111.154. Number of nodes 32
EtherApe-INFO: 17:53:50.898: New node: IP: 31.43.58.32. Number of nodes 33
EtherApe-INFO: 17:53:51.436: New node: IP: 140.82.121.3. Number of nodes 34
EtherApe-INFO: 17:53:51.437: New node: IP: 140.82.112.21. Number of nodes 35
EtherApe-INFO: 17:53:51.712: New node: IP: 140.82.112.25. Number of nodes 36
EtherApe-INFO: 17:53:52.503: New node: IP: 142.251.39.36. Number of nodes 37
EtherApe-INFO: 17:54:00.498: New node: IP: 149.154.167.91. Number of nodes 38
EtherApe-INFO: 17:54:28.244: delete node: IP: 62.149.0.30. Number of nodes 37
EtherApe-INFO: 17:54:40.232: New node: IP: 142.250.201.206. Number of nodes 38
EtherApe-INFO: 17:54:40.235: New node: IP: 142.250.180.227. Number of nodes 39
EtherApe-INFO: 17:54:45.836: New node: IP: 142.250.180.195. Number of nodes 40
EtherApe-INFO: 17:54:52.770: New node: IP: 35.190.94.55. Number of nodes 41
EtherApe-INFO: 17:55:08.765: New node: IP: 142.251.39.37. Number of nodes 42
EtherApe-INFO: 17:55:08.766: New node: IP: 185.199.108.154. Number of nodes 43
EtherApe-INFO: 17:55:09.034: New node: IP: 52.41.78.96. Number of nodes 44
EtherApe-INFO: 17:55:09.036: New node: IP: 185.199.110.153. Number of nodes 45
EtherApe-INFO: 17:55:09.305: New node: IP: 142.250.180.234. Number of nodes 46
EtherApe-INFO: 17:55:09.313: New node: IP: 91.198.174.192. Number of nodes 47
EtherApe-INFO: 17:55:09.575: New node: IP: 142.250.150.101. Number of nodes 48
EtherApe-INFO: 17:55:09.836: New node: IP: 94.130.238.215. Number of nodes 49
EtherApe-INFO: 17:55:09.837: New node: IP: 135.181.27.174. Number of nodes 50
EtherApe-INFO: 17:55:09.840: New node: IP: 142.251.39.46. Number of nodes 51
EtherApe-INFO: 17:55:10.102: New node: IP: 104.18.23.9. Number of nodes 52
EtherApe-INFO: 17:55:10.108: New node: IP: 151.101.2.217. Number of nodes 53
EtherApe-INFO: 17:55:10.111: New node: IP: 216.239.32.116. Number of nodes 54
EtherApe-INFO: 17:55:10.368: New node: IP: 91.198.174.208. Number of nodes 55
EtherApe-INFO: 17:55:11.972: New node: IP: 142.251.39.22. Number of nodes 56
EtherApe-INFO: 17:55:11.975: New node: IP: 142.251.39.65. Number of nodes 57
EtherApe-INFO: 17:55:12.498: New node: IP: 176.122.110.206. Number of nodes 58
EtherApe-INFO: 17:55:13.837: New node: IP: 140.82.121.6. Number of nodes 59
EtherApe-INFO: 17:55:14.099: New node: IP: 52.84.195.33. Number of nodes 60
EtherApe-INFO: 17:55:18.461: delete node: IP: 95.216.195.133. Number of nodes 59
EtherApe-INFO: 17:55:42.652: delete node: IP: 142.251.39.14. Number of nodes 58
EtherApe-INFO: 17:55:42.973: delete node: IP: 142.251.39.4. Number of nodes 57
EtherApe-INFO: 17:55:45.840: delete node: IP: 224.0.0.251. Number of nodes 56
EtherApe-INFO: 17:55:46.103: New node: IP: 142.250.201.202. Number of nodes 57
EtherApe-INFO: 17:55:46.911: New node: IP: 142.251.39.3. Number of nodes 58
EtherApe-INFO: 17:55:46.914: New node: IP: 142.251.39.10. Number of nodes 59
EtherApe-INFO: 17:55:46.915: New node: IP: 142.250.180.238. Number of nodes 60
EtherApe-INFO: 17:55:48.769: New node: IP: 173.194.222.189. Number of nodes 61
EtherApe-INFO: 17:55:49.834: New node: IP: 142.250.201.195. Number of nodes 62
EtherApe-INFO: 17:55:50.974: delete node: IP: 31.43.58.32. Number of nodes 61
EtherApe-INFO: 17:55:52.234: delete node: IP: 31.13.81.174. Number of nodes 60
EtherApe-INFO: 17:56:03.986: New node: IP: 140.82.114.25. Number of nodes 61
EtherApe-INFO: 17:56:10.098: New node: IP: 172.217.20.3. Number of nodes 62
EtherApe-INFO: 17:56:17.061: delete node: IP: 149.154.167.91. Number of nodes 61
EtherApe-INFO: 17:56:19.169: delete node: IP: 149.154.167.223. Number of nodes 60
EtherApe-INFO: 17:56:22.100: New node: IP: 172.217.19.101. Number of nodes 61
EtherApe-INFO: 17:56:23.700: New node: IP: 142.250.180.193. Number of nodes 62
EtherApe-INFO: 17:56:23.969: New node: IP: 142.251.39.1. Number of nodes 63
EtherApe-INFO: 17:56:25.042: New node: IP: 142.250.201.214. Number of nodes 64
EtherApe-INFO: 17:56:31.435: New node: IP: 142.251.39.14. Number of nodes 65
EtherApe-INFO: 17:56:31.972: New node: IP: 54.148.15.15. Number of nodes 66
EtherApe-INFO: 17:56:33.575: New node: IP: 185.199.109.154. Number of nodes 67
EtherApe-INFO: 17:56:33.575: New node: IP: 185.199.110.133. Number of nodes 68
EtherApe-INFO: 17:56:39.165: New node: IP: 31.13.92.174. Number of nodes 69
EtherApe-INFO: 17:56:43.700: New node: IP: 62.149.0.30. Number of nodes 70
EtherApe-INFO: 17:56:47.431: New node: IP: 149.154.167.223. Number of nodes 71
EtherApe-INFO: 17:56:48.331: delete node: IP: 3.225.169.113. Number of nodes 70
EtherApe-INFO: 17:56:53.873: delete node: IP: 185.199.111.154. Number of nodes 69
EtherApe-INFO: 17:57:06.900: New node: IP: 35.201.76.233. Number of nodes 70
EtherApe-INFO: 17:57:08.809: delete node: IP: 35.188.42.15. Number of nodes 69
EtherApe-INFO: 17:57:08.809: delete node: IP: 3.230.8.201. Number of nodes 68
EtherApe-INFO: 17:57:10.098: New node: IP: 172.217.19.99. Number of nodes 69
EtherApe-INFO: 17:57:27.702: New node: IP: 31.13.81.52. Number of nodes 70
EtherApe-INFO: 17:57:27.970: New node: IP: 31.43.58.32. Number of nodes 71
EtherApe-INFO: 17:57:28.240: New node: IP: 31.13.92.36. Number of nodes 72
EtherApe-INFO: 17:57:36.052: delete node: IP: 142.251.39.42. Number of nodes 71
EtherApe-INFO: 17:57:38.631: New node: IP: 64.233.161.139. Number of nodes 72
EtherApe-INFO: 17:57:50.149: delete node: IP: 142.251.39.3. Number of nodes 71
EtherApe-INFO: 17:58:00.498: New node: IP: 142.251.39.74. Number of nodes 72
EtherApe-INFO: 17:58:04.233: New node: IP: 18.64.103.119. Number of nodes 73
EtherApe-INFO: 17:58:10.129: delete node: IP: 185.199.108.154. Number of nodes 72
EtherApe-INFO: 17:58:10.523: delete node: IP: 216.239.32.116. Number of nodes 71
EtherApe-INFO: 17:58:15.229: delete node: IP: 135.181.27.174. Number of nodes 70
EtherApe-INFO: 17:58:17.831: New node: IP: 95.216.195.133. Number of nodes 71
EtherApe-INFO: 17:58:22.140: delete node: IP: 176.122.110.206. Number of nodes 70
EtherApe-INFO: 17:58:22.140: delete node: IP: 142.251.39.22. Number of nodes 69
EtherApe-INFO: 17:58:22.140: delete node: IP: 91.198.174.208. Number of nodes 68
EtherApe-INFO: 17:58:22.688: delete node: IP: 52.41.78.96. Number of nodes 67
EtherApe-INFO: 17:58:23.783: delete node: IP: 142.250.180.193. Number of nodes 66
EtherApe-INFO: 17:58:23.998: delete node: IP: 142.251.39.1. Number of nodes 65
EtherApe-INFO: 17:58:25.406: delete node: IP: 142.250.201.214. Number of nodes 64
EtherApe-INFO: 17:58:27.700: New node: IP: 149.154.167.92. Number of nodes 65
EtherApe-INFO: 17:58:28.514: delete node: IP: 172.217.19.110. Number of nodes 64
EtherApe-INFO: 17:58:31.702: delete node: IP: 142.251.39.14. Number of nodes 63
EtherApe-INFO: 17:58:35.480: delete node: IP: 142.250.150.101. Number of nodes 62
EtherApe-INFO: 17:58:44.607: delete node: IP: 62.149.0.30. Number of nodes 61
EtherApe-INFO: 17:59:07.190: delete node: IP: 142.250.180.195. Number of nodes 60
EtherApe-INFO: 17:59:10.100: New node: IP: 34.64.4.35. Number of nodes 61
EtherApe-INFO: 17:59:10.380: delete node: IP: 172.217.19.99. Number of nodes 60
EtherApe-INFO: 17:59:14.744: delete node: IP: 140.82.121.6. Number of nodes 59
EtherApe-INFO: 17:59:20.498: New node: IP: 149.154.166.120. Number of nodes 60
EtherApe-INFO: 17:59:28.564: delete node: IP: 31.13.92.36. Number of nodes 59
EtherApe-INFO: 17:59:34.970: delete node: IP: 185.199.110.133. Number of nodes 58
EtherApe-INFO: 17:59:34.970: delete node: IP: 185.199.109.154. Number of nodes 57
EtherApe-INFO: 17:59:36.814: delete node: IP: 31.13.92.174. Number of nodes 56
EtherApe-INFO: 17:59:40.294: delete node: IP: 142.250.180.206. Number of nodes 55
EtherApe-INFO: 17:59:44.529: delete node: IP: 142.251.39.46. Number of nodes 54
EtherApe-INFO: 17:59:46.705: delete node: IP: 31.43.58.32. Number of nodes 53
EtherApe-INFO: 17:59:57.644: delete node: IP: 64.233.161.139. Number of nodes 52
EtherApe-INFO: 18:00:01.881: delete node: IP: 142.251.39.74. Number of nodes 51
EtherApe-INFO: 18:00:06.636: delete node: IP: 142.250.201.202. Number of nodes 50
EtherApe-INFO: 18:00:07.501: delete node: IP: 142.251.39.45. Number of nodes 49
EtherApe-INFO: 18:00:10.434: delete node: IP: 94.130.238.215. Number of nodes 48
EtherApe-INFO: 18:00:14.978: delete node: IP: 91.198.174.192. Number of nodes 47
EtherApe-INFO: 18:00:18.652: delete node: IP: 95.216.195.133. Number of nodes 46
EtherApe-INFO: 18:00:26.902: New node: IP: 142.251.39.45. Number of nodes 47
EtherApe-INFO: 18:00:36.797: delete node: IP: 140.82.121.3. Number of nodes 46
EtherApe-INFO: 18:00:36.797: delete node: IP: 140.82.112.21. Number of nodes 45
EtherApe-INFO: 18:00:40.256: delete node: IP: 142.251.39.35. Number of nodes 44
EtherApe-INFO: 18:00:40.577: delete node: IP: 142.250.201.206. Number of nodes 43
EtherApe-INFO: 18:00:40.776: New node: IP: 31.43.58.32. Number of nodes 44
EtherApe-INFO: 18:00:40.781: New node: IP: 3.230.8.201. Number of nodes 45
EtherApe-INFO: 18:00:40.791: delete node: IP: 142.250.180.227. Number of nodes 44
EtherApe-INFO: 18:00:44.568: delete node: IP: 149.154.167.92. Number of nodes 43
EtherApe-INFO: 18:00:46.963: delete node: IP: 149.154.167.223. Number of nodes 42
EtherApe-INFO: 18:00:55.165: New node: IP: 31.13.81.174. Number of nodes 43
EtherApe-INFO: 18:01:04.236: New node: IP: 142.250.201.196. Number of nodes 44
EtherApe-INFO: 18:01:08.771: delete node: IP: 172.217.20.14. Number of nodes 43
EtherApe-INFO: 18:01:09.639: delete node: IP: 142.250.180.234. Number of nodes 42
EtherApe-INFO: 18:01:10.182: delete node: IP: 142.251.39.65. Number of nodes 41
EtherApe-INFO: 18:01:11.804: delete node: IP: 54.148.15.15. Number of nodes 40
EtherApe-INFO: 18:01:12.498: New node: IP: 142.250.180.202. Number of nodes 41
EtherApe-INFO: 18:01:14.739: delete node: IP: 52.84.195.33. Number of nodes 40
EtherApe-INFO: 18:01:32.038: delete node: IP: 95.216.25.250. Number of nodes 39
EtherApe-INFO: 18:01:37.335: delete node: IP: 149.154.166.120. Number of nodes 38
EtherApe-INFO: 18:01:59.503: delete node: IP: 35.201.76.233. Number of nodes 37
EtherApe-INFO: 18:02:05.584: New node: IP: 142.251.39.74. Number of nodes 38
EtherApe-INFO: 18:02:10.940: delete node: IP: 172.217.20.3. Number of nodes 37
EtherApe-INFO: 18:02:26.140: delete node: IP: 104.17.50.74. Number of nodes 36
EtherApe-INFO: 18:02:27.569: delete node: IP: 142.251.39.45. Number of nodes 35
EtherApe-INFO: 18:02:31.435: New node: IP: 142.250.180.234. Number of nodes 36
EtherApe-INFO: 18:02:34.898: New node: IP: 149.154.167.223. Number of nodes 37
EtherApe-INFO: 18:02:41.217: delete node: IP: 34.64.4.35. Number of nodes 36
EtherApe-INFO: 18:02:53.047: delete node: IP: 142.251.39.36. Number of nodes 35
EtherApe-INFO: 18:03:17.831: New node: IP: 95.216.195.133. Number of nodes 36
EtherApe-INFO: 18:03:21.049: delete node: IP: 172.217.20.10. Number of nodes 35
EtherApe-INFO: 18:04:12.236: delete node: IP: 18.64.103.119. Number of nodes 34
EtherApe-INFO: 18:04:14.631: New node: IP: 142.251.39.14. Number of nodes 35
EtherApe-INFO: 18:04:14.901: New node: IP: 142.250.201.206. Number of nodes 36
EtherApe-INFO: 18:04:15.431: New node: IP: 142.251.39.42. Number of nodes 37
EtherApe-INFO: 18:04:17.835: New node: IP: 142.250.150.189. Number of nodes 38
EtherApe-INFO: 18:04:27.165: New node: IP: 142.251.39.45. Number of nodes 39
EtherApe-INFO: 18:04:36.766: New node: IP: 31.13.92.51. Number of nodes 40
EtherApe-INFO: 18:04:45.127: delete node: IP: 172.217.19.101. Number of nodes 39
EtherApe-INFO: 18:05:07.259: delete node: IP: 35.190.94.55. Number of nodes 38
EtherApe-INFO: 18:05:15.965: New node: IP: 62.149.0.30. Number of nodes 39
EtherApe-INFO: 18:05:18.135: delete node: IP: 95.216.195.133. Number of nodes 38
EtherApe-INFO: 18:05:20.501: New node: IP: 35.227.206.50. Number of nodes 39
EtherApe-INFO: 18:05:34.632: New node: IP: 172.217.20.10. Number of nodes 40
EtherApe-INFO: 18:05:41.836: delete node: IP: 142.250.180.234. Number of nodes 39
EtherApe-INFO: 18:05:50.099: New node: IP: 104.18.13.33. Number of nodes 40
EtherApe-INFO: 18:05:59.167: New node: IP: 142.251.39.4. Number of nodes 41
EtherApe-INFO: 18:06:15.221: delete node: IP: 173.194.222.189. Number of nodes 40
EtherApe-INFO: 18:06:15.755: delete node: IP: 142.251.39.42. Number of nodes 39
EtherApe-INFO: 18:06:16.525: New node: IP: 172.217.19.106. Number of nodes 40
EtherApe-INFO: 18:06:21.061: New node: IP: 172.217.19.99. Number of nodes 41
EtherApe-INFO: 18:06:27.213: delete node: IP: 142.251.39.45. Number of nodes 40
EtherApe-INFO: 18:06:33.362: delete node: IP: 142.250.201.195. Number of nodes 39
EtherApe-INFO: 18:06:33.591: New node: IP: 142.250.201.195. Number of nodes 40
EtherApe-INFO: 18:06:34.442: delete node: IP: 142.250.180.202. Number of nodes 39
EtherApe-INFO: 18:06:37.366: delete node: IP: 31.13.92.51. Number of nodes 38
EtherApe-INFO: 18:06:49.875: delete node: IP: 104.18.23.9. Number of nodes 37
EtherApe-INFO: 18:07:16.351: delete node: IP: 62.149.0.30. Number of nodes 36
EtherApe-INFO: 18:07:20.841: delete node: IP: 35.227.206.50. Number of nodes 35
EtherApe-INFO: 18:07:24.819: delete node: IP: 151.101.2.217. Number of nodes 34
EtherApe-INFO: 18:07:25.140: delete node: IP: 142.250.180.238. Number of nodes 33
EtherApe-INFO: 18:07:37.088: New node: IP: 31.13.92.51. Number of nodes 34
EtherApe-INFO: 18:07:41.351: New node: IP: 31.13.92.174. Number of nodes 35
EtherApe-INFO: 18:07:47.557: delete node: IP: 142.250.201.196. Number of nodes 34
EtherApe-INFO: 18:07:50.220: delete node: IP: 142.251.39.78. Number of nodes 33
EtherApe-INFO: 18:07:50.220: delete node: IP: 142.251.39.14. Number of nodes 32
EtherApe-INFO: 18:07:50.220: delete node: IP: 3.230.8.201. Number of nodes 31
EtherApe-INFO: 18:07:53.648: delete node: IP: 185.199.110.153. Number of nodes 30
EtherApe-INFO: 18:08:16.925: delete node: IP: 172.217.19.106. Number of nodes 29
EtherApe-INFO: 18:08:17.618: New node: IP: 95.216.195.133. Number of nodes 30
EtherApe-INFO: 18:08:21.630: delete node: IP: 172.217.19.99. Number of nodes 29
EtherApe-INFO: 18:08:26.438: delete node: IP: 149.154.167.223. Number of nodes 28
EtherApe-INFO: 18:08:28.288: New node: IP: 149.154.167.223. Number of nodes 29
EtherApe-INFO: 18:08:33.951: delete node: IP: 142.250.201.195. Number of nodes 28
EtherApe-INFO: 18:08:34.685: New node: IP: 142.250.201.195. Number of nodes 29
EtherApe-INFO: 18:08:40.018: New node: IP: 142.250.180.202. Number of nodes 30
EtherApe-INFO: 18:08:41.887: delete node: IP: 185.199.111.133. Number of nodes 29
EtherApe-INFO: 18:08:41.887: delete node: IP: 185.199.108.133. Number of nodes 28
EtherApe-INFO: 18:08:42.206: delete node: IP: 151.101.2.2. Number of nodes 27
EtherApe-INFO: 18:08:54.229: delete node: IP: 31.13.81.174. Number of nodes 26
EtherApe-INFO: 18:09:41.084: New node: IP: 142.251.39.78. Number of nodes 27
EtherApe-INFO: 18:10:12.853: delete node: IP: 31.43.58.32. Number of nodes 26
EtherApe-INFO: 18:10:12.854: delete node: IP: 31.13.92.174. Number of nodes 25
EtherApe-INFO: 18:10:12.854: delete node: IP: 31.13.92.51. Number of nodes 24
EtherApe-INFO: 18:10:20.083: delete node: IP: 95.216.195.133. Number of nodes 23
EtherApe-INFO: 18:10:34.691: delete node: IP: 142.250.201.195. Number of nodes 22
EtherApe-INFO: 18:10:35.752: New node: IP: 142.250.201.195. Number of nodes 23
EtherApe-INFO: 18:10:40.818: New node: IP: 142.251.39.42. Number of nodes 24
EtherApe-INFO: 18:10:40.897: delete node: IP: 142.251.39.74. Number of nodes 23
EtherApe-INFO: 18:10:46.952: New node: IP: 172.217.20.14. Number of nodes 24
EtherApe-INFO: 18:11:00.862: delete node: IP: 149.154.167.223. Number of nodes 23
EtherApe-INFO: 18:11:26.951: New node: IP: 149.154.167.223. Number of nodes 24
EtherApe-INFO: 18:11:41.430: delete node: IP: 142.251.39.78. Number of nodes 23
EtherApe-INFO: 18:12:35.256: delete node: IP: 142.250.201.206. Number of nodes 22
EtherApe-INFO: 18:12:36.108: delete node: IP: 142.250.201.195. Number of nodes 21
EtherApe-INFO: 18:12:36.818: New node: IP: 142.250.201.195. Number of nodes 22
EtherApe-INFO: 18:12:51.799: delete node: IP: 142.250.180.202. Number of nodes 21
EtherApe-INFO: 18:13:17.622: New node: IP: 95.216.195.133. Number of nodes 22
EtherApe-INFO: 18:14:30.494: delete node: IP: 104.18.13.33. Number of nodes 21
EtherApe-INFO: 18:14:37.086: delete node: IP: 142.250.201.195. Number of nodes 20
EtherApe-INFO: 18:14:37.618: New node: IP: 142.250.201.195. Number of nodes 21
EtherApe-INFO: 18:15:10.737: delete node: IP: 104.18.12.33. Number of nodes 20
EtherApe-INFO: 18:15:18.164: delete node: IP: 95.216.195.133. Number of nodes 19
EtherApe-INFO: 18:15:46.155: New node: IP: 172.217.19.106. Number of nodes 20
EtherApe-INFO: 18:15:55.221: New node: IP: 142.251.39.78. Number of nodes 21
EtherApe-INFO: 18:15:55.492: New node: IP: 142.251.39.36. Number of nodes 22
EtherApe-INFO: 18:15:56.605: delete node: IP: 149.154.167.223. Number of nodes 21
EtherApe-INFO: 18:16:37.984: delete node: IP: 142.250.201.195. Number of nodes 20
EtherApe-INFO: 18:16:38.685: New node: IP: 142.250.201.195. Number of nodes 21
EtherApe-INFO: 18:17:43.854: delete node: IP: 172.217.20.14. Number of nodes 20
EtherApe-INFO: 18:17:55.856: delete node: IP: 142.251.39.36. Number of nodes 19
EtherApe-INFO: 18:18:05.174: delete node: IP: 172.217.20.10. Number of nodes 18
EtherApe-INFO: 18:18:12.555: New node: IP: 104.18.13.33. Number of nodes 19
EtherApe-INFO: 18:18:17.619: New node: IP: 95.216.195.133. Number of nodes 20
EtherApe-INFO: 18:18:35.217: New node: IP: 149.154.167.223. Number of nodes 21
EtherApe-INFO: 18:18:38.961: delete node: IP: 142.250.201.195. Number of nodes 20
EtherApe-INFO: 18:18:39.751: New node: IP: 142.250.201.195. Number of nodes 21
EtherApe-INFO: 18:19:52.551: New node: IP: 142.251.39.65. Number of nodes 22
EtherApe-INFO: 18:19:52.820: New node: IP: 142.250.180.227. Number of nodes 23
EtherApe-INFO: 18:19:52.824: New node: IP: 172.217.20.14. Number of nodes 24
EtherApe-INFO: 18:19:53.884: New node: IP: 172.217.19.110. Number of nodes 25
EtherApe-INFO: 18:20:00.820: New node: IP: 142.250.150.138. Number of nodes 26
EtherApe-INFO: 18:20:01.617: New node: IP: 52.41.78.96. Number of nodes 27
EtherApe-INFO: 18:20:05.888: New node: IP: 142.251.39.46. Number of nodes 28
EtherApe-INFO: 18:20:05.888: New node: IP: 142.250.180.206. Number of nodes 29
EtherApe-INFO: 18:20:11.751: New node: IP: 151.101.1.69. Number of nodes 30
EtherApe-INFO: 18:20:12.017: New node: IP: 142.250.180.238. Number of nodes 31
EtherApe-INFO: 18:20:12.020: New node: IP: 151.101.65.69. Number of nodes 32
EtherApe-INFO: 18:20:12.030: New node: IP: 142.250.180.202. Number of nodes 33
EtherApe-INFO: 18:20:18.187: delete node: IP: 95.216.195.133. Number of nodes 32
EtherApe-INFO: 18:20:53.621: New node: IP: 34.96.128.111. Number of nodes 33
EtherApe-INFO: 18:20:54.155: New node: IP: 142.251.39.36. Number of nodes 34
EtherApe-INFO: 18:20:59.484: New node: IP: 91.198.174.192. Number of nodes 35
EtherApe-INFO: 18:21:00.291: New node: IP: 91.198.174.208. Number of nodes 36
EtherApe-INFO: 18:21:10.154: New node: IP: 172.217.20.3. Number of nodes 37
EtherApe-INFO: 18:21:53.133: delete node: IP: 172.217.20.14. Number of nodes 36
EtherApe-INFO: 18:21:54.734: delete node: IP: 172.217.19.106. Number of nodes 35
EtherApe-INFO: 18:21:55.751: New node: IP: 172.217.20.14. Number of nodes 36
EtherApe-INFO: 18:22:12.348: delete node: IP: 142.251.39.65. Number of nodes 35
EtherApe-INFO: 18:22:20.284: New node: IP: 62.149.0.30. Number of nodes 36
EtherApe-INFO: 18:22:24.612: delete node: IP: 149.154.167.223. Number of nodes 35
EtherApe-INFO: 18:22:41.624: delete node: IP: 142.251.39.78. Number of nodes 34
EtherApe-INFO: 18:22:52.339: delete node: IP: 142.251.39.4. Number of nodes 33
EtherApe-INFO: 18:22:54.212: delete node: IP: 172.217.19.110. Number of nodes 32
EtherApe-INFO: 18:22:58.707: delete node: IP: 142.250.180.227. Number of nodes 31
EtherApe-INFO: 18:23:01.660: delete node: IP: 142.250.150.138. Number of nodes 30
EtherApe-INFO: 18:23:10.151: New node: IP: 108.177.126.94. Number of nodes 31
EtherApe-INFO: 18:23:10.502: delete node: IP: 172.217.20.3. Number of nodes 30
EtherApe-INFO: 18:23:11.572: delete node: IP: 142.250.180.238. Number of nodes 29
EtherApe-INFO: 18:23:17.618: New node: IP: 95.216.195.133. Number of nodes 30
EtherApe-INFO: 18:23:46.450: delete node: IP: 142.251.39.46. Number of nodes 29
EtherApe-INFO: 18:24:22.690: delete node: IP: 62.149.0.30. Number of nodes 28
EtherApe-INFO: 18:24:43.218: New node: IP: 142.250.201.206. Number of nodes 29
EtherApe-INFO: 18:24:51.017: delete node: IP: 52.41.78.96. Number of nodes 28
EtherApe-INFO: 18:24:53.617: New node: IP: 149.154.167.223. Number of nodes 29
EtherApe-INFO: 18:25:08.285: New node: IP: 172.217.19.99. Number of nodes 30
EtherApe-INFO: 18:25:10.689: delete node: IP: 108.177.126.94. Number of nodes 29
EtherApe-INFO: 18:25:18.500: delete node: IP: 95.216.195.133. Number of nodes 28
EtherApe-INFO: 18:25:24.018: New node: IP: 142.250.180.234. Number of nodes 29
EtherApe-INFO: 18:25:28.821: New node: IP: 142.250.180.238. Number of nodes 30
EtherApe-INFO: 18:25:47.038: delete node: IP: 142.250.27.188. Number of nodes 29
EtherApe-INFO: 18:25:54.178: New node: IP: 140.82.121.3. Number of nodes 30
EtherApe-INFO: 18:26:00.317: New node: IP: 142.251.39.4. Number of nodes 31
EtherApe-INFO: 18:26:00.320: New node: IP: 185.199.110.154. Number of nodes 32
EtherApe-INFO: 18:26:00.321: New node: IP: 185.199.110.133. Number of nodes 33
EtherApe-INFO: 18:26:01.111: New node: IP: 52.41.78.96. Number of nodes 34
EtherApe-INFO: 18:26:01.113: New node: IP: 140.82.112.22. Number of nodes 35
EtherApe-INFO: 18:26:02.251: delete node: IP: 151.101.65.69. Number of nodes 34
EtherApe-INFO: 18:26:02.251: delete node: IP: 151.101.1.69. Number of nodes 33
EtherApe-INFO: 18:26:10.177: New node: IP: 172.217.19.106. Number of nodes 34
EtherApe-INFO: 18:26:10.448: New node: IP: 142.250.201.196. Number of nodes 35
EtherApe-INFO: 18:26:39.851: delete node: IP: 142.250.180.206. Number of nodes 34
EtherApe-INFO: 18:26:39.851: delete node: IP: 91.198.174.208. Number of nodes 33
EtherApe-INFO: 18:26:39.851: delete node: IP: 91.198.174.192. Number of nodes 32
EtherApe-INFO: 18:26:49.112: New node: IP: 142.250.201.202. Number of nodes 33
EtherApe-INFO: 18:26:59.331: delete node: IP: 142.250.180.202. Number of nodes 32
EtherApe-INFO: 18:27:10.183: New node: IP: 185.199.108.133. Number of nodes 33
EtherApe-INFO: 18:27:29.119: delete node: IP: 142.250.180.238. Number of nodes 32
EtherApe-INFO: 18:27:51.551: delete node: IP: 142.251.39.36. Number of nodes 31
EtherApe-INFO: 18:27:52.086: delete node: IP: 140.82.112.25. Number of nodes 30
EtherApe-INFO: 18:27:54.770: delete node: IP: 140.82.114.25. Number of nodes 29
EtherApe-INFO: 18:28:00.885: delete node: IP: 142.251.39.4. Number of nodes 28
EtherApe-INFO: 18:28:17.646: New node: IP: 95.216.195.133. Number of nodes 29
EtherApe-INFO: 18:28:36.050: delete node: IP: 34.96.128.111. Number of nodes 28
EtherApe-INFO: 18:28:44.375: delete node: IP: 142.250.201.195. Number of nodes 27
EtherApe-INFO: 18:28:44.845: New node: IP: 142.250.201.195. Number of nodes 28
EtherApe-INFO: 18:29:06.016: delete node: IP: 35.201.97.85. Number of nodes 27
EtherApe-INFO: 18:29:14.711: New node: IP: 172.217.20.10. Number of nodes 28
EtherApe-INFO: 18:29:24.869: delete node: IP: 149.154.167.223. Number of nodes 27
EtherApe-INFO: 18:29:24.870: delete node: IP: 142.251.39.42. Number of nodes 26
EtherApe-INFO: 18:29:44.369: delete node: IP: 239.255.255.250. Number of nodes 25
EtherApe-INFO: 18:29:45.215: delete node: IP: 142.250.201.206. Number of nodes 24
EtherApe-INFO: 18:30:17.154: delete node: IP: 142.250.201.202. Number of nodes 23
EtherApe-INFO: 18:30:18.738: delete node: IP: 95.216.195.133. Number of nodes 22
EtherApe-INFO: 18:30:22.177: New node: IP: 151.101.1.69. Number of nodes 23
EtherApe-INFO: 18:30:22.977: New node: IP: 151.101.65.69. Number of nodes 24
EtherApe-INFO: 18:30:46.684: Nodes: 24 (shown 10)
EtherApe-INFO: 18:30:47.816: delete node: IP: 185.199.108.133. Number of nodes 23
EtherApe-INFO: 18:30:47.816: delete node: IP: 172.217.19.106. Number of nodes 22
EtherApe-INFO: 18:30:47.816: delete node: IP: 142.250.201.195. Number of nodes 21
EtherApe-INFO: 18:30:47.816: delete node: IP: 52.41.78.96. Number of nodes 20
EtherApe-INFO: 18:31:07.272: delete node: IP: 142.251.39.37. Number of nodes 19
EtherApe-INFO: 18:31:07.272: delete node: IP: 142.250.180.234. Number of nodes 18
EtherApe-INFO: 18:31:51.253: delete node: IP: 192.168.2.1. Number of nodes 17
EtherApe-INFO: 18:31:51.254: delete node: IP: 185.199.110.154. Number of nodes 16
EtherApe-INFO: 18:31:51.254: delete node: IP: 185.199.110.133. Number of nodes 15
EtherApe-INFO: 18:31:51.254: delete node: IP: 172.217.20.14. Number of nodes 14
EtherApe-INFO: 18:31:51.254: delete node: IP: 172.217.20.10. Number of nodes 13
EtherApe-INFO: 18:31:51.254: delete node: IP: 142.251.39.10. Number of nodes 12
EtherApe-INFO: 18:31:51.254: delete node: IP: 142.250.201.196. Number of nodes 11
EtherApe-INFO: 18:31:51.254: delete node: IP: 142.250.150.189. Number of nodes 10
EtherApe-INFO: 18:31:56.047: New node: IP: 192.168.2.1. Number of nodes 11
EtherApe-INFO: 18:31:56.577: New node: IP: 149.154.167.92. Number of nodes 12
EtherApe-INFO: 18:31:56.844: New node: IP: 149.154.175.100. Number of nodes 13
EtherApe-INFO: 18:31:56.851: New node: IP: 108.177.122.94. Number of nodes 14
EtherApe-INFO: 18:31:57.645: New node: IP: 142.251.39.67. Number of nodes 15
EtherApe-INFO: 18:31:57.646: New node: IP: 142.250.150.189. Number of nodes 16
EtherApe-INFO: 18:31:57.914: New node: IP: 142.251.39.4. Number of nodes 17
EtherApe-INFO: 18:31:57.915: New node: IP: 172.217.20.3. Number of nodes 18
EtherApe-INFO: 18:31:58.180: New node: IP: 142.251.39.10. Number of nodes 19
EtherApe-INFO: 18:31:58.180: New node: IP: 142.250.201.206. Number of nodes 20
EtherApe-INFO: 18:31:58.446: New node: IP: 142.250.180.238. Number of nodes 21
EtherApe-INFO: 18:31:58.978: New node: IP: 142.251.39.74. Number of nodes 22
EtherApe-INFO: 18:32:00.048: New node: IP: 140.82.112.26. Number of nodes 23
EtherApe-INFO: 18:32:07.778: New node: IP: 142.251.39.69. Number of nodes 24
EtherApe-INFO: 18:32:11.778: New node: IP: 142.250.102.188. Number of nodes 25
EtherApe-INFO: 18:32:15.246: delete node: IP: 140.82.121.3. Number of nodes 24
EtherApe-INFO: 18:32:19.535: New node: IP: 31.13.92.174. Number of nodes 25
EtherApe-INFO: 18:32:22.711: New node: IP: 172.217.19.106. Number of nodes 26
EtherApe-INFO: 18:32:24.844: New node: IP: 140.82.121.3. Number of nodes 27
EtherApe-INFO: 18:32:25.384: New node: IP: 185.199.110.133. Number of nodes 28
EtherApe-INFO: 18:32:25.911: New node: IP: 3.230.8.201. Number of nodes 29
EtherApe-INFO: 18:32:25.912: New node: IP: 31.43.58.32. Number of nodes 30
EtherApe-INFO: 18:32:33.467: delete node: IP: 140.82.112.22. Number of nodes 29
EtherApe-INFO: 18:32:36.044: New node: IP: 140.82.112.22. Number of nodes 30
EtherApe-INFO: 18:32:36.045: New node: IP: 140.82.112.21. Number of nodes 31
EtherApe-INFO: 18:32:49.111: New node: IP: 142.251.39.78. Number of nodes 32
EtherApe-INFO: 18:32:53.712: delete node: IP: 151.101.1.69. Number of nodes 31
EtherApe-INFO: 18:32:54.806: delete node: IP: 151.101.65.69. Number of nodes 30
EtherApe-INFO: 18:33:07.804: New node: IP: 172.217.20.10. Number of nodes 31
EtherApe-INFO: 18:33:17.671: New node: IP: 95.216.195.133. Number of nodes 32
EtherApe-INFO: 18:33:25.143: New node: IP: 142.250.180.234. Number of nodes 33
EtherApe-INFO: 18:33:40.337: New node: IP: 239.255.255.250. Number of nodes 34
EtherApe-INFO: 18:33:51.881: delete node: IP: 104.18.13.33. Number of nodes 33
EtherApe-INFO: 18:33:57.705: delete node: IP: 149.154.167.92. Number of nodes 32
EtherApe-INFO: 18:33:57.705: delete node: IP: 108.177.122.94. Number of nodes 31
EtherApe-INFO: 18:34:00.619: delete node: IP: 149.154.175.100. Number of nodes 30
EtherApe-INFO: 18:34:10.204: New node: IP: 34.125.0.111. Number of nodes 31
EtherApe-INFO: 18:34:10.213: delete node: IP: 172.217.20.3. Number of nodes 30
EtherApe-INFO: 18:34:15.804: New node: IP: 142.250.180.202. Number of nodes 31
EtherApe-INFO: 18:34:20.960: delete node: IP: 31.13.92.174. Number of nodes 30
EtherApe-INFO: 18:34:27.626: delete node: IP: 31.43.58.32. Number of nodes 29
EtherApe-INFO: 18:34:36.106: delete node: IP: 140.82.112.22. Number of nodes 28
EtherApe-INFO: 18:34:40.149: delete node: IP: 142.250.180.238. Number of nodes 27
EtherApe-INFO: 18:34:47.876: delete node: IP: 142.250.201.206. Number of nodes 26
EtherApe-INFO: 18:35:08.604: New node: IP: 142.250.180.195. Number of nodes 27
EtherApe-INFO: 18:35:10.210: New node: IP: 172.217.20.3. Number of nodes 28
EtherApe-INFO: 18:35:15.807: New node: IP: 104.18.13.33. Number of nodes 29
EtherApe-INFO: 18:35:19.078: delete node: IP: 95.216.195.133. Number of nodes 28
EtherApe-INFO: 18:35:33.218: delete node: IP: 3.230.8.201. Number of nodes 27
EtherApe-INFO: 18:35:35.289: delete node: IP: 172.217.19.99. Number of nodes 26
EtherApe-INFO: 18:35:57.404: New node: IP: 108.177.122.94. Number of nodes 27
EtherApe-INFO: 18:35:57.990: delete node: IP: 140.82.112.26. Number of nodes 26
EtherApe-INFO: 18:36:08.924: delete node: IP: 172.217.20.10. Number of nodes 25
EtherApe-INFO: 18:36:12.188: New node: IP: 173.194.222.113. Number of nodes 26
EtherApe-INFO: 18:36:12.931: New node: IP: 54.148.15.15. Number of nodes 27
EtherApe-INFO: 18:36:14.575: New node: IP: 23.78.48.214. Number of nodes 28
EtherApe-INFO: 18:36:16.129: delete node: IP: 142.250.180.202. Number of nodes 27
EtherApe-INFO: 18:36:16.796: delete node: IP: 142.251.39.67. Number of nodes 26
EtherApe-INFO: 18:36:21.314: New node: IP: 142.251.39.46. Number of nodes 27
EtherApe-INFO: 18:36:22.898: New node: IP: 142.250.180.238. Number of nodes 28
EtherApe-INFO: 18:36:26.381: delete node: IP: 140.82.121.3. Number of nodes 27
EtherApe-INFO: 18:36:26.632: New node: IP: 92.243.18.11. Number of nodes 28
EtherApe-INFO: 18:36:28.768: New node: IP: 172.217.20.10. Number of nodes 29
EtherApe-INFO: 18:36:32.520: delete node: IP: 142.251.39.10. Number of nodes 28
EtherApe-INFO: 18:36:36.786: delete node: IP: 140.82.112.21. Number of nodes 27
EtherApe-INFO: 18:36:58.631: New node: IP: 185.199.110.154. Number of nodes 28
EtherApe-INFO: 18:37:10.381: delete node: IP: 172.217.20.3. Number of nodes 27
EtherApe-INFO: 18:37:11.701: New node: IP: 172.217.20.3. Number of nodes 28
EtherApe-INFO: 18:37:13.831: New node: IP: 149.154.167.223. Number of nodes 29
EtherApe-INFO: 18:37:20.231: New node: IP: 185.199.108.133. Number of nodes 30
EtherApe-INFO: 18:38:09.622: delete node: IP: 142.251.39.78. Number of nodes 29
EtherApe-INFO: 18:38:17.629: delete node: IP: 142.250.180.234. Number of nodes 28
EtherApe-INFO: 18:38:17.858: New node: IP: 95.216.195.133. Number of nodes 29
EtherApe-INFO: 18:38:27.769: delete node: IP: 173.194.222.113. Number of nodes 28
EtherApe-INFO: 18:38:36.263: New node: IP: 142.251.39.13. Number of nodes 29
EtherApe-INFO: 18:38:38.685: delete node: IP: 142.250.180.238. Number of nodes 28
EtherApe-INFO: 18:38:41.325: New node: IP: 142.251.39.3. Number of nodes 29
EtherApe-INFO: 18:38:45.918: delete node: IP: 108.177.122.94. Number of nodes 28
EtherApe-INFO: 18:38:59.740: delete node: IP: 185.199.110.154. Number of nodes 27
EtherApe-INFO: 18:39:12.084: delete node: IP: 172.217.20.3. Number of nodes 26
EtherApe-INFO: 18:39:22.391: New node: IP: 142.250.201.206. Number of nodes 27
EtherApe-INFO: 18:39:22.396: New node: IP: 142.251.39.65. Number of nodes 28
EtherApe-INFO: 18:39:22.927: New node: IP: 34.104.35.123. Number of nodes 29
EtherApe-INFO: 18:39:23.201: New node: IP: 142.251.39.35. Number of nodes 30
EtherApe-INFO: 18:39:23.204: New node: IP: 142.250.180.206. Number of nodes 31
EtherApe-INFO: 18:39:23.459: New node: IP: 172.217.19.110. Number of nodes 32
EtherApe-INFO: 18:39:37.324: New node: IP: 108.177.122.94. Number of nodes 33
EtherApe-INFO: 18:39:40.791: New node: IP: 140.82.112.26. Number of nodes 34
EtherApe-INFO: 18:39:41.591: New node: IP: 140.82.112.25. Number of nodes 35
EtherApe-INFO: 18:39:59.545: delete node: IP: 185.199.108.133. Number of nodes 34
EtherApe-INFO: 18:40:03.805: delete node: IP: 92.243.18.11. Number of nodes 33
EtherApe-INFO: 18:40:14.179: delete node: IP: 54.148.15.15. Number of nodes 32
EtherApe-INFO: 18:40:19.006: delete node: IP: 95.216.195.133. Number of nodes 31
EtherApe-INFO: 18:40:31.204: New node: IP: 172.217.20.3. Number of nodes 32
EtherApe-INFO: 18:41:02.658: New node: IP: 142.251.39.78. Number of nodes 33
EtherApe-INFO: 18:41:06.124: New node: IP: 35.201.97.85. Number of nodes 34
EtherApe-INFO: 18:41:29.327: New node: IP: 142.251.39.10. Number of nodes 35
EtherApe-INFO: 18:41:29.597: New node: IP: 142.250.180.238. Number of nodes 36
EtherApe-INFO: 18:41:29.598: New node: IP: 142.250.201.202. Number of nodes 37
EtherApe-INFO: 18:41:29.601: New node: IP: 172.217.20.14. Number of nodes 38
EtherApe-INFO: 18:41:29.872: New node: IP: 142.250.180.235. Number of nodes 39
EtherApe-INFO: 18:41:30.393: New node: IP: 142.250.180.234. Number of nodes 40
EtherApe-INFO: 18:41:31.193: New node: IP: 172.217.19.99. Number of nodes 41
EtherApe-INFO: 18:41:31.193: New node: IP: 142.251.32.99. Number of nodes 42
EtherApe-INFO: 18:41:37.684: delete node: IP: 108.177.122.94. Number of nodes 41
EtherApe-INFO: 18:41:40.857: delete node: IP: 140.82.112.26. Number of nodes 40
EtherApe-INFO: 18:41:50.391: New node: IP: 140.82.113.25. Number of nodes 41
EtherApe-INFO: 18:42:11.725: New node: IP: 142.251.39.37. Number of nodes 42
EtherApe-INFO: 18:43:10.970: delete node: IP: 142.251.39.69. Number of nodes 41
EtherApe-INFO: 18:43:17.858: New node: IP: 95.216.195.133. Number of nodes 42
EtherApe-INFO: 18:43:30.139: delete node: IP: 34.104.35.123. Number of nodes 41
EtherApe-INFO: 18:43:40.611: delete node: IP: 172.217.20.3. Number of nodes 40
EtherApe-INFO: 18:43:40.611: delete node: IP: 172.217.19.110. Number of nodes 39
EtherApe-INFO: 18:43:40.611: delete node: IP: 172.217.19.99. Number of nodes 38
EtherApe-INFO: 18:43:40.611: delete node: IP: 142.251.39.65. Number of nodes 37
EtherApe-INFO: 18:43:40.611: delete node: IP: 142.251.39.46. Number of nodes 36
EtherApe-INFO: 18:43:40.611: delete node: IP: 142.251.39.35. Number of nodes 35
EtherApe-INFO: 18:43:40.611: delete node: IP: 142.251.32.99. Number of nodes 34
EtherApe-INFO: 18:43:40.611: delete node: IP: 142.250.201.206. Number of nodes 33
EtherApe-INFO: 18:43:40.611: delete node: IP: 142.250.201.202. Number of nodes 32
EtherApe-INFO: 18:43:40.611: delete node: IP: 142.250.180.238. Number of nodes 31
EtherApe-INFO: 18:43:40.611: delete node: IP: 142.250.180.234. Number of nodes 30
EtherApe-INFO: 18:43:40.611: delete node: IP: 142.250.180.206. Number of nodes 29
EtherApe-INFO: 18:44:01.062: New node: IP: 31.13.92.174. Number of nodes 30
EtherApe-INFO: 18:44:04.258: New node: IP: 54.148.15.15. Number of nodes 31
EtherApe-INFO: 18:44:05.596: New node: IP: 31.43.58.32. Number of nodes 32
EtherApe-INFO: 18:44:11.991: New node: IP: 142.250.180.238. Number of nodes 33
EtherApe-INFO: 18:44:12.044: delete node: IP: 23.78.48.214. Number of nodes 32
EtherApe-INFO: 18:44:22.661: New node: IP: 142.250.201.202. Number of nodes 33
EtherApe-INFO: 18:44:33.924: delete node: IP: 142.251.39.78. Number of nodes 32
EtherApe-INFO: 18:44:37.137: delete node: IP: 142.251.39.13. Number of nodes 31
EtherApe-INFO: 18:44:41.869: delete node: IP: 142.251.39.3. Number of nodes 30
EtherApe-INFO: 18:44:45.910: delete node: IP: 185.199.110.133. Number of nodes 29
EtherApe-INFO: 18:44:45.910: delete node: IP: 142.250.180.195. Number of nodes 28
EtherApe-INFO: 18:44:46.661: New node: IP: 142.250.180.195. Number of nodes 29
EtherApe-INFO: 18:44:51.191: New node: IP: 142.250.201.206. Number of nodes 30
EtherApe-INFO: 18:44:51.463: New node: IP: 142.250.180.227. Number of nodes 31
EtherApe-INFO: 18:44:51.725: New node: IP: 64.233.161.138. Number of nodes 32
EtherApe-INFO: 18:45:18.171: delete node: IP: 95.216.195.133. Number of nodes 31
EtherApe-INFO: 18:45:52.525: New node: IP: 142.251.39.36. Number of nodes 32
EtherApe-INFO: 18:45:57.353: delete node: IP: 149.154.167.223. Number of nodes 31
EtherApe-INFO: 18:46:10.716: delete node: IP: 31.43.58.32. Number of nodes 30
EtherApe-INFO: 18:46:10.717: delete node: IP: 31.13.92.174. Number of nodes 29
EtherApe-INFO: 18:46:21.057: New node: IP: 64.233.161.113. Number of nodes 30
EtherApe-INFO: 18:46:23.191: New node: IP: 3.230.8.201. Number of nodes 31
EtherApe-INFO: 18:46:27.461: New node: IP: 142.250.201.195. Number of nodes 32
EtherApe-INFO: 18:46:27.728: New node: IP: 149.154.167.223. Number of nodes 33
EtherApe-INFO: 18:46:32.258: New node: IP: 142.251.39.78. Number of nodes 34
EtherApe-INFO: 18:46:51.755: delete node: IP: 142.250.180.195. Number of nodes 33
EtherApe-INFO: 18:46:51.755: delete node: IP: 64.233.161.138. Number of nodes 32
EtherApe-INFO: 18:46:57.905: delete node: IP: 142.250.180.238. Number of nodes 31
EtherApe-INFO: 18:47:12.792: New node: IP: 142.250.180.229. Number of nodes 32
EtherApe-INFO: 18:47:30.924: New node: IP: 142.250.180.206. Number of nodes 33
EtherApe-INFO: 18:47:30.925: New node: IP: 217.65.3.21. Number of nodes 34
EtherApe-INFO: 18:47:30.958: delete node: IP: 172.217.20.10. Number of nodes 33
EtherApe-INFO: 18:47:30.958: delete node: IP: 142.250.180.235. Number of nodes 32
EtherApe-INFO: 18:47:37.857: New node: IP: 46.246.28.85. Number of nodes 33
EtherApe-INFO: 18:47:40.025: delete node: IP: 142.251.39.10. Number of nodes 32
EtherApe-INFO: 18:47:45.860: New node: IP: 192.0.77.37. Number of nodes 33
EtherApe-INFO: 18:47:46.138: New node: IP: 142.251.39.10. Number of nodes 34
EtherApe-INFO: 18:47:46.662: New node: IP: 192.0.73.2. Number of nodes 35
EtherApe-INFO: 18:47:57.918: delete node: IP: 142.251.39.36. Number of nodes 34
EtherApe-INFO: 18:48:12.063: delete node: IP: 142.251.39.37. Number of nodes 33
EtherApe-INFO: 18:48:17.857: New node: IP: 95.216.195.133. Number of nodes 34
EtherApe-INFO: 18:48:26.662: New node: IP: 142.250.180.202. Number of nodes 35
EtherApe-INFO: 18:48:27.524: delete node: IP: 142.250.201.206. Number of nodes 34
EtherApe-INFO: 18:48:27.739: delete node: IP: 142.250.180.227. Number of nodes 33
EtherApe-INFO: 18:48:48.337: delete node: IP: 142.250.201.195. Number of nodes 32
EtherApe-INFO: 18:48:48.791: New node: IP: 142.250.201.195. Number of nodes 33
EtherApe-INFO: 18:48:56.791: New node: IP: 172.217.20.10. Number of nodes 34
EtherApe-INFO: 18:49:10.124: New node: IP: 172.217.20.3. Number of nodes 35
EtherApe-INFO: 18:49:32.872: delete node: IP: 64.233.161.113. Number of nodes 34
EtherApe-INFO: 18:49:51.229: delete node: IP: 142.250.201.202. Number of nodes 33
EtherApe-INFO: 18:50:01.084: New node: IP: 64.233.163.113. Number of nodes 34
EtherApe-INFO: 18:50:01.620: New node: IP: 172.217.19.110. Number of nodes 35
EtherApe-INFO: 18:50:17.161: delete node: IP: 192.0.73.2. Number of nodes 34
EtherApe-INFO: 18:50:17.932: delete node: IP: 95.216.195.133. Number of nodes 33
EtherApe-INFO: 18:50:36.867: delete node: IP: 217.65.3.21. Number of nodes 32
EtherApe-INFO: 18:50:41.444: delete node: IP: 54.148.15.15. Number of nodes 31
EtherApe-INFO: 18:50:43.010: delete node: IP: 142.251.39.10. Number of nodes 30
EtherApe-INFO: 18:50:45.618: New node: IP: 142.250.180.238. Number of nodes 31
EtherApe-INFO: 18:50:45.659: delete node: IP: 142.250.180.202. Number of nodes 30
EtherApe-INFO: 18:51:10.459: delete node: IP: 172.217.20.3. Number of nodes 29
EtherApe-INFO: 18:51:11.765: delete node: IP: 149.154.167.223. Number of nodes 28
EtherApe-INFO: 18:51:22.244: delete node: IP: 142.250.180.206. Number of nodes 27
EtherApe-INFO: 18:51:29.885: New node: IP: 149.154.167.223. Number of nodes 28
EtherApe-INFO: 18:51:48.818: New node: IP: 142.250.180.202. Number of nodes 29
EtherApe-INFO: 18:52:05.091: delete node: IP: 172.217.19.110. Number of nodes 28
EtherApe-INFO: 18:52:10.151: New node: IP: 216.58.196.67. Number of nodes 29
EtherApe-INFO: 18:52:12.295: delete node: IP: 64.233.163.113. Number of nodes 28
EtherApe-INFO: 18:52:45.677: delete node: IP: 142.250.180.238. Number of nodes 27
EtherApe-INFO: 18:52:50.265: delete node: IP: 142.250.201.195. Number of nodes 26
EtherApe-INFO: 18:52:50.684: New node: IP: 142.250.201.195. Number of nodes 27
EtherApe-INFO: 18:52:52.300: delete node: IP: 172.217.20.14. Number of nodes 26
EtherApe-INFO: 18:52:57.619: New node: IP: 142.251.39.46. Number of nodes 27
EtherApe-INFO: 18:53:13.384: delete node: IP: 192.0.77.37. Number of nodes 26
EtherApe-INFO: 18:53:32.819: New node: IP: 95.216.195.133. Number of nodes 27
EtherApe-INFO: 18:53:43.485: New node: IP: 104.18.12.33. Number of nodes 28
EtherApe-INFO: 18:53:46.179: delete node: IP: 149.154.167.223. Number of nodes 27
EtherApe-INFO: 18:54:12.061: delete node: IP: 216.58.196.67. Number of nodes 26
EtherApe-INFO: 18:54:32.373: delete node: IP: 46.246.28.85. Number of nodes 25
EtherApe-INFO: 18:54:34.223: delete node: IP: 142.250.102.188. Number of nodes 24
EtherApe-INFO: 18:54:51.792: delete node: IP: 142.250.180.202. Number of nodes 23
EtherApe-INFO: 18:54:51.792: delete node: IP: 34.125.0.111. Number of nodes 22
EtherApe-INFO: 18:55:05.943: delete node: IP: 172.217.20.10. Number of nodes 21
EtherApe-INFO: 18:55:10.186: delete node: IP: 3.230.8.201. Number of nodes 20
EtherApe-INFO: 18:55:10.952: New node: IP: 149.154.167.223. Number of nodes 21
EtherApe-INFO: 18:55:22.685: New node: IP: 172.217.19.101. Number of nodes 22
EtherApe-INFO: 18:55:30.685: New node: IP: 142.250.180.238. Number of nodes 23
EtherApe-INFO: 18:55:33.404: delete node: IP: 95.216.195.133. Number of nodes 22
EtherApe-INFO: 18:55:51.217: New node: IP: 34.125.0.111. Number of nodes 23
EtherApe-INFO: 18:55:57.618: New node: IP: 142.250.201.202. Number of nodes 24
EtherApe-INFO: 18:56:03.486: New node: IP: 142.250.201.196. Number of nodes 25
EtherApe-INFO: 18:56:27.587: delete node: IP: 140.82.112.25. Number of nodes 24
EtherApe-INFO: 18:56:34.951: New node: IP: 35.227.194.49. Number of nodes 25
EtherApe-INFO: 18:56:44.061: delete node: IP: 104.18.13.33. Number of nodes 24
EtherApe-INFO: 18:56:47.503: delete node: IP: 140.82.113.25. Number of nodes 23
EtherApe-INFO: 18:56:51.811: delete node: IP: 142.250.201.195. Number of nodes 22
EtherApe-INFO: 18:56:52.817: New node: IP: 142.250.201.195. Number of nodes 23
EtherApe-INFO: 18:57:06.154: New node: IP: 62.149.0.30. Number of nodes 24
EtherApe-INFO: 18:57:10.157: New node: IP: 172.217.19.99. Number of nodes 25
EtherApe-INFO: 18:57:10.158: New node: IP: 216.239.32.116. Number of nodes 26
EtherApe-INFO: 18:57:22.418: New node: IP: 173.194.221.189. Number of nodes 27
EtherApe-INFO: 18:57:22.803: delete node: IP: 142.250.180.229. Number of nodes 26
EtherApe-INFO: 18:57:29.621: New node: IP: 217.65.3.21. Number of nodes 27
EtherApe-INFO: 18:57:31.020: delete node: IP: 142.250.180.238. Number of nodes 26
EtherApe-INFO: 18:57:48.561: delete node: IP: 142.251.39.4. Number of nodes 25
EtherApe-INFO: 18:57:50.219: delete node: IP: 35.201.97.85. Number of nodes 24
EtherApe-INFO: 18:57:51.484: New node: IP: 104.18.13.33. Number of nodes 25
EtherApe-INFO: 18:57:52.555: New node: IP: 172.217.20.3. Number of nodes 26
EtherApe-INFO: 18:57:52.555: New node: IP: 35.227.248.88. Number of nodes 27
EtherApe-INFO: 18:57:52.556: New node: IP: 216.58.196.163. Number of nodes 28
EtherApe-INFO: 18:57:59.751: New node: IP: 142.250.180.227. Number of nodes 29
EtherApe-INFO: 18:58:00.018: New node: IP: 3.230.8.201. Number of nodes 30
EtherApe-INFO: 18:58:06.152: New node: IP: 95.216.195.133. Number of nodes 31
EtherApe-INFO: 18:58:06.417: New node: IP: 127.0.0.1. Number of nodes 32
EtherApe-INFO: 18:58:11.754: New node: IP: 0.0.0.0. Number of nodes 33
EtherApe-INFO: 18:58:11.754: New node: IP: 255.255.255.255. Number of nodes 34
EtherApe-INFO: 18:58:12.019: New node: IP: 142.250.180.206. Number of nodes 35
EtherApe-INFO: 18:58:12.020: New node: IP: 35.201.97.85. Number of nodes 36
EtherApe-INFO: 18:58:12.822: New node: IP: 140.82.114.25. Number of nodes 37
EtherApe-INFO: 18:58:12.882: delete node: IP: 142.251.39.46. Number of nodes 36
EtherApe-INFO: 18:58:13.618: New node: IP: 149.154.175.100. Number of nodes 37
EtherApe-INFO: 18:58:14.418: New node: IP: 8.8.8.8. Number of nodes 38
EtherApe-INFO: 18:58:15.218: New node: IP: 142.250.180.202. Number of nodes 39
EtherApe-INFO: 18:58:15.487: New node: IP: 142.250.27.188. Number of nodes 40
EtherApe-INFO: 18:58:16.018: New node: IP: 104.16.248.249. Number of nodes 41
EtherApe-INFO: 18:58:18.417: New node: IP: 224.0.0.251. Number of nodes 42
EtherApe-INFO: 18:58:20.019: New node: IP: 142.251.39.10. Number of nodes 43
EtherApe-INFO: 18:58:21.618: New node: IP: 149.154.167.92. Number of nodes 44
EtherApe-INFO: 18:58:27.754: New node: IP: 149.154.167.91. Number of nodes 45
EtherApe-INFO: 18:58:29.618: New node: IP: 91.108.56.145. Number of nodes 46
EtherApe-INFO: 18:58:31.792: New node: IP: 142.250.180.238. Number of nodes 47
EtherApe-INFO: 18:58:32.020: New node: IP: 31.13.92.174. Number of nodes 48
EtherApe-INFO: 18:58:33.625: New node: IP: 50.116.36.110. Number of nodes 49
EtherApe-INFO: 18:58:35.751: New node: IP: 91.108.56.188. Number of nodes 50
EtherApe-INFO: 18:58:37.637: New node: IP: 149.154.175.57. Number of nodes 51
EtherApe-INFO: 18:58:37.637: New node: IP: 149.154.175.54. Number of nodes 52
EtherApe-INFO: 18:58:43.758: New node: IP: 149.154.175.50. Number of nodes 53
EtherApe-INFO: 18:58:46.418: New node: IP: 34.239.33.156. Number of nodes 54
EtherApe-INFO: 18:58:46.954: New node: IP: 185.161.175.26. Number of nodes 55
EtherApe-INFO: 18:58:47.232: New node: IP: 149.56.97.241. Number of nodes 56
EtherApe-INFO: 18:58:47.752: New node: IP: 72.4.120.219. Number of nodes 57
EtherApe-INFO: 18:58:53.355: New node: IP: 184.105.240.111. Number of nodes 58
EtherApe-INFO: 18:58:57.618: New node: IP: 143.244.34.62. Number of nodes 59
EtherApe-INFO: 18:59:05.351: New node: IP: 5.200.5.80. Number of nodes 60
EtherApe-INFO: 18:59:06.230: delete node: IP: 62.149.0.30. Number of nodes 59
EtherApe-INFO: 18:59:08.018: New node: IP: 31.220.0.151. Number of nodes 60
EtherApe-INFO: 18:59:08.021: New node: IP: 142.250.180.234. Number of nodes 61
EtherApe-INFO: 18:59:16.565: New node: IP: 8.8.4.4. Number of nodes 62
EtherApe-INFO: 18:59:16.566: New node: IP: 35.188.42.15. Number of nodes 63
EtherApe-INFO: 18:59:16.819: New node: IP: 212.219.56.184. Number of nodes 64
EtherApe-INFO: 18:59:16.874: delete node: IP: 149.154.167.223. Number of nodes 63
EtherApe-INFO: 18:59:18.220: New node: IP: 104.16.249.249. Number of nodes 64
EtherApe-INFO: 18:59:18.222: New node: IP: 132.147.70.90. Number of nodes 65
EtherApe-INFO: 18:59:20.876: delete node: IP: 142.251.39.74. Number of nodes 64
EtherApe-INFO: 18:59:21.885: New node: IP: 140.82.121.3. Number of nodes 65
EtherApe-INFO: 18:59:22.955: New node: IP: 142.251.39.37. Number of nodes 66
EtherApe-INFO: 18:59:28.045: New node: IP: 147.96.25.75. Number of nodes 67
EtherApe-INFO: 18:59:29.128: delete node: IP: 142.250.150.189. Number of nodes 66
EtherApe-INFO: 18:59:36.581: New node: IP: 140.82.113.26. Number of nodes 67
EtherApe-INFO: 18:59:39.251: New node: IP: 193.136.164.6. Number of nodes 68
EtherApe-INFO: 18:59:39.251: New node: IP: 128.8.207.141. Number of nodes 69
EtherApe-INFO: 18:59:49.916: New node: IP: 130.225.254.116. Number of nodes 70
EtherApe-INFO: 18:59:50.447: New node: IP: 195.30.85.80. Number of nodes 71
EtherApe-INFO: 18:59:52.627: delete node: IP: 104.18.13.33. Number of nodes 70
EtherApe-INFO: 18:59:56.584: delete node: IP: 104.18.12.33. Number of nodes 69
EtherApe-INFO: 18:59:59.811: delete node: IP: 35.227.194.49. Number of nodes 68
EtherApe-INFO: 19:00:01.112: New node: IP: 5.135.167.33. Number of nodes 69
EtherApe-INFO: 19:00:01.114: New node: IP: 94.130.180.40. Number of nodes 70
EtherApe-INFO: 19:00:11.244: New node: IP: 194.71.11.163. Number of nodes 71
EtherApe-INFO: 19:00:11.246: New node: IP: 66.175.222.212. Number of nodes 72
EtherApe-INFO: 19:00:11.792: delete node: IP: 255.255.255.255. Number of nodes 71
EtherApe-INFO: 19:00:11.792: delete node: IP: 127.0.0.1. Number of nodes 70
EtherApe-INFO: 19:00:11.792: delete node: IP: 0.0.0.0. Number of nodes 69
EtherApe-INFO: 19:00:18.743: delete node: IP: 34.125.0.111. Number of nodes 68
EtherApe-INFO: 19:00:21.119: New node: IP: 194.71.11.165. Number of nodes 69
EtherApe-INFO: 19:00:21.378: New node: IP: 142.251.39.42. Number of nodes 70
EtherApe-INFO: 19:00:21.467: delete node: IP: 224.0.0.251. Number of nodes 69
EtherApe-INFO: 19:00:21.918: New node: IP: 137.132.155.197. Number of nodes 70
EtherApe-INFO: 19:00:25.645: New node: IP: 172.217.19.110. Number of nodes 71
EtherApe-INFO: 19:00:26.776: delete node: IP: 172.217.19.106. Number of nodes 70
EtherApe-INFO: 19:00:31.248: New node: IP: 195.182.88.140. Number of nodes 71
EtherApe-INFO: 19:00:31.897: delete node: IP: 3.230.8.201. Number of nodes 70
EtherApe-INFO: 19:00:32.858: New node: IP: 38.229.66.100. Number of nodes 71
EtherApe-INFO: 19:00:45.170: delete node: IP: 142.250.180.206. Number of nodes 70
EtherApe-INFO: 19:00:46.181: New node: IP: 202.158.214.106. Number of nodes 71
EtherApe-INFO: 19:00:50.255: delete node: IP: 185.161.175.26. Number of nodes 70
EtherApe-INFO: 19:00:52.852: New node: IP: 195.154.242.41. Number of nodes 71
EtherApe-INFO: 19:00:55.779: New node: IP: 74.207.245.103. Number of nodes 72
EtherApe-INFO: 19:01:01.426: delete node: IP: 217.65.3.21. Number of nodes 71
EtherApe-INFO: 19:01:03.245: New node: IP: 130.133.110.66. Number of nodes 72
EtherApe-INFO: 19:01:04.911: delete node: IP: 142.250.180.238. Number of nodes 71
EtherApe-INFO: 19:01:06.248: delete node: IP: 50.116.36.110. Number of nodes 70
EtherApe-INFO: 19:01:07.779: New node: IP: 201.159.221.67. Number of nodes 71
EtherApe-INFO: 19:01:08.601: delete node: IP: 72.4.120.219. Number of nodes 70
EtherApe-INFO: 19:01:14.178: New node: IP: 208.81.1.244. Number of nodes 71
EtherApe-INFO: 19:01:19.814: delete node: IP: 149.56.97.241. Number of nodes 70
EtherApe-INFO: 19:01:20.604: New node: IP: 142.251.39.4. Number of nodes 71
EtherApe-INFO: 19:01:20.872: New node: IP: 200.12.169.10. Number of nodes 72
EtherApe-INFO: 19:01:23.805: New node: IP: 52.41.78.96. Number of nodes 73
EtherApe-INFO: 19:01:24.074: New node: IP: 193.219.28.2. Number of nodes 74
EtherApe-INFO: 19:01:25.552: delete node: IP: 184.105.240.111. Number of nodes 73
EtherApe-INFO: 19:01:27.641: delete node: IP: 31.13.81.52. Number of nodes 72
EtherApe-INFO: 19:01:29.697: New node: IP: 190.96.111.43. Number of nodes 73
EtherApe-INFO: 19:01:30.507: New node: IP: 149.154.167.223. Number of nodes 74
EtherApe-INFO: 19:01:35.909: delete node: IP: 143.244.34.62. Number of nodes 73
EtherApe-INFO: 19:01:37.345: delete node: IP: 5.200.5.80. Number of nodes 72
EtherApe-INFO: 19:01:39.040: New node: IP: 202.118.254.110. Number of nodes 73
EtherApe-INFO: 19:01:39.568: New node: IP: 202.117.13.130. Number of nodes 74
EtherApe-INFO: 19:01:39.568: New node: IP: 209.222.17.72. Number of nodes 75
EtherApe-INFO: 19:01:40.632: New node: IP: 140.82.121.4. Number of nodes 76
EtherApe-INFO: 19:01:41.241: delete node: IP: 142.250.180.234. Number of nodes 75
EtherApe-INFO: 19:01:43.656: delete node: IP: 212.219.56.184. Number of nodes 74
EtherApe-INFO: 19:01:44.634: delete node: IP: 31.220.0.151. Number of nodes 73
EtherApe-INFO: 19:01:44.906: New node: IP: 152.115.59.243. Number of nodes 74
EtherApe-INFO: 19:01:50.232: New node: IP: 200.12.169.124. Number of nodes 75
EtherApe-INFO: 19:01:50.498: New node: IP: 5.252.226.107. Number of nodes 76
EtherApe-INFO: 19:01:50.579: delete node: IP: 147.96.25.75. Number of nodes 75
EtherApe-INFO: 19:01:54.233: New node: IP: 216.239.34.117. Number of nodes 76
EtherApe-INFO: 19:01:55.567: New node: IP: 78.92.117.14. Number of nodes 77
EtherApe-INFO: 19:01:55.861: delete node: IP: 132.147.70.90. Number of nodes 76
EtherApe-INFO: 19:02:00.199: delete node: IP: 31.13.92.174. Number of nodes 75
EtherApe-INFO: 19:02:01.760: delete node: IP: 193.136.164.6. Number of nodes 74
EtherApe-INFO: 19:02:05.697: New node: IP: 37.247.57.95. Number of nodes 75
EtherApe-INFO: 19:02:07.568: New node: IP: 142.250.201.206. Number of nodes 76
EtherApe-INFO: 19:02:09.698: New node: IP: 142.250.180.234. Number of nodes 77
EtherApe-INFO: 19:02:11.042: New node: IP: 142.251.39.46. Number of nodes 78
EtherApe-INFO: 19:02:14.028: delete node: IP: 140.82.113.26. Number of nodes 77
EtherApe-INFO: 19:02:15.835: New node: IP: 163.172.251.107. Number of nodes 78
EtherApe-INFO: 19:02:21.730: delete node: IP: 130.225.254.116. Number of nodes 77
EtherApe-INFO: 19:02:23.892: delete node: IP: 34.239.33.156. Number of nodes 76
EtherApe-INFO: 19:02:25.432: New node: IP: 104.21.39.89. Number of nodes 77
EtherApe-INFO: 19:02:27.327: delete node: IP: 195.30.85.80. Number of nodes 76
EtherApe-INFO: 19:02:32.377: delete node: IP: 5.135.167.33. Number of nodes 75
EtherApe-INFO: 19:02:32.912: New node: IP: 5.28.195.9. Number of nodes 76
EtherApe-INFO: 19:02:32.915: New node: IP: 34.239.33.156. Number of nodes 77
EtherApe-INFO: 19:02:34.766: New node: IP: 132.147.70.90. Number of nodes 78
EtherApe-INFO: 19:02:35.066: New node: IP: 35.227.194.49. Number of nodes 79
EtherApe-INFO: 19:02:35.848: New node: IP: 140.82.114.26. Number of nodes 80
EtherApe-INFO: 19:02:36.102: New node: IP: 185.199.110.154. Number of nodes 81
EtherApe-INFO: 19:02:36.102: New node: IP: 185.199.111.133. Number of nodes 82
EtherApe-INFO: 19:02:36.639: New node: IP: 140.82.113.22. Number of nodes 83
EtherApe-INFO: 19:02:37.482: New node: IP: 172.217.19.106. Number of nodes 84
EtherApe-INFO: 19:02:38.323: delete node: IP: 94.130.180.40. Number of nodes 83
EtherApe-INFO: 19:02:38.827: New node: IP: 104.18.12.33. Number of nodes 84
EtherApe-INFO: 19:02:40.446: New node: IP: 104.18.13.33. Number of nodes 85
EtherApe-INFO: 19:02:41.705: delete node: IP: 137.132.155.197. Number of nodes 84
EtherApe-INFO: 19:02:42.925: delete node: IP: 194.71.11.163. Number of nodes 83
EtherApe-INFO: 19:02:47.843: delete node: IP: 66.175.222.212. Number of nodes 82
EtherApe-INFO: 19:02:52.639: delete node: IP: 194.71.11.165. Number of nodes 81
EtherApe-INFO: 19:02:53.165: New node: IP: 142.251.39.45. Number of nodes 82
EtherApe-INFO: 19:02:53.775: delete node: IP: 202.158.214.106. Number of nodes 81
EtherApe-INFO: 19:02:54.795: delete node: IP: 142.250.201.202. Number of nodes 80
EtherApe-INFO: 19:03:04.102: delete node: IP: 38.229.66.100. Number of nodes 79
EtherApe-INFO: 19:03:05.967: New node: IP: 185.161.175.26. Number of nodes 80
EtherApe-INFO: 19:03:06.240: New node: IP: 149.56.97.241. Number of nodes 81
EtherApe-INFO: 19:03:08.773: delete node: IP: 195.182.88.140. Number of nodes 80
EtherApe-INFO: 19:03:13.710: New node: IP: 142.251.39.67. Number of nodes 81
EtherApe-INFO: 19:03:15.355: delete node: IP: 201.159.221.67. Number of nodes 80
EtherApe-INFO: 19:03:18.766: New node: IP: 95.216.144.15. Number of nodes 81
EtherApe-INFO: 19:03:23.926: delete node: IP: 172.217.19.101. Number of nodes 80
EtherApe-INFO: 19:03:24.154: delete node: IP: 200.12.169.10. Number of nodes 79
EtherApe-INFO: 19:03:26.041: delete node: IP: 140.82.121.3. Number of nodes 78
EtherApe-INFO: 19:03:26.231: New node: IP: 46.246.28.85. Number of nodes 79
EtherApe-INFO: 19:03:26.768: New node: IP: 31.13.81.174. Number of nodes 80
EtherApe-INFO: 19:03:27.858: delete node: IP: 74.207.245.103. Number of nodes 79
EtherApe-INFO: 19:03:28.899: New node: IP: 31.13.92.51. Number of nodes 80
EtherApe-INFO: 19:03:28.900: New node: IP: 50.116.36.110. Number of nodes 81
EtherApe-INFO: 19:03:29.462: New node: IP: 31.13.81.52. Number of nodes 82
EtherApe-INFO: 19:03:29.734: delete node: IP: 195.154.242.41. Number of nodes 81
EtherApe-INFO: 19:03:29.734: delete node: IP: 142.250.180.202. Number of nodes 80
EtherApe-INFO: 19:03:32.658: New node: IP: 142.251.39.69. Number of nodes 81
EtherApe-INFO: 19:03:40.770: delete node: IP: 130.133.110.66. Number of nodes 80
EtherApe-INFO: 19:03:50.306: delete node: IP: 200.12.169.124. Number of nodes 79
EtherApe-INFO: 19:03:50.801: New node: IP: 216.239.38.117. Number of nodes 80
EtherApe-INFO: 19:03:50.861: delete node: IP: 208.81.1.244. Number of nodes 79
EtherApe-INFO: 19:03:52.963: delete node: IP: 172.217.19.110. Number of nodes 78
EtherApe-INFO: 19:03:52.963: delete node: IP: 142.250.201.196. Number of nodes 77
EtherApe-INFO: 19:03:53.298: delete node: IP: 202.117.13.130. Number of nodes 76
EtherApe-INFO: 19:03:57.489: delete node: IP: 35.188.42.15. Number of nodes 75
EtherApe-INFO: 19:04:01.018: delete node: IP: 193.219.28.2. Number of nodes 74
EtherApe-INFO: 19:04:01.236: delete node: IP: 190.96.111.43. Number of nodes 73
EtherApe-INFO: 19:04:04.565: New node: IP: 172.217.20.10. Number of nodes 74
EtherApe-INFO: 19:04:06.873: delete node: IP: 173.194.221.189. Number of nodes 73
EtherApe-INFO: 19:04:08.196: delete node: IP: 142.250.27.188. Number of nodes 72
EtherApe-INFO: 19:04:11.705: delete node: IP: 209.222.17.72. Number of nodes 71
EtherApe-INFO: 19:04:12.688: New node: IP: 142.251.39.36. Number of nodes 72
EtherApe-INFO: 19:04:16.684: New node: IP: 142.250.201.202. Number of nodes 73
EtherApe-INFO: 19:04:19.092: New node: IP: 64.233.163.102. Number of nodes 74
EtherApe-INFO: 19:04:19.195: delete node: IP: 216.58.196.163. Number of nodes 73
EtherApe-INFO: 19:04:20.685: New node: IP: 64.233.163.113. Number of nodes 74
EtherApe-INFO: 19:04:20.954: New node: IP: 142.250.180.238. Number of nodes 75
EtherApe-INFO: 19:04:22.818: New node: IP: 142.250.180.206. Number of nodes 76
EtherApe-INFO: 19:04:23.157: delete node: IP: 5.252.226.107. Number of nodes 75
EtherApe-INFO: 19:04:23.621: New node: IP: 142.251.39.65. Number of nodes 76
EtherApe-INFO: 19:04:24.955: New node: IP: 172.217.19.110. Number of nodes 77
EtherApe-INFO: 19:04:24.956: New node: IP: 31.43.58.32. Number of nodes 78
EtherApe-INFO: 19:04:26.026: New node: IP: 217.65.3.21. Number of nodes 79
EtherApe-INFO: 19:04:27.407: delete node: IP: 152.115.59.243. Number of nodes 78
EtherApe-INFO: 19:04:28.422: New node: IP: 3.230.8.201. Number of nodes 79
EtherApe-INFO: 19:04:30.035: New node: IP: 185.199.108.153. Number of nodes 80
EtherApe-INFO: 19:04:32.156: New node: IP: 142.251.39.3. Number of nodes 81
EtherApe-INFO: 19:04:32.171: New node: IP: 185.199.108.154. Number of nodes 82
EtherApe-INFO: 19:04:32.175: New node: IP: 185.199.109.133. Number of nodes 83
EtherApe-INFO: 19:04:33.219: New node: IP: 140.82.112.21. Number of nodes 84
EtherApe-INFO: 19:04:33.246: delete node: IP: 104.16.248.249. Number of nodes 83
EtherApe-INFO: 19:04:33.246: delete node: IP: 8.8.8.8. Number of nodes 82
EtherApe-INFO: 19:04:33.246: delete node: IP: 5.28.195.9. Number of nodes 81
EtherApe-INFO: 19:04:33.624: delete node: IP: 95.216.195.133. Number of nodes 80
EtherApe-INFO: 19:04:34.026: New node: IP: 172.217.20.14. Number of nodes 81
EtherApe-INFO: 19:04:34.308: New node: IP: 192.0.77.37. Number of nodes 82
EtherApe-INFO: 19:04:35.098: New node: IP: 192.0.73.2. Number of nodes 83
EtherApe-INFO: 19:04:36.703: delete node: IP: 163.172.251.107. Number of nodes 82
EtherApe-INFO: 19:04:37.753: New node: IP: 142.251.39.74. Number of nodes 83
EtherApe-INFO: 19:04:37.757: New node: IP: 173.194.222.189. Number of nodes 84
EtherApe-INFO: 19:04:39.093: delete node: IP: 104.21.39.89. Number of nodes 83
EtherApe-INFO: 19:04:40.281: delete node: IP: 149.154.167.92. Number of nodes 82
EtherApe-INFO: 19:04:40.281: delete node: IP: 132.147.70.90. Number of nodes 81
EtherApe-INFO: 19:04:40.969: New node: IP: 135.181.27.174. Number of nodes 82
EtherApe-INFO: 19:04:41.539: delete node: IP: 202.118.254.110. Number of nodes 81
EtherApe-INFO: 19:04:42.823: New node: IP: 151.101.194.217. Number of nodes 82
EtherApe-INFO: 19:04:42.846: delete node: IP: 128.8.207.141. Number of nodes 81
EtherApe-INFO: 19:04:43.371: New node: IP: 151.101.2.217. Number of nodes 82
EtherApe-INFO: 19:04:43.473: delete node: IP: 149.154.167.91. Number of nodes 81
EtherApe-INFO: 19:04:44.315: delete node: IP: 91.108.56.145. Number of nodes 80
EtherApe-INFO: 19:04:44.315: delete node: IP: 78.92.117.14. Number of nodes 79
EtherApe-INFO: 19:04:45.752: New node: IP: 91.198.174.192. Number of nodes 80
EtherApe-INFO: 19:04:45.763: delete node: IP: 8.8.4.4. Number of nodes 79
EtherApe-INFO: 19:04:46.821: New node: IP: 91.198.174.208. Number of nodes 80
EtherApe-INFO: 19:04:46.867: delete node: IP: 37.247.57.95. Number of nodes 79
EtherApe-INFO: 19:04:47.095: delete node: IP: 140.82.114.25. Number of nodes 78
EtherApe-INFO: 19:04:54.017: New node: IP: 94.130.238.215. Number of nodes 79
EtherApe-INFO: 19:04:55.351: New node: IP: 188.114.97.7. Number of nodes 80
EtherApe-INFO: 19:04:57.757: New node: IP: 104.18.31.66. Number of nodes 81
EtherApe-INFO: 19:04:58.296: New node: IP: 104.18.22.9. Number of nodes 82
EtherApe-INFO: 19:04:59.364: New node: IP: 52.84.195.122. Number of nodes 83
EtherApe-INFO: 19:05:04.966: New node: IP: 5.9.66.36. Number of nodes 84
EtherApe-INFO: 19:05:05.767: New node: IP: 172.217.19.118. Number of nodes 85
EtherApe-INFO: 19:05:06.043: New node: IP: 95.216.25.250. Number of nodes 86
EtherApe-INFO: 19:05:06.842: New node: IP: 151.101.2.2. Number of nodes 87
EtherApe-INFO: 19:05:13.853: delete node: IP: 185.161.175.26. Number of nodes 86
EtherApe-INFO: 19:05:13.853: delete node: IP: 149.56.97.241. Number of nodes 85
EtherApe-INFO: 19:05:23.629: New node: IP: 142.250.102.188. Number of nodes 86
EtherApe-INFO: 19:05:24.685: New node: IP: 149.154.165.111. Number of nodes 87
EtherApe-INFO: 19:05:26.052: delete node: IP: 149.154.175.50. Number of nodes 86
EtherApe-INFO: 19:05:27.648: delete node: IP: 149.154.175.57. Number of nodes 85
EtherApe-INFO: 19:05:29.245: delete node: IP: 149.154.175.54. Number of nodes 84
EtherApe-INFO: 19:05:30.860: New node: IP: 208.80.154.224. Number of nodes 85
EtherApe-INFO: 19:05:31.926: delete node: IP: 31.13.92.51. Number of nodes 84
EtherApe-INFO: 19:05:32.739: delete node: IP: 35.227.194.49. Number of nodes 83
EtherApe-INFO: 19:05:34.362: delete node: IP: 35.227.248.88. Number of nodes 82
EtherApe-INFO: 19:05:39.112: New node: IP: 35.219.111.231. Number of nodes 83
EtherApe-INFO: 19:05:49.811: delete node: IP: 104.16.249.249. Number of nodes 82
EtherApe-INFO: 19:05:50.825: delete node: IP: 52.41.78.96. Number of nodes 81
EtherApe-INFO: 19:05:55.224: delete node: IP: 34.239.33.156. Number of nodes 80
EtherApe-INFO: 19:05:56.804: delete node: IP: 142.250.180.227. Number of nodes 79
EtherApe-INFO: 19:05:58.390: delete node: IP: 142.251.39.10. Number of nodes 78
EtherApe-INFO: 19:06:13.352: delete node: IP: 149.154.175.100. Number of nodes 77
EtherApe-INFO: 19:06:13.352: delete node: IP: 91.108.56.188. Number of nodes 76
EtherApe-INFO: 19:06:20.806: delete node: IP: 216.239.38.117. Number of nodes 75
EtherApe-INFO: 19:06:20.806: delete node: IP: 142.251.39.69. Number of nodes 74
EtherApe-INFO: 19:06:20.806: delete node: IP: 142.251.39.36. Number of nodes 73
EtherApe-INFO: 19:06:20.806: delete node: IP: 104.18.13.33. Number of nodes 72
EtherApe-INFO: 19:06:20.806: delete node: IP: 64.233.163.102. Number of nodes 71
EtherApe-INFO: 19:06:41.072: delete node: IP: 31.13.81.52. Number of nodes 70
EtherApe-INFO: 19:06:47.133: delete node: IP: 50.116.36.110. Number of nodes 69
EtherApe-INFO: 19:07:05.311: delete node: IP: 192.0.73.2. Number of nodes 68
EtherApe-INFO: 19:07:11.667: delete node: IP: 5.9.66.36. Number of nodes 67
EtherApe-INFO: 19:07:18.881: delete node: IP: 216.239.32.116. Number of nodes 66
EtherApe-INFO: 19:07:21.341: delete node: IP: 140.82.113.22. Number of nodes 65
EtherApe-INFO: 19:07:23.118: delete node: IP: 185.199.111.133. Number of nodes 64
EtherApe-INFO: 19:07:25.013: delete node: IP: 3.230.8.201. Number of nodes 63
EtherApe-INFO: 19:07:26.897: delete node: IP: 149.154.167.50. Number of nodes 62
EtherApe-INFO: 19:07:30.672: delete node: IP: 31.13.81.174. Number of nodes 61
EtherApe-INFO: 19:07:30.845: New node: IP: 172.217.168.163. Number of nodes 62
EtherApe-INFO: 19:07:41.886: delete node: IP: 149.154.165.111. Number of nodes 61
EtherApe-INFO: 19:07:47.208: delete node: IP: 185.199.110.154. Number of nodes 60
EtherApe-INFO: 19:07:51.753: delete node: IP: 192.0.77.37. Number of nodes 59
EtherApe-INFO: 19:07:56.177: delete node: IP: 135.181.27.174. Number of nodes 58
EtherApe-INFO: 19:07:59.112: New node: IP: 142.250.180.202. Number of nodes 59
EtherApe-INFO: 19:07:59.406: delete node: IP: 140.82.114.26. Number of nodes 58
EtherApe-INFO: 19:08:08.521: delete node: IP: 95.216.144.15. Number of nodes 57
EtherApe-INFO: 19:08:30.845: New node: IP: 216.239.32.116. Number of nodes 58
EtherApe-INFO: 19:08:44.745: delete node: IP: 31.43.58.32. Number of nodes 57
EtherApe-INFO: 19:09:06.862: delete node: IP: 140.82.121.4. Number of nodes 56
EtherApe-INFO: 19:09:06.862: delete node: IP: 140.82.112.21. Number of nodes 55
EtherApe-INFO: 19:09:14.093: delete node: IP: 149.154.167.223. Number of nodes 54
EtherApe-INFO: 19:09:14.093: delete node: IP: 46.246.28.85. Number of nodes 53
EtherApe-INFO: 19:09:16.978: New node: IP: 149.154.167.223. Number of nodes 54
EtherApe-INFO: 19:09:19.125: delete node: IP: 217.65.3.21. Number of nodes 53
EtherApe-INFO: 19:09:19.125: delete node: IP: 35.219.111.231. Number of nodes 52
EtherApe-INFO: 19:09:31.168: delete node: IP: 172.217.168.163. Number of nodes 51
EtherApe-INFO: 19:09:32.804: delete node: IP: 208.80.154.224. Number of nodes 50
EtherApe-INFO: 19:09:55.119: delete node: IP: 94.130.238.215. Number of nodes 49
EtherApe-INFO: 19:09:58.049: delete node: IP: 91.198.174.192. Number of nodes 48
EtherApe-INFO: 19:10:00.220: delete node: IP: 91.198.174.208. Number of nodes 47
EtherApe-INFO: 19:10:10.884: delete node: IP: 95.216.25.250. Number of nodes 46
EtherApe-INFO: 19:10:17.244: New node: IP: 140.82.114.26. Number of nodes 47
EtherApe-INFO: 19:10:20.993: delete node: IP: 142.251.39.45. Number of nodes 46
EtherApe-INFO: 19:10:20.993: delete node: IP: 64.233.163.113. Number of nodes 45
EtherApe-INFO: 19:10:23.711: delete node: IP: 142.251.39.42. Number of nodes 44
EtherApe-INFO: 19:10:23.930: delete node: IP: 142.251.39.67. Number of nodes 43
EtherApe-INFO: 19:10:23.930: delete node: IP: 142.251.39.65. Number of nodes 42
EtherApe-INFO: 19:10:33.840: delete node: IP: 142.251.39.3. Number of nodes 41
EtherApe-INFO: 19:10:34.600: delete node: IP: 172.217.20.14. Number of nodes 40
EtherApe-INFO: 19:10:34.600: delete node: IP: 142.250.180.206. Number of nodes 39
EtherApe-INFO: 19:10:36.758: delete node: IP: 142.251.39.78. Number of nodes 38
EtherApe-INFO: 19:10:36.758: delete node: IP: 142.250.201.202. Number of nodes 37
EtherApe-INFO: 19:10:38.916: delete node: IP: 172.217.19.106. Number of nodes 36
EtherApe-INFO: 19:10:43.974: delete node: IP: 142.251.39.74. Number of nodes 35
EtherApe-INFO: 19:10:57.779: New node: IP: 142.251.39.14. Number of nodes 36
EtherApe-INFO: 19:10:57.816: delete node: IP: 172.217.19.110. Number of nodes 35
EtherApe-INFO: 19:11:01.782: New node: IP: 142.251.39.74. Number of nodes 36
EtherApe-INFO: 19:11:01.782: New node: IP: 142.250.180.206. Number of nodes 37
EtherApe-INFO: 19:11:02.051: New node: IP: 142.251.39.78. Number of nodes 38
EtherApe-INFO: 19:11:05.778: New node: IP: 209.85.233.189. Number of nodes 39
EtherApe-INFO: 19:11:06.087: delete node: IP: 172.217.19.118. Number of nodes 38
EtherApe-INFO: 19:11:30.620: delete node: IP: 172.217.19.99. Number of nodes 37
EtherApe-INFO: 19:11:31.163: delete node: IP: 216.239.34.117. Number of nodes 36
EtherApe-INFO: 19:11:35.692: delete node: IP: 172.217.20.3. Number of nodes 35
EtherApe-INFO: 19:11:42.082: delete node: IP: 52.84.195.122. Number of nodes 34
EtherApe-INFO: 19:11:47.719: delete node: IP: 142.250.180.238. Number of nodes 33
EtherApe-INFO: 19:12:03.475: delete node: IP: 142.250.180.202. Number of nodes 32
EtherApe-INFO: 19:12:58.853: delete node: IP: 173.194.222.189. Number of nodes 31
EtherApe-INFO: 19:12:58.853: delete node: IP: 142.250.180.234. Number of nodes 30
EtherApe-INFO: 19:12:58.853: delete node: IP: 104.18.12.33. Number of nodes 29
EtherApe-INFO: 19:13:03.660: delete node: IP: 142.250.201.195. Number of nodes 28
EtherApe-INFO: 19:13:03.660: delete node: IP: 142.250.180.206. Number of nodes 27
EtherApe-INFO: 19:13:06.117: delete node: IP: 142.251.39.78. Number of nodes 26
EtherApe-INFO: 19:13:06.117: delete node: IP: 142.251.39.74. Number of nodes 25
EtherApe-INFO: 19:13:11.475: delete node: IP: 142.251.39.14. Number of nodes 24
EtherApe-INFO: 19:13:21.618: delete node: IP: 149.154.167.223. Number of nodes 23
EtherApe-INFO: 19:13:33.565: delete node: IP: 142.251.39.46. Number of nodes 22
EtherApe-INFO: 19:13:38.382: delete node: IP: 188.114.97.7. Number of nodes 21
EtherApe-INFO: 19:13:38.917: delete node: IP: 104.18.31.66. Number of nodes 20
EtherApe-INFO: 19:13:48.741: delete node: IP: 104.18.22.9. Number of nodes 19
EtherApe-INFO: 19:14:31.406: delete node: IP: 216.239.32.116. Number of nodes 18
EtherApe-INFO: 19:14:31.911: New node: IP: 74.125.131.189. Number of nodes 19
EtherApe-INFO: 19:14:32.180: New node: IP: 35.186.234.31. Number of nodes 20
EtherApe-INFO: 19:14:32.983: New node: IP: 142.251.39.74. Number of nodes 21
EtherApe-INFO: 19:14:33.778: New node: IP: 172.217.19.106. Number of nodes 22
EtherApe-INFO: 19:14:36.711: New node: IP: 142.250.201.195. Number of nodes 23
EtherApe-INFO: 19:14:38.848: New node: IP: 172.217.19.101. Number of nodes 24
EtherApe-INFO: 19:15:02.578: New node: IP: 149.154.167.223. Number of nodes 25
EtherApe-INFO: 19:15:38.311: New node: IP: 104.18.12.33. Number of nodes 26
EtherApe-INFO: 19:15:39.649: New node: IP: 142.250.180.206. Number of nodes 27
EtherApe-INFO: 19:16:22.844: New node: IP: 142.251.39.42. Number of nodes 28
EtherApe-INFO: 19:16:27.378: New node: IP: 142.251.39.46. Number of nodes 29
EtherApe-INFO: 19:16:37.001: delete node: IP: 142.251.39.37. Number of nodes 28
EtherApe-INFO: 19:16:37.002: delete node: IP: 142.250.201.195. Number of nodes 27
EtherApe-INFO: 19:16:37.778: New node: IP: 142.250.201.195. Number of nodes 28
EtherApe-INFO: 19:16:44.267: delete node: IP: 185.199.108.153. Number of nodes 27
EtherApe-INFO: 19:16:45.867: delete node: IP: 142.251.39.74. Number of nodes 26
EtherApe-INFO: 19:16:54.377: delete node: IP: 151.101.2.217. Number of nodes 25
EtherApe-INFO: 19:16:54.591: delete node: IP: 151.101.194.217. Number of nodes 24
EtherApe-INFO: 19:17:06.059: delete node: IP: 209.85.233.189. Number of nodes 23
EtherApe-INFO: 19:17:16.743: delete node: IP: 185.199.108.154. Number of nodes 22
EtherApe-INFO: 19:17:17.064: delete node: IP: 185.199.109.133. Number of nodes 21
EtherApe-INFO: 19:17:17.065: delete node: IP: 151.101.2.2. Number of nodes 20
EtherApe-INFO: 19:17:17.244: New node: IP: 77.52.228.33. Number of nodes 21
EtherApe-INFO: 19:17:17.245: New node: IP: 31.13.92.174. Number of nodes 22
EtherApe-INFO: 19:17:20.183: New node: IP: 54.148.15.15. Number of nodes 23
EtherApe-INFO: 19:17:31.111: New node: IP: 142.250.180.238. Number of nodes 24
EtherApe-INFO: 19:17:49.244: New node: IP: 31.13.92.51. Number of nodes 25
EtherApe-INFO: 19:17:49.781: New node: IP: 31.43.58.32. Number of nodes 26
EtherApe-INFO: 19:17:49.793: New node: IP: 31.13.81.36. Number of nodes 27
EtherApe-INFO: 19:17:50.053: New node: IP: 31.13.81.13. Number of nodes 28
EtherApe-INFO: 19:18:17.803: delete node: IP: 142.250.201.206. Number of nodes 27
EtherApe-INFO: 19:18:38.112: delete node: IP: 142.250.201.195. Number of nodes 26
EtherApe-INFO: 19:18:38.578: New node: IP: 142.250.201.195. Number of nodes 27
EtherApe-INFO: 19:18:51.115: New node: IP: 151.101.12.193. Number of nodes 28
EtherApe-INFO: 19:18:55.644: New node: IP: 192.168.2.255. Number of nodes 29
EtherApe-INFO: 19:19:05.514: New node: IP: 142.251.39.65. Number of nodes 30
EtherApe-INFO: 19:19:05.789: New node: IP: 142.250.180.227. Number of nodes 31
EtherApe-INFO: 19:19:06.581: New node: IP: 142.251.39.14. Number of nodes 32
EtherApe-INFO: 19:19:06.582: New node: IP: 142.250.201.206. Number of nodes 33
EtherApe-INFO: 19:19:06.863: New node: IP: 172.217.19.110. Number of nodes 34
EtherApe-INFO: 19:19:09.248: New node: IP: 142.251.39.45. Number of nodes 35
EtherApe-INFO: 19:19:09.782: New node: IP: 173.194.222.113. Number of nodes 36
EtherApe-INFO: 19:19:09.786: New node: IP: 142.251.39.74. Number of nodes 37
EtherApe-INFO: 19:19:17.825: delete node: IP: 35.186.234.31. Number of nodes 36
EtherApe-INFO: 19:19:19.911: New node: IP: 35.188.42.15. Number of nodes 37
EtherApe-INFO: 19:19:26.619: delete node: IP: 149.154.167.223. Number of nodes 36
EtherApe-INFO: 19:20:00.208: delete node: IP: 31.13.92.174. Number of nodes 35
EtherApe-INFO: 19:20:11.676: New node: IP: 172.217.19.99. Number of nodes 36
EtherApe-INFO: 19:20:11.941: New node: IP: 149.154.167.223. Number of nodes 37
EtherApe-INFO: 19:20:13.544: New node: IP: 31.13.92.174. Number of nodes 38
EtherApe-INFO: 19:20:13.545: New node: IP: 31.13.81.52. Number of nodes 39
EtherApe-INFO: 19:20:53.374: delete node: IP: 151.101.12.193. Number of nodes 38
EtherApe-INFO: 19:20:56.516: delete node: IP: 192.168.2.255. Number of nodes 37
EtherApe-INFO: 19:20:56.516: delete node: IP: 31.13.81.36. Number of nodes 36
EtherApe-INFO: 19:20:56.517: delete node: IP: 31.13.81.13. Number of nodes 35
EtherApe-INFO: 19:21:09.607: delete node: IP: 142.251.39.45. Number of nodes 34
EtherApe-INFO: 19:21:10.913: delete node: IP: 142.250.180.227. Number of nodes 33
EtherApe-INFO: 19:21:17.400: delete node: IP: 77.52.228.33. Number of nodes 32
EtherApe-INFO: 19:21:22.901: New node: IP: 95.216.195.133. Number of nodes 33
EtherApe-INFO: 19:21:53.136: delete node: IP: 31.43.58.32. Number of nodes 32
EtherApe-INFO: 19:21:58.185: delete node: IP: 142.251.39.65. Number of nodes 31
EtherApe-INFO: 19:21:58.185: delete node: IP: 142.251.39.14. Number of nodes 30
EtherApe-INFO: 19:21:59.797: delete node: IP: 173.194.222.113. Number of nodes 29
EtherApe-INFO: 19:22:05.299: New node: IP: 142.251.39.14. Number of nodes 30
EtherApe-INFO: 19:22:13.836: delete node: IP: 172.217.19.110. Number of nodes 29
EtherApe-INFO: 19:22:13.836: delete node: IP: 31.13.92.174. Number of nodes 28
EtherApe-INFO: 19:22:14.368: delete node: IP: 31.13.81.52. Number of nodes 27
EtherApe-INFO: 19:22:24.576: delete node: IP: 142.250.180.238. Number of nodes 26
EtherApe-INFO: 19:22:27.194: New node: IP: 31.13.81.174. Number of nodes 27
EtherApe-INFO: 19:22:28.331: delete node: IP: 149.154.167.223. Number of nodes 26
EtherApe-INFO: 19:22:28.331: delete node: IP: 54.148.15.15. Number of nodes 25
EtherApe-INFO: 19:22:29.324: New node: IP: 31.13.81.52. Number of nodes 26
EtherApe-INFO: 19:22:40.348: delete node: IP: 142.250.201.195. Number of nodes 25
EtherApe-INFO: 19:22:40.791: New node: IP: 142.250.201.195. Number of nodes 26
EtherApe-INFO: 19:23:02.982: delete node: IP: 142.251.39.46. Number of nodes 25
EtherApe-INFO: 19:23:20.879: delete node: IP: 172.217.19.99. Number of nodes 24
EtherApe-INFO: 19:23:22.658: New node: IP: 149.154.167.223. Number of nodes 25
EtherApe-INFO: 19:23:23.236: delete node: IP: 95.216.195.133. Number of nodes 24
EtherApe-INFO: 19:24:29.622: delete node: IP: 35.188.42.15. Number of nodes 23
EtherApe-INFO: 19:25:04.049: delete node: IP: 31.13.81.174. Number of nodes 22
EtherApe-INFO: 19:25:12.934: delete node: IP: 31.13.81.52. Number of nodes 21
EtherApe-INFO: 19:25:30.711: New node: IP: 172.217.31.131. Number of nodes 22
EtherApe-INFO: 19:25:42.521: delete node: IP: 142.250.180.206. Number of nodes 21
EtherApe-INFO: 19:26:17.914: New node: IP: 95.216.195.133. Number of nodes 22
EtherApe-INFO: 19:26:21.377: New node: IP: 172.217.20.14. Number of nodes 23
EtherApe-INFO: 19:26:43.847: delete node: IP: 142.250.201.195. Number of nodes 22
EtherApe-INFO: 19:26:47.781: New node: IP: 142.250.180.195. Number of nodes 23
EtherApe-INFO: 19:27:31.782: delete node: IP: 172.217.31.131. Number of nodes 22
EtherApe-INFO: 19:27:48.311: New node: IP: 35.201.68.45. Number of nodes 23
EtherApe-INFO: 19:27:49.657: delete node: IP: 142.251.39.42. Number of nodes 22
EtherApe-INFO: 19:28:11.522: delete node: IP: 142.251.39.14. Number of nodes 21
EtherApe-INFO: 19:28:18.493: delete node: IP: 95.216.195.133. Number of nodes 20
EtherApe-INFO: 19:28:21.111: New node: IP: 140.82.114.25. Number of nodes 21
EtherApe-INFO: 19:28:48.407: delete node: IP: 142.250.180.195. Number of nodes 20
EtherApe-INFO: 19:28:48.578: New node: IP: 142.250.180.195. Number of nodes 21
EtherApe-INFO: 19:29:48.367: New node: IP: 142.250.180.229. Number of nodes 22
EtherApe-INFO: 19:30:21.751: delete node: IP: 140.82.114.26. Number of nodes 21
EtherApe-INFO: 19:30:26.501: New node: IP: 31.13.81.174. Number of nodes 22
EtherApe-INFO: 19:30:30.765: New node: IP: 172.217.167.67. Number of nodes 23
EtherApe-INFO: 19:30:37.436: New node: IP: 31.13.81.52. Number of nodes 24
EtherApe-INFO: 19:30:38.501: New node: IP: 31.43.58.32. Number of nodes 25
EtherApe-INFO: 19:30:38.507: New node: IP: 52.41.78.96. Number of nodes 26
EtherApe-INFO: 19:30:42.000: delete node: IP: 172.217.19.101. Number of nodes 25
EtherApe-INFO: 19:30:47.305: New node: IP: 142.251.39.78. Number of nodes 26
EtherApe-INFO: 19:30:48.922: delete node: IP: 142.250.180.195. Number of nodes 25
EtherApe-INFO: 19:30:54.764: New node: IP: 142.250.180.195. Number of nodes 26
EtherApe-INFO: 19:31:17.966: New node: IP: 95.216.195.133. Number of nodes 27
EtherApe-INFO: 19:31:48.371: delete node: IP: 35.201.68.45. Number of nodes 26
EtherApe-INFO: 19:31:50.769: New node: IP: 142.250.180.202. Number of nodes 27
EtherApe-INFO: 19:31:56.899: New node: IP: 142.250.201.202. Number of nodes 28
EtherApe-INFO: 19:32:26.050: delete node: IP: 142.251.39.74. Number of nodes 27
EtherApe-INFO: 19:32:32.706: delete node: IP: 172.217.167.67. Number of nodes 26
EtherApe-INFO: 19:32:46.076: delete node: IP: 31.43.58.32. Number of nodes 25
EtherApe-INFO: 19:32:55.115: delete node: IP: 142.250.180.195. Number of nodes 24
EtherApe-INFO: 19:32:55.884: New node: IP: 142.250.201.195. Number of nodes 25
EtherApe-INFO: 19:33:13.778: New node: IP: 140.82.121.3. Number of nodes 26
EtherApe-INFO: 19:33:18.369: delete node: IP: 95.216.195.133. Number of nodes 25
EtherApe-INFO: 19:33:22.844: New node: IP: 142.250.180.234. Number of nodes 26
EtherApe-INFO: 19:33:31.111: New node: IP: 91.236.251.5. Number of nodes 27
EtherApe-INFO: 19:34:27.173: delete node: IP: 142.250.180.202. Number of nodes 26
EtherApe-INFO: 19:34:33.602: delete node: IP: 31.13.92.51. Number of nodes 25
EtherApe-INFO: 19:34:33.602: delete node: IP: 31.13.81.174. Number of nodes 24
EtherApe-INFO: 19:34:41.847: delete node: IP: 52.41.78.96. Number of nodes 23
EtherApe-INFO: 19:34:46.352: delete node: IP: 142.251.39.78. Number of nodes 22
EtherApe-INFO: 19:34:48.978: New node: IP: 142.251.39.69. Number of nodes 23
EtherApe-INFO: 19:34:48.978: New node: IP: 142.251.39.35. Number of nodes 24
EtherApe-INFO: 19:34:56.246: delete node: IP: 142.250.201.195. Number of nodes 23
EtherApe-INFO: 19:34:56.711: New node: IP: 142.250.201.195. Number of nodes 24
EtherApe-INFO: 19:35:14.095: delete node: IP: 140.82.114.25. Number of nodes 23
EtherApe-INFO: 19:35:15.912: New node: IP: 172.217.19.99. Number of nodes 24
EtherApe-INFO: 19:35:23.134: delete node: IP: 142.250.180.234. Number of nodes 23
EtherApe-INFO: 19:35:33.028: delete node: IP: 91.236.251.5. Number of nodes 22
EtherApe-INFO: 19:36:00.727: delete node: IP: 142.250.180.229. Number of nodes 21
EtherApe-INFO: 19:36:20.715: New node: IP: 95.216.195.133. Number of nodes 22
EtherApe-INFO: 19:36:51.142: delete node: IP: 142.251.39.35. Number of nodes 21
EtherApe-INFO: 19:36:56.718: delete node: IP: 142.250.201.195. Number of nodes 20
EtherApe-INFO: 19:36:57.778: New node: IP: 142.250.201.195. Number of nodes 21
EtherApe-INFO: 19:37:15.382: delete node: IP: 140.82.121.3. Number of nodes 20
EtherApe-INFO: 19:37:16.454: delete node: IP: 172.217.19.99. Number of nodes 19
EtherApe-INFO: 19:38:20.445: New node: IP: 142.251.39.10. Number of nodes 20
EtherApe-INFO: 19:38:21.859: delete node: IP: 95.216.195.133. Number of nodes 19
EtherApe-INFO: 19:38:58.133: delete node: IP: 142.250.201.195. Number of nodes 18
EtherApe-INFO: 19:38:59.111: New node: IP: 142.250.180.195. Number of nodes 19
EtherApe-INFO: 19:39:19.170: delete node: IP: 142.250.201.202. Number of nodes 18
EtherApe-INFO: 19:39:37.867: delete node: IP: 149.154.167.223. Number of nodes 17
EtherApe-INFO: 19:39:49.777: New node: IP: 142.250.180.229. Number of nodes 18
EtherApe-INFO: 19:39:56.214: delete node: IP: 104.18.12.33. Number of nodes 17
EtherApe-INFO: 19:40:49.861: delete node: IP: 142.251.39.69. Number of nodes 16
EtherApe-INFO: 19:41:02.605: New node: IP: 142.250.180.202. Number of nodes 17
EtherApe-INFO: 19:41:07.404: New node: IP: 149.154.167.223. Number of nodes 18
EtherApe-INFO: 19:41:18.337: New node: IP: 95.216.195.133. Number of nodes 19
EtherApe-INFO: 19:41:23.938: New node: IP: 35.241.43.25. Number of nodes 20
EtherApe-INFO: 19:42:25.805: New node: IP: 142.250.201.202. Number of nodes 21
EtherApe-INFO: 19:43:00.831: delete node: IP: 142.250.180.195. Number of nodes 20
EtherApe-INFO: 19:43:01.007: New node: IP: 142.250.180.195. Number of nodes 21
EtherApe-INFO: 19:43:04.771: delete node: IP: 142.250.180.202. Number of nodes 20
EtherApe-INFO: 19:43:19.743: delete node: IP: 95.216.195.133. Number of nodes 19
EtherApe-INFO: 19:43:24.231: delete node: IP: 142.251.39.10. Number of nodes 18
EtherApe-INFO: 19:44:50.608: New node: IP: 142.251.39.69. Number of nodes 19
EtherApe-INFO: 19:45:01.299: delete node: IP: 142.250.180.195. Number of nodes 18
EtherApe-INFO: 19:45:01.804: New node: IP: 142.250.180.195. Number of nodes 19
EtherApe-INFO: 19:45:53.591: delete node: IP: 142.250.180.229. Number of nodes 18
EtherApe-INFO: 19:46:17.857: New node: IP: 95.216.195.133. Number of nodes 19
EtherApe-INFO: 19:46:50.927: delete node: IP: 35.241.43.25. Number of nodes 18
EtherApe-INFO: 19:47:01.900: delete node: IP: 142.250.180.195. Number of nodes 17
EtherApe-INFO: 19:47:02.657: New node: IP: 142.250.180.195. Number of nodes 18
EtherApe-INFO: 19:48:19.751: delete node: IP: 95.216.195.133. Number of nodes 17
EtherApe-INFO: 19:49:03.001: delete node: IP: 142.250.180.195. Number of nodes 16
EtherApe-INFO: 19:49:03.754: New node: IP: 142.250.180.195. Number of nodes 17
EtherApe-INFO: 19:49:52.554: New node: IP: 142.251.39.37. Number of nodes 18
EtherApe-INFO: 19:50:52.093: delete node: IP: 142.251.39.69. Number of nodes 17
EtherApe-INFO: 19:51:04.333: delete node: IP: 142.250.180.195. Number of nodes 16
EtherApe-INFO: 19:51:04.817: New node: IP: 142.250.180.195. Number of nodes 17
EtherApe-INFO: 19:51:17.884: New node: IP: 95.216.195.133. Number of nodes 18
EtherApe-INFO: 19:51:23.484: New node: IP: 142.251.39.14. Number of nodes 19
EtherApe-INFO: 19:52:09.907: delete node: IP: 149.154.167.223. Number of nodes 18
EtherApe-INFO: 19:53:04.886: delete node: IP: 142.250.180.195. Number of nodes 17
EtherApe-INFO: 19:53:05.618: New node: IP: 142.250.180.195. Number of nodes 18
EtherApe-INFO: 19:53:14.757: delete node: IP: 172.217.20.14. Number of nodes 17
EtherApe-INFO: 19:53:19.540: delete node: IP: 95.216.195.133. Number of nodes 16
EtherApe-INFO: 19:53:30.418: New node: IP: 149.154.167.223. Number of nodes 17
EtherApe-INFO: 19:53:40.550: New node: IP: 142.251.39.35. Number of nodes 18
EtherApe-INFO: 19:53:46.684: New node: IP: 35.227.209.242. Number of nodes 19
EtherApe-INFO: 19:54:54.151: New node: IP: 142.251.39.69. Number of nodes 20
EtherApe-INFO: 19:55:06.237: delete node: IP: 142.250.180.195. Number of nodes 19
EtherApe-INFO: 19:55:06.684: New node: IP: 142.250.180.195. Number of nodes 20
EtherApe-INFO: 19:55:56.866: delete node: IP: 142.251.39.37. Number of nodes 19
EtherApe-INFO: 19:56:06.956: New node: IP: 172.217.20.3. Number of nodes 20
EtherApe-INFO: 19:56:07.221: New node: IP: 172.217.19.99. Number of nodes 21
EtherApe-INFO: 19:56:17.886: New node: IP: 95.216.195.133. Number of nodes 22
EtherApe-INFO: 19:56:27.752: New node: IP: 142.251.39.46. Number of nodes 23
EtherApe-INFO: 19:56:46.435: delete node: IP: 142.251.39.35. Number of nodes 22
EtherApe-INFO: 19:56:52.018: New node: IP: 142.251.39.74. Number of nodes 23
EtherApe-INFO: 19:57:07.780: delete node: IP: 142.250.180.195. Number of nodes 22
EtherApe-INFO: 19:57:08.017: New node: IP: 142.250.201.195. Number of nodes 23
EtherApe-INFO: 19:57:29.162: delete node: IP: 149.154.167.223. Number of nodes 22
EtherApe-INFO: 19:57:50.791: delete node: IP: 142.250.201.202. Number of nodes 21
EtherApe-INFO: 19:58:07.613: delete node: IP: 172.217.19.99. Number of nodes 20
EtherApe-INFO: 19:58:08.310: New node: IP: 149.154.167.50. Number of nodes 21
EtherApe-INFO: 19:58:18.470: delete node: IP: 142.251.39.14. Number of nodes 20
EtherApe-INFO: 19:58:18.470: delete node: IP: 95.216.195.133. Number of nodes 19
EtherApe-INFO: 19:58:26.778: delete node: IP: 172.217.20.10. Number of nodes 18
EtherApe-INFO: 19:59:22.710: New node: IP: 142.250.180.234. Number of nodes 19
EtherApe-INFO: 19:59:32.315: New node: IP: 149.154.167.223. Number of nodes 20
EtherApe-INFO: 19:59:55.804: New node: IP: 142.250.180.229. Number of nodes 21
EtherApe-INFO: 20:00:02.737: New node: IP: 149.154.165.111. Number of nodes 22
EtherApe-INFO: 20:00:16.347: delete node: IP: 149.154.167.50. Number of nodes 21
EtherApe-INFO: 20:00:38.737: New node: IP: 142.251.39.42. Number of nodes 22
EtherApe-INFO: 20:01:18.204: New node: IP: 95.216.195.133. Number of nodes 23
EtherApe-INFO: 20:01:21.945: New node: IP: 172.217.20.14. Number of nodes 24
EtherApe-INFO: 20:01:23.608: delete node: IP: 142.250.180.234. Number of nodes 23
EtherApe-INFO: 20:01:57.404: New node: IP: 142.250.180.234. Number of nodes 24
EtherApe-INFO: 20:02:07.366: delete node: IP: 172.217.20.3. Number of nodes 23
EtherApe-INFO: 20:02:07.366: delete node: IP: 142.251.39.69. Number of nodes 22
EtherApe-INFO: 20:02:21.715: delete node: IP: 149.154.165.111. Number of nodes 21
EtherApe-INFO: 20:02:29.404: New node: IP: 142.250.180.238. Number of nodes 22
EtherApe-INFO: 20:02:33.672: New node: IP: 142.250.201.202. Number of nodes 23
EtherApe-INFO: 20:02:42.532: delete node: IP: 142.251.39.42. Number of nodes 22
EtherApe-INFO: 20:02:47.325: delete node: IP: 149.154.167.223. Number of nodes 21
EtherApe-INFO: 20:02:57.137: New node: IP: 104.18.12.33. Number of nodes 22
EtherApe-INFO: 20:02:57.228: delete node: IP: 142.251.39.74. Number of nodes 21
EtherApe-INFO: 20:02:57.405: New node: IP: 104.18.13.33. Number of nodes 22
EtherApe-INFO: 20:03:05.674: New node: IP: 142.251.39.45. Number of nodes 23
EtherApe-INFO: 20:03:05.940: New node: IP: 142.251.39.13. Number of nodes 24
EtherApe-INFO: 20:03:09.137: New node: IP: 149.154.167.223. Number of nodes 25
EtherApe-INFO: 20:03:10.050: delete node: IP: 142.250.201.195. Number of nodes 24
EtherApe-INFO: 20:03:10.745: New node: IP: 142.250.180.195. Number of nodes 25
EtherApe-INFO: 20:03:12.087: delete node: IP: 142.251.39.46. Number of nodes 24
EtherApe-INFO: 20:03:18.483: delete node: IP: 95.216.195.133. Number of nodes 23
EtherApe-INFO: 20:03:41.942: New node: IP: 142.250.180.202. Number of nodes 24
EtherApe-INFO: 20:04:07.298: delete node: IP: 35.227.209.242. Number of nodes 23
EtherApe-INFO: 20:04:30.847: delete node: IP: 142.250.180.238. Number of nodes 22
EtherApe-INFO: 20:04:56.871: New node: IP: 142.251.39.37. Number of nodes 23
EtherApe-INFO: 20:05:06.290: delete node: IP: 142.251.39.13. Number of nodes 22
EtherApe-INFO: 20:05:11.113: delete node: IP: 142.250.180.195. Number of nodes 21
EtherApe-INFO: 20:05:11.804: New node: IP: 142.250.180.195. Number of nodes 22
EtherApe-INFO: 20:05:15.806: New node: IP: 149.154.165.111. Number of nodes 23
EtherApe-INFO: 20:05:23.633: delete node: IP: 142.250.201.202. Number of nodes 22
EtherApe-INFO: 20:05:56.109: delete node: IP: 142.250.180.229. Number of nodes 21
EtherApe-INFO: 20:06:04.677: delete node: IP: 142.251.39.45. Number of nodes 20
EtherApe-INFO: 20:06:17.938: New node: IP: 95.216.195.133. Number of nodes 21
EtherApe-INFO: 20:06:39.813: New node: IP: 149.154.166.120. Number of nodes 22
EtherApe-INFO: 20:07:03.546: New node: IP: 142.250.201.202. Number of nodes 23
EtherApe-INFO: 20:07:05.937: New node: IP: 142.251.39.13. Number of nodes 24
EtherApe-INFO: 20:07:10.477: New node: IP: 142.251.39.75. Number of nodes 25
EtherApe-INFO: 20:07:10.478: New node: IP: 142.250.27.188. Number of nodes 26
EtherApe-INFO: 20:07:10.741: New node: IP: 142.250.180.227. Number of nodes 27
EtherApe-INFO: 20:07:11.014: New node: IP: 142.251.39.46. Number of nodes 28
EtherApe-INFO: 20:07:11.275: New node: IP: 142.251.39.65. Number of nodes 29
EtherApe-INFO: 20:07:12.375: delete node: IP: 142.250.180.195. Number of nodes 28
EtherApe-INFO: 20:07:12.607: New node: IP: 142.250.180.195. Number of nodes 29
EtherApe-INFO: 20:07:15.271: New node: IP: 142.250.180.206. Number of nodes 30
EtherApe-INFO: 20:07:15.805: New node: IP: 142.251.39.14. Number of nodes 31
EtherApe-INFO: 20:07:39.270: New node: IP: 91.236.251.5. Number of nodes 32
EtherApe-INFO: 20:08:18.234: delete node: IP: 149.154.165.111. Number of nodes 31
EtherApe-INFO: 20:08:18.234: delete node: IP: 95.216.195.133. Number of nodes 30
EtherApe-INFO: 20:08:31.706: Nodes: 30 (shown 19)
