(etherape:47939): GLib-GIO-DEBUG: 00:58:02.858: _g_io_module_get_default: Found default implementation local (GLocalVfs) for ‘gio-vfs’
EtherApe-INFO: 00:58:02.980: sctp protocol not supported
EtherApe-INFO: 00:58:02.980: dccp protocol not supported
EtherApe-INFO: 00:58:02.980: sctp protocol not supported
EtherApe-INFO: 00:58:02.980: sctp protocol not supported
EtherApe-INFO: 00:58:02.980: sctp protocol not supported
EtherApe-INFO: 00:58:02.980: sctp protocol not supported
EtherApe-INFO: 00:58:02.980: sctp protocol not supported
EtherApe-INFO: 00:58:02.980: sctp protocol not supported
EtherApe-INFO: 00:58:02.981: sctp protocol not supported
EtherApe-INFO: 00:58:02.981: dccp protocol not supported
EtherApe-INFO: 00:58:02.981: sctp protocol not supported
EtherApe-INFO: 00:58:02.981: dccp protocol not supported
EtherApe-INFO: 00:58:02.981: dccp protocol not supported
EtherApe-INFO: 00:58:02.981: sctp protocol not supported
EtherApe-INFO: 00:58:02.981: sctp protocol not supported
EtherApe-INFO: 00:58:02.981: sctp protocol not supported
EtherApe-INFO: 00:58:02.981: sctp protocol not supported
EtherApe-INFO: 00:58:02.982: sctp protocol not supported
EtherApe-INFO: 00:58:02.982: sctp protocol not supported
EtherApe-INFO: 00:58:02.982: sctp protocol not supported
EtherApe-INFO: 00:58:02.982: sctp protocol not supported
EtherApe-INFO: 00:58:02.982: sctp protocol not supported
EtherApe-INFO: 00:58:02.982: sctp protocol not supported
EtherApe-INFO: 00:58:02.983: sctp protocol not supported
EtherApe-INFO: 00:58:02.983: sctp protocol not supported
EtherApe-INFO: 00:58:02.983: sctp protocol not supported
EtherApe-INFO: 00:58:02.983: sctp protocol not supported
EtherApe-INFO: 00:58:02.983: sctp protocol not supported
EtherApe-INFO: 00:58:02.983: dccp protocol not supported
EtherApe-INFO: 00:58:02.983: sctp protocol not supported
EtherApe-INFO: 00:58:02.983: sctp protocol not supported
EtherApe-INFO: 00:58:02.984: dccp protocol not supported
EtherApe-INFO: 00:58:02.984: sctp protocol not supported
EtherApe-INFO: 00:58:02.984: sctp protocol not supported
EtherApe-INFO: 00:58:02.984: sctp protocol not supported
EtherApe-INFO: 00:58:02.984: dccp protocol not supported
EtherApe-INFO: 00:58:02.984: dccp protocol not supported
EtherApe-INFO: 00:58:02.984: sctp protocol not supported
EtherApe-INFO: 00:58:02.984: sctp protocol not supported
EtherApe-INFO: 00:58:02.984: sctp protocol not supported
EtherApe-INFO: 00:58:02.984: sctp protocol not supported
EtherApe-INFO: 00:58:02.984: sctp protocol not supported
EtherApe-INFO: 00:58:02.984: sctp protocol not supported
EtherApe-INFO: 00:58:02.984: sctp protocol not supported
EtherApe-INFO: 00:58:02.984: sctp protocol not supported
EtherApe-INFO: 00:58:02.984: sctp protocol not supported
EtherApe-INFO: 00:58:02.984: sctp protocol not supported
EtherApe-INFO: 00:58:02.984: sctp protocol not supported
EtherApe-INFO: 00:58:02.984: sctp protocol not supported
EtherApe-INFO: 00:58:02.984: sctp protocol not supported
EtherApe-INFO: 00:58:02.984: dccp protocol not supported
EtherApe-INFO: 00:58:02.984: sctp protocol not supported
EtherApe-INFO: 00:58:02.984: sctp protocol not supported
EtherApe-INFO: 00:58:02.984: sctp protocol not supported
EtherApe-INFO: 00:58:02.984: sctp protocol not supported
EtherApe-INFO: 00:58:02.984: sctp protocol not supported
EtherApe-INFO: 00:58:02.984: sctp protocol not supported
EtherApe-INFO: 00:58:02.985: sctp protocol not supported
EtherApe-INFO: 00:58:02.985: sctp protocol not supported
EtherApe-INFO: 00:58:02.985: sctp protocol not supported
EtherApe-INFO: 00:58:02.985: sctp protocol not supported
EtherApe-INFO: 00:58:02.985: sctp protocol not supported
EtherApe-INFO: 00:58:02.985: sctp protocol not supported
EtherApe-INFO: 00:58:02.985: sctp protocol not supported
EtherApe-INFO: 00:58:02.985: sctp protocol not supported
EtherApe-INFO: 00:58:02.985: sctp protocol not supported
EtherApe-INFO: 00:58:02.985: sctp protocol not supported
EtherApe-INFO: 00:58:02.985: sctp protocol not supported
EtherApe-INFO: 00:58:02.985: sctp protocol not supported
EtherApe-INFO: 00:58:02.985: sctp protocol not supported
EtherApe-INFO: 00:58:02.985: sctp protocol not supported
EtherApe-INFO: 00:58:02.985: sctp protocol not supported
EtherApe-INFO: 00:58:02.985: sctp protocol not supported
EtherApe-INFO: 00:58:02.985: sctp protocol not supported
EtherApe-INFO: 00:58:02.985: sctp protocol not supported
EtherApe-INFO: 00:58:02.985: sctp protocol not supported
EtherApe-INFO: 00:58:02.985: sctp protocol not supported
EtherApe-INFO: 00:58:02.985: sctp protocol not supported
EtherApe-INFO: 00:58:02.985: sctp protocol not supported
EtherApe-INFO: 00:58:02.985: sctp protocol not supported
EtherApe-INFO: 00:58:02.985: sctp protocol not supported
EtherApe-INFO: 00:58:02.985: sctp protocol not supported
EtherApe-INFO: 00:58:02.985: sctp protocol not supported
EtherApe-INFO: 00:58:02.985: sctp protocol not supported
EtherApe-INFO: 00:58:02.985: sctp protocol not supported
EtherApe-INFO: 00:58:02.985: sctp protocol not supported
EtherApe-INFO: 00:58:02.985: sctp protocol not supported
EtherApe-INFO: 00:58:02.992: get_interface result: ''
EtherApe-INFO: 00:58:02.993: Available interfaces for capture: dbus-session dbus-system nfqueue nflog bluetooth-monitor lo any enp1s0f4u1u2
EtherApe-INFO: 00:58:03.029: Link type is LINUX_SLL
EtherApe-INFO: 00:58:03.030: Diagram started
EtherApe-INFO: 00:58:03.789: New node: IP: 172.217.19.106. Number of nodes 1
EtherApe-INFO: 00:58:03.789: New node: IP: 192.168.0.101. Number of nodes 2
EtherApe-INFO: 00:58:05.655: New node: IP: 8.8.8.8. Number of nodes 3
EtherApe-INFO: 00:58:06.190: New node: IP: 142.250.180.238. Number of nodes 4
EtherApe-INFO: 00:58:06.456: New node: IP: 142.251.39.4. Number of nodes 5
EtherApe-INFO: 00:58:06.456: New node: IP: 72.4.120.219. Number of nodes 6
EtherApe-INFO: 00:58:12.589: New node: IP: 149.154.167.50. Number of nodes 7
EtherApe-INFO: 00:58:33.402: delete node: IP: 8.8.8.8. Number of nodes 6
EtherApe-INFO: 00:58:33.403: delete node: IP: 72.4.120.219. Number of nodes 5
EtherApe-INFO: 00:58:33.403: delete node: IP: 142.250.180.238. Number of nodes 4
EtherApe-INFO: 00:58:33.403: delete node: IP: 142.251.39.4. Number of nodes 3
EtherApe-INFO: 00:58:33.403: delete node: IP: 149.154.167.50. Number of nodes 2
EtherApe-INFO: 00:58:33.403: delete node: IP: 172.217.19.106. Number of nodes 1
EtherApe-INFO: 00:58:33.403: delete node: IP: 192.168.0.101. Number of nodes 0
