(etherape:9689): GLib-GIO-DEBUG: 03:27:33.362: _g_io_module_get_default: Found default implementation local (GLocalVfs) for ‘gio-vfs’
EtherApe-INFO: 03:27:33.539: sctp protocol not supported
EtherApe-INFO: 03:27:33.539: dccp protocol not supported
EtherApe-INFO: 03:27:33.539: sctp protocol not supported
EtherApe-INFO: 03:27:33.539: sctp protocol not supported
EtherApe-INFO: 03:27:33.539: sctp protocol not supported
EtherApe-INFO: 03:27:33.539: sctp protocol not supported
EtherApe-INFO: 03:27:33.539: sctp protocol not supported
EtherApe-INFO: 03:27:33.540: sctp protocol not supported
EtherApe-INFO: 03:27:33.540: sctp protocol not supported
EtherApe-INFO: 03:27:33.540: dccp protocol not supported
EtherApe-INFO: 03:27:33.540: sctp protocol not supported
EtherApe-INFO: 03:27:33.540: dccp protocol not supported
EtherApe-INFO: 03:27:33.541: dccp protocol not supported
EtherApe-INFO: 03:27:33.541: sctp protocol not supported
EtherApe-INFO: 03:27:33.541: sctp protocol not supported
EtherApe-INFO: 03:27:33.542: sctp protocol not supported
EtherApe-INFO: 03:27:33.542: sctp protocol not supported
EtherApe-INFO: 03:27:33.542: sctp protocol not supported
EtherApe-INFO: 03:27:33.543: sctp protocol not supported
EtherApe-INFO: 03:27:33.543: sctp protocol not supported
EtherApe-INFO: 03:27:33.543: sctp protocol not supported
EtherApe-INFO: 03:27:33.543: sctp protocol not supported
EtherApe-INFO: 03:27:33.544: sctp protocol not supported
EtherApe-INFO: 03:27:33.544: sctp protocol not supported
EtherApe-INFO: 03:27:33.545: sctp protocol not supported
EtherApe-INFO: 03:27:33.545: sctp protocol not supported
EtherApe-INFO: 03:27:33.545: sctp protocol not supported
EtherApe-INFO: 03:27:33.545: sctp protocol not supported
EtherApe-INFO: 03:27:33.545: dccp protocol not supported
EtherApe-INFO: 03:27:33.545: sctp protocol not supported
EtherApe-INFO: 03:27:33.546: sctp protocol not supported
EtherApe-INFO: 03:27:33.546: dccp protocol not supported
EtherApe-INFO: 03:27:33.546: sctp protocol not supported
EtherApe-INFO: 03:27:33.546: sctp protocol not supported
EtherApe-INFO: 03:27:33.546: sctp protocol not supported
EtherApe-INFO: 03:27:33.546: dccp protocol not supported
EtherApe-INFO: 03:27:33.546: dccp protocol not supported
EtherApe-INFO: 03:27:33.546: sctp protocol not supported
EtherApe-INFO: 03:27:33.546: sctp protocol not supported
EtherApe-INFO: 03:27:33.546: sctp protocol not supported
EtherApe-INFO: 03:27:33.546: sctp protocol not supported
EtherApe-INFO: 03:27:33.546: sctp protocol not supported
EtherApe-INFO: 03:27:33.546: sctp protocol not supported
EtherApe-INFO: 03:27:33.547: sctp protocol not supported
EtherApe-INFO: 03:27:33.547: sctp protocol not supported
EtherApe-INFO: 03:27:33.547: sctp protocol not supported
EtherApe-INFO: 03:27:33.547: sctp protocol not supported
EtherApe-INFO: 03:27:33.547: sctp protocol not supported
EtherApe-INFO: 03:27:33.547: sctp protocol not supported
EtherApe-INFO: 03:27:33.547: sctp protocol not supported
EtherApe-INFO: 03:27:33.547: dccp protocol not supported
EtherApe-INFO: 03:27:33.547: sctp protocol not supported
EtherApe-INFO: 03:27:33.547: sctp protocol not supported
EtherApe-INFO: 03:27:33.547: sctp protocol not supported
EtherApe-INFO: 03:27:33.547: sctp protocol not supported
EtherApe-INFO: 03:27:33.547: sctp protocol not supported
EtherApe-INFO: 03:27:33.547: sctp protocol not supported
EtherApe-INFO: 03:27:33.547: sctp protocol not supported
EtherApe-INFO: 03:27:33.548: sctp protocol not supported
EtherApe-INFO: 03:27:33.548: sctp protocol not supported
EtherApe-INFO: 03:27:33.548: sctp protocol not supported
EtherApe-INFO: 03:27:33.548: sctp protocol not supported
EtherApe-INFO: 03:27:33.548: sctp protocol not supported
EtherApe-INFO: 03:27:33.548: sctp protocol not supported
EtherApe-INFO: 03:27:33.548: sctp protocol not supported
EtherApe-INFO: 03:27:33.548: sctp protocol not supported
EtherApe-INFO: 03:27:33.548: sctp protocol not supported
EtherApe-INFO: 03:27:33.548: sctp protocol not supported
EtherApe-INFO: 03:27:33.548: sctp protocol not supported
EtherApe-INFO: 03:27:33.549: sctp protocol not supported
EtherApe-INFO: 03:27:33.549: sctp protocol not supported
EtherApe-INFO: 03:27:33.549: sctp protocol not supported
EtherApe-INFO: 03:27:33.549: sctp protocol not supported
EtherApe-INFO: 03:27:33.549: sctp protocol not supported
EtherApe-INFO: 03:27:33.549: sctp protocol not supported
EtherApe-INFO: 03:27:33.549: sctp protocol not supported
EtherApe-INFO: 03:27:33.549: sctp protocol not supported
EtherApe-INFO: 03:27:33.549: sctp protocol not supported
EtherApe-INFO: 03:27:33.549: sctp protocol not supported
EtherApe-INFO: 03:27:33.549: sctp protocol not supported
EtherApe-INFO: 03:27:33.549: sctp protocol not supported
EtherApe-INFO: 03:27:33.549: sctp protocol not supported
EtherApe-INFO: 03:27:33.549: sctp protocol not supported
EtherApe-INFO: 03:27:33.549: sctp protocol not supported
EtherApe-INFO: 03:27:33.549: sctp protocol not supported
EtherApe-INFO: 03:27:33.549: sctp protocol not supported
EtherApe-INFO: 03:27:33.549: sctp protocol not supported
EtherApe-INFO: 03:27:33.666: get_interface result: ''
EtherApe-INFO: 03:27:33.667: Available interfaces for capture: dbus-session dbus-system nfqueue nflog bluetooth-monitor lo any enp1s0f4u1u2
EtherApe-INFO: 03:27:33.689: Link type is LINUX_SLL
EtherApe-INFO: 03:27:33.690: Diagram started
EtherApe-INFO: 03:27:36.875: New node: IP: 0.0.0.0. Number of nodes 1
EtherApe-INFO: 03:27:36.875: New node: IP: 255.255.255.255. Number of nodes 2
EtherApe-INFO: 03:28:11.276: New node: IP: 192.168.1.1. Number of nodes 3
EtherApe-INFO: 03:28:11.276: New node: IP: 192.168.1.255. Number of nodes 4
EtherApe-INFO: 03:28:39.542: New node: IPv6: fe80::86d8:1bff:fe8a:3173. Number of nodes 5
EtherApe-INFO: 03:28:39.542: New node: IPv6: ff02::1. Number of nodes 6
EtherApe-INFO: 03:28:50.475: New node: IP: 192.168.1.116. Number of nodes 7
EtherApe-INFO: 03:28:50.476: New node: IP: 8.8.8.8. Number of nodes 8
EtherApe-INFO: 03:28:50.477: New node: IP: 149.154.167.51. Number of nodes 9
EtherApe-INFO: 03:28:50.477: New node: IP: 149.154.167.50. Number of nodes 10
EtherApe-INFO: 03:28:50.479: New node: IP: 95.216.195.133. Number of nodes 11
EtherApe-INFO: 03:28:50.745: New node: IP: 216.58.209.3. Number of nodes 12
EtherApe-INFO: 03:28:51.011: New node: IP: 5.28.195.220. Number of nodes 13
EtherApe-INFO: 03:28:51.543: New node: IP: 149.154.167.222. Number of nodes 14
EtherApe-INFO: 03:28:52.609: New node: IP: 239.255.255.250. Number of nodes 15
EtherApe-INFO: 03:28:52.611: New node: IP: 64.233.165.188. Number of nodes 16
EtherApe-INFO: 03:28:55.542: New node: IP: 224.0.0.251. Number of nodes 17
EtherApe-INFO: 03:28:55.543: New node: IP: 224.0.0.22. Number of nodes 18
EtherApe-INFO: 03:28:56.076: New node: IP: 140.82.114.26. Number of nodes 19
EtherApe-INFO: 03:28:59.010: New node: IP: 216.58.209.13. Number of nodes 20
EtherApe-INFO: 03:29:00.343: New node: IP: 142.250.186.206. Number of nodes 21
EtherApe-INFO: 03:29:00.610: New node: IP: 172.217.16.4. Number of nodes 22
EtherApe-INFO: 03:29:00.612: New node: IP: 216.58.215.74. Number of nodes 23
EtherApe-INFO: 03:29:02.477: New node: IP: 172.217.20.202. Number of nodes 24
EtherApe-INFO: 03:29:06.744: New node: IP: 52.73.243.8. Number of nodes 25
EtherApe-INFO: 03:29:07.544: New node: IP: 1.1.1.1. Number of nodes 26
EtherApe-INFO: 06:30:17.435: New node: IP: 79.142.192.4. Number of nodes 27
EtherApe-INFO: 06:30:17.776: delete node: IPv6: ff02::1. Number of nodes 26
EtherApe-INFO: 06:30:17.776: delete node: IPv6: fe80::86d8:1bff:fe8a:3173. Number of nodes 25
EtherApe-INFO: 06:30:17.776: delete node: IP: 255.255.255.255. Number of nodes 24
EtherApe-INFO: 06:30:17.776: delete node: IP: 239.255.255.250. Number of nodes 23
EtherApe-INFO: 06:30:17.776: delete node: IP: 224.0.0.251. Number of nodes 22
EtherApe-INFO: 06:30:17.776: delete node: IP: 224.0.0.22. Number of nodes 21
EtherApe-INFO: 06:30:17.777: delete node: IP: 216.58.215.74. Number of nodes 20
EtherApe-INFO: 06:30:17.777: delete node: IP: 216.58.209.13. Number of nodes 19
EtherApe-INFO: 06:30:17.777: delete node: IP: 216.58.209.3. Number of nodes 18
EtherApe-INFO: 06:30:17.777: delete node: IP: 192.168.1.255. Number of nodes 17
EtherApe-INFO: 06:30:17.777: delete node: IP: 192.168.1.1. Number of nodes 16
EtherApe-INFO: 06:30:17.777: delete node: IP: 172.217.20.202. Number of nodes 15
EtherApe-INFO: 06:30:17.777: delete node: IP: 172.217.16.4. Number of nodes 14
EtherApe-INFO: 06:30:17.777: delete node: IP: 149.154.167.222. Number of nodes 13
EtherApe-INFO: 06:30:17.777: delete node: IP: 149.154.167.51. Number of nodes 12
EtherApe-INFO: 06:30:17.777: delete node: IP: 149.154.167.50. Number of nodes 11
EtherApe-INFO: 06:30:17.777: delete node: IP: 142.250.186.206. Number of nodes 10
EtherApe-INFO: 06:30:17.777: delete node: IP: 140.82.114.26. Number of nodes 9
EtherApe-INFO: 06:30:17.777: delete node: IP: 95.216.195.133. Number of nodes 8
EtherApe-INFO: 06:30:17.777: delete node: IP: 79.142.192.4. Number of nodes 7
EtherApe-INFO: 06:30:17.777: delete node: IP: 64.233.165.188. Number of nodes 6
EtherApe-INFO: 06:30:17.777: delete node: IP: 52.73.243.8. Number of nodes 5
EtherApe-INFO: 06:30:17.777: delete node: IP: 5.28.195.220. Number of nodes 4
EtherApe-INFO: 06:30:17.777: delete node: IP: 1.1.1.1. Number of nodes 3
EtherApe-INFO: 06:30:17.777: delete node: IP: 0.0.0.0. Number of nodes 2
EtherApe-INFO: 06:30:18.768: New node: IP: 52.73.243.8. Number of nodes 3
EtherApe-INFO: 06:30:18.769: New node: IP: 172.217.16.4. Number of nodes 4
EtherApe-INFO: 06:30:18.769: New node: IP: 52.84.198.3. Number of nodes 5
EtherApe-INFO: 06:30:18.775: New node: IP: 5.9.66.36. Number of nodes 6
EtherApe-INFO: 06:30:21.168: New node: IPv6: fe80::86d8:1bff:fe8a:3173. Number of nodes 7
EtherApe-INFO: 06:30:21.168: New node: IPv6: ff02::1. Number of nodes 8
EtherApe-INFO: 06:30:22.238: New node: IP: 216.58.209.13. Number of nodes 9
EtherApe-INFO: 06:30:22.238: New node: IP: 172.217.20.202. Number of nodes 10
EtherApe-INFO: 06:30:23.305: New node: IP: 142.250.203.142. Number of nodes 11
EtherApe-INFO: 06:30:27.568: New node: IP: 216.58.215.74. Number of nodes 12
EtherApe-INFO: 06:30:28.372: New node: IP: 142.250.186.206. Number of nodes 13
EtherApe-INFO: 06:30:32.101: New node: IP: 104.18.13.33. Number of nodes 14
EtherApe-INFO: 06:30:32.369: New node: IP: 35.244.0.250. Number of nodes 15
EtherApe-INFO: 06:30:41.434: New node: IP: 216.58.215.67. Number of nodes 16
EtherApe-INFO: 06:30:45.701: New node: IP: 149.154.167.51. Number of nodes 17
EtherApe-INFO: 06:30:46.235: New node: IP: 216.239.34.117. Number of nodes 18
EtherApe-INFO: 06:30:48.101: New node: IP: 64.233.165.188. Number of nodes 19
EtherApe-INFO: 06:30:49.701: New node: IP: 79.142.192.4. Number of nodes 20
EtherApe-INFO: 06:30:51.301: New node: IP: 212.82.100.137. Number of nodes 21
EtherApe-INFO: 06:30:51.569: New node: IP: 140.82.114.26. Number of nodes 22
EtherApe-INFO: 06:30:57.702: New node: IP: 142.250.203.138. Number of nodes 23
EtherApe-INFO: 06:30:57.978: New node: IP: 216.58.208.195. Number of nodes 24
EtherApe-INFO: 06:30:58.507: New node: IP: 172.217.16.46. Number of nodes 25
EtherApe-INFO: 06:31:00.108: New node: IP: 142.250.75.3. Number of nodes 26
EtherApe-INFO: 06:31:00.377: New node: IP: 172.217.16.33. Number of nodes 27
EtherApe-INFO: 06:31:00.634: New node: IP: 216.58.215.78. Number of nodes 28
EtherApe-INFO: 06:31:01.168: New node: IP: 172.217.20.174. Number of nodes 29
EtherApe-INFO: 06:31:01.171: New node: IP: 172.217.20.163. Number of nodes 30
EtherApe-INFO: 06:31:01.975: New node: IP: 140.82.121.4. Number of nodes 31
EtherApe-INFO: 06:31:02.773: New node: IP: 216.58.209.10. Number of nodes 32
EtherApe-INFO: 06:31:02.779: New node: IP: 216.58.208.206. Number of nodes 33
EtherApe-INFO: 06:31:03.305: New node: IP: 216.58.215.106. Number of nodes 34
EtherApe-INFO: 06:31:03.311: New node: IP: 142.250.203.133. Number of nodes 35
EtherApe-INFO: 06:31:03.852: New node: IP: 185.199.108.154. Number of nodes 36
EtherApe-INFO: 06:31:04.102: New node: IP: 185.199.110.133. Number of nodes 37
EtherApe-INFO: 06:31:04.114: New node: IP: 142.250.186.202. Number of nodes 38
EtherApe-INFO: 06:31:04.373: New node: IP: 142.250.203.206. Number of nodes 39
EtherApe-INFO: 06:31:04.670: New node: IP: 216.58.208.202. Number of nodes 40
EtherApe-INFO: 06:31:05.441: New node: IP: 140.82.112.22. Number of nodes 41
EtherApe-INFO: 06:31:09.333: New node: IP: 192.168.1.126. Number of nodes 42
EtherApe-INFO: 06:31:10.911: New node: IP: 192.0.73.2. Number of nodes 43
EtherApe-INFO: 06:31:11.701: New node: IP: 172.66.42.236. Number of nodes 44
EtherApe-INFO: 06:31:12.504: New node: IP: 52.222.230.4. Number of nodes 45
EtherApe-INFO: 06:31:12.775: New node: IP: 50.116.36.110. Number of nodes 46
EtherApe-INFO: 06:31:13.040: New node: IP: 104.16.71.125. Number of nodes 47
EtherApe-INFO: 06:31:13.834: New node: IP: 193.109.8.154. Number of nodes 48
EtherApe-INFO: 06:31:14.637: New node: IP: 151.101.0.176. Number of nodes 49
EtherApe-INFO: 06:31:14.639: New node: IP: 216.58.215.110. Number of nodes 50
EtherApe-INFO: 06:31:15.173: New node: IP: 104.18.22.9. Number of nodes 51
EtherApe-INFO: 06:31:17.335: New node: IP: 104.81.114.188. Number of nodes 52
EtherApe-INFO: 06:31:18.383: New node: IP: 64.233.165.189. Number of nodes 53
EtherApe-INFO: 06:31:18.645: New node: IP: 52.25.233.186. Number of nodes 54
EtherApe-INFO: 06:31:18.646: New node: IP: 52.84.198.117. Number of nodes 55
EtherApe-INFO: 06:31:19.184: New node: IP: 204.79.197.200. Number of nodes 56
EtherApe-INFO: 06:31:20.241: New node: IP: 23.185.0.1. Number of nodes 57
EtherApe-INFO: 06:31:26.375: New node: IP: 162.159.153.4. Number of nodes 58
EtherApe-INFO: 06:31:26.378: New node: IP: 172.66.43.115. Number of nodes 59
EtherApe-INFO: 06:31:26.379: New node: IP: 151.101.1.52. Number of nodes 60
EtherApe-INFO: 06:31:26.635: New node: IP: 54.230.230.69. Number of nodes 61
EtherApe-INFO: 06:31:27.169: New node: IP: 151.139.128.11. Number of nodes 62
EtherApe-INFO: 06:31:27.173: New node: IP: 51.254.149.198. Number of nodes 63
EtherApe-INFO: 06:31:27.703: New node: IP: 35.155.130.111. Number of nodes 64
EtherApe-INFO: 06:31:27.704: New node: IP: 172.67.152.125. Number of nodes 65
EtherApe-INFO: 06:31:27.970: New node: IP: 172.104.252.78. Number of nodes 66
EtherApe-INFO: 06:31:28.236: New node: IP: 169.237.212.78. Number of nodes 67
EtherApe-INFO: 06:31:29.039: New node: IP: 78.154.186.225. Number of nodes 68
EtherApe-INFO: 06:31:29.040: New node: IP: 162.159.152.4. Number of nodes 69
EtherApe-INFO: 06:31:29.570: New node: IP: 185.199.108.153. Number of nodes 70
EtherApe-INFO: 06:31:29.574: New node: IP: 188.114.96.21. Number of nodes 71
EtherApe-INFO: 06:31:29.574: New node: IP: 173.255.206.39. Number of nodes 72
EtherApe-INFO: 06:31:29.597: New node: IP: 45.60.40.99. Number of nodes 73
EtherApe-INFO: 06:31:29.859: New node: IP: 91.226.83.176. Number of nodes 74
EtherApe-INFO: 06:31:30.371: New node: IP: 151.101.1.16. Number of nodes 75
EtherApe-INFO: 06:31:30.646: New node: IP: 151.101.114.208. Number of nodes 76
EtherApe-INFO: 06:31:30.977: New node: IP: 172.217.16.14. Number of nodes 77
EtherApe-INFO: 06:31:32.239: New node: IP: 162.252.170.134. Number of nodes 78
EtherApe-INFO: 06:31:33.052: New node: IP: 207.150.218.207. Number of nodes 79
EtherApe-INFO: 06:31:33.055: New node: IP: 209.51.188.116. Number of nodes 80
EtherApe-INFO: 06:31:33.058: New node: IP: 199.232.136.157. Number of nodes 81
EtherApe-INFO: 06:31:33.409: New node: IP: 104.16.182.15. Number of nodes 82
EtherApe-INFO: 06:31:33.610: New node: IP: 1.1.1.1. Number of nodes 83
EtherApe-INFO: 06:31:33.611: New node: IP: 45.79.6.151. Number of nodes 84
EtherApe-INFO: 06:31:34.153: New node: IP: 199.232.192.124. Number of nodes 85
EtherApe-INFO: 06:31:34.640: New node: IP: 224.0.0.251. Number of nodes 86
EtherApe-INFO: 06:31:35.713: New node: IP: 54.192.228.98. Number of nodes 87
EtherApe-INFO: 06:31:35.714: New node: IP: 104.18.11.128. Number of nodes 88
EtherApe-INFO: 06:31:37.568: New node: IP: 93.184.220.70. Number of nodes 89
EtherApe-INFO: 06:31:37.571: New node: IP: 199.232.194.217. Number of nodes 90
EtherApe-INFO: 06:31:38.387: New node: IP: 142.250.203.202. Number of nodes 91
EtherApe-INFO: 06:31:38.640: New node: IP: 35.201.100.179. Number of nodes 92
EtherApe-INFO: 06:31:39.451: New node: IP: 172.66.40.164. Number of nodes 93
EtherApe-INFO: 06:31:39.767: New node: IP: 172.217.16.10. Number of nodes 94
EtherApe-INFO: 06:31:40.239: New node: IP: 23.21.33.196. Number of nodes 95
EtherApe-INFO: 06:31:41.837: New node: IP: 151.101.0.233. Number of nodes 96
EtherApe-INFO: 06:31:43.195: New node: IP: 3.233.149.203. Number of nodes 97
EtherApe-INFO: 06:31:43.974: New node: IP: 54.157.127.182. Number of nodes 98
EtherApe-INFO: 06:31:45.035: New node: IP: 52.210.48.135. Number of nodes 99
EtherApe-INFO: 06:31:45.038: New node: IP: 52.49.185.237. Number of nodes 100
EtherApe-INFO: 06:31:45.327: New node: IP: 52.18.102.3. Number of nodes 101
EtherApe-INFO: 06:31:46.104: New node: IP: 35.190.80.1. Number of nodes 102
EtherApe-INFO: 06:31:46.415: New node: IP: 34.252.2.5. Number of nodes 103
EtherApe-INFO: 06:31:47.709: New node: IP: 52.46.158.51. Number of nodes 104
EtherApe-INFO: 06:32:02.101: New node: IP: 239.255.255.250. Number of nodes 105
EtherApe-INFO: 06:32:02.635: New node: IP: 142.250.75.14. Number of nodes 106
